[32mINFO    [0m pytest_operator.plugin:plugin.py:862 Model status:

Model  Controller           Cloud/Region         Version  SLA          Timestamp
test   localhost-localhost  localhost/localhost  3.5.3    unsupported  03:58:18Z

App                       Version  Status   Scale  Charm                     Channel        Rev  Exposed  Message
opensearch                         blocked      1  opensearch                                 0  no       1 or more 'replica' shards are not assigned, please scale your application up.
self-signed-certificates           active       1  self-signed-certificates  latest/stable  155  no       

Unit                         Workload  Agent      Machine  Public address  Ports     Message
opensearch/0*                active    executing  1        10.108.5.105    9200/tcp  (get-password) 
self-signed-certificates/0*  active    idle       0        10.108.5.19               

Machine  State    Address       Inst id        Base          AZ  Message
0        started  10.108.5.19   juju-05576b-0  ubuntu@22.04      Running
1        started  10.108.5.105  juju-05576b-1  ubuntu@22.04      Running

[32mINFO    [0m pytest_operator.plugin:plugin.py:868 Juju error logs:

machine-0: 03:25:58 ERROR juju.worker.dependency "kvm-container-provisioner" manifold worker returned unexpected error: container types not yet available
machine-0: 03:25:58 ERROR juju.worker.dependency "lxd-container-provisioner" manifold worker returned unexpected error: container types not yet available
unit-self-signed-certificates-0: 03:25:58 ERROR juju.worker.meterstatus error running "meter-status-changed": charm missing from disk
machine-1: 03:26:05 ERROR juju.worker.dependency "kvm-container-provisioner" manifold worker returned unexpected error: container types not yet available
machine-1: 03:26:05 ERROR juju.worker.dependency "lxd-container-provisioner" manifold worker returned unexpected error: container types not yet available
unit-opensearch-0: 03:26:05 ERROR juju.worker.meterstatus error running "meter-status-changed": charm missing from disk
unit-opensearch-0: 03:27:06 ERROR unit.opensearch/0.juju-log certificates:3: err:  / out: keytool error: java.lang.Exception: Keystore file does not exist: /var/snap/opensearch/current/etc/opensearch/certificates/ca.p12

unit-opensearch-0: 03:27:11 ERROR unit.opensearch/0.juju-log certificates:3: Cannot connect to the OpenSearch server...
unit-opensearch-0: 03:27:12 ERROR unit.opensearch/0.juju-log certificates:3: Cannot connect to the OpenSearch server...
unit-opensearch-0: 03:27:12 ERROR unit.opensearch/0.juju-log certificates:3: Cannot connect to the OpenSearch server...
unit-opensearch-0: 03:27:15 ERROR unit.opensearch/0.juju-log certificates:3: Cannot connect to the OpenSearch server...
unit-opensearch-0: 03:27:18 ERROR unit.opensearch/0.juju-log certificates:3: Cannot connect to the OpenSearch server...
unit-opensearch-0: 03:27:21 ERROR unit.opensearch/0.juju-log certificates:3: Cannot connect to the OpenSearch server...
machine-2: 03:30:08 ERROR juju.worker.dependency "kvm-container-provisioner" manifold worker returned unexpected error: container types not yet available
machine-2: 03:30:08 ERROR juju.worker.dependency "lxd-container-provisioner" manifold worker returned unexpected error: container types not yet available
unit-opensearch-1: 03:30:08 ERROR juju.worker.meterstatus error running "meter-status-changed": charm missing from disk
unit-opensearch-1: 03:31:07 ERROR unit.opensearch/1.juju-log certificates:3: err:  / out: keytool error: java.lang.Exception: Keystore file does not exist: /var/snap/opensearch/current/etc/opensearch/certificates/ca.p12

unit-opensearch-1: 03:31:11 ERROR unit.opensearch/1.juju-log node-lock-fallback:0: Cannot connect to the OpenSearch server...
unit-opensearch-1: 03:34:14 ERROR unit.opensearch/1.juju-log node-lock-fallback:0: Cannot connect to the OpenSearch server...
unit-opensearch-1: 03:35:14 ERROR unit.opensearch/1.juju-log Cannot connect to the OpenSearch server...
unit-opensearch-1: 03:38:19 ERROR unit.opensearch/1.juju-log certificates:3: Error reading secret: 'NoneType' object has no attribute 'get'

[32mINFO    [0m pytest_operator.plugin:plugin.py:947 Forgetting model main...