[32mINFO    [0m integration.helpers_deployments:helpers_deployments.py:329 



[32mINFO    [0m integration.helpers_deployments:helpers_deployments.py:330 Model  Controller           Cloud/Region         Version  SLA          Timestamp
test   localhost-localhost  localhost/localhost  3.5.3    unsupported  04:09:55Z

App                       Version  Status  Scale  Charm                     Channel        Rev  Exposed  Message
opensearch                         active    4/5  opensearch                                 0  no       
self-signed-certificates           active      1  self-signed-certificates  latest/stable  155  no       

Unit                         Workload  Agent       Machine  Public address  Ports     Message
opensearch/0*                active    idle        1        10.38.4.195     9200/tcp  
opensearch/2                 active    idle        3        10.38.4.198     9200/tcp  
opensearch/3                 active    idle        4        10.38.4.139     9200/tcp  
opensearch/4                 active    idle        5        10.38.4.108     9200/tcp  
opensearch/5                 waiting   allocating  6                                  waiting for machine
self-signed-certificates/0*  active    idle        0        10.38.4.249               

Machine  State    Address      Inst id        Base          AZ  Message
0        started  10.38.4.249  juju-3394de-0  ubuntu@22.04      Running
1        started  10.38.4.195  juju-3394de-1  ubuntu@22.04      Running
3        started  10.38.4.198  juju-3394de-3  ubuntu@22.04      Running
4        started  10.38.4.139  juju-3394de-4  ubuntu@22.04      Running
5        started  10.38.4.108  juju-3394de-5  ubuntu@22.04      Running
6        pending               pending        ubuntu@22.04      

[32mINFO    [0m integration.helpers_deployments:helpers_deployments.py:337 


04:09:55 -- Waiting for model...
[32mINFO    [0m integration.helpers_deployments:helpers_deployments.py:251 opensearch -- expected units: 5 -- current: 4
[32mINFO    [0m integration.helpers_deployments:helpers_deployments.py:337 


04:10:06 -- Waiting for model...
[32mINFO    [0m integration.helpers_deployments:helpers_deployments.py:277 	App: opensearch - Units - conditions unmet.
[32mINFO    [0m integration.helpers_deployments:helpers_deployments.py:278 
	app: opensearch active -- message: None
		opensearch-0.5dc* -- (10.38.4.195) -- [idle (since: 04:09:41)] active: 
		opensearch-2.5dc  -- (10.38.4.198) -- [idle (since: 04:09:45)] active: 
		opensearch-3.5dc  -- (10.38.4.139) -- [idle (since: 04:09:50)] active: 
		opensearch-4.5dc  -- (10.38.4.108) -- [idle (since: 04:09:53)] active: 
		opensearch-5.5dc  -- (10.38.4.103) -- [allocating (since: 04:09:54)] waiting: waiting for machine

[32mINFO    [0m integration.helpers_deployments:helpers_deployments.py:337 


04:11:22 -- Waiting for model...
[32mINFO    [0m integration.helpers_deployments:helpers_deployments.py:277 	App: opensearch - Units - conditions unmet.
[32mINFO    [0m integration.helpers_deployments:helpers_deployments.py:278 
	app: opensearch active -- message: None
		opensearch-0.5dc* -- (10.38.4.195) -- [idle (since: 04:09:41)] active: 
		opensearch-2.5dc  -- (10.38.4.198) -- [idle (since: 04:09:45)] active: 
		opensearch-3.5dc  -- (10.38.4.139) -- [idle (since: 04:09:50)] active: 
		opensearch-4.5dc  -- (10.38.4.108) -- [idle (since: 04:09:53)] active: 
		opensearch-5.5dc  -- (10.38.4.103) -- [executing (since: 04:11:17)] maintenance: Installing OpenSearch...

[32mINFO    [0m integration.helpers_deployments:helpers_deployments.py:337 


04:11:36 -- Waiting for model...
[32mINFO    [0m integration.helpers_deployments:helpers_deployments.py:277 	App: opensearch - Units - conditions unmet.
[32mINFO    [0m integration.helpers_deployments:helpers_deployments.py:278 
	app: opensearch active -- message: None
		opensearch-0.5dc* -- (10.38.4.195) -- [idle (since: 04:09:41)] active: 
		opensearch-2.5dc  -- (10.38.4.198) -- [idle (since: 04:09:45)] active: 
		opensearch-3.5dc  -- (10.38.4.139) -- [idle (since: 04:09:50)] active: 
		opensearch-4.5dc  -- (10.38.4.108) -- [idle (since: 04:09:53)] active: 
		opensearch-5.5dc  -- (10.38.4.103) -- [executing (since: 04:11:17)] maintenance: Installing OpenSearch...

[32mINFO    [0m integration.helpers_deployments:helpers_deployments.py:337 


04:11:48 -- Waiting for model...
[32mINFO    [0m integration.helpers_deployments:helpers_deployments.py:277 	App: opensearch - Units - conditions unmet.
[32mINFO    [0m integration.helpers_deployments:helpers_deployments.py:278 
	app: opensearch active -- message: None
		opensearch-0.5dc* -- (10.38.4.195) -- [idle (since: 04:09:41)] active: 
		opensearch-2.5dc  -- (10.38.4.198) -- [idle (since: 04:09:45)] active: 
		opensearch-3.5dc  -- (10.38.4.139) -- [idle (since: 04:09:50)] active: 
		opensearch-4.5dc  -- (10.38.4.108) -- [idle (since: 04:09:53)] active: 
		opensearch-5.5dc  -- (10.38.4.103) -- [executing (since: 04:11:17)] maintenance: Installing OpenSearch...

[32mINFO    [0m integration.helpers_deployments:helpers_deployments.py:337 


04:12:01 -- Waiting for model...
[32mINFO    [0m integration.helpers_deployments:helpers_deployments.py:277 	App: opensearch - Units - conditions unmet.
[32mINFO    [0m integration.helpers_deployments:helpers_deployments.py:278 
	app: opensearch active -- message: None
		opensearch-0.5dc* -- (10.38.4.195) -- [executing (since: 04:12:00)] active: 
		opensearch-2.5dc  -- (10.38.4.198) -- [executing (since: 04:12:00)] active: 
		opensearch-3.5dc  -- (10.38.4.139) -- [executing (since: 04:11:59)] active: 
		opensearch-4.5dc  -- (10.38.4.108) -- [executing (since: 04:12:00)] active: 
		opensearch-5.5dc  -- (10.38.4.103) -- [executing (since: 04:12:00)] active: 

[32mINFO    [0m integration.helpers_deployments:helpers_deployments.py:337 


04:12:13 -- Waiting for model...
[32mINFO    [0m integration.helpers_deployments:helpers_deployments.py:277 	App: opensearch - Units - conditions unmet.
[32mINFO    [0m integration.helpers_deployments:helpers_deployments.py:278 
	app: opensearch active -- message: None
		opensearch-0.5dc* -- (10.38.4.195) -- [executing (since: 04:12:13)] active: 
		opensearch-2.5dc  -- (10.38.4.198) -- [idle (since: 04:12:11)] active: 
		opensearch-3.5dc  -- (10.38.4.139) -- [idle (since: 04:12:11)] active: 
		opensearch-4.5dc  -- (10.38.4.108) -- [idle (since: 04:12:11)] active: 
		opensearch-5.5dc  -- (10.38.4.103) -- [executing (since: 04:12:10)] waiting: Waiting for OpenSearch to start...

[32mINFO    [0m integration.helpers_deployments:helpers_deployments.py:337 


04:12:26 -- Waiting for model...
[32mINFO    [0m integration.helpers_deployments:helpers_deployments.py:277 	App: opensearch - Units - conditions unmet.
[32mINFO    [0m integration.helpers_deployments:helpers_deployments.py:278 
	app: opensearch active -- message: None
		opensearch-0.5dc* -- (10.38.4.195) -- [idle (since: 04:12:13)] active: 
		opensearch-2.5dc  -- (10.38.4.198) -- [idle (since: 04:12:11)] active: 
		opensearch-3.5dc  -- (10.38.4.139) -- [idle (since: 04:12:11)] active: 
		opensearch-4.5dc  -- (10.38.4.108) -- [idle (since: 04:12:11)] active: 
		opensearch-5.5dc  -- (10.38.4.103) -- [executing (since: 04:12:10)] waiting: Waiting for OpenSearch to start...

[32mINFO    [0m integration.helpers_deployments:helpers_deployments.py:337 


04:12:40 -- Waiting for model...
[32mINFO    [0m integration.helpers_deployments:helpers_deployments.py:277 	App: opensearch - Units - conditions unmet.
[32mINFO    [0m integration.helpers_deployments:helpers_deployments.py:278 
	app: opensearch active -- message: None
		opensearch-0.5dc* -- (10.38.4.195) -- [idle (since: 04:12:39)] active: 
		opensearch-2.5dc  -- (10.38.4.198) -- [idle (since: 04:12:38)] active: 
		opensearch-3.5dc  -- (10.38.4.139) -- [idle (since: 04:12:38)] active: 
		opensearch-4.5dc  -- (10.38.4.108) -- [idle (since: 04:12:38)] active: 
		opensearch-5.5dc  -- (10.38.4.103) -- [executing (since: 04:12:39)] active: 

[32mINFO    [0m integration.helpers_deployments:helpers_deployments.py:337 


04:12:52 -- Waiting for model...
[32mINFO    [0m integration.helpers_deployments:helpers_deployments.py:277 	App: opensearch - Units - conditions unmet.
[32mINFO    [0m integration.helpers_deployments:helpers_deployments.py:278 
	app: opensearch active -- message: None
		opensearch-0.5dc* -- (10.38.4.195) -- [idle (since: 04:12:39)] active: 
		opensearch-2.5dc  -- (10.38.4.198) -- [idle (since: 04:12:38)] active: 
		opensearch-3.5dc  -- (10.38.4.139) -- [idle (since: 04:12:38)] active: 
		opensearch-4.5dc  -- (10.38.4.108) -- [idle (since: 04:12:38)] active: 
		opensearch-5.5dc  -- (10.38.4.103) -- [executing (since: 04:12:52)] active: 

[32mINFO    [0m integration.helpers_deployments:helpers_deployments.py:337 


04:13:04 -- Waiting for model...
[32mINFO    [0m integration.helpers_deployments:helpers_deployments.py:277 	App: opensearch - Units - conditions unmet.
[32mINFO    [0m integration.helpers_deployments:helpers_deployments.py:278 
	app: opensearch active -- message: None
		opensearch-0.5dc* -- (10.38.4.195) -- [idle (since: 04:12:39)] active: 
		opensearch-2.5dc  -- (10.38.4.198) -- [idle (since: 04:12:38)] active: 
		opensearch-3.5dc  -- (10.38.4.139) -- [idle (since: 04:12:38)] active: 
		opensearch-4.5dc  -- (10.38.4.108) -- [idle (since: 04:12:38)] active: 
		opensearch-5.5dc  -- (10.38.4.103) -- [idle (since: 04:13:03)] active: 

[32mINFO    [0m integration.helpers_deployments:helpers_deployments.py:337 


04:13:17 -- Waiting for model...
[32mINFO    [0m integration.helpers_deployments:helpers_deployments.py:277 	App: opensearch - Units - conditions unmet.
[32mINFO    [0m integration.helpers_deployments:helpers_deployments.py:278 
	app: opensearch active -- message: None
		opensearch-0.5dc* -- (10.38.4.195) -- [idle (since: 04:12:39)] active: 
		opensearch-2.5dc  -- (10.38.4.198) -- [idle (since: 04:12:38)] active: 
		opensearch-3.5dc  -- (10.38.4.139) -- [idle (since: 04:12:38)] active: 
		opensearch-4.5dc  -- (10.38.4.108) -- [idle (since: 04:12:38)] active: 
		opensearch-5.5dc  -- (10.38.4.103) -- [idle (since: 04:13:03)] active: 

[32mINFO    [0m integration.helpers_deployments:helpers_deployments.py:337 


04:13:29 -- Waiting for model...
[32mINFO    [0m integration.helpers_deployments:helpers_deployments.py:277 	App: opensearch - Units - conditions unmet.
[32mINFO    [0m integration.helpers_deployments:helpers_deployments.py:278 
	app: opensearch active -- message: None
		opensearch-0.5dc* -- (10.38.4.195) -- [idle (since: 04:12:39)] active: 
		opensearch-2.5dc  -- (10.38.4.198) -- [idle (since: 04:12:38)] active: 
		opensearch-3.5dc  -- (10.38.4.139) -- [idle (since: 04:12:38)] active: 
		opensearch-4.5dc  -- (10.38.4.108) -- [idle (since: 04:12:38)] active: 
		opensearch-5.5dc  -- (10.38.4.103) -- [idle (since: 04:13:03)] active: 

[32mINFO    [0m integration.helpers_deployments:helpers_deployments.py:337 


04:13:43 -- Waiting for model...
[32mINFO    [0m integration.helpers_deployments:helpers_deployments.py:277 	App: opensearch - Units - conditions unmet.
[32mINFO    [0m integration.helpers_deployments:helpers_deployments.py:278 
	app: opensearch active -- message: None
		opensearch-0.5dc* -- (10.38.4.195) -- [idle (since: 04:12:39)] active: 
		opensearch-2.5dc  -- (10.38.4.198) -- [idle (since: 04:12:38)] active: 
		opensearch-3.5dc  -- (10.38.4.139) -- [idle (since: 04:12:38)] active: 
		opensearch-4.5dc  -- (10.38.4.108) -- [idle (since: 04:12:38)] active: 
		opensearch-5.5dc  -- (10.38.4.103) -- [idle (since: 04:13:03)] active: 

[32mINFO    [0m integration.helpers_deployments:helpers_deployments.py:337 


04:13:55 -- Waiting for model...
[32mINFO    [0m integration.helpers_deployments:helpers_deployments.py:277 	App: opensearch - Units - conditions unmet.
[32mINFO    [0m integration.helpers_deployments:helpers_deployments.py:278 
	app: opensearch active -- message: None
		opensearch-0.5dc* -- (10.38.4.195) -- [idle (since: 04:12:39)] active: 
		opensearch-2.5dc  -- (10.38.4.198) -- [idle (since: 04:12:38)] active: 
		opensearch-3.5dc  -- (10.38.4.139) -- [idle (since: 04:12:38)] active: 
		opensearch-4.5dc  -- (10.38.4.108) -- [idle (since: 04:12:38)] active: 
		opensearch-5.5dc  -- (10.38.4.103) -- [idle (since: 04:13:03)] active: 

[32mINFO    [0m integration.helpers_deployments:helpers_deployments.py:337 


04:14:07 -- Waiting for model...
[32mINFO    [0m integration.helpers_deployments:helpers_deployments.py:277 	App: opensearch - Units - conditions unmet.
[32mINFO    [0m integration.helpers_deployments:helpers_deployments.py:278 
	app: opensearch active -- message: None
		opensearch-0.5dc* -- (10.38.4.195) -- [idle (since: 04:12:39)] active: 
		opensearch-2.5dc  -- (10.38.4.198) -- [idle (since: 04:12:38)] active: 
		opensearch-3.5dc  -- (10.38.4.139) -- [idle (since: 04:12:38)] active: 
		opensearch-4.5dc  -- (10.38.4.108) -- [idle (since: 04:12:38)] active: 
		opensearch-5.5dc  -- (10.38.4.103) -- [idle (since: 04:13:03)] active: 

[32mINFO    [0m integration.helpers_deployments:helpers_deployments.py:337 


04:14:20 -- Waiting for model...
[32mINFO    [0m integration.helpers_deployments:helpers_deployments.py:348 04:14:22 -- Waiting for model: complete.



[32mINFO    [0m integration.helpers_deployments:helpers_deployments.py:329 



[32mINFO    [0m integration.helpers_deployments:helpers_deployments.py:330 Model  Controller           Cloud/Region         Version  SLA          Timestamp
test   localhost-localhost  localhost/localhost  3.5.3    unsupported  04:14:22Z

App                       Version  Status  Scale  Charm                     Channel        Rev  Exposed  Message
opensearch                         active    4/5  opensearch                                 0  no       
self-signed-certificates           active      1  self-signed-certificates  latest/stable  155  no       

Unit                         Workload  Agent      Machine  Public address  Ports     Message
opensearch/0*                active    failed     1        10.38.4.195     9200/tcp  
opensearch/2                 active    executing  3        10.38.4.198     9200/tcp  
opensearch/3                 active    executing  4        10.38.4.139     9200/tcp  
opensearch/4                 active    executing  5        10.38.4.108     9200/tcp  
opensearch/5                 active    executing  6        10.38.4.103     9200/tcp  
self-signed-certificates/0*  active    executing  0        10.38.4.249               

Machine  State    Address      Inst id        Base          AZ  Message
0        started  10.38.4.249  juju-3394de-0  ubuntu@22.04      Running
1        started  10.38.4.195  juju-3394de-1  ubuntu@22.04      Running
3        started  10.38.4.198  juju-3394de-3  ubuntu@22.04      Running
4        started  10.38.4.139  juju-3394de-4  ubuntu@22.04      Running
5        started  10.38.4.108  juju-3394de-5  ubuntu@22.04      Running
6        started  10.38.4.103  juju-3394de-6  ubuntu@22.04      Running

[32mINFO    [0m integration.helpers_deployments:helpers_deployments.py:337 


04:14:22 -- Waiting for model...
[32mINFO    [0m integration.helpers_deployments:helpers_deployments.py:251 opensearch -- expected units: 4 -- current: 5
[32mINFO    [0m integration.helpers_deployments:helpers_deployments.py:337 


04:14:34 -- Waiting for model...
[32mINFO    [0m integration.helpers_deployments:helpers_deployments.py:251 opensearch -- expected units: 4 -- current: 5
[32mINFO    [0m integration.helpers_deployments:helpers_deployments.py:337 


04:14:48 -- Waiting for model...
[32mINFO    [0m integration.helpers_deployments:helpers_deployments.py:251 opensearch -- expected units: 4 -- current: 5
[32mINFO    [0m integration.helpers_deployments:helpers_deployments.py:337 


04:15:00 -- Waiting for model...
[32mINFO    [0m integration.helpers_deployments:helpers_deployments.py:277 	App: opensearch - Units - conditions unmet.
[32mINFO    [0m integration.helpers_deployments:helpers_deployments.py:278 
	app: opensearch active -- message: None
		opensearch-2.5dc  -- (10.38.4.198) -- [idle (since: 04:14:40)] active: 
		opensearch-3.5dc  -- (10.38.4.139) -- [idle (since: 04:14:41)] active: 
		opensearch-4.5dc* -- (10.38.4.108) -- [idle (since: 04:14:55)] active: 
		opensearch-5.5dc  -- (10.38.4.103) -- [idle (since: 04:14:40)] active: 

[32mINFO    [0m integration.helpers_deployments:helpers_deployments.py:337 


04:15:12 -- Waiting for model...
[32mINFO    [0m integration.helpers_deployments:helpers_deployments.py:277 	App: opensearch - Units - conditions unmet.
[32mINFO    [0m integration.helpers_deployments:helpers_deployments.py:278 
	app: opensearch active -- message: None
		opensearch-2.5dc  -- (10.38.4.198) -- [idle (since: 04:14:40)] active: 
		opensearch-3.5dc  -- (10.38.4.139) -- [idle (since: 04:14:41)] active: 
		opensearch-4.5dc* -- (10.38.4.108) -- [idle (since: 04:14:55)] active: 
		opensearch-5.5dc  -- (10.38.4.103) -- [idle (since: 04:14:40)] active: 

[32mINFO    [0m integration.helpers_deployments:helpers_deployments.py:337 


04:15:24 -- Waiting for model...
[32mINFO    [0m integration.helpers_deployments:helpers_deployments.py:277 	App: opensearch - Units - conditions unmet.
[32mINFO    [0m integration.helpers_deployments:helpers_deployments.py:278 
	app: opensearch active -- message: None
		opensearch-2.5dc  -- (10.38.4.198) -- [idle (since: 04:14:40)] active: 
		opensearch-3.5dc  -- (10.38.4.139) -- [idle (since: 04:14:41)] active: 
		opensearch-4.5dc* -- (10.38.4.108) -- [idle (since: 04:14:55)] active: 
		opensearch-5.5dc  -- (10.38.4.103) -- [idle (since: 04:14:40)] active: 

[32mINFO    [0m integration.helpers_deployments:helpers_deployments.py:337 


04:15:36 -- Waiting for model...
[32mINFO    [0m integration.helpers_deployments:helpers_deployments.py:277 	App: opensearch - Units - conditions unmet.
[32mINFO    [0m integration.helpers_deployments:helpers_deployments.py:278 
	app: opensearch active -- message: None
		opensearch-2.5dc  -- (10.38.4.198) -- [idle (since: 04:14:40)] active: 
		opensearch-3.5dc  -- (10.38.4.139) -- [idle (since: 04:14:41)] active: 
		opensearch-4.5dc* -- (10.38.4.108) -- [idle (since: 04:14:55)] active: 
		opensearch-5.5dc  -- (10.38.4.103) -- [idle (since: 04:14:40)] active: 

[32mINFO    [0m integration.helpers_deployments:helpers_deployments.py:337 


04:15:49 -- Waiting for model...
[32mINFO    [0m integration.helpers_deployments:helpers_deployments.py:277 	App: opensearch - Units - conditions unmet.
[32mINFO    [0m integration.helpers_deployments:helpers_deployments.py:278 
	app: opensearch active -- message: None
		opensearch-2.5dc  -- (10.38.4.198) -- [idle (since: 04:14:40)] active: 
		opensearch-3.5dc  -- (10.38.4.139) -- [idle (since: 04:14:41)] active: 
		opensearch-4.5dc* -- (10.38.4.108) -- [idle (since: 04:14:55)] active: 
		opensearch-5.5dc  -- (10.38.4.103) -- [idle (since: 04:14:40)] active: 

[32mINFO    [0m integration.helpers_deployments:helpers_deployments.py:337 


04:16:01 -- Waiting for model...
[32mINFO    [0m integration.helpers_deployments:helpers_deployments.py:277 	App: opensearch - Units - conditions unmet.
[32mINFO    [0m integration.helpers_deployments:helpers_deployments.py:278 
	app: opensearch active -- message: None
		opensearch-2.5dc  -- (10.38.4.198) -- [idle (since: 04:14:40)] active: 
		opensearch-3.5dc  -- (10.38.4.139) -- [idle (since: 04:14:41)] active: 
		opensearch-4.5dc* -- (10.38.4.108) -- [idle (since: 04:14:55)] active: 
		opensearch-5.5dc  -- (10.38.4.103) -- [idle (since: 04:14:40)] active: 

[32mINFO    [0m integration.helpers_deployments:helpers_deployments.py:337 


04:16:13 -- Waiting for model...
[32mINFO    [0m integration.helpers_deployments:helpers_deployments.py:348 04:16:15 -- Waiting for model: complete.



[32mINFO    [0m integration.helpers:helpers.py:367 Calling: GET -- https://10.38.4.108:9200/_cluster/state/cluster_manager_node
[32mINFO    [0m integration.helpers:helpers.py:367 Calling: GET -- https://10.38.4.108:9200/_nodes
[32mINFO    [0m integration.helpers_deployments:helpers_deployments.py:329 



[32mINFO    [0m integration.helpers_deployments:helpers_deployments.py:330 Model  Controller           Cloud/Region         Version  SLA          Timestamp
test   localhost-localhost  localhost/localhost  3.5.3    unsupported  04:16:25Z

App                       Version  Status  Scale  Charm                     Channel        Rev  Exposed  Message
opensearch                         active    3/4  opensearch                                 0  no       
self-signed-certificates           active      1  self-signed-certificates  latest/stable  155  no       

Unit                         Workload  Agent      Machine  Public address  Ports     Message
opensearch/2                 active    idle       3        10.38.4.198     9200/tcp  
opensearch/3                 active    executing  4        10.38.4.139     9200/tcp  
opensearch/4*                active    failed     5        10.38.4.108     9200/tcp  
opensearch/5                 active    executing  6        10.38.4.103     9200/tcp  
self-signed-certificates/0*  active    executing  0        10.38.4.249               

Machine  State    Address      Inst id        Base          AZ  Message
0        started  10.38.4.249  juju-3394de-0  ubuntu@22.04      Running
3        started  10.38.4.198  juju-3394de-3  ubuntu@22.04      Running
4        started  10.38.4.139  juju-3394de-4  ubuntu@22.04      Running
5        started  10.38.4.108  juju-3394de-5  ubuntu@22.04      Running
6        started  10.38.4.103  juju-3394de-6  ubuntu@22.04      Running

[32mINFO    [0m integration.helpers_deployments:helpers_deployments.py:337 


04:16:25 -- Waiting for model...
[32mINFO    [0m integration.helpers_deployments:helpers_deployments.py:251 opensearch -- expected units: 3 -- current: 4
[32mINFO    [0m integration.helpers_deployments:helpers_deployments.py:337 


04:16:37 -- Waiting for model...
[32mINFO    [0m integration.helpers_deployments:helpers_deployments.py:251 opensearch -- expected units: 3 -- current: 4
[32mINFO    [0m integration.helpers_deployments:helpers_deployments.py:337 


04:16:50 -- Waiting for model...
[32mINFO    [0m integration.helpers_deployments:helpers_deployments.py:251 opensearch -- expected units: 3 -- current: 4
[32mINFO    [0m integration.helpers_deployments:helpers_deployments.py:337 


04:17:02 -- Waiting for model...
[32mINFO    [0m integration.helpers_deployments:helpers_deployments.py:277 	App: opensearch - Units - conditions unmet.
[32mINFO    [0m integration.helpers_deployments:helpers_deployments.py:278 
	app: opensearch active -- message: None
		opensearch-2.5dc* -- (10.38.4.198) -- [idle (since: 04:16:56)] active: 
		opensearch-3.5dc  -- (10.38.4.139) -- [idle (since: 04:16:43)] active: 
		opensearch-5.5dc  -- (10.38.4.103) -- [idle (since: 04:16:43)] active: 

[32mINFO    [0m integration.helpers_deployments:helpers_deployments.py:337 


04:17:13 -- Waiting for model...
[32mINFO    [0m integration.helpers_deployments:helpers_deployments.py:277 	App: opensearch - Units - conditions unmet.
[32mINFO    [0m integration.helpers_deployments:helpers_deployments.py:278 
	app: opensearch active -- message: None
		opensearch-2.5dc* -- (10.38.4.198) -- [idle (since: 04:16:56)] active: 
		opensearch-3.5dc  -- (10.38.4.139) -- [idle (since: 04:16:43)] active: 
		opensearch-5.5dc  -- (10.38.4.103) -- [idle (since: 04:16:43)] active: 

[32mINFO    [0m integration.helpers_deployments:helpers_deployments.py:337 


04:17:25 -- Waiting for model...
[32mINFO    [0m integration.helpers_deployments:helpers_deployments.py:277 	App: opensearch - Units - conditions unmet.
[32mINFO    [0m integration.helpers_deployments:helpers_deployments.py:278 
	app: opensearch active -- message: None
		opensearch-2.5dc* -- (10.38.4.198) -- [idle (since: 04:16:56)] active: 
		opensearch-3.5dc  -- (10.38.4.139) -- [idle (since: 04:16:43)] active: 
		opensearch-5.5dc  -- (10.38.4.103) -- [idle (since: 04:16:43)] active: 

[32mINFO    [0m integration.helpers_deployments:helpers_deployments.py:337 


04:17:36 -- Waiting for model...
[32mINFO    [0m integration.helpers_deployments:helpers_deployments.py:277 	App: opensearch - Units - conditions unmet.
[32mINFO    [0m integration.helpers_deployments:helpers_deployments.py:278 
	app: opensearch active -- message: None
		opensearch-2.5dc* -- (10.38.4.198) -- [idle (since: 04:16:56)] active: 
		opensearch-3.5dc  -- (10.38.4.139) -- [idle (since: 04:16:43)] active: 
		opensearch-5.5dc  -- (10.38.4.103) -- [idle (since: 04:16:43)] active: 

[32mINFO    [0m integration.helpers_deployments:helpers_deployments.py:337 


04:17:48 -- Waiting for model...
[32mINFO    [0m integration.helpers_deployments:helpers_deployments.py:277 	App: opensearch - Units - conditions unmet.
[32mINFO    [0m integration.helpers_deployments:helpers_deployments.py:278 
	app: opensearch active -- message: None
		opensearch-2.5dc* -- (10.38.4.198) -- [idle (since: 04:16:56)] active: 
		opensearch-3.5dc  -- (10.38.4.139) -- [idle (since: 04:16:43)] active: 
		opensearch-5.5dc  -- (10.38.4.103) -- [idle (since: 04:16:43)] active: 

[32mINFO    [0m integration.helpers_deployments:helpers_deployments.py:337 


04:18:00 -- Waiting for model...
[32mINFO    [0m integration.helpers_deployments:helpers_deployments.py:277 	App: opensearch - Units - conditions unmet.
[32mINFO    [0m integration.helpers_deployments:helpers_deployments.py:278 
	app: opensearch active -- message: None
		opensearch-2.5dc* -- (10.38.4.198) -- [idle (since: 04:16:56)] active: 
		opensearch-3.5dc  -- (10.38.4.139) -- [idle (since: 04:16:43)] active: 
		opensearch-5.5dc  -- (10.38.4.103) -- [idle (since: 04:16:43)] active: 

[32mINFO    [0m integration.helpers_deployments:helpers_deployments.py:337 


04:18:12 -- Waiting for model...
[32mINFO    [0m integration.helpers_deployments:helpers_deployments.py:348 04:18:13 -- Waiting for model: complete.



[32mINFO    [0m integration.helpers:helpers.py:367 Calling: GET -- https://10.38.4.198:9200/_cluster/state/cluster_manager_node
[32mINFO    [0m integration.helpers:helpers.py:367 Calling: GET -- https://10.38.4.198:9200/_nodes
[32mINFO    [0m integration.helpers:helpers.py:367 Calling: GET -- https://10.38.4.198:9200/_cluster/health?wait_for_status=green&timeout=1m
[32mINFO    [0m integration.helpers:helpers.py:367 Calling: GET -- https://10.38.4.198:9200/series_index/_search_shards
[32mINFO    [0m integration.helpers_deployments:helpers_deployments.py:329 



[32mINFO    [0m integration.helpers_deployments:helpers_deployments.py:330 Model  Controller           Cloud/Region         Version  SLA          Timestamp
test   localhost-localhost  localhost/localhost  3.5.3    unsupported  04:18:24Z

App                       Version  Status  Scale  Charm                     Channel        Rev  Exposed  Message
opensearch                         active    2/3  opensearch                                 0  no       
self-signed-certificates           active      1  self-signed-certificates  latest/stable  155  no       

Unit                         Workload  Agent      Machine  Public address  Ports     Message
opensearch/2*                active    failed     3        10.38.4.198     9200/tcp  
opensearch/3                 active    executing  4        10.38.4.139     9200/tcp  
opensearch/5                 active    executing  6        10.38.4.103     9200/tcp  
self-signed-certificates/0*  active    executing  0        10.38.4.249               

Machine  State    Address      Inst id        Base          AZ  Message
0        started  10.38.4.249  juju-3394de-0  ubuntu@22.04      Running
3        started  10.38.4.198  juju-3394de-3  ubuntu@22.04      Running
4        started  10.38.4.139  juju-3394de-4  ubuntu@22.04      Running
6        started  10.38.4.103  juju-3394de-6  ubuntu@22.04      Running

[32mINFO    [0m integration.helpers_deployments:helpers_deployments.py:337 


04:18:24 -- Waiting for model...
[32mINFO    [0m integration.helpers_deployments:helpers_deployments.py:251 opensearch -- expected units: 2 -- current: 3
[32mINFO    [0m integration.helpers_deployments:helpers_deployments.py:337 


04:18:35 -- Waiting for model...
[32mINFO    [0m integration.helpers_deployments:helpers_deployments.py:251 opensearch -- expected units: 2 -- current: 3
[32mINFO    [0m integration.helpers_deployments:helpers_deployments.py:337 


04:18:47 -- Waiting for model...
[32mINFO    [0m integration.helpers_deployments:helpers_deployments.py:251 opensearch -- expected units: 2 -- current: 3
[32mINFO    [0m integration.helpers_deployments:helpers_deployments.py:337 


04:18:59 -- Waiting for model...
[32mINFO    [0m integration.helpers_deployments:helpers_deployments.py:277 	App: opensearch - Units - conditions unmet.
[32mINFO    [0m integration.helpers_deployments:helpers_deployments.py:278 
	app: opensearch active -- message: None
		opensearch-3.5dc* -- (10.38.4.139) -- [idle (since: 04:18:49)] active: 
		opensearch-5.5dc  -- (10.38.4.103) -- [idle (since: 04:18:39)] active: 

[32mINFO    [0m integration.helpers_deployments:helpers_deployments.py:337 


04:19:10 -- Waiting for model...
[32mINFO    [0m integration.helpers_deployments:helpers_deployments.py:277 	App: opensearch - Units - conditions unmet.
[32mINFO    [0m integration.helpers_deployments:helpers_deployments.py:278 
	app: opensearch active -- message: None
		opensearch-3.5dc* -- (10.38.4.139) -- [idle (since: 04:18:49)] active: 
		opensearch-5.5dc  -- (10.38.4.103) -- [idle (since: 04:18:39)] active: 

[32mINFO    [0m integration.helpers_deployments:helpers_deployments.py:337 


04:19:21 -- Waiting for model...
[32mINFO    [0m integration.helpers_deployments:helpers_deployments.py:277 	App: opensearch - Units - conditions unmet.
[32mINFO    [0m integration.helpers_deployments:helpers_deployments.py:278 
	app: opensearch active -- message: None
		opensearch-3.5dc* -- (10.38.4.139) -- [idle (since: 04:18:49)] active: 
		opensearch-5.5dc  -- (10.38.4.103) -- [idle (since: 04:18:39)] active: 

[32mINFO    [0m integration.helpers_deployments:helpers_deployments.py:337 


04:19:32 -- Waiting for model...
[32mINFO    [0m integration.helpers_deployments:helpers_deployments.py:277 	App: opensearch - Units - conditions unmet.
[32mINFO    [0m integration.helpers_deployments:helpers_deployments.py:278 
	app: opensearch active -- message: None
		opensearch-3.5dc* -- (10.38.4.139) -- [idle (since: 04:18:49)] active: 
		opensearch-5.5dc  -- (10.38.4.103) -- [idle (since: 04:18:39)] active: 

[32mINFO    [0m integration.helpers_deployments:helpers_deployments.py:337 


04:19:43 -- Waiting for model...
[32mINFO    [0m integration.helpers_deployments:helpers_deployments.py:277 	App: opensearch - Units - conditions unmet.
[32mINFO    [0m integration.helpers_deployments:helpers_deployments.py:278 
	app: opensearch active -- message: None
		opensearch-3.5dc* -- (10.38.4.139) -- [idle (since: 04:18:49)] active: 
		opensearch-5.5dc  -- (10.38.4.103) -- [idle (since: 04:18:39)] active: 

[32mINFO    [0m integration.helpers_deployments:helpers_deployments.py:337 


04:19:54 -- Waiting for model...
[32mINFO    [0m integration.helpers_deployments:helpers_deployments.py:277 	App: opensearch - Units - conditions unmet.
[32mINFO    [0m integration.helpers_deployments:helpers_deployments.py:278 
	app: opensearch active -- message: None
		opensearch-3.5dc* -- (10.38.4.139) -- [idle (since: 04:18:49)] active: 
		opensearch-5.5dc  -- (10.38.4.103) -- [idle (since: 04:18:39)] active: 

[32mINFO    [0m integration.helpers_deployments:helpers_deployments.py:337 


04:20:05 -- Waiting for model...
[32mINFO    [0m integration.helpers_deployments:helpers_deployments.py:348 04:20:07 -- Waiting for model: complete.



[32mINFO    [0m integration.helpers:helpers.py:367 Calling: GET -- https://10.38.4.139:9200/series_index/_search_shards
[32mINFO    [0m integration.ha.helpers:helpers.py:247 Continuous writes result: namespace(max_stored_id=707, count=708, last_expected_id=707)
[32mINFO    [0m integration.helpers:helpers.py:367 Calling: GET -- https://10.38.4.139:9200/series_index/_search_shards
[32mINFO    [0m integration.ha.conftest:conftest.py:39 



The writes have been cleared.




[32mINFO    [0m pytest_operator.plugin:plugin.py:862 Model status:

Model  Controller           Cloud/Region         Version  SLA          Timestamp
test   localhost-localhost  localhost/localhost  3.5.3    unsupported  04:20:36Z

App                       Version  Status  Scale  Charm                     Channel        Rev  Exposed  Message
opensearch                         active      2  opensearch                                 0  no       
self-signed-certificates           active      1  self-signed-certificates  latest/stable  155  no       

Unit                         Workload  Agent  Machine  Public address  Ports     Message
opensearch/3*                active    idle   4        10.38.4.139     9200/tcp  
opensearch/5                 active    idle   6        10.38.4.103     9200/tcp  
self-signed-certificates/0*  active    idle   0        10.38.4.249               

Machine  State    Address      Inst id        Base          AZ  Message
0        started  10.38.4.249  juju-3394de-0  ubuntu@22.04      Running
4        started  10.38.4.139  juju-3394de-4  ubuntu@22.04      Running
6        started  10.38.4.103  juju-3394de-6  ubuntu@22.04      Running

[32mINFO    [0m pytest_operator.plugin:plugin.py:868 Juju error logs:

machine-0: 03:41:12 ERROR juju.worker.dependency "lxd-container-provisioner" manifold worker returned unexpected error: container types not yet available
machine-0: 03:41:12 ERROR juju.worker.dependency "kvm-container-provisioner" manifold worker returned unexpected error: container types not yet available
unit-self-signed-certificates-0: 03:41:12 ERROR juju.worker.meterstatus error running "meter-status-changed": charm missing from disk
machine-1: 03:41:22 ERROR juju.worker.dependency "kvm-container-provisioner" manifold worker returned unexpected error: container types not yet available
machine-1: 03:41:22 ERROR juju.worker.dependency "lxd-container-provisioner" manifold worker returned unexpected error: container types not yet available
unit-opensearch-0: 03:41:22 ERROR juju.worker.meterstatus error running "meter-status-changed": charm missing from disk
unit-opensearch-0: 03:42:49 ERROR unit.opensearch/0.juju-log certificates:3: err:  / out: keytool error: java.lang.Exception: Keystore file does not exist: /var/snap/opensearch/current/etc/opensearch/certificates/ca.p12

unit-opensearch-0: 03:42:54 ERROR unit.opensearch/0.juju-log certificates:3: Cannot connect to the OpenSearch server...
unit-opensearch-0: 03:42:54 ERROR unit.opensearch/0.juju-log certificates:3: Cannot connect to the OpenSearch server...
unit-opensearch-0: 03:42:55 ERROR unit.opensearch/0.juju-log certificates:3: Cannot connect to the OpenSearch server...
unit-opensearch-0: 03:42:58 ERROR unit.opensearch/0.juju-log certificates:3: Cannot connect to the OpenSearch server...
unit-opensearch-0: 03:43:01 ERROR unit.opensearch/0.juju-log certificates:3: Cannot connect to the OpenSearch server...
unit-opensearch-0: 03:43:04 ERROR unit.opensearch/0.juju-log certificates:3: Cannot connect to the OpenSearch server...
machine-3: 03:44:49 ERROR juju.worker.dependency "lxd-container-provisioner" manifold worker returned unexpected error: container types not yet available
machine-3: 03:44:49 ERROR juju.worker.dependency "kvm-container-provisioner" manifold worker returned unexpected error: container types not yet available
unit-opensearch-2: 03:44:49 ERROR juju.worker.meterstatus error running "meter-status-changed": charm missing from disk
machine-2: 03:44:52 ERROR juju.worker.dependency "kvm-container-provisioner" manifold worker returned unexpected error: container types not yet available
machine-2: 03:44:52 ERROR juju.worker.dependency "lxd-container-provisioner" manifold worker returned unexpected error: container types not yet available
unit-opensearch-1: 03:44:53 ERROR juju.worker.meterstatus error running "meter-status-changed": charm missing from disk
unit-opensearch-2: 03:45:58 ERROR unit.opensearch/2.juju-log certificates:3: err:  / out: keytool error: java.lang.Exception: Keystore file does not exist: /var/snap/opensearch/current/etc/opensearch/certificates/ca.p12

unit-opensearch-2: 03:46:02 ERROR unit.opensearch/2.juju-log upgrade-version-a:1: Cannot connect to the OpenSearch server...
unit-opensearch-1: 03:46:05 ERROR unit.opensearch/1.juju-log certificates:3: err:  / out: keytool error: java.lang.Exception: Keystore file does not exist: /var/snap/opensearch/current/etc/opensearch/certificates/ca.p12

unit-opensearch-1: 03:46:10 ERROR unit.opensearch/1.juju-log opensearch-peers:2: Cannot connect to the OpenSearch server...
unit-opensearch-1: 03:46:11 ERROR unit.opensearch/1.juju-log Cannot connect to the OpenSearch server...
unit-opensearch-1: 03:46:11 ERROR unit.opensearch/1.juju-log Cannot connect to the OpenSearch server...
unit-opensearch-1: 03:46:12 ERROR unit.opensearch/1.juju-log opensearch-peers:2: Cannot connect to the OpenSearch server...
unit-opensearch-1: 03:46:13 ERROR unit.opensearch/1.juju-log upgrade-version-a:1: Cannot connect to the OpenSearch server...
unit-opensearch-1: 03:46:14 ERROR unit.opensearch/1.juju-log upgrade-version-a:1: Cannot connect to the OpenSearch server...
unit-opensearch-1: 03:46:15 ERROR unit.opensearch/1.juju-log opensearch-peers:2: Cannot connect to the OpenSearch server...
unit-opensearch-1: 03:46:17 ERROR unit.opensearch/1.juju-log certificates:3: Cannot connect to the OpenSearch server...
unit-opensearch-1: 03:46:17 ERROR unit.opensearch/1.juju-log opensearch-peers:2: Cannot connect to the OpenSearch server...
unit-opensearch-1: 03:46:19 ERROR unit.opensearch/1.juju-log node-lock-fallback:0: Cannot connect to the OpenSearch server...
unit-opensearch-1: 03:46:19 ERROR unit.opensearch/1.juju-log opensearch-peers:2: Cannot connect to the OpenSearch server...
unit-opensearch-1: 03:46:21 ERROR unit.opensearch/1.juju-log node-lock-fallback:0: Cannot connect to the OpenSearch server...
unit-opensearch-1: 03:46:22 ERROR unit.opensearch/1.juju-log certificates:3: Cannot connect to the OpenSearch server...
unit-opensearch-1: 03:46:23 ERROR unit.opensearch/1.juju-log Cannot connect to the OpenSearch server...
unit-opensearch-1: 03:46:24 ERROR unit.opensearch/1.juju-log Cannot connect to the OpenSearch server...
unit-opensearch-1: 03:46:25 ERROR unit.opensearch/1.juju-log node-lock-fallback:0: Cannot connect to the OpenSearch server...
unit-opensearch-1: 03:46:26 ERROR unit.opensearch/1.juju-log Cannot connect to the OpenSearch server...
unit-opensearch-1: 03:46:27 ERROR unit.opensearch/1.juju-log Cannot connect to the OpenSearch server...
unit-opensearch-1: 03:46:28 ERROR unit.opensearch/1.juju-log node-lock-fallback:0: Cannot connect to the OpenSearch server...
unit-opensearch-1: 03:46:29 ERROR unit.opensearch/1.juju-log upgrade-version-a:1: Cannot connect to the OpenSearch server...
unit-opensearch-1: 03:46:30 ERROR unit.opensearch/1.juju-log upgrade-version-a:1: Cannot connect to the OpenSearch server...
unit-opensearch-1: 03:46:31 ERROR unit.opensearch/1.juju-log upgrade-version-a:1: Cannot connect to the OpenSearch server...
unit-opensearch-2: 03:49:05 ERROR unit.opensearch/2.juju-log upgrade-version-a:1: Cannot connect to the OpenSearch server...
unit-opensearch-1: 03:49:21 ERROR unit.opensearch/1.juju-log upgrade-version-a:1: Cannot connect to the OpenSearch server...
unit-opensearch-1: 03:49:23 ERROR unit.opensearch/1.juju-log upgrade-version-a:1: Cannot connect to the OpenSearch server...
machine-4: 03:53:22 ERROR juju.worker.dependency "lxd-container-provisioner" manifold worker returned unexpected error: container types not yet available
machine-4: 03:53:22 ERROR juju.worker.dependency "kvm-container-provisioner" manifold worker returned unexpected error: container types not yet available
unit-opensearch-3: 03:53:22 ERROR juju.worker.meterstatus error running "meter-status-changed": charm missing from disk
unit-opensearch-3: 03:54:50 ERROR unit.opensearch/3.juju-log certificates:3: err:  / out: keytool error: java.lang.Exception: Keystore file does not exist: /var/snap/opensearch/current/etc/opensearch/certificates/ca.p12

unit-opensearch-3: 03:54:56 ERROR unit.opensearch/3.juju-log upgrade-version-a:1: Cannot connect to the OpenSearch server...
unit-opensearch-3: 03:54:57 ERROR unit.opensearch/3.juju-log upgrade-version-a:1: Cannot connect to the OpenSearch server...
unit-opensearch-1: 03:57:30 ERROR unit.opensearch/1.juju-log Cannot connect to the OpenSearch server...
unit-opensearch-1: 04:00:39 ERROR unit.opensearch/1.juju-log certificates:3: Error reading secret: 'NoneType' object has no attribute 'get'
machine-5: 04:02:06 ERROR juju.worker.dependency "lxd-container-provisioner" manifold worker returned unexpected error: container types not yet available
machine-5: 04:02:06 ERROR juju.worker.dependency "kvm-container-provisioner" manifold worker returned unexpected error: container types not yet available
unit-opensearch-4: 04:02:06 ERROR juju.worker.meterstatus error running "meter-status-changed": charm missing from disk
unit-opensearch-4: 04:03:54 ERROR unit.opensearch/4.juju-log certificates:3: err:  / out: keytool error: java.lang.Exception: Keystore file does not exist: /var/snap/opensearch/current/etc/opensearch/certificates/ca.p12

unit-opensearch-4: 04:03:58 ERROR unit.opensearch/4.juju-log Cannot connect to the OpenSearch server...
unit-opensearch-4: 04:07:02 ERROR unit.opensearch/4.juju-log Cannot connect to the OpenSearch server...
machine-6: 04:11:07 ERROR juju.worker.dependency "lxd-container-provisioner" manifold worker returned unexpected error: container types not yet available
machine-6: 04:11:07 ERROR juju.worker.dependency "kvm-container-provisioner" manifold worker returned unexpected error: container types not yet available
unit-opensearch-5: 04:11:07 ERROR juju.worker.meterstatus error running "meter-status-changed": charm missing from disk
unit-opensearch-5: 04:12:06 ERROR unit.opensearch/5.juju-log certificates:3: err:  / out: keytool error: java.lang.Exception: Keystore file does not exist: /var/snap/opensearch/current/etc/opensearch/certificates/ca.p12

unit-opensearch-5: 04:12:11 ERROR unit.opensearch/5.juju-log upgrade-version-a:1: Cannot connect to the OpenSearch server...
unit-opensearch-5: 04:12:13 ERROR unit.opensearch/5.juju-log upgrade-version-a:1: Cannot connect to the OpenSearch server...
unit-opensearch-0: 04:14:22 ERROR juju.worker.uniter resolver loop error: preparing operation "run storage-detaching (opensearch-data/0) hook" for opensearch/0: secret "secret:cs6u9ejj13g1smrt83p0" not found (not found)
unit-opensearch-0: 04:14:22 ERROR juju.worker.dependency "uniter" manifold worker returned unexpected error: preparing operation "run storage-detaching (opensearch-data/0) hook" for opensearch/0: secret "secret:cs6u9ejj13g1smrt83p0" not found (not found)
unit-opensearch-0: 04:14:36 ERROR unit.opensearch/0.juju-log Cannot connect to the OpenSearch server...
unit-opensearch-0: 04:14:41 ERROR unit.opensearch/0.juju-log certificates:3: Error reading secret: 'NoneType' object has no attribute 'get'
unit-opensearch-4: 04:16:25 ERROR juju.worker.uniter resolver loop error: preparing operation "run storage-detaching (opensearch-data/4) hook" for opensearch/4: secret "secret:cs6uj7rj13g1smrt840g" not found (not found)
unit-opensearch-4: 04:16:25 ERROR juju.worker.dependency "uniter" manifold worker returned unexpected error: preparing operation "run storage-detaching (opensearch-data/4) hook" for opensearch/4: secret "secret:cs6uj7rj13g1smrt840g" not found (not found)
unit-opensearch-4: 04:16:39 ERROR unit.opensearch/4.juju-log Cannot connect to the OpenSearch server...
unit-opensearch-4: 04:16:46 ERROR unit.opensearch/4.juju-log certificates:3: Error reading secret: 'NoneType' object has no attribute 'get'
unit-opensearch-2: 04:18:24 ERROR juju.worker.uniter resolver loop error: preparing operation "run storage-detaching (opensearch-data/2) hook" for opensearch/2: secret "secret:cs6uar3j13g1smrt83qg" not found (not found)
unit-opensearch-2: 04:18:24 ERROR juju.worker.dependency "uniter" manifold worker returned unexpected error: preparing operation "run storage-detaching (opensearch-data/2) hook" for opensearch/2: secret "secret:cs6uar3j13g1smrt83qg" not found (not found)
unit-opensearch-2: 04:18:36 ERROR unit.opensearch/2.juju-log Cannot connect to the OpenSearch server...
unit-opensearch-2: 04:18:44 ERROR unit.opensearch/2.juju-log certificates:3: Error reading secret: 'NoneType' object has no attribute 'get'

[32mINFO    [0m pytest_operator.plugin:plugin.py:947 Forgetting model main...