[32mINFO    [0m juju.model:model.py:2097 Deploying local:opensearch-0
[32mINFO    [0m integration.helpers_deployments:helpers_deployments.py:329 



[32mINFO    [0m integration.helpers_deployments:helpers_deployments.py:330 Model  Controller           Cloud/Region         Version  SLA          Timestamp
test   localhost-localhost  localhost/localhost  3.5.3    unsupported  02:08:05Z

App                       Version  Status   Scale  Charm                     Channel        Rev  Exposed  Message
opensearch                         active       2  opensearch                                 0  no       
second-opensearch                  waiting    0/1  opensearch                                 0  no       waiting for machine
self-signed-certificates           active       1  self-signed-certificates  latest/stable  155  no       

Unit                         Workload  Agent       Machine  Public address  Ports     Message
opensearch/0                 active    idle        1        10.81.157.13    9200/tcp  
opensearch/1*                active    idle        2        10.81.157.41    9200/tcp  
second-opensearch/0          waiting   allocating  3                                  waiting for machine
self-signed-certificates/0*  active    executing   0        10.81.157.167             

Machine  State    Address        Inst id        Base          AZ  Message
0        started  10.81.157.167  juju-313a08-0  ubuntu@22.04      Running
1        started  10.81.157.13   juju-313a08-1  ubuntu@22.04      Running
2        started  10.81.157.41   juju-313a08-2  ubuntu@22.04      Running
3        pending                 pending        ubuntu@22.04      

[32mINFO    [0m integration.helpers_deployments:helpers_deployments.py:337 


02:08:05 -- Waiting for model...
[32mINFO    [0m integration.helpers_deployments:helpers_deployments.py:277 	App: opensearch - Units - conditions unmet.
[32mINFO    [0m integration.helpers_deployments:helpers_deployments.py:278 
	app: opensearch active -- message: None
		opensearch-0.c66  -- (10.81.157.13) -- [idle (since: 02:07:54)] active: 
		opensearch-1.c66* -- (10.81.157.41) -- [idle (since: 02:06:35)] active: 

[32mINFO    [0m integration.helpers_deployments:helpers_deployments.py:337 


02:08:16 -- Waiting for model...
[32mINFO    [0m integration.helpers_deployments:helpers_deployments.py:277 	App: opensearch - Units - conditions unmet.
[32mINFO    [0m integration.helpers_deployments:helpers_deployments.py:278 
	app: opensearch active -- message: None
		opensearch-0.c66  -- (10.81.157.13) -- [idle (since: 02:07:54)] active: 
		opensearch-1.c66* -- (10.81.157.41) -- [idle (since: 02:06:35)] active: 

[32mINFO    [0m integration.helpers_deployments:helpers_deployments.py:337 


02:08:28 -- Waiting for model...
[32mINFO    [0m integration.helpers_deployments:helpers_deployments.py:277 	App: opensearch - Units - conditions unmet.
[32mINFO    [0m integration.helpers_deployments:helpers_deployments.py:278 
	app: opensearch active -- message: None
		opensearch-0.c66  -- (10.81.157.13) -- [idle (since: 02:07:54)] active: 
		opensearch-1.c66* -- (10.81.157.41) -- [idle (since: 02:06:35)] active: 

[32mINFO    [0m integration.helpers_deployments:helpers_deployments.py:337 


02:08:39 -- Waiting for model...
[32mINFO    [0m integration.helpers_deployments:helpers_deployments.py:277 	App: opensearch - Units - conditions unmet.
[32mINFO    [0m integration.helpers_deployments:helpers_deployments.py:278 
	app: opensearch active -- message: None
		opensearch-0.c66  -- (10.81.157.13) -- [idle (since: 02:07:54)] active: 
		opensearch-1.c66* -- (10.81.157.41) -- [idle (since: 02:06:35)] active: 

[32mINFO    [0m integration.helpers_deployments:helpers_deployments.py:337 


02:08:50 -- Waiting for model...
[32mINFO    [0m integration.helpers_deployments:helpers_deployments.py:277 	App: opensearch - Units - conditions unmet.
[32mINFO    [0m integration.helpers_deployments:helpers_deployments.py:278 
	app: opensearch active -- message: None
		opensearch-0.c66  -- (10.81.157.13) -- [idle (since: 02:07:54)] active: 
		opensearch-1.c66* -- (10.81.157.41) -- [idle (since: 02:06:35)] active: 

[32mINFO    [0m integration.helpers_deployments:helpers_deployments.py:337 


02:09:01 -- Waiting for model...
[32mINFO    [0m integration.helpers_deployments:helpers_deployments.py:277 	App: opensearch - Units - conditions unmet.
[32mINFO    [0m integration.helpers_deployments:helpers_deployments.py:278 
	app: opensearch active -- message: None
		opensearch-0.c66  -- (10.81.157.13) -- [idle (since: 02:07:54)] active: 
		opensearch-1.c66* -- (10.81.157.41) -- [idle (since: 02:06:35)] active: 

[32mINFO    [0m integration.helpers_deployments:helpers_deployments.py:337 


02:09:12 -- Waiting for model...
[32mINFO    [0m integration.helpers_deployments:helpers_deployments.py:261 	App: second-opensearch - conditions unmet.
[32mINFO    [0m integration.helpers_deployments:helpers_deployments.py:262 
	app: second waiting -- message: waiting for machine
		second-opensearch-0.bfd  -- (10.81.157.188) -- [allocating (since: 02:08:05)] waiting: waiting for machine

[32mINFO    [0m integration.helpers_deployments:helpers_deployments.py:337 


02:09:31 -- Waiting for model...
[32mINFO    [0m integration.helpers_deployments:helpers_deployments.py:261 	App: second-opensearch - conditions unmet.
[32mINFO    [0m integration.helpers_deployments:helpers_deployments.py:262 
	app: second maintenance -- message: Installing OpenSearch...
		second-opensearch-0.bfd* -- (10.81.157.188) -- [executing (since: 02:09:28)] maintenance: Installing OpenSearch...

[32mINFO    [0m integration.helpers_deployments:helpers_deployments.py:337 


02:09:43 -- Waiting for model...
[32mINFO    [0m integration.helpers_deployments:helpers_deployments.py:261 	App: second-opensearch - conditions unmet.
[32mINFO    [0m integration.helpers_deployments:helpers_deployments.py:262 
	app: second maintenance -- message: Installing OpenSearch...
		second-opensearch-0.bfd* -- (10.81.157.188) -- [executing (since: 02:09:28)] maintenance: Installing OpenSearch...

[32mINFO    [0m integration.helpers_deployments:helpers_deployments.py:337 


02:09:54 -- Waiting for model...
[32mINFO    [0m integration.helpers_deployments:helpers_deployments.py:261 	App: second-opensearch - conditions unmet.
[32mINFO    [0m integration.helpers_deployments:helpers_deployments.py:262 
	app: second maintenance -- message: Installing OpenSearch...
		second-opensearch-0.bfd* -- (10.81.157.188) -- [executing (since: 02:09:28)] maintenance: Installing OpenSearch...

[32mINFO    [0m integration.helpers_deployments:helpers_deployments.py:337 


02:10:06 -- Waiting for model...
[32mINFO    [0m integration.helpers_deployments:helpers_deployments.py:261 	App: second-opensearch - conditions unmet.
[32mINFO    [0m integration.helpers_deployments:helpers_deployments.py:262 
	app: second maintenance -- message: Installing OpenSearch...
		second-opensearch-0.bfd* -- (10.81.157.188) -- [executing (since: 02:09:28)] maintenance: Installing OpenSearch...

[32mINFO    [0m integration.helpers_deployments:helpers_deployments.py:337 


02:10:18 -- Waiting for model...
[32mINFO    [0m integration.helpers_deployments:helpers_deployments.py:277 	App: opensearch - Units - conditions unmet.
[32mINFO    [0m integration.helpers_deployments:helpers_deployments.py:278 
	app: opensearch active -- message: None
		opensearch-0.c66  -- (10.81.157.13) -- [idle (since: 02:10:13)] active: 
		opensearch-1.c66* -- (10.81.157.41) -- [idle (since: 02:10:13)] active: 

[32mINFO    [0m integration.helpers_deployments:helpers_deployments.py:337 


02:10:29 -- Waiting for model...
[32mINFO    [0m integration.helpers_deployments:helpers_deployments.py:277 	App: opensearch - Units - conditions unmet.
[32mINFO    [0m integration.helpers_deployments:helpers_deployments.py:278 
	app: opensearch active -- message: None
		opensearch-0.c66  -- (10.81.157.13) -- [idle (since: 02:10:13)] active: 
		opensearch-1.c66* -- (10.81.157.41) -- [idle (since: 02:10:13)] active: 

[32mINFO    [0m integration.helpers_deployments:helpers_deployments.py:337 


02:10:40 -- Waiting for model...
[32mINFO    [0m integration.helpers_deployments:helpers_deployments.py:277 	App: opensearch - Units - conditions unmet.
[32mINFO    [0m integration.helpers_deployments:helpers_deployments.py:278 
	app: opensearch active -- message: None
		opensearch-0.c66  -- (10.81.157.13) -- [idle (since: 02:10:13)] active: 
		opensearch-1.c66* -- (10.81.157.41) -- [idle (since: 02:10:13)] active: 

[32mINFO    [0m integration.helpers_deployments:helpers_deployments.py:337 


02:10:51 -- Waiting for model...
[32mINFO    [0m integration.helpers_deployments:helpers_deployments.py:277 	App: opensearch - Units - conditions unmet.
[32mINFO    [0m integration.helpers_deployments:helpers_deployments.py:278 
	app: opensearch active -- message: None
		opensearch-0.c66  -- (10.81.157.13) -- [idle (since: 02:10:13)] active: 
		opensearch-1.c66* -- (10.81.157.41) -- [idle (since: 02:10:13)] active: 

[32mINFO    [0m integration.helpers_deployments:helpers_deployments.py:337 


02:11:02 -- Waiting for model...
[32mINFO    [0m integration.helpers_deployments:helpers_deployments.py:277 	App: opensearch - Units - conditions unmet.
[32mINFO    [0m integration.helpers_deployments:helpers_deployments.py:278 
	app: opensearch active -- message: None
		opensearch-0.c66  -- (10.81.157.13) -- [idle (since: 02:10:13)] active: 
		opensearch-1.c66* -- (10.81.157.41) -- [idle (since: 02:10:13)] active: 

[32mINFO    [0m integration.helpers_deployments:helpers_deployments.py:337 


02:11:13 -- Waiting for model...
[32mINFO    [0m integration.helpers_deployments:helpers_deployments.py:277 	App: opensearch - Units - conditions unmet.
[32mINFO    [0m integration.helpers_deployments:helpers_deployments.py:278 
	app: opensearch active -- message: None
		opensearch-0.c66  -- (10.81.157.13) -- [idle (since: 02:10:13)] active: 
		opensearch-1.c66* -- (10.81.157.41) -- [idle (since: 02:10:13)] active: 

[32mINFO    [0m integration.helpers_deployments:helpers_deployments.py:337 


02:11:25 -- Waiting for model...
[32mINFO    [0m integration.helpers_deployments:helpers_deployments.py:277 	App: opensearch - Units - conditions unmet.
[32mINFO    [0m integration.helpers_deployments:helpers_deployments.py:278 
	app: opensearch active -- message: None
		opensearch-0.c66  -- (10.81.157.13) -- [idle (since: 02:10:13)] active: 
		opensearch-1.c66* -- (10.81.157.41) -- [idle (since: 02:10:13)] active: 

[32mINFO    [0m integration.helpers_deployments:helpers_deployments.py:337 


02:11:36 -- Waiting for model...
[32mINFO    [0m integration.helpers_deployments:helpers_deployments.py:261 	App: second-opensearch - conditions unmet.
[32mINFO    [0m integration.helpers_deployments:helpers_deployments.py:262 
	app: second waiting -- message: Waiting for OpenSearch to start...
		second-opensearch-0.bfd* -- (10.81.157.188) -- [executing (since: 02:11:31)] waiting: Waiting for OpenSearch to start...

[32mINFO    [0m integration.helpers_deployments:helpers_deployments.py:337 


02:11:48 -- Waiting for model...
[32mINFO    [0m integration.helpers_deployments:helpers_deployments.py:277 	App: second-opensearch - Units - conditions unmet.
[32mINFO    [0m integration.helpers_deployments:helpers_deployments.py:278 
	app: second active -- message: None
		second-opensearch-0.bfd* -- (10.81.157.188) -- [executing (since: 02:11:49)] active: 

[32mINFO    [0m integration.helpers_deployments:helpers_deployments.py:337 


02:11:59 -- Waiting for model...
[32mINFO    [0m integration.helpers_deployments:helpers_deployments.py:277 	App: second-opensearch - Units - conditions unmet.
[32mINFO    [0m integration.helpers_deployments:helpers_deployments.py:278 
	app: second active -- message: None
		second-opensearch-0.bfd* -- (10.81.157.188) -- [idle (since: 02:11:58)] active: 

[32mINFO    [0m integration.helpers_deployments:helpers_deployments.py:337 


02:12:11 -- Waiting for model...
[32mINFO    [0m integration.helpers_deployments:helpers_deployments.py:277 	App: second-opensearch - Units - conditions unmet.
[32mINFO    [0m integration.helpers_deployments:helpers_deployments.py:278 
	app: second active -- message: None
		second-opensearch-0.bfd* -- (10.81.157.188) -- [idle (since: 02:11:58)] active: 

[32mINFO    [0m integration.helpers_deployments:helpers_deployments.py:337 


02:12:22 -- Waiting for model...
[32mINFO    [0m integration.helpers_deployments:helpers_deployments.py:277 	App: second-opensearch - Units - conditions unmet.
[32mINFO    [0m integration.helpers_deployments:helpers_deployments.py:278 
	app: second active -- message: None
		second-opensearch-0.bfd* -- (10.81.157.188) -- [idle (since: 02:11:58)] active: 

[32mINFO    [0m integration.helpers_deployments:helpers_deployments.py:337 


02:12:34 -- Waiting for model...
[32mINFO    [0m integration.helpers_deployments:helpers_deployments.py:277 	App: second-opensearch - Units - conditions unmet.
[32mINFO    [0m integration.helpers_deployments:helpers_deployments.py:278 
	app: second active -- message: None
		second-opensearch-0.bfd* -- (10.81.157.188) -- [idle (since: 02:11:58)] active: 

[32mINFO    [0m integration.helpers_deployments:helpers_deployments.py:337 


02:12:46 -- Waiting for model...
[32mINFO    [0m integration.helpers_deployments:helpers_deployments.py:277 	App: second-opensearch - Units - conditions unmet.
[32mINFO    [0m integration.helpers_deployments:helpers_deployments.py:278 
	app: second active -- message: None
		second-opensearch-0.bfd* -- (10.81.157.188) -- [idle (since: 02:11:58)] active: 

[32mINFO    [0m integration.helpers_deployments:helpers_deployments.py:337 


02:12:58 -- Waiting for model...
[32mINFO    [0m integration.helpers_deployments:helpers_deployments.py:277 	App: second-opensearch - Units - conditions unmet.
[32mINFO    [0m integration.helpers_deployments:helpers_deployments.py:278 
	app: second active -- message: None
		second-opensearch-0.bfd* -- (10.81.157.188) -- [idle (since: 02:11:58)] active: 

[32mINFO    [0m integration.helpers_deployments:helpers_deployments.py:337 


02:13:09 -- Waiting for model...
[32mINFO    [0m integration.helpers_deployments:helpers_deployments.py:277 	App: second-opensearch - Units - conditions unmet.
[32mINFO    [0m integration.helpers_deployments:helpers_deployments.py:278 
	app: second active -- message: None
		second-opensearch-0.bfd* -- (10.81.157.188) -- [idle (since: 02:11:58)] active: 

[32mINFO    [0m integration.helpers_deployments:helpers_deployments.py:337 


02:13:21 -- Waiting for model...
[32mINFO    [0m integration.helpers_deployments:helpers_deployments.py:348 02:13:22 -- Waiting for model: complete.



[32mINFO    [0m integration.helpers:helpers.py:367 Calling: PUT -- https://10.81.157.41:9200/test_index_unique_cluster_dbs/_doc/1
[32mINFO    [0m integration.helpers:helpers.py:367 Calling: POST -- https://10.81.157.41:9200/test_index_unique_cluster_dbs/_refresh
[32mINFO    [0m integration.helpers:helpers.py:367 Calling: PUT -- https://10.81.157.188:9200/test_index_unique_cluster_dbs/_doc/2
[32mINFO    [0m integration.helpers:helpers.py:367 Calling: POST -- https://10.81.157.188:9200/test_index_unique_cluster_dbs/_refresh
[32mINFO    [0m integration.helpers:helpers.py:367 Calling: GET -- https://10.81.157.41:9200/test_index_unique_cluster_dbs/_search
[32mINFO    [0m integration.helpers:helpers.py:367 Calling: GET -- https://10.81.157.188:9200/test_index_unique_cluster_dbs/_search
[32mINFO    [0m integration.helpers:helpers.py:367 Calling: DELETE -- https://10.81.157.41:9200/test_index_unique_cluster_dbs/
[32mINFO    [0m integration.ha.helpers:helpers.py:247 Continuous writes result: namespace(max_stored_id=436, count=437, last_expected_id=436)
[32mINFO    [0m integration.helpers:helpers.py:367 Calling: GET -- https://10.81.157.41:9200/series_index/_search_shards
[32mINFO    [0m integration.ha.conftest:conftest.py:39 



The writes have been cleared.




[32mINFO    [0m pytest_operator.plugin:plugin.py:862 Model status:

Model  Controller           Cloud/Region         Version  SLA          Timestamp
test   localhost-localhost  localhost/localhost  3.5.3    unsupported  02:13:57Z

App                       Version  Status   Scale  Charm                     Channel        Rev  Exposed  Message
opensearch                         active       2  opensearch                                 0  no       
second-opensearch                  blocked      1  opensearch                                 0  no       1 or more 'replica' shards are not assigned, please scale your application up.
self-signed-certificates           active       1  self-signed-certificates  latest/stable  155  no       

Unit                         Workload     Agent      Machine  Public address  Ports     Message
opensearch/0                 active       idle       1        10.81.157.13    9200/tcp  
opensearch/1*                active       idle       2        10.81.157.41    9200/tcp  
second-opensearch/0*         maintenance  executing  3        10.81.157.188   9200/tcp  (remove) cleaning up prior to charm deletion
self-signed-certificates/0*  active       idle       0        10.81.157.167             

Machine  State    Address        Inst id        Base          AZ  Message
0        started  10.81.157.167  juju-313a08-0  ubuntu@22.04      Running
1        started  10.81.157.13   juju-313a08-1  ubuntu@22.04      Running
2        started  10.81.157.41   juju-313a08-2  ubuntu@22.04      Running
3        started  10.81.157.188  juju-313a08-3  ubuntu@22.04      Running

[32mINFO    [0m pytest_operator.plugin:plugin.py:868 Juju error logs:

machine-0: 02:04:10 ERROR juju.worker.dependency "lxd-container-provisioner" manifold worker returned unexpected error: container types not yet available
machine-0: 02:04:10 ERROR juju.worker.dependency "kvm-container-provisioner" manifold worker returned unexpected error: container types not yet available
unit-self-signed-certificates-0: 02:04:10 ERROR juju.worker.meterstatus error running "meter-status-changed": charm missing from disk
machine-2: 02:04:13 ERROR juju.worker.dependency "kvm-container-provisioner" manifold worker returned unexpected error: container types not yet available
machine-2: 02:04:13 ERROR juju.worker.dependency "lxd-container-provisioner" manifold worker returned unexpected error: container types not yet available
unit-opensearch-1: 02:04:13 ERROR juju.worker.meterstatus error running "meter-status-changed": charm missing from disk
machine-1: 02:04:20 ERROR juju.worker.dependency "lxd-container-provisioner" manifold worker returned unexpected error: container types not yet available
machine-1: 02:04:20 ERROR juju.worker.dependency "kvm-container-provisioner" manifold worker returned unexpected error: container types not yet available
unit-opensearch-0: 02:04:20 ERROR juju.worker.meterstatus error running "meter-status-changed": charm missing from disk
unit-opensearch-1: 02:05:40 ERROR unit.opensearch/1.juju-log certificates:3: err:  / out: keytool error: java.lang.Exception: Keystore file does not exist: /var/snap/opensearch/current/etc/opensearch/certificates/ca.p12

unit-opensearch-1: 02:05:45 ERROR unit.opensearch/1.juju-log Cannot connect to the OpenSearch server...
unit-opensearch-1: 02:05:46 ERROR unit.opensearch/1.juju-log upgrade-version-a:2: Cannot connect to the OpenSearch server...
unit-opensearch-1: 02:05:46 ERROR unit.opensearch/1.juju-log upgrade-version-a:2: Cannot connect to the OpenSearch server...
unit-opensearch-1: 02:05:46 ERROR unit.opensearch/1.juju-log upgrade-version-a:2: Cannot connect to the OpenSearch server...
unit-opensearch-0: 02:05:46 ERROR unit.opensearch/0.juju-log certificates:3: err:  / out: keytool error: java.lang.Exception: Keystore file does not exist: /var/snap/opensearch/current/etc/opensearch/certificates/ca.p12

unit-opensearch-1: 02:05:49 ERROR unit.opensearch/1.juju-log upgrade-version-a:2: Cannot connect to the OpenSearch server...
unit-opensearch-0: 02:05:51 ERROR unit.opensearch/0.juju-log opensearch-peers:0: Cannot connect to the OpenSearch server...
unit-opensearch-0: 02:05:52 ERROR unit.opensearch/0.juju-log Cannot connect to the OpenSearch server...
unit-opensearch-1: 02:05:52 ERROR unit.opensearch/1.juju-log upgrade-version-a:2: Cannot connect to the OpenSearch server...
unit-opensearch-0: 02:05:52 ERROR unit.opensearch/0.juju-log Cannot connect to the OpenSearch server...
unit-opensearch-0: 02:05:53 ERROR unit.opensearch/0.juju-log certificates:3: Cannot connect to the OpenSearch server...
unit-opensearch-0: 02:05:55 ERROR unit.opensearch/0.juju-log Cannot connect to the OpenSearch server...
unit-opensearch-1: 02:05:55 ERROR unit.opensearch/1.juju-log upgrade-version-a:2: Cannot connect to the OpenSearch server...
unit-opensearch-0: 02:05:56 ERROR unit.opensearch/0.juju-log Cannot connect to the OpenSearch server...
unit-opensearch-0: 02:05:57 ERROR unit.opensearch/0.juju-log node-lock-fallback:1: Cannot connect to the OpenSearch server...
unit-opensearch-0: 02:05:57 ERROR unit.opensearch/0.juju-log Cannot connect to the OpenSearch server...
unit-opensearch-0: 02:05:58 ERROR unit.opensearch/0.juju-log Cannot connect to the OpenSearch server...
unit-opensearch-0: 02:05:59 ERROR unit.opensearch/0.juju-log node-lock-fallback:1: Cannot connect to the OpenSearch server...
unit-opensearch-0: 02:06:00 ERROR unit.opensearch/0.juju-log node-lock-fallback:1: Cannot connect to the OpenSearch server...
unit-opensearch-0: 02:06:01 ERROR unit.opensearch/0.juju-log opensearch-peers:0: Cannot connect to the OpenSearch server...
unit-opensearch-0: 02:06:02 ERROR unit.opensearch/0.juju-log node-lock-fallback:1: Cannot connect to the OpenSearch server...
unit-opensearch-0: 02:06:03 ERROR unit.opensearch/0.juju-log opensearch-peers:0: Cannot connect to the OpenSearch server...
unit-opensearch-0: 02:06:03 ERROR unit.opensearch/0.juju-log opensearch-peers:0: Cannot connect to the OpenSearch server...
unit-opensearch-0: 02:06:07 ERROR unit.opensearch/0.juju-log Cannot connect to the OpenSearch server...
unit-opensearch-0: 02:06:15 ERROR unit.opensearch/0.juju-log node-lock-fallback:1: Cannot connect to the OpenSearch server...
unit-opensearch-0: 02:06:16 ERROR unit.opensearch/0.juju-log node-lock-fallback:1: Cannot connect to the OpenSearch server...
machine-3: 02:09:18 ERROR juju.worker.dependency "kvm-container-provisioner" manifold worker returned unexpected error: container types not yet available
machine-3: 02:09:18 ERROR juju.worker.dependency "lxd-container-provisioner" manifold worker returned unexpected error: container types not yet available
unit-second-opensearch-0: 02:09:18 ERROR juju.worker.meterstatus error running "meter-status-changed": charm missing from disk
unit-second-opensearch-0: 02:11:27 ERROR unit.second-opensearch/0.juju-log certificates:7: err:  / out: keytool error: java.lang.Exception: Keystore file does not exist: /var/snap/opensearch/current/etc/opensearch/certificates/ca.p12

unit-second-opensearch-0: 02:11:32 ERROR unit.second-opensearch/0.juju-log opensearch-peers:4: Cannot connect to the OpenSearch server...
unit-second-opensearch-0: 02:11:32 ERROR unit.second-opensearch/0.juju-log opensearch-peers:4: Cannot connect to the OpenSearch server...
unit-second-opensearch-0: 02:11:32 ERROR unit.second-opensearch/0.juju-log opensearch-peers:4: Cannot connect to the OpenSearch server...
unit-second-opensearch-0: 02:11:35 ERROR unit.second-opensearch/0.juju-log opensearch-peers:4: Cannot connect to the OpenSearch server...
unit-second-opensearch-0: 02:11:38 ERROR unit.second-opensearch/0.juju-log opensearch-peers:4: Cannot connect to the OpenSearch server...
unit-second-opensearch-0: 02:11:41 ERROR unit.second-opensearch/0.juju-log opensearch-peers:4: Cannot connect to the OpenSearch server...
unit-second-opensearch-0: 02:13:39 ERROR juju.worker.uniter resolver loop error: preparing operation "run relation-departed (7; unit: self-signed-certificates/0, departee: second-opensearch/0) hook" for second-opensearch/0: secret "secret:crvktjq54ns1s43ofsg0" not found (not found)
unit-second-opensearch-0: 02:13:39 ERROR juju.worker.dependency "uniter" manifold worker returned unexpected error: preparing operation "run relation-departed (7; unit: self-signed-certificates/0, departee: second-opensearch/0) hook" for second-opensearch/0: secret "secret:crvktjq54ns1s43ofsg0" not found (not found)
unit-second-opensearch-0: 02:13:48 ERROR unit.second-opensearch/0.juju-log Cannot connect to the OpenSearch server...
unit-second-opensearch-0: 02:13:51 ERROR unit.second-opensearch/0.juju-log certificates:7: Error reading secret: 'NoneType' object has no attribute 'get'
unit-second-opensearch-0: 02:13:52 ERROR juju.worker.dependency "uniter" manifold worker returned unexpected error: relation scope id "e0355185-6c55-42c8-83cd-20f4d6313a08:r#5#second-opensearch": settings e0355185-6c55-42c8-83cd-20f4d6313a08:r#5#second-opensearch not found (not found)

[32mINFO    [0m pytest_operator.plugin:plugin.py:947 Forgetting model main...