[32mINFO    [0m root:test_backups.py:561 Destroying the application
[32mINFO    [0m root:test_backups.py:569 Deploying a new cluster
[32mINFO    [0m juju.model:model.py:2098 Deploying ch:amd64/jammy/s3-integrator-29
[32mINFO    [0m juju.model:model.py:2098 Deploying ch:amd64/jammy/self-signed-certificates-155
[32mINFO    [0m juju.model:model.py:2098 Deploying local:jammy/opensearch-1
[32mINFO    [0m juju.model:model.py:2958 Waiting for model:
  self-signed-certificates/1 [allocating] waiting: waiting for machine
  opensearch/3 [allocating] waiting: waiting for machine
  opensearch/4 [allocating] waiting: waiting for machine
  opensearch/5 [allocating] waiting: waiting for machine
[32mINFO    [0m juju.model:model.py:2958 Waiting for model:
  self-signed-certificates/1 [allocating] waiting: waiting for machine
  opensearch/3 [allocating] waiting: waiting for machine
  opensearch/4 [allocating] waiting: waiting for machine
  opensearch/5 [allocating] waiting: waiting for machine
[32mINFO    [0m juju.model:model.py:2958 Waiting for model:
  self-signed-certificates/1 [allocating] waiting: waiting for machine
  opensearch/3 [allocating] waiting: waiting for machine
  opensearch/4 [allocating] waiting: waiting for machine
  opensearch/5 [allocating] waiting: waiting for machine
[32mINFO    [0m juju.model:model.py:2958 Waiting for model:
  self-signed-certificates/1 [allocating] waiting: waiting for machine
  opensearch/3 [allocating] waiting: waiting for machine
  opensearch/4 [allocating] waiting: waiting for machine
  opensearch/5 [allocating] waiting: waiting for machine
[32mINFO    [0m juju.model:model.py:2958 Waiting for model:
  self-signed-certificates/1 [allocating] waiting: waiting for machine
  opensearch/3 [allocating] waiting: waiting for machine
  opensearch/4 [allocating] waiting: waiting for machine
  opensearch/5 [allocating] waiting: waiting for machine
[32mINFO    [0m juju.model:model.py:2958 Waiting for model:
  self-signed-certificates/1 [allocating] waiting: waiting for machine
  opensearch/3 [allocating] waiting: waiting for machine
  opensearch/4 [allocating] waiting: waiting for machine
  opensearch/5 [allocating] waiting: waiting for machine
[32mINFO    [0m juju.model:model.py:2958 Waiting for model:
  self-signed-certificates/1 [allocating] waiting: waiting for machine
  opensearch/3 [allocating] waiting: waiting for machine
  opensearch/4 [allocating] waiting: waiting for machine
  opensearch/5 [allocating] waiting: waiting for machine
[32mINFO    [0m juju.model:model.py:2958 Waiting for model:
  self-signed-certificates/1 [allocating] waiting: waiting for machine
  opensearch/3 [allocating] waiting: waiting for machine
  opensearch/4 [allocating] waiting: waiting for machine
  opensearch/5 [allocating] waiting: waiting for machine
[32mINFO    [0m juju.model:model.py:2958 Waiting for model:
  self-signed-certificates/1 [allocating] waiting: waiting for machine
  opensearch/3 [allocating] waiting: waiting for machine
  opensearch/4 [allocating] waiting: waiting for machine
  opensearch/5 [allocating] waiting: waiting for machine
[32mINFO    [0m juju.model:model.py:2958 Waiting for model:
  self-signed-certificates/1 [allocating] waiting: waiting for machine
  opensearch/3 [allocating] waiting: waiting for machine
  opensearch/4 [allocating] waiting: waiting for machine
  opensearch/5 [allocating] waiting: waiting for machine
[32mINFO    [0m juju.model:model.py:2958 Waiting for model:
  self-signed-certificates/1 [allocating] waiting: installing agent
  opensearch/3 [allocating] waiting: waiting for machine
  opensearch/4 [allocating] waiting: waiting for machine
  opensearch/5 [allocating] waiting: waiting for machine
[32mINFO    [0m juju.model:model.py:2958 Waiting for model:
  self-signed-certificates/1 [executing] maintenance: installing charm software
  opensearch/3 [allocating] waiting: waiting for machine
  opensearch/4 [allocating] waiting: waiting for machine
  opensearch/5 [allocating] waiting: waiting for machine
[32mINFO    [0m juju.model:model.py:2958 Waiting for model:
  self-signed-certificates/1 [idle] active: 
  opensearch/3 [allocating] waiting: agent initialising
  opensearch/4 [allocating] waiting: agent initialising
  opensearch/5 [allocating] waiting: agent initialising
[32mINFO    [0m juju.model:model.py:2958 Waiting for model:
  self-signed-certificates/1 [idle] active: 
  opensearch/3 [executing] maintenance: Installing OpenSearch...
  opensearch/4 [executing] maintenance: Installing OpenSearch...
  opensearch/5 [executing] maintenance: Installing OpenSearch...
[32mINFO    [0m juju.model:model.py:2958 Waiting for model:
  opensearch/3 [executing] maintenance: Installing OpenSearch...
  opensearch/4 [executing] maintenance: Installing OpenSearch...
  opensearch/5 [executing] maintenance: Installing OpenSearch...
[32mINFO    [0m juju.model:model.py:2958 Waiting for model:
  opensearch/3 [executing] maintenance: Installing OpenSearch...
  opensearch/4 [executing] maintenance: Installing OpenSearch...
  opensearch/5 [executing] maintenance: Installing OpenSearch...
[32mINFO    [0m juju.model:model.py:2958 Waiting for model:
  opensearch/3 [executing] maintenance: Installing OpenSearch...
  opensearch/4 [executing] maintenance: Installing OpenSearch...
  opensearch/5 [executing] maintenance: Installing OpenSearch...
[32mINFO    [0m juju.model:model.py:2958 Waiting for model:
  opensearch/3 [executing] maintenance: Installing OpenSearch...
  opensearch/4 [executing] maintenance: Installing OpenSearch...
  opensearch/5 [executing] maintenance: Installing OpenSearch...
[32mINFO    [0m juju.model:model.py:2958 Waiting for model:
  opensearch/3 [executing] maintenance: Installing OpenSearch...
  opensearch/4 [executing] maintenance: Installing OpenSearch...
  opensearch/5 [executing] maintenance: Installing OpenSearch...
[32mINFO    [0m juju.model:model.py:2958 Waiting for model:
  opensearch/3 [executing] maintenance: Installing OpenSearch...
  opensearch/4 [executing] maintenance: Installing OpenSearch...
  opensearch/5 [executing] maintenance: Installing OpenSearch...
[32mINFO    [0m juju.model:model.py:2958 Waiting for model:
  opensearch/3 [executing] maintenance: Installing OpenSearch...
  opensearch/4 [executing] maintenance: Installing OpenSearch...
  opensearch/5 [executing] maintenance: Installing OpenSearch...
[32mINFO    [0m juju.model:model.py:2958 Waiting for model:
  opensearch/3 [executing] maintenance: Installing OpenSearch...
  opensearch/4 [executing] maintenance: Installing OpenSearch...
  opensearch/5 [executing] maintenance: Installing OpenSearch...
[32mINFO    [0m juju.model:model.py:2958 Waiting for model:
  opensearch/3 [executing] maintenance: Installing OpenSearch...
  opensearch/4 [executing] maintenance: Installing OpenSearch...
  opensearch/5 [executing] maintenance: Installing OpenSearch...
[32mINFO    [0m juju.model:model.py:2958 Waiting for model:
  self-signed-certificates/1 [executing] active: 
  opensearch/3 [executing] active: 
  opensearch/4 [executing] active: 
  opensearch/5 [executing] active: 
[32mINFO    [0m juju.model:model.py:2958 Waiting for model:
  self-signed-certificates/1 [idle] active: 
  opensearch/3 [executing] active: 
  opensearch/4 [executing] active: 
  opensearch/5 [executing] active: 
[32mINFO    [0m juju.model:model.py:2958 Waiting for model:
  self-signed-certificates/1 [idle] active: 
  opensearch/3 [executing] waiting: Requesting lock on operation: start
  opensearch/4 [executing] waiting: Requesting lock on operation: start
  opensearch/5 [executing] waiting: Requesting lock on operation: start
[32mINFO    [0m juju.model:model.py:2958 Waiting for model:
  self-signed-certificates/1 [idle] active: 
  opensearch/3 [executing] waiting: Waiting for OpenSearch to start...
  opensearch/4 [executing] waiting: Requesting lock on operation: start
  opensearch/5 [executing] waiting: Requesting lock on operation: start
[32mINFO    [0m juju.model:model.py:2958 Waiting for model:
  self-signed-certificates/1 [idle] active: 
  opensearch/3 [executing] active: 
  opensearch/4 [executing] waiting: Requesting lock on operation: start
  opensearch/5 [executing] waiting: Waiting for OpenSearch to start...
[32mINFO    [0m juju.model:model.py:2958 Waiting for model:
  opensearch/3 [executing] active: 
  opensearch/4 [executing] waiting: Waiting for OpenSearch to start...
  opensearch/5 [executing] waiting: Waiting for OpenSearch to start...
[32mINFO    [0m juju.model:model.py:2958 Waiting for model:
  opensearch/3 [executing] active: 
  opensearch/4 [executing] waiting: Waiting for OpenSearch to start...
  opensearch/5 [executing] waiting: Waiting for OpenSearch to start...
[32mINFO    [0m juju.model:model.py:2958 Waiting for model:
  opensearch/3 [idle] active: 
  opensearch/4 [idle] active: 
  opensearch/5 [idle] active: 
[32mINFO    [0m juju.model:model.py:2958 Waiting for model:
  opensearch/3 [idle] active: 
  opensearch/4 [idle] active: 
  opensearch/5 [idle] active: 
[32mINFO    [0m juju.model:model.py:2958 Waiting for model:
  opensearch/3 [idle] active: 
  opensearch/4 [idle] active: 
  opensearch/5 [idle] active: 
[32mINFO    [0m integration.ha.test_backups:test_backups.py:597 Syncing credentials for microceph
[32mINFO    [0m juju.model:model.py:2958 Waiting for model:
  opensearch/3 [executing] active: 
  opensearch/4 [executing] active: 
  opensearch/5 [executing] active: 
  s3-integrator/1 [executing] active: 
[32mINFO    [0m juju.model:model.py:2958 Waiting for model:
  opensearch/3 [idle] active: 
  opensearch/4 [idle] active: 
  opensearch/5 [idle] active: 
[32mINFO    [0m integration.helpers:helpers.py:347 Calling: GET -- https://10.191.127.162:9200/_recovery?human
[32mINFO    [0m integration.helpers:helpers.py:347 Calling: POST -- https://10.191.127.162:9200/series_index/_refresh
[32mINFO    [0m integration.helpers:helpers.py:347 Calling: GET -- https://10.191.127.162:9200/series_index/_count
[32mINFO    [0m integration.helpers:helpers.py:347 Calling: POST -- https://10.191.127.162:9200/series_index/_refresh
[32mINFO    [0m integration.helpers:helpers.py:347 Calling: GET -- https://10.191.127.162:9200/series_index/_count
[32mINFO    [0m integration.ha.helpers:helpers.py:533 Index series_index has 154 documents, starting there
[32mINFO    [0m integration.ha.helpers:helpers.py:247 Continuous writes result: namespace(max_stored_id=294, count=295, last_expected_id=294)
[32mINFO    [0m integration.helpers:helpers.py:347 Calling: GET -- https://10.191.127.162:9200/series_index/_search_shards
[32mINFO    [0m integration.helpers:helpers.py:347 Calling: GET -- https://10.191.127.162:9200/_recovery?human
[32mINFO    [0m integration.helpers:helpers.py:347 Calling: POST -- https://10.191.127.162:9200/series_index/_refresh
[32mINFO    [0m integration.helpers:helpers.py:347 Calling: GET -- https://10.191.127.162:9200/series_index/_count
[32mINFO    [0m integration.helpers:helpers.py:347 Calling: POST -- https://10.191.127.162:9200/series_index/_refresh
[32mINFO    [0m integration.helpers:helpers.py:347 Calling: GET -- https://10.191.127.162:9200/series_index/_count
[32mINFO    [0m integration.ha.helpers:helpers.py:533 Index series_index has 311 documents, starting there
[32mINFO    [0m integration.ha.helpers:helpers.py:247 Continuous writes result: namespace(max_stored_id=452, count=453, last_expected_id=452)
[32mINFO    [0m integration.helpers:helpers.py:347 Calling: GET -- https://10.191.127.162:9200/series_index/_search_shards
[32mINFO    [0m integration.ha.test_backups:test_backups.py:617 Final stage of DR test: try a backup & restore with continuous writes
[32mINFO    [0m integration.helpers:helpers.py:347 Calling: GET -- https://10.191.127.162:9200/_recovery?human
[32mINFO    [0m integration.ha.helpers:helpers.py:247 Continuous writes result: namespace(max_stored_id=153, count=154, last_expected_id=153)
[32mINFO    [0m integration.helpers:helpers.py:347 Calling: GET -- https://10.191.127.162:9200/series_index/_search_shards
[32mINFO    [0m integration.helpers:helpers.py:347 Calling: POST -- https://10.191.127.162:9200/series_index/_refresh
[32mINFO    [0m integration.helpers:helpers.py:347 Calling: GET -- https://10.191.127.162:9200/series_index/_count
[32mINFO    [0m integration.helpers:helpers.py:347 Calling: GET -- https://10.191.127.162:9200/_recovery?human
[32mINFO    [0m integration.helpers:helpers.py:347 Calling: POST -- https://10.191.127.162:9200/series_index/_refresh
[32mINFO    [0m integration.helpers:helpers.py:347 Calling: GET -- https://10.191.127.162:9200/series_index/_count
[32mINFO    [0m integration.ha.helpers:helpers.py:591 Testing restore for series_index - original count pre-restore: 154, and now, new count: 114
[32mINFO    [0m pytest_operator.plugin:plugin.py:862 Model status:

Model  Controller           Cloud/Region         Version  SLA          Timestamp
test   localhost-localhost  localhost/localhost  3.4.4    unsupported  02:43:36Z

App                       Version  Status  Scale  Charm                     Channel        Rev  Exposed  Message
opensearch                         active      3  opensearch                                 1  no       
s3-integrator                      active      1  s3-integrator             latest/edge     29  no       
self-signed-certificates           active      1  self-signed-certificates  latest/stable  155  no       

Unit                         Workload  Agent  Machine  Public address  Ports     Message
opensearch/3*                active    idle   7        10.191.127.162  9200/tcp  
opensearch/4                 active    idle   8        10.191.127.56   9200/tcp  
opensearch/5                 active    idle   9        10.191.127.49   9200/tcp  
s3-integrator/1*             active    idle   5        10.191.127.34             
self-signed-certificates/1*  active    idle   6        10.191.127.164            

Machine  State    Address         Inst id        Base          AZ  Message
5        started  10.191.127.34   juju-0d0f3e-5  ubuntu@22.04      Running
6        started  10.191.127.164  juju-0d0f3e-6  ubuntu@22.04      Running
7        started  10.191.127.162  juju-0d0f3e-7  ubuntu@22.04      Running
8        started  10.191.127.56   juju-0d0f3e-8  ubuntu@22.04      Running
9        started  10.191.127.49   juju-0d0f3e-9  ubuntu@22.04      Running

[32mINFO    [0m pytest_operator.plugin:plugin.py:868 Juju error logs:

machine-0: 01:46:15 ERROR juju.worker.dependency "lxd-container-provisioner" manifold worker returned unexpected error: container types not yet available
machine-0: 01:46:15 ERROR juju.worker.dependency "kvm-container-provisioner" manifold worker returned unexpected error: container types not yet available
machine-1: 01:46:15 ERROR juju.worker.dependency "lxd-container-provisioner" manifold worker returned unexpected error: container types not yet available
machine-1: 01:46:15 ERROR juju.worker.dependency "kvm-container-provisioner" manifold worker returned unexpected error: container types not yet available
unit-s3-integrator-0: 01:46:15 ERROR juju.worker.meterstatus error running "meter-status-changed": charm missing from disk
unit-self-signed-certificates-0: 01:46:15 ERROR juju.worker.meterstatus error running "meter-status-changed": charm missing from disk
machine-2: 01:47:04 ERROR juju.worker.dependency "kvm-container-provisioner" manifold worker returned unexpected error: container types not yet available
machine-2: 01:47:04 ERROR juju.worker.dependency "lxd-container-provisioner" manifold worker returned unexpected error: container types not yet available
machine-3: 01:47:04 ERROR juju.worker.dependency "lxd-container-provisioner" manifold worker returned unexpected error: container types not yet available
machine-3: 01:47:04 ERROR juju.worker.dependency "kvm-container-provisioner" manifold worker returned unexpected error: container types not yet available
machine-4: 01:47:04 ERROR juju.worker.dependency "lxd-container-provisioner" manifold worker returned unexpected error: container types not yet available
machine-4: 01:47:04 ERROR juju.worker.dependency "kvm-container-provisioner" manifold worker returned unexpected error: container types not yet available
unit-opensearch-0: 01:47:04 ERROR juju.worker.meterstatus error running "meter-status-changed": charm missing from disk
unit-opensearch-1: 01:47:05 ERROR juju.worker.meterstatus error running "meter-status-changed": charm missing from disk
unit-opensearch-2: 01:47:05 ERROR juju.worker.meterstatus error running "meter-status-changed": charm missing from disk
unit-self-signed-certificates-0: 01:49:58 ERROR juju.worker.dependency "leadership-tracker" manifold worker returned unexpected error: leadership failure: lease operation timed out
unit-opensearch-1: 01:55:19 ERROR unit.opensearch/1.juju-log [Errno 111] Connection refused
unit-opensearch-2: 01:55:21 ERROR unit.opensearch/2.juju-log [Errno 111] Connection refused
unit-opensearch-1: 01:55:21 ERROR unit.opensearch/1.juju-log opensearch-peers:1: [Errno 111] Connection refused
unit-opensearch-1: 01:55:21 ERROR unit.opensearch/1.juju-log opensearch-peers:1: [Errno 111] Connection refused
unit-opensearch-0: 01:55:21 ERROR unit.opensearch/0.juju-log [Errno 111] Connection refused
unit-opensearch-2: 01:55:22 ERROR unit.opensearch/2.juju-log certificates:4: [Errno 111] Connection refused
unit-opensearch-1: 01:55:22 ERROR unit.opensearch/1.juju-log opensearch-peers:1: [Errno 111] Connection refused
unit-opensearch-1: 01:55:22 ERROR unit.opensearch/1.juju-log opensearch-peers:1: [Errno 111] Connection refused
unit-opensearch-0: 01:55:23 ERROR unit.opensearch/0.juju-log node-lock-fallback:2: [Errno 111] Connection refused
unit-opensearch-1: 01:55:24 ERROR unit.opensearch/1.juju-log certificates:4: [Errno 111] Connection refused
unit-opensearch-1: 01:55:24 ERROR unit.opensearch/1.juju-log certificates:4: [Errno 111] Connection refused
unit-opensearch-0: 01:55:25 ERROR unit.opensearch/0.juju-log opensearch-peers:1: [Errno 111] Connection refused
unit-opensearch-0: 01:55:25 ERROR unit.opensearch/0.juju-log opensearch-peers:1: [Errno 111] Connection refused
unit-opensearch-0: 01:55:25 ERROR unit.opensearch/0.juju-log opensearch-peers:1: [Errno 111] Connection refused
unit-opensearch-0: 01:55:25 ERROR unit.opensearch/0.juju-log opensearch-peers:1: [Errno 111] Connection refused
unit-opensearch-0: 01:55:27 ERROR unit.opensearch/0.juju-log node-lock-fallback:2: [Errno 111] Connection refused
unit-opensearch-2: 01:55:28 ERROR unit.opensearch/2.juju-log [Errno 111] Connection refused
unit-opensearch-0: 01:55:29 ERROR unit.opensearch/0.juju-log certificates:4: [Errno 111] Connection refused
unit-opensearch-2: 01:55:30 ERROR unit.opensearch/2.juju-log [Errno 111] Connection refused
unit-opensearch-1: 01:55:30 ERROR unit.opensearch/1.juju-log [Errno 111] Connection refused
unit-opensearch-1: 01:55:30 ERROR unit.opensearch/1.juju-log [Errno 111] Connection refused
unit-opensearch-2: 01:55:32 ERROR unit.opensearch/2.juju-log upgrade-version-a:3: [Errno 111] Connection refused
unit-opensearch-1: 01:55:33 ERROR unit.opensearch/1.juju-log [Errno 111] Connection refused
unit-opensearch-1: 01:55:33 ERROR unit.opensearch/1.juju-log [Errno 111] Connection refused
unit-opensearch-2: 01:55:33 ERROR unit.opensearch/2.juju-log [Errno 111] Connection refused
unit-opensearch-1: 01:55:34 ERROR unit.opensearch/1.juju-log [Errno 111] Connection refused
unit-opensearch-1: 01:55:34 ERROR unit.opensearch/1.juju-log [Errno 111] Connection refused
unit-opensearch-2: 01:55:35 ERROR unit.opensearch/2.juju-log [Errno 111] Connection refused
unit-opensearch-0: 01:55:35 ERROR unit.opensearch/0.juju-log [Errno 111] Connection refused
unit-opensearch-1: 01:55:35 ERROR unit.opensearch/1.juju-log [Errno 111] Connection refused
unit-opensearch-1: 01:55:35 ERROR unit.opensearch/1.juju-log [Errno 111] Connection refused
unit-opensearch-2: 01:55:36 ERROR unit.opensearch/2.juju-log [Errno 111] Connection refused
unit-opensearch-0: 01:55:36 ERROR unit.opensearch/0.juju-log [Errno 111] Connection refused
unit-opensearch-1: 01:55:36 ERROR unit.opensearch/1.juju-log [Errno 111] Connection refused
unit-opensearch-1: 01:55:36 ERROR unit.opensearch/1.juju-log [Errno 111] Connection refused
unit-opensearch-2: 01:55:37 ERROR unit.opensearch/2.juju-log node-lock-fallback:2: [Errno 111] Connection refused
unit-opensearch-1: 01:55:37 ERROR unit.opensearch/1.juju-log [Errno 111] Connection refused
unit-opensearch-1: 01:55:37 ERROR unit.opensearch/1.juju-log Cannot connect to the OpenSearch server...
unit-opensearch-1: 01:55:37 ERROR unit.opensearch/1.juju-log [Errno 111] Connection refused
unit-opensearch-1: 01:55:37 ERROR unit.opensearch/1.juju-log [Errno 111] Connection refused
unit-opensearch-0: 01:55:37 ERROR unit.opensearch/0.juju-log [Errno 111] Connection refused
unit-opensearch-2: 01:55:38 ERROR unit.opensearch/2.juju-log node-lock-fallback:2: [Errno 111] Connection refused
unit-opensearch-2: 01:55:38 ERROR unit.opensearch/2.juju-log node-lock-fallback:2: Cannot connect to the OpenSearch server...
unit-opensearch-2: 01:55:38 ERROR unit.opensearch/2.juju-log node-lock-fallback:2: [Errno 111] Connection refused
unit-opensearch-1: 01:55:38 ERROR unit.opensearch/1.juju-log node-lock-fallback:2: [Errno 111] Connection refused
unit-opensearch-1: 01:55:38 ERROR unit.opensearch/1.juju-log node-lock-fallback:2: Cannot connect to the OpenSearch server...
unit-opensearch-1: 01:55:38 ERROR unit.opensearch/1.juju-log node-lock-fallback:2: [Errno 111] Connection refused
unit-opensearch-1: 01:55:38 ERROR unit.opensearch/1.juju-log node-lock-fallback:2: [Errno 111] Connection refused
unit-opensearch-0: 01:55:39 ERROR unit.opensearch/0.juju-log [Errno 111] Connection refused
unit-opensearch-2: 01:55:39 ERROR unit.opensearch/2.juju-log certificates:4: [Errno 111] Connection refused
unit-opensearch-2: 01:55:39 ERROR unit.opensearch/2.juju-log certificates:4: Cannot connect to the OpenSearch server...
unit-opensearch-2: 01:55:39 ERROR unit.opensearch/2.juju-log certificates:4: [Errno 111] Connection refused
unit-opensearch-0: 01:55:39 ERROR unit.opensearch/0.juju-log [Errno 111] Connection refused
unit-opensearch-0: 01:55:39 ERROR unit.opensearch/0.juju-log Cannot connect to the OpenSearch server...
unit-opensearch-0: 01:55:39 ERROR unit.opensearch/0.juju-log [Errno 111] Connection refused
unit-opensearch-1: 01:55:39 ERROR unit.opensearch/1.juju-log certificates:4: [Errno 111] Connection refused
unit-opensearch-1: 01:55:39 ERROR unit.opensearch/1.juju-log certificates:4: Cannot connect to the OpenSearch server...
unit-opensearch-1: 01:55:39 ERROR unit.opensearch/1.juju-log certificates:4: [Errno 111] Connection refused
unit-opensearch-1: 01:55:39 ERROR unit.opensearch/1.juju-log certificates:4: [Errno 111] Connection refused
unit-opensearch-0: 01:55:40 ERROR unit.opensearch/0.juju-log [Errno 111] Connection refused
unit-opensearch-0: 01:55:40 ERROR unit.opensearch/0.juju-log Cannot connect to the OpenSearch server...
unit-opensearch-0: 01:55:40 ERROR unit.opensearch/0.juju-log [Errno 111] Connection refused
unit-opensearch-0: 01:55:41 ERROR unit.opensearch/0.juju-log [Errno 111] Connection refused
unit-opensearch-0: 01:55:41 ERROR unit.opensearch/0.juju-log Cannot connect to the OpenSearch server...
unit-opensearch-0: 01:55:41 ERROR unit.opensearch/0.juju-log [Errno 111] Connection refused
unit-opensearch-0: 01:55:41 ERROR unit.opensearch/0.juju-log Cannot connect to the OpenSearch server...
unit-opensearch-2: 01:55:41 ERROR unit.opensearch/2.juju-log [Errno 111] Connection refused
unit-opensearch-2: 01:55:41 ERROR unit.opensearch/2.juju-log Cannot connect to the OpenSearch server...
unit-opensearch-2: 01:55:41 ERROR unit.opensearch/2.juju-log [Errno 111] Connection refused
unit-opensearch-1: 01:55:42 ERROR unit.opensearch/1.juju-log [Errno 111] Connection refused
unit-opensearch-1: 01:55:42 ERROR unit.opensearch/1.juju-log Cannot connect to the OpenSearch server...
unit-opensearch-1: 01:55:42 ERROR unit.opensearch/1.juju-log [Errno 111] Connection refused
unit-opensearch-1: 01:55:42 ERROR unit.opensearch/1.juju-log [Errno 111] Connection refused
unit-opensearch-2: 01:55:43 ERROR unit.opensearch/2.juju-log [Errno 111] Connection refused
unit-opensearch-2: 01:55:43 ERROR unit.opensearch/2.juju-log Cannot connect to the OpenSearch server...
unit-opensearch-2: 01:55:43 ERROR unit.opensearch/2.juju-log [Errno 111] Connection refused
unit-opensearch-0: 01:55:44 ERROR unit.opensearch/0.juju-log [Errno 111] Connection refused
unit-opensearch-0: 01:55:45 ERROR unit.opensearch/0.juju-log Cannot connect to the OpenSearch server...
unit-opensearch-0: 01:55:48 ERROR unit.opensearch/0.juju-log [Errno 111] Connection refused
unit-opensearch-0: 01:55:48 ERROR unit.opensearch/0.juju-log Cannot connect to the OpenSearch server...
unit-opensearch-1: 01:55:49 ERROR unit.opensearch/1.juju-log [Errno 111] Connection refused
unit-opensearch-1: 01:55:50 ERROR unit.opensearch/1.juju-log Cannot connect to the OpenSearch server...
unit-opensearch-1: 01:55:50 ERROR unit.opensearch/1.juju-log [Errno 111] Connection refused
unit-opensearch-1: 01:55:51 ERROR unit.opensearch/1.juju-log [Errno 111] Connection refused
unit-opensearch-0: 01:55:52 ERROR unit.opensearch/0.juju-log [Errno 111] Connection refused
unit-opensearch-0: 01:55:52 ERROR unit.opensearch/0.juju-log Cannot connect to the OpenSearch server...
unit-opensearch-0: 01:55:55 ERROR unit.opensearch/0.juju-log [Errno 111] Connection refused
unit-opensearch-0: 01:55:55 ERROR unit.opensearch/0.juju-log Cannot connect to the OpenSearch server...
unit-opensearch-2: 01:55:56 ERROR unit.opensearch/2.juju-log [Errno 111] Connection refused
unit-opensearch-2: 01:55:57 ERROR unit.opensearch/2.juju-log Cannot connect to the OpenSearch server...
unit-opensearch-2: 01:55:57 ERROR unit.opensearch/2.juju-log [Errno 111] Connection refused
unit-opensearch-0: 01:55:59 ERROR unit.opensearch/0.juju-log [Errno 111] Connection refused
unit-opensearch-0: 01:55:59 ERROR unit.opensearch/0.juju-log Cannot connect to the OpenSearch server...
unit-opensearch-0: 01:56:03 ERROR unit.opensearch/0.juju-log [Errno 111] Connection refused
unit-opensearch-0: 01:56:03 ERROR unit.opensearch/0.juju-log Cannot connect to the OpenSearch server...
unit-opensearch-0: 01:56:06 ERROR unit.opensearch/0.juju-log [Errno 111] Connection refused
unit-opensearch-0: 01:56:07 ERROR unit.opensearch/0.juju-log Cannot connect to the OpenSearch server...
unit-opensearch-1: 01:56:10 ERROR unit.opensearch/1.juju-log [Errno 111] Connection refused
unit-opensearch-1: 01:56:10 ERROR unit.opensearch/1.juju-log Cannot connect to the OpenSearch server...
unit-opensearch-0: 01:56:10 ERROR unit.opensearch/0.juju-log [Errno 111] Connection refused
unit-opensearch-0: 01:56:10 ERROR unit.opensearch/0.juju-log Cannot connect to the OpenSearch server...
unit-opensearch-1: 01:56:11 ERROR unit.opensearch/1.juju-log [Errno 111] Connection refused
unit-opensearch-1: 01:56:12 ERROR unit.opensearch/1.juju-log [Errno 111] Connection refused
unit-opensearch-0: 01:56:14 ERROR unit.opensearch/0.juju-log [Errno 111] Connection refused
unit-opensearch-0: 01:56:14 ERROR unit.opensearch/0.juju-log Cannot connect to the OpenSearch server...
unit-opensearch-2: 01:56:14 ERROR unit.opensearch/2.juju-log [Errno 111] Connection refused
unit-opensearch-2: 01:56:15 ERROR unit.opensearch/2.juju-log Cannot connect to the OpenSearch server...
unit-opensearch-2: 01:56:15 ERROR unit.opensearch/2.juju-log [Errno 111] Connection refused
unit-opensearch-0: 01:56:17 ERROR unit.opensearch/0.juju-log [Errno 111] Connection refused
unit-opensearch-0: 01:56:17 ERROR unit.opensearch/0.juju-log Cannot connect to the OpenSearch server...
unit-opensearch-1: 01:56:18 ERROR unit.opensearch/1.juju-log [Errno 111] Connection refused
unit-opensearch-1: 01:56:18 ERROR unit.opensearch/1.juju-log Cannot connect to the OpenSearch server...
unit-opensearch-1: 01:56:18 ERROR unit.opensearch/1.juju-log [Errno 111] Connection refused
unit-opensearch-1: 01:56:18 ERROR unit.opensearch/1.juju-log [Errno 111] Connection refused
unit-opensearch-2: 01:56:19 ERROR unit.opensearch/2.juju-log node-lock-fallback:2: [Errno 111] Connection refused
unit-opensearch-2: 01:56:19 ERROR unit.opensearch/2.juju-log node-lock-fallback:2: Cannot connect to the OpenSearch server...
unit-opensearch-2: 01:56:19 ERROR unit.opensearch/2.juju-log node-lock-fallback:2: [Errno 111] Connection refused
unit-opensearch-0: 01:56:20 ERROR unit.opensearch/0.juju-log [Errno 111] Connection refused
unit-opensearch-1: 01:56:20 ERROR unit.opensearch/1.juju-log opensearch-peers:1: [Errno 111] Connection refused
unit-opensearch-1: 01:56:20 ERROR unit.opensearch/1.juju-log opensearch-peers:1: Cannot connect to the OpenSearch server...
unit-opensearch-1: 01:56:20 ERROR unit.opensearch/1.juju-log opensearch-peers:1: [Errno 111] Connection refused
unit-opensearch-0: 01:56:20 ERROR unit.opensearch/0.juju-log Cannot connect to the OpenSearch server...
unit-opensearch-1: 01:56:20 ERROR unit.opensearch/1.juju-log opensearch-peers:1: [Errno 111] Connection refused
unit-opensearch-1: 01:56:21 ERROR unit.opensearch/1.juju-log opensearch-peers:1: [Errno 111] Connection refused
unit-opensearch-1: 01:56:21 ERROR unit.opensearch/1.juju-log opensearch-peers:1: [Errno 111] Connection refused
unit-opensearch-1: 01:56:21 ERROR unit.opensearch/1.juju-log opensearch-peers:1: [Errno 111] Connection refused
unit-opensearch-1: 01:56:21 ERROR unit.opensearch/1.juju-log opensearch-peers:1: [Errno 111] Connection refused
unit-opensearch-1: 01:56:21 ERROR unit.opensearch/1.juju-log opensearch-peers:1: [Errno 111] Connection refused
unit-opensearch-1: 01:56:21 ERROR unit.opensearch/1.juju-log opensearch-peers:1: [Errno 111] Connection refused
unit-opensearch-2: 01:56:22 ERROR unit.opensearch/2.juju-log certificates:4: [Errno 111] Connection refused
unit-opensearch-2: 01:56:22 ERROR unit.opensearch/2.juju-log certificates:4: Cannot connect to the OpenSearch server...
unit-opensearch-2: 01:56:22 ERROR unit.opensearch/2.juju-log certificates:4: [Errno 111] Connection refused
unit-opensearch-1: 01:56:23 ERROR unit.opensearch/1.juju-log certificates:4: [Errno 111] Connection refused
unit-opensearch-1: 01:56:23 ERROR unit.opensearch/1.juju-log certificates:4: Cannot connect to the OpenSearch server...
unit-opensearch-1: 01:56:23 ERROR unit.opensearch/1.juju-log certificates:4: [Errno 111] Connection refused
unit-opensearch-1: 01:56:23 ERROR unit.opensearch/1.juju-log certificates:4: [Errno 111] Connection refused
unit-opensearch-0: 01:56:23 ERROR unit.opensearch/0.juju-log [Errno 111] Connection refused
unit-opensearch-0: 01:56:23 ERROR unit.opensearch/0.juju-log Cannot connect to the OpenSearch server...
unit-opensearch-2: 01:56:24 ERROR unit.opensearch/2.juju-log node-lock-fallback:2: [Errno 111] Connection refused
unit-opensearch-2: 01:56:24 ERROR unit.opensearch/2.juju-log node-lock-fallback:2: Cannot connect to the OpenSearch server...
unit-opensearch-2: 01:56:24 ERROR unit.opensearch/2.juju-log node-lock-fallback:2: [Errno 111] Connection refused
unit-opensearch-1: 01:56:25 ERROR unit.opensearch/1.juju-log node-lock-fallback:2: [Errno 111] Connection refused
unit-opensearch-1: 01:56:25 ERROR unit.opensearch/1.juju-log node-lock-fallback:2: Cannot connect to the OpenSearch server...
unit-opensearch-1: 01:56:25 ERROR unit.opensearch/1.juju-log node-lock-fallback:2: [Errno 111] Connection refused
unit-opensearch-1: 01:56:25 ERROR unit.opensearch/1.juju-log node-lock-fallback:2: [Errno 111] Connection refused
unit-opensearch-2: 01:56:26 ERROR unit.opensearch/2.juju-log upgrade-version-a:3: [Errno 111] Connection refused
unit-opensearch-2: 01:56:26 ERROR unit.opensearch/2.juju-log upgrade-version-a:3: Cannot connect to the OpenSearch server...
unit-opensearch-2: 01:56:26 ERROR unit.opensearch/2.juju-log upgrade-version-a:3: [Errno 111] Connection refused
unit-opensearch-0: 01:56:26 ERROR unit.opensearch/0.juju-log [Errno 111] Connection refused
unit-opensearch-0: 01:56:26 ERROR unit.opensearch/0.juju-log Cannot connect to the OpenSearch server...
unit-opensearch-1: 01:56:27 ERROR unit.opensearch/1.juju-log node-lock-fallback:2: [Errno 111] Connection refused
unit-opensearch-1: 01:56:27 ERROR unit.opensearch/1.juju-log node-lock-fallback:2: Cannot connect to the OpenSearch server...
unit-opensearch-1: 01:56:27 ERROR unit.opensearch/1.juju-log node-lock-fallback:2: [Errno 111] Connection refused
unit-opensearch-1: 01:56:27 ERROR unit.opensearch/1.juju-log node-lock-fallback:2: [Errno 111] Connection refused
unit-opensearch-2: 01:56:28 ERROR unit.opensearch/2.juju-log opensearch-peers:1: [Errno 111] Connection refused
unit-opensearch-2: 01:56:28 ERROR unit.opensearch/2.juju-log opensearch-peers:1: Cannot connect to the OpenSearch server...
unit-opensearch-2: 01:56:28 ERROR unit.opensearch/2.juju-log opensearch-peers:1: [Errno 111] Connection refused
unit-opensearch-2: 01:56:29 ERROR unit.opensearch/2.juju-log opensearch-peers:1: [Errno 111] Connection refused
unit-opensearch-1: 01:56:29 ERROR unit.opensearch/1.juju-log opensearch-peers:1: [Errno 111] Connection refused
unit-opensearch-1: 01:56:29 ERROR unit.opensearch/1.juju-log opensearch-peers:1: Cannot connect to the OpenSearch server...
unit-opensearch-0: 01:56:29 ERROR unit.opensearch/0.juju-log [Errno 111] Connection refused
unit-opensearch-0: 01:56:29 ERROR unit.opensearch/0.juju-log Cannot connect to the OpenSearch server...
unit-opensearch-1: 01:56:29 ERROR unit.opensearch/1.juju-log opensearch-peers:1: [Errno 111] Connection refused
unit-opensearch-1: 01:56:29 ERROR unit.opensearch/1.juju-log opensearch-peers:1: [Errno 111] Connection refused
unit-opensearch-1: 01:56:30 ERROR unit.opensearch/1.juju-log opensearch-peers:1: [Errno 111] Connection refused
unit-opensearch-1: 01:56:30 ERROR unit.opensearch/1.juju-log opensearch-peers:1: [Errno 111] Connection refused
unit-opensearch-2: 01:56:30 ERROR unit.opensearch/2.juju-log node-lock-fallback:2: [Errno 111] Connection refused
unit-opensearch-2: 01:56:30 ERROR unit.opensearch/2.juju-log node-lock-fallback:2: Cannot connect to the OpenSearch server...
unit-opensearch-2: 01:56:30 ERROR unit.opensearch/2.juju-log node-lock-fallback:2: [Errno 111] Connection refused
unit-opensearch-1: 01:56:31 ERROR unit.opensearch/1.juju-log opensearch-peers:1: [Errno 111] Connection refused
unit-opensearch-1: 01:56:31 ERROR unit.opensearch/1.juju-log opensearch-peers:1: Cannot connect to the OpenSearch server...
unit-opensearch-1: 01:56:31 ERROR unit.opensearch/1.juju-log opensearch-peers:1: [Errno 111] Connection refused
unit-opensearch-1: 01:56:31 ERROR unit.opensearch/1.juju-log opensearch-peers:1: [Errno 111] Connection refused
unit-opensearch-1: 01:56:31 ERROR unit.opensearch/1.juju-log opensearch-peers:1: [Errno 111] Connection refused
unit-opensearch-2: 01:56:32 ERROR unit.opensearch/2.juju-log certificates:4: [Errno 111] Connection refused
unit-opensearch-2: 01:56:32 ERROR unit.opensearch/2.juju-log certificates:4: Cannot connect to the OpenSearch server...
unit-opensearch-2: 01:56:32 ERROR unit.opensearch/2.juju-log certificates:4: [Errno 111] Connection refused
unit-opensearch-0: 01:56:32 ERROR unit.opensearch/0.juju-log [Errno 111] Connection refused
unit-opensearch-0: 01:56:32 ERROR unit.opensearch/0.juju-log Cannot connect to the OpenSearch server...
unit-opensearch-1: 01:56:35 ERROR unit.opensearch/1.juju-log opensearch-peers:1: [Errno 111] Connection refused
unit-opensearch-1: 01:56:35 ERROR unit.opensearch/1.juju-log opensearch-peers:1: Cannot connect to the OpenSearch server...
unit-opensearch-1: 01:56:35 ERROR unit.opensearch/1.juju-log opensearch-peers:1: [Errno 111] Connection refused
unit-opensearch-1: 01:56:35 ERROR unit.opensearch/1.juju-log opensearch-peers:1: [Errno 111] Connection refused
unit-opensearch-1: 01:56:35 ERROR unit.opensearch/1.juju-log opensearch-peers:1: [Errno 111] Connection refused
unit-opensearch-0: 01:56:35 ERROR unit.opensearch/0.juju-log [Errno 111] Connection refused
unit-opensearch-0: 01:56:36 ERROR unit.opensearch/0.juju-log Cannot connect to the OpenSearch server...
unit-opensearch-1: 01:56:36 ERROR unit.opensearch/1.juju-log opensearch-peers:1: [Errno 111] Connection refused
unit-opensearch-1: 01:56:36 ERROR unit.opensearch/1.juju-log opensearch-peers:1: [Errno 111] Connection refused
unit-opensearch-1: 01:56:36 ERROR unit.opensearch/1.juju-log opensearch-peers:1: [Errno 111] Connection refused
unit-opensearch-1: 01:56:36 ERROR unit.opensearch/1.juju-log opensearch-peers:1: [Errno 111] Connection refused
unit-opensearch-1: 01:56:36 ERROR unit.opensearch/1.juju-log opensearch-peers:1: [Errno 111] Connection refused
unit-opensearch-1: 01:56:36 ERROR unit.opensearch/1.juju-log opensearch-peers:1: [Errno 111] Connection refused
unit-opensearch-1: 01:56:36 ERROR unit.opensearch/1.juju-log opensearch-peers:1: [Errno 111] Connection refused
unit-opensearch-1: 01:56:36 ERROR unit.opensearch/1.juju-log opensearch-peers:1: [Errno 111] Connection refused
unit-opensearch-1: 01:56:36 ERROR unit.opensearch/1.juju-log opensearch-peers:1: [Errno 111] Connection refused
unit-opensearch-2: 01:56:37 ERROR unit.opensearch/2.juju-log [Errno 111] Connection refused
unit-opensearch-2: 01:56:37 ERROR unit.opensearch/2.juju-log Cannot connect to the OpenSearch server...
unit-opensearch-2: 01:56:37 ERROR unit.opensearch/2.juju-log [Errno 111] Connection refused
unit-opensearch-1: 01:56:38 ERROR unit.opensearch/1.juju-log upgrade-version-a:3: [Errno 111] Connection refused
unit-opensearch-1: 01:56:38 ERROR unit.opensearch/1.juju-log upgrade-version-a:3: Cannot connect to the OpenSearch server...
unit-opensearch-1: 01:56:38 ERROR unit.opensearch/1.juju-log upgrade-version-a:3: [Errno 111] Connection refused
unit-opensearch-1: 01:56:38 ERROR unit.opensearch/1.juju-log upgrade-version-a:3: [Errno 111] Connection refused
unit-opensearch-1: 01:56:38 ERROR unit.opensearch/1.juju-log upgrade-version-a:3: [Errno 111] Connection refused
unit-opensearch-2: 01:56:38 ERROR unit.opensearch/2.juju-log [Errno 111] Connection refused
unit-opensearch-2: 01:56:38 ERROR unit.opensearch/2.juju-log Cannot connect to the OpenSearch server...
unit-opensearch-2: 01:56:38 ERROR unit.opensearch/2.juju-log [Errno 111] Connection refused
unit-opensearch-0: 01:56:39 ERROR unit.opensearch/0.juju-log [Errno 111] Connection refused
unit-opensearch-0: 01:56:39 ERROR unit.opensearch/0.juju-log Cannot connect to the OpenSearch server...
unit-opensearch-1: 01:56:39 ERROR unit.opensearch/1.juju-log upgrade-version-a:3: [Errno 111] Connection refused
unit-opensearch-1: 01:56:39 ERROR unit.opensearch/1.juju-log upgrade-version-a:3: Cannot connect to the OpenSearch server...
unit-opensearch-1: 01:56:39 ERROR unit.opensearch/1.juju-log upgrade-version-a:3: [Errno 111] Connection refused
unit-opensearch-1: 01:56:40 ERROR unit.opensearch/1.juju-log upgrade-version-a:3: [Errno 111] Connection refused
unit-opensearch-1: 01:56:40 ERROR unit.opensearch/1.juju-log upgrade-version-a:3: [Errno 111] Connection refused
unit-opensearch-2: 01:56:41 ERROR unit.opensearch/2.juju-log [Errno 111] Connection refused
unit-opensearch-2: 01:56:41 ERROR unit.opensearch/2.juju-log Cannot connect to the OpenSearch server...
unit-opensearch-2: 01:56:41 ERROR unit.opensearch/2.juju-log [Errno 111] Connection refused
unit-opensearch-0: 01:56:42 ERROR unit.opensearch/0.juju-log [Errno 111] Connection refused
unit-opensearch-0: 01:56:42 ERROR unit.opensearch/0.juju-log Cannot connect to the OpenSearch server...
unit-opensearch-1: 01:56:42 ERROR unit.opensearch/1.juju-log certificates:4: [Errno 111] Connection refused
unit-opensearch-1: 01:56:42 ERROR unit.opensearch/1.juju-log certificates:4: Cannot connect to the OpenSearch server...
unit-opensearch-1: 01:56:43 ERROR unit.opensearch/1.juju-log certificates:4: [Errno 111] Connection refused
unit-opensearch-1: 01:56:43 ERROR unit.opensearch/1.juju-log certificates:4: [Errno 111] Connection refused
unit-opensearch-1: 01:56:43 ERROR unit.opensearch/1.juju-log certificates:4: [Errno 111] Connection refused
unit-opensearch-2: 01:56:44 ERROR unit.opensearch/2.juju-log [Errno 111] Connection refused
unit-opensearch-2: 01:56:44 ERROR unit.opensearch/2.juju-log Cannot connect to the OpenSearch server...
unit-opensearch-2: 01:56:44 ERROR unit.opensearch/2.juju-log [Errno 111] Connection refused
unit-opensearch-2: 01:56:46 ERROR unit.opensearch/2.juju-log node-lock-fallback:2: [Errno 111] Connection refused
unit-opensearch-2: 01:56:46 ERROR unit.opensearch/2.juju-log node-lock-fallback:2: Cannot connect to the OpenSearch server...
unit-opensearch-2: 01:56:46 ERROR unit.opensearch/2.juju-log node-lock-fallback:2: [Errno 111] Connection refused
unit-opensearch-1: 01:56:47 ERROR unit.opensearch/1.juju-log [Errno 111] Connection refused
unit-opensearch-1: 01:56:47 ERROR unit.opensearch/1.juju-log Cannot connect to the OpenSearch server...
unit-opensearch-1: 01:56:47 ERROR unit.opensearch/1.juju-log [Errno 111] Connection refused
unit-opensearch-1: 01:56:49 ERROR unit.opensearch/1.juju-log [Errno 111] Connection refused
unit-opensearch-2: 01:56:49 ERROR unit.opensearch/2.juju-log opensearch-peers:1: [Errno 111] Connection refused
unit-opensearch-2: 01:56:49 ERROR unit.opensearch/2.juju-log opensearch-peers:1: Cannot connect to the OpenSearch server...
unit-opensearch-2: 01:56:49 ERROR unit.opensearch/2.juju-log opensearch-peers:1: [Errno 111] Connection refused
unit-opensearch-2: 01:56:49 ERROR unit.opensearch/2.juju-log opensearch-peers:1: [Errno 111] Connection refused
unit-opensearch-1: 01:56:53 ERROR unit.opensearch/1.juju-log [Errno 111] Connection refused
unit-opensearch-1: 01:56:53 ERROR unit.opensearch/1.juju-log Cannot connect to the OpenSearch server...
unit-opensearch-1: 01:56:54 ERROR unit.opensearch/1.juju-log [Errno 111] Connection refused
unit-opensearch-1: 01:56:54 ERROR unit.opensearch/1.juju-log [Errno 111] Connection refused
unit-opensearch-2: 01:56:56 ERROR unit.opensearch/2.juju-log opensearch-peers:1: [Errno 111] Connection refused
unit-opensearch-2: 01:56:56 ERROR unit.opensearch/2.juju-log opensearch-peers:1: Cannot connect to the OpenSearch server...
unit-opensearch-2: 01:56:56 ERROR unit.opensearch/2.juju-log opensearch-peers:1: [Errno 111] Connection refused
unit-opensearch-1: 01:56:57 ERROR unit.opensearch/1.juju-log [Errno 111] Connection refused
unit-opensearch-1: 01:56:57 ERROR unit.opensearch/1.juju-log Cannot connect to the OpenSearch server...
unit-opensearch-1: 01:56:57 ERROR unit.opensearch/1.juju-log [Errno 111] Connection refused
unit-opensearch-1: 01:56:58 ERROR unit.opensearch/1.juju-log [Errno 111] Connection refused
unit-opensearch-2: 01:56:58 ERROR unit.opensearch/2.juju-log opensearch-peers:1: [Errno 111] Connection refused
unit-opensearch-2: 01:56:58 ERROR unit.opensearch/2.juju-log opensearch-peers:1: Cannot connect to the OpenSearch server...
unit-opensearch-2: 01:56:58 ERROR unit.opensearch/2.juju-log opensearch-peers:1: [Errno 111] Connection refused
unit-opensearch-2: 01:56:59 ERROR unit.opensearch/2.juju-log opensearch-peers:1: [Errno 111] Connection refused
unit-opensearch-2: 01:56:59 ERROR unit.opensearch/2.juju-log opensearch-peers:1: [Errno 111] Connection refused
unit-opensearch-2: 01:57:00 ERROR unit.opensearch/2.juju-log opensearch-peers:1: [Errno 111] Connection refused
unit-opensearch-1: 01:57:00 ERROR unit.opensearch/1.juju-log [Errno 111] Connection refused
unit-opensearch-1: 01:57:00 ERROR unit.opensearch/1.juju-log Cannot connect to the OpenSearch server...
unit-opensearch-1: 01:57:00 ERROR unit.opensearch/1.juju-log [Errno 111] Connection refused
unit-opensearch-1: 01:57:00 ERROR unit.opensearch/1.juju-log [Errno 111] Connection refused
unit-opensearch-2: 01:57:01 ERROR unit.opensearch/2.juju-log opensearch-peers:1: [Errno 111] Connection refused
unit-opensearch-2: 01:57:01 ERROR unit.opensearch/2.juju-log opensearch-peers:1: Cannot connect to the OpenSearch server...
unit-opensearch-2: 01:57:01 ERROR unit.opensearch/2.juju-log opensearch-peers:1: [Errno 111] Connection refused
unit-opensearch-2: 01:57:01 ERROR unit.opensearch/2.juju-log opensearch-peers:1: [Errno 111] Connection refused
unit-opensearch-1: 01:57:01 ERROR unit.opensearch/1.juju-log node-lock-fallback:2: [Errno 111] Connection refused
unit-opensearch-1: 01:57:01 ERROR unit.opensearch/1.juju-log node-lock-fallback:2: Cannot connect to the OpenSearch server...
unit-opensearch-1: 01:57:01 ERROR unit.opensearch/1.juju-log node-lock-fallback:2: [Errno 111] Connection refused
unit-opensearch-1: 01:57:02 ERROR unit.opensearch/1.juju-log node-lock-fallback:2: [Errno 111] Connection refused
unit-opensearch-2: 01:57:02 ERROR unit.opensearch/2.juju-log opensearch-peers:1: [Errno 111] Connection refused
unit-opensearch-2: 01:57:02 ERROR unit.opensearch/2.juju-log opensearch-peers:1: Cannot connect to the OpenSearch server...
unit-opensearch-2: 01:57:03 ERROR unit.opensearch/2.juju-log opensearch-peers:1: [Errno 111] Connection refused
unit-opensearch-2: 01:57:03 ERROR unit.opensearch/2.juju-log opensearch-peers:1: [Errno 111] Connection refused
unit-opensearch-2: 01:57:03 ERROR unit.opensearch/2.juju-log opensearch-peers:1: [Errno 111] Connection refused
unit-opensearch-1: 01:57:03 ERROR unit.opensearch/1.juju-log node-lock-fallback:2: [Errno 111] Connection refused
unit-opensearch-1: 01:57:03 ERROR unit.opensearch/1.juju-log node-lock-fallback:2: Cannot connect to the OpenSearch server...
unit-opensearch-2: 01:57:03 ERROR unit.opensearch/2.juju-log opensearch-peers:1: [Errno 111] Connection refused
unit-opensearch-1: 01:57:03 ERROR unit.opensearch/1.juju-log node-lock-fallback:2: [Errno 111] Connection refused
unit-opensearch-1: 01:57:03 ERROR unit.opensearch/1.juju-log node-lock-fallback:2: [Errno 111] Connection refused
unit-opensearch-2: 01:57:03 ERROR unit.opensearch/2.juju-log opensearch-peers:1: [Errno 111] Connection refused
unit-opensearch-2: 01:57:03 ERROR unit.opensearch/2.juju-log opensearch-peers:1: [Errno 111] Connection refused
unit-opensearch-2: 01:57:03 ERROR unit.opensearch/2.juju-log opensearch-peers:1: [Errno 111] Connection refused
unit-opensearch-2: 01:57:03 ERROR unit.opensearch/2.juju-log opensearch-peers:1: [Errno 111] Connection refused
unit-opensearch-2: 01:57:04 ERROR unit.opensearch/2.juju-log opensearch-peers:1: [Errno 111] Connection refused
unit-opensearch-2: 01:57:04 ERROR unit.opensearch/2.juju-log opensearch-peers:1: Cannot connect to the OpenSearch server...
unit-opensearch-2: 01:57:04 ERROR unit.opensearch/2.juju-log opensearch-peers:1: [Errno 111] Connection refused
unit-opensearch-2: 01:57:04 ERROR unit.opensearch/2.juju-log opensearch-peers:1: [Errno 111] Connection refused
unit-opensearch-1: 01:57:04 ERROR unit.opensearch/1.juju-log opensearch-peers:1: [Errno 111] Connection refused
unit-opensearch-1: 01:57:04 ERROR unit.opensearch/1.juju-log opensearch-peers:1: Cannot connect to the OpenSearch server...
unit-opensearch-1: 01:57:04 ERROR unit.opensearch/1.juju-log opensearch-peers:1: [Errno 111] Connection refused
unit-opensearch-1: 01:57:04 ERROR unit.opensearch/1.juju-log opensearch-peers:1: [Errno 111] Connection refused
unit-opensearch-2: 01:57:05 ERROR unit.opensearch/2.juju-log opensearch-peers:1: [Errno 111] Connection refused
unit-opensearch-2: 01:57:05 ERROR unit.opensearch/2.juju-log opensearch-peers:1: [Errno 111] Connection refused
unit-opensearch-1: 01:57:05 ERROR unit.opensearch/1.juju-log opensearch-peers:1: [Errno 111] Connection refused
unit-opensearch-1: 01:57:05 ERROR unit.opensearch/1.juju-log opensearch-peers:1: [Errno 111] Connection refused
unit-opensearch-2: 01:57:06 ERROR unit.opensearch/2.juju-log upgrade-version-a:3: [Errno 111] Connection refused
unit-opensearch-2: 01:57:06 ERROR unit.opensearch/2.juju-log upgrade-version-a:3: Cannot connect to the OpenSearch server...
unit-opensearch-2: 01:57:06 ERROR unit.opensearch/2.juju-log upgrade-version-a:3: [Errno 111] Connection refused
unit-opensearch-1: 01:57:06 ERROR unit.opensearch/1.juju-log opensearch-peers:1: [Errno 111] Connection refused
unit-opensearch-1: 01:57:06 ERROR unit.opensearch/1.juju-log opensearch-peers:1: Cannot connect to the OpenSearch server...
unit-opensearch-1: 01:57:06 ERROR unit.opensearch/1.juju-log opensearch-peers:1: [Errno 111] Connection refused
unit-opensearch-1: 01:57:06 ERROR unit.opensearch/1.juju-log opensearch-peers:1: [Errno 111] Connection refused
unit-opensearch-2: 01:57:06 ERROR unit.opensearch/2.juju-log upgrade-version-a:3: [Errno 111] Connection refused
unit-opensearch-1: 01:57:06 ERROR unit.opensearch/1.juju-log opensearch-peers:1: [Errno 111] Connection refused
unit-opensearch-1: 01:57:06 ERROR unit.opensearch/1.juju-log opensearch-peers:1: [Errno 111] Connection refused
unit-opensearch-1: 01:57:06 ERROR unit.opensearch/1.juju-log opensearch-peers:1: [Errno 111] Connection refused
unit-opensearch-1: 01:57:06 ERROR unit.opensearch/1.juju-log opensearch-peers:1: [Errno 111] Connection refused
unit-opensearch-1: 01:57:06 ERROR unit.opensearch/1.juju-log opensearch-peers:1: [Errno 111] Connection refused
unit-opensearch-1: 01:57:06 ERROR unit.opensearch/1.juju-log opensearch-peers:1: [Errno 111] Connection refused
unit-opensearch-2: 01:57:07 ERROR unit.opensearch/2.juju-log node-lock-fallback:2: [Errno 111] Connection refused
unit-opensearch-2: 01:57:07 ERROR unit.opensearch/2.juju-log node-lock-fallback:2: Cannot connect to the OpenSearch server...
unit-opensearch-2: 01:57:07 ERROR unit.opensearch/2.juju-log node-lock-fallback:2: [Errno 111] Connection refused
unit-opensearch-2: 01:57:07 ERROR unit.opensearch/2.juju-log node-lock-fallback:2: [Errno 111] Connection refused
unit-opensearch-1: 01:57:07 ERROR unit.opensearch/1.juju-log upgrade-version-a:3: [Errno 111] Connection refused
unit-opensearch-1: 01:57:07 ERROR unit.opensearch/1.juju-log upgrade-version-a:3: Cannot connect to the OpenSearch server...
unit-opensearch-1: 01:57:08 ERROR unit.opensearch/1.juju-log upgrade-version-a:3: [Errno 111] Connection refused
unit-opensearch-1: 01:57:08 ERROR unit.opensearch/1.juju-log upgrade-version-a:3: [Errno 111] Connection refused
unit-opensearch-2: 01:57:09 ERROR unit.opensearch/2.juju-log upgrade-version-a:3: [Errno 111] Connection refused
unit-opensearch-2: 01:57:09 ERROR unit.opensearch/2.juju-log upgrade-version-a:3: Cannot connect to the OpenSearch server...
unit-opensearch-2: 01:57:09 ERROR unit.opensearch/2.juju-log upgrade-version-a:3: [Errno 111] Connection refused
unit-opensearch-2: 01:57:09 ERROR unit.opensearch/2.juju-log upgrade-version-a:3: [Errno 111] Connection refused
unit-opensearch-1: 01:57:09 ERROR unit.opensearch/1.juju-log upgrade-version-a:3: [Errno 111] Connection refused
unit-opensearch-1: 01:57:09 ERROR unit.opensearch/1.juju-log upgrade-version-a:3: Cannot connect to the OpenSearch server...
unit-opensearch-1: 01:57:09 ERROR unit.opensearch/1.juju-log upgrade-version-a:3: [Errno 111] Connection refused
unit-opensearch-1: 01:57:09 ERROR unit.opensearch/1.juju-log upgrade-version-a:3: [Errno 111] Connection refused
unit-opensearch-2: 01:57:10 ERROR unit.opensearch/2.juju-log [Errno 111] Connection refused
unit-opensearch-2: 01:57:10 ERROR unit.opensearch/2.juju-log Cannot connect to the OpenSearch server...
unit-opensearch-2: 01:57:10 ERROR unit.opensearch/2.juju-log [Errno 111] Connection refused
unit-opensearch-2: 01:57:10 ERROR unit.opensearch/2.juju-log [Errno 111] Connection refused
unit-opensearch-1: 01:57:10 ERROR unit.opensearch/1.juju-log [Errno 111] Connection refused
unit-opensearch-1: 01:57:10 ERROR unit.opensearch/1.juju-log Cannot connect to the OpenSearch server...
unit-opensearch-1: 01:57:10 ERROR unit.opensearch/1.juju-log [Errno 111] Connection refused
unit-opensearch-1: 01:57:10 ERROR unit.opensearch/1.juju-log [Errno 111] Connection refused
unit-opensearch-2: 01:57:12 ERROR unit.opensearch/2.juju-log upgrade-version-a:3: [Errno 111] Connection refused
unit-opensearch-2: 01:57:12 ERROR unit.opensearch/2.juju-log upgrade-version-a:3: Cannot connect to the OpenSearch server...
unit-opensearch-2: 01:57:12 ERROR unit.opensearch/2.juju-log upgrade-version-a:3: [Errno 111] Connection refused
unit-opensearch-2: 01:57:12 ERROR unit.opensearch/2.juju-log upgrade-version-a:3: [Errno 111] Connection refused
unit-opensearch-1: 01:57:12 ERROR unit.opensearch/1.juju-log node-lock-fallback:2: [Errno 111] Connection refused
unit-opensearch-1: 01:57:12 ERROR unit.opensearch/1.juju-log node-lock-fallback:2: Cannot connect to the OpenSearch server...
unit-opensearch-1: 01:57:12 ERROR unit.opensearch/1.juju-log node-lock-fallback:2: [Errno 111] Connection refused
unit-opensearch-1: 01:57:12 ERROR unit.opensearch/1.juju-log node-lock-fallback:2: [Errno 111] Connection refused
unit-opensearch-1: 01:57:12 ERROR unit.opensearch/1.juju-log node-lock-fallback:2: [Errno 111] Connection refused
unit-opensearch-1: 01:57:12 ERROR unit.opensearch/1.juju-log node-lock-fallback:2: [Errno 111] Connection refused
unit-opensearch-1: 01:57:13 ERROR unit.opensearch/1.juju-log node-lock-fallback:2: [Errno 111] Connection refused
unit-opensearch-1: 01:57:13 ERROR unit.opensearch/1.juju-log node-lock-fallback:2: [Errno 111] Connection refused
unit-opensearch-1: 01:57:13 ERROR unit.opensearch/1.juju-log node-lock-fallback:2: [Errno 111] Connection refused
unit-opensearch-1: 01:57:13 ERROR unit.opensearch/1.juju-log node-lock-fallback:2: [Errno 111] Connection refused
unit-opensearch-1: 01:57:13 ERROR unit.opensearch/1.juju-log node-lock-fallback:2: [Errno 111] Connection refused
unit-opensearch-1: 01:57:14 ERROR unit.opensearch/1.juju-log node-lock-fallback:2: [Errno 111] Connection refused
unit-opensearch-1: 01:57:14 ERROR unit.opensearch/1.juju-log node-lock-fallback:2: [Errno 111] Connection refused
unit-opensearch-1: 01:57:14 ERROR unit.opensearch/1.juju-log node-lock-fallback:2: [Errno 111] Connection refused
unit-opensearch-1: 01:57:14 ERROR unit.opensearch/1.juju-log node-lock-fallback:2: [Errno 111] Connection refused
unit-opensearch-1: 01:57:14 ERROR unit.opensearch/1.juju-log node-lock-fallback:2: Cannot connect to the OpenSearch server...
unit-opensearch-1: 01:57:15 ERROR unit.opensearch/1.juju-log node-lock-fallback:2: [Errno 111] Connection refused
unit-opensearch-1: 01:57:18 ERROR unit.opensearch/1.juju-log node-lock-fallback:2: [Errno 111] Connection refused
unit-opensearch-2: 01:57:21 ERROR unit.opensearch/2.juju-log upgrade-version-a:3: [Errno 111] Connection refused
unit-opensearch-2: 01:57:21 ERROR unit.opensearch/2.juju-log upgrade-version-a:3: Cannot connect to the OpenSearch server...
unit-opensearch-1: 01:57:21 ERROR unit.opensearch/1.juju-log node-lock-fallback:2: [Errno 111] Connection refused
unit-opensearch-2: 01:57:22 ERROR unit.opensearch/2.juju-log upgrade-version-a:3: [Errno 111] Connection refused
unit-opensearch-1: 01:57:25 ERROR unit.opensearch/1.juju-log node-lock-fallback:2: [Errno 111] Connection refused
unit-opensearch-2: 01:57:25 ERROR unit.opensearch/2.juju-log upgrade-version-a:3: [Errno 111] Connection refused
unit-opensearch-1: 01:57:28 ERROR unit.opensearch/1.juju-log node-lock-fallback:2: [Errno 111] Connection refused
unit-opensearch-2: 01:57:29 ERROR unit.opensearch/2.juju-log upgrade-version-a:3: [Errno 111] Connection refused
unit-opensearch-2: 01:57:30 ERROR unit.opensearch/2.juju-log upgrade-version-a:3: [Errno 111] Connection refused
unit-opensearch-1: 01:57:32 ERROR unit.opensearch/1.juju-log node-lock-fallback:2: [Errno 111] Connection refused
unit-opensearch-2: 01:57:33 ERROR unit.opensearch/2.juju-log upgrade-version-a:3: [Errno 111] Connection refused
unit-opensearch-1: 01:57:35 ERROR unit.opensearch/1.juju-log node-lock-fallback:2: [Errno 111] Connection refused
unit-opensearch-2: 01:57:37 ERROR unit.opensearch/2.juju-log upgrade-version-a:3: [Errno 111] Connection refused
unit-opensearch-2: 01:57:37 ERROR unit.opensearch/2.juju-log upgrade-version-a:3: [Errno 111] Connection refused
unit-opensearch-1: 01:57:38 ERROR unit.opensearch/1.juju-log node-lock-fallback:2: [Errno 111] Connection refused
unit-opensearch-2: 01:57:40 ERROR unit.opensearch/2.juju-log upgrade-version-a:3: [Errno 111] Connection refused
unit-opensearch-2: 01:57:42 ERROR unit.opensearch/2.juju-log upgrade-version-a:3: [Errno 111] Connection refused
unit-opensearch-1: 01:57:42 ERROR unit.opensearch/1.juju-log node-lock-fallback:2: [Errno 111] Connection refused
unit-opensearch-1: 01:57:46 ERROR unit.opensearch/1.juju-log node-lock-fallback:2: [Errno 111] Connection refused
unit-opensearch-2: 01:57:46 ERROR unit.opensearch/2.juju-log upgrade-version-a:3: [Errno 111] Connection refused
unit-opensearch-2: 01:57:46 ERROR unit.opensearch/2.juju-log upgrade-version-a:3: [Errno 111] Connection refused
unit-opensearch-2: 01:57:46 ERROR unit.opensearch/2.juju-log upgrade-version-a:3: [Errno 111] Connection refused
unit-opensearch-2: 01:57:48 ERROR unit.opensearch/2.juju-log upgrade-version-a:3: [Errno 111] Connection refused
unit-opensearch-2: 01:57:49 ERROR unit.opensearch/2.juju-log upgrade-version-a:3: [Errno 111] Connection refused
unit-opensearch-2: 01:57:49 ERROR unit.opensearch/2.juju-log upgrade-version-a:3: Cannot connect to the OpenSearch server...
unit-opensearch-1: 01:57:49 ERROR unit.opensearch/1.juju-log node-lock-fallback:2: [Errno 111] Connection refused
unit-opensearch-2: 01:57:50 ERROR unit.opensearch/2.juju-log upgrade-version-a:3: [Errno 111] Connection refused
unit-opensearch-1: 01:57:52 ERROR unit.opensearch/1.juju-log node-lock-fallback:2: [Errno 111] Connection refused
unit-opensearch-2: 01:57:53 ERROR unit.opensearch/2.juju-log upgrade-version-a:3: [Errno 111] Connection refused
unit-opensearch-1: 01:57:55 ERROR unit.opensearch/1.juju-log node-lock-fallback:2: [Errno 111] Connection refused
unit-opensearch-2: 01:57:57 ERROR unit.opensearch/2.juju-log upgrade-version-a:3: [Errno 111] Connection refused
unit-opensearch-1: 01:57:58 ERROR unit.opensearch/1.juju-log node-lock-fallback:2: [Errno 111] Connection refused
unit-opensearch-2: 01:58:00 ERROR unit.opensearch/2.juju-log upgrade-version-a:3: [Errno 111] Connection refused
unit-opensearch-1: 01:58:02 ERROR unit.opensearch/1.juju-log node-lock-fallback:2: [Errno 111] Connection refused
unit-opensearch-2: 01:58:03 ERROR unit.opensearch/2.juju-log upgrade-version-a:3: [Errno 111] Connection refused
unit-opensearch-1: 01:58:05 ERROR unit.opensearch/1.juju-log node-lock-fallback:2: [Errno 111] Connection refused
unit-opensearch-2: 01:58:07 ERROR unit.opensearch/2.juju-log upgrade-version-a:3: [Errno 111] Connection refused
unit-opensearch-1: 01:58:09 ERROR unit.opensearch/1.juju-log node-lock-fallback:2: [Errno 111] Connection refused
unit-opensearch-2: 01:58:10 ERROR unit.opensearch/2.juju-log upgrade-version-a:3: [Errno 111] Connection refused
unit-opensearch-1: 01:58:12 ERROR unit.opensearch/1.juju-log node-lock-fallback:2: [Errno 111] Connection refused
unit-opensearch-2: 01:58:14 ERROR unit.opensearch/2.juju-log upgrade-version-a:3: [Errno 111] Connection refused
unit-opensearch-1: 01:58:16 ERROR unit.opensearch/1.juju-log node-lock-fallback:2: [Errno 111] Connection refused
unit-opensearch-2: 01:58:18 ERROR unit.opensearch/2.juju-log upgrade-version-a:3: [Errno 111] Connection refused
unit-opensearch-1: 01:58:19 ERROR unit.opensearch/1.juju-log node-lock-fallback:2: [Errno 111] Connection refused
unit-opensearch-2: 01:58:21 ERROR unit.opensearch/2.juju-log upgrade-version-a:3: [Errno 111] Connection refused
unit-opensearch-1: 01:58:23 ERROR unit.opensearch/1.juju-log node-lock-fallback:2: [Errno 111] Connection refused
unit-opensearch-2: 01:58:24 ERROR unit.opensearch/2.juju-log upgrade-version-a:3: [Errno 111] Connection refused
unit-opensearch-1: 01:58:26 ERROR unit.opensearch/1.juju-log node-lock-fallback:2: [Errno 111] Connection refused
unit-opensearch-2: 01:58:28 ERROR unit.opensearch/2.juju-log upgrade-version-a:3: [Errno 111] Connection refused
unit-opensearch-1: 01:58:29 ERROR unit.opensearch/1.juju-log node-lock-fallback:2: [Errno 111] Connection refused
unit-opensearch-2: 01:58:31 ERROR unit.opensearch/2.juju-log upgrade-version-a:3: [Errno 111] Connection refused
unit-opensearch-1: 01:58:33 ERROR unit.opensearch/1.juju-log node-lock-fallback:2: [Errno 111] Connection refused
unit-opensearch-2: 01:58:35 ERROR unit.opensearch/2.juju-log upgrade-version-a:3: [Errno 111] Connection refused
unit-opensearch-1: 01:58:36 ERROR unit.opensearch/1.juju-log node-lock-fallback:2: [Errno 111] Connection refused
unit-opensearch-2: 01:58:38 ERROR unit.opensearch/2.juju-log upgrade-version-a:3: [Errno 111] Connection refused
unit-opensearch-1: 01:58:39 ERROR unit.opensearch/1.juju-log node-lock-fallback:2: [Errno 111] Connection refused
unit-opensearch-2: 01:58:41 ERROR unit.opensearch/2.juju-log upgrade-version-a:3: [Errno 111] Connection refused
unit-opensearch-1: 01:58:42 ERROR unit.opensearch/1.juju-log node-lock-fallback:2: [Errno 111] Connection refused
unit-opensearch-2: 01:58:44 ERROR unit.opensearch/2.juju-log upgrade-version-a:3: [Errno 111] Connection refused
unit-opensearch-1: 01:58:45 ERROR unit.opensearch/1.juju-log node-lock-fallback:2: [Errno 111] Connection refused
unit-opensearch-2: 01:58:47 ERROR unit.opensearch/2.juju-log upgrade-version-a:3: [Errno 111] Connection refused
unit-opensearch-1: 01:58:49 ERROR unit.opensearch/1.juju-log node-lock-fallback:2: [Errno 111] Connection refused
unit-opensearch-2: 01:58:50 ERROR unit.opensearch/2.juju-log upgrade-version-a:3: [Errno 111] Connection refused
unit-opensearch-1: 01:58:52 ERROR unit.opensearch/1.juju-log node-lock-fallback:2: [Errno 111] Connection refused
unit-opensearch-0: 01:58:52 ERROR unit.opensearch/0.juju-log opensearch-peers:1: [Errno 111] Connection refused
unit-opensearch-0: 01:58:53 ERROR unit.opensearch/0.juju-log opensearch-peers:1: [Errno 111] Connection refused
unit-opensearch-2: 01:58:53 ERROR unit.opensearch/2.juju-log upgrade-version-a:3: [Errno 111] Connection refused
unit-opensearch-0: 01:58:53 ERROR unit.opensearch/0.juju-log opensearch-peers:1: [Errno 111] Connection refused
unit-opensearch-0: 01:58:54 ERROR unit.opensearch/0.juju-log opensearch-peers:1: [Errno 111] Connection refused
unit-opensearch-0: 01:58:54 ERROR unit.opensearch/0.juju-log opensearch-peers:1: [Errno 111] Connection refused
unit-opensearch-1: 01:58:55 ERROR unit.opensearch/1.juju-log node-lock-fallback:2: [Errno 111] Connection refused
unit-opensearch-2: 01:58:56 ERROR unit.opensearch/2.juju-log upgrade-version-a:3: [Errno 111] Connection refused
unit-opensearch-1: 01:58:58 ERROR unit.opensearch/1.juju-log node-lock-fallback:2: [Errno 111] Connection refused
unit-opensearch-2: 01:58:59 ERROR unit.opensearch/2.juju-log upgrade-version-a:3: [Errno 111] Connection refused
unit-opensearch-2: 01:59:03 ERROR unit.opensearch/2.juju-log upgrade-version-a:3: [Errno 111] Connection refused
unit-opensearch-2: 01:59:06 ERROR unit.opensearch/2.juju-log upgrade-version-a:3: [Errno 111] Connection refused
unit-opensearch-1: 01:59:09 ERROR unit.opensearch/1.juju-log node-lock-fallback:2: [Errno 111] Connection refused
unit-opensearch-2: 01:59:09 ERROR unit.opensearch/2.juju-log upgrade-version-a:3: [Errno 111] Connection refused
unit-opensearch-1: 01:59:10 ERROR unit.opensearch/1.juju-log node-lock-fallback:2: [Errno 111] Connection refused
unit-opensearch-1: 01:59:11 ERROR unit.opensearch/1.juju-log node-lock-fallback:2: [Errno 111] Connection refused
unit-opensearch-1: 01:59:11 ERROR unit.opensearch/1.juju-log node-lock-fallback:2: [Errno 111] Connection refused
unit-opensearch-2: 01:59:12 ERROR unit.opensearch/2.juju-log upgrade-version-a:3: [Errno 111] Connection refused
unit-opensearch-1: 01:59:12 ERROR unit.opensearch/1.juju-log node-lock-fallback:2: [Errno 111] Connection refused
unit-opensearch-1: 01:59:13 ERROR unit.opensearch/1.juju-log node-lock-fallback:2: [Errno 111] Connection refused
unit-opensearch-0: 01:59:13 ERROR unit.opensearch/0.juju-log opensearch-peers:1: [Errno 111] Connection refused
unit-opensearch-1: 01:59:13 ERROR unit.opensearch/1.juju-log node-lock-fallback:2: [Errno 111] Connection refused
unit-opensearch-0: 01:59:13 ERROR unit.opensearch/0.juju-log opensearch-peers:1: [Errno 111] Connection refused
unit-opensearch-0: 01:59:14 ERROR unit.opensearch/0.juju-log opensearch-peers:1: [Errno 111] Connection refused
unit-opensearch-1: 01:59:14 ERROR unit.opensearch/1.juju-log node-lock-fallback:2: [Errno 111] Connection refused
unit-opensearch-0: 01:59:14 ERROR unit.opensearch/0.juju-log opensearch-peers:1: [Errno 111] Connection refused
unit-opensearch-0: 01:59:14 ERROR unit.opensearch/0.juju-log opensearch-peers:1: [Errno 111] Connection refused
unit-opensearch-2: 01:59:15 ERROR unit.opensearch/2.juju-log upgrade-version-a:3: [Errno 111] Connection refused
unit-opensearch-2: 02:11:01 ERROR unit.opensearch/2.juju-log Uncaught exception while in charm code:
Traceback (most recent call last):
  File "/var/lib/juju/agents/unit-opensearch-2/charm/./src/charm.py", line 213, in <module>
    main(OpenSearchOperatorCharm)
  File "/var/lib/juju/agents/unit-opensearch-2/charm/venv/ops/main.py", line 548, in main
    manager.run()
  File "/var/lib/juju/agents/unit-opensearch-2/charm/venv/ops/main.py", line 527, in run
    self._emit()
  File "/var/lib/juju/agents/unit-opensearch-2/charm/venv/ops/main.py", line 516, in _emit
    _emit_charm_event(self.charm, self.dispatcher.event_name)
  File "/var/lib/juju/agents/unit-opensearch-2/charm/venv/ops/main.py", line 147, in _emit_charm_event
    event_to_emit.emit(*args, **kwargs)
  File "/var/lib/juju/agents/unit-opensearch-2/charm/venv/ops/framework.py", line 348, in emit
    framework._emit(event)
  File "/var/lib/juju/agents/unit-opensearch-2/charm/venv/ops/framework.py", line 860, in _emit
    self._reemit(event_path)
  File "/var/lib/juju/agents/unit-opensearch-2/charm/venv/ops/framework.py", line 950, in _reemit
    custom_handler(event)
  File "/var/lib/juju/agents/unit-opensearch-2/charm/lib/charms/opensearch/v0/opensearch_base_charm.py", line 477, in _on_opensearch_data_storage_detaching
    raise Exception("Unable to acquire lock: Another unit is starting or stopping.")
Exception: Unable to acquire lock: Another unit is starting or stopping.
unit-opensearch-1: 02:11:01 ERROR unit.opensearch/1.juju-log Uncaught exception while in charm code:
Traceback (most recent call last):
  File "/var/lib/juju/agents/unit-opensearch-1/charm/./src/charm.py", line 213, in <module>
    main(OpenSearchOperatorCharm)
  File "/var/lib/juju/agents/unit-opensearch-1/charm/venv/ops/main.py", line 548, in main
    manager.run()
  File "/var/lib/juju/agents/unit-opensearch-1/charm/venv/ops/main.py", line 527, in run
    self._emit()
  File "/var/lib/juju/agents/unit-opensearch-1/charm/venv/ops/main.py", line 516, in _emit
    _emit_charm_event(self.charm, self.dispatcher.event_name)
  File "/var/lib/juju/agents/unit-opensearch-1/charm/venv/ops/main.py", line 147, in _emit_charm_event
    event_to_emit.emit(*args, **kwargs)
  File "/var/lib/juju/agents/unit-opensearch-1/charm/venv/ops/framework.py", line 348, in emit
    framework._emit(event)
  File "/var/lib/juju/agents/unit-opensearch-1/charm/venv/ops/framework.py", line 860, in _emit
    self._reemit(event_path)
  File "/var/lib/juju/agents/unit-opensearch-1/charm/venv/ops/framework.py", line 950, in _reemit
    custom_handler(event)
  File "/var/lib/juju/agents/unit-opensearch-1/charm/lib/charms/opensearch/v0/opensearch_base_charm.py", line 477, in _on_opensearch_data_storage_detaching
    raise Exception("Unable to acquire lock: Another unit is starting or stopping.")
Exception: Unable to acquire lock: Another unit is starting or stopping.
unit-opensearch-2: 02:11:01 ERROR juju.worker.uniter.operation hook "opensearch-data-storage-detaching" (via hook dispatching script: dispatch) failed: exit status 1
unit-opensearch-1: 02:11:01 ERROR juju.worker.uniter.operation hook "opensearch-data-storage-detaching" (via hook dispatching script: dispatch) failed: exit status 1
unit-opensearch-1: 02:11:11 ERROR unit.opensearch/1.juju-log [Errno 111] Connection refused
unit-opensearch-1: 02:11:11 ERROR unit.opensearch/1.juju-log [Errno 111] Connection refused
unit-opensearch-2: 02:11:12 ERROR unit.opensearch/2.juju-log [Errno 111] Connection refused
unit-opensearch-2: 02:11:12 ERROR unit.opensearch/2.juju-log [Errno 111] Connection refused
unit-opensearch-1: 02:11:14 ERROR unit.opensearch/1.juju-log Uncaught exception while in charm code:
Traceback (most recent call last):
  File "/var/lib/juju/agents/unit-opensearch-1/charm/./src/charm.py", line 213, in <module>
    main(OpenSearchOperatorCharm)
  File "/var/lib/juju/agents/unit-opensearch-1/charm/venv/ops/main.py", line 548, in main
    manager.run()
  File "/var/lib/juju/agents/unit-opensearch-1/charm/venv/ops/main.py", line 527, in run
    self._emit()
  File "/var/lib/juju/agents/unit-opensearch-1/charm/venv/ops/main.py", line 516, in _emit
    _emit_charm_event(self.charm, self.dispatcher.event_name)
  File "/var/lib/juju/agents/unit-opensearch-1/charm/venv/ops/main.py", line 147, in _emit_charm_event
    event_to_emit.emit(*args, **kwargs)
  File "/var/lib/juju/agents/unit-opensearch-1/charm/venv/ops/framework.py", line 348, in emit
    framework._emit(event)
  File "/var/lib/juju/agents/unit-opensearch-1/charm/venv/ops/framework.py", line 860, in _emit
    self._reemit(event_path)
  File "/var/lib/juju/agents/unit-opensearch-1/charm/venv/ops/framework.py", line 950, in _reemit
    custom_handler(event)
  File "/var/lib/juju/agents/unit-opensearch-1/charm/lib/charms/opensearch/v0/opensearch_base_charm.py", line 477, in _on_opensearch_data_storage_detaching
    raise Exception("Unable to acquire lock: Another unit is starting or stopping.")
Exception: Unable to acquire lock: Another unit is starting or stopping.
unit-opensearch-2: 02:11:14 ERROR unit.opensearch/2.juju-log Uncaught exception while in charm code:
Traceback (most recent call last):
  File "/var/lib/juju/agents/unit-opensearch-2/charm/./src/charm.py", line 213, in <module>
    main(OpenSearchOperatorCharm)
  File "/var/lib/juju/agents/unit-opensearch-2/charm/venv/ops/main.py", line 548, in main
    manager.run()
  File "/var/lib/juju/agents/unit-opensearch-2/charm/venv/ops/main.py", line 527, in run
    self._emit()
  File "/var/lib/juju/agents/unit-opensearch-2/charm/venv/ops/main.py", line 516, in _emit
    _emit_charm_event(self.charm, self.dispatcher.event_name)
  File "/var/lib/juju/agents/unit-opensearch-2/charm/venv/ops/main.py", line 147, in _emit_charm_event
    event_to_emit.emit(*args, **kwargs)
  File "/var/lib/juju/agents/unit-opensearch-2/charm/venv/ops/framework.py", line 348, in emit
    framework._emit(event)
  File "/var/lib/juju/agents/unit-opensearch-2/charm/venv/ops/framework.py", line 860, in _emit
    self._reemit(event_path)
  File "/var/lib/juju/agents/unit-opensearch-2/charm/venv/ops/framework.py", line 950, in _reemit
    custom_handler(event)
  File "/var/lib/juju/agents/unit-opensearch-2/charm/lib/charms/opensearch/v0/opensearch_base_charm.py", line 477, in _on_opensearch_data_storage_detaching
    raise Exception("Unable to acquire lock: Another unit is starting or stopping.")
Exception: Unable to acquire lock: Another unit is starting or stopping.
unit-opensearch-1: 02:11:14 ERROR juju.worker.uniter.operation hook "opensearch-data-storage-detaching" (via hook dispatching script: dispatch) failed: exit status 1
unit-opensearch-2: 02:11:14 ERROR juju.worker.uniter.operation hook "opensearch-data-storage-detaching" (via hook dispatching script: dispatch) failed: exit status 1
unit-opensearch-0: 02:11:15 ERROR unit.opensearch/0.juju-log [Errno 111] Connection refused
unit-opensearch-0: 02:11:15 ERROR unit.opensearch/0.juju-log Cannot connect to the OpenSearch server...
unit-opensearch-0: 02:11:15 ERROR unit.opensearch/0.juju-log [Errno 111] Connection refused
unit-opensearch-0: 02:11:16 ERROR unit.opensearch/0.juju-log [Errno 111] Connection refused
unit-opensearch-0: 02:11:17 ERROR unit.opensearch/0.juju-log [Errno 111] Connection refused
unit-opensearch-0: 02:11:18 ERROR unit.opensearch/0.juju-log [Errno 111] Connection refused
unit-opensearch-0: 02:11:18 ERROR unit.opensearch/0.juju-log [Errno 111] Connection refused
unit-opensearch-0: 02:11:18 ERROR unit.opensearch/0.juju-log [Errno 111] Connection refused
unit-opensearch-0: 02:11:22 ERROR unit.opensearch/0.juju-log opensearch-peers:1: [Errno 111] Connection refused
unit-opensearch-1: 02:11:27 ERROR unit.opensearch/1.juju-log [Errno 111] Connection refused
unit-opensearch-2: 02:11:27 ERROR unit.opensearch/2.juju-log [Errno 111] Connection refused
unit-opensearch-1: 02:11:27 ERROR unit.opensearch/1.juju-log [Errno 111] Connection refused
unit-opensearch-2: 02:11:27 ERROR unit.opensearch/2.juju-log [Errno 111] Connection refused
unit-opensearch-1: 02:11:28 ERROR unit.opensearch/1.juju-log [Errno 111] Connection refused
unit-opensearch-0: 02:11:28 ERROR unit.opensearch/0.juju-log opensearch-peers:1: [Errno 111] Connection refused
unit-opensearch-2: 02:11:28 ERROR unit.opensearch/2.juju-log [Errno 111] Connection refused
unit-opensearch-1: 02:11:33 ERROR unit.opensearch/1.juju-log Error creating OpenSearch lock document
Traceback (most recent call last):
  File "/var/lib/juju/agents/unit-opensearch-1/charm/venv/urllib3/connectionpool.py", line 536, in _make_request
    response = conn.getresponse()
  File "/var/lib/juju/agents/unit-opensearch-1/charm/venv/urllib3/connection.py", line 464, in getresponse
    httplib_response = super().getresponse()
  File "/usr/lib/python3.10/http/client.py", line 1375, in getresponse
    response.begin()
  File "/usr/lib/python3.10/http/client.py", line 318, in begin
    version, status, reason = self._read_status()
  File "/usr/lib/python3.10/http/client.py", line 279, in _read_status
    line = str(self.fp.readline(_MAXLINE + 1), "iso-8859-1")
  File "/usr/lib/python3.10/socket.py", line 705, in readinto
    return self._sock.recv_into(b)
  File "/usr/lib/python3.10/ssl.py", line 1303, in recv_into
    return self.read(nbytes, buffer)
  File "/usr/lib/python3.10/ssl.py", line 1159, in read
    return self._sslobj.read(len, buffer)
TimeoutError: The read operation timed out

The above exception was the direct cause of the following exception:

Traceback (most recent call last):
  File "/var/lib/juju/agents/unit-opensearch-1/charm/venv/requests/adapters.py", line 667, in send
    resp = conn.urlopen(
  File "/var/lib/juju/agents/unit-opensearch-1/charm/venv/urllib3/connectionpool.py", line 843, in urlopen
    retries = retries.increment(
  File "/var/lib/juju/agents/unit-opensearch-1/charm/venv/urllib3/util/retry.py", line 474, in increment
    raise reraise(type(error), error, _stacktrace)
  File "/var/lib/juju/agents/unit-opensearch-1/charm/venv/urllib3/util/util.py", line 39, in reraise
    raise value
  File "/var/lib/juju/agents/unit-opensearch-1/charm/venv/urllib3/connectionpool.py", line 789, in urlopen
    response = self._make_request(
  File "/var/lib/juju/agents/unit-opensearch-1/charm/venv/urllib3/connectionpool.py", line 538, in _make_request
    self._raise_timeout(err=e, url=url, timeout_value=read_timeout)
  File "/var/lib/juju/agents/unit-opensearch-1/charm/venv/urllib3/connectionpool.py", line 369, in _raise_timeout
    raise ReadTimeoutError(
urllib3.exceptions.ReadTimeoutError: HTTPSConnectionPool(host='10.191.127.148', port=9200): Read timed out. (read timeout=5)

During handling of the above exception, another exception occurred:

Traceback (most recent call last):
  File "/var/lib/juju/agents/unit-opensearch-1/charm/lib/charms/opensearch/v0/opensearch_distro.py", line 290, in request
    resp = call(urls[0])
  File "/var/lib/juju/agents/unit-opensearch-1/charm/lib/charms/opensearch/v0/opensearch_distro.py", line 232, in call
    for attempt in Retrying(
  File "/var/lib/juju/agents/unit-opensearch-1/charm/venv/tenacity/__init__.py", line 443, in __iter__
    do = self.iter(retry_state=retry_state)
  File "/var/lib/juju/agents/unit-opensearch-1/charm/venv/tenacity/__init__.py", line 376, in iter
    result = action(retry_state)
  File "/var/lib/juju/agents/unit-opensearch-1/charm/venv/tenacity/__init__.py", line 418, in exc_check
    raise retry_exc.reraise()
  File "/var/lib/juju/agents/unit-opensearch-1/charm/venv/tenacity/__init__.py", line 185, in reraise
    raise self.last_attempt.result()
  File "/usr/lib/python3.10/concurrent/futures/_base.py", line 451, in result
    return self.__get_result()
  File "/usr/lib/python3.10/concurrent/futures/_base.py", line 403, in __get_result
    raise self._exception
  File "/var/lib/juju/agents/unit-opensearch-1/charm/lib/charms/opensearch/v0/opensearch_distro.py", line 259, in call
    response = s.request(**request_kwargs)
  File "/var/lib/juju/agents/unit-opensearch-1/charm/venv/requests/sessions.py", line 589, in request
    resp = self.send(prep, **send_kwargs)
  File "/var/lib/juju/agents/unit-opensearch-1/charm/venv/requests/sessions.py", line 703, in send
    r = adapter.send(request, **kwargs)
  File "/var/lib/juju/agents/unit-opensearch-1/charm/venv/requests/adapters.py", line 713, in send
    raise ReadTimeout(e, request=request)
requests.exceptions.ReadTimeout: HTTPSConnectionPool(host='10.191.127.148', port=9200): Read timed out. (read timeout=5)

During handling of the above exception, another exception occurred:

Traceback (most recent call last):
  File "/var/lib/juju/agents/unit-opensearch-1/charm/lib/charms/opensearch/v0/opensearch_locking.py", line 287, in acquired
    response = self._opensearch.request(
  File "/var/lib/juju/agents/unit-opensearch-1/charm/lib/charms/opensearch/v0/opensearch_distro.py", line 301, in request
    raise OpenSearchHttpError(response_text=str(e))
charms.opensearch.v0.opensearch_exceptions.OpenSearchHttpError: HTTP error self.response_code=None
self.response_text="HTTPSConnectionPool(host='10.191.127.148', port=9200): Read timed out. (read timeout=5)"
unit-opensearch-1: 02:11:33 ERROR unit.opensearch/1.juju-log Uncaught exception while in charm code:
Traceback (most recent call last):
  File "/var/lib/juju/agents/unit-opensearch-1/charm/./src/charm.py", line 213, in <module>
    main(OpenSearchOperatorCharm)
  File "/var/lib/juju/agents/unit-opensearch-1/charm/venv/ops/main.py", line 548, in main
    manager.run()
  File "/var/lib/juju/agents/unit-opensearch-1/charm/venv/ops/main.py", line 527, in run
    self._emit()
  File "/var/lib/juju/agents/unit-opensearch-1/charm/venv/ops/main.py", line 516, in _emit
    _emit_charm_event(self.charm, self.dispatcher.event_name)
  File "/var/lib/juju/agents/unit-opensearch-1/charm/venv/ops/main.py", line 147, in _emit_charm_event
    event_to_emit.emit(*args, **kwargs)
  File "/var/lib/juju/agents/unit-opensearch-1/charm/venv/ops/framework.py", line 348, in emit
    framework._emit(event)
  File "/var/lib/juju/agents/unit-opensearch-1/charm/venv/ops/framework.py", line 860, in _emit
    self._reemit(event_path)
  File "/var/lib/juju/agents/unit-opensearch-1/charm/venv/ops/framework.py", line 950, in _reemit
    custom_handler(event)
  File "/var/lib/juju/agents/unit-opensearch-1/charm/lib/charms/opensearch/v0/opensearch_base_charm.py", line 477, in _on_opensearch_data_storage_detaching
    raise Exception("Unable to acquire lock: Another unit is starting or stopping.")
Exception: Unable to acquire lock: Another unit is starting or stopping.
unit-opensearch-2: 02:11:33 ERROR unit.opensearch/2.juju-log Error creating OpenSearch lock document
Traceback (most recent call last):
  File "/var/lib/juju/agents/unit-opensearch-2/charm/venv/urllib3/connectionpool.py", line 536, in _make_request
    response = conn.getresponse()
  File "/var/lib/juju/agents/unit-opensearch-2/charm/venv/urllib3/connection.py", line 464, in getresponse
    httplib_response = super().getresponse()
  File "/usr/lib/python3.10/http/client.py", line 1375, in getresponse
    response.begin()
  File "/usr/lib/python3.10/http/client.py", line 318, in begin
    version, status, reason = self._read_status()
  File "/usr/lib/python3.10/http/client.py", line 279, in _read_status
    line = str(self.fp.readline(_MAXLINE + 1), "iso-8859-1")
  File "/usr/lib/python3.10/socket.py", line 705, in readinto
    return self._sock.recv_into(b)
  File "/usr/lib/python3.10/ssl.py", line 1303, in recv_into
    return self.read(nbytes, buffer)
  File "/usr/lib/python3.10/ssl.py", line 1159, in read
    return self._sslobj.read(len, buffer)
TimeoutError: The read operation timed out

The above exception was the direct cause of the following exception:

Traceback (most recent call last):
  File "/var/lib/juju/agents/unit-opensearch-2/charm/venv/requests/adapters.py", line 667, in send
    resp = conn.urlopen(
  File "/var/lib/juju/agents/unit-opensearch-2/charm/venv/urllib3/connectionpool.py", line 843, in urlopen
    retries = retries.increment(
  File "/var/lib/juju/agents/unit-opensearch-2/charm/venv/urllib3/util/retry.py", line 474, in increment
    raise reraise(type(error), error, _stacktrace)
  File "/var/lib/juju/agents/unit-opensearch-2/charm/venv/urllib3/util/util.py", line 39, in reraise
    raise value
  File "/var/lib/juju/agents/unit-opensearch-2/charm/venv/urllib3/connectionpool.py", line 789, in urlopen
    response = self._make_request(
  File "/var/lib/juju/agents/unit-opensearch-2/charm/venv/urllib3/connectionpool.py", line 538, in _make_request
    self._raise_timeout(err=e, url=url, timeout_value=read_timeout)
  File "/var/lib/juju/agents/unit-opensearch-2/charm/venv/urllib3/connectionpool.py", line 369, in _raise_timeout
    raise ReadTimeoutError(
urllib3.exceptions.ReadTimeoutError: HTTPSConnectionPool(host='10.191.127.27', port=9200): Read timed out. (read timeout=5)

During handling of the above exception, another exception occurred:

Traceback (most recent call last):
  File "/var/lib/juju/agents/unit-opensearch-2/charm/lib/charms/opensearch/v0/opensearch_distro.py", line 290, in request
    resp = call(urls[0])
  File "/var/lib/juju/agents/unit-opensearch-2/charm/lib/charms/opensearch/v0/opensearch_distro.py", line 232, in call
    for attempt in Retrying(
  File "/var/lib/juju/agents/unit-opensearch-2/charm/venv/tenacity/__init__.py", line 443, in __iter__
    do = self.iter(retry_state=retry_state)
  File "/var/lib/juju/agents/unit-opensearch-2/charm/venv/tenacity/__init__.py", line 376, in iter
    result = action(retry_state)
  File "/var/lib/juju/agents/unit-opensearch-2/charm/venv/tenacity/__init__.py", line 418, in exc_check
    raise retry_exc.reraise()
  File "/var/lib/juju/agents/unit-opensearch-2/charm/venv/tenacity/__init__.py", line 185, in reraise
    raise self.last_attempt.result()
  File "/usr/lib/python3.10/concurrent/futures/_base.py", line 451, in result
    return self.__get_result()
  File "/usr/lib/python3.10/concurrent/futures/_base.py", line 403, in __get_result
    raise self._exception
  File "/var/lib/juju/agents/unit-opensearch-2/charm/lib/charms/opensearch/v0/opensearch_distro.py", line 259, in call
    response = s.request(**request_kwargs)
  File "/var/lib/juju/agents/unit-opensearch-2/charm/venv/requests/sessions.py", line 589, in request
    resp = self.send(prep, **send_kwargs)
  File "/var/lib/juju/agents/unit-opensearch-2/charm/venv/requests/sessions.py", line 703, in send
    r = adapter.send(request, **kwargs)
  File "/var/lib/juju/agents/unit-opensearch-2/charm/venv/requests/adapters.py", line 713, in send
    raise ReadTimeout(e, request=request)
requests.exceptions.ReadTimeout: HTTPSConnectionPool(host='10.191.127.27', port=9200): Read timed out. (read timeout=5)

During handling of the above exception, another exception occurred:

Traceback (most recent call last):
  File "/var/lib/juju/agents/unit-opensearch-2/charm/lib/charms/opensearch/v0/opensearch_locking.py", line 287, in acquired
    response = self._opensearch.request(
  File "/var/lib/juju/agents/unit-opensearch-2/charm/lib/charms/opensearch/v0/opensearch_distro.py", line 301, in request
    raise OpenSearchHttpError(response_text=str(e))
charms.opensearch.v0.opensearch_exceptions.OpenSearchHttpError: HTTP error self.response_code=None
self.response_text="HTTPSConnectionPool(host='10.191.127.27', port=9200): Read timed out. (read timeout=5)"
unit-opensearch-2: 02:11:33 ERROR unit.opensearch/2.juju-log Uncaught exception while in charm code:
Traceback (most recent call last):
  File "/var/lib/juju/agents/unit-opensearch-2/charm/./src/charm.py", line 213, in <module>
    main(OpenSearchOperatorCharm)
  File "/var/lib/juju/agents/unit-opensearch-2/charm/venv/ops/main.py", line 548, in main
    manager.run()
  File "/var/lib/juju/agents/unit-opensearch-2/charm/venv/ops/main.py", line 527, in run
    self._emit()
  File "/var/lib/juju/agents/unit-opensearch-2/charm/venv/ops/main.py", line 516, in _emit
    _emit_charm_event(self.charm, self.dispatcher.event_name)
  File "/var/lib/juju/agents/unit-opensearch-2/charm/venv/ops/main.py", line 147, in _emit_charm_event
    event_to_emit.emit(*args, **kwargs)
  File "/var/lib/juju/agents/unit-opensearch-2/charm/venv/ops/framework.py", line 348, in emit
    framework._emit(event)
  File "/var/lib/juju/agents/unit-opensearch-2/charm/venv/ops/framework.py", line 860, in _emit
    self._reemit(event_path)
  File "/var/lib/juju/agents/unit-opensearch-2/charm/venv/ops/framework.py", line 950, in _reemit
    custom_handler(event)
  File "/var/lib/juju/agents/unit-opensearch-2/charm/lib/charms/opensearch/v0/opensearch_base_charm.py", line 477, in _on_opensearch_data_storage_detaching
    raise Exception("Unable to acquire lock: Another unit is starting or stopping.")
Exception: Unable to acquire lock: Another unit is starting or stopping.
unit-opensearch-1: 02:11:33 ERROR juju.worker.uniter.operation hook "opensearch-data-storage-detaching" (via hook dispatching script: dispatch) failed: exit status 1
unit-opensearch-2: 02:11:33 ERROR juju.worker.uniter.operation hook "opensearch-data-storage-detaching" (via hook dispatching script: dispatch) failed: exit status 1
unit-opensearch-0: 02:11:33 ERROR unit.opensearch/0.juju-log s3-credentials:6: [Errno 111] Connection refused
unit-opensearch-0: 02:11:33 ERROR unit.opensearch/0.juju-log s3-credentials:6: [Errno 111] Connection refused
unit-opensearch-0: 02:11:33 ERROR unit.opensearch/0.juju-log s3-credentials:6: failed to get root endpoint, implying that this node is offline. Retry once node is online.
unit-opensearch-0: 02:11:35 ERROR unit.opensearch/0.juju-log node-lock-fallback:2: [Errno 111] Connection refused
unit-opensearch-0: 02:11:35 ERROR unit.opensearch/0.juju-log node-lock-fallback:2: [Errno 111] Connection refused
unit-opensearch-0: 02:11:35 ERROR unit.opensearch/0.juju-log node-lock-fallback:2: failed to get root endpoint, implying that this node is offline. Retry once node is online.
unit-opensearch-0: 02:11:36 ERROR unit.opensearch/0.juju-log [Errno 111] Connection refused
unit-opensearch-0: 02:11:36 ERROR unit.opensearch/0.juju-log [Errno 111] Connection refused
unit-opensearch-0: 02:11:36 ERROR unit.opensearch/0.juju-log failed to get root endpoint, implying that this node is offline. Retry once node is online.
unit-opensearch-0: 02:11:37 ERROR unit.opensearch/0.juju-log [Errno 111] Connection refused
unit-opensearch-0: 02:11:37 ERROR unit.opensearch/0.juju-log [Errno 111] Connection refused
unit-opensearch-0: 02:11:37 ERROR unit.opensearch/0.juju-log failed to get root endpoint, implying that this node is offline. Retry once node is online.
unit-opensearch-1: 02:12:00 ERROR unit.opensearch/1.juju-log timed out
unit-opensearch-2: 02:12:01 ERROR unit.opensearch/2.juju-log timed out
unit-opensearch-1: 02:12:05 ERROR unit.opensearch/1.juju-log timed out
unit-opensearch-2: 02:12:06 ERROR unit.opensearch/2.juju-log timed out
unit-opensearch-1: 02:12:11 ERROR unit.opensearch/1.juju-log timed out
unit-opensearch-2: 02:12:11 ERROR unit.opensearch/2.juju-log [Errno 113] No route to host
unit-opensearch-1: 02:12:13 ERROR unit.opensearch/1.juju-log Uncaught exception while in charm code:
Traceback (most recent call last):
  File "/var/lib/juju/agents/unit-opensearch-1/charm/./src/charm.py", line 213, in <module>
    main(OpenSearchOperatorCharm)
  File "/var/lib/juju/agents/unit-opensearch-1/charm/venv/ops/main.py", line 548, in main
    manager.run()
  File "/var/lib/juju/agents/unit-opensearch-1/charm/venv/ops/main.py", line 527, in run
    self._emit()
  File "/var/lib/juju/agents/unit-opensearch-1/charm/venv/ops/main.py", line 516, in _emit
    _emit_charm_event(self.charm, self.dispatcher.event_name)
  File "/var/lib/juju/agents/unit-opensearch-1/charm/venv/ops/main.py", line 147, in _emit_charm_event
    event_to_emit.emit(*args, **kwargs)
  File "/var/lib/juju/agents/unit-opensearch-1/charm/venv/ops/framework.py", line 348, in emit
    framework._emit(event)
  File "/var/lib/juju/agents/unit-opensearch-1/charm/venv/ops/framework.py", line 860, in _emit
    self._reemit(event_path)
  File "/var/lib/juju/agents/unit-opensearch-1/charm/venv/ops/framework.py", line 950, in _reemit
    custom_handler(event)
  File "/var/lib/juju/agents/unit-opensearch-1/charm/lib/charms/opensearch/v0/opensearch_base_charm.py", line 477, in _on_opensearch_data_storage_detaching
    raise Exception("Unable to acquire lock: Another unit is starting or stopping.")
Exception: Unable to acquire lock: Another unit is starting or stopping.
unit-opensearch-1: 02:12:14 ERROR juju.worker.uniter.operation hook "opensearch-data-storage-detaching" (via hook dispatching script: dispatch) failed: exit status 1
unit-opensearch-2: 02:12:17 ERROR unit.opensearch/2.juju-log [Errno 113] No route to host
unit-opensearch-2: 02:12:20 ERROR unit.opensearch/2.juju-log [Errno 113] No route to host
unit-opensearch-2: 02:12:23 ERROR unit.opensearch/2.juju-log [Errno 113] No route to host
unit-opensearch-2: 02:12:27 ERROR unit.opensearch/2.juju-log [Errno 113] No route to host
unit-opensearch-2: 02:12:30 ERROR unit.opensearch/2.juju-log [Errno 113] No route to host
unit-opensearch-2: 02:12:32 ERROR unit.opensearch/2.juju-log [Errno 111] Connection refused
unit-opensearch-2: 02:12:32 ERROR unit.opensearch/2.juju-log Cannot connect to the OpenSearch server...
unit-opensearch-2: 02:12:35 ERROR unit.opensearch/2.juju-log [Errno 113] No route to host
unit-opensearch-2: 02:12:35 ERROR unit.opensearch/2.juju-log [Errno 111] Connection refused
unit-opensearch-2: 02:12:38 ERROR unit.opensearch/2.juju-log [Errno 113] No route to host
unit-opensearch-2: 02:12:38 ERROR unit.opensearch/2.juju-log [Errno 111] Connection refused
unit-opensearch-2: 02:12:41 ERROR unit.opensearch/2.juju-log [Errno 113] No route to host
unit-opensearch-2: 02:12:42 ERROR unit.opensearch/2.juju-log [Errno 111] Connection refused
unit-opensearch-2: 02:12:42 ERROR unit.opensearch/2.juju-log [Errno 111] Connection refused
unit-opensearch-2: 02:12:45 ERROR unit.opensearch/2.juju-log [Errno 113] No route to host
unit-opensearch-2: 02:12:48 ERROR unit.opensearch/2.juju-log [Errno 113] No route to host
unit-opensearch-2: 02:12:48 ERROR unit.opensearch/2.juju-log [Errno 111] Connection refused
unit-opensearch-2: 02:12:48 ERROR unit.opensearch/2.juju-log Request GET to https://10.191.127.148:9200/.charm_node_lock/_source/0 with payload: None failed.(Attempts left: 2)
	Error: 503 Server Error: Service Unavailable for url: https://10.191.127.148:9200/.charm_node_lock/_source/0
unit-opensearch-2: 02:12:49 ERROR unit.opensearch/2.juju-log Request GET to https://10.191.127.148:9200/.charm_node_lock/_source/0 with payload: None failed.(Attempts left: 1)
	Error: 503 Server Error: Service Unavailable for url: https://10.191.127.148:9200/.charm_node_lock/_source/0
unit-opensearch-2: 02:12:50 ERROR unit.opensearch/2.juju-log Uncaught exception while in charm code:
Traceback (most recent call last):
  File "/var/lib/juju/agents/unit-opensearch-2/charm/lib/charms/opensearch/v0/opensearch_distro.py", line 290, in request
    resp = call(urls[0])
  File "/var/lib/juju/agents/unit-opensearch-2/charm/lib/charms/opensearch/v0/opensearch_distro.py", line 232, in call
    for attempt in Retrying(
  File "/var/lib/juju/agents/unit-opensearch-2/charm/venv/tenacity/__init__.py", line 443, in __iter__
    do = self.iter(retry_state=retry_state)
  File "/var/lib/juju/agents/unit-opensearch-2/charm/venv/tenacity/__init__.py", line 376, in iter
    result = action(retry_state)
  File "/var/lib/juju/agents/unit-opensearch-2/charm/venv/tenacity/__init__.py", line 418, in exc_check
    raise retry_exc.reraise()
  File "/var/lib/juju/agents/unit-opensearch-2/charm/venv/tenacity/__init__.py", line 185, in reraise
    raise self.last_attempt.result()
  File "/usr/lib/python3.10/concurrent/futures/_base.py", line 451, in result
    return self.__get_result()
  File "/usr/lib/python3.10/concurrent/futures/_base.py", line 403, in __get_result
    raise self._exception
  File "/var/lib/juju/agents/unit-opensearch-2/charm/lib/charms/opensearch/v0/opensearch_distro.py", line 261, in call
    response.raise_for_status()
  File "/var/lib/juju/agents/unit-opensearch-2/charm/venv/requests/models.py", line 1024, in raise_for_status
    raise HTTPError(http_error_msg, response=self)
requests.exceptions.HTTPError: 503 Server Error: Service Unavailable for url: https://10.191.127.148:9200/.charm_node_lock/_source/0

During handling of the above exception, another exception occurred:

Traceback (most recent call last):
  File "/var/lib/juju/agents/unit-opensearch-2/charm/./src/charm.py", line 213, in <module>
    main(OpenSearchOperatorCharm)
  File "/var/lib/juju/agents/unit-opensearch-2/charm/venv/ops/main.py", line 548, in main
    manager.run()
  File "/var/lib/juju/agents/unit-opensearch-2/charm/venv/ops/main.py", line 527, in run
    self._emit()
  File "/var/lib/juju/agents/unit-opensearch-2/charm/venv/ops/main.py", line 516, in _emit
    _emit_charm_event(self.charm, self.dispatcher.event_name)
  File "/var/lib/juju/agents/unit-opensearch-2/charm/venv/ops/main.py", line 147, in _emit_charm_event
    event_to_emit.emit(*args, **kwargs)
  File "/var/lib/juju/agents/unit-opensearch-2/charm/venv/ops/framework.py", line 348, in emit
    framework._emit(event)
  File "/var/lib/juju/agents/unit-opensearch-2/charm/venv/ops/framework.py", line 860, in _emit
    self._reemit(event_path)
  File "/var/lib/juju/agents/unit-opensearch-2/charm/venv/ops/framework.py", line 950, in _reemit
    custom_handler(event)
  File "/var/lib/juju/agents/unit-opensearch-2/charm/lib/charms/opensearch/v0/opensearch_base_charm.py", line 516, in _on_opensearch_data_storage_detaching
    self.node_lock.release()
  File "/var/lib/juju/agents/unit-opensearch-2/charm/lib/charms/opensearch/v0/opensearch_locking.py", line 383, in release
    unit_with_lock = self._unit_with_lock(host)
  File "/var/lib/juju/agents/unit-opensearch-2/charm/lib/charms/opensearch/v0/opensearch_locking.py", line 225, in _unit_with_lock
    document_data = self._opensearch.request(
  File "/var/lib/juju/agents/unit-opensearch-2/charm/lib/charms/opensearch/v0/opensearch_distro.py", line 306, in request
    raise OpenSearchHttpError(
charms.opensearch.v0.opensearch_exceptions.OpenSearchHttpError: HTTP error self.response_code=503
self.response_body={'error': {'root_cause': [{'type': 'no_shard_available_action_exception', 'reason': 'No shard available for [get [.charm_node_lock][0]: routing [null]]'}], 'type': 'no_shard_available_action_exception', 'reason': 'No shard available for [get [.charm_node_lock][0]: routing [null]]'}, 'status': 503}
unit-opensearch-2: 02:12:50 ERROR juju.worker.uniter.operation hook "opensearch-data-storage-detaching" (via hook dispatching script: dispatch) failed: exit status 1
unit-opensearch-1: 02:12:53 ERROR unit.opensearch/1.juju-log [Errno 111] Connection refused
unit-opensearch-1: 02:12:56 ERROR unit.opensearch/1.juju-log [Errno 113] No route to host
unit-opensearch-1: 02:12:59 ERROR unit.opensearch/1.juju-log [Errno 113] No route to host
unit-opensearch-1: 02:12:59 ERROR unit.opensearch/1.juju-log [Errno 111] Connection refused
unit-opensearch-1: 02:12:59 ERROR unit.opensearch/1.juju-log Request GET to https://10.191.127.148:9200/.charm_node_lock/_source/0 with payload: None failed.(Attempts left: 2)
	Error: 503 Server Error: Service Unavailable for url: https://10.191.127.148:9200/.charm_node_lock/_source/0
unit-opensearch-1: 02:13:00 ERROR unit.opensearch/1.juju-log Request GET to https://10.191.127.148:9200/.charm_node_lock/_source/0 with payload: None failed.(Attempts left: 1)
	Error: 503 Server Error: Service Unavailable for url: https://10.191.127.148:9200/.charm_node_lock/_source/0
unit-opensearch-1: 02:13:01 ERROR unit.opensearch/1.juju-log Error checking which unit has OpenSearch lock
Traceback (most recent call last):
  File "/var/lib/juju/agents/unit-opensearch-1/charm/lib/charms/opensearch/v0/opensearch_distro.py", line 290, in request
    resp = call(urls[0])
  File "/var/lib/juju/agents/unit-opensearch-1/charm/lib/charms/opensearch/v0/opensearch_distro.py", line 232, in call
    for attempt in Retrying(
  File "/var/lib/juju/agents/unit-opensearch-1/charm/venv/tenacity/__init__.py", line 443, in __iter__
    do = self.iter(retry_state=retry_state)
  File "/var/lib/juju/agents/unit-opensearch-1/charm/venv/tenacity/__init__.py", line 376, in iter
    result = action(retry_state)
  File "/var/lib/juju/agents/unit-opensearch-1/charm/venv/tenacity/__init__.py", line 418, in exc_check
    raise retry_exc.reraise()
  File "/var/lib/juju/agents/unit-opensearch-1/charm/venv/tenacity/__init__.py", line 185, in reraise
    raise self.last_attempt.result()
  File "/usr/lib/python3.10/concurrent/futures/_base.py", line 451, in result
    return self.__get_result()
  File "/usr/lib/python3.10/concurrent/futures/_base.py", line 403, in __get_result
    raise self._exception
  File "/var/lib/juju/agents/unit-opensearch-1/charm/lib/charms/opensearch/v0/opensearch_distro.py", line 261, in call
    response.raise_for_status()
  File "/var/lib/juju/agents/unit-opensearch-1/charm/venv/requests/models.py", line 1024, in raise_for_status
    raise HTTPError(http_error_msg, response=self)
requests.exceptions.HTTPError: 503 Server Error: Service Unavailable for url: https://10.191.127.148:9200/.charm_node_lock/_source/0

During handling of the above exception, another exception occurred:

Traceback (most recent call last):
  File "/var/lib/juju/agents/unit-opensearch-1/charm/lib/charms/opensearch/v0/opensearch_locking.py", line 263, in acquired
    unit = self._unit_with_lock(host)
  File "/var/lib/juju/agents/unit-opensearch-1/charm/lib/charms/opensearch/v0/opensearch_locking.py", line 225, in _unit_with_lock
    document_data = self._opensearch.request(
  File "/var/lib/juju/agents/unit-opensearch-1/charm/lib/charms/opensearch/v0/opensearch_distro.py", line 306, in request
    raise OpenSearchHttpError(
charms.opensearch.v0.opensearch_exceptions.OpenSearchHttpError: HTTP error self.response_code=503
self.response_body={'error': {'root_cause': [{'type': 'no_shard_available_action_exception', 'reason': 'No shard available for [get [.charm_node_lock][0]: routing [null]]'}], 'type': 'no_shard_available_action_exception', 'reason': 'No shard available for [get [.charm_node_lock][0]: routing [null]]'}, 'status': 503}
unit-opensearch-1: 02:13:07 ERROR unit.opensearch/1.juju-log [Errno 111] Connection refused
unit-opensearch-1: 02:13:10 ERROR unit.opensearch/1.juju-log [Errno 113] No route to host
unit-opensearch-1: 02:13:11 ERROR unit.opensearch/1.juju-log [Errno 111] Connection refused
unit-opensearch-1: 02:13:11 ERROR unit.opensearch/1.juju-log Cannot connect to the OpenSearch server...
unit-opensearch-1: 02:13:11 ERROR unit.opensearch/1.juju-log [Errno 111] Connection refused
unit-opensearch-1: 02:13:11 ERROR unit.opensearch/1.juju-log [Errno 111] Connection refused
unit-opensearch-1: 02:13:14 ERROR unit.opensearch/1.juju-log [Errno 113] No route to host
unit-opensearch-1: 02:13:14 ERROR unit.opensearch/1.juju-log [Errno 111] Connection refused
unit-opensearch-1: 02:13:17 ERROR unit.opensearch/1.juju-log [Errno 113] No route to host
unit-opensearch-1: 02:13:17 ERROR unit.opensearch/1.juju-log [Errno 111] Connection refused
unit-opensearch-1: 02:13:17 ERROR unit.opensearch/1.juju-log [Errno 111] Connection refused
unit-opensearch-1: 02:13:17 ERROR unit.opensearch/1.juju-log [Errno 111] Connection refused
unit-opensearch-1: 02:13:20 ERROR unit.opensearch/1.juju-log [Errno 113] No route to host
unit-opensearch-1: 02:13:20 ERROR unit.opensearch/1.juju-log [Errno 111] Connection refused
unit-opensearch-1: 02:13:21 ERROR unit.opensearch/1.juju-log [Errno 111] Connection refused
unit-opensearch-1: 02:13:21 ERROR unit.opensearch/1.juju-log [Errno 111] Connection refused
unit-opensearch-1: 02:13:24 ERROR unit.opensearch/1.juju-log [Errno 113] No route to host
unit-opensearch-1: 02:13:25 ERROR unit.opensearch/1.juju-log opensearch-peers:1: [Errno 111] Connection refused
unit-opensearch-1: 02:13:27 ERROR unit.opensearch/1.juju-log opensearch-peers:1: [Errno 111] Connection refused
unit-opensearch-2: 02:13:32 ERROR unit.opensearch/2.juju-log [Errno 111] Connection refused
unit-opensearch-2: 02:13:32 ERROR unit.opensearch/2.juju-log [Errno 111] Connection refused
unit-opensearch-1: 02:13:34 ERROR unit.opensearch/1.juju-log s3-credentials:6: [Errno 111] Connection refused
unit-opensearch-1: 02:13:34 ERROR unit.opensearch/1.juju-log s3-credentials:6: [Errno 111] Connection refused
unit-opensearch-1: 02:13:34 ERROR unit.opensearch/1.juju-log s3-credentials:6: failed to get root endpoint, implying that this node is offline. Retry once node is online.
unit-opensearch-1: 02:13:35 ERROR unit.opensearch/1.juju-log [Errno 111] Connection refused
unit-opensearch-1: 02:13:35 ERROR unit.opensearch/1.juju-log [Errno 111] Connection refused
unit-opensearch-1: 02:13:35 ERROR unit.opensearch/1.juju-log failed to get root endpoint, implying that this node is offline. Retry once node is online.
unit-opensearch-2: 02:13:35 ERROR unit.opensearch/2.juju-log [Errno 113] No route to host
unit-opensearch-2: 02:13:36 ERROR unit.opensearch/2.juju-log Uncaught exception while in charm code:
Traceback (most recent call last):
  File "/var/lib/juju/agents/unit-opensearch-2/charm/./src/charm.py", line 213, in <module>
    main(OpenSearchOperatorCharm)
  File "/var/lib/juju/agents/unit-opensearch-2/charm/venv/ops/main.py", line 548, in main
    manager.run()
  File "/var/lib/juju/agents/unit-opensearch-2/charm/venv/ops/main.py", line 527, in run
    self._emit()
  File "/var/lib/juju/agents/unit-opensearch-2/charm/venv/ops/main.py", line 516, in _emit
    _emit_charm_event(self.charm, self.dispatcher.event_name)
  File "/var/lib/juju/agents/unit-opensearch-2/charm/venv/ops/main.py", line 147, in _emit_charm_event
    event_to_emit.emit(*args, **kwargs)
  File "/var/lib/juju/agents/unit-opensearch-2/charm/venv/ops/framework.py", line 348, in emit
    framework._emit(event)
  File "/var/lib/juju/agents/unit-opensearch-2/charm/venv/ops/framework.py", line 860, in _emit
    self._reemit(event_path)
  File "/var/lib/juju/agents/unit-opensearch-2/charm/venv/ops/framework.py", line 950, in _reemit
    custom_handler(event)
  File "/var/lib/juju/agents/unit-opensearch-2/charm/lib/charms/opensearch/v0/opensearch_base_charm.py", line 477, in _on_opensearch_data_storage_detaching
    raise Exception("Unable to acquire lock: Another unit is starting or stopping.")
Exception: Unable to acquire lock: Another unit is starting or stopping.
unit-opensearch-2: 02:13:36 ERROR juju.worker.uniter.operation hook "opensearch-data-storage-detaching" (via hook dispatching script: dispatch) failed: exit status 1
unit-opensearch-1: 02:13:37 ERROR unit.opensearch/1.juju-log [Errno 111] Connection refused
unit-opensearch-1: 02:13:37 ERROR unit.opensearch/1.juju-log [Errno 111] Connection refused
unit-opensearch-1: 02:13:37 ERROR unit.opensearch/1.juju-log failed to get root endpoint, implying that this node is offline. Retry once node is online.
unit-opensearch-2: 02:15:02 ERROR unit.opensearch/2.juju-log [Errno 111] Connection refused
unit-opensearch-2: 02:15:07 ERROR unit.opensearch/2.juju-log timed out
unit-opensearch-2: 02:15:10 ERROR unit.opensearch/2.juju-log [Errno 113] No route to host
unit-opensearch-2: 02:15:11 ERROR unit.opensearch/2.juju-log [Errno 111] Connection refused
unit-opensearch-2: 02:15:11 ERROR unit.opensearch/2.juju-log [Errno 111] Connection refused
unit-opensearch-2: 02:15:11 ERROR unit.opensearch/2.juju-log [Errno 111] Connection refused
unit-opensearch-2: 02:15:11 ERROR unit.opensearch/2.juju-log Cannot connect to the OpenSearch server...
unit-opensearch-2: 02:15:11 ERROR unit.opensearch/2.juju-log [Errno 111] Connection refused
unit-opensearch-2: 02:15:14 ERROR unit.opensearch/2.juju-log [Errno 113] No route to host
unit-opensearch-2: 02:15:17 ERROR unit.opensearch/2.juju-log [Errno 113] No route to host
unit-opensearch-2: 02:15:17 ERROR unit.opensearch/2.juju-log [Errno 111] Connection refused
unit-opensearch-2: 02:15:20 ERROR unit.opensearch/2.juju-log [Errno 113] No route to host
unit-opensearch-2: 02:15:24 ERROR unit.opensearch/2.juju-log [Errno 113] No route to host
unit-opensearch-2: 02:15:24 ERROR unit.opensearch/2.juju-log [Errno 111] Connection refused
unit-opensearch-2: 02:15:27 ERROR unit.opensearch/2.juju-log [Errno 113] No route to host
unit-opensearch-2: 02:15:30 ERROR unit.opensearch/2.juju-log [Errno 113] No route to host
unit-opensearch-2: 02:15:30 ERROR unit.opensearch/2.juju-log [Errno 111] Connection refused
unit-opensearch-2: 02:15:30 ERROR unit.opensearch/2.juju-log [Errno 111] Connection refused
unit-opensearch-2: 02:15:33 ERROR unit.opensearch/2.juju-log [Errno 113] No route to host
unit-opensearch-2: 02:15:36 ERROR unit.opensearch/2.juju-log [Errno 113] No route to host
unit-opensearch-2: 02:15:41 ERROR unit.opensearch/2.juju-log s3-credentials:6: [Errno 111] Connection refused
unit-opensearch-2: 02:15:41 ERROR unit.opensearch/2.juju-log s3-credentials:6: [Errno 111] Connection refused
unit-opensearch-2: 02:15:41 ERROR unit.opensearch/2.juju-log s3-credentials:6: failed to get root endpoint, implying that this node is offline. Retry once node is online.
unit-opensearch-2: 02:15:42 ERROR unit.opensearch/2.juju-log node-lock-fallback:2: [Errno 111] Connection refused
unit-opensearch-2: 02:15:42 ERROR unit.opensearch/2.juju-log node-lock-fallback:2: [Errno 111] Connection refused
unit-opensearch-2: 02:15:42 ERROR unit.opensearch/2.juju-log node-lock-fallback:2: failed to get root endpoint, implying that this node is offline. Retry once node is online.
unit-opensearch-2: 02:15:44 ERROR unit.opensearch/2.juju-log upgrade-version-a:3: [Errno 111] Connection refused
unit-opensearch-2: 02:15:44 ERROR unit.opensearch/2.juju-log upgrade-version-a:3: [Errno 111] Connection refused
unit-opensearch-2: 02:15:44 ERROR unit.opensearch/2.juju-log upgrade-version-a:3: failed to get root endpoint, implying that this node is offline. Retry once node is online.
unit-opensearch-2: 02:15:45 ERROR unit.opensearch/2.juju-log opensearch-peers:1: [Errno 111] Connection refused
unit-opensearch-2: 02:15:45 ERROR unit.opensearch/2.juju-log opensearch-peers:1: [Errno 111] Connection refused
unit-opensearch-2: 02:15:45 ERROR unit.opensearch/2.juju-log opensearch-peers:1: failed to get root endpoint, implying that this node is offline. Retry once node is online.
unit-opensearch-2: 02:15:45 ERROR unit.opensearch/2.juju-log opensearch-peers:1: [Errno 111] Connection refused
unit-opensearch-2: 02:15:46 ERROR unit.opensearch/2.juju-log opensearch-peers:1: [Errno 111] Connection refused
unit-opensearch-2: 02:15:46 ERROR unit.opensearch/2.juju-log opensearch-peers:1: [Errno 111] Connection refused
unit-opensearch-2: 02:15:46 ERROR unit.opensearch/2.juju-log opensearch-peers:1: failed to get root endpoint, implying that this node is offline. Retry once node is online.
unit-opensearch-2: 02:15:46 ERROR unit.opensearch/2.juju-log opensearch-peers:1: [Errno 111] Connection refused
unit-opensearch-2: 02:15:48 ERROR unit.opensearch/2.juju-log upgrade-version-a:3: [Errno 111] Connection refused
unit-opensearch-2: 02:15:48 ERROR unit.opensearch/2.juju-log upgrade-version-a:3: [Errno 111] Connection refused
unit-opensearch-2: 02:15:48 ERROR unit.opensearch/2.juju-log upgrade-version-a:3: failed to get root endpoint, implying that this node is offline. Retry once node is online.
unit-opensearch-2: 02:15:49 ERROR unit.opensearch/2.juju-log [Errno 111] Connection refused
unit-opensearch-2: 02:15:49 ERROR unit.opensearch/2.juju-log [Errno 111] Connection refused
unit-opensearch-2: 02:15:49 ERROR unit.opensearch/2.juju-log failed to get root endpoint, implying that this node is offline. Retry once node is online.
unit-opensearch-2: 02:15:50 ERROR unit.opensearch/2.juju-log [Errno 111] Connection refused
unit-opensearch-2: 02:15:50 ERROR unit.opensearch/2.juju-log [Errno 111] Connection refused
unit-opensearch-2: 02:15:50 ERROR unit.opensearch/2.juju-log failed to get root endpoint, implying that this node is offline. Retry once node is online.
machine-6: 02:23:58 ERROR juju.worker.dependency "lxd-container-provisioner" manifold worker returned unexpected error: container types not yet available
machine-6: 02:23:58 ERROR juju.worker.dependency "kvm-container-provisioner" manifold worker returned unexpected error: container types not yet available
machine-5: 02:23:58 ERROR juju.worker.dependency "lxd-container-provisioner" manifold worker returned unexpected error: container types not yet available
machine-5: 02:23:58 ERROR juju.worker.dependency "kvm-container-provisioner" manifold worker returned unexpected error: container types not yet available
unit-self-signed-certificates-1: 02:24:02 ERROR juju.worker.meterstatus error running "meter-status-changed": charm missing from disk
unit-s3-integrator-1: 02:24:04 ERROR juju.worker.meterstatus error running "meter-status-changed": charm missing from disk
machine-7: 02:24:40 ERROR juju.worker.dependency "kvm-container-provisioner" manifold worker returned unexpected error: container types not yet available
machine-7: 02:24:40 ERROR juju.worker.dependency "lxd-container-provisioner" manifold worker returned unexpected error: container types not yet available
unit-opensearch-3: 02:24:41 ERROR juju.worker.meterstatus error running "meter-status-changed": charm missing from disk
machine-9: 02:24:41 ERROR juju.worker.dependency "kvm-container-provisioner" manifold worker returned unexpected error: container types not yet available
machine-9: 02:24:41 ERROR juju.worker.dependency "lxd-container-provisioner" manifold worker returned unexpected error: container types not yet available
unit-opensearch-5: 02:24:41 ERROR juju.worker.meterstatus error running "meter-status-changed": charm missing from disk
machine-8: 02:24:42 ERROR juju.worker.dependency "kvm-container-provisioner" manifold worker returned unexpected error: container types not yet available
machine-8: 02:24:42 ERROR juju.worker.dependency "lxd-container-provisioner" manifold worker returned unexpected error: container types not yet available
unit-opensearch-4: 02:24:42 ERROR juju.worker.meterstatus error running "meter-status-changed": charm missing from disk
unit-s3-integrator-1: 02:28:43 ERROR juju.worker.dependency "leadership-tracker" manifold worker returned unexpected error: leadership failure: lease operation timed out
unit-opensearch-3: 02:28:50 ERROR juju.worker.dependency "leadership-tracker" manifold worker returned unexpected error: leadership failure: lease operation timed out
unit-opensearch-5: 02:30:47 ERROR unit.opensearch/5.juju-log [Errno 111] Connection refused
unit-opensearch-4: 02:31:19 ERROR unit.opensearch/4.juju-log [Errno 111] Connection refused
unit-opensearch-5: 02:31:19 ERROR unit.opensearch/5.juju-log upgrade-version-a:8: [Errno 111] Connection refused
unit-opensearch-4: 02:31:20 ERROR unit.opensearch/4.juju-log certificates:11: [Errno 111] Connection refused
unit-opensearch-5: 02:31:21 ERROR unit.opensearch/5.juju-log certificates:11: [Errno 111] Connection refused
unit-opensearch-3: 02:31:21 ERROR unit.opensearch/3.juju-log [Errno 111] Connection refused
unit-opensearch-4: 02:31:21 ERROR unit.opensearch/4.juju-log opensearch-peers:9: [Errno 111] Connection refused
unit-opensearch-4: 02:31:21 ERROR unit.opensearch/4.juju-log opensearch-peers:9: [Errno 111] Connection refused
unit-opensearch-5: 02:31:22 ERROR unit.opensearch/5.juju-log certificates:11: [Errno 111] Connection refused
unit-opensearch-3: 02:31:23 ERROR unit.opensearch/3.juju-log opensearch-peers:9: [Errno 111] Connection refused
unit-opensearch-4: 02:31:23 ERROR unit.opensearch/4.juju-log node-lock-fallback:10: [Errno 111] Connection refused
unit-opensearch-3: 02:31:23 ERROR unit.opensearch/3.juju-log opensearch-peers:9: [Errno 111] Connection refused
unit-opensearch-3: 02:31:23 ERROR unit.opensearch/3.juju-log opensearch-peers:9: [Errno 111] Connection refused
unit-opensearch-3: 02:31:23 ERROR unit.opensearch/3.juju-log opensearch-peers:9: [Errno 111] Connection refused
unit-opensearch-5: 02:31:23 ERROR unit.opensearch/5.juju-log opensearch-peers:9: [Errno 111] Connection refused
unit-opensearch-5: 02:31:24 ERROR unit.opensearch/5.juju-log opensearch-peers:9: [Errno 111] Connection refused
unit-opensearch-4: 02:31:24 ERROR unit.opensearch/4.juju-log opensearch-peers:9: [Errno 111] Connection refused
unit-opensearch-3: 02:31:24 ERROR unit.opensearch/3.juju-log opensearch-peers:9: [Errno 111] Connection refused
unit-opensearch-4: 02:31:24 ERROR unit.opensearch/4.juju-log opensearch-peers:9: [Errno 111] Connection refused
unit-opensearch-5: 02:31:25 ERROR unit.opensearch/5.juju-log opensearch-peers:9: [Errno 111] Connection refused
unit-opensearch-5: 02:31:25 ERROR unit.opensearch/5.juju-log opensearch-peers:9: [Errno 111] Connection refused
unit-opensearch-4: 02:31:25 ERROR unit.opensearch/4.juju-log opensearch-peers:9: [Errno 111] Connection refused
unit-opensearch-3: 02:31:25 ERROR unit.opensearch/3.juju-log upgrade-version-a:8: [Errno 111] Connection refused
unit-opensearch-4: 02:31:25 ERROR unit.opensearch/4.juju-log opensearch-peers:9: [Errno 111] Connection refused
unit-opensearch-5: 02:31:26 ERROR unit.opensearch/5.juju-log certificates:11: [Errno 111] Connection refused
unit-opensearch-5: 02:31:26 ERROR unit.opensearch/5.juju-log certificates:11: [Errno 111] Connection refused
unit-opensearch-4: 02:31:26 ERROR unit.opensearch/4.juju-log certificates:11: [Errno 111] Connection refused
unit-opensearch-4: 02:31:26 ERROR unit.opensearch/4.juju-log certificates:11: [Errno 111] Connection refused
unit-opensearch-3: 02:31:26 ERROR unit.opensearch/3.juju-log certificates:11: [Errno 111] Connection refused
unit-opensearch-5: 02:31:32 ERROR unit.opensearch/5.juju-log [Errno 111] Connection refused
unit-opensearch-5: 02:31:32 ERROR unit.opensearch/5.juju-log [Errno 111] Connection refused
unit-opensearch-4: 02:31:33 ERROR unit.opensearch/4.juju-log [Errno 111] Connection refused
unit-opensearch-4: 02:31:33 ERROR unit.opensearch/4.juju-log [Errno 111] Connection refused
unit-opensearch-3: 02:31:33 ERROR unit.opensearch/3.juju-log [Errno 111] Connection refused
unit-opensearch-5: 02:31:33 ERROR unit.opensearch/5.juju-log [Errno 111] Connection refused
unit-opensearch-5: 02:31:33 ERROR unit.opensearch/5.juju-log [Errno 111] Connection refused
unit-opensearch-4: 02:31:34 ERROR unit.opensearch/4.juju-log [Errno 111] Connection refused
unit-opensearch-4: 02:31:34 ERROR unit.opensearch/4.juju-log [Errno 111] Connection refused
unit-opensearch-3: 02:31:34 ERROR unit.opensearch/3.juju-log [Errno 111] Connection refused
unit-opensearch-5: 02:31:34 ERROR unit.opensearch/5.juju-log [Errno 111] Connection refused
unit-opensearch-5: 02:31:34 ERROR unit.opensearch/5.juju-log [Errno 111] Connection refused
unit-opensearch-4: 02:31:35 ERROR unit.opensearch/4.juju-log [Errno 111] Connection refused
unit-opensearch-4: 02:31:35 ERROR unit.opensearch/4.juju-log [Errno 111] Connection refused
unit-opensearch-3: 02:31:35 ERROR unit.opensearch/3.juju-log [Errno 111] Connection refused
unit-opensearch-5: 02:31:36 ERROR unit.opensearch/5.juju-log [Errno 111] Connection refused
unit-opensearch-5: 02:31:36 ERROR unit.opensearch/5.juju-log [Errno 111] Connection refused
unit-opensearch-4: 02:31:36 ERROR unit.opensearch/4.juju-log [Errno 111] Connection refused
unit-opensearch-4: 02:31:36 ERROR unit.opensearch/4.juju-log [Errno 111] Connection refused
unit-opensearch-5: 02:31:36 ERROR unit.opensearch/5.juju-log [Errno 111] Connection refused
unit-opensearch-5: 02:31:36 ERROR unit.opensearch/5.juju-log Cannot connect to the OpenSearch server...
unit-opensearch-5: 02:31:36 ERROR unit.opensearch/5.juju-log [Errno 111] Connection refused
unit-opensearch-5: 02:31:36 ERROR unit.opensearch/5.juju-log [Errno 111] Connection refused
unit-opensearch-3: 02:31:36 ERROR unit.opensearch/3.juju-log [Errno 111] Connection refused
unit-opensearch-4: 02:31:37 ERROR unit.opensearch/4.juju-log [Errno 111] Connection refused
unit-opensearch-3: 02:31:37 ERROR unit.opensearch/3.juju-log [Errno 111] Connection refused
unit-opensearch-4: 02:31:37 ERROR unit.opensearch/4.juju-log Cannot connect to the OpenSearch server...
unit-opensearch-3: 02:31:37 ERROR unit.opensearch/3.juju-log Cannot connect to the OpenSearch server...
unit-opensearch-4: 02:31:37 ERROR unit.opensearch/4.juju-log [Errno 111] Connection refused
unit-opensearch-3: 02:31:37 ERROR unit.opensearch/3.juju-log [Errno 111] Connection refused
unit-opensearch-4: 02:31:37 ERROR unit.opensearch/4.juju-log [Errno 111] Connection refused
unit-opensearch-3: 02:31:37 ERROR unit.opensearch/3.juju-log [Errno 111] Connection refused
unit-opensearch-5: 02:31:37 ERROR unit.opensearch/5.juju-log [Errno 111] Connection refused
unit-opensearch-5: 02:31:37 ERROR unit.opensearch/5.juju-log Cannot connect to the OpenSearch server...
unit-opensearch-5: 02:31:37 ERROR unit.opensearch/5.juju-log [Errno 111] Connection refused
unit-opensearch-5: 02:31:37 ERROR unit.opensearch/5.juju-log [Errno 111] Connection refused
unit-opensearch-4: 02:31:38 ERROR unit.opensearch/4.juju-log [Errno 111] Connection refused
unit-opensearch-4: 02:31:38 ERROR unit.opensearch/4.juju-log Cannot connect to the OpenSearch server...
unit-opensearch-4: 02:31:38 ERROR unit.opensearch/4.juju-log [Errno 111] Connection refused
unit-opensearch-4: 02:31:38 ERROR unit.opensearch/4.juju-log [Errno 111] Connection refused
unit-opensearch-3: 02:31:38 ERROR unit.opensearch/3.juju-log [Errno 111] Connection refused
unit-opensearch-3: 02:31:38 ERROR unit.opensearch/3.juju-log Cannot connect to the OpenSearch server...
unit-opensearch-3: 02:31:38 ERROR unit.opensearch/3.juju-log [Errno 111] Connection refused
unit-opensearch-3: 02:31:38 ERROR unit.opensearch/3.juju-log [Errno 111] Connection refused
unit-opensearch-5: 02:31:39 ERROR unit.opensearch/5.juju-log upgrade-version-a:8: [Errno 111] Connection refused
unit-opensearch-5: 02:31:39 ERROR unit.opensearch/5.juju-log upgrade-version-a:8: Cannot connect to the OpenSearch server...
unit-opensearch-5: 02:31:39 ERROR unit.opensearch/5.juju-log upgrade-version-a:8: [Errno 111] Connection refused
unit-opensearch-5: 02:31:39 ERROR unit.opensearch/5.juju-log upgrade-version-a:8: [Errno 111] Connection refused
unit-opensearch-3: 02:31:39 ERROR unit.opensearch/3.juju-log [Errno 111] Connection refused
unit-opensearch-3: 02:31:39 ERROR unit.opensearch/3.juju-log Cannot connect to the OpenSearch server...
unit-opensearch-3: 02:31:39 ERROR unit.opensearch/3.juju-log [Errno 111] Connection refused
unit-opensearch-3: 02:31:39 ERROR unit.opensearch/3.juju-log Cannot connect to the OpenSearch server...
unit-opensearch-4: 02:31:39 ERROR unit.opensearch/4.juju-log certificates:11: [Errno 111] Connection refused
unit-opensearch-4: 02:31:39 ERROR unit.opensearch/4.juju-log certificates:11: Cannot connect to the OpenSearch server...
unit-opensearch-4: 02:31:39 ERROR unit.opensearch/4.juju-log certificates:11: [Errno 111] Connection refused
unit-opensearch-4: 02:31:39 ERROR unit.opensearch/4.juju-log certificates:11: [Errno 111] Connection refused
unit-opensearch-5: 02:31:40 ERROR unit.opensearch/5.juju-log certificates:11: [Errno 111] Connection refused
unit-opensearch-5: 02:31:40 ERROR unit.opensearch/5.juju-log certificates:11: Cannot connect to the OpenSearch server...
unit-opensearch-5: 02:31:40 ERROR unit.opensearch/5.juju-log certificates:11: [Errno 111] Connection refused
unit-opensearch-5: 02:31:40 ERROR unit.opensearch/5.juju-log certificates:11: [Errno 111] Connection refused
unit-opensearch-4: 02:31:41 ERROR unit.opensearch/4.juju-log certificates:11: [Errno 111] Connection refused
unit-opensearch-4: 02:31:41 ERROR unit.opensearch/4.juju-log certificates:11: Cannot connect to the OpenSearch server...
unit-opensearch-4: 02:31:41 ERROR unit.opensearch/4.juju-log certificates:11: [Errno 111] Connection refused
unit-opensearch-4: 02:31:41 ERROR unit.opensearch/4.juju-log certificates:11: [Errno 111] Connection refused
unit-opensearch-3: 02:31:42 ERROR unit.opensearch/3.juju-log [Errno 111] Connection refused
unit-opensearch-3: 02:31:42 ERROR unit.opensearch/3.juju-log Cannot connect to the OpenSearch server...
unit-opensearch-5: 02:31:44 ERROR unit.opensearch/5.juju-log node-lock-fallback:10: [Errno 111] Connection refused
unit-opensearch-5: 02:31:45 ERROR unit.opensearch/5.juju-log node-lock-fallback:10: Cannot connect to the OpenSearch server...
unit-opensearch-5: 02:31:45 ERROR unit.opensearch/5.juju-log node-lock-fallback:10: [Errno 111] Connection refused
unit-opensearch-3: 02:31:46 ERROR unit.opensearch/3.juju-log [Errno 111] Connection refused
unit-opensearch-3: 02:31:46 ERROR unit.opensearch/3.juju-log Cannot connect to the OpenSearch server...
unit-opensearch-5: 02:31:46 ERROR unit.opensearch/5.juju-log node-lock-fallback:10: [Errno 111] Connection refused
unit-opensearch-3: 02:31:49 ERROR unit.opensearch/3.juju-log [Errno 111] Connection refused
unit-opensearch-3: 02:31:49 ERROR unit.opensearch/3.juju-log Cannot connect to the OpenSearch server...
unit-opensearch-3: 02:31:52 ERROR unit.opensearch/3.juju-log [Errno 111] Connection refused
unit-opensearch-3: 02:31:52 ERROR unit.opensearch/3.juju-log Cannot connect to the OpenSearch server...
unit-opensearch-3: 02:31:55 ERROR unit.opensearch/3.juju-log [Errno 111] Connection refused
unit-opensearch-3: 02:31:56 ERROR unit.opensearch/3.juju-log Cannot connect to the OpenSearch server...
unit-opensearch-5: 02:31:57 ERROR unit.opensearch/5.juju-log upgrade-version-a:8: [Errno 111] Connection refused
unit-opensearch-5: 02:31:57 ERROR unit.opensearch/5.juju-log upgrade-version-a:8: Cannot connect to the OpenSearch server...
unit-opensearch-5: 02:31:57 ERROR unit.opensearch/5.juju-log upgrade-version-a:8: [Errno 111] Connection refused
unit-opensearch-5: 02:31:57 ERROR unit.opensearch/5.juju-log upgrade-version-a:8: [Errno 111] Connection refused
unit-opensearch-4: 02:31:58 ERROR unit.opensearch/4.juju-log [Errno 111] Connection refused
unit-opensearch-4: 02:31:58 ERROR unit.opensearch/4.juju-log Cannot connect to the OpenSearch server...
unit-opensearch-4: 02:31:58 ERROR unit.opensearch/4.juju-log [Errno 111] Connection refused
unit-opensearch-4: 02:31:58 ERROR unit.opensearch/4.juju-log [Errno 111] Connection refused
unit-opensearch-3: 02:31:59 ERROR unit.opensearch/3.juju-log [Errno 111] Connection refused
unit-opensearch-3: 02:31:59 ERROR unit.opensearch/3.juju-log Cannot connect to the OpenSearch server...
unit-opensearch-5: 02:31:59 ERROR unit.opensearch/5.juju-log certificates:11: [Errno 111] Connection refused
unit-opensearch-5: 02:31:59 ERROR unit.opensearch/5.juju-log certificates:11: Cannot connect to the OpenSearch server...
unit-opensearch-5: 02:31:59 ERROR unit.opensearch/5.juju-log certificates:11: [Errno 111] Connection refused
unit-opensearch-5: 02:31:59 ERROR unit.opensearch/5.juju-log certificates:11: [Errno 111] Connection refused
unit-opensearch-4: 02:32:00 ERROR unit.opensearch/4.juju-log [Errno 111] Connection refused
unit-opensearch-4: 02:32:00 ERROR unit.opensearch/4.juju-log Cannot connect to the OpenSearch server...
unit-opensearch-4: 02:32:01 ERROR unit.opensearch/4.juju-log [Errno 111] Connection refused
unit-opensearch-4: 02:32:01 ERROR unit.opensearch/4.juju-log [Errno 111] Connection refused
unit-opensearch-3: 02:32:02 ERROR unit.opensearch/3.juju-log [Errno 111] Connection refused
unit-opensearch-3: 02:32:02 ERROR unit.opensearch/3.juju-log Cannot connect to the OpenSearch server...
unit-opensearch-4: 02:32:02 ERROR unit.opensearch/4.juju-log [Errno 111] Connection refused
unit-opensearch-4: 02:32:02 ERROR unit.opensearch/4.juju-log Cannot connect to the OpenSearch server...
unit-opensearch-4: 02:32:02 ERROR unit.opensearch/4.juju-log [Errno 111] Connection refused
unit-opensearch-4: 02:32:02 ERROR unit.opensearch/4.juju-log [Errno 111] Connection refused
unit-opensearch-5: 02:32:03 ERROR unit.opensearch/5.juju-log [Errno 111] Connection refused
unit-opensearch-5: 02:32:03 ERROR unit.opensearch/5.juju-log Cannot connect to the OpenSearch server...
unit-opensearch-5: 02:32:03 ERROR unit.opensearch/5.juju-log [Errno 111] Connection refused
unit-opensearch-5: 02:32:03 ERROR unit.opensearch/5.juju-log [Errno 111] Connection refused
unit-opensearch-4: 02:32:04 ERROR unit.opensearch/4.juju-log upgrade-version-a:8: [Errno 111] Connection refused
unit-opensearch-4: 02:32:04 ERROR unit.opensearch/4.juju-log upgrade-version-a:8: Cannot connect to the OpenSearch server...
unit-opensearch-4: 02:32:04 ERROR unit.opensearch/4.juju-log upgrade-version-a:8: [Errno 111] Connection refused
unit-opensearch-4: 02:32:04 ERROR unit.opensearch/4.juju-log upgrade-version-a:8: [Errno 111] Connection refused
unit-opensearch-5: 02:32:04 ERROR unit.opensearch/5.juju-log [Errno 111] Connection refused
unit-opensearch-5: 02:32:04 ERROR unit.opensearch/5.juju-log Cannot connect to the OpenSearch server...
unit-opensearch-5: 02:32:04 ERROR unit.opensearch/5.juju-log [Errno 111] Connection refused
unit-opensearch-5: 02:32:04 ERROR unit.opensearch/5.juju-log [Errno 111] Connection refused
unit-opensearch-3: 02:32:05 ERROR unit.opensearch/3.juju-log [Errno 111] Connection refused
unit-opensearch-3: 02:32:05 ERROR unit.opensearch/3.juju-log Cannot connect to the OpenSearch server...
unit-opensearch-4: 02:32:05 ERROR unit.opensearch/4.juju-log [Errno 111] Connection refused
unit-opensearch-4: 02:32:05 ERROR unit.opensearch/4.juju-log Cannot connect to the OpenSearch server...
unit-opensearch-4: 02:32:05 ERROR unit.opensearch/4.juju-log [Errno 111] Connection refused
unit-opensearch-4: 02:32:05 ERROR unit.opensearch/4.juju-log [Errno 111] Connection refused
unit-opensearch-5: 02:32:06 ERROR unit.opensearch/5.juju-log [Errno 111] Connection refused
unit-opensearch-5: 02:32:06 ERROR unit.opensearch/5.juju-log Cannot connect to the OpenSearch server...
unit-opensearch-5: 02:32:06 ERROR unit.opensearch/5.juju-log [Errno 111] Connection refused
unit-opensearch-5: 02:32:06 ERROR unit.opensearch/5.juju-log [Errno 111] Connection refused
unit-opensearch-4: 02:32:07 ERROR unit.opensearch/4.juju-log upgrade-version-a:8: [Errno 111] Connection refused
unit-opensearch-4: 02:32:07 ERROR unit.opensearch/4.juju-log upgrade-version-a:8: Cannot connect to the OpenSearch server...
unit-opensearch-4: 02:32:07 ERROR unit.opensearch/4.juju-log upgrade-version-a:8: [Errno 111] Connection refused
unit-opensearch-4: 02:32:07 ERROR unit.opensearch/4.juju-log upgrade-version-a:8: [Errno 111] Connection refused
unit-opensearch-5: 02:32:08 ERROR unit.opensearch/5.juju-log [Errno 111] Connection refused
unit-opensearch-5: 02:32:08 ERROR unit.opensearch/5.juju-log Cannot connect to the OpenSearch server...
unit-opensearch-5: 02:32:08 ERROR unit.opensearch/5.juju-log [Errno 111] Connection refused
unit-opensearch-5: 02:32:08 ERROR unit.opensearch/5.juju-log [Errno 111] Connection refused
unit-opensearch-3: 02:32:08 ERROR unit.opensearch/3.juju-log [Errno 111] Connection refused
unit-opensearch-3: 02:32:08 ERROR unit.opensearch/3.juju-log Cannot connect to the OpenSearch server...
unit-opensearch-4: 02:32:08 ERROR unit.opensearch/4.juju-log node-lock-fallback:10: [Errno 111] Connection refused
unit-opensearch-4: 02:32:08 ERROR unit.opensearch/4.juju-log node-lock-fallback:10: Cannot connect to the OpenSearch server...
unit-opensearch-4: 02:32:08 ERROR unit.opensearch/4.juju-log node-lock-fallback:10: [Errno 111] Connection refused
unit-opensearch-4: 02:32:08 ERROR unit.opensearch/4.juju-log node-lock-fallback:10: [Errno 111] Connection refused
unit-opensearch-5: 02:32:09 ERROR unit.opensearch/5.juju-log node-lock-fallback:10: [Errno 111] Connection refused
unit-opensearch-5: 02:32:09 ERROR unit.opensearch/5.juju-log node-lock-fallback:10: Cannot connect to the OpenSearch server...
unit-opensearch-5: 02:32:09 ERROR unit.opensearch/5.juju-log node-lock-fallback:10: [Errno 111] Connection refused
unit-opensearch-5: 02:32:09 ERROR unit.opensearch/5.juju-log node-lock-fallback:10: [Errno 111] Connection refused
unit-opensearch-4: 02:32:10 ERROR unit.opensearch/4.juju-log node-lock-fallback:10: [Errno 111] Connection refused
unit-opensearch-4: 02:32:10 ERROR unit.opensearch/4.juju-log node-lock-fallback:10: Cannot connect to the OpenSearch server...
unit-opensearch-4: 02:32:10 ERROR unit.opensearch/4.juju-log node-lock-fallback:10: [Errno 111] Connection refused
unit-opensearch-4: 02:32:10 ERROR unit.opensearch/4.juju-log node-lock-fallback:10: [Errno 111] Connection refused
unit-opensearch-5: 02:32:11 ERROR unit.opensearch/5.juju-log opensearch-peers:9: [Errno 111] Connection refused
unit-opensearch-5: 02:32:11 ERROR unit.opensearch/5.juju-log opensearch-peers:9: Cannot connect to the OpenSearch server...
unit-opensearch-5: 02:32:11 ERROR unit.opensearch/5.juju-log opensearch-peers:9: [Errno 111] Connection refused
unit-opensearch-5: 02:32:11 ERROR unit.opensearch/5.juju-log opensearch-peers:9: [Errno 111] Connection refused
unit-opensearch-3: 02:32:11 ERROR unit.opensearch/3.juju-log [Errno 111] Connection refused
unit-opensearch-3: 02:32:11 ERROR unit.opensearch/3.juju-log Cannot connect to the OpenSearch server...
unit-opensearch-5: 02:32:11 ERROR unit.opensearch/5.juju-log opensearch-peers:9: [Errno 111] Connection refused
unit-opensearch-5: 02:32:11 ERROR unit.opensearch/5.juju-log opensearch-peers:9: [Errno 111] Connection refused
unit-opensearch-5: 02:32:11 ERROR unit.opensearch/5.juju-log opensearch-peers:9: [Errno 111] Connection refused
unit-opensearch-5: 02:32:11 ERROR unit.opensearch/5.juju-log opensearch-peers:9: [Errno 111] Connection refused
unit-opensearch-5: 02:32:11 ERROR unit.opensearch/5.juju-log opensearch-peers:9: [Errno 111] Connection refused
unit-opensearch-5: 02:32:11 ERROR unit.opensearch/5.juju-log opensearch-peers:9: [Errno 111] Connection refused
unit-opensearch-4: 02:32:12 ERROR unit.opensearch/4.juju-log upgrade-version-a:8: [Errno 111] Connection refused
unit-opensearch-4: 02:32:12 ERROR unit.opensearch/4.juju-log upgrade-version-a:8: Cannot connect to the OpenSearch server...
unit-opensearch-4: 02:32:12 ERROR unit.opensearch/4.juju-log upgrade-version-a:8: [Errno 111] Connection refused
unit-opensearch-4: 02:32:12 ERROR unit.opensearch/4.juju-log upgrade-version-a:8: [Errno 111] Connection refused
unit-opensearch-5: 02:32:12 ERROR unit.opensearch/5.juju-log opensearch-peers:9: [Errno 111] Connection refused
unit-opensearch-5: 02:32:12 ERROR unit.opensearch/5.juju-log opensearch-peers:9: Cannot connect to the OpenSearch server...
unit-opensearch-5: 02:32:12 ERROR unit.opensearch/5.juju-log opensearch-peers:9: [Errno 111] Connection refused
unit-opensearch-5: 02:32:12 ERROR unit.opensearch/5.juju-log opensearch-peers:9: [Errno 111] Connection refused
unit-opensearch-5: 02:32:12 ERROR unit.opensearch/5.juju-log opensearch-peers:9: [Errno 111] Connection refused
unit-opensearch-4: 02:32:13 ERROR unit.opensearch/4.juju-log opensearch-peers:9: [Errno 111] Connection refused
unit-opensearch-4: 02:32:13 ERROR unit.opensearch/4.juju-log opensearch-peers:9: Cannot connect to the OpenSearch server...
unit-opensearch-4: 02:32:13 ERROR unit.opensearch/4.juju-log opensearch-peers:9: [Errno 111] Connection refused
unit-opensearch-4: 02:32:13 ERROR unit.opensearch/4.juju-log opensearch-peers:9: [Errno 111] Connection refused
unit-opensearch-4: 02:32:13 ERROR unit.opensearch/4.juju-log opensearch-peers:9: [Errno 111] Connection refused
unit-opensearch-4: 02:32:13 ERROR unit.opensearch/4.juju-log opensearch-peers:9: [Errno 111] Connection refused
unit-opensearch-4: 02:32:13 ERROR unit.opensearch/4.juju-log opensearch-peers:9: [Errno 111] Connection refused
unit-opensearch-4: 02:32:13 ERROR unit.opensearch/4.juju-log opensearch-peers:9: [Errno 111] Connection refused
unit-opensearch-4: 02:32:13 ERROR unit.opensearch/4.juju-log opensearch-peers:9: [Errno 111] Connection refused
unit-opensearch-4: 02:32:14 ERROR unit.opensearch/4.juju-log opensearch-peers:9: [Errno 111] Connection refused
unit-opensearch-3: 02:32:14 ERROR unit.opensearch/3.juju-log [Errno 111] Connection refused
unit-opensearch-3: 02:32:14 ERROR unit.opensearch/3.juju-log Cannot connect to the OpenSearch server...
unit-opensearch-5: 02:32:14 ERROR unit.opensearch/5.juju-log upgrade-version-a:8: [Errno 111] Connection refused
unit-opensearch-5: 02:32:14 ERROR unit.opensearch/5.juju-log upgrade-version-a:8: Cannot connect to the OpenSearch server...
unit-opensearch-5: 02:32:14 ERROR unit.opensearch/5.juju-log upgrade-version-a:8: [Errno 111] Connection refused
unit-opensearch-5: 02:32:14 ERROR unit.opensearch/5.juju-log upgrade-version-a:8: [Errno 111] Connection refused
unit-opensearch-5: 02:32:14 ERROR unit.opensearch/5.juju-log upgrade-version-a:8: [Errno 111] Connection refused
unit-opensearch-4: 02:32:15 ERROR unit.opensearch/4.juju-log node-lock-fallback:10: [Errno 111] Connection refused
unit-opensearch-4: 02:32:15 ERROR unit.opensearch/4.juju-log node-lock-fallback:10: Cannot connect to the OpenSearch server...
unit-opensearch-4: 02:32:15 ERROR unit.opensearch/4.juju-log node-lock-fallback:10: [Errno 111] Connection refused
unit-opensearch-4: 02:32:15 ERROR unit.opensearch/4.juju-log node-lock-fallback:10: [Errno 111] Connection refused
unit-opensearch-5: 02:32:15 ERROR unit.opensearch/5.juju-log node-lock-fallback:10: [Errno 111] Connection refused
unit-opensearch-5: 02:32:15 ERROR unit.opensearch/5.juju-log node-lock-fallback:10: Cannot connect to the OpenSearch server...
unit-opensearch-5: 02:32:15 ERROR unit.opensearch/5.juju-log node-lock-fallback:10: [Errno 111] Connection refused
unit-opensearch-5: 02:32:15 ERROR unit.opensearch/5.juju-log node-lock-fallback:10: [Errno 111] Connection refused
unit-opensearch-5: 02:32:15 ERROR unit.opensearch/5.juju-log node-lock-fallback:10: [Errno 111] Connection refused
unit-opensearch-4: 02:32:16 ERROR unit.opensearch/4.juju-log node-lock-fallback:10: [Errno 111] Connection refused
unit-opensearch-4: 02:32:16 ERROR unit.opensearch/4.juju-log node-lock-fallback:10: Cannot connect to the OpenSearch server...
unit-opensearch-4: 02:32:16 ERROR unit.opensearch/4.juju-log node-lock-fallback:10: [Errno 111] Connection refused
unit-opensearch-4: 02:32:16 ERROR unit.opensearch/4.juju-log node-lock-fallback:10: [Errno 111] Connection refused
unit-opensearch-3: 02:32:17 ERROR unit.opensearch/3.juju-log [Errno 111] Connection refused
unit-opensearch-3: 02:32:17 ERROR unit.opensearch/3.juju-log Cannot connect to the OpenSearch server...
unit-opensearch-5: 02:32:17 ERROR unit.opensearch/5.juju-log node-lock-fallback:10: [Errno 111] Connection refused
unit-opensearch-5: 02:32:17 ERROR unit.opensearch/5.juju-log node-lock-fallback:10: Cannot connect to the OpenSearch server...
unit-opensearch-5: 02:32:17 ERROR unit.opensearch/5.juju-log node-lock-fallback:10: [Errno 111] Connection refused
unit-opensearch-5: 02:32:17 ERROR unit.opensearch/5.juju-log node-lock-fallback:10: [Errno 111] Connection refused
unit-opensearch-5: 02:32:17 ERROR unit.opensearch/5.juju-log node-lock-fallback:10: [Errno 111] Connection refused
unit-opensearch-4: 02:32:18 ERROR unit.opensearch/4.juju-log upgrade-version-a:8: [Errno 111] Connection refused
unit-opensearch-4: 02:32:18 ERROR unit.opensearch/4.juju-log upgrade-version-a:8: Cannot connect to the OpenSearch server...
unit-opensearch-4: 02:32:18 ERROR unit.opensearch/4.juju-log upgrade-version-a:8: [Errno 111] Connection refused
unit-opensearch-4: 02:32:18 ERROR unit.opensearch/4.juju-log upgrade-version-a:8: [Errno 111] Connection refused
unit-opensearch-5: 02:32:18 ERROR unit.opensearch/5.juju-log node-lock-fallback:10: [Errno 111] Connection refused
unit-opensearch-5: 02:32:18 ERROR unit.opensearch/5.juju-log node-lock-fallback:10: Cannot connect to the OpenSearch server...
unit-opensearch-5: 02:32:18 ERROR unit.opensearch/5.juju-log node-lock-fallback:10: [Errno 111] Connection refused
unit-opensearch-5: 02:32:18 ERROR unit.opensearch/5.juju-log node-lock-fallback:10: [Errno 111] Connection refused
unit-opensearch-5: 02:32:18 ERROR unit.opensearch/5.juju-log node-lock-fallback:10: [Errno 111] Connection refused
unit-opensearch-4: 02:32:19 ERROR unit.opensearch/4.juju-log node-lock-fallback:10: [Errno 111] Connection refused
unit-opensearch-4: 02:32:19 ERROR unit.opensearch/4.juju-log node-lock-fallback:10: Cannot connect to the OpenSearch server...
unit-opensearch-4: 02:32:19 ERROR unit.opensearch/4.juju-log node-lock-fallback:10: [Errno 111] Connection refused
unit-opensearch-5: 02:32:20 ERROR unit.opensearch/5.juju-log opensearch-peers:9: [Errno 111] Connection refused
unit-opensearch-5: 02:32:20 ERROR unit.opensearch/5.juju-log opensearch-peers:9: Cannot connect to the OpenSearch server...
unit-opensearch-5: 02:32:20 ERROR unit.opensearch/5.juju-log opensearch-peers:9: [Errno 111] Connection refused
unit-opensearch-5: 02:32:20 ERROR unit.opensearch/5.juju-log opensearch-peers:9: [Errno 111] Connection refused
unit-opensearch-5: 02:32:21 ERROR unit.opensearch/5.juju-log opensearch-peers:9: [Errno 111] Connection refused
unit-opensearch-5: 02:32:21 ERROR unit.opensearch/5.juju-log opensearch-peers:9: [Errno 111] Connection refused
unit-opensearch-5: 02:32:21 ERROR unit.opensearch/5.juju-log opensearch-peers:9: [Errno 111] Connection refused
unit-opensearch-5: 02:32:21 ERROR unit.opensearch/5.juju-log opensearch-peers:9: [Errno 111] Connection refused
unit-opensearch-5: 02:32:21 ERROR unit.opensearch/5.juju-log opensearch-peers:9: [Errno 111] Connection refused
unit-opensearch-5: 02:32:21 ERROR unit.opensearch/5.juju-log opensearch-peers:9: [Errno 111] Connection refused
unit-opensearch-4: 02:32:21 ERROR unit.opensearch/4.juju-log node-lock-fallback:10: [Errno 111] Connection refused
unit-opensearch-4: 02:32:21 ERROR unit.opensearch/4.juju-log node-lock-fallback:10: Cannot connect to the OpenSearch server...
unit-opensearch-4: 02:32:21 ERROR unit.opensearch/4.juju-log node-lock-fallback:10: [Errno 111] Connection refused
unit-opensearch-5: 02:32:22 ERROR unit.opensearch/5.juju-log node-lock-fallback:10: [Errno 111] Connection refused
unit-opensearch-5: 02:32:22 ERROR unit.opensearch/5.juju-log node-lock-fallback:10: Cannot connect to the OpenSearch server...
unit-opensearch-5: 02:32:22 ERROR unit.opensearch/5.juju-log node-lock-fallback:10: [Errno 111] Connection refused
unit-opensearch-5: 02:32:22 ERROR unit.opensearch/5.juju-log node-lock-fallback:10: [Errno 111] Connection refused
unit-opensearch-4: 02:32:23 ERROR unit.opensearch/4.juju-log opensearch-peers:9: [Errno 111] Connection refused
unit-opensearch-4: 02:32:23 ERROR unit.opensearch/4.juju-log opensearch-peers:9: Cannot connect to the OpenSearch server...
unit-opensearch-4: 02:32:23 ERROR unit.opensearch/4.juju-log opensearch-peers:9: [Errno 111] Connection refused
unit-opensearch-4: 02:32:23 ERROR unit.opensearch/4.juju-log opensearch-peers:9: [Errno 111] Connection refused
unit-opensearch-5: 02:32:24 ERROR unit.opensearch/5.juju-log node-lock-fallback:10: [Errno 111] Connection refused
unit-opensearch-5: 02:32:24 ERROR unit.opensearch/5.juju-log node-lock-fallback:10: Cannot connect to the OpenSearch server...
unit-opensearch-5: 02:32:24 ERROR unit.opensearch/5.juju-log node-lock-fallback:10: [Errno 111] Connection refused
unit-opensearch-5: 02:32:25 ERROR unit.opensearch/5.juju-log node-lock-fallback:10: [Errno 111] Connection refused
unit-opensearch-4: 02:32:25 ERROR unit.opensearch/4.juju-log upgrade-version-a:8: [Errno 111] Connection refused
unit-opensearch-4: 02:32:25 ERROR unit.opensearch/4.juju-log upgrade-version-a:8: Cannot connect to the OpenSearch server...
unit-opensearch-4: 02:32:25 ERROR unit.opensearch/4.juju-log upgrade-version-a:8: [Errno 111] Connection refused
unit-opensearch-5: 02:32:26 ERROR unit.opensearch/5.juju-log opensearch-peers:9: [Errno 111] Connection refused
unit-opensearch-5: 02:32:26 ERROR unit.opensearch/5.juju-log opensearch-peers:9: Cannot connect to the OpenSearch server...
unit-opensearch-5: 02:32:26 ERROR unit.opensearch/5.juju-log opensearch-peers:9: [Errno 111] Connection refused
unit-opensearch-5: 02:32:26 ERROR unit.opensearch/5.juju-log opensearch-peers:9: [Errno 111] Connection refused
unit-opensearch-5: 02:32:27 ERROR unit.opensearch/5.juju-log opensearch-peers:9: [Errno 111] Connection refused
unit-opensearch-5: 02:32:27 ERROR unit.opensearch/5.juju-log opensearch-peers:9: [Errno 111] Connection refused
unit-opensearch-4: 02:32:27 ERROR unit.opensearch/4.juju-log node-lock-fallback:10: [Errno 111] Connection refused
unit-opensearch-4: 02:32:27 ERROR unit.opensearch/4.juju-log node-lock-fallback:10: Cannot connect to the OpenSearch server...
unit-opensearch-4: 02:32:27 ERROR unit.opensearch/4.juju-log node-lock-fallback:10: [Errno 111] Connection refused
unit-opensearch-5: 02:32:28 ERROR unit.opensearch/5.juju-log upgrade-version-a:8: [Errno 111] Connection refused
unit-opensearch-5: 02:32:28 ERROR unit.opensearch/5.juju-log upgrade-version-a:8: Cannot connect to the OpenSearch server...
unit-opensearch-5: 02:32:28 ERROR unit.opensearch/5.juju-log upgrade-version-a:8: [Errno 111] Connection refused
unit-opensearch-5: 02:32:28 ERROR unit.opensearch/5.juju-log upgrade-version-a:8: [Errno 111] Connection refused
unit-opensearch-4: 02:32:29 ERROR unit.opensearch/4.juju-log opensearch-peers:9: [Errno 111] Connection refused
unit-opensearch-4: 02:32:29 ERROR unit.opensearch/4.juju-log opensearch-peers:9: Cannot connect to the OpenSearch server...
unit-opensearch-4: 02:32:29 ERROR unit.opensearch/4.juju-log opensearch-peers:9: [Errno 111] Connection refused
unit-opensearch-4: 02:32:29 ERROR unit.opensearch/4.juju-log opensearch-peers:9: [Errno 111] Connection refused
unit-opensearch-5: 02:32:29 ERROR unit.opensearch/5.juju-log node-lock-fallback:10: [Errno 111] Connection refused
unit-opensearch-5: 02:32:29 ERROR unit.opensearch/5.juju-log node-lock-fallback:10: Cannot connect to the OpenSearch server...
unit-opensearch-5: 02:32:29 ERROR unit.opensearch/5.juju-log node-lock-fallback:10: [Errno 111] Connection refused
unit-opensearch-5: 02:32:29 ERROR unit.opensearch/5.juju-log node-lock-fallback:10: [Errno 111] Connection refused
unit-opensearch-4: 02:32:30 ERROR unit.opensearch/4.juju-log opensearch-peers:9: [Errno 111] Connection refused
unit-opensearch-4: 02:32:30 ERROR unit.opensearch/4.juju-log opensearch-peers:9: Cannot connect to the OpenSearch server...
unit-opensearch-4: 02:32:30 ERROR unit.opensearch/4.juju-log opensearch-peers:9: [Errno 111] Connection refused
unit-opensearch-4: 02:32:30 ERROR unit.opensearch/4.juju-log opensearch-peers:9: [Errno 111] Connection refused
unit-opensearch-4: 02:32:30 ERROR unit.opensearch/4.juju-log opensearch-peers:9: [Errno 111] Connection refused
unit-opensearch-4: 02:32:30 ERROR unit.opensearch/4.juju-log opensearch-peers:9: [Errno 111] Connection refused
unit-opensearch-4: 02:32:30 ERROR unit.opensearch/4.juju-log opensearch-peers:9: [Errno 111] Connection refused
unit-opensearch-4: 02:32:30 ERROR unit.opensearch/4.juju-log opensearch-peers:9: [Errno 111] Connection refused
unit-opensearch-4: 02:32:30 ERROR unit.opensearch/4.juju-log opensearch-peers:9: [Errno 111] Connection refused
unit-opensearch-4: 02:32:30 ERROR unit.opensearch/4.juju-log opensearch-peers:9: [Errno 111] Connection refused
unit-opensearch-5: 02:32:31 ERROR unit.opensearch/5.juju-log opensearch-peers:9: [Errno 111] Connection refused
unit-opensearch-5: 02:32:31 ERROR unit.opensearch/5.juju-log opensearch-peers:9: Cannot connect to the OpenSearch server...
unit-opensearch-5: 02:32:31 ERROR unit.opensearch/5.juju-log opensearch-peers:9: [Errno 111] Connection refused
unit-opensearch-5: 02:32:31 ERROR unit.opensearch/5.juju-log opensearch-peers:9: [Errno 111] Connection refused
unit-opensearch-5: 02:32:31 ERROR unit.opensearch/5.juju-log opensearch-peers:9: [Errno 111] Connection refused
unit-opensearch-5: 02:32:31 ERROR unit.opensearch/5.juju-log opensearch-peers:9: [Errno 111] Connection refused
unit-opensearch-4: 02:32:32 ERROR unit.opensearch/4.juju-log node-lock-fallback:10: [Errno 111] Connection refused
unit-opensearch-4: 02:32:32 ERROR unit.opensearch/4.juju-log node-lock-fallback:10: Cannot connect to the OpenSearch server...
unit-opensearch-4: 02:32:32 ERROR unit.opensearch/4.juju-log node-lock-fallback:10: [Errno 111] Connection refused
unit-opensearch-4: 02:32:32 ERROR unit.opensearch/4.juju-log node-lock-fallback:10: [Errno 111] Connection refused
unit-opensearch-5: 02:32:32 ERROR unit.opensearch/5.juju-log opensearch-peers:9: [Errno 111] Connection refused
unit-opensearch-5: 02:32:32 ERROR unit.opensearch/5.juju-log opensearch-peers:9: Cannot connect to the OpenSearch server...
unit-opensearch-5: 02:32:32 ERROR unit.opensearch/5.juju-log opensearch-peers:9: [Errno 111] Connection refused
unit-opensearch-5: 02:32:32 ERROR unit.opensearch/5.juju-log opensearch-peers:9: [Errno 111] Connection refused
unit-opensearch-5: 02:32:32 ERROR unit.opensearch/5.juju-log opensearch-peers:9: [Errno 111] Connection refused
unit-opensearch-5: 02:32:33 ERROR unit.opensearch/5.juju-log opensearch-peers:9: [Errno 111] Connection refused
unit-opensearch-5: 02:32:33 ERROR unit.opensearch/5.juju-log opensearch-peers:9: [Errno 111] Connection refused
unit-opensearch-5: 02:32:33 ERROR unit.opensearch/5.juju-log opensearch-peers:9: [Errno 111] Connection refused
unit-opensearch-5: 02:32:33 ERROR unit.opensearch/5.juju-log opensearch-peers:9: [Errno 111] Connection refused
unit-opensearch-5: 02:32:33 ERROR unit.opensearch/5.juju-log opensearch-peers:9: [Errno 111] Connection refused
unit-opensearch-4: 02:32:33 ERROR unit.opensearch/4.juju-log [Errno 111] Connection refused
unit-opensearch-4: 02:32:33 ERROR unit.opensearch/4.juju-log Cannot connect to the OpenSearch server...
unit-opensearch-4: 02:32:33 ERROR unit.opensearch/4.juju-log [Errno 111] Connection refused
unit-opensearch-4: 02:32:33 ERROR unit.opensearch/4.juju-log [Errno 111] Connection refused
unit-opensearch-5: 02:32:34 ERROR unit.opensearch/5.juju-log [Errno 111] Connection refused
unit-opensearch-5: 02:32:34 ERROR unit.opensearch/5.juju-log Cannot connect to the OpenSearch server...
unit-opensearch-5: 02:32:34 ERROR unit.opensearch/5.juju-log [Errno 111] Connection refused
unit-opensearch-5: 02:32:34 ERROR unit.opensearch/5.juju-log [Errno 111] Connection refused
unit-opensearch-3: 02:32:34 ERROR unit.opensearch/3.juju-log [Errno 111] Connection refused
unit-opensearch-4: 02:32:34 ERROR unit.opensearch/4.juju-log opensearch-peers:9: [Errno 111] Connection refused
unit-opensearch-4: 02:32:34 ERROR unit.opensearch/4.juju-log opensearch-peers:9: Cannot connect to the OpenSearch server...
unit-opensearch-4: 02:32:34 ERROR unit.opensearch/4.juju-log opensearch-peers:9: [Errno 111] Connection refused
unit-opensearch-5: 02:32:34 ERROR unit.opensearch/5.juju-log [Errno 111] Connection refused
unit-opensearch-5: 02:32:34 ERROR unit.opensearch/5.juju-log [Errno 111] Connection refused
unit-opensearch-4: 02:32:34 ERROR unit.opensearch/4.juju-log opensearch-peers:9: [Errno 111] Connection refused
unit-opensearch-5: 02:32:35 ERROR unit.opensearch/5.juju-log [Errno 111] Connection refused
unit-opensearch-4: 02:32:35 ERROR unit.opensearch/4.juju-log opensearch-peers:9: [Errno 111] Connection refused
unit-opensearch-3: 02:32:35 ERROR unit.opensearch/3.juju-log [Errno 111] Connection refused
unit-opensearch-4: 02:32:35 ERROR unit.opensearch/4.juju-log opensearch-peers:9: [Errno 111] Connection refused
unit-opensearch-3: 02:32:35 ERROR unit.opensearch/3.juju-log [Errno 111] Connection refused
unit-opensearch-5: 02:32:35 ERROR unit.opensearch/5.juju-log [Errno 111] Connection refused
unit-opensearch-4: 02:32:35 ERROR unit.opensearch/4.juju-log opensearch-peers:9: [Errno 111] Connection refused
unit-opensearch-3: 02:32:35 ERROR unit.opensearch/3.juju-log [Errno 111] Connection refused
unit-opensearch-4: 02:32:35 ERROR unit.opensearch/4.juju-log opensearch-peers:9: [Errno 111] Connection refused
unit-opensearch-3: 02:32:35 ERROR unit.opensearch/3.juju-log [Errno 111] Connection refused
unit-opensearch-4: 02:32:35 ERROR unit.opensearch/4.juju-log opensearch-peers:9: [Errno 111] Connection refused
unit-opensearch-4: 02:32:35 ERROR unit.opensearch/4.juju-log opensearch-peers:9: [Errno 111] Connection refused
unit-opensearch-5: 02:32:35 ERROR unit.opensearch/5.juju-log [Errno 111] Connection refused
unit-opensearch-5: 02:32:35 ERROR unit.opensearch/5.juju-log [Errno 111] Connection refused
unit-opensearch-3: 02:32:35 ERROR unit.opensearch/3.juju-log [Errno 111] Connection refused
unit-opensearch-3: 02:32:35 ERROR unit.opensearch/3.juju-log [Errno 111] Connection refused
unit-opensearch-5: 02:32:35 ERROR unit.opensearch/5.juju-log [Errno 111] Connection refused
unit-opensearch-5: 02:32:35 ERROR unit.opensearch/5.juju-log [Errno 111] Connection refused
unit-opensearch-4: 02:32:35 ERROR unit.opensearch/4.juju-log opensearch-peers:9: [Errno 111] Connection refused
unit-opensearch-4: 02:32:35 ERROR unit.opensearch/4.juju-log opensearch-peers:9: [Errno 111] Connection refused
unit-opensearch-5: 02:32:35 ERROR unit.opensearch/5.juju-log [Errno 111] Connection refused
unit-opensearch-5: 02:32:36 ERROR unit.opensearch/5.juju-log [Errno 111] Connection refused
unit-opensearch-3: 02:32:36 ERROR unit.opensearch/3.juju-log [Errno 111] Connection refused
unit-opensearch-5: 02:32:36 ERROR unit.opensearch/5.juju-log [Errno 111] Connection refused
unit-opensearch-5: 02:32:36 ERROR unit.opensearch/5.juju-log Cannot connect to the OpenSearch server...
unit-opensearch-5: 02:32:37 ERROR unit.opensearch/5.juju-log [Errno 111] Connection refused
unit-opensearch-4: 02:32:37 ERROR unit.opensearch/4.juju-log opensearch-peers:9: [Errno 111] Connection refused
unit-opensearch-4: 02:32:37 ERROR unit.opensearch/4.juju-log opensearch-peers:9: Cannot connect to the OpenSearch server...
unit-opensearch-4: 02:32:37 ERROR unit.opensearch/4.juju-log opensearch-peers:9: [Errno 111] Connection refused
unit-opensearch-4: 02:32:37 ERROR unit.opensearch/4.juju-log opensearch-peers:9: [Errno 111] Connection refused
unit-opensearch-4: 02:32:37 ERROR unit.opensearch/4.juju-log opensearch-peers:9: [Errno 111] Connection refused
unit-opensearch-4: 02:32:37 ERROR unit.opensearch/4.juju-log opensearch-peers:9: [Errno 111] Connection refused
unit-opensearch-4: 02:32:38 ERROR unit.opensearch/4.juju-log opensearch-peers:9: [Errno 111] Connection refused
unit-opensearch-4: 02:32:38 ERROR unit.opensearch/4.juju-log opensearch-peers:9: [Errno 111] Connection refused
unit-opensearch-4: 02:32:38 ERROR unit.opensearch/4.juju-log opensearch-peers:9: [Errno 111] Connection refused
unit-opensearch-4: 02:32:38 ERROR unit.opensearch/4.juju-log opensearch-peers:9: [Errno 111] Connection refused
unit-opensearch-4: 02:32:38 ERROR unit.opensearch/4.juju-log opensearch-peers:9: [Errno 111] Connection refused
unit-opensearch-4: 02:32:38 ERROR unit.opensearch/4.juju-log opensearch-peers:9: [Errno 111] Connection refused
unit-opensearch-4: 02:32:38 ERROR unit.opensearch/4.juju-log opensearch-peers:9: [Errno 111] Connection refused
unit-opensearch-4: 02:32:38 ERROR unit.opensearch/4.juju-log opensearch-peers:9: [Errno 111] Connection refused
unit-opensearch-4: 02:32:39 ERROR unit.opensearch/4.juju-log opensearch-peers:9: [Errno 111] Connection refused
unit-opensearch-5: 02:32:40 ERROR unit.opensearch/5.juju-log [Errno 111] Connection refused
unit-opensearch-4: 02:32:40 ERROR unit.opensearch/4.juju-log opensearch-peers:9: [Errno 111] Connection refused
unit-opensearch-4: 02:32:40 ERROR unit.opensearch/4.juju-log opensearch-peers:9: Cannot connect to the OpenSearch server...
unit-opensearch-4: 02:32:43 ERROR unit.opensearch/4.juju-log opensearch-peers:9: [Errno 111] Connection refused
unit-opensearch-5: 02:32:43 ERROR unit.opensearch/5.juju-log [Errno 111] Connection refused
unit-opensearch-4: 02:32:46 ERROR unit.opensearch/4.juju-log opensearch-peers:9: [Errno 111] Connection refused
unit-opensearch-5: 02:32:46 ERROR unit.opensearch/5.juju-log [Errno 111] Connection refused
unit-opensearch-4: 02:32:49 ERROR unit.opensearch/4.juju-log opensearch-peers:9: [Errno 111] Connection refused
unit-opensearch-5: 02:32:49 ERROR unit.opensearch/5.juju-log [Errno 111] Connection refused
unit-opensearch-4: 02:32:52 ERROR unit.opensearch/4.juju-log opensearch-peers:9: [Errno 111] Connection refused
unit-opensearch-5: 02:32:53 ERROR unit.opensearch/5.juju-log [Errno 111] Connection refused
unit-opensearch-4: 02:32:56 ERROR unit.opensearch/4.juju-log opensearch-peers:9: [Errno 111] Connection refused
unit-opensearch-5: 02:32:56 ERROR unit.opensearch/5.juju-log [Errno 111] Connection refused
unit-opensearch-4: 02:32:59 ERROR unit.opensearch/4.juju-log opensearch-peers:9: [Errno 111] Connection refused
unit-opensearch-5: 02:32:59 ERROR unit.opensearch/5.juju-log [Errno 111] Connection refused
unit-opensearch-4: 02:33:02 ERROR unit.opensearch/4.juju-log opensearch-peers:9: [Errno 111] Connection refused
unit-opensearch-5: 02:33:02 ERROR unit.opensearch/5.juju-log [Errno 111] Connection refused
unit-opensearch-4: 02:33:05 ERROR unit.opensearch/4.juju-log opensearch-peers:9: [Errno 111] Connection refused
unit-opensearch-5: 02:33:05 ERROR unit.opensearch/5.juju-log [Errno 111] Connection refused
unit-opensearch-3: 02:33:06 ERROR unit.opensearch/3.juju-log opensearch-peers:9: [Errno 111] Connection refused
unit-opensearch-4: 02:33:08 ERROR unit.opensearch/4.juju-log opensearch-peers:9: [Errno 111] Connection refused
unit-opensearch-3: 02:33:09 ERROR unit.opensearch/3.juju-log opensearch-peers:9: [Errno 111] Connection refused
unit-opensearch-5: 02:33:09 ERROR unit.opensearch/5.juju-log [Errno 111] Connection refused
unit-opensearch-3: 02:33:11 ERROR unit.opensearch/3.juju-log opensearch-peers:9: [Errno 111] Connection refused
unit-opensearch-4: 02:33:12 ERROR unit.opensearch/4.juju-log opensearch-peers:9: [Errno 111] Connection refused
unit-opensearch-5: 02:33:12 ERROR unit.opensearch/5.juju-log [Errno 111] Connection refused
unit-opensearch-3: 02:33:13 ERROR unit.opensearch/3.juju-log opensearch-peers:9: [Errno 111] Connection refused
unit-opensearch-3: 02:33:14 ERROR unit.opensearch/3.juju-log opensearch-peers:9: [Errno 111] Connection refused
unit-opensearch-4: 02:33:15 ERROR unit.opensearch/4.juju-log opensearch-peers:9: [Errno 111] Connection refused
unit-opensearch-5: 02:33:15 ERROR unit.opensearch/5.juju-log [Errno 111] Connection refused
unit-opensearch-3: 02:33:17 ERROR unit.opensearch/3.juju-log opensearch-peers:9: [Errno 111] Connection refused
unit-opensearch-3: 02:33:17 ERROR unit.opensearch/3.juju-log opensearch-peers:9: [Errno 111] Connection refused
unit-opensearch-3: 02:33:18 ERROR unit.opensearch/3.juju-log opensearch-peers:9: [Errno 111] Connection refused
unit-opensearch-4: 02:33:18 ERROR unit.opensearch/4.juju-log opensearch-peers:9: [Errno 111] Connection refused
unit-opensearch-5: 02:33:18 ERROR unit.opensearch/5.juju-log [Errno 111] Connection refused
unit-opensearch-4: 02:33:21 ERROR unit.opensearch/4.juju-log opensearch-peers:9: [Errno 111] Connection refused
unit-opensearch-5: 02:33:21 ERROR unit.opensearch/5.juju-log [Errno 111] Connection refused
unit-opensearch-4: 02:33:24 ERROR unit.opensearch/4.juju-log opensearch-peers:9: [Errno 111] Connection refused
unit-opensearch-5: 02:33:24 ERROR unit.opensearch/5.juju-log [Errno 111] Connection refused
unit-opensearch-4: 02:33:27 ERROR unit.opensearch/4.juju-log opensearch-peers:9: [Errno 111] Connection refused
unit-opensearch-5: 02:33:27 ERROR unit.opensearch/5.juju-log [Errno 111] Connection refused
unit-opensearch-4: 02:33:30 ERROR unit.opensearch/4.juju-log opensearch-peers:9: [Errno 111] Connection refused
unit-opensearch-5: 02:33:30 ERROR unit.opensearch/5.juju-log [Errno 111] Connection refused
unit-opensearch-4: 02:33:33 ERROR unit.opensearch/4.juju-log opensearch-peers:9: [Errno 111] Connection refused
unit-opensearch-5: 02:33:33 ERROR unit.opensearch/5.juju-log [Errno 111] Connection refused
unit-opensearch-4: 02:33:36 ERROR unit.opensearch/4.juju-log opensearch-peers:9: [Errno 111] Connection refused
unit-opensearch-3: 02:33:38 ERROR unit.opensearch/3.juju-log opensearch-peers:9: [Errno 111] Connection refused
unit-opensearch-4: 02:33:39 ERROR unit.opensearch/4.juju-log opensearch-peers:9: [Errno 111] Connection refused
unit-opensearch-5: 02:33:40 ERROR unit.opensearch/5.juju-log node-lock-fallback:10: [Errno 111] Connection refused
unit-opensearch-5: 02:33:41 ERROR unit.opensearch/5.juju-log node-lock-fallback:10: [Errno 111] Connection refused
unit-opensearch-5: 02:33:41 ERROR unit.opensearch/5.juju-log node-lock-fallback:10: [Errno 111] Connection refused
unit-opensearch-5: 02:33:42 ERROR unit.opensearch/5.juju-log node-lock-fallback:10: [Errno 111] Connection refused
unit-opensearch-5: 02:33:42 ERROR unit.opensearch/5.juju-log node-lock-fallback:10: [Errno 111] Connection refused
unit-opensearch-4: 02:33:42 ERROR unit.opensearch/4.juju-log opensearch-peers:9: [Errno 111] Connection refused

[32mINFO    [0m pytest_operator.plugin:plugin.py:947 Forgetting model main...
[32mINFO    [0m integration.ha.test_backups:test_backups.py:173 Cleaning backups from cloud buckets