[32mINFO    [0m juju.model:model.py:2097 Deploying local:opensearch-0
[32mINFO    [0m integration.helpers_deployments:helpers_deployments.py:393 



[32mINFO    [0m integration.helpers_deployments:helpers_deployments.py:394 Model  Controller           Cloud/Region         Version  SLA          Timestamp
test   localhost-localhost  localhost/localhost  3.5.3    unsupported  02:43:03Z

App                       Version  Status   Scale  Charm                     Channel        Rev  Exposed  Message
opensearch                         active       2  opensearch                                 0  no       
second-opensearch                  waiting    0/1  opensearch                                 0  no       waiting for machine
self-signed-certificates           active       1  self-signed-certificates  latest/stable  155  no       

Unit                         Workload  Agent       Machine  Public address  Ports     Message
opensearch/0                 active    idle        1        10.59.248.91    9200/tcp  
opensearch/1*                active    idle        2        10.59.248.60    9200/tcp  
second-opensearch/0          waiting   allocating  3                                  waiting for machine
self-signed-certificates/0*  active    executing   0        10.59.248.19              

Machine  State    Address       Inst id        Base          AZ  Message
0        started  10.59.248.19  juju-970854-0  ubuntu@22.04      Running
1        started  10.59.248.91  juju-970854-1  ubuntu@22.04      Running
2        started  10.59.248.60  juju-970854-2  ubuntu@22.04      Running
3        pending                pending        ubuntu@22.04      

[32mINFO    [0m integration.helpers_deployments:helpers_deployments.py:401 


02:43:03 -- Waiting for model...
[32mINFO    [0m integration.helpers_deployments:helpers_deployments.py:341 	App: opensearch - Units - conditions unmet.
[32mINFO    [0m integration.helpers_deployments:helpers_deployments.py:342 
	app: opensearch active -- message: None
		opensearch-0.378  -- (10.59.248.91) -- [idle (since: 02:42:51)] active: 
		opensearch-1.378* -- (10.59.248.60) -- [idle (since: 02:41:32)] active: 

[32mINFO    [0m integration.helpers_deployments:helpers_deployments.py:401 


02:43:14 -- Waiting for model...
[32mINFO    [0m integration.helpers_deployments:helpers_deployments.py:341 	App: opensearch - Units - conditions unmet.
[32mINFO    [0m integration.helpers_deployments:helpers_deployments.py:342 
	app: opensearch active -- message: None
		opensearch-0.378  -- (10.59.248.91) -- [idle (since: 02:42:51)] active: 
		opensearch-1.378* -- (10.59.248.60) -- [idle (since: 02:41:32)] active: 

[32mINFO    [0m integration.helpers_deployments:helpers_deployments.py:401 


02:43:26 -- Waiting for model...
[32mINFO    [0m integration.helpers_deployments:helpers_deployments.py:341 	App: opensearch - Units - conditions unmet.
[32mINFO    [0m integration.helpers_deployments:helpers_deployments.py:342 
	app: opensearch active -- message: None
		opensearch-0.378  -- (10.59.248.91) -- [idle (since: 02:42:51)] active: 
		opensearch-1.378* -- (10.59.248.60) -- [idle (since: 02:41:32)] active: 

[32mINFO    [0m integration.helpers_deployments:helpers_deployments.py:401 


02:43:37 -- Waiting for model...
[32mINFO    [0m integration.helpers_deployments:helpers_deployments.py:341 	App: opensearch - Units - conditions unmet.
[32mINFO    [0m integration.helpers_deployments:helpers_deployments.py:342 
	app: opensearch active -- message: None
		opensearch-0.378  -- (10.59.248.91) -- [idle (since: 02:42:51)] active: 
		opensearch-1.378* -- (10.59.248.60) -- [idle (since: 02:41:32)] active: 

[32mINFO    [0m integration.helpers_deployments:helpers_deployments.py:401 


02:43:48 -- Waiting for model...
[32mINFO    [0m integration.helpers_deployments:helpers_deployments.py:341 	App: opensearch - Units - conditions unmet.
[32mINFO    [0m integration.helpers_deployments:helpers_deployments.py:342 
	app: opensearch active -- message: None
		opensearch-0.378  -- (10.59.248.91) -- [idle (since: 02:42:51)] active: 
		opensearch-1.378* -- (10.59.248.60) -- [idle (since: 02:41:32)] active: 

[32mINFO    [0m integration.helpers_deployments:helpers_deployments.py:401 


02:44:00 -- Waiting for model...
[32mINFO    [0m integration.helpers_deployments:helpers_deployments.py:341 	App: opensearch - Units - conditions unmet.
[32mINFO    [0m integration.helpers_deployments:helpers_deployments.py:342 
	app: opensearch active -- message: None
		opensearch-0.378  -- (10.59.248.91) -- [idle (since: 02:42:51)] active: 
		opensearch-1.378* -- (10.59.248.60) -- [idle (since: 02:41:32)] active: 

[32mINFO    [0m integration.helpers_deployments:helpers_deployments.py:401 


02:44:11 -- Waiting for model...
[32mINFO    [0m integration.helpers_deployments:helpers_deployments.py:325 	App: second-opensearch - conditions unmet.
[32mINFO    [0m integration.helpers_deployments:helpers_deployments.py:326 
	app: second waiting -- message: waiting for machine
		second-opensearch-0.7e6  -- (10.59.248.137) -- [allocating (since: 02:43:03)] waiting: waiting for machine

[32mINFO    [0m integration.helpers_deployments:helpers_deployments.py:401 


02:44:32 -- Waiting for model...
[32mINFO    [0m integration.helpers_deployments:helpers_deployments.py:325 	App: second-opensearch - conditions unmet.
[32mINFO    [0m integration.helpers_deployments:helpers_deployments.py:326 
	app: second maintenance -- message: Installing OpenSearch...
		second-opensearch-0.7e6* -- (10.59.248.137) -- [executing (since: 02:44:30)] maintenance: Installing OpenSearch...

[32mINFO    [0m integration.helpers_deployments:helpers_deployments.py:401 


02:44:44 -- Waiting for model...
[32mINFO    [0m integration.helpers_deployments:helpers_deployments.py:325 	App: second-opensearch - conditions unmet.
[32mINFO    [0m integration.helpers_deployments:helpers_deployments.py:326 
	app: second maintenance -- message: Installing OpenSearch...
		second-opensearch-0.7e6* -- (10.59.248.137) -- [executing (since: 02:44:30)] maintenance: Installing OpenSearch...

[32mINFO    [0m integration.helpers_deployments:helpers_deployments.py:401 


02:44:56 -- Waiting for model...
[32mINFO    [0m integration.helpers_deployments:helpers_deployments.py:325 	App: second-opensearch - conditions unmet.
[32mINFO    [0m integration.helpers_deployments:helpers_deployments.py:326 
	app: second maintenance -- message: Installing OpenSearch...
		second-opensearch-0.7e6* -- (10.59.248.137) -- [executing (since: 02:44:30)] maintenance: Installing OpenSearch...

[32mINFO    [0m integration.helpers_deployments:helpers_deployments.py:401 


02:45:08 -- Waiting for model...
[32mINFO    [0m integration.helpers_deployments:helpers_deployments.py:325 	App: second-opensearch - conditions unmet.
[32mINFO    [0m integration.helpers_deployments:helpers_deployments.py:326 
	app: second maintenance -- message: Installing OpenSearch...
		second-opensearch-0.7e6* -- (10.59.248.137) -- [executing (since: 02:44:30)] maintenance: Installing OpenSearch...

[32mINFO    [0m integration.helpers_deployments:helpers_deployments.py:401 


02:45:20 -- Waiting for model...
[32mINFO    [0m integration.helpers_deployments:helpers_deployments.py:325 	App: second-opensearch - conditions unmet.
[32mINFO    [0m integration.helpers_deployments:helpers_deployments.py:326 
	app: second maintenance -- message: Waiting for TLS to be fully configured...
		second-opensearch-0.7e6* -- (10.59.248.137) -- [executing (since: 02:45:21)] maintenance: Waiting for TLS to be fully configured...

[32mINFO    [0m integration.helpers_deployments:helpers_deployments.py:401 


02:45:32 -- Waiting for model...
[32mINFO    [0m integration.helpers_deployments:helpers_deployments.py:325 	App: second-opensearch - conditions unmet.
[32mINFO    [0m integration.helpers_deployments:helpers_deployments.py:326 
	app: second waiting -- message: Waiting for OpenSearch to start...
		second-opensearch-0.7e6* -- (10.59.248.137) -- [executing (since: 02:45:26)] waiting: Waiting for OpenSearch to start...

[32mINFO    [0m integration.helpers_deployments:helpers_deployments.py:401 


02:45:44 -- Waiting for model...
[32mINFO    [0m integration.helpers_deployments:helpers_deployments.py:341 	App: second-opensearch - Units - conditions unmet.
[32mINFO    [0m integration.helpers_deployments:helpers_deployments.py:342 
	app: second active -- message: None
		second-opensearch-0.7e6* -- (10.59.248.137) -- [executing (since: 02:45:45)] active: 

[32mINFO    [0m integration.helpers_deployments:helpers_deployments.py:401 


02:45:56 -- Waiting for model...
[32mINFO    [0m integration.helpers_deployments:helpers_deployments.py:341 	App: second-opensearch - Units - conditions unmet.
[32mINFO    [0m integration.helpers_deployments:helpers_deployments.py:342 
	app: second active -- message: None
		second-opensearch-0.7e6* -- (10.59.248.137) -- [idle (since: 02:45:52)] active: 

[32mINFO    [0m integration.helpers_deployments:helpers_deployments.py:401 


02:46:09 -- Waiting for model...
[32mINFO    [0m integration.helpers_deployments:helpers_deployments.py:341 	App: second-opensearch - Units - conditions unmet.
[32mINFO    [0m integration.helpers_deployments:helpers_deployments.py:342 
	app: second active -- message: None
		second-opensearch-0.7e6* -- (10.59.248.137) -- [idle (since: 02:45:52)] active: 

[32mINFO    [0m integration.helpers_deployments:helpers_deployments.py:401 


02:46:21 -- Waiting for model...
[32mINFO    [0m integration.helpers_deployments:helpers_deployments.py:341 	App: second-opensearch - Units - conditions unmet.
[32mINFO    [0m integration.helpers_deployments:helpers_deployments.py:342 
	app: second active -- message: None
		second-opensearch-0.7e6* -- (10.59.248.137) -- [idle (since: 02:45:52)] active: 

[32mINFO    [0m integration.helpers_deployments:helpers_deployments.py:401 


02:46:33 -- Waiting for model...
[32mINFO    [0m integration.helpers_deployments:helpers_deployments.py:341 	App: second-opensearch - Units - conditions unmet.
[32mINFO    [0m integration.helpers_deployments:helpers_deployments.py:342 
	app: second active -- message: None
		second-opensearch-0.7e6* -- (10.59.248.137) -- [idle (since: 02:45:52)] active: 

[32mINFO    [0m integration.helpers_deployments:helpers_deployments.py:401 


02:46:45 -- Waiting for model...
[32mINFO    [0m integration.helpers_deployments:helpers_deployments.py:341 	App: second-opensearch - Units - conditions unmet.
[32mINFO    [0m integration.helpers_deployments:helpers_deployments.py:342 
	app: second active -- message: None
		second-opensearch-0.7e6* -- (10.59.248.137) -- [idle (since: 02:45:52)] active: 

[32mINFO    [0m integration.helpers_deployments:helpers_deployments.py:401 


02:46:57 -- Waiting for model...
[32mINFO    [0m integration.helpers_deployments:helpers_deployments.py:341 	App: second-opensearch - Units - conditions unmet.
[32mINFO    [0m integration.helpers_deployments:helpers_deployments.py:342 
	app: second active -- message: None
		second-opensearch-0.7e6* -- (10.59.248.137) -- [idle (since: 02:45:52)] active: 

[32mINFO    [0m integration.helpers_deployments:helpers_deployments.py:401 


02:47:09 -- Waiting for model...
[32mINFO    [0m integration.helpers_deployments:helpers_deployments.py:412 02:47:11 -- Waiting for model: complete.



[32mINFO    [0m integration.helpers:helpers.py:367 Calling: PUT -- https://10.59.248.60:9200/test_index_unique_cluster_dbs/_doc/1
[32mINFO    [0m integration.helpers:helpers.py:367 Calling: POST -- https://10.59.248.60:9200/test_index_unique_cluster_dbs/_refresh
[32mINFO    [0m integration.helpers:helpers.py:367 Calling: PUT -- https://10.59.248.137:9200/test_index_unique_cluster_dbs/_doc/2
[32mINFO    [0m integration.helpers:helpers.py:367 Calling: POST -- https://10.59.248.137:9200/test_index_unique_cluster_dbs/_refresh
[32mINFO    [0m integration.helpers:helpers.py:367 Calling: GET -- https://10.59.248.60:9200/test_index_unique_cluster_dbs/_search
[32mINFO    [0m integration.helpers:helpers.py:367 Calling: GET -- https://10.59.248.137:9200/test_index_unique_cluster_dbs/_search
[32mINFO    [0m integration.helpers:helpers.py:367 Calling: DELETE -- https://10.59.248.60:9200/test_index_unique_cluster_dbs/
[32mINFO    [0m integration.ha.helpers:helpers.py:247 Continuous writes result: namespace(max_stored_id=368, count=369, last_expected_id=368)
[32mINFO    [0m integration.helpers:helpers.py:367 Calling: GET -- https://10.59.248.60:9200/series_index/_search_shards
[32mINFO    [0m integration.ha.conftest:conftest.py:39 



The writes have been cleared.




[32mINFO    [0m pytest_operator.plugin:plugin.py:862 Model status:

Model  Controller           Cloud/Region         Version  SLA          Timestamp
test   localhost-localhost  localhost/localhost  3.5.3    unsupported  02:47:45Z

App                       Version  Status   Scale  Charm                     Channel        Rev  Exposed  Message
opensearch                         active       2  opensearch                                 0  no       
second-opensearch                  blocked      1  opensearch                                 0  no       1 or more 'replica' shards are not assigned, please scale your application up.
self-signed-certificates           active       1  self-signed-certificates  latest/stable  155  no       

Unit                         Workload     Agent      Machine  Public address  Ports     Message
opensearch/0                 active       idle       1        10.59.248.91    9200/tcp  
opensearch/1*                active       idle       2        10.59.248.60    9200/tcp  
second-opensearch/0*         maintenance  executing  3        10.59.248.137   9200/tcp  (remove) cleaning up prior to charm deletion
self-signed-certificates/0*  active       idle       0        10.59.248.19              

Machine  State    Address        Inst id        Base          AZ  Message
0        started  10.59.248.19   juju-970854-0  ubuntu@22.04      Running
1        started  10.59.248.91   juju-970854-1  ubuntu@22.04      Running
2        started  10.59.248.60   juju-970854-2  ubuntu@22.04      Running
3        started  10.59.248.137  juju-970854-3  ubuntu@22.04      Running

[32mINFO    [0m pytest_operator.plugin:plugin.py:868 Juju error logs:

machine-0: 02:35:06 ERROR juju.worker.dependency "lxd-container-provisioner" manifold worker returned unexpected error: container types not yet available
machine-0: 02:35:06 ERROR juju.worker.dependency "kvm-container-provisioner" manifold worker returned unexpected error: container types not yet available
unit-self-signed-certificates-0: 02:35:06 ERROR juju.worker.meterstatus error running "meter-status-changed": charm missing from disk
machine-2: 02:35:21 ERROR juju.worker.dependency "lxd-container-provisioner" manifold worker returned unexpected error: container types not yet available
machine-2: 02:35:21 ERROR juju.worker.dependency "kvm-container-provisioner" manifold worker returned unexpected error: container types not yet available
unit-opensearch-1: 02:35:21 ERROR juju.worker.meterstatus error running "meter-status-changed": charm missing from disk
machine-1: 02:35:23 ERROR juju.worker.dependency "kvm-container-provisioner" manifold worker returned unexpected error: container types not yet available
machine-1: 02:35:23 ERROR juju.worker.dependency "lxd-container-provisioner" manifold worker returned unexpected error: container types not yet available
unit-opensearch-0: 02:35:24 ERROR juju.worker.meterstatus error running "meter-status-changed": charm missing from disk
unit-opensearch-1: 02:40:02 ERROR unit.opensearch/1.juju-log certificates:3: err:  / out: keytool error: java.lang.Exception: Keystore file does not exist: /var/snap/opensearch/current/etc/opensearch/certificates/ca.p12

unit-opensearch-1: 02:40:06 ERROR unit.opensearch/1.juju-log upgrade-version-a:0: Cannot connect to the OpenSearch server...
unit-opensearch-0: 02:40:07 ERROR unit.opensearch/0.juju-log certificates:3: err:  / out: keytool error: java.lang.Exception: Keystore file does not exist: /var/snap/opensearch/current/etc/opensearch/certificates/ca.p12

unit-opensearch-1: 02:40:07 ERROR unit.opensearch/1.juju-log Cannot connect to the OpenSearch server...
unit-opensearch-1: 02:40:08 ERROR unit.opensearch/1.juju-log Cannot connect to the OpenSearch server...
unit-opensearch-1: 02:40:08 ERROR unit.opensearch/1.juju-log Cannot connect to the OpenSearch server...
unit-opensearch-1: 02:40:11 ERROR unit.opensearch/1.juju-log Cannot connect to the OpenSearch server...
unit-opensearch-0: 02:40:11 ERROR unit.opensearch/0.juju-log node-lock-fallback:2: Cannot connect to the OpenSearch server...
unit-opensearch-0: 02:40:12 ERROR unit.opensearch/0.juju-log Cannot connect to the OpenSearch server...
unit-opensearch-0: 02:40:13 ERROR unit.opensearch/0.juju-log Cannot connect to the OpenSearch server...
unit-opensearch-1: 02:40:14 ERROR unit.opensearch/1.juju-log Cannot connect to the OpenSearch server...
unit-opensearch-0: 02:40:14 ERROR unit.opensearch/0.juju-log node-lock-fallback:2: Cannot connect to the OpenSearch server...
unit-opensearch-1: 02:40:17 ERROR unit.opensearch/1.juju-log Cannot connect to the OpenSearch server...
unit-opensearch-0: 02:40:21 ERROR unit.opensearch/0.juju-log node-lock-fallback:2: Cannot connect to the OpenSearch server...
unit-opensearch-0: 02:40:22 ERROR unit.opensearch/0.juju-log node-lock-fallback:2: Cannot connect to the OpenSearch server...
unit-opensearch-0: 02:40:23 ERROR unit.opensearch/0.juju-log opensearch-peers:1: Cannot connect to the OpenSearch server...
unit-opensearch-0: 02:40:24 ERROR unit.opensearch/0.juju-log opensearch-peers:1: Cannot connect to the OpenSearch server...
unit-opensearch-0: 02:40:24 ERROR unit.opensearch/0.juju-log opensearch-peers:1: Cannot connect to the OpenSearch server...
unit-opensearch-0: 02:40:29 ERROR unit.opensearch/0.juju-log Cannot connect to the OpenSearch server...
unit-opensearch-0: 02:40:36 ERROR unit.opensearch/0.juju-log opensearch-peers:1: Cannot connect to the OpenSearch server...
unit-opensearch-0: 02:40:37 ERROR unit.opensearch/0.juju-log opensearch-peers:1: Cannot connect to the OpenSearch server...
machine-3: 02:44:19 ERROR juju.worker.dependency "lxd-container-provisioner" manifold worker returned unexpected error: container types not yet available
machine-3: 02:44:19 ERROR juju.worker.dependency "kvm-container-provisioner" manifold worker returned unexpected error: container types not yet available
unit-second-opensearch-0: 02:44:19 ERROR juju.worker.meterstatus error running "meter-status-changed": charm missing from disk
unit-second-opensearch-0: 02:45:22 ERROR unit.second-opensearch/0.juju-log certificates:7: err:  / out: keytool error: java.lang.Exception: Keystore file does not exist: /var/snap/opensearch/current/etc/opensearch/certificates/ca.p12

unit-second-opensearch-0: 02:45:27 ERROR unit.second-opensearch/0.juju-log certificates:7: Cannot connect to the OpenSearch server...
unit-second-opensearch-0: 02:45:28 ERROR unit.second-opensearch/0.juju-log certificates:7: Cannot connect to the OpenSearch server...
unit-second-opensearch-0: 02:45:28 ERROR unit.second-opensearch/0.juju-log certificates:7: Cannot connect to the OpenSearch server...
unit-second-opensearch-0: 02:45:31 ERROR unit.second-opensearch/0.juju-log certificates:7: Cannot connect to the OpenSearch server...
unit-second-opensearch-0: 02:45:34 ERROR unit.second-opensearch/0.juju-log certificates:7: Cannot connect to the OpenSearch server...
unit-second-opensearch-0: 02:45:37 ERROR unit.second-opensearch/0.juju-log certificates:7: Cannot connect to the OpenSearch server...
unit-second-opensearch-0: 02:47:27 ERROR juju.worker.uniter resolver loop error: preparing operation "run relation-departed (7; unit: self-signed-certificates/0, departee: second-opensearch/0) hook" for second-opensearch/0: secret "secret:csa6tgf1of2hsu75p9kg" not found (not found)
unit-second-opensearch-0: 02:47:27 ERROR juju.worker.dependency "uniter" manifold worker returned unexpected error: preparing operation "run relation-departed (7; unit: self-signed-certificates/0, departee: second-opensearch/0) hook" for second-opensearch/0: secret "secret:csa6tgf1of2hsu75p9kg" not found (not found)
unit-second-opensearch-0: 02:47:37 ERROR unit.second-opensearch/0.juju-log Cannot connect to the OpenSearch server...
unit-second-opensearch-0: 02:47:39 ERROR unit.second-opensearch/0.juju-log certificates:7: Error reading secret: 'NoneType' object has no attribute 'get'
unit-second-opensearch-0: 02:47:40 ERROR juju.worker.dependency "uniter" manifold worker returned unexpected error: relation scope id "1481ebbc-b235-48df-8e70-80f350970854:r#7#self-signed-certificates": settings 1481ebbc-b235-48df-8e70-80f350970854:r#7#self-signed-certificates not found (not found)

[32mINFO    [0m pytest_operator.plugin:plugin.py:947 Forgetting model main...