[32mINFO    [0m root:test_backups.py:561 Destroying the application
[32mINFO    [0m root:test_backups.py:569 Deploying a new cluster
[32mINFO    [0m juju.model:model.py:2097 Deploying ch:amd64/jammy/self-signed-certificates-155
[32mINFO    [0m juju.model:model.py:2097 Deploying ch:amd64/jammy/s3-integrator-71
[32mINFO    [0m juju.model:model.py:2097 Deploying local:jammy/opensearch-1
[32mINFO    [0m juju.model:model.py:2971 Waiting for model:
  self-signed-certificates/1 [allocating] waiting: waiting for machine
  opensearch/3 [allocating] waiting: waiting for machine
  opensearch/4 [allocating] waiting: waiting for machine
  opensearch/5 [allocating] waiting: waiting for machine
[32mINFO    [0m juju.model:model.py:2971 Waiting for model:
  self-signed-certificates/1 [allocating] waiting: waiting for machine
  opensearch/3 [allocating] waiting: waiting for machine
  opensearch/4 [allocating] waiting: waiting for machine
  opensearch/5 [allocating] waiting: waiting for machine
[32mINFO    [0m juju.model:model.py:2971 Waiting for model:
  self-signed-certificates/1 [allocating] waiting: waiting for machine
  opensearch/3 [allocating] waiting: waiting for machine
  opensearch/4 [allocating] waiting: waiting for machine
  opensearch/5 [allocating] waiting: waiting for machine
[32mINFO    [0m juju.model:model.py:2971 Waiting for model:
  self-signed-certificates/1 [allocating] waiting: waiting for machine
  opensearch/3 [allocating] waiting: waiting for machine
  opensearch/4 [allocating] waiting: waiting for machine
  opensearch/5 [allocating] waiting: waiting for machine
[32mINFO    [0m juju.model:model.py:2971 Waiting for model:
  self-signed-certificates/1 [allocating] waiting: waiting for machine
  opensearch/3 [allocating] waiting: waiting for machine
  opensearch/4 [allocating] waiting: waiting for machine
  opensearch/5 [allocating] waiting: waiting for machine
[32mINFO    [0m juju.model:model.py:2971 Waiting for model:
  self-signed-certificates/1 [idle] active: 
  opensearch/3 [allocating] waiting: agent initialising
  opensearch/4 [allocating] waiting: waiting for machine
  opensearch/5 [allocating] waiting: installing agent
[32mINFO    [0m juju.model:model.py:2971 Waiting for model:
  self-signed-certificates/1 [idle] active: 
  opensearch/3 [executing] maintenance: Installing OpenSearch...
  opensearch/4 [executing] maintenance: Installing OpenSearch...
  opensearch/5 [executing] maintenance: Installing OpenSearch...
[32mINFO    [0m juju.model:model.py:2971 Waiting for model:
  opensearch/3 [executing] maintenance: Installing OpenSearch...
  opensearch/4 [executing] maintenance: Installing OpenSearch...
  opensearch/5 [executing] maintenance: Installing OpenSearch...
[32mINFO    [0m juju.model:model.py:2971 Waiting for model:
  self-signed-certificates/1 [idle] active: 
  opensearch/3 [executing] active: 
  opensearch/4 [executing] maintenance: Installing OpenSearch...
  opensearch/5 [executing] maintenance: Installing OpenSearch...
[32mINFO    [0m juju.model:model.py:2971 Waiting for model:
  self-signed-certificates/1 [idle] active: 
  opensearch/3 [executing] maintenance: Waiting for TLS to be fully configured...
  opensearch/4 [executing] maintenance: Installing OpenSearch...
  opensearch/5 [executing] maintenance: Installing OpenSearch...
[32mINFO    [0m juju.model:model.py:2971 Waiting for model:
  self-signed-certificates/1 [idle] active: 
  opensearch/3 [executing] active: 
  opensearch/4 [executing] maintenance: Installing OpenSearch...
  opensearch/5 [executing] maintenance: Installing OpenSearch...
[32mINFO    [0m juju.model:model.py:2971 Waiting for model:
  self-signed-certificates/1 [idle] active: 
  opensearch/3 [idle] active: 
  opensearch/4 [executing] maintenance: Installing OpenSearch...
  opensearch/5 [executing] maintenance: Installing OpenSearch...
[32mINFO    [0m juju.model:model.py:2971 Waiting for model:
  opensearch/3 [idle] active: 
  opensearch/4 [executing] maintenance: Installing OpenSearch...
  opensearch/5 [executing] maintenance: Installing OpenSearch...
[32mINFO    [0m juju.model:model.py:2971 Waiting for model:
  self-signed-certificates/1 [idle] active: 
  opensearch/3 [idle] active: 
  opensearch/4 [executing] active: 
  opensearch/5 [executing] maintenance: Installing OpenSearch...
[32mINFO    [0m juju.model:model.py:2971 Waiting for model:
  self-signed-certificates/1 [idle] active: 
  opensearch/3 [idle] active: 
  opensearch/4 [executing] maintenance: Waiting for TLS to be fully configured...
  opensearch/5 [executing] maintenance: Installing OpenSearch...
[32mINFO    [0m juju.model:model.py:2971 Waiting for model:
  self-signed-certificates/1 [idle] active: 
  opensearch/3 [idle] active: 
  opensearch/4 [executing] active: 
  opensearch/5 [executing] maintenance: Installing OpenSearch...
[32mINFO    [0m juju.model:model.py:2971 Waiting for model:
  self-signed-certificates/1 [idle] active: 
  opensearch/3 [idle] active: 
  opensearch/4 [idle] active: 
  opensearch/5 [executing] maintenance: Installing OpenSearch...
[32mINFO    [0m juju.model:model.py:2971 Waiting for model:
  opensearch/3 [idle] active: 
  opensearch/4 [idle] active: 
  opensearch/5 [executing] maintenance: Installing OpenSearch...
[32mINFO    [0m juju.model:model.py:2971 Waiting for model:
  opensearch/3 [idle] active: 
  opensearch/4 [idle] active: 
  opensearch/5 [executing] maintenance: Installing OpenSearch...
[32mINFO    [0m juju.model:model.py:2971 Waiting for model:
  opensearch/3 [idle] active: 
  opensearch/4 [idle] active: 
  opensearch/5 [executing] maintenance: Installing OpenSearch...
[32mINFO    [0m juju.model:model.py:2971 Waiting for model:
  opensearch/3 [idle] active: 
  opensearch/4 [idle] active: 
  opensearch/5 [executing] maintenance: Installing OpenSearch...
[32mINFO    [0m juju.model:model.py:2971 Waiting for model:
  opensearch/3 [idle] active: 
  opensearch/4 [idle] active: 
  opensearch/5 [executing] maintenance: Installing OpenSearch...
[32mINFO    [0m juju.model:model.py:2971 Waiting for model:
  opensearch/3 [idle] active: 
  opensearch/4 [idle] active: 
  opensearch/5 [executing] maintenance: Installing OpenSearch...
[32mINFO    [0m juju.model:model.py:2971 Waiting for model:
  opensearch/3 [idle] active: 
  opensearch/4 [idle] active: 
  opensearch/5 [executing] maintenance: Installing OpenSearch...
[32mINFO    [0m juju.model:model.py:2971 Waiting for model:
  opensearch/3 [idle] active: 
  opensearch/4 [idle] active: 
  opensearch/5 [executing] maintenance: Installing OpenSearch...
[32mINFO    [0m juju.model:model.py:2971 Waiting for model:
  opensearch/3 [idle] active: 
  opensearch/4 [idle] active: 
  opensearch/5 [executing] maintenance: Installing OpenSearch...
[32mINFO    [0m juju.model:model.py:2971 Waiting for model:
  opensearch/3 [idle] active: 
  opensearch/4 [idle] active: 
  opensearch/5 [executing] maintenance: Installing OpenSearch...
[32mINFO    [0m juju.model:model.py:2971 Waiting for model:
  opensearch/3 [idle] active: 
  opensearch/4 [idle] active: 
  opensearch/5 [executing] maintenance: Installing OpenSearch...
[32mINFO    [0m juju.model:model.py:2971 Waiting for model:
  self-signed-certificates/1 [idle] active: 
  opensearch/3 [executing] active: 
  opensearch/4 [executing] active: 
  opensearch/5 [executing] active: 
[32mINFO    [0m juju.model:model.py:2971 Waiting for model:
  self-signed-certificates/1 [idle] active: 
  opensearch/3 [executing] active: 
  opensearch/4 [executing] active: 
  opensearch/5 [executing] active: 
[32mINFO    [0m juju.model:model.py:2971 Waiting for model:
  self-signed-certificates/1 [idle] active: 
  opensearch/3 [idle] active: 
  opensearch/4 [idle] active: 
  opensearch/5 [executing] waiting: Waiting for OpenSearch to start...
[32mINFO    [0m juju.model:model.py:2971 Waiting for model:
  self-signed-certificates/1 [idle] active: 
  opensearch/3 [idle] active: 
  opensearch/4 [idle] active: 
  opensearch/5 [idle] active: 
[32mINFO    [0m juju.model:model.py:2971 Waiting for model:
  opensearch/3 [idle] active: 
  opensearch/4 [idle] active: 
  opensearch/5 [idle] active: 
[32mINFO    [0m juju.model:model.py:2971 Waiting for model:
  opensearch/3 [idle] active: 
  opensearch/4 [idle] active: 
  opensearch/5 [idle] active: 
[32mINFO    [0m integration.ha.test_backups:test_backups.py:597 Syncing credentials for microceph
[32mINFO    [0m juju.model:model.py:2971 Waiting for model:
  opensearch/3 [executing] active: 
  opensearch/4 [executing] active: 
  opensearch/5 [executing] active: 
  s3-integrator/1 [executing] blocked: Missing parameters: ['access-key', 'secret-key']
[32mINFO    [0m integration.helpers:helpers.py:367 Calling: GET -- https://10.211.247.63:9200/_recovery?human
[32mINFO    [0m integration.helpers:helpers.py:367 Calling: POST -- https://10.211.247.63:9200/series_index/_refresh
[32mINFO    [0m integration.helpers:helpers.py:367 Calling: GET -- https://10.211.247.63:9200/series_index/_count
[32mINFO    [0m integration.helpers:helpers.py:367 Calling: POST -- https://10.211.247.63:9200/series_index/_refresh
[32mINFO    [0m integration.helpers:helpers.py:367 Calling: GET -- https://10.211.247.63:9200/series_index/_count
[32mINFO    [0m integration.ha.helpers:helpers.py:533 Index series_index has 134 documents, starting there
[32mINFO    [0m integration.ha.helpers:helpers.py:247 Continuous writes result: namespace(max_stored_id=272, count=273, last_expected_id=272)
[32mINFO    [0m integration.helpers:helpers.py:367 Calling: GET -- https://10.211.247.63:9200/series_index/_search_shards
[32mINFO    [0m integration.helpers:helpers.py:367 Calling: GET -- https://10.211.247.63:9200/_recovery?human
[32mINFO    [0m integration.helpers:helpers.py:367 Calling: POST -- https://10.211.247.63:9200/series_index/_refresh
[32mINFO    [0m integration.helpers:helpers.py:367 Calling: GET -- https://10.211.247.63:9200/series_index/_count
[32mINFO    [0m integration.helpers:helpers.py:367 Calling: POST -- https://10.211.247.63:9200/series_index/_refresh
[32mINFO    [0m integration.helpers:helpers.py:367 Calling: GET -- https://10.211.247.63:9200/series_index/_count
[32mINFO    [0m integration.ha.helpers:helpers.py:533 Index series_index has 349 documents, starting there
[32mINFO    [0m integration.ha.helpers:helpers.py:247 Continuous writes result: namespace(max_stored_id=485, count=486, last_expected_id=485)
[32mINFO    [0m integration.helpers:helpers.py:367 Calling: GET -- https://10.211.247.63:9200/series_index/_search_shards
[32mINFO    [0m integration.ha.test_backups:test_backups.py:617 Final stage of DR test: try a backup & restore with continuous writes
[32mINFO    [0m integration.helpers:helpers.py:367 Calling: GET -- https://10.211.247.63:9200/_recovery?human
[32mINFO    [0m integration.ha.helpers:helpers.py:247 Continuous writes result: namespace(max_stored_id=144, count=145, last_expected_id=144)
[32mINFO    [0m integration.helpers:helpers.py:367 Calling: GET -- https://10.211.247.63:9200/series_index/_search_shards
[32mINFO    [0m integration.helpers:helpers.py:367 Calling: POST -- https://10.211.247.63:9200/series_index/_refresh
[32mINFO    [0m integration.helpers:helpers.py:367 Calling: GET -- https://10.211.247.63:9200/series_index/_count
[32mINFO    [0m integration.helpers:helpers.py:367 Calling: GET -- https://10.211.247.63:9200/_recovery?human
[32mINFO    [0m integration.helpers:helpers.py:367 Calling: POST -- https://10.211.247.63:9200/series_index/_refresh
[32mINFO    [0m integration.helpers:helpers.py:367 Calling: GET -- https://10.211.247.63:9200/series_index/_count
[32mINFO    [0m integration.ha.helpers:helpers.py:591 Testing restore for series_index - original count pre-restore: 145, and now, new count: 112
[32mINFO    [0m pytest_operator.plugin:plugin.py:862 Model status:

Model  Controller           Cloud/Region         Version  SLA          Timestamp
test   localhost-localhost  localhost/localhost  3.5.3    unsupported  03:02:35Z

App                       Version  Status  Scale  Charm                     Channel        Rev  Exposed  Message
opensearch                         active      3  opensearch                                 1  no       
s3-integrator                      active      1  s3-integrator             latest/edge     71  no       
self-signed-certificates           active      1  self-signed-certificates  latest/stable  155  no       

Unit                         Workload  Agent  Machine  Public address  Ports     Message
opensearch/3*                active    idle   7        10.211.247.63   9200/tcp  
opensearch/4                 active    idle   8        10.211.247.247  9200/tcp  
opensearch/5                 active    idle   9        10.211.247.158  9200/tcp  
s3-integrator/1*             active    idle   6        10.211.247.179            
self-signed-certificates/1*  active    idle   5        10.211.247.34             

Machine  State    Address         Inst id        Base          AZ  Message
5        started  10.211.247.34   juju-d6d682-5  ubuntu@22.04      Running
6        started  10.211.247.179  juju-d6d682-6  ubuntu@22.04      Running
7        started  10.211.247.63   juju-d6d682-7  ubuntu@22.04      Running
8        started  10.211.247.247  juju-d6d682-8  ubuntu@22.04      Running
9        started  10.211.247.158  juju-d6d682-9  ubuntu@22.04      Running

[32mINFO    [0m pytest_operator.plugin:plugin.py:868 Juju error logs:

machine-1: 02:23:59 ERROR juju.worker.dependency "lxd-container-provisioner" manifold worker returned unexpected error: container types not yet available
machine-1: 02:23:59 ERROR juju.worker.dependency "kvm-container-provisioner" manifold worker returned unexpected error: container types not yet available
unit-s3-integrator-0: 02:23:59 ERROR juju.worker.meterstatus error running "meter-status-changed": charm missing from disk
machine-2: 02:24:04 ERROR juju.worker.dependency "kvm-container-provisioner" manifold worker returned unexpected error: container types not yet available
machine-2: 02:24:04 ERROR juju.worker.dependency "lxd-container-provisioner" manifold worker returned unexpected error: container types not yet available
unit-opensearch-0: 02:24:04 ERROR juju.worker.meterstatus error running "meter-status-changed": charm missing from disk
unit-opensearch-1: 02:24:05 ERROR juju.worker.meterstatus error running "meter-status-changed": charm missing from disk
machine-4: 02:24:12 ERROR juju.worker.dependency "kvm-container-provisioner" manifold worker returned unexpected error: container types not yet available
machine-4: 02:24:12 ERROR juju.worker.dependency "lxd-container-provisioner" manifold worker returned unexpected error: container types not yet available
unit-opensearch-2: 02:24:12 ERROR juju.worker.meterstatus error running "meter-status-changed": charm missing from disk
machine-0: 02:24:18 ERROR juju.worker.dependency "kvm-container-provisioner" manifold worker returned unexpected error: container types not yet available
machine-0: 02:24:18 ERROR juju.worker.dependency "lxd-container-provisioner" manifold worker returned unexpected error: container types not yet available
unit-self-signed-certificates-0: 02:24:19 ERROR juju.worker.meterstatus error running "meter-status-changed": charm missing from disk
unit-opensearch-0: 02:27:29 ERROR unit.opensearch/0.juju-log certificates:4: err:  / out: keytool error: java.lang.Exception: Keystore file does not exist: /var/snap/opensearch/current/etc/opensearch/certificates/ca.p12

unit-opensearch-0: 02:27:35 ERROR unit.opensearch/0.juju-log certificates:4: Cannot connect to the OpenSearch server...
unit-opensearch-0: 02:27:36 ERROR unit.opensearch/0.juju-log Cannot connect to the OpenSearch server...
unit-opensearch-0: 02:27:36 ERROR unit.opensearch/0.juju-log Cannot connect to the OpenSearch server...
unit-opensearch-0: 02:27:36 ERROR unit.opensearch/0.juju-log Cannot connect to the OpenSearch server...
unit-opensearch-0: 02:27:39 ERROR unit.opensearch/0.juju-log Cannot connect to the OpenSearch server...
unit-opensearch-0: 02:27:42 ERROR unit.opensearch/0.juju-log Cannot connect to the OpenSearch server...
unit-opensearch-0: 02:27:45 ERROR unit.opensearch/0.juju-log Cannot connect to the OpenSearch server...
unit-opensearch-0: 02:27:48 ERROR unit.opensearch/0.juju-log Cannot connect to the OpenSearch server...
unit-opensearch-0: 02:27:51 ERROR unit.opensearch/0.juju-log Cannot connect to the OpenSearch server...
unit-opensearch-2: 02:27:57 ERROR unit.opensearch/2.juju-log certificates:4: err:  / out: keytool error: java.lang.Exception: Keystore file does not exist: /var/snap/opensearch/current/etc/opensearch/certificates/ca.p12

unit-opensearch-2: 02:28:03 ERROR unit.opensearch/2.juju-log Cannot connect to the OpenSearch server...
unit-opensearch-2: 02:28:04 ERROR unit.opensearch/2.juju-log Cannot connect to the OpenSearch server...
unit-opensearch-2: 02:28:05 ERROR unit.opensearch/2.juju-log Cannot connect to the OpenSearch server...
unit-opensearch-2: 02:28:06 ERROR unit.opensearch/2.juju-log node-lock-fallback:2: Cannot connect to the OpenSearch server...
unit-opensearch-2: 02:28:08 ERROR unit.opensearch/2.juju-log node-lock-fallback:2: Cannot connect to the OpenSearch server...
unit-opensearch-1: 02:29:36 ERROR unit.opensearch/1.juju-log certificates:4: err:  / out: keytool error: java.lang.Exception: Keystore file does not exist: /var/snap/opensearch/current/etc/opensearch/certificates/ca.p12

unit-opensearch-1: 02:29:41 ERROR unit.opensearch/1.juju-log certificates:4: Cannot connect to the OpenSearch server...
unit-opensearch-1: 02:29:42 ERROR unit.opensearch/1.juju-log Cannot connect to the OpenSearch server...
unit-opensearch-1: 02:29:43 ERROR unit.opensearch/1.juju-log Cannot connect to the OpenSearch server...
unit-opensearch-1: 02:29:44 ERROR unit.opensearch/1.juju-log opensearch-peers:1: Cannot connect to the OpenSearch server...
unit-opensearch-1: 02:29:45 ERROR unit.opensearch/1.juju-log opensearch-peers:1: Cannot connect to the OpenSearch server...
unit-opensearch-1: 02:29:46 ERROR unit.opensearch/1.juju-log opensearch-peers:1: Cannot connect to the OpenSearch server...
unit-opensearch-0: 02:39:45 ERROR unit.opensearch/0.juju-log Cannot connect to the OpenSearch server...
unit-opensearch-2: 02:39:46 ERROR unit.opensearch/2.juju-log Cannot connect to the OpenSearch server...
unit-opensearch-1: 02:39:51 ERROR unit.opensearch/1.juju-log Cannot connect to the OpenSearch server...
unit-opensearch-0: 02:39:53 ERROR unit.opensearch/0.juju-log Failed to delete voting exclusion: opensearch-0.5dd.
unit-opensearch-2: 02:39:53 ERROR unit.opensearch/2.juju-log Failed to delete voting exclusion: opensearch-2.5dd.
unit-opensearch-0: 02:39:53 ERROR unit.opensearch/0.juju-log Failed to delete shard allocation exclusion: opensearch-0.5dd.
unit-opensearch-2: 02:39:53 ERROR unit.opensearch/2.juju-log Failed to delete shard allocation exclusion: opensearch-2.5dd.
unit-opensearch-1: 02:39:58 ERROR unit.opensearch/1.juju-log s3-credentials:6: failed to get root endpoint, implying that this node is offline. Retry once node is online.
unit-opensearch-0: 02:39:58 ERROR unit.opensearch/0.juju-log certificates:4: Error reading secret: 'NoneType' object has no attribute 'get'
unit-opensearch-2: 02:39:59 ERROR unit.opensearch/2.juju-log certificates:4: Error reading secret: 'NoneType' object has no attribute 'get'
unit-opensearch-1: 02:39:59 ERROR unit.opensearch/1.juju-log certificates:4: failed to get root endpoint, implying that this node is offline. Retry once node is online.
unit-opensearch-1: 02:39:59 ERROR unit.opensearch/1.juju-log certificates:4: Error reading secret: 'NoneType' object has no attribute 'get'
unit-opensearch-2: 02:40:00 ERROR unit.opensearch/2.juju-log s3-credentials:6: failed to get root endpoint, implying that this node is offline. Retry once node is online.
unit-opensearch-1: 02:40:00 ERROR unit.opensearch/1.juju-log failed to get root endpoint, implying that this node is offline. Retry once node is online.
unit-opensearch-0: 02:40:01 ERROR unit.opensearch/0.juju-log s3-credentials:6: failed to get root endpoint, implying that this node is offline. Retry once node is online.
unit-opensearch-2: 02:40:01 ERROR unit.opensearch/2.juju-log opensearch-peers:1: failed to get root endpoint, implying that this node is offline. Retry once node is online.
unit-opensearch-1: 02:40:01 ERROR unit.opensearch/1.juju-log failed to get root endpoint, implying that this node is offline. Retry once node is online.
unit-opensearch-0: 02:40:02 ERROR unit.opensearch/0.juju-log failed to get root endpoint, implying that this node is offline. Retry once node is online.
unit-opensearch-2: 02:40:02 ERROR unit.opensearch/2.juju-log failed to get root endpoint, implying that this node is offline. Retry once node is online.
unit-opensearch-0: 02:40:03 ERROR unit.opensearch/0.juju-log failed to get root endpoint, implying that this node is offline. Retry once node is online.
unit-opensearch-2: 02:40:03 ERROR unit.opensearch/2.juju-log failed to get root endpoint, implying that this node is offline. Retry once node is online.
machine-5: 02:42:28 ERROR juju.worker.dependency "lxd-container-provisioner" manifold worker returned unexpected error: container types not yet available
machine-5: 02:42:28 ERROR juju.worker.dependency "kvm-container-provisioner" manifold worker returned unexpected error: container types not yet available
unit-self-signed-certificates-1: 02:42:28 ERROR juju.worker.meterstatus error running "meter-status-changed": charm missing from disk
machine-7: 02:42:49 ERROR juju.worker.dependency "lxd-container-provisioner" manifold worker returned unexpected error: container types not yet available
machine-7: 02:42:49 ERROR juju.worker.dependency "kvm-container-provisioner" manifold worker returned unexpected error: container types not yet available
unit-opensearch-3: 02:42:49 ERROR juju.worker.meterstatus error running "meter-status-changed": charm missing from disk
machine-9: 02:42:55 ERROR juju.worker.dependency "lxd-container-provisioner" manifold worker returned unexpected error: container types not yet available
machine-9: 02:42:55 ERROR juju.worker.dependency "kvm-container-provisioner" manifold worker returned unexpected error: container types not yet available
unit-opensearch-5: 02:42:56 ERROR juju.worker.meterstatus error running "meter-status-changed": charm missing from disk
machine-8: 02:43:03 ERROR juju.worker.dependency "kvm-container-provisioner" manifold worker returned unexpected error: container types not yet available
machine-8: 02:43:03 ERROR juju.worker.dependency "lxd-container-provisioner" manifold worker returned unexpected error: container types not yet available
unit-opensearch-4: 02:43:03 ERROR juju.worker.meterstatus error running "meter-status-changed": charm missing from disk
machine-6: 02:43:53 ERROR juju.worker.dependency "kvm-container-provisioner" manifold worker returned unexpected error: container types not yet available
machine-6: 02:43:53 ERROR juju.worker.dependency "lxd-container-provisioner" manifold worker returned unexpected error: container types not yet available
unit-s3-integrator-1: 02:43:53 ERROR juju.worker.meterstatus error running "meter-status-changed": charm missing from disk
unit-opensearch-3: 02:44:56 ERROR unit.opensearch/3.juju-log certificates:11: err:  / out: keytool error: java.lang.Exception: Keystore file does not exist: /var/snap/opensearch/current/etc/opensearch/certificates/ca.p12

unit-opensearch-3: 02:45:02 ERROR unit.opensearch/3.juju-log certificates:11: Cannot connect to the OpenSearch server...
unit-opensearch-3: 02:45:03 ERROR unit.opensearch/3.juju-log Cannot connect to the OpenSearch server...
unit-opensearch-3: 02:45:04 ERROR unit.opensearch/3.juju-log Cannot connect to the OpenSearch server...
unit-opensearch-3: 02:45:04 ERROR unit.opensearch/3.juju-log Cannot connect to the OpenSearch server...
unit-opensearch-3: 02:45:07 ERROR unit.opensearch/3.juju-log Cannot connect to the OpenSearch server...
unit-opensearch-3: 02:45:10 ERROR unit.opensearch/3.juju-log Cannot connect to the OpenSearch server...
unit-opensearch-3: 02:45:13 ERROR unit.opensearch/3.juju-log Cannot connect to the OpenSearch server...
unit-opensearch-3: 02:45:16 ERROR unit.opensearch/3.juju-log Cannot connect to the OpenSearch server...
unit-opensearch-4: 02:47:22 ERROR unit.opensearch/4.juju-log certificates:11: err:  / out: keytool error: java.lang.Exception: Keystore file does not exist: /var/snap/opensearch/current/etc/opensearch/certificates/ca.p12

unit-opensearch-4: 02:47:27 ERROR unit.opensearch/4.juju-log Cannot connect to the OpenSearch server...
unit-opensearch-4: 02:47:28 ERROR unit.opensearch/4.juju-log Cannot connect to the OpenSearch server...
unit-opensearch-4: 02:47:29 ERROR unit.opensearch/4.juju-log certificates:11: Cannot connect to the OpenSearch server...
unit-opensearch-4: 02:47:30 ERROR unit.opensearch/4.juju-log opensearch-peers:8: Cannot connect to the OpenSearch server...
unit-opensearch-4: 02:47:31 ERROR unit.opensearch/4.juju-log opensearch-peers:8: Cannot connect to the OpenSearch server...
unit-opensearch-4: 02:47:32 ERROR unit.opensearch/4.juju-log opensearch-peers:8: Cannot connect to the OpenSearch server...
unit-opensearch-5: 02:55:08 ERROR unit.opensearch/5.juju-log certificates:11: err:  / out: keytool error: java.lang.Exception: Keystore file does not exist: /var/snap/opensearch/current/etc/opensearch/certificates/ca.p12

unit-opensearch-5: 02:55:13 ERROR unit.opensearch/5.juju-log upgrade-version-a:10: Cannot connect to the OpenSearch server...
unit-opensearch-5: 02:55:14 ERROR unit.opensearch/5.juju-log Cannot connect to the OpenSearch server...
unit-opensearch-5: 02:55:15 ERROR unit.opensearch/5.juju-log Cannot connect to the OpenSearch server...
unit-opensearch-5: 02:55:16 ERROR unit.opensearch/5.juju-log certificates:11: Cannot connect to the OpenSearch server...
unit-opensearch-5: 02:55:17 ERROR unit.opensearch/5.juju-log upgrade-version-a:10: Cannot connect to the OpenSearch server...
unit-opensearch-5: 02:55:17 ERROR unit.opensearch/5.juju-log opensearch-peers:8: Cannot connect to the OpenSearch server...
unit-opensearch-5: 02:55:18 ERROR unit.opensearch/5.juju-log opensearch-peers:8: Cannot connect to the OpenSearch server...
unit-opensearch-5: 02:55:20 ERROR unit.opensearch/5.juju-log opensearch-peers:8: Cannot connect to the OpenSearch server...

[32mINFO    [0m pytest_operator.plugin:plugin.py:947 Forgetting model main...
[32mINFO    [0m integration.ha.test_backups:test_backups.py:173 Cleaning backups from cloud buckets