{"uid":"56189ea3288d4e07","name":"test_check_opensearch_transport","fullName":"tests.integration.spaces.test_wrong_space#test_check_opensearch_transport","historyId":"fef4fbaf04eb38948dbb4122a460b2e5","time":{"start":1727318027206,"stop":1727318027206,"duration":0},"description":"Test which IP will be assigned to transport bind in the end.","descriptionHtml":"<p>Test which IP will be assigned to transport bind in the end.</p>\n","status":"skipped","statusMessage":"XFAIL reason: aborted\n\n_pytest.outcomes.XFailed: aborted","statusTrace":"Traceback (most recent call last):\n  File \"/home/ubuntu/actions-runner/_work/opensearch-operator/opensearch-operator/.tox/integration/lib/python3.10/site-packages/_pytest/runner.py\", line 341, in from_call\n    result: TResult | None = func()\n  File \"/home/ubuntu/actions-runner/_work/opensearch-operator/opensearch-operator/.tox/integration/lib/python3.10/site-packages/_pytest/runner.py\", line 242, in <lambda>\n    lambda: runtest_hook(item=item, **kwds), when=when, reraise=reraise\n  File \"/home/ubuntu/actions-runner/_work/opensearch-operator/opensearch-operator/.tox/integration/lib/python3.10/site-packages/pluggy/_hooks.py\", line 513, in __call__\n    return self._hookexec(self.name, self._hookimpls.copy(), kwargs, firstresult)\n  File \"/home/ubuntu/actions-runner/_work/opensearch-operator/opensearch-operator/.tox/integration/lib/python3.10/site-packages/pluggy/_manager.py\", line 120, in _hookexec\n    return self._inner_hookexec(hook_name, methods, kwargs, firstresult)\n  File \"/home/ubuntu/actions-runner/_work/opensearch-operator/opensearch-operator/.tox/integration/lib/python3.10/site-packages/pluggy/_callers.py\", line 182, in _multicall\n    return outcome.get_result()\n  File \"/home/ubuntu/actions-runner/_work/opensearch-operator/opensearch-operator/.tox/integration/lib/python3.10/site-packages/pluggy/_result.py\", line 100, in get_result\n    raise exc.with_traceback(exc.__traceback__)\n  File \"/home/ubuntu/actions-runner/_work/opensearch-operator/opensearch-operator/.tox/integration/lib/python3.10/site-packages/pluggy/_callers.py\", line 167, in _multicall\n    teardown.throw(outcome._exception)\n  File \"/home/ubuntu/actions-runner/_work/opensearch-operator/opensearch-operator/.tox/integration/lib/python3.10/site-packages/_pytest/unraisableexception.py\", line 90, in pytest_runtest_setup\n    yield from unraisable_exception_runtest_hook()\n  File \"/home/ubuntu/actions-runner/_work/opensearch-operator/opensearch-operator/.tox/integration/lib/python3.10/site-packages/_pytest/unraisableexception.py\", line 70, in unraisable_exception_runtest_hook\n    yield\n  File \"/home/ubuntu/actions-runner/_work/opensearch-operator/opensearch-operator/.tox/integration/lib/python3.10/site-packages/pluggy/_callers.py\", line 167, in _multicall\n    teardown.throw(outcome._exception)\n  File \"/home/ubuntu/actions-runner/_work/opensearch-operator/opensearch-operator/.tox/integration/lib/python3.10/site-packages/_pytest/logging.py\", line 842, in pytest_runtest_setup\n    yield from self._runtest_for(item, \"setup\")\n  File \"/home/ubuntu/actions-runner/_work/opensearch-operator/opensearch-operator/.tox/integration/lib/python3.10/site-packages/_pytest/logging.py\", line 831, in _runtest_for\n    yield\n  File \"/home/ubuntu/actions-runner/_work/opensearch-operator/opensearch-operator/.tox/integration/lib/python3.10/site-packages/pluggy/_callers.py\", line 167, in _multicall\n    teardown.throw(outcome._exception)\n  File \"/home/ubuntu/actions-runner/_work/opensearch-operator/opensearch-operator/.tox/integration/lib/python3.10/site-packages/_pytest/capture.py\", line 874, in pytest_runtest_setup\n    return (yield)\n  File \"/home/ubuntu/actions-runner/_work/opensearch-operator/opensearch-operator/.tox/integration/lib/python3.10/site-packages/pluggy/_callers.py\", line 167, in _multicall\n    teardown.throw(outcome._exception)\n  File \"/home/ubuntu/actions-runner/_work/opensearch-operator/opensearch-operator/.tox/integration/lib/python3.10/site-packages/_pytest/threadexception.py\", line 87, in pytest_runtest_setup\n    yield from thread_exception_runtest_hook()\n  File \"/home/ubuntu/actions-runner/_work/opensearch-operator/opensearch-operator/.tox/integration/lib/python3.10/site-packages/_pytest/threadexception.py\", line 68, in thread_exception_runtest_hook\n    yield\n  File \"/home/ubuntu/actions-runner/_work/opensearch-operator/opensearch-operator/.tox/integration/lib/python3.10/site-packages/pluggy/_callers.py\", line 103, in _multicall\n    res = hook_impl.function(*args)\n  File \"/home/ubuntu/actions-runner/_work/opensearch-operator/opensearch-operator/.tox/integration/lib/python3.10/site-packages/_pytest/runner.py\", line 160, in pytest_runtest_setup\n    item.session._setupstate.setup(item)\n  File \"/home/ubuntu/actions-runner/_work/opensearch-operator/opensearch-operator/.tox/integration/lib/python3.10/site-packages/_pytest/runner.py\", line 514, in setup\n    col.setup()\n  File \"/home/ubuntu/actions-runner/_work/opensearch-operator/opensearch-operator/.tox/integration/lib/python3.10/site-packages/_pytest/python.py\", line 1630, in setup\n    self._request._fillfixtures()\n  File \"/home/ubuntu/actions-runner/_work/opensearch-operator/opensearch-operator/.tox/integration/lib/python3.10/site-packages/_pytest/fixtures.py\", line 696, in _fillfixtures\n    item.funcargs[argname] = self.getfixturevalue(argname)\n  File \"/home/ubuntu/actions-runner/_work/opensearch-operator/opensearch-operator/.tox/integration/lib/python3.10/site-packages/_pytest/fixtures.py\", line 531, in getfixturevalue\n    fixturedef = self._get_active_fixturedef(argname)\n  File \"/home/ubuntu/actions-runner/_work/opensearch-operator/opensearch-operator/.tox/integration/lib/python3.10/site-packages/_pytest/fixtures.py\", line 616, in _get_active_fixturedef\n    fixturedef.execute(request=subrequest)\n  File \"/home/ubuntu/actions-runner/_work/opensearch-operator/opensearch-operator/.tox/integration/lib/python3.10/site-packages/_pytest/fixtures.py\", line 1090, in execute\n    result = ihook.pytest_fixture_setup(fixturedef=self, request=request)\n  File \"/home/ubuntu/actions-runner/_work/opensearch-operator/opensearch-operator/.tox/integration/lib/python3.10/site-packages/pluggy/_hooks.py\", line 513, in __call__\n    return self._hookexec(self.name, self._hookimpls.copy(), kwargs, firstresult)\n  File \"/home/ubuntu/actions-runner/_work/opensearch-operator/opensearch-operator/.tox/integration/lib/python3.10/site-packages/pluggy/_manager.py\", line 120, in _hookexec\n    return self._inner_hookexec(hook_name, methods, kwargs, firstresult)\n  File \"/home/ubuntu/actions-runner/_work/opensearch-operator/opensearch-operator/.tox/integration/lib/python3.10/site-packages/pluggy/_callers.py\", line 182, in _multicall\n    return outcome.get_result()\n  File \"/home/ubuntu/actions-runner/_work/opensearch-operator/opensearch-operator/.tox/integration/lib/python3.10/site-packages/pluggy/_result.py\", line 100, in get_result\n    raise exc.with_traceback(exc.__traceback__)\n  File \"/home/ubuntu/actions-runner/_work/opensearch-operator/opensearch-operator/.tox/integration/lib/python3.10/site-packages/pluggy/_callers.py\", line 167, in _multicall\n    teardown.throw(outcome._exception)\n  File \"/home/ubuntu/actions-runner/_work/opensearch-operator/opensearch-operator/.tox/integration/lib/python3.10/site-packages/_pytest/setuponly.py\", line 36, in pytest_fixture_setup\n    return (yield)\n  File \"/home/ubuntu/actions-runner/_work/opensearch-operator/opensearch-operator/.tox/integration/lib/python3.10/site-packages/pluggy/_callers.py\", line 103, in _multicall\n    res = hook_impl.function(*args)\n  File \"/home/ubuntu/actions-runner/_work/opensearch-operator/opensearch-operator/.tox/integration/lib/python3.10/site-packages/_pytest/fixtures.py\", line 1139, in pytest_fixture_setup\n    result = call_fixture_func(fixturefunc, request, kwargs)\n  File \"/home/ubuntu/actions-runner/_work/opensearch-operator/opensearch-operator/.tox/integration/lib/python3.10/site-packages/_pytest/fixtures.py\", line 890, in call_fixture_func\n    fixture_result = next(generator)\n  File \"/home/ubuntu/actions-runner/_work/opensearch-operator/opensearch-operator/.tox/integration/lib/python3.10/site-packages/pytest_operator/plugin.py\", line 228, in abort_on_fail\n    pytest.xfail(\"aborted\")\n  File \"/home/ubuntu/actions-runner/_work/opensearch-operator/opensearch-operator/.tox/integration/lib/python3.10/site-packages/_pytest/outcomes.py\", line 206, in xfail\n    raise XFailed(reason)\n_pytest.outcomes.XFailed: aborted","flaky":false,"newFailed":false,"newBroken":false,"newPassed":false,"retriesCount":1,"retriesStatusChange":true,"beforeStages":[{"name":"event_loop","time":{"start":1727316585996,"stop":1727316585996,"duration":0},"status":"passed","steps":[],"attachments":[],"parameters":[],"stepsCount":0,"shouldDisplayMessage":false,"attachmentsCount":0,"hasContent":false,"attachmentStep":false},{"name":"lxd","time":{"start":1727316585996,"stop":1727316591018,"duration":5022},"status":"passed","steps":[],"attachments":[],"parameters":[],"stepsCount":0,"shouldDisplayMessage":false,"attachmentsCount":0,"hasContent":false,"attachmentStep":false},{"name":"tmp_path_factory","time":{"start":1727316591018,"stop":1727316591019,"duration":1},"status":"passed","steps":[],"attachments":[],"parameters":[],"stepsCount":0,"shouldDisplayMessage":false,"attachmentsCount":0,"hasContent":false,"attachmentStep":false},{"name":"ops_test","time":{"start":1727316591019,"stop":1727316591219,"duration":200},"status":"passed","steps":[],"attachments":[],"parameters":[],"stepsCount":0,"shouldDisplayMessage":false,"attachmentsCount":0,"hasContent":false,"attachmentStep":false},{"name":"abort_on_fail","time":{"start":1727318027207,"stop":1727318027207,"duration":0},"status":"failed","statusMessage":"_pytest.outcomes.XFailed: aborted\n","statusTrace":"  File \"/home/ubuntu/actions-runner/_work/opensearch-operator/opensearch-operator/.tox/integration/lib/python3.10/site-packages/pluggy/_callers.py\", line 167, in _multicall\n    teardown.throw(outcome._exception)\n  File \"/home/ubuntu/actions-runner/_work/opensearch-operator/opensearch-operator/.tox/integration/lib/python3.10/site-packages/_pytest/setuponly.py\", line 36, in pytest_fixture_setup\n    return (yield)\n  File \"/home/ubuntu/actions-runner/_work/opensearch-operator/opensearch-operator/.tox/integration/lib/python3.10/site-packages/pluggy/_callers.py\", line 103, in _multicall\n    res = hook_impl.function(*args)\n  File \"/home/ubuntu/actions-runner/_work/opensearch-operator/opensearch-operator/.tox/integration/lib/python3.10/site-packages/_pytest/fixtures.py\", line 1139, in pytest_fixture_setup\n    result = call_fixture_func(fixturefunc, request, kwargs)\n  File \"/home/ubuntu/actions-runner/_work/opensearch-operator/opensearch-operator/.tox/integration/lib/python3.10/site-packages/_pytest/fixtures.py\", line 890, in call_fixture_func\n    fixture_result = next(generator)\n  File \"/home/ubuntu/actions-runner/_work/opensearch-operator/opensearch-operator/.tox/integration/lib/python3.10/site-packages/pytest_operator/plugin.py\", line 228, in abort_on_fail\n    pytest.xfail(\"aborted\")\n  File \"/home/ubuntu/actions-runner/_work/opensearch-operator/opensearch-operator/.tox/integration/lib/python3.10/site-packages/_pytest/outcomes.py\", line 206, in xfail\n    raise XFailed(reason)\n","steps":[],"attachments":[],"parameters":[],"stepsCount":0,"shouldDisplayMessage":true,"attachmentsCount":0,"hasContent":true,"attachmentStep":false}],"testStage":{"description":"Test which IP will be assigned to transport bind in the end.","status":"skipped","statusMessage":"XFAIL reason: aborted\n\n_pytest.outcomes.XFailed: aborted","statusTrace":"Traceback (most recent call last):\n  File \"/home/ubuntu/actions-runner/_work/opensearch-operator/opensearch-operator/.tox/integration/lib/python3.10/site-packages/_pytest/runner.py\", line 341, in from_call\n    result: TResult | None = func()\n  File \"/home/ubuntu/actions-runner/_work/opensearch-operator/opensearch-operator/.tox/integration/lib/python3.10/site-packages/_pytest/runner.py\", line 242, in <lambda>\n    lambda: runtest_hook(item=item, **kwds), when=when, reraise=reraise\n  File \"/home/ubuntu/actions-runner/_work/opensearch-operator/opensearch-operator/.tox/integration/lib/python3.10/site-packages/pluggy/_hooks.py\", line 513, in __call__\n    return self._hookexec(self.name, self._hookimpls.copy(), kwargs, firstresult)\n  File \"/home/ubuntu/actions-runner/_work/opensearch-operator/opensearch-operator/.tox/integration/lib/python3.10/site-packages/pluggy/_manager.py\", line 120, in _hookexec\n    return self._inner_hookexec(hook_name, methods, kwargs, firstresult)\n  File \"/home/ubuntu/actions-runner/_work/opensearch-operator/opensearch-operator/.tox/integration/lib/python3.10/site-packages/pluggy/_callers.py\", line 182, in _multicall\n    return outcome.get_result()\n  File \"/home/ubuntu/actions-runner/_work/opensearch-operator/opensearch-operator/.tox/integration/lib/python3.10/site-packages/pluggy/_result.py\", line 100, in get_result\n    raise exc.with_traceback(exc.__traceback__)\n  File \"/home/ubuntu/actions-runner/_work/opensearch-operator/opensearch-operator/.tox/integration/lib/python3.10/site-packages/pluggy/_callers.py\", line 167, in _multicall\n    teardown.throw(outcome._exception)\n  File \"/home/ubuntu/actions-runner/_work/opensearch-operator/opensearch-operator/.tox/integration/lib/python3.10/site-packages/_pytest/unraisableexception.py\", line 90, in pytest_runtest_setup\n    yield from unraisable_exception_runtest_hook()\n  File \"/home/ubuntu/actions-runner/_work/opensearch-operator/opensearch-operator/.tox/integration/lib/python3.10/site-packages/_pytest/unraisableexception.py\", line 70, in unraisable_exception_runtest_hook\n    yield\n  File \"/home/ubuntu/actions-runner/_work/opensearch-operator/opensearch-operator/.tox/integration/lib/python3.10/site-packages/pluggy/_callers.py\", line 167, in _multicall\n    teardown.throw(outcome._exception)\n  File \"/home/ubuntu/actions-runner/_work/opensearch-operator/opensearch-operator/.tox/integration/lib/python3.10/site-packages/_pytest/logging.py\", line 842, in pytest_runtest_setup\n    yield from self._runtest_for(item, \"setup\")\n  File \"/home/ubuntu/actions-runner/_work/opensearch-operator/opensearch-operator/.tox/integration/lib/python3.10/site-packages/_pytest/logging.py\", line 831, in _runtest_for\n    yield\n  File \"/home/ubuntu/actions-runner/_work/opensearch-operator/opensearch-operator/.tox/integration/lib/python3.10/site-packages/pluggy/_callers.py\", line 167, in _multicall\n    teardown.throw(outcome._exception)\n  File \"/home/ubuntu/actions-runner/_work/opensearch-operator/opensearch-operator/.tox/integration/lib/python3.10/site-packages/_pytest/capture.py\", line 874, in pytest_runtest_setup\n    return (yield)\n  File \"/home/ubuntu/actions-runner/_work/opensearch-operator/opensearch-operator/.tox/integration/lib/python3.10/site-packages/pluggy/_callers.py\", line 167, in _multicall\n    teardown.throw(outcome._exception)\n  File \"/home/ubuntu/actions-runner/_work/opensearch-operator/opensearch-operator/.tox/integration/lib/python3.10/site-packages/_pytest/threadexception.py\", line 87, in pytest_runtest_setup\n    yield from thread_exception_runtest_hook()\n  File \"/home/ubuntu/actions-runner/_work/opensearch-operator/opensearch-operator/.tox/integration/lib/python3.10/site-packages/_pytest/threadexception.py\", line 68, in thread_exception_runtest_hook\n    yield\n  File \"/home/ubuntu/actions-runner/_work/opensearch-operator/opensearch-operator/.tox/integration/lib/python3.10/site-packages/pluggy/_callers.py\", line 103, in _multicall\n    res = hook_impl.function(*args)\n  File \"/home/ubuntu/actions-runner/_work/opensearch-operator/opensearch-operator/.tox/integration/lib/python3.10/site-packages/_pytest/runner.py\", line 160, in pytest_runtest_setup\n    item.session._setupstate.setup(item)\n  File \"/home/ubuntu/actions-runner/_work/opensearch-operator/opensearch-operator/.tox/integration/lib/python3.10/site-packages/_pytest/runner.py\", line 514, in setup\n    col.setup()\n  File \"/home/ubuntu/actions-runner/_work/opensearch-operator/opensearch-operator/.tox/integration/lib/python3.10/site-packages/_pytest/python.py\", line 1630, in setup\n    self._request._fillfixtures()\n  File \"/home/ubuntu/actions-runner/_work/opensearch-operator/opensearch-operator/.tox/integration/lib/python3.10/site-packages/_pytest/fixtures.py\", line 696, in _fillfixtures\n    item.funcargs[argname] = self.getfixturevalue(argname)\n  File \"/home/ubuntu/actions-runner/_work/opensearch-operator/opensearch-operator/.tox/integration/lib/python3.10/site-packages/_pytest/fixtures.py\", line 531, in getfixturevalue\n    fixturedef = self._get_active_fixturedef(argname)\n  File \"/home/ubuntu/actions-runner/_work/opensearch-operator/opensearch-operator/.tox/integration/lib/python3.10/site-packages/_pytest/fixtures.py\", line 616, in _get_active_fixturedef\n    fixturedef.execute(request=subrequest)\n  File \"/home/ubuntu/actions-runner/_work/opensearch-operator/opensearch-operator/.tox/integration/lib/python3.10/site-packages/_pytest/fixtures.py\", line 1090, in execute\n    result = ihook.pytest_fixture_setup(fixturedef=self, request=request)\n  File \"/home/ubuntu/actions-runner/_work/opensearch-operator/opensearch-operator/.tox/integration/lib/python3.10/site-packages/pluggy/_hooks.py\", line 513, in __call__\n    return self._hookexec(self.name, self._hookimpls.copy(), kwargs, firstresult)\n  File \"/home/ubuntu/actions-runner/_work/opensearch-operator/opensearch-operator/.tox/integration/lib/python3.10/site-packages/pluggy/_manager.py\", line 120, in _hookexec\n    return self._inner_hookexec(hook_name, methods, kwargs, firstresult)\n  File \"/home/ubuntu/actions-runner/_work/opensearch-operator/opensearch-operator/.tox/integration/lib/python3.10/site-packages/pluggy/_callers.py\", line 182, in _multicall\n    return outcome.get_result()\n  File \"/home/ubuntu/actions-runner/_work/opensearch-operator/opensearch-operator/.tox/integration/lib/python3.10/site-packages/pluggy/_result.py\", line 100, in get_result\n    raise exc.with_traceback(exc.__traceback__)\n  File \"/home/ubuntu/actions-runner/_work/opensearch-operator/opensearch-operator/.tox/integration/lib/python3.10/site-packages/pluggy/_callers.py\", line 167, in _multicall\n    teardown.throw(outcome._exception)\n  File \"/home/ubuntu/actions-runner/_work/opensearch-operator/opensearch-operator/.tox/integration/lib/python3.10/site-packages/_pytest/setuponly.py\", line 36, in pytest_fixture_setup\n    return (yield)\n  File \"/home/ubuntu/actions-runner/_work/opensearch-operator/opensearch-operator/.tox/integration/lib/python3.10/site-packages/pluggy/_callers.py\", line 103, in _multicall\n    res = hook_impl.function(*args)\n  File \"/home/ubuntu/actions-runner/_work/opensearch-operator/opensearch-operator/.tox/integration/lib/python3.10/site-packages/_pytest/fixtures.py\", line 1139, in pytest_fixture_setup\n    result = call_fixture_func(fixturefunc, request, kwargs)\n  File \"/home/ubuntu/actions-runner/_work/opensearch-operator/opensearch-operator/.tox/integration/lib/python3.10/site-packages/_pytest/fixtures.py\", line 890, in call_fixture_func\n    fixture_result = next(generator)\n  File \"/home/ubuntu/actions-runner/_work/opensearch-operator/opensearch-operator/.tox/integration/lib/python3.10/site-packages/pytest_operator/plugin.py\", line 228, in abort_on_fail\n    pytest.xfail(\"aborted\")\n  File \"/home/ubuntu/actions-runner/_work/opensearch-operator/opensearch-operator/.tox/integration/lib/python3.10/site-packages/_pytest/outcomes.py\", line 206, in xfail\n    raise XFailed(reason)\n_pytest.outcomes.XFailed: aborted","steps":[],"attachments":[{"uid":"4d18c218852ebe24","name":"log","source":"4d18c218852ebe24.txt","type":"text/plain","size":237335}],"parameters":[],"stepsCount":0,"shouldDisplayMessage":true,"attachmentsCount":1,"hasContent":true,"attachmentStep":false},"afterStages":[{"name":"ops_test::finalizer","time":{"start":1727318027209,"stop":1727318027787,"duration":578},"status":"passed","steps":[],"attachments":[],"parameters":[],"stepsCount":0,"shouldDisplayMessage":false,"attachmentsCount":0,"hasContent":false,"attachmentStep":false},{"name":"event_loop::2","time":{"start":1727318027787,"stop":1727318027787,"duration":0},"status":"passed","steps":[],"attachments":[],"parameters":[],"stepsCount":0,"shouldDisplayMessage":false,"attachmentsCount":0,"hasContent":false,"attachmentStep":false},{"name":"event_loop::_close_event_loop","time":{"start":1727318027788,"stop":1727318027788,"duration":0},"status":"passed","steps":[],"attachments":[],"parameters":[],"stepsCount":0,"shouldDisplayMessage":false,"attachmentsCount":0,"hasContent":false,"attachmentStep":false},{"name":"event_loop::_provide_clean_event_loop","time":{"start":1727318027788,"stop":1727318027788,"duration":0},"status":"passed","steps":[],"attachments":[],"parameters":[],"stepsCount":0,"shouldDisplayMessage":false,"attachmentsCount":0,"hasContent":false,"attachmentStep":false}],"labels":[{"name":"tag","value":"abort_on_fail"},{"name":"tag","value":"group(1)"},{"name":"tag","value":"runner(['self-hosted', 'linux', 'X64', 'jammy', 'large'])"},{"name":"tag","value":"asyncio"},{"name":"parentSuite","value":"tests.integration.spaces"},{"name":"suite","value":"test_wrong_space"},{"name":"host","value":"github-runner"},{"name":"thread","value":"17369-MainThread"},{"name":"framework","value":"pytest"},{"name":"language","value":"cpython3"},{"name":"package","value":"tests.integration.spaces.test_wrong_space"},{"name":"resultFormat","value":"allure2"}],"parameters":[],"links":[],"hidden":false,"retry":false,"extra":{"severity":"normal","retries":[{"uid":"4495dcb929a556ea","status":"unknown","time":{}}],"categories":[],"history":{"statistic":{"failed":0,"broken":0,"skipped":9,"passed":49,"unknown":1,"total":59},"items":[{"uid":"21a7c2c4ce00045c","reportUrl":"../2876//#testresult/21a7c2c4ce00045c","status":"passed","time":{"start":1727228819193,"stop":1727228826964,"duration":7771}},{"uid":"32d7c50d122886cf","reportUrl":"../2870//#testresult/32d7c50d122886cf","status":"passed","time":{"start":1727142347926,"stop":1727142355900,"duration":7974}},{"uid":"9a2bee80e26ec8f6","reportUrl":"../2845//#testresult/9a2bee80e26ec8f6","status":"passed","time":{"start":1727056209507,"stop":1727056217303,"duration":7796}},{"uid":"8bf748fbb6c15db6","reportUrl":"../2836//#testresult/8bf748fbb6c15db6","status":"passed","time":{"start":1726969244651,"stop":1726969252280,"duration":7629}},{"uid":"cce164040bf5d9a3","reportUrl":"../2835//#testresult/cce164040bf5d9a3","status":"passed","time":{"start":1726882786898,"stop":1726882794406,"duration":7508}},{"uid":"e5e1f704b6ce3309","reportUrl":"../2826//#testresult/e5e1f704b6ce3309","status":"passed","time":{"start":1726796456883,"stop":1726796464586,"duration":7703}},{"uid":"8e4c8834022c4141","reportUrl":"../2813//#testresult/8e4c8834022c4141","status":"unknown","time":{}},{"uid":"d8dc2ffe0c4714c9","reportUrl":"../2811//#testresult/d8dc2ffe0c4714c9","status":"skipped","statusDetails":"XFAIL reason: aborted\n\n_pytest.outcomes.XFailed: aborted","time":{"start":1726624621646,"stop":1726624621646,"duration":0}},{"uid":"6e48e738fda92ac2","reportUrl":"../2802//#testresult/6e48e738fda92ac2","status":"passed","time":{"start":1726537174502,"stop":1726537182458,"duration":7956}},{"uid":"8a7a614f60a3f7c1","reportUrl":"../2792//#testresult/8a7a614f60a3f7c1","status":"passed","time":{"start":1726451229367,"stop":1726451237279,"duration":7912}},{"uid":"c67dfed01abdc0d0","reportUrl":"../2790//#testresult/c67dfed01abdc0d0","status":"passed","time":{"start":1726364976574,"stop":1726364984414,"duration":7840}},{"uid":"b4bb7af27af31334","reportUrl":"../2788//#testresult/b4bb7af27af31334","status":"skipped","statusDetails":"XFAIL reason: aborted\n\n_pytest.outcomes.XFailed: aborted","time":{"start":1726279054268,"stop":1726279054268,"duration":0}},{"uid":"4db7598f4e44ded","reportUrl":"../2773//#testresult/4db7598f4e44ded","status":"passed","time":{"start":1726191578499,"stop":1726191586058,"duration":7559}},{"uid":"199137dc0ce63ad7","reportUrl":"../2755//#testresult/199137dc0ce63ad7","status":"skipped","statusDetails":"XFAIL reason: aborted\n\n_pytest.outcomes.XFailed: aborted","time":{"start":1726106333563,"stop":1726106333563,"duration":0}},{"uid":"c98df4fe1139ed05","reportUrl":"../2735//#testresult/c98df4fe1139ed05","status":"passed","time":{"start":1726019022562,"stop":1726019030344,"duration":7782}},{"uid":"2bf9740d2cda4e5e","reportUrl":"../2721//#testresult/2bf9740d2cda4e5e","status":"passed","time":{"start":1725932395337,"stop":1725932403421,"duration":8084}},{"uid":"c3a880e3c2e0d39b","reportUrl":"../2703//#testresult/c3a880e3c2e0d39b","status":"passed","time":{"start":1725846477114,"stop":1725846484641,"duration":7527}},{"uid":"6a3754777b98ca5d","reportUrl":"../2698//#testresult/6a3754777b98ca5d","status":"passed","time":{"start":1725760095394,"stop":1725760103032,"duration":7638}},{"uid":"6e9b5bf58c909262","reportUrl":"../2693//#testresult/6e9b5bf58c909262","status":"passed","time":{"start":1725673615415,"stop":1725673623719,"duration":8304}},{"uid":"ea4e3f05ee85eaa0","reportUrl":"../2668//#testresult/ea4e3f05ee85eaa0","status":"skipped","statusDetails":"XFAIL reason: aborted\n\n_pytest.outcomes.XFailed: aborted","time":{"start":1725590868062,"stop":1725590868062,"duration":0}}]},"tags":["runner(['self-hosted', 'linux', 'X64', 'jammy', 'large'])","asyncio","abort_on_fail","group(1)"]},"source":"56189ea3288d4e07.json","parameterValues":[]}