[32mINFO    [0m pytest_operator.plugin:plugin.py:862 Model status:

Model  Controller           Cloud/Region         Version  SLA          Timestamp
test   localhost-localhost  localhost/localhost  3.5.3    unsupported  01:44:57Z

App                       Version  Status   Scale  Charm                     Channel        Rev  Exposed  Message
grafana-agent                      blocked      3  grafana-agent             latest/edge    282  no       Missing ['grafana-cloud-config']|['grafana-dashboards-provider']|['logging-consumer']|['send-remote-write'] for cos-a...
opensearch                         active       3  opensearch                                 0  no       
self-signed-certificates           active       1  self-signed-certificates  latest/stable  155  no       

Unit                         Workload     Agent      Machine  Public address  Ports     Message
opensearch/0                 active       idle       1        10.236.3.192    9200/tcp  
  grafana-agent/1            blocked      idle                10.236.3.192              Missing ['grafana-cloud-config']|['grafana-dashboards-provider']|['logging-consumer']|['send-remote-write'] for cos-a...
opensearch/1                 active       idle       2        10.236.3.2      9200/tcp  
  grafana-agent/0*           blocked      idle                10.236.3.2                Missing ['grafana-cloud-config']|['grafana-dashboards-provider']|['logging-consumer']|['send-remote-write'] for cos-a...
opensearch/2*                active       idle       3        10.236.3.47     9200/tcp  
  grafana-agent/2            maintenance  executing           10.236.3.47               (install) Installing grafana-agent snap
self-signed-certificates/0*  active       idle       0        10.236.3.163              

Machine  State    Address       Inst id        Base          AZ  Message
0        started  10.236.3.163  juju-90a14d-0  ubuntu@22.04      Running
1        started  10.236.3.192  juju-90a14d-1  ubuntu@22.04      Running
2        started  10.236.3.2    juju-90a14d-2  ubuntu@22.04      Running
3        started  10.236.3.47   juju-90a14d-3  ubuntu@22.04      Running

[32mINFO    [0m pytest_operator.plugin:plugin.py:868 Juju error logs:

machine-3: 01:36:59 ERROR juju.worker.dependency "kvm-container-provisioner" manifold worker returned unexpected error: container types not yet available
machine-3: 01:36:59 ERROR juju.worker.dependency "lxd-container-provisioner" manifold worker returned unexpected error: container types not yet available
unit-opensearch-2: 01:36:59 ERROR juju.worker.meterstatus error running "meter-status-changed": charm missing from disk
machine-2: 01:37:00 ERROR juju.worker.dependency "kvm-container-provisioner" manifold worker returned unexpected error: container types not yet available
machine-2: 01:37:00 ERROR juju.worker.dependency "lxd-container-provisioner" manifold worker returned unexpected error: container types not yet available
unit-opensearch-1: 01:37:00 ERROR juju.worker.meterstatus error running "meter-status-changed": charm missing from disk
machine-1: 01:37:00 ERROR juju.worker.dependency "kvm-container-provisioner" manifold worker returned unexpected error: container types not yet available
machine-1: 01:37:00 ERROR juju.worker.dependency "lxd-container-provisioner" manifold worker returned unexpected error: container types not yet available
unit-opensearch-0: 01:37:00 ERROR juju.worker.meterstatus error running "meter-status-changed": charm missing from disk
machine-0: 01:37:01 ERROR juju.worker.dependency "lxd-container-provisioner" manifold worker returned unexpected error: container types not yet available
machine-0: 01:37:01 ERROR juju.worker.dependency "kvm-container-provisioner" manifold worker returned unexpected error: container types not yet available
unit-self-signed-certificates-0: 01:37:01 ERROR juju.worker.meterstatus error running "meter-status-changed": charm missing from disk
unit-opensearch-2: 01:39:30 ERROR unit.opensearch/2.juju-log certificates:3: err:  / out: keytool error: java.lang.Exception: Keystore file does not exist: /var/snap/opensearch/current/etc/opensearch/certificates/ca.p12

unit-opensearch-2: 01:39:36 ERROR unit.opensearch/2.juju-log Cannot connect to the OpenSearch server...
unit-opensearch-2: 01:39:36 ERROR unit.opensearch/2.juju-log Cannot connect to the OpenSearch server...
unit-opensearch-2: 01:39:37 ERROR unit.opensearch/2.juju-log Cannot connect to the OpenSearch server...
unit-opensearch-2: 01:39:37 ERROR unit.opensearch/2.juju-log Cannot connect to the OpenSearch server...
unit-opensearch-2: 01:39:40 ERROR unit.opensearch/2.juju-log Cannot connect to the OpenSearch server...
unit-opensearch-2: 01:39:43 ERROR unit.opensearch/2.juju-log Cannot connect to the OpenSearch server...
unit-opensearch-2: 01:39:46 ERROR unit.opensearch/2.juju-log Cannot connect to the OpenSearch server...
unit-opensearch-2: 01:39:49 ERROR unit.opensearch/2.juju-log Cannot connect to the OpenSearch server...
unit-opensearch-0: 01:40:02 ERROR unit.opensearch/0.juju-log certificates:3: err:  / out: keytool error: java.lang.Exception: Keystore file does not exist: /var/snap/opensearch/current/etc/opensearch/certificates/ca.p12

unit-opensearch-0: 01:40:08 ERROR unit.opensearch/0.juju-log Cannot connect to the OpenSearch server...
unit-opensearch-1: 01:40:09 ERROR unit.opensearch/1.juju-log certificates:3: err:  / out: keytool error: java.lang.Exception: Keystore file does not exist: /var/snap/opensearch/current/etc/opensearch/certificates/ca.p12

unit-opensearch-0: 01:40:10 ERROR unit.opensearch/0.juju-log Cannot connect to the OpenSearch server...
unit-opensearch-1: 01:40:15 ERROR unit.opensearch/1.juju-log Cannot connect to the OpenSearch server...
unit-opensearch-1: 01:40:16 ERROR unit.opensearch/1.juju-log Cannot connect to the OpenSearch server...
unit-opensearch-1: 01:40:17 ERROR unit.opensearch/1.juju-log Cannot connect to the OpenSearch server...
unit-opensearch-1: 01:40:18 ERROR unit.opensearch/1.juju-log opensearch-peers:2: Cannot connect to the OpenSearch server...
unit-opensearch-1: 01:40:20 ERROR unit.opensearch/1.juju-log opensearch-peers:2: Cannot connect to the OpenSearch server...
unit-opensearch-1: 01:40:21 ERROR unit.opensearch/1.juju-log upgrade-version-a:1: Cannot connect to the OpenSearch server...
unit-opensearch-1: 01:40:29 ERROR unit.opensearch/1.juju-log opensearch-peers:2: Cannot connect to the OpenSearch server...
unit-opensearch-1: 01:40:31 ERROR unit.opensearch/1.juju-log opensearch-peers:2: Cannot connect to the OpenSearch server...
unit-grafana-agent-0: 01:42:56 ERROR juju.worker.dependency "uniter" manifold worker returned unexpected error: preparing operation "install ch:amd64/jammy/grafana-agent-282" for grafana-agent/0: failed to download charm "ch:amd64/jammy/grafana-agent-282" from API server: download request with archiveSha256 length 0 not valid
unit-grafana-agent-1: 01:42:56 ERROR juju.worker.dependency "uniter" manifold worker returned unexpected error: preparing operation "install ch:amd64/jammy/grafana-agent-282" for grafana-agent/1: failed to download charm "ch:amd64/jammy/grafana-agent-282" from API server: download request with archiveSha256 length 0 not valid
unit-grafana-agent-2: 01:42:56 ERROR juju.worker.dependency "uniter" manifold worker returned unexpected error: preparing operation "install ch:amd64/jammy/grafana-agent-282" for grafana-agent/2: failed to download charm "ch:amd64/jammy/grafana-agent-282" from API server: download request with archiveSha256 length 0 not valid
unit-grafana-agent-0: 01:42:57 ERROR juju.worker.meterstatus error running "meter-status-changed": charm missing from disk
unit-grafana-agent-1: 01:42:57 ERROR juju.worker.meterstatus error running "meter-status-changed": charm missing from disk
unit-grafana-agent-2: 01:42:57 ERROR juju.worker.meterstatus error running "meter-status-changed": charm missing from disk

[32mINFO    [0m pytest_operator.plugin:plugin.py:947 Forgetting model main...