[32mINFO    [0m pytest_operator.plugin:plugin.py:734 Connecting to existing model localhost-localhost:test on unspecified cloud
[32mINFO    [0m juju.model:model.py:2097 Deploying local:jammy/opensearch-0
[32mINFO    [0m juju.model:model.py:2097 Deploying ch:amd64/jammy/manual-tls-certificates-108
[32mINFO    [0m integration.helpers_deployments:helpers_deployments.py:329 



[32mINFO    [0m integration.helpers_deployments:helpers_deployments.py:330 Model  Controller           Cloud/Region         Version  SLA          Timestamp
test   localhost-localhost  localhost/localhost  3.5.3    unsupported  01:32:20Z

App                      Version  Status   Scale  Charm                    Channel        Rev  Exposed  Message
manual-tls-certificates           waiting    0/1  manual-tls-certificates  latest/stable  108  no       waiting for machine
opensearch                        waiting    0/3  opensearch                                0  no       waiting for machine

Unit                       Workload  Agent       Machine  Public address  Ports  Message
manual-tls-certificates/0  waiting   allocating  3                               waiting for machine
opensearch/0               waiting   allocating  0                               waiting for machine
opensearch/1               waiting   allocating  1                               waiting for machine
opensearch/2               waiting   allocating  2                               waiting for machine

Machine  State    Address  Inst id  Base          AZ  Message
0        pending           pending  ubuntu@22.04      Creating container
1        pending           pending  ubuntu@22.04      Creating container
2        pending           pending  ubuntu@22.04      Creating container
3        pending           pending  ubuntu@22.04      Creating container

[32mINFO    [0m integration.helpers_deployments:helpers_deployments.py:337 


01:32:20 -- Waiting for model...
[32mINFO    [0m integration.helpers_deployments:helpers_deployments.py:261 	App: manual-tls-certificates - conditions unmet.
[32mINFO    [0m integration.helpers_deployments:helpers_deployments.py:262 
[32mINFO    [0m integration.helpers_deployments:helpers_deployments.py:337 


01:32:31 -- Waiting for model...
[32mINFO    [0m integration.helpers_deployments:helpers_deployments.py:261 	App: manual-tls-certificates - conditions unmet.
[32mINFO    [0m integration.helpers_deployments:helpers_deployments.py:262 
[32mINFO    [0m integration.helpers_deployments:helpers_deployments.py:337 


01:32:41 -- Waiting for model...
[32mINFO    [0m integration.helpers_deployments:helpers_deployments.py:261 	App: manual-tls-certificates - conditions unmet.
[32mINFO    [0m integration.helpers_deployments:helpers_deployments.py:262 
	app: manual waiting -- message: waiting for machine
		manual-tls-certificates-0.5ef  -- (10.230.230.28) -- [allocating (since: 01:32:20)] waiting: waiting for machine

[32mINFO    [0m integration.helpers_deployments:helpers_deployments.py:337 


01:33:56 -- Waiting for model...
[32mINFO    [0m integration.helpers_deployments:helpers_deployments.py:348 01:33:56 -- Waiting for model: complete.



[32mINFO    [0m integration.tls.test_manual_tls:test_manual_tls.py:44 Deployed manual-tls-certificates application
[32mINFO    [0m integration.tls.test_manual_tls:test_manual_tls.py:48 Integrated opensearch with manual-tls-certificates
[32mINFO    [0m integration.tls.test_manual_tls:test_manual_tls.py:54 Waiting for CSRs to be created
[32mINFO    [0m root:helpers_manual_tls.py:93 Getting outstanding certificate requests
[32mINFO    [0m root:helpers_manual_tls.py:93 Getting outstanding certificate requests
[32mINFO    [0m root:helpers_manual_tls.py:93 Getting outstanding certificate requests
[32mINFO    [0m root:helpers_manual_tls.py:93 Getting outstanding certificate requests
[32mINFO    [0m root:helpers_manual_tls.py:93 Getting outstanding certificate requests
[32mINFO    [0m root:helpers_manual_tls.py:93 Getting outstanding certificate requests
[32mINFO    [0m root:helpers_manual_tls.py:93 Getting outstanding certificate requests
[32mINFO    [0m root:helpers_manual_tls.py:93 Getting outstanding certificate requests
[32mINFO    [0m integration.tls.test_manual_tls:test_manual_tls.py:58 Signing CSRs
[32mINFO    [0m integration.tls.helpers_manual_tls:helpers_manual_tls.py:147 Generated certificate for opensearch/1
[32mINFO    [0m integration.tls.helpers_manual_tls:helpers_manual_tls.py:165 Provided certificate to opensearch/1
[32mINFO    [0m integration.tls.helpers_manual_tls:helpers_manual_tls.py:147 Generated certificate for opensearch/1
[32mINFO    [0m integration.tls.helpers_manual_tls:helpers_manual_tls.py:165 Provided certificate to opensearch/1
[32mINFO    [0m integration.tls.helpers_manual_tls:helpers_manual_tls.py:147 Generated certificate for opensearch/1
[32mINFO    [0m integration.tls.helpers_manual_tls:helpers_manual_tls.py:165 Provided certificate to opensearch/1
[32mINFO    [0m integration.tls.helpers_manual_tls:helpers_manual_tls.py:147 Generated certificate for opensearch/2
[32mINFO    [0m integration.tls.helpers_manual_tls:helpers_manual_tls.py:165 Provided certificate to opensearch/2
[32mINFO    [0m integration.tls.helpers_manual_tls:helpers_manual_tls.py:147 Generated certificate for opensearch/2
[32mINFO    [0m integration.tls.helpers_manual_tls:helpers_manual_tls.py:165 Provided certificate to opensearch/2
[32mINFO    [0m integration.tls.helpers_manual_tls:helpers_manual_tls.py:147 Generated certificate for opensearch/0
[32mINFO    [0m integration.tls.helpers_manual_tls:helpers_manual_tls.py:165 Provided certificate to opensearch/0
[32mINFO    [0m integration.tls.helpers_manual_tls:helpers_manual_tls.py:147 Generated certificate for opensearch/0
[32mINFO    [0m integration.tls.helpers_manual_tls:helpers_manual_tls.py:165 Provided certificate to opensearch/0
[32mINFO    [0m integration.helpers_deployments:helpers_deployments.py:329 



[32mINFO    [0m integration.helpers_deployments:helpers_deployments.py:330 Model  Controller           Cloud/Region         Version  SLA          Timestamp
test   localhost-localhost  localhost/localhost  3.5.3    unsupported  01:35:32Z

App                      Version  Status       Scale  Charm                    Channel        Rev  Exposed  Message
manual-tls-certificates           active           1  manual-tls-certificates  latest/stable  108  no       No outstanding requests.
opensearch                        maintenance      3  opensearch                                0  no       Waiting for TLS to be fully configured...

Unit                        Workload     Agent      Machine  Public address  Ports  Message
manual-tls-certificates/0*  active       idle       3        10.230.230.28          No outstanding requests.
opensearch/0                maintenance  executing  0        10.230.230.37          Waiting for TLS to be fully configured...
opensearch/1*               maintenance  executing  1        10.230.230.140         Waiting for TLS to be fully configured...
opensearch/2                maintenance  executing  2        10.230.230.218         Waiting for TLS to be fully configured...

Machine  State    Address         Inst id        Base          AZ  Message
0        started  10.230.230.37   juju-ef8212-0  ubuntu@22.04      Running
1        started  10.230.230.140  juju-ef8212-1  ubuntu@22.04      Running
2        started  10.230.230.218  juju-ef8212-2  ubuntu@22.04      Running
3        started  10.230.230.28   juju-ef8212-3  ubuntu@22.04      Running

[32mINFO    [0m integration.helpers_deployments:helpers_deployments.py:337 


01:35:33 -- Waiting for model...
[32mINFO    [0m integration.helpers_deployments:helpers_deployments.py:261 	App: opensearch - conditions unmet.
[32mINFO    [0m integration.helpers_deployments:helpers_deployments.py:262 
	app: opensearch maintenance -- message: Waiting for TLS to be fully configured...
		opensearch-0.ad6  -- (10.230.230.37) -- [executing (since: 01:35:32)] maintenance: Waiting for TLS to be fully configured...
		opensearch-1.ad6* -- (10.230.230.140) -- [executing (since: 01:35:32)] maintenance: Waiting for TLS to be fully configured...
		opensearch-2.ad6  -- (10.230.230.218) -- [executing (since: 01:35:33)] maintenance: Waiting for TLS to be fully configured...

[32mINFO    [0m integration.helpers_deployments:helpers_deployments.py:337 


01:35:45 -- Waiting for model...
[32mINFO    [0m integration.helpers_deployments:helpers_deployments.py:261 	App: opensearch - conditions unmet.
[32mINFO    [0m integration.helpers_deployments:helpers_deployments.py:262 
	app: opensearch waiting -- message: Requesting lock on operation: start
		opensearch-0.ad6  -- (10.230.230.37) -- [executing (since: 01:35:45)] waiting: Requesting lock on operation: start
		opensearch-1.ad6* -- (10.230.230.140) -- [executing (since: 01:35:35)] waiting: Waiting for OpenSearch to start...
		opensearch-2.ad6  -- (10.230.230.218) -- [executing (since: 01:35:45)] waiting: Requesting lock on operation: start

[32mINFO    [0m integration.helpers_deployments:helpers_deployments.py:337 


01:35:57 -- Waiting for model...
[32mINFO    [0m integration.helpers_deployments:helpers_deployments.py:261 	App: opensearch - conditions unmet.
[32mINFO    [0m integration.helpers_deployments:helpers_deployments.py:262 
	app: opensearch waiting -- message: Requesting lock on operation: start
		opensearch-0.ad6  -- (10.230.230.37) -- [idle (since: 01:35:56)] waiting: Requesting lock on operation: start
		opensearch-1.ad6* -- (10.230.230.140) -- [executing (since: 01:35:56)] active: 
		opensearch-2.ad6  -- (10.230.230.218) -- [idle (since: 01:35:57)] waiting: Requesting lock on operation: start

[32mINFO    [0m integration.helpers_deployments:helpers_deployments.py:337 


01:36:08 -- Waiting for model...
[32mINFO    [0m integration.helpers_deployments:helpers_deployments.py:261 	App: opensearch - conditions unmet.
[32mINFO    [0m integration.helpers_deployments:helpers_deployments.py:262 
	app: opensearch waiting -- message: Requesting lock on operation: start
		opensearch-0.ad6  -- (10.230.230.37) -- [executing (since: 01:36:08)] waiting: Requesting lock on operation: start
		opensearch-1.ad6* -- (10.230.230.140) -- [executing (since: 01:36:08)] active: 
		opensearch-2.ad6  -- (10.230.230.218) -- [executing (since: 01:36:04)] waiting: Waiting for OpenSearch to start...

[32mINFO    [0m integration.helpers_deployments:helpers_deployments.py:337 


01:36:20 -- Waiting for model...
[32mINFO    [0m integration.helpers_deployments:helpers_deployments.py:261 	App: opensearch - conditions unmet.
[32mINFO    [0m integration.helpers_deployments:helpers_deployments.py:262 
	app: opensearch waiting -- message: Requesting lock on operation: start
		opensearch-0.ad6  -- (10.230.230.37) -- [idle (since: 01:36:09)] waiting: Requesting lock on operation: start
		opensearch-1.ad6* -- (10.230.230.140) -- [idle (since: 01:36:11)] active: 
		opensearch-2.ad6  -- (10.230.230.218) -- [executing (since: 01:36:04)] waiting: Waiting for OpenSearch to start...

[32mINFO    [0m integration.helpers_deployments:helpers_deployments.py:337 


01:36:31 -- Waiting for model...
[32mINFO    [0m integration.helpers_deployments:helpers_deployments.py:261 	App: opensearch - conditions unmet.
[32mINFO    [0m integration.helpers_deployments:helpers_deployments.py:262 
	app: opensearch waiting -- message: Waiting for OpenSearch to start...
		opensearch-0.ad6  -- (10.230.230.37) -- [executing (since: 01:36:22)] waiting: Waiting for OpenSearch to start...
		opensearch-1.ad6* -- (10.230.230.140) -- [idle (since: 01:36:26)] active: 
		opensearch-2.ad6  -- (10.230.230.218) -- [idle (since: 01:36:27)] active: 

[32mINFO    [0m integration.helpers_deployments:helpers_deployments.py:337 


01:36:43 -- Waiting for model...
[32mINFO    [0m integration.helpers_deployments:helpers_deployments.py:277 	App: opensearch - Units - conditions unmet.
[32mINFO    [0m integration.helpers_deployments:helpers_deployments.py:278 
	app: opensearch active -- message: None
		opensearch-0.ad6  -- (10.230.230.37) -- [idle (since: 01:36:43)] active: 
		opensearch-1.ad6* -- (10.230.230.140) -- [executing (since: 01:36:42)] active: 
		opensearch-2.ad6  -- (10.230.230.218) -- [idle (since: 01:36:43)] active: 

[32mINFO    [0m integration.helpers_deployments:helpers_deployments.py:337 


01:36:55 -- Waiting for model...
[32mINFO    [0m integration.helpers_deployments:helpers_deployments.py:277 	App: opensearch - Units - conditions unmet.
[32mINFO    [0m integration.helpers_deployments:helpers_deployments.py:278 
	app: opensearch active -- message: None
		opensearch-0.ad6  -- (10.230.230.37) -- [idle (since: 01:36:43)] active: 
		opensearch-1.ad6* -- (10.230.230.140) -- [idle (since: 01:36:43)] active: 
		opensearch-2.ad6  -- (10.230.230.218) -- [idle (since: 01:36:43)] active: 

[32mINFO    [0m integration.helpers_deployments:helpers_deployments.py:337 


01:37:07 -- Waiting for model...
[32mINFO    [0m integration.helpers_deployments:helpers_deployments.py:277 	App: opensearch - Units - conditions unmet.
[32mINFO    [0m integration.helpers_deployments:helpers_deployments.py:278 
	app: opensearch active -- message: None
		opensearch-0.ad6  -- (10.230.230.37) -- [idle (since: 01:36:43)] active: 
		opensearch-1.ad6* -- (10.230.230.140) -- [idle (since: 01:36:43)] active: 
		opensearch-2.ad6  -- (10.230.230.218) -- [idle (since: 01:36:43)] active: 

[32mINFO    [0m integration.helpers_deployments:helpers_deployments.py:337 


01:37:18 -- Waiting for model...
[32mINFO    [0m integration.helpers_deployments:helpers_deployments.py:348 01:37:20 -- Waiting for model: complete.



[32mINFO    [0m integration.tls.test_manual_tls:test_manual_tls.py:72 Scaling up the application by adding a new unit
[32mINFO    [0m integration.tls.test_manual_tls:test_manual_tls.py:76 Waiting for the new unit to be in maintenance waiting for certificates
[32mINFO    [0m integration.helpers_deployments:helpers_deployments.py:329 



[32mINFO    [0m integration.helpers_deployments:helpers_deployments.py:330 Model  Controller           Cloud/Region         Version  SLA          Timestamp
test   localhost-localhost  localhost/localhost  3.5.3    unsupported  01:37:20Z

App                      Version  Status   Scale  Charm                    Channel        Rev  Exposed  Message
manual-tls-certificates           active       1  manual-tls-certificates  latest/stable  108  no       No outstanding requests.
opensearch                        waiting    3/4  opensearch                                0  no       waiting for machine

Unit                        Workload  Agent       Machine  Public address  Ports     Message
manual-tls-certificates/0*  active    idle        3        10.230.230.28             No outstanding requests.
opensearch/0                active    idle        0        10.230.230.37   9200/tcp  
opensearch/1*               active    idle        1        10.230.230.140  9200/tcp  
opensearch/2                active    idle        2        10.230.230.218  9200/tcp  
opensearch/3                waiting   allocating  4                                  waiting for machine

Machine  State    Address         Inst id        Base          AZ  Message
0        started  10.230.230.37   juju-ef8212-0  ubuntu@22.04      Running
1        started  10.230.230.140  juju-ef8212-1  ubuntu@22.04      Running
2        started  10.230.230.218  juju-ef8212-2  ubuntu@22.04      Running
3        started  10.230.230.28   juju-ef8212-3  ubuntu@22.04      Running
4        pending                  pending        ubuntu@22.04      Creating container

[32mINFO    [0m integration.helpers_deployments:helpers_deployments.py:337 


01:37:20 -- Waiting for model...
[32mINFO    [0m integration.helpers_deployments:helpers_deployments.py:251 opensearch -- expected units: 4 -- current: 3
[32mINFO    [0m integration.helpers_deployments:helpers_deployments.py:337 


01:37:32 -- Waiting for model...
[32mINFO    [0m integration.helpers_deployments:helpers_deployments.py:277 	App: opensearch - Units - conditions unmet.
[32mINFO    [0m integration.helpers_deployments:helpers_deployments.py:278 
	app: opensearch waiting -- message: waiting for machine
		opensearch-0.ad6  -- (10.230.230.37) -- [idle (since: 01:36:43)] active: 
		opensearch-1.ad6* -- (10.230.230.140) -- [idle (since: 01:36:43)] active: 
		opensearch-2.ad6  -- (10.230.230.218) -- [idle (since: 01:36:43)] active: 
		opensearch-3.ad6  -- (10.230.230.226) -- [allocating (since: 01:37:20)] waiting: waiting for machine

[32mINFO    [0m integration.helpers_deployments:helpers_deployments.py:337 


01:38:47 -- Waiting for model...
[32mINFO    [0m integration.helpers_deployments:helpers_deployments.py:277 	App: opensearch - Units - conditions unmet.
[32mINFO    [0m integration.helpers_deployments:helpers_deployments.py:278 
	app: opensearch maintenance -- message: Installing OpenSearch...
		opensearch-0.ad6  -- (10.230.230.37) -- [idle (since: 01:36:43)] active: 
		opensearch-1.ad6* -- (10.230.230.140) -- [idle (since: 01:36:43)] active: 
		opensearch-2.ad6  -- (10.230.230.218) -- [idle (since: 01:36:43)] active: 
		opensearch-3.ad6  -- (10.230.230.226) -- [executing (since: 01:38:33)] maintenance: Installing OpenSearch...

[32mINFO    [0m integration.helpers_deployments:helpers_deployments.py:337 


01:39:00 -- Waiting for model...
[32mINFO    [0m integration.helpers_deployments:helpers_deployments.py:277 	App: opensearch - Units - conditions unmet.
[32mINFO    [0m integration.helpers_deployments:helpers_deployments.py:278 
	app: opensearch maintenance -- message: Installing OpenSearch...
		opensearch-0.ad6  -- (10.230.230.37) -- [idle (since: 01:38:58)] active: 
		opensearch-1.ad6* -- (10.230.230.140) -- [idle (since: 01:38:59)] active: 
		opensearch-2.ad6  -- (10.230.230.218) -- [idle (since: 01:38:58)] active: 
		opensearch-3.ad6  -- (10.230.230.226) -- [executing (since: 01:38:33)] maintenance: Installing OpenSearch...

[32mINFO    [0m integration.helpers_deployments:helpers_deployments.py:337 


01:39:11 -- Waiting for model...
[32mINFO    [0m integration.helpers_deployments:helpers_deployments.py:277 	App: opensearch - Units - conditions unmet.
[32mINFO    [0m integration.helpers_deployments:helpers_deployments.py:278 
	app: opensearch maintenance -- message: Installing OpenSearch...
		opensearch-0.ad6  -- (10.230.230.37) -- [idle (since: 01:38:58)] active: 
		opensearch-1.ad6* -- (10.230.230.140) -- [idle (since: 01:38:59)] active: 
		opensearch-2.ad6  -- (10.230.230.218) -- [idle (since: 01:38:58)] active: 
		opensearch-3.ad6  -- (10.230.230.226) -- [executing (since: 01:38:33)] maintenance: Installing OpenSearch...

[32mINFO    [0m integration.helpers_deployments:helpers_deployments.py:337 


01:39:23 -- Waiting for model...
[32mINFO    [0m integration.helpers_deployments:helpers_deployments.py:277 	App: opensearch - Units - conditions unmet.
[32mINFO    [0m integration.helpers_deployments:helpers_deployments.py:278 
	app: opensearch maintenance -- message: Waiting for TLS to be fully configured...
		opensearch-0.ad6  -- (10.230.230.37) -- [idle (since: 01:39:19)] active: 
		opensearch-1.ad6* -- (10.230.230.140) -- [idle (since: 01:39:21)] active: 
		opensearch-2.ad6  -- (10.230.230.218) -- [idle (since: 01:39:20)] active: 
		opensearch-3.ad6  -- (10.230.230.226) -- [executing (since: 01:39:23)] maintenance: Waiting for TLS to be fully configured...

[32mINFO    [0m integration.helpers_deployments:helpers_deployments.py:337 


01:39:35 -- Waiting for model...
[32mINFO    [0m integration.helpers_deployments:helpers_deployments.py:277 	App: opensearch - Units - conditions unmet.
[32mINFO    [0m integration.helpers_deployments:helpers_deployments.py:278 
	app: opensearch maintenance -- message: Waiting for TLS to be fully configured...
		opensearch-0.ad6  -- (10.230.230.37) -- [idle (since: 01:39:19)] active: 
		opensearch-1.ad6* -- (10.230.230.140) -- [idle (since: 01:39:21)] active: 
		opensearch-2.ad6  -- (10.230.230.218) -- [idle (since: 01:39:20)] active: 
		opensearch-3.ad6  -- (10.230.230.226) -- [executing (since: 01:39:35)] maintenance: Waiting for TLS to be fully configured...

[32mINFO    [0m integration.helpers_deployments:helpers_deployments.py:337 


01:39:47 -- Waiting for model...
[32mINFO    [0m integration.helpers_deployments:helpers_deployments.py:277 	App: opensearch - Units - conditions unmet.
[32mINFO    [0m integration.helpers_deployments:helpers_deployments.py:278 
	app: opensearch maintenance -- message: Waiting for TLS to be fully configured...
		opensearch-0.ad6  -- (10.230.230.37) -- [idle (since: 01:39:19)] active: 
		opensearch-1.ad6* -- (10.230.230.140) -- [idle (since: 01:39:21)] active: 
		opensearch-2.ad6  -- (10.230.230.218) -- [idle (since: 01:39:20)] active: 
		opensearch-3.ad6  -- (10.230.230.226) -- [idle (since: 01:39:41)] maintenance: Waiting for TLS to be fully configured...

[32mINFO    [0m integration.helpers_deployments:helpers_deployments.py:337 


01:40:00 -- Waiting for model...
[32mINFO    [0m integration.helpers_deployments:helpers_deployments.py:277 	App: opensearch - Units - conditions unmet.
[32mINFO    [0m integration.helpers_deployments:helpers_deployments.py:278 
	app: opensearch maintenance -- message: Waiting for TLS to be fully configured...
		opensearch-0.ad6  -- (10.230.230.37) -- [idle (since: 01:39:19)] active: 
		opensearch-1.ad6* -- (10.230.230.140) -- [idle (since: 01:39:21)] active: 
		opensearch-2.ad6  -- (10.230.230.218) -- [idle (since: 01:39:20)] active: 
		opensearch-3.ad6  -- (10.230.230.226) -- [idle (since: 01:39:41)] maintenance: Waiting for TLS to be fully configured...

[32mINFO    [0m integration.helpers_deployments:helpers_deployments.py:337 


01:40:12 -- Waiting for model...
[32mINFO    [0m integration.helpers_deployments:helpers_deployments.py:348 01:40:14 -- Waiting for model: complete.



[32mINFO    [0m integration.tls.test_manual_tls:test_manual_tls.py:85 Waiting for the new unit to request certificates
[32mINFO    [0m root:helpers_manual_tls.py:93 Getting outstanding certificate requests
[32mINFO    [0m integration.tls.test_manual_tls:test_manual_tls.py:89 Signing CSRs
[32mINFO    [0m integration.tls.helpers_manual_tls:helpers_manual_tls.py:147 Generated certificate for opensearch/3
[32mINFO    [0m integration.tls.helpers_manual_tls:helpers_manual_tls.py:165 Provided certificate to opensearch/3
[32mINFO    [0m integration.tls.helpers_manual_tls:helpers_manual_tls.py:147 Generated certificate for opensearch/3
[32mINFO    [0m integration.tls.helpers_manual_tls:helpers_manual_tls.py:165 Provided certificate to opensearch/3
[32mINFO    [0m integration.tls.test_manual_tls:test_manual_tls.py:93 Waiting for the new unit to be active
[32mINFO    [0m integration.helpers_deployments:helpers_deployments.py:329 



[32mINFO    [0m integration.helpers_deployments:helpers_deployments.py:330 Model  Controller           Cloud/Region         Version  SLA          Timestamp
test   localhost-localhost  localhost/localhost  3.5.3    unsupported  01:40:17Z

App                      Version  Status       Scale  Charm                    Channel        Rev  Exposed  Message
manual-tls-certificates           active           1  manual-tls-certificates  latest/stable  108  no       No outstanding requests.
opensearch                        maintenance      4  opensearch                                0  no       Waiting for TLS to be fully configured...

Unit                        Workload     Agent      Machine  Public address  Ports     Message
manual-tls-certificates/0*  active       idle       3        10.230.230.28             No outstanding requests.
opensearch/0                active       executing  0        10.230.230.37   9200/tcp  
opensearch/1*               active       executing  1        10.230.230.140  9200/tcp  
opensearch/2                active       executing  2        10.230.230.218  9200/tcp  
opensearch/3                maintenance  executing  4        10.230.230.226            Waiting for TLS to be fully configured...

Machine  State    Address         Inst id        Base          AZ  Message
0        started  10.230.230.37   juju-ef8212-0  ubuntu@22.04      Running
1        started  10.230.230.140  juju-ef8212-1  ubuntu@22.04      Running
2        started  10.230.230.218  juju-ef8212-2  ubuntu@22.04      Running
3        started  10.230.230.28   juju-ef8212-3  ubuntu@22.04      Running
4        started  10.230.230.226  juju-ef8212-4  ubuntu@22.04      Running

[32mINFO    [0m integration.helpers_deployments:helpers_deployments.py:337 


01:40:17 -- Waiting for model...
[32mINFO    [0m integration.helpers_deployments:helpers_deployments.py:277 	App: opensearch - Units - conditions unmet.
[32mINFO    [0m integration.helpers_deployments:helpers_deployments.py:278 
	app: opensearch maintenance -- message: Waiting for TLS to be fully configured...
		opensearch-0.ad6  -- (10.230.230.37) -- [executing (since: 01:40:16)] active: 
		opensearch-1.ad6* -- (10.230.230.140) -- [executing (since: 01:40:16)] active: 
		opensearch-2.ad6  -- (10.230.230.218) -- [executing (since: 01:40:16)] active: 
		opensearch-3.ad6  -- (10.230.230.226) -- [executing (since: 01:40:16)] maintenance: Waiting for TLS to be fully configured...

[32mINFO    [0m integration.helpers_deployments:helpers_deployments.py:337 


01:40:29 -- Waiting for model...
[32mINFO    [0m integration.helpers_deployments:helpers_deployments.py:277 	App: opensearch - Units - conditions unmet.
[32mINFO    [0m integration.helpers_deployments:helpers_deployments.py:278 
	app: opensearch waiting -- message: Waiting for OpenSearch to start...
		opensearch-0.ad6  -- (10.230.230.37) -- [idle (since: 01:40:29)] active: 
		opensearch-1.ad6* -- (10.230.230.140) -- [executing (since: 01:40:29)] active: 
		opensearch-2.ad6  -- (10.230.230.218) -- [idle (since: 01:40:28)] active: 
		opensearch-3.ad6  -- (10.230.230.226) -- [executing (since: 01:40:25)] waiting: Waiting for OpenSearch to start...

[32mINFO    [0m integration.helpers_deployments:helpers_deployments.py:337 


01:40:41 -- Waiting for model...
[32mINFO    [0m integration.helpers_deployments:helpers_deployments.py:277 	App: opensearch - Units - conditions unmet.
[32mINFO    [0m integration.helpers_deployments:helpers_deployments.py:278 
	app: opensearch waiting -- message: Waiting for OpenSearch to start...
		opensearch-0.ad6  -- (10.230.230.37) -- [idle (since: 01:40:29)] active: 
		opensearch-1.ad6* -- (10.230.230.140) -- [idle (since: 01:40:31)] active: 
		opensearch-2.ad6  -- (10.230.230.218) -- [idle (since: 01:40:28)] active: 
		opensearch-3.ad6  -- (10.230.230.226) -- [executing (since: 01:40:25)] waiting: Waiting for OpenSearch to start...

[32mINFO    [0m integration.helpers_deployments:helpers_deployments.py:337 


01:40:54 -- Waiting for model...
[32mINFO    [0m integration.helpers_deployments:helpers_deployments.py:277 	App: opensearch - Units - conditions unmet.
[32mINFO    [0m integration.helpers_deployments:helpers_deployments.py:278 
	app: opensearch active -- message: None
		opensearch-0.ad6  -- (10.230.230.37) -- [idle (since: 01:40:53)] active: 
		opensearch-1.ad6* -- (10.230.230.140) -- [executing (since: 01:40:52)] active: 
		opensearch-2.ad6  -- (10.230.230.218) -- [idle (since: 01:40:53)] active: 
		opensearch-3.ad6  -- (10.230.230.226) -- [idle (since: 01:40:53)] active: 

[32mINFO    [0m integration.helpers_deployments:helpers_deployments.py:337 


01:41:06 -- Waiting for model...
[32mINFO    [0m integration.helpers_deployments:helpers_deployments.py:277 	App: opensearch - Units - conditions unmet.
[32mINFO    [0m integration.helpers_deployments:helpers_deployments.py:278 
	app: opensearch active -- message: None
		opensearch-0.ad6  -- (10.230.230.37) -- [idle (since: 01:40:53)] active: 
		opensearch-1.ad6* -- (10.230.230.140) -- [idle (since: 01:40:54)] active: 
		opensearch-2.ad6  -- (10.230.230.218) -- [idle (since: 01:40:53)] active: 
		opensearch-3.ad6  -- (10.230.230.226) -- [idle (since: 01:40:53)] active: 

[32mINFO    [0m integration.helpers_deployments:helpers_deployments.py:337 


01:41:18 -- Waiting for model...
[32mINFO    [0m integration.helpers_deployments:helpers_deployments.py:277 	App: opensearch - Units - conditions unmet.
[32mINFO    [0m integration.helpers_deployments:helpers_deployments.py:278 
	app: opensearch active -- message: None
		opensearch-0.ad6  -- (10.230.230.37) -- [idle (since: 01:40:53)] active: 
		opensearch-1.ad6* -- (10.230.230.140) -- [idle (since: 01:40:54)] active: 
		opensearch-2.ad6  -- (10.230.230.218) -- [idle (since: 01:40:53)] active: 
		opensearch-3.ad6  -- (10.230.230.226) -- [idle (since: 01:40:53)] active: 

[32mINFO    [0m integration.helpers_deployments:helpers_deployments.py:337 


01:41:30 -- Waiting for model...
[32mINFO    [0m integration.helpers_deployments:helpers_deployments.py:348 01:41:32 -- Waiting for model: complete.
[32mINFO    [0m pytest_operator.plugin:plugin.py:862 Model status:

Model  Controller           Cloud/Region         Version  SLA          Timestamp
test   localhost-localhost  localhost/localhost  3.5.3    unsupported  01:41:32Z

App                      Version  Status  Scale  Charm                    Channel        Rev  Exposed  Message
manual-tls-certificates           active      1  manual-tls-certificates  latest/stable  108  no       No outstanding requests.
opensearch                        active      4  opensearch                                0  no       

Unit                        Workload  Agent  Machine  Public address  Ports     Message
manual-tls-certificates/0*  active    idle   3        10.230.230.28             No outstanding requests.
opensearch/0                active    idle   0        10.230.230.37   9200/tcp  
opensearch/1*               active    idle   1        10.230.230.140  9200/tcp  
opensearch/2                active    idle   2        10.230.230.218  9200/tcp  
opensearch/3                active    idle   4        10.230.230.226  9200/tcp  

Machine  State    Address         Inst id        Base          AZ  Message
0        started  10.230.230.37   juju-ef8212-0  ubuntu@22.04      Running
1        started  10.230.230.140  juju-ef8212-1  ubuntu@22.04      Running
2        started  10.230.230.218  juju-ef8212-2  ubuntu@22.04      Running
3        started  10.230.230.28   juju-ef8212-3  ubuntu@22.04      Running
4        started  10.230.230.226  juju-ef8212-4  ubuntu@22.04      Running

[32mINFO    [0m pytest_operator.plugin:plugin.py:868 Juju error logs:

machine-1: 01:33:39 ERROR juju.worker.dependency "lxd-container-provisioner" manifold worker returned unexpected error: container types not yet available
machine-1: 01:33:39 ERROR juju.worker.dependency "kvm-container-provisioner" manifold worker returned unexpected error: container types not yet available
unit-opensearch-1: 01:33:39 ERROR juju.worker.meterstatus error running "meter-status-changed": charm missing from disk
machine-2: 01:33:41 ERROR juju.worker.dependency "kvm-container-provisioner" manifold worker returned unexpected error: container types not yet available
machine-2: 01:33:41 ERROR juju.worker.dependency "lxd-container-provisioner" manifold worker returned unexpected error: container types not yet available
unit-opensearch-2: 01:33:41 ERROR juju.worker.meterstatus error running "meter-status-changed": charm missing from disk
machine-0: 01:33:41 ERROR juju.worker.dependency "kvm-container-provisioner" manifold worker returned unexpected error: container types not yet available
machine-0: 01:33:41 ERROR juju.worker.dependency "lxd-container-provisioner" manifold worker returned unexpected error: container types not yet available
unit-opensearch-0: 01:33:41 ERROR juju.worker.meterstatus error running "meter-status-changed": charm missing from disk
machine-3: 01:33:41 ERROR juju.worker.dependency "lxd-container-provisioner" manifold worker returned unexpected error: container types not yet available
machine-3: 01:33:41 ERROR juju.worker.dependency "kvm-container-provisioner" manifold worker returned unexpected error: container types not yet available
unit-manual-tls-certificates-0: 01:33:41 ERROR juju.worker.meterstatus error running "meter-status-changed": charm missing from disk
unit-opensearch-1: 01:35:27 ERROR unit.opensearch/1.juju-log certificates:3: err:  / out: keytool error: java.lang.Exception: Keystore file does not exist: /var/snap/opensearch/current/etc/opensearch/certificates/ca.p12

unit-opensearch-2: 01:35:31 ERROR unit.opensearch/2.juju-log certificates:3: err:  / out: keytool error: java.lang.Exception: Keystore file does not exist: /var/snap/opensearch/current/etc/opensearch/certificates/ca.p12

unit-opensearch-0: 01:35:33 ERROR unit.opensearch/0.juju-log certificates:3: err:  / out: keytool error: java.lang.Exception: Keystore file does not exist: /var/snap/opensearch/current/etc/opensearch/certificates/ca.p12

unit-opensearch-1: 01:35:34 ERROR unit.opensearch/1.juju-log Cannot connect to the OpenSearch server...
unit-opensearch-1: 01:35:35 ERROR unit.opensearch/1.juju-log node-lock-fallback:1: Cannot connect to the OpenSearch server...
unit-opensearch-1: 01:35:36 ERROR unit.opensearch/1.juju-log node-lock-fallback:1: Cannot connect to the OpenSearch server...
unit-opensearch-1: 01:35:36 ERROR unit.opensearch/1.juju-log node-lock-fallback:1: Cannot connect to the OpenSearch server...
unit-opensearch-0: 01:35:38 ERROR unit.opensearch/0.juju-log certificates:3: Cannot connect to the OpenSearch server...
unit-opensearch-1: 01:35:39 ERROR unit.opensearch/1.juju-log node-lock-fallback:1: Cannot connect to the OpenSearch server...
unit-opensearch-0: 01:35:39 ERROR unit.opensearch/0.juju-log Cannot connect to the OpenSearch server...
unit-opensearch-0: 01:35:40 ERROR unit.opensearch/0.juju-log Cannot connect to the OpenSearch server...
unit-opensearch-0: 01:35:41 ERROR unit.opensearch/0.juju-log Cannot connect to the OpenSearch server...
unit-opensearch-2: 01:35:41 ERROR unit.opensearch/2.juju-log node-lock-fallback:1: Cannot connect to the OpenSearch server...
unit-opensearch-1: 01:35:42 ERROR unit.opensearch/1.juju-log node-lock-fallback:1: Cannot connect to the OpenSearch server...
unit-opensearch-0: 01:35:42 ERROR unit.opensearch/0.juju-log Cannot connect to the OpenSearch server...
unit-opensearch-2: 01:35:42 ERROR unit.opensearch/2.juju-log Cannot connect to the OpenSearch server...
unit-opensearch-0: 01:35:43 ERROR unit.opensearch/0.juju-log Cannot connect to the OpenSearch server...
unit-opensearch-2: 01:35:43 ERROR unit.opensearch/2.juju-log Cannot connect to the OpenSearch server...
unit-opensearch-0: 01:35:43 ERROR unit.opensearch/0.juju-log Cannot connect to the OpenSearch server...
unit-opensearch-2: 01:35:44 ERROR unit.opensearch/2.juju-log node-lock-fallback:1: Cannot connect to the OpenSearch server...
unit-opensearch-0: 01:35:44 ERROR unit.opensearch/0.juju-log node-lock-fallback:1: Cannot connect to the OpenSearch server...
unit-opensearch-2: 01:35:44 ERROR unit.opensearch/2.juju-log opensearch-peers:0: Cannot connect to the OpenSearch server...
unit-opensearch-1: 01:35:45 ERROR unit.opensearch/1.juju-log node-lock-fallback:1: Cannot connect to the OpenSearch server...
unit-opensearch-0: 01:35:45 ERROR unit.opensearch/0.juju-log node-lock-fallback:1: Cannot connect to the OpenSearch server...
unit-opensearch-2: 01:35:45 ERROR unit.opensearch/2.juju-log node-lock-fallback:1: Cannot connect to the OpenSearch server...
unit-opensearch-0: 01:35:46 ERROR unit.opensearch/0.juju-log opensearch-peers:0: Cannot connect to the OpenSearch server...
unit-opensearch-2: 01:35:46 ERROR unit.opensearch/2.juju-log node-lock-fallback:1: Cannot connect to the OpenSearch server...
unit-opensearch-0: 01:35:47 ERROR unit.opensearch/0.juju-log node-lock-fallback:1: Cannot connect to the OpenSearch server...
unit-opensearch-2: 01:35:47 ERROR unit.opensearch/2.juju-log opensearch-peers:0: Cannot connect to the OpenSearch server...
unit-opensearch-0: 01:35:48 ERROR unit.opensearch/0.juju-log node-lock-fallback:1: Cannot connect to the OpenSearch server...
unit-opensearch-2: 01:35:48 ERROR unit.opensearch/2.juju-log node-lock-fallback:1: Cannot connect to the OpenSearch server...
unit-opensearch-0: 01:35:49 ERROR unit.opensearch/0.juju-log opensearch-peers:0: Cannot connect to the OpenSearch server...
unit-opensearch-2: 01:35:49 ERROR unit.opensearch/2.juju-log opensearch-peers:0: Cannot connect to the OpenSearch server...
unit-opensearch-0: 01:35:50 ERROR unit.opensearch/0.juju-log node-lock-fallback:1: Cannot connect to the OpenSearch server...
unit-opensearch-2: 01:35:50 ERROR unit.opensearch/2.juju-log node-lock-fallback:1: Cannot connect to the OpenSearch server...
unit-opensearch-0: 01:35:50 ERROR unit.opensearch/0.juju-log node-lock-fallback:1: Cannot connect to the OpenSearch server...
unit-opensearch-2: 01:35:51 ERROR unit.opensearch/2.juju-log node-lock-fallback:1: Cannot connect to the OpenSearch server...
unit-opensearch-0: 01:35:51 ERROR unit.opensearch/0.juju-log node-lock-fallback:1: Cannot connect to the OpenSearch server...
unit-opensearch-2: 01:35:51 ERROR unit.opensearch/2.juju-log node-lock-fallback:1: Cannot connect to the OpenSearch server...
unit-opensearch-0: 01:35:52 ERROR unit.opensearch/0.juju-log opensearch-peers:0: Cannot connect to the OpenSearch server...
unit-opensearch-2: 01:35:52 ERROR unit.opensearch/2.juju-log opensearch-peers:0: Cannot connect to the OpenSearch server...
unit-opensearch-0: 01:35:53 ERROR unit.opensearch/0.juju-log opensearch-peers:0: Cannot connect to the OpenSearch server...
unit-opensearch-2: 01:35:53 ERROR unit.opensearch/2.juju-log opensearch-peers:0: Cannot connect to the OpenSearch server...
unit-opensearch-0: 01:35:54 ERROR unit.opensearch/0.juju-log opensearch-peers:0: Cannot connect to the OpenSearch server...
unit-opensearch-2: 01:35:54 ERROR unit.opensearch/2.juju-log opensearch-peers:0: Cannot connect to the OpenSearch server...
unit-opensearch-0: 01:35:56 ERROR unit.opensearch/0.juju-log Cannot connect to the OpenSearch server...
unit-opensearch-2: 01:35:56 ERROR unit.opensearch/2.juju-log Cannot connect to the OpenSearch server...
unit-opensearch-0: 01:35:59 ERROR unit.opensearch/0.juju-log node-lock-fallback:1: Cannot connect to the OpenSearch server...
unit-opensearch-2: 01:35:59 ERROR unit.opensearch/2.juju-log node-lock-fallback:1: Cannot connect to the OpenSearch server...
unit-opensearch-2: 01:36:00 ERROR unit.opensearch/2.juju-log node-lock-fallback:1: Cannot connect to the OpenSearch server...
unit-opensearch-0: 01:36:05 ERROR unit.opensearch/0.juju-log opensearch-peers:0: Cannot connect to the OpenSearch server...
unit-opensearch-2: 01:36:05 ERROR unit.opensearch/2.juju-log upgrade-version-a:2: Cannot connect to the OpenSearch server...
unit-opensearch-2: 01:36:06 ERROR unit.opensearch/2.juju-log upgrade-version-a:2: Cannot connect to the OpenSearch server...
unit-opensearch-0: 01:36:06 ERROR unit.opensearch/0.juju-log opensearch-peers:0: Cannot connect to the OpenSearch server...
unit-opensearch-0: 01:36:07 ERROR unit.opensearch/0.juju-log upgrade-version-a:2: Cannot connect to the OpenSearch server...
unit-opensearch-0: 01:36:08 ERROR unit.opensearch/0.juju-log node-lock-fallback:1: Cannot connect to the OpenSearch server...
unit-opensearch-0: 01:36:22 ERROR unit.opensearch/0.juju-log node-lock-fallback:1: Cannot connect to the OpenSearch server...
unit-opensearch-0: 01:36:24 ERROR unit.opensearch/0.juju-log node-lock-fallback:1: Cannot connect to the OpenSearch server...
machine-4: 01:38:25 ERROR juju.worker.dependency "lxd-container-provisioner" manifold worker returned unexpected error: container types not yet available
machine-4: 01:38:25 ERROR juju.worker.dependency "kvm-container-provisioner" manifold worker returned unexpected error: container types not yet available
unit-opensearch-3: 01:38:25 ERROR juju.worker.meterstatus error running "meter-status-changed": charm missing from disk
unit-opensearch-3: 01:40:18 ERROR unit.opensearch/3.juju-log certificates:3: err:  / out: keytool error: java.lang.Exception: Keystore file does not exist: /var/snap/opensearch/current/etc/opensearch/certificates/ca.p12

unit-opensearch-3: 01:40:27 ERROR unit.opensearch/3.juju-log Cannot connect to the OpenSearch server...
unit-opensearch-3: 01:40:29 ERROR unit.opensearch/3.juju-log Cannot connect to the OpenSearch server...

[32mINFO    [0m pytest_operator.plugin:plugin.py:947 Forgetting model main...