[32mINFO    [0m integration.helpers_deployments:helpers_deployments.py:329 



[32mINFO    [0m integration.helpers_deployments:helpers_deployments.py:330 Model  Controller           Cloud/Region         Version  SLA          Timestamp
test   localhost-localhost  localhost/localhost  3.5.3    unsupported  01:42:11Z

App                       Version  Status   Scale  Charm                     Channel        Rev  Exposed  Message
failover                           active       2  opensearch                                 1  no       
grafana-agent                      blocked      4  grafana-agent             latest/edge    282  no       Missing ['grafana-cloud-config']|['grafana-dashboards-provider']|['logging-consumer']|['send-remote-write'] for cos-a...
main                               active       1  opensearch                                 0  no       
opensearch                         active       1  opensearch                                 2  no       
self-signed-certificates           active       1  self-signed-certificates  latest/stable  155  no       

Unit                         Workload  Agent      Machine  Public address  Ports     Message
failover/2*                  active    executing  3        10.163.95.38    9200/tcp  
  grafana-agent/0*           blocked   idle                10.163.95.38              Missing ['grafana-cloud-config']|['grafana-dashboards-provider']|['logging-consumer']|['send-remote-write'] for cos-a...
failover/3                   active    executing  4        10.163.95.59    9200/tcp  
  grafana-agent/1            blocked   idle                10.163.95.59              Missing ['grafana-cloud-config']|['grafana-dashboards-provider']|['logging-consumer']|['send-remote-write'] for cos-a...
main/0*                      active    executing  1        10.163.95.96    9200/tcp  (set-password) 
  grafana-agent/2            blocked   executing           10.163.95.96              Missing ['grafana-cloud-config']|['grafana-dashboards-provider']|['logging-consumer']|['send-remote-write'] for cos-a...
opensearch/0*                active    executing  2        10.163.95.34    9200/tcp  
  grafana-agent/3            blocked   idle                10.163.95.34              Missing ['grafana-cloud-config']|['grafana-dashboards-provider']|['logging-consumer']|['send-remote-write'] for cos-a...
self-signed-certificates/0*  active    idle       0        10.163.95.72              

Machine  State    Address       Inst id        Base          AZ  Message
0        started  10.163.95.72  juju-8eb026-0  ubuntu@22.04      Running
1        started  10.163.95.96  juju-8eb026-1  ubuntu@22.04      Running
2        started  10.163.95.34  juju-8eb026-2  ubuntu@22.04      Running
3        started  10.163.95.38  juju-8eb026-3  ubuntu@22.04      Running
4        started  10.163.95.59  juju-8eb026-4  ubuntu@22.04      Running

[32mINFO    [0m integration.helpers_deployments:helpers_deployments.py:337 


01:42:11 -- Waiting for model...
[32mINFO    [0m integration.helpers_deployments:helpers_deployments.py:277 	App: main - Units - conditions unmet.
[32mINFO    [0m integration.helpers_deployments:helpers_deployments.py:278 
	app: main active -- message: None
		main-0.2cf* -- (10.163.95.96) -- [executing (since: 01:42:07)] active: 

[32mINFO    [0m integration.helpers_deployments:helpers_deployments.py:337 


01:42:23 -- Waiting for model...
[32mINFO    [0m integration.helpers_deployments:helpers_deployments.py:277 	App: main - Units - conditions unmet.
[32mINFO    [0m integration.helpers_deployments:helpers_deployments.py:278 
	app: main active -- message: None
		main-0.2cf* -- (10.163.95.96) -- [idle (since: 01:42:15)] active: 

[32mINFO    [0m integration.helpers_deployments:helpers_deployments.py:337 


01:42:34 -- Waiting for model...
[32mINFO    [0m integration.helpers_deployments:helpers_deployments.py:277 	App: main - Units - conditions unmet.
[32mINFO    [0m integration.helpers_deployments:helpers_deployments.py:278 
	app: main active -- message: None
		main-0.2cf* -- (10.163.95.96) -- [idle (since: 01:42:15)] active: 

[32mINFO    [0m integration.helpers_deployments:helpers_deployments.py:337 


01:42:46 -- Waiting for model...
[32mINFO    [0m integration.helpers_deployments:helpers_deployments.py:277 	App: main - Units - conditions unmet.
[32mINFO    [0m integration.helpers_deployments:helpers_deployments.py:278 
	app: main active -- message: None
		main-0.2cf* -- (10.163.95.96) -- [idle (since: 01:42:15)] active: 

[32mINFO    [0m integration.helpers_deployments:helpers_deployments.py:337 


01:42:57 -- Waiting for model...
[32mINFO    [0m integration.helpers_deployments:helpers_deployments.py:277 	App: main - Units - conditions unmet.
[32mINFO    [0m integration.helpers_deployments:helpers_deployments.py:278 
	app: main active -- message: None
		main-0.2cf* -- (10.163.95.96) -- [idle (since: 01:42:15)] active: 

[32mINFO    [0m integration.helpers_deployments:helpers_deployments.py:337 


01:43:08 -- Waiting for model...
[32mINFO    [0m integration.helpers_deployments:helpers_deployments.py:277 	App: main - Units - conditions unmet.
[32mINFO    [0m integration.helpers_deployments:helpers_deployments.py:278 
	app: main active -- message: None
		main-0.2cf* -- (10.163.95.96) -- [idle (since: 01:42:15)] active: 

[32mINFO    [0m integration.helpers_deployments:helpers_deployments.py:337 


01:43:19 -- Waiting for model...
[32mINFO    [0m integration.helpers_deployments:helpers_deployments.py:277 	App: main - Units - conditions unmet.
[32mINFO    [0m integration.helpers_deployments:helpers_deployments.py:278 
	app: main active -- message: None
		main-0.2cf* -- (10.163.95.96) -- [idle (since: 01:42:15)] active: 

[32mINFO    [0m integration.helpers_deployments:helpers_deployments.py:337 


01:43:31 -- Waiting for model...
[32mINFO    [0m integration.helpers_deployments:helpers_deployments.py:277 	App: failover - Units - conditions unmet.
[32mINFO    [0m integration.helpers_deployments:helpers_deployments.py:278 
	app: failover active -- message: None
		failover-2.941* -- (10.163.95.38) -- [idle (since: 01:42:26)] active: 
		failover-3.941  -- (10.163.95.59) -- [idle (since: 01:42:25)] active: 

[32mINFO    [0m integration.helpers_deployments:helpers_deployments.py:337 


01:43:44 -- Waiting for model...
[32mINFO    [0m integration.helpers_deployments:helpers_deployments.py:277 	App: opensearch - Units - conditions unmet.
[32mINFO    [0m integration.helpers_deployments:helpers_deployments.py:278 
	app: opensearch active -- message: None
		opensearch-0.c5a* -- (10.163.95.34) -- [idle (since: 01:42:33)] active: 

[32mINFO    [0m integration.helpers_deployments:helpers_deployments.py:337 


01:43:57 -- Waiting for model...
[32mINFO    [0m integration.helpers_deployments:helpers_deployments.py:348 01:44:00 -- Waiting for model: complete.
[32mINFO    [0m pytest_operator.plugin:plugin.py:862 Model status:

Model  Controller           Cloud/Region         Version  SLA          Timestamp
test   localhost-localhost  localhost/localhost  3.5.3    unsupported  01:44:01Z

App                       Version  Status   Scale  Charm                     Channel        Rev  Exposed  Message
failover                           active       2  opensearch                                 1  no       
grafana-agent                      blocked      4  grafana-agent             latest/edge    282  no       Missing ['grafana-cloud-config']|['grafana-dashboards-provider']|['logging-consumer']|['send-remote-write'] for cos-a...
main                               active       1  opensearch                                 0  no       
opensearch                         active       1  opensearch                                 2  no       
self-signed-certificates           active       1  self-signed-certificates  latest/stable  155  no       

Unit                         Workload  Agent  Machine  Public address  Ports     Message
failover/2*                  active    idle   3        10.163.95.38    9200/tcp  
  grafana-agent/0*           blocked   idle            10.163.95.38              Missing ['grafana-cloud-config']|['grafana-dashboards-provider']|['logging-consumer']|['send-remote-write'] for cos-a...
failover/3                   active    idle   4        10.163.95.59    9200/tcp  
  grafana-agent/1            blocked   idle            10.163.95.59              Missing ['grafana-cloud-config']|['grafana-dashboards-provider']|['logging-consumer']|['send-remote-write'] for cos-a...
main/0*                      active    idle   1        10.163.95.96    9200/tcp  
  grafana-agent/2            blocked   idle            10.163.95.96              Missing ['grafana-cloud-config']|['grafana-dashboards-provider']|['logging-consumer']|['send-remote-write'] for cos-a...
opensearch/0*                active    idle   2        10.163.95.34    9200/tcp  
  grafana-agent/3            blocked   idle            10.163.95.34              Missing ['grafana-cloud-config']|['grafana-dashboards-provider']|['logging-consumer']|['send-remote-write'] for cos-a...
self-signed-certificates/0*  active    idle   0        10.163.95.72              

Machine  State    Address       Inst id        Base          AZ  Message
0        started  10.163.95.72  juju-8eb026-0  ubuntu@22.04      Running
1        started  10.163.95.96  juju-8eb026-1  ubuntu@22.04      Running
2        started  10.163.95.34  juju-8eb026-2  ubuntu@22.04      Running
3        started  10.163.95.38  juju-8eb026-3  ubuntu@22.04      Running
4        started  10.163.95.59  juju-8eb026-4  ubuntu@22.04      Running

[32mINFO    [0m pytest_operator.plugin:plugin.py:868 Juju error logs:

machine-0: 01:33:29 ERROR juju.worker.dependency "lxd-container-provisioner" manifold worker returned unexpected error: container types not yet available
machine-0: 01:33:29 ERROR juju.worker.dependency "kvm-container-provisioner" manifold worker returned unexpected error: container types not yet available
unit-self-signed-certificates-0: 01:33:29 ERROR juju.worker.meterstatus error running "meter-status-changed": charm missing from disk
machine-1: 01:33:49 ERROR juju.worker.dependency "kvm-container-provisioner" manifold worker returned unexpected error: container types not yet available
machine-1: 01:33:49 ERROR juju.worker.dependency "lxd-container-provisioner" manifold worker returned unexpected error: container types not yet available
unit-main-0: 01:33:49 ERROR juju.worker.meterstatus error running "meter-status-changed": charm missing from disk
machine-2: 01:33:51 ERROR juju.worker.dependency "kvm-container-provisioner" manifold worker returned unexpected error: container types not yet available
machine-2: 01:33:51 ERROR juju.worker.dependency "lxd-container-provisioner" manifold worker returned unexpected error: container types not yet available
unit-opensearch-0: 01:33:51 ERROR juju.worker.meterstatus error running "meter-status-changed": charm missing from disk
machine-3: 01:33:51 ERROR juju.worker.dependency "kvm-container-provisioner" manifold worker returned unexpected error: container types not yet available
machine-3: 01:33:51 ERROR juju.worker.dependency "lxd-container-provisioner" manifold worker returned unexpected error: container types not yet available
unit-failover-2: 01:33:51 ERROR juju.worker.meterstatus error running "meter-status-changed": charm missing from disk
machine-4: 01:33:52 ERROR juju.worker.dependency "kvm-container-provisioner" manifold worker returned unexpected error: container types not yet available
machine-4: 01:33:52 ERROR juju.worker.dependency "lxd-container-provisioner" manifold worker returned unexpected error: container types not yet available
unit-failover-3: 01:33:52 ERROR juju.worker.meterstatus error running "meter-status-changed": charm missing from disk
unit-main-0: 01:35:14 ERROR unit.main/0.juju-log certificates:15: err:  / out: keytool error: java.lang.Exception: Keystore file does not exist: /var/snap/opensearch/current/etc/opensearch/certificates/ca.p12

unit-main-0: 01:35:19 ERROR unit.main/0.juju-log opensearch-peers:6: Cannot connect to the OpenSearch server...
unit-main-0: 01:35:20 ERROR unit.main/0.juju-log opensearch-peers:6: Cannot connect to the OpenSearch server...
unit-main-0: 01:35:20 ERROR unit.main/0.juju-log opensearch-peers:6: Cannot connect to the OpenSearch server...
unit-main-0: 01:35:23 ERROR unit.main/0.juju-log opensearch-peers:6: Cannot connect to the OpenSearch server...
unit-main-0: 01:35:26 ERROR unit.main/0.juju-log opensearch-peers:6: Cannot connect to the OpenSearch server...
unit-main-0: 01:35:29 ERROR unit.main/0.juju-log opensearch-peers:6: Cannot connect to the OpenSearch server...
unit-main-0: 01:35:32 ERROR unit.main/0.juju-log opensearch-peers:6: Cannot connect to the OpenSearch server...
unit-failover-3: 01:36:15 ERROR unit.failover/3.juju-log certificates:16: err:  / out: keytool error: java.lang.Exception: Keystore file does not exist: /var/snap/opensearch/current/etc/opensearch/certificates/ca.p12

unit-failover-2: 01:36:18 ERROR unit.failover/2.juju-log certificates:16: err:  / out: keytool error: java.lang.Exception: Keystore file does not exist: /var/snap/opensearch/current/etc/opensearch/certificates/ca.p12

unit-failover-3: 01:36:20 ERROR unit.failover/3.juju-log certificates:16: Cannot connect to the OpenSearch server...
unit-failover-3: 01:36:21 ERROR unit.failover/3.juju-log certificates:16: Cannot connect to the OpenSearch server...
unit-failover-2: 01:36:22 ERROR unit.failover/2.juju-log opensearch-peers:11: Cannot connect to the OpenSearch server...
unit-opensearch-0: 01:36:23 ERROR unit.opensearch/0.juju-log certificates:17: err:  / out: keytool error: java.lang.Exception: Keystore file does not exist: /var/snap/opensearch/current/etc/opensearch/certificates/ca.p12

unit-failover-2: 01:36:24 ERROR unit.failover/2.juju-log Cannot connect to the OpenSearch server...
unit-failover-2: 01:36:25 ERROR unit.failover/2.juju-log Cannot connect to the OpenSearch server...
unit-failover-2: 01:36:26 ERROR unit.failover/2.juju-log opensearch-peers:11: Cannot connect to the OpenSearch server...
unit-opensearch-0: 01:36:28 ERROR unit.opensearch/0.juju-log opensearch-peers:3: Cannot connect to the OpenSearch server...
unit-opensearch-0: 01:36:29 ERROR unit.opensearch/0.juju-log Cannot connect to the OpenSearch server...
unit-opensearch-0: 01:36:30 ERROR unit.opensearch/0.juju-log Cannot connect to the OpenSearch server...
unit-opensearch-0: 01:36:31 ERROR unit.opensearch/0.juju-log peer-cluster:14: Cannot connect to the OpenSearch server...
unit-opensearch-0: 01:36:34 ERROR unit.opensearch/0.juju-log opensearch-peers:3: Cannot connect to the OpenSearch server...
unit-opensearch-0: 01:36:35 ERROR unit.opensearch/0.juju-log opensearch-peers:3: Cannot connect to the OpenSearch server...
unit-failover-2: 01:36:41 ERROR unit.failover/2.juju-log opensearch-peers:11: Cannot connect to the OpenSearch server...
unit-failover-2: 01:36:42 ERROR unit.failover/2.juju-log opensearch-peers:11: Cannot connect to the OpenSearch server...
unit-opensearch-0: 01:37:05 ERROR unit.opensearch/0.juju-log peer-cluster:14: Cannot connect to the OpenSearch server...
unit-opensearch-0: 01:37:06 ERROR unit.opensearch/0.juju-log peer-cluster:14: Cannot connect to the OpenSearch server...
unit-grafana-agent-0: 01:39:55 ERROR juju.worker.dependency "uniter" manifold worker returned unexpected error: preparing operation "install ch:amd64/jammy/grafana-agent-282" for grafana-agent/0: failed to download charm "ch:amd64/jammy/grafana-agent-282" from API server: download request with archiveSha256 length 0 not valid
unit-grafana-agent-1: 01:39:55 ERROR juju.worker.dependency "uniter" manifold worker returned unexpected error: preparing operation "install ch:amd64/jammy/grafana-agent-282" for grafana-agent/1: failed to download charm "ch:amd64/jammy/grafana-agent-282" from API server: download request with archiveSha256 length 0 not valid
unit-grafana-agent-2: 01:39:55 ERROR juju.worker.dependency "uniter" manifold worker returned unexpected error: preparing operation "install ch:amd64/jammy/grafana-agent-282" for grafana-agent/2: failed to download charm "ch:amd64/jammy/grafana-agent-282" from API server: download request with archiveSha256 length 0 not valid
unit-grafana-agent-3: 01:39:55 ERROR juju.worker.dependency "uniter" manifold worker returned unexpected error: preparing operation "install ch:amd64/jammy/grafana-agent-282" for grafana-agent/3: failed to download charm "ch:amd64/jammy/grafana-agent-282" from API server: download request with archiveSha256 length 0 not valid
unit-grafana-agent-0: 01:39:55 ERROR juju.worker.meterstatus error running "meter-status-changed": charm missing from disk
unit-grafana-agent-1: 01:39:55 ERROR juju.worker.meterstatus error running "meter-status-changed": charm missing from disk
unit-grafana-agent-2: 01:39:55 ERROR juju.worker.meterstatus error running "meter-status-changed": charm missing from disk
unit-grafana-agent-3: 01:39:55 ERROR juju.worker.meterstatus error running "meter-status-changed": charm missing from disk

[32mINFO    [0m pytest_operator.plugin:plugin.py:947 Forgetting model main...