[32mINFO    [0m integration.tls.test_tls:test_tls.py:173 Removing application opensearch
[32mINFO    [0m integration.tls.test_tls:test_tls.py:176 Removing application self-signed-certificates
[32mINFO    [0m integration.tls.test_tls:test_tls.py:180 Deploying TLS Certificates operator
[32mINFO    [0m juju.model:model.py:2097 Deploying ch:amd64/jammy/self-signed-certificates-155
[32mINFO    [0m integration.helpers_deployments:helpers_deployments.py:329 



[32mINFO    [0m integration.helpers_deployments:helpers_deployments.py:330 Model  Controller           Cloud/Region         Version  SLA          Timestamp
test   localhost-localhost  localhost/localhost  3.5.3    unsupported  02:20:11Z

App                       Version  Status   Scale  Charm                     Channel        Rev  Exposed  Message
self-signed-certificates           waiting    0/1  self-signed-certificates  latest/stable  155  no       waiting for machine

Unit                        Workload  Agent       Machine  Public address  Ports  Message
self-signed-certificates/1  waiting   allocating  4                               waiting for machine

Machine  State    Address       Inst id        Base          AZ  Message
3        stopped  10.146.89.55  juju-a884bf-3  ubuntu@22.04      Running
4        pending                pending        ubuntu@22.04      

[32mINFO    [0m integration.helpers_deployments:helpers_deployments.py:337 


02:20:11 -- Waiting for model...
[32mINFO    [0m integration.helpers_deployments:helpers_deployments.py:261 	App: self-signed-certificates - conditions unmet.
[32mINFO    [0m integration.helpers_deployments:helpers_deployments.py:262 
[32mINFO    [0m integration.helpers_deployments:helpers_deployments.py:337 


02:20:21 -- Waiting for model...
[32mINFO    [0m integration.helpers_deployments:helpers_deployments.py:261 	App: self-signed-certificates - conditions unmet.
[32mINFO    [0m integration.helpers_deployments:helpers_deployments.py:262 
	app: self waiting -- message: waiting for machine
		self-signed-certificates-1.d4e  -- (10.146.89.154) -- [allocating (since: 02:20:11)] waiting: waiting for machine

[32mINFO    [0m integration.helpers_deployments:helpers_deployments.py:337 


02:21:35 -- Waiting for model...
[32mINFO    [0m integration.helpers_deployments:helpers_deployments.py:348 02:21:36 -- Waiting for model: complete.



[32mINFO    [0m integration.tls.test_tls:test_tls.py:189 Deploying OpenSearch
[32mINFO    [0m juju.model:model.py:2097 Deploying local:jammy/opensearch-1
[32mINFO    [0m integration.helpers_deployments:helpers_deployments.py:329 



[32mINFO    [0m integration.helpers_deployments:helpers_deployments.py:330 Model  Controller           Cloud/Region         Version  SLA          Timestamp
test   localhost-localhost  localhost/localhost  3.5.3    unsupported  02:21:46Z

App                       Version  Status   Scale  Charm                     Channel        Rev  Exposed  Message
opensearch                         waiting    0/1  opensearch                                 1  no       waiting for machine
self-signed-certificates           active       1  self-signed-certificates  latest/stable  155  no       

Unit                         Workload  Agent       Machine  Public address  Ports  Message
opensearch/3                 waiting   allocating  5                               waiting for machine
self-signed-certificates/1*  active    idle        4        10.146.89.154          

Machine  State    Address        Inst id        Base          AZ  Message
4        started  10.146.89.154  juju-a884bf-4  ubuntu@22.04      Running
5        pending                 pending        ubuntu@22.04      acquiring LXD image

[32mINFO    [0m integration.helpers_deployments:helpers_deployments.py:337 


02:21:46 -- Waiting for model...
[32mINFO    [0m integration.helpers_deployments:helpers_deployments.py:251 opensearch -- expected units: 1 -- current: 0
[32mINFO    [0m integration.helpers_deployments:helpers_deployments.py:337 


02:21:56 -- Waiting for model...
[32mINFO    [0m integration.helpers_deployments:helpers_deployments.py:277 	App: opensearch - Units - conditions unmet.
[32mINFO    [0m integration.helpers_deployments:helpers_deployments.py:278 
	app: opensearch waiting -- message: waiting for machine
		opensearch-3.982  -- (10.146.89.70) -- [allocating (since: 02:21:45)] waiting: waiting for machine

[32mINFO    [0m integration.helpers_deployments:helpers_deployments.py:337 


02:24:10 -- Waiting for model...
[32mINFO    [0m integration.helpers_deployments:helpers_deployments.py:277 	App: opensearch - Units - conditions unmet.
[32mINFO    [0m integration.helpers_deployments:helpers_deployments.py:278 
	app: opensearch active -- message: None
		opensearch-3.982* -- (10.146.89.70) -- [executing (since: 02:24:09)] active: 

[32mINFO    [0m integration.helpers_deployments:helpers_deployments.py:337 


02:24:20 -- Waiting for model...
[32mINFO    [0m integration.helpers_deployments:helpers_deployments.py:277 	App: opensearch - Units - conditions unmet.
[32mINFO    [0m integration.helpers_deployments:helpers_deployments.py:278 
	app: opensearch blocked -- message: Missing TLS relation with this cluster.
		opensearch-3.982* -- (10.146.89.70) -- [idle (since: 02:24:13)] blocked: Missing TLS relation with this cluster.

[32mINFO    [0m integration.helpers_deployments:helpers_deployments.py:337 


02:24:31 -- Waiting for model...
[32mINFO    [0m integration.helpers_deployments:helpers_deployments.py:277 	App: opensearch - Units - conditions unmet.
[32mINFO    [0m integration.helpers_deployments:helpers_deployments.py:278 
	app: opensearch blocked -- message: Missing TLS relation with this cluster.
		opensearch-3.982* -- (10.146.89.70) -- [idle (since: 02:24:13)] blocked: Missing TLS relation with this cluster.

[32mINFO    [0m integration.helpers_deployments:helpers_deployments.py:337 


02:24:41 -- Waiting for model...
[32mINFO    [0m integration.helpers_deployments:helpers_deployments.py:277 	App: opensearch - Units - conditions unmet.
[32mINFO    [0m integration.helpers_deployments:helpers_deployments.py:278 
	app: opensearch blocked -- message: Missing TLS relation with this cluster.
		opensearch-3.982* -- (10.146.89.70) -- [idle (since: 02:24:13)] blocked: Missing TLS relation with this cluster.

[32mINFO    [0m integration.helpers_deployments:helpers_deployments.py:337 


02:24:52 -- Waiting for model...
[32mINFO    [0m integration.helpers_deployments:helpers_deployments.py:348 02:24:53 -- Waiting for model: complete.



[32mINFO    [0m integration.tls.test_tls:test_tls.py:204 Changing the expiry time of the secret carrying the certificate to 3 minutes
[32mINFO    [0m integration.tls.test_tls:test_tls.py:210 Running command: juju ssh opensearch/3 sudo sed -i 's/expire=self._get_next_secret_expiry_time\(certificate\)/expire=timedelta\(seconds=180\)/g' /var/lib/juju/agents/unit-opensearch-3/charm/lib/charms/tls_certificates_interface/v3/tls_certificates.py
[32mINFO    [0m integration.tls.test_tls:test_tls.py:214 Integrating OpenSearch with TLS Certificates operator
[32mINFO    [0m integration.helpers_deployments:helpers_deployments.py:329 



[32mINFO    [0m integration.helpers_deployments:helpers_deployments.py:330 Model  Controller           Cloud/Region         Version  SLA          Timestamp
test   localhost-localhost  localhost/localhost  3.5.3    unsupported  02:24:53Z

App                       Version  Status   Scale  Charm                     Channel        Rev  Exposed  Message
opensearch                         blocked      1  opensearch                                 1  no       Missing TLS relation with this cluster.
self-signed-certificates           active       1  self-signed-certificates  latest/stable  155  no       

Unit                         Workload  Agent      Machine  Public address  Ports  Message
opensearch/3*                blocked   executing  5        10.146.89.70           Missing TLS relation with this cluster.
self-signed-certificates/1*  active    executing  4        10.146.89.154          

Machine  State    Address        Inst id        Base          AZ  Message
4        started  10.146.89.154  juju-a884bf-4  ubuntu@22.04      Running
5        started  10.146.89.70   juju-a884bf-5  ubuntu@22.04      Running

[32mINFO    [0m integration.helpers_deployments:helpers_deployments.py:337 


02:24:53 -- Waiting for model...
[32mINFO    [0m integration.helpers_deployments:helpers_deployments.py:277 	App: opensearch - Units - conditions unmet.
[32mINFO    [0m integration.helpers_deployments:helpers_deployments.py:278 
	app: opensearch blocked -- message: Missing TLS relation with this cluster.
		opensearch-3.982* -- (10.146.89.70) -- [executing (since: 02:24:53)] blocked: Missing TLS relation with this cluster.

[32mINFO    [0m integration.helpers_deployments:helpers_deployments.py:337 


02:25:04 -- Waiting for model...
[32mINFO    [0m integration.helpers_deployments:helpers_deployments.py:277 	App: opensearch - Units - conditions unmet.
[32mINFO    [0m integration.helpers_deployments:helpers_deployments.py:278 
	app: opensearch waiting -- message: Waiting for OpenSearch to start...
		opensearch-3.982* -- (10.146.89.70) -- [executing (since: 02:25:03)] waiting: Waiting for OpenSearch to start...

[32mINFO    [0m integration.helpers_deployments:helpers_deployments.py:337 


02:25:15 -- Waiting for model...
[32mINFO    [0m integration.helpers_deployments:helpers_deployments.py:277 	App: opensearch - Units - conditions unmet.
[32mINFO    [0m integration.helpers_deployments:helpers_deployments.py:278 
	app: opensearch waiting -- message: Waiting for OpenSearch to start...
		opensearch-3.982* -- (10.146.89.70) -- [executing (since: 02:25:03)] waiting: Waiting for OpenSearch to start...

[32mINFO    [0m integration.helpers_deployments:helpers_deployments.py:337 


02:25:26 -- Waiting for model...
[32mINFO    [0m integration.helpers_deployments:helpers_deployments.py:277 	App: opensearch - Units - conditions unmet.
[32mINFO    [0m integration.helpers_deployments:helpers_deployments.py:278 
	app: opensearch active -- message: None
		opensearch-3.982* -- (10.146.89.70) -- [executing (since: 02:25:25)] active: 

[32mINFO    [0m integration.helpers_deployments:helpers_deployments.py:337 


02:25:36 -- Waiting for model...
[32mINFO    [0m integration.helpers_deployments:helpers_deployments.py:277 	App: opensearch - Units - conditions unmet.
[32mINFO    [0m integration.helpers_deployments:helpers_deployments.py:278 
	app: opensearch active -- message: None
		opensearch-3.982* -- (10.146.89.70) -- [idle (since: 02:25:28)] active: 

[32mINFO    [0m integration.helpers_deployments:helpers_deployments.py:337 


02:25:47 -- Waiting for model...
[32mINFO    [0m integration.helpers_deployments:helpers_deployments.py:277 	App: opensearch - Units - conditions unmet.
[32mINFO    [0m integration.helpers_deployments:helpers_deployments.py:278 
	app: opensearch active -- message: None
		opensearch-3.982* -- (10.146.89.70) -- [idle (since: 02:25:28)] active: 

[32mINFO    [0m integration.helpers_deployments:helpers_deployments.py:337 


02:25:57 -- Waiting for model...
[32mINFO    [0m integration.helpers_deployments:helpers_deployments.py:348 02:25:58 -- Waiting for model: complete.



[32mINFO    [0m integration.tls.test_tls:test_tls.py:225 Test cluster health
[32mINFO    [0m integration.helpers:helpers.py:367 Calling: GET -- https://10.146.89.70:9200/_cluster/health?wait_for_status=green&timeout=1m
[32mINFO    [0m integration.tls.test_tls:test_tls.py:237 Waiting for certificates to expire. Wait time: 4.0 minutes.
[32mINFO    [0m integration.tls.test_tls:test_tls.py:242 Test cluster health after certificate expiry
[32mINFO    [0m integration.helpers:helpers.py:367 Calling: GET -- https://10.146.89.70:9200/_cluster/health?wait_for_status=green&timeout=1m
[32mINFO    [0m integration.tls.test_tls:test_tls.py:248 Comparing certificates before and after expiry
[32mINFO    [0m integration.tls.test_tls:test_tls.py:249 Certs: {'http_certificates_list': [{'issuer_dn': 'CN=CN_CA,C=US', 'subject_dn': 'O=opensearch-thn3,CN=10.146.89.70', 'san': '[[2, juju-a884bf-5], [2, juju-a884bf-5.lxd], [2, opensearch-3.982], [7, 10.146.89.70], [8, 1.2.3.4.5.5]]', 'not_before': '2024-09-26T02:24:56Z', 'not_after': '2024-09-27T02:24:56Z'}], 'transport_certificates_list': [{'issuer_dn': 'CN=CN_CA,C=US', 'subject_dn': 'O=opensearch-thn3,CN=10.146.89.70', 'san': '[[2, juju-a884bf-5], [2, juju-a884bf-5.lxd], [2, opensearch-3.982], [7, 10.146.89.70], [8, 1.2.3.4.5.5]]', 'not_before': '2024-09-26T02:24:56Z', 'not_after': '2024-09-27T02:24:56Z'}]}, {'http_certificates_list': [{'issuer_dn': 'CN=CN_CA,C=US', 'subject_dn': 'O=opensearch-thn3,CN=10.146.89.70', 'san': '[[2, juju-a884bf-5], [2, juju-a884bf-5.lxd], [2, opensearch-3.982], [7, 10.146.89.70], [8, 1.2.3.4.5.5]]', 'not_before': '2024-09-26T02:28:20Z', 'not_after': '2024-09-27T02:28:20Z'}], 'transport_certificates_list': [{'issuer_dn': 'CN=CN_CA,C=US', 'subject_dn': 'O=opensearch-thn3,CN=10.146.89.70', 'san': '[[2, juju-a884bf-5], [2, juju-a884bf-5.lxd], [2, opensearch-3.982], [7, 10.146.89.70], [8, 1.2.3.4.5.5]]', 'not_before': '2024-09-26T02:28:19Z', 'not_after': '2024-09-27T02:28:19Z'}]}
[32mINFO    [0m pytest_operator.plugin:plugin.py:862 Model status:

Model  Controller           Cloud/Region         Version  SLA          Timestamp
test   localhost-localhost  localhost/localhost  3.5.3    unsupported  02:30:05Z

App                       Version  Status  Scale  Charm                     Channel        Rev  Exposed  Message
opensearch                         active      1  opensearch                                 1  no       
self-signed-certificates           active      1  self-signed-certificates  latest/stable  155  no       

Unit                         Workload  Agent  Machine  Public address  Ports     Message
opensearch/3*                active    idle   5        10.146.89.70    9200/tcp  
self-signed-certificates/1*  active    idle   4        10.146.89.154             

Machine  State    Address        Inst id        Base          AZ  Message
4        started  10.146.89.154  juju-a884bf-4  ubuntu@22.04      Running
5        started  10.146.89.70   juju-a884bf-5  ubuntu@22.04      Running

[32mINFO    [0m pytest_operator.plugin:plugin.py:868 Juju error logs:

machine-1: 02:15:37 ERROR juju.worker.dependency "kvm-container-provisioner" manifold worker returned unexpected error: container types not yet available
machine-1: 02:15:37 ERROR juju.worker.dependency "lxd-container-provisioner" manifold worker returned unexpected error: container types not yet available
unit-opensearch-1: 02:15:37 ERROR juju.worker.meterstatus error running "meter-status-changed": charm missing from disk
machine-2: 02:15:38 ERROR juju.worker.dependency "lxd-container-provisioner" manifold worker returned unexpected error: container types not yet available
machine-2: 02:15:38 ERROR juju.worker.dependency "kvm-container-provisioner" manifold worker returned unexpected error: container types not yet available
unit-opensearch-2: 02:15:38 ERROR juju.worker.meterstatus error running "meter-status-changed": charm missing from disk
machine-3: 02:15:40 ERROR juju.worker.dependency "lxd-container-provisioner" manifold worker returned unexpected error: container types not yet available
machine-3: 02:15:40 ERROR juju.worker.dependency "kvm-container-provisioner" manifold worker returned unexpected error: container types not yet available
unit-self-signed-certificates-0: 02:15:40 ERROR juju.worker.meterstatus error running "meter-status-changed": charm missing from disk
machine-0: 02:15:40 ERROR juju.worker.dependency "lxd-container-provisioner" manifold worker returned unexpected error: container types not yet available
machine-0: 02:15:40 ERROR juju.worker.dependency "kvm-container-provisioner" manifold worker returned unexpected error: container types not yet available
unit-opensearch-0: 02:15:40 ERROR juju.worker.meterstatus error running "meter-status-changed": charm missing from disk
unit-opensearch-1: 02:16:44 ERROR unit.opensearch/1.juju-log certificates:3: err:  / out: keytool error: java.lang.Exception: Keystore file does not exist: /var/snap/opensearch/current/etc/opensearch/certificates/ca.p12

unit-opensearch-1: 02:16:49 ERROR unit.opensearch/1.juju-log certificates:3: Cannot connect to the OpenSearch server...
unit-opensearch-1: 02:16:50 ERROR unit.opensearch/1.juju-log Cannot connect to the OpenSearch server...
unit-opensearch-1: 02:16:51 ERROR unit.opensearch/1.juju-log Cannot connect to the OpenSearch server...
unit-opensearch-1: 02:16:51 ERROR unit.opensearch/1.juju-log Cannot connect to the OpenSearch server...
unit-opensearch-1: 02:16:54 ERROR unit.opensearch/1.juju-log Cannot connect to the OpenSearch server...
unit-opensearch-1: 02:16:57 ERROR unit.opensearch/1.juju-log Cannot connect to the OpenSearch server...
unit-opensearch-1: 02:17:00 ERROR unit.opensearch/1.juju-log Cannot connect to the OpenSearch server...
unit-opensearch-2: 02:17:05 ERROR unit.opensearch/2.juju-log certificates:3: err:  / out: keytool error: java.lang.Exception: Keystore file does not exist: /var/snap/opensearch/current/etc/opensearch/certificates/ca.p12

unit-opensearch-0: 02:17:09 ERROR unit.opensearch/0.juju-log certificates:3: err:  / out: keytool error: java.lang.Exception: Keystore file does not exist: /var/snap/opensearch/current/etc/opensearch/certificates/ca.p12

unit-opensearch-2: 02:17:09 ERROR unit.opensearch/2.juju-log node-lock-fallback:0: Cannot connect to the OpenSearch server...
unit-opensearch-2: 02:17:10 ERROR unit.opensearch/2.juju-log Cannot connect to the OpenSearch server...
unit-opensearch-2: 02:17:11 ERROR unit.opensearch/2.juju-log Cannot connect to the OpenSearch server...
unit-opensearch-2: 02:17:12 ERROR unit.opensearch/2.juju-log certificates:3: Cannot connect to the OpenSearch server...
unit-opensearch-0: 02:17:13 ERROR unit.opensearch/0.juju-log upgrade-version-a:1: Cannot connect to the OpenSearch server...
unit-opensearch-2: 02:17:13 ERROR unit.opensearch/2.juju-log Cannot connect to the OpenSearch server...
unit-opensearch-0: 02:17:14 ERROR unit.opensearch/0.juju-log Cannot connect to the OpenSearch server...
unit-opensearch-2: 02:17:14 ERROR unit.opensearch/2.juju-log Cannot connect to the OpenSearch server...
unit-opensearch-0: 02:17:15 ERROR unit.opensearch/0.juju-log Cannot connect to the OpenSearch server...
unit-opensearch-2: 02:17:15 ERROR unit.opensearch/2.juju-log Cannot connect to the OpenSearch server...
unit-opensearch-0: 02:17:15 ERROR unit.opensearch/0.juju-log Cannot connect to the OpenSearch server...
unit-opensearch-2: 02:17:16 ERROR unit.opensearch/2.juju-log Cannot connect to the OpenSearch server...
unit-opensearch-0: 02:17:16 ERROR unit.opensearch/0.juju-log node-lock-fallback:0: Cannot connect to the OpenSearch server...
unit-opensearch-2: 02:17:17 ERROR unit.opensearch/2.juju-log Cannot connect to the OpenSearch server...
unit-opensearch-0: 02:17:17 ERROR unit.opensearch/0.juju-log upgrade-version-a:1: Cannot connect to the OpenSearch server...
unit-opensearch-2: 02:17:18 ERROR unit.opensearch/2.juju-log upgrade-version-a:1: Cannot connect to the OpenSearch server...
unit-opensearch-0: 02:17:18 ERROR unit.opensearch/0.juju-log node-lock-fallback:0: Cannot connect to the OpenSearch server...
unit-opensearch-2: 02:17:18 ERROR unit.opensearch/2.juju-log node-lock-fallback:0: Cannot connect to the OpenSearch server...
unit-opensearch-0: 02:17:19 ERROR unit.opensearch/0.juju-log node-lock-fallback:0: Cannot connect to the OpenSearch server...
unit-opensearch-2: 02:17:19 ERROR unit.opensearch/2.juju-log certificates:3: Cannot connect to the OpenSearch server...
unit-opensearch-0: 02:17:20 ERROR unit.opensearch/0.juju-log certificates:3: Cannot connect to the OpenSearch server...
unit-opensearch-2: 02:17:20 ERROR unit.opensearch/2.juju-log certificates:3: Cannot connect to the OpenSearch server...
unit-opensearch-0: 02:17:21 ERROR unit.opensearch/0.juju-log node-lock-fallback:0: Cannot connect to the OpenSearch server...
unit-opensearch-0: 02:17:22 ERROR unit.opensearch/0.juju-log node-lock-fallback:0: Cannot connect to the OpenSearch server...
unit-opensearch-2: 02:17:22 ERROR unit.opensearch/2.juju-log Cannot connect to the OpenSearch server...
unit-opensearch-0: 02:17:22 ERROR unit.opensearch/0.juju-log certificates:3: Cannot connect to the OpenSearch server...
unit-opensearch-2: 02:17:23 ERROR unit.opensearch/2.juju-log Cannot connect to the OpenSearch server...
unit-opensearch-2: 02:17:24 ERROR unit.opensearch/2.juju-log node-lock-fallback:0: Cannot connect to the OpenSearch server...
unit-opensearch-0: 02:17:24 ERROR unit.opensearch/0.juju-log Cannot connect to the OpenSearch server...
unit-opensearch-2: 02:17:24 ERROR unit.opensearch/2.juju-log node-lock-fallback:0: Cannot connect to the OpenSearch server...
unit-opensearch-0: 02:17:25 ERROR unit.opensearch/0.juju-log Cannot connect to the OpenSearch server...
unit-opensearch-2: 02:17:25 ERROR unit.opensearch/2.juju-log Cannot connect to the OpenSearch server...
unit-opensearch-0: 02:17:26 ERROR unit.opensearch/0.juju-log node-lock-fallback:0: Cannot connect to the OpenSearch server...
unit-opensearch-2: 02:17:26 ERROR unit.opensearch/2.juju-log Cannot connect to the OpenSearch server...
unit-opensearch-0: 02:17:27 ERROR unit.opensearch/0.juju-log Cannot connect to the OpenSearch server...
unit-opensearch-2: 02:17:27 ERROR unit.opensearch/2.juju-log opensearch-peers:2: Cannot connect to the OpenSearch server...
unit-opensearch-0: 02:17:27 ERROR unit.opensearch/0.juju-log Cannot connect to the OpenSearch server...
unit-opensearch-2: 02:17:27 ERROR unit.opensearch/2.juju-log node-lock-fallback:0: Cannot connect to the OpenSearch server...
unit-opensearch-0: 02:17:28 ERROR unit.opensearch/0.juju-log Cannot connect to the OpenSearch server...
unit-opensearch-2: 02:17:28 ERROR unit.opensearch/2.juju-log Cannot connect to the OpenSearch server...
unit-opensearch-0: 02:17:29 ERROR unit.opensearch/0.juju-log node-lock-fallback:0: Cannot connect to the OpenSearch server...
unit-opensearch-2: 02:17:29 ERROR unit.opensearch/2.juju-log node-lock-fallback:0: Cannot connect to the OpenSearch server...
unit-opensearch-0: 02:17:30 ERROR unit.opensearch/0.juju-log opensearch-peers:2: Cannot connect to the OpenSearch server...
unit-opensearch-2: 02:17:30 ERROR unit.opensearch/2.juju-log node-lock-fallback:0: Cannot connect to the OpenSearch server...
unit-opensearch-0: 02:17:30 ERROR unit.opensearch/0.juju-log opensearch-peers:2: Cannot connect to the OpenSearch server...
unit-opensearch-2: 02:17:31 ERROR unit.opensearch/2.juju-log upgrade-version-a:1: Cannot connect to the OpenSearch server...
unit-opensearch-2: 02:17:31 ERROR unit.opensearch/2.juju-log upgrade-version-a:1: Cannot connect to the OpenSearch server...
unit-opensearch-0: 02:17:32 ERROR unit.opensearch/0.juju-log opensearch-peers:2: Cannot connect to the OpenSearch server...
unit-opensearch-2: 02:17:32 ERROR unit.opensearch/2.juju-log opensearch-peers:2: Cannot connect to the OpenSearch server...
unit-opensearch-2: 02:17:33 ERROR unit.opensearch/2.juju-log opensearch-peers:2: Cannot connect to the OpenSearch server...
unit-opensearch-2: 02:17:34 ERROR unit.opensearch/2.juju-log upgrade-version-a:1: Cannot connect to the OpenSearch server...
unit-opensearch-2: 02:17:35 ERROR unit.opensearch/2.juju-log node-lock-fallback:0: Cannot connect to the OpenSearch server...
unit-opensearch-2: 02:17:36 ERROR unit.opensearch/2.juju-log opensearch-peers:2: Cannot connect to the OpenSearch server...
unit-opensearch-2: 02:17:37 ERROR unit.opensearch/2.juju-log node-lock-fallback:0: Cannot connect to the OpenSearch server...
unit-opensearch-2: 02:17:38 ERROR unit.opensearch/2.juju-log opensearch-peers:2: Cannot connect to the OpenSearch server...
unit-opensearch-2: 02:17:39 ERROR unit.opensearch/2.juju-log upgrade-version-a:1: Cannot connect to the OpenSearch server...
unit-opensearch-2: 02:17:48 ERROR unit.opensearch/2.juju-log node-lock-fallback:0: Cannot connect to the OpenSearch server...
unit-opensearch-2: 02:17:50 ERROR unit.opensearch/2.juju-log node-lock-fallback:0: Cannot connect to the OpenSearch server...
unit-opensearch-1: 02:19:04 ERROR unit.opensearch/1.juju-log certificates:3: err:  / out: keytool error: java.lang.Exception: Alias <old-ca> does not exist

unit-opensearch-0: 02:19:32 ERROR unit.opensearch/0.juju-log certificates:3: err:  / out: keytool error: java.lang.Exception: Alias <old-ca> does not exist

unit-opensearch-1: 02:19:51 ERROR unit.opensearch/1.juju-log Cannot connect to the OpenSearch server...
unit-opensearch-2: 02:19:52 ERROR unit.opensearch/2.juju-log Cannot connect to the OpenSearch server...
unit-opensearch-0: 02:19:58 ERROR unit.opensearch/0.juju-log Cannot connect to the OpenSearch server...
unit-opensearch-2: 02:19:59 ERROR unit.opensearch/2.juju-log Failed to delete voting exclusion: opensearch-2.982.
unit-opensearch-2: 02:19:59 ERROR unit.opensearch/2.juju-log Failed to delete shard allocation exclusion: opensearch-2.982.
unit-opensearch-0: 02:20:00 ERROR unit.opensearch/0.juju-log certificates:3: Error reading secret: 'NoneType' object has no attribute 'get'
unit-opensearch-1: 02:20:03 ERROR unit.opensearch/1.juju-log certificates:3: Error reading secret: 'NoneType' object has no attribute 'get'
unit-opensearch-2: 02:20:04 ERROR unit.opensearch/2.juju-log certificates:3: Error reading secret: 'NoneType' object has no attribute 'get'
machine-4: 02:21:20 ERROR juju.worker.dependency "kvm-container-provisioner" manifold worker returned unexpected error: container types not yet available
machine-4: 02:21:20 ERROR juju.worker.dependency "lxd-container-provisioner" manifold worker returned unexpected error: container types not yet available
unit-self-signed-certificates-1: 02:21:20 ERROR juju.worker.meterstatus error running "meter-status-changed": charm missing from disk
machine-5: 02:23:00 ERROR juju.worker.dependency "lxd-container-provisioner" manifold worker returned unexpected error: container types not yet available
machine-5: 02:23:00 ERROR juju.worker.dependency "kvm-container-provisioner" manifold worker returned unexpected error: container types not yet available
unit-opensearch-3: 02:23:00 ERROR juju.worker.meterstatus error running "meter-status-changed": charm missing from disk
unit-opensearch-3: 02:24:58 ERROR unit.opensearch/3.juju-log certificates:7: err:  / out: keytool error: java.lang.Exception: Keystore file does not exist: /var/snap/opensearch/current/etc/opensearch/certificates/ca.p12

unit-opensearch-3: 02:25:03 ERROR unit.opensearch/3.juju-log certificates:7: Cannot connect to the OpenSearch server...
unit-opensearch-3: 02:25:04 ERROR unit.opensearch/3.juju-log certificates:7: Cannot connect to the OpenSearch server...
unit-opensearch-3: 02:25:04 ERROR unit.opensearch/3.juju-log certificates:7: Cannot connect to the OpenSearch server...
unit-opensearch-3: 02:25:07 ERROR unit.opensearch/3.juju-log certificates:7: Cannot connect to the OpenSearch server...
unit-opensearch-3: 02:25:10 ERROR unit.opensearch/3.juju-log certificates:7: Cannot connect to the OpenSearch server...
unit-opensearch-3: 02:25:13 ERROR unit.opensearch/3.juju-log certificates:7: Cannot connect to the OpenSearch server...
unit-opensearch-3: 02:28:23 ERROR unit.opensearch/3.juju-log certificates:7: err:  / out: keytool error: java.lang.Exception: Alias <old-ca> does not exist

unit-opensearch-3: 02:28:24 ERROR unit.opensearch/3.juju-log certificates:7: err:  / out: keytool error: java.lang.Exception: Alias <old-ca> does not exist


[32mINFO    [0m pytest_operator.plugin:plugin.py:947 Forgetting model main...