[32mINFO    [0m integration.tls.test_tls:test_tls.py:173 Removing application opensearch
[32mINFO    [0m integration.tls.test_tls:test_tls.py:176 Removing application self-signed-certificates
[32mINFO    [0m integration.tls.test_tls:test_tls.py:180 Deploying TLS Certificates operator
[32mINFO    [0m juju.model:model.py:2097 Deploying ch:amd64/jammy/self-signed-certificates-155
[32mINFO    [0m integration.helpers_deployments:helpers_deployments.py:329 



[32mINFO    [0m integration.helpers_deployments:helpers_deployments.py:330 Model  Controller           Cloud/Region         Version  SLA          Timestamp
test   localhost-localhost  localhost/localhost  3.5.3    unsupported  02:51:35Z

App                       Version  Status   Scale  Charm                     Channel        Rev  Exposed  Message
self-signed-certificates           waiting    0/1  self-signed-certificates  latest/stable  155  no       waiting for machine

Unit                        Workload  Agent       Machine  Public address  Ports  Message
self-signed-certificates/1  waiting   allocating  4                               waiting for machine

Machine  State    Address       Inst id        Base          AZ  Message
3        stopped  10.197.225.6  juju-dc71af-3  ubuntu@22.04      Running
4        pending                pending        ubuntu@22.04      

[32mINFO    [0m integration.helpers_deployments:helpers_deployments.py:337 


02:51:35 -- Waiting for model...
[32mINFO    [0m integration.helpers_deployments:helpers_deployments.py:261 	App: self-signed-certificates - conditions unmet.
[32mINFO    [0m integration.helpers_deployments:helpers_deployments.py:262 
[32mINFO    [0m integration.helpers_deployments:helpers_deployments.py:337 


02:51:45 -- Waiting for model...
[32mINFO    [0m integration.helpers_deployments:helpers_deployments.py:348 02:53:50 -- Waiting for model: complete.



[32mINFO    [0m integration.tls.test_tls:test_tls.py:189 Deploying OpenSearch
[32mINFO    [0m juju.model:model.py:2097 Deploying local:jammy/opensearch-1
[32mINFO    [0m integration.helpers_deployments:helpers_deployments.py:329 



[32mINFO    [0m integration.helpers_deployments:helpers_deployments.py:330 Model  Controller           Cloud/Region         Version  SLA          Timestamp
test   localhost-localhost  localhost/localhost  3.5.3    unsupported  02:53:59Z

App                       Version  Status   Scale  Charm                     Channel        Rev  Exposed  Message
opensearch                         waiting    0/1  opensearch                                 1  no       waiting for machine
self-signed-certificates           active       1  self-signed-certificates  latest/stable  155  no       

Unit                         Workload  Agent       Machine  Public address  Ports  Message
opensearch/3                 waiting   allocating  5                               waiting for machine
self-signed-certificates/1*  active    idle        4        10.197.225.65          

Machine  State    Address        Inst id        Base          AZ  Message
4        started  10.197.225.65  juju-dc71af-4  ubuntu@22.04      Running
5        pending                 pending        ubuntu@22.04      

[32mINFO    [0m integration.helpers_deployments:helpers_deployments.py:337 


02:53:59 -- Waiting for model...
[32mINFO    [0m integration.helpers_deployments:helpers_deployments.py:251 opensearch -- expected units: 1 -- current: 0
[32mINFO    [0m integration.helpers_deployments:helpers_deployments.py:337 


02:54:09 -- Waiting for model...
[32mINFO    [0m integration.helpers_deployments:helpers_deployments.py:277 	App: opensearch - Units - conditions unmet.
[32mINFO    [0m integration.helpers_deployments:helpers_deployments.py:278 
	app: opensearch waiting -- message: waiting for machine
		opensearch-3.657  -- (10.197.225.4) -- [allocating (since: 02:53:59)] waiting: waiting for machine

[32mINFO    [0m integration.helpers_deployments:helpers_deployments.py:337 


02:55:24 -- Waiting for model...
[32mINFO    [0m integration.helpers_deployments:helpers_deployments.py:277 	App: opensearch - Units - conditions unmet.
[32mINFO    [0m integration.helpers_deployments:helpers_deployments.py:278 
	app: opensearch maintenance -- message: Installing OpenSearch...
		opensearch-3.657* -- (10.197.225.4) -- [executing (since: 02:55:21)] maintenance: Installing OpenSearch...

[32mINFO    [0m integration.helpers_deployments:helpers_deployments.py:337 


02:55:35 -- Waiting for model...
[32mINFO    [0m integration.helpers_deployments:helpers_deployments.py:277 	App: opensearch - Units - conditions unmet.
[32mINFO    [0m integration.helpers_deployments:helpers_deployments.py:278 
	app: opensearch maintenance -- message: Installing OpenSearch...
		opensearch-3.657* -- (10.197.225.4) -- [executing (since: 02:55:21)] maintenance: Installing OpenSearch...

[32mINFO    [0m integration.helpers_deployments:helpers_deployments.py:337 


02:55:45 -- Waiting for model...
[32mINFO    [0m integration.helpers_deployments:helpers_deployments.py:277 	App: opensearch - Units - conditions unmet.
[32mINFO    [0m integration.helpers_deployments:helpers_deployments.py:278 
	app: opensearch maintenance -- message: Installing OpenSearch...
		opensearch-3.657* -- (10.197.225.4) -- [executing (since: 02:55:21)] maintenance: Installing OpenSearch...

[32mINFO    [0m integration.helpers_deployments:helpers_deployments.py:337 


02:55:56 -- Waiting for model...
[32mINFO    [0m integration.helpers_deployments:helpers_deployments.py:277 	App: opensearch - Units - conditions unmet.
[32mINFO    [0m integration.helpers_deployments:helpers_deployments.py:278 
	app: opensearch maintenance -- message: Installing OpenSearch...
		opensearch-3.657* -- (10.197.225.4) -- [executing (since: 02:55:21)] maintenance: Installing OpenSearch...

[32mINFO    [0m integration.helpers_deployments:helpers_deployments.py:337 


02:56:07 -- Waiting for model...
[32mINFO    [0m integration.helpers_deployments:helpers_deployments.py:277 	App: opensearch - Units - conditions unmet.
[32mINFO    [0m integration.helpers_deployments:helpers_deployments.py:278 
	app: opensearch maintenance -- message: Installing OpenSearch...
		opensearch-3.657* -- (10.197.225.4) -- [executing (since: 02:55:21)] maintenance: Installing OpenSearch...

[32mINFO    [0m integration.helpers_deployments:helpers_deployments.py:337 


02:56:17 -- Waiting for model...
[32mINFO    [0m integration.helpers_deployments:helpers_deployments.py:277 	App: opensearch - Units - conditions unmet.
[32mINFO    [0m integration.helpers_deployments:helpers_deployments.py:278 
	app: opensearch maintenance -- message: Installing OpenSearch...
		opensearch-3.657* -- (10.197.225.4) -- [executing (since: 02:55:21)] maintenance: Installing OpenSearch...

[32mINFO    [0m integration.helpers_deployments:helpers_deployments.py:337 


02:56:28 -- Waiting for model...
[32mINFO    [0m integration.helpers_deployments:helpers_deployments.py:277 	App: opensearch - Units - conditions unmet.
[32mINFO    [0m integration.helpers_deployments:helpers_deployments.py:278 
	app: opensearch active -- message: None
		opensearch-3.657* -- (10.197.225.4) -- [executing (since: 02:56:28)] active: 

[32mINFO    [0m integration.helpers_deployments:helpers_deployments.py:337 


02:56:39 -- Waiting for model...
[32mINFO    [0m integration.helpers_deployments:helpers_deployments.py:277 	App: opensearch - Units - conditions unmet.
[32mINFO    [0m integration.helpers_deployments:helpers_deployments.py:278 
	app: opensearch blocked -- message: Missing TLS relation with this cluster.
		opensearch-3.657* -- (10.197.225.4) -- [idle (since: 02:56:32)] blocked: Missing TLS relation with this cluster.

[32mINFO    [0m integration.helpers_deployments:helpers_deployments.py:337 


02:56:49 -- Waiting for model...
[32mINFO    [0m integration.helpers_deployments:helpers_deployments.py:277 	App: opensearch - Units - conditions unmet.
[32mINFO    [0m integration.helpers_deployments:helpers_deployments.py:278 
	app: opensearch blocked -- message: Missing TLS relation with this cluster.
		opensearch-3.657* -- (10.197.225.4) -- [idle (since: 02:56:32)] blocked: Missing TLS relation with this cluster.

[32mINFO    [0m integration.helpers_deployments:helpers_deployments.py:337 


02:57:00 -- Waiting for model...
[32mINFO    [0m integration.helpers_deployments:helpers_deployments.py:277 	App: opensearch - Units - conditions unmet.
[32mINFO    [0m integration.helpers_deployments:helpers_deployments.py:278 
	app: opensearch blocked -- message: Missing TLS relation with this cluster.
		opensearch-3.657* -- (10.197.225.4) -- [idle (since: 02:56:32)] blocked: Missing TLS relation with this cluster.

[32mINFO    [0m integration.helpers_deployments:helpers_deployments.py:337 


02:57:11 -- Waiting for model...
[32mINFO    [0m integration.helpers_deployments:helpers_deployments.py:348 02:57:11 -- Waiting for model: complete.



[32mINFO    [0m integration.tls.test_tls:test_tls.py:204 Changing the expiry time of the secret carrying the certificate to 3 minutes
[32mINFO    [0m integration.tls.test_tls:test_tls.py:210 Running command: juju ssh opensearch/3 sudo sed -i 's/expire=self._get_next_secret_expiry_time\(certificate\)/expire=timedelta\(seconds=180\)/g' /var/lib/juju/agents/unit-opensearch-3/charm/lib/charms/tls_certificates_interface/v3/tls_certificates.py
[32mINFO    [0m integration.tls.test_tls:test_tls.py:214 Integrating OpenSearch with TLS Certificates operator
[32mINFO    [0m integration.helpers_deployments:helpers_deployments.py:329 



[32mINFO    [0m integration.helpers_deployments:helpers_deployments.py:330 Model  Controller           Cloud/Region         Version  SLA          Timestamp
test   localhost-localhost  localhost/localhost  3.5.3    unsupported  02:57:12Z

App                       Version  Status   Scale  Charm                     Channel        Rev  Exposed  Message
opensearch                         blocked      1  opensearch                                 1  no       Missing TLS relation with this cluster.
self-signed-certificates           active       1  self-signed-certificates  latest/stable  155  no       

Unit                         Workload  Agent      Machine  Public address  Ports  Message
opensearch/3*                blocked   executing  5        10.197.225.4           Missing TLS relation with this cluster.
self-signed-certificates/1*  active    executing  4        10.197.225.65          

Machine  State    Address        Inst id        Base          AZ  Message
4        started  10.197.225.65  juju-dc71af-4  ubuntu@22.04      Running
5        started  10.197.225.4   juju-dc71af-5  ubuntu@22.04      Running

[32mINFO    [0m integration.helpers_deployments:helpers_deployments.py:337 


02:57:12 -- Waiting for model...
[32mINFO    [0m integration.helpers_deployments:helpers_deployments.py:277 	App: opensearch - Units - conditions unmet.
[32mINFO    [0m integration.helpers_deployments:helpers_deployments.py:278 
	app: opensearch blocked -- message: Missing TLS relation with this cluster.
		opensearch-3.657* -- (10.197.225.4) -- [executing (since: 02:57:12)] blocked: Missing TLS relation with this cluster.

[32mINFO    [0m integration.helpers_deployments:helpers_deployments.py:337 


02:57:22 -- Waiting for model...
[32mINFO    [0m integration.helpers_deployments:helpers_deployments.py:277 	App: opensearch - Units - conditions unmet.
[32mINFO    [0m integration.helpers_deployments:helpers_deployments.py:278 
	app: opensearch waiting -- message: Waiting for OpenSearch to start...
		opensearch-3.657* -- (10.197.225.4) -- [executing (since: 02:57:21)] waiting: Waiting for OpenSearch to start...

[32mINFO    [0m integration.helpers_deployments:helpers_deployments.py:337 


02:57:33 -- Waiting for model...
[32mINFO    [0m integration.helpers_deployments:helpers_deployments.py:277 	App: opensearch - Units - conditions unmet.
[32mINFO    [0m integration.helpers_deployments:helpers_deployments.py:278 
	app: opensearch waiting -- message: Waiting for OpenSearch to start...
		opensearch-3.657* -- (10.197.225.4) -- [executing (since: 02:57:21)] waiting: Waiting for OpenSearch to start...

[32mINFO    [0m integration.helpers_deployments:helpers_deployments.py:337 


02:57:44 -- Waiting for model...
[32mINFO    [0m integration.helpers_deployments:helpers_deployments.py:277 	App: opensearch - Units - conditions unmet.
[32mINFO    [0m integration.helpers_deployments:helpers_deployments.py:278 
	app: opensearch active -- message: None
		opensearch-3.657* -- (10.197.225.4) -- [executing (since: 02:57:43)] active: 

[32mINFO    [0m integration.helpers_deployments:helpers_deployments.py:337 


02:57:54 -- Waiting for model...
[32mINFO    [0m integration.helpers_deployments:helpers_deployments.py:277 	App: opensearch - Units - conditions unmet.
[32mINFO    [0m integration.helpers_deployments:helpers_deployments.py:278 
	app: opensearch active -- message: None
		opensearch-3.657* -- (10.197.225.4) -- [idle (since: 02:57:46)] active: 

[32mINFO    [0m integration.helpers_deployments:helpers_deployments.py:337 


02:58:05 -- Waiting for model...
[32mINFO    [0m integration.helpers_deployments:helpers_deployments.py:277 	App: opensearch - Units - conditions unmet.
[32mINFO    [0m integration.helpers_deployments:helpers_deployments.py:278 
	app: opensearch active -- message: None
		opensearch-3.657* -- (10.197.225.4) -- [idle (since: 02:57:46)] active: 

[32mINFO    [0m integration.helpers_deployments:helpers_deployments.py:337 


02:58:15 -- Waiting for model...
[32mINFO    [0m integration.helpers_deployments:helpers_deployments.py:348 02:58:16 -- Waiting for model: complete.



[32mINFO    [0m integration.tls.test_tls:test_tls.py:225 Test cluster health
[32mINFO    [0m integration.helpers:helpers.py:367 Calling: GET -- https://10.197.225.4:9200/_cluster/health?wait_for_status=green&timeout=1m
[32mINFO    [0m integration.tls.test_tls:test_tls.py:237 Waiting for certificates to expire. Wait time: 4.0 minutes.
[32mINFO    [0m integration.tls.test_tls:test_tls.py:242 Test cluster health after certificate expiry
[32mINFO    [0m integration.helpers:helpers.py:367 Calling: GET -- https://10.197.225.4:9200/_cluster/health?wait_for_status=green&timeout=1m
[32mINFO    [0m integration.tls.test_tls:test_tls.py:248 Comparing certificates before and after expiry
[32mINFO    [0m integration.tls.test_tls:test_tls.py:249 Certs: {'http_certificates_list': [{'issuer_dn': 'CN=CN_CA,C=US', 'subject_dn': 'O=opensearch-mmwa,CN=10.197.225.4', 'san': '[[2, juju-dc71af-5], [2, juju-dc71af-5.lxd], [2, opensearch-3.657], [7, 10.197.225.4], [8, 1.2.3.4.5.5]]', 'not_before': '2024-10-16T02:57:14Z', 'not_after': '2024-10-17T02:57:14Z'}], 'transport_certificates_list': [{'issuer_dn': 'CN=CN_CA,C=US', 'subject_dn': 'O=opensearch-mmwa,CN=10.197.225.4', 'san': '[[2, juju-dc71af-5], [2, juju-dc71af-5.lxd], [2, opensearch-3.657], [7, 10.197.225.4], [8, 1.2.3.4.5.5]]', 'not_before': '2024-10-16T02:57:14Z', 'not_after': '2024-10-17T02:57:14Z'}]}, {'http_certificates_list': [{'issuer_dn': 'CN=CN_CA,C=US', 'subject_dn': 'O=opensearch-mmwa,CN=10.197.225.4', 'san': '[[2, juju-dc71af-5], [2, juju-dc71af-5.lxd], [2, opensearch-3.657], [7, 10.197.225.4], [8, 1.2.3.4.5.5]]', 'not_before': '2024-10-16T03:00:38Z', 'not_after': '2024-10-17T03:00:38Z'}], 'transport_certificates_list': [{'issuer_dn': 'CN=CN_CA,C=US', 'subject_dn': 'O=opensearch-mmwa,CN=10.197.225.4', 'san': '[[2, juju-dc71af-5], [2, juju-dc71af-5.lxd], [2, opensearch-3.657], [7, 10.197.225.4], [8, 1.2.3.4.5.5]]', 'not_before': '2024-10-16T03:00:37Z', 'not_after': '2024-10-17T03:00:37Z'}]}
[32mINFO    [0m pytest_operator.plugin:plugin.py:862 Model status:

Model  Controller           Cloud/Region         Version  SLA          Timestamp
test   localhost-localhost  localhost/localhost  3.5.3    unsupported  03:02:23Z

App                       Version  Status  Scale  Charm                     Channel        Rev  Exposed  Message
opensearch                         active      1  opensearch                                 1  no       
self-signed-certificates           active      1  self-signed-certificates  latest/stable  155  no       

Unit                         Workload  Agent  Machine  Public address  Ports     Message
opensearch/3*                active    idle   5        10.197.225.4    9200/tcp  
self-signed-certificates/1*  active    idle   4        10.197.225.65             

Machine  State    Address        Inst id        Base          AZ  Message
4        started  10.197.225.65  juju-dc71af-4  ubuntu@22.04      Running
5        started  10.197.225.4   juju-dc71af-5  ubuntu@22.04      Running

[32mINFO    [0m pytest_operator.plugin:plugin.py:868 Juju error logs:

machine-3: 02:44:07 ERROR juju.worker.dependency "lxd-container-provisioner" manifold worker returned unexpected error: container types not yet available
machine-3: 02:44:07 ERROR juju.worker.dependency "kvm-container-provisioner" manifold worker returned unexpected error: container types not yet available
unit-self-signed-certificates-0: 02:44:07 ERROR juju.worker.meterstatus error running "meter-status-changed": charm missing from disk
machine-2: 02:44:07 ERROR juju.worker.dependency "lxd-container-provisioner" manifold worker returned unexpected error: container types not yet available
machine-2: 02:44:07 ERROR juju.worker.dependency "kvm-container-provisioner" manifold worker returned unexpected error: container types not yet available
unit-opensearch-2: 02:44:07 ERROR juju.worker.meterstatus error running "meter-status-changed": charm missing from disk
machine-0: 02:44:09 ERROR juju.worker.dependency "kvm-container-provisioner" manifold worker returned unexpected error: container types not yet available
machine-0: 02:44:09 ERROR juju.worker.dependency "lxd-container-provisioner" manifold worker returned unexpected error: container types not yet available
unit-opensearch-0: 02:44:09 ERROR juju.worker.meterstatus error running "meter-status-changed": charm missing from disk
machine-1: 02:44:10 ERROR juju.worker.dependency "lxd-container-provisioner" manifold worker returned unexpected error: container types not yet available
machine-1: 02:44:10 ERROR juju.worker.dependency "kvm-container-provisioner" manifold worker returned unexpected error: container types not yet available
unit-opensearch-1: 02:44:11 ERROR juju.worker.meterstatus error running "meter-status-changed": charm missing from disk
unit-opensearch-2: 02:45:58 ERROR unit.opensearch/2.juju-log certificates:3: err:  / out: keytool error: java.lang.Exception: Keystore file does not exist: /var/snap/opensearch/current/etc/opensearch/certificates/ca.p12

unit-opensearch-2: 02:46:04 ERROR unit.opensearch/2.juju-log certificates:3: Cannot connect to the OpenSearch server...
unit-opensearch-2: 02:46:05 ERROR unit.opensearch/2.juju-log Cannot connect to the OpenSearch server...
unit-opensearch-2: 02:46:06 ERROR unit.opensearch/2.juju-log Cannot connect to the OpenSearch server...
unit-opensearch-2: 02:46:06 ERROR unit.opensearch/2.juju-log Cannot connect to the OpenSearch server...
unit-opensearch-2: 02:46:09 ERROR unit.opensearch/2.juju-log Cannot connect to the OpenSearch server...
unit-opensearch-2: 02:46:12 ERROR unit.opensearch/2.juju-log Cannot connect to the OpenSearch server...
unit-opensearch-2: 02:46:15 ERROR unit.opensearch/2.juju-log Cannot connect to the OpenSearch server...
unit-opensearch-1: 02:47:55 ERROR unit.opensearch/1.juju-log certificates:3: err:  / out: keytool error: java.lang.Exception: Keystore file does not exist: /var/snap/opensearch/current/etc/opensearch/certificates/ca.p12

unit-opensearch-1: 02:48:01 ERROR unit.opensearch/1.juju-log certificates:3: Cannot connect to the OpenSearch server...
unit-opensearch-1: 02:48:01 ERROR unit.opensearch/1.juju-log Cannot connect to the OpenSearch server...
unit-opensearch-1: 02:48:02 ERROR unit.opensearch/1.juju-log Cannot connect to the OpenSearch server...
unit-opensearch-1: 02:48:03 ERROR unit.opensearch/1.juju-log upgrade-version-a:1: Cannot connect to the OpenSearch server...
unit-opensearch-1: 02:48:04 ERROR unit.opensearch/1.juju-log opensearch-peers:2: Cannot connect to the OpenSearch server...
unit-opensearch-1: 02:48:05 ERROR unit.opensearch/1.juju-log upgrade-version-a:1: Cannot connect to the OpenSearch server...
unit-opensearch-1: 02:48:05 ERROR unit.opensearch/1.juju-log node-lock-fallback:0: Cannot connect to the OpenSearch server...
unit-opensearch-1: 02:48:06 ERROR unit.opensearch/1.juju-log opensearch-peers:2: Cannot connect to the OpenSearch server...
unit-opensearch-1: 02:48:07 ERROR unit.opensearch/1.juju-log opensearch-peers:2: Cannot connect to the OpenSearch server...
unit-opensearch-0: 02:48:45 ERROR unit.opensearch/0.juju-log certificates:3: err:  / out: keytool error: java.lang.Exception: Keystore file does not exist: /var/snap/opensearch/current/etc/opensearch/certificates/ca.p12

unit-opensearch-0: 02:48:49 ERROR unit.opensearch/0.juju-log node-lock-fallback:0: Cannot connect to the OpenSearch server...
unit-opensearch-0: 02:48:50 ERROR unit.opensearch/0.juju-log Cannot connect to the OpenSearch server...
unit-opensearch-0: 02:48:50 ERROR unit.opensearch/0.juju-log Cannot connect to the OpenSearch server...
unit-opensearch-0: 02:48:51 ERROR unit.opensearch/0.juju-log certificates:3: Cannot connect to the OpenSearch server...
unit-opensearch-0: 02:48:52 ERROR unit.opensearch/0.juju-log upgrade-version-a:1: Cannot connect to the OpenSearch server...
unit-opensearch-0: 02:48:53 ERROR unit.opensearch/0.juju-log upgrade-version-a:1: Cannot connect to the OpenSearch server...
unit-opensearch-0: 02:48:54 ERROR unit.opensearch/0.juju-log node-lock-fallback:0: Cannot connect to the OpenSearch server...
unit-opensearch-0: 02:48:55 ERROR unit.opensearch/0.juju-log opensearch-peers:2: Cannot connect to the OpenSearch server...
unit-opensearch-0: 02:48:56 ERROR unit.opensearch/0.juju-log certificates:3: Cannot connect to the OpenSearch server...
unit-opensearch-0: 02:48:57 ERROR unit.opensearch/0.juju-log Cannot connect to the OpenSearch server...
unit-opensearch-0: 02:48:58 ERROR unit.opensearch/0.juju-log Cannot connect to the OpenSearch server...
unit-opensearch-0: 02:48:59 ERROR unit.opensearch/0.juju-log opensearch-peers:2: Cannot connect to the OpenSearch server...
unit-opensearch-0: 02:49:00 ERROR unit.opensearch/0.juju-log opensearch-peers:2: Cannot connect to the OpenSearch server...
unit-opensearch-2: 02:50:26 ERROR unit.opensearch/2.juju-log certificates:3: err:  / out: keytool error: java.lang.Exception: Alias <old-ca> does not exist

unit-opensearch-0: 02:50:53 ERROR unit.opensearch/0.juju-log certificates:3: err:  / out: keytool error: java.lang.Exception: Alias <old-ca> does not exist

unit-opensearch-0: 02:51:04 ERROR juju.worker.uniter resolver loop error: preparing operation "run relation-departed (1; unit: opensearch/1, departee: opensearch/0) hook" for opensearch/0: secret "secret:cs7ij2okr42hsqd80mmg" not found (not found)
unit-opensearch-0: 02:51:04 ERROR juju.worker.dependency "uniter" manifold worker returned unexpected error: preparing operation "run relation-departed (1; unit: opensearch/1, departee: opensearch/0) hook" for opensearch/0: secret "secret:cs7ij2okr42hsqd80mmg" not found (not found)
unit-opensearch-2: 02:51:12 ERROR unit.opensearch/2.juju-log Cannot connect to the OpenSearch server...
unit-opensearch-1: 02:51:13 ERROR unit.opensearch/1.juju-log Cannot connect to the OpenSearch server...
unit-opensearch-0: 02:51:14 ERROR unit.opensearch/0.juju-log Failed to add voting exclusion: opensearch-0.657.
unit-opensearch-0: 02:51:20 ERROR unit.opensearch/0.juju-log Cannot connect to the OpenSearch server...
unit-opensearch-2: 02:51:20 ERROR unit.opensearch/2.juju-log certificates:3: Error reading secret: 'NoneType' object has no attribute 'get'
unit-opensearch-0: 02:51:23 ERROR unit.opensearch/0.juju-log certificates:3: Error reading secret: 'NoneType' object has no attribute 'get'
unit-opensearch-1: 02:51:25 ERROR unit.opensearch/1.juju-log certificates:3: Error reading secret: 'NoneType' object has no attribute 'get'
machine-1: 02:51:26 ERROR juju.api.watcher error trying to stop watcher: websocket: close sent
machine-4: 02:52:52 ERROR juju.worker.dependency "lxd-container-provisioner" manifold worker returned unexpected error: container types not yet available
machine-4: 02:52:52 ERROR juju.worker.dependency "kvm-container-provisioner" manifold worker returned unexpected error: container types not yet available
unit-self-signed-certificates-1: 02:52:52 ERROR juju.worker.meterstatus error running "meter-status-changed": charm missing from disk
machine-5: 02:55:12 ERROR juju.worker.dependency "kvm-container-provisioner" manifold worker returned unexpected error: container types not yet available
machine-5: 02:55:12 ERROR juju.worker.dependency "lxd-container-provisioner" manifold worker returned unexpected error: container types not yet available
unit-opensearch-3: 02:55:12 ERROR juju.worker.meterstatus error running "meter-status-changed": charm missing from disk
unit-opensearch-3: 02:57:17 ERROR unit.opensearch/3.juju-log certificates:7: err:  / out: keytool error: java.lang.Exception: Keystore file does not exist: /var/snap/opensearch/current/etc/opensearch/certificates/ca.p12

unit-opensearch-3: 02:57:21 ERROR unit.opensearch/3.juju-log certificates:7: Cannot connect to the OpenSearch server...
unit-opensearch-3: 02:57:22 ERROR unit.opensearch/3.juju-log certificates:7: Cannot connect to the OpenSearch server...
unit-opensearch-3: 02:57:22 ERROR unit.opensearch/3.juju-log certificates:7: Cannot connect to the OpenSearch server...
unit-opensearch-3: 02:57:25 ERROR unit.opensearch/3.juju-log certificates:7: Cannot connect to the OpenSearch server...
unit-opensearch-3: 02:57:28 ERROR unit.opensearch/3.juju-log certificates:7: Cannot connect to the OpenSearch server...
unit-opensearch-3: 02:57:31 ERROR unit.opensearch/3.juju-log certificates:7: Cannot connect to the OpenSearch server...
unit-opensearch-3: 03:00:41 ERROR unit.opensearch/3.juju-log certificates:7: err:  / out: keytool error: java.lang.Exception: Alias <old-ca> does not exist

unit-opensearch-3: 03:00:42 ERROR unit.opensearch/3.juju-log certificates:7: err:  / out: keytool error: java.lang.Exception: Alias <old-ca> does not exist


[32mINFO    [0m pytest_operator.plugin:plugin.py:947 Forgetting model main...