[32mINFO    [0m pytest_operator.plugin:plugin.py:862 Model status:

Model  Controller           Cloud/Region         Version  SLA          Timestamp
test   localhost-localhost  localhost/localhost  3.5.3    unsupported  03:32:03Z

App                       Version  Status   Scale  Charm                     Channel        Rev  Exposed  Message
failover                           active       2  opensearch                                 0  no       
grafana-agent                      blocked      4  grafana-agent             latest/edge    286  no       Missing ['grafana-cloud-config']|['grafana-dashboards-provider']|['logging-consumer']|['send-remote-write'] for cos-a...
main                               active       1  opensearch                                 1  no       
opensearch                         active       1  opensearch                                 2  no       
self-signed-certificates           active       1  self-signed-certificates  latest/stable  155  no       

Unit                         Workload     Agent      Machine  Public address  Ports     Message
failover/0                   active       idle       3        10.64.150.109   9200/tcp  
  grafana-agent/3            maintenance  executing           10.64.150.109             (install) Installing grafana-agent snap
failover/1*                  active       idle       4        10.64.150.206   9200/tcp  
  grafana-agent/1*           maintenance  executing           10.64.150.206             (install) Installing grafana-agent snap
main/0*                      active       idle       1        10.64.150.185   9200/tcp  
  grafana-agent/2            blocked      idle                10.64.150.185             Missing ['grafana-cloud-config']|['grafana-dashboards-provider']|['logging-consumer']|['send-remote-write'] for cos-a...
opensearch/0*                active       idle       2        10.64.150.200   9200/tcp  
  grafana-agent/4            blocked      idle                10.64.150.200             Missing ['grafana-cloud-config']|['grafana-dashboards-provider']|['logging-consumer']|['send-remote-write'] for cos-a...
self-signed-certificates/0*  active       idle       0        10.64.150.154             

Machine  State    Address        Inst id        Base          AZ  Message
0        started  10.64.150.154  juju-9c62cd-0  ubuntu@22.04      Running
1        started  10.64.150.185  juju-9c62cd-1  ubuntu@22.04      Running
2        started  10.64.150.200  juju-9c62cd-2  ubuntu@22.04      Running
3        started  10.64.150.109  juju-9c62cd-3  ubuntu@22.04      Running
4        started  10.64.150.206  juju-9c62cd-4  ubuntu@22.04      Running

[32mINFO    [0m pytest_operator.plugin:plugin.py:868 Juju error logs:

machine-0: 03:15:54 ERROR juju.worker.dependency "lxd-container-provisioner" manifold worker returned unexpected error: container types not yet available
machine-0: 03:15:54 ERROR juju.worker.dependency "kvm-container-provisioner" manifold worker returned unexpected error: container types not yet available
unit-self-signed-certificates-0: 03:15:54 ERROR juju.worker.meterstatus error running "meter-status-changed": charm missing from disk
machine-4: 03:16:10 ERROR juju.worker.dependency "lxd-container-provisioner" manifold worker returned unexpected error: container types not yet available
machine-4: 03:16:10 ERROR juju.worker.dependency "kvm-container-provisioner" manifold worker returned unexpected error: container types not yet available
unit-failover-1: 03:16:10 ERROR juju.worker.meterstatus error running "meter-status-changed": charm missing from disk
machine-1: 03:16:12 ERROR juju.worker.dependency "lxd-container-provisioner" manifold worker returned unexpected error: container types not yet available
machine-1: 03:16:12 ERROR juju.worker.dependency "kvm-container-provisioner" manifold worker returned unexpected error: container types not yet available
unit-main-0: 03:16:12 ERROR juju.worker.meterstatus error running "meter-status-changed": charm missing from disk
machine-2: 03:16:37 ERROR juju.worker.dependency "kvm-container-provisioner" manifold worker returned unexpected error: container types not yet available
machine-2: 03:16:37 ERROR juju.worker.dependency "lxd-container-provisioner" manifold worker returned unexpected error: container types not yet available
unit-opensearch-0: 03:16:37 ERROR juju.worker.meterstatus error running "meter-status-changed": charm missing from disk
machine-3: 03:17:41 ERROR juju.worker.dependency "lxd-container-provisioner" manifold worker returned unexpected error: container types not yet available
machine-3: 03:17:41 ERROR juju.worker.dependency "kvm-container-provisioner" manifold worker returned unexpected error: container types not yet available
unit-failover-0: 03:17:41 ERROR juju.worker.meterstatus error running "meter-status-changed": charm missing from disk
unit-main-0: 03:18:54 ERROR unit.main/0.juju-log certificates:12: err:  / out: keytool error: java.lang.Exception: Keystore file does not exist: /var/snap/opensearch/current/etc/opensearch/certificates/ca.p12

unit-main-0: 03:19:01 ERROR unit.main/0.juju-log Cannot connect to the OpenSearch server...
unit-main-0: 03:19:01 ERROR unit.main/0.juju-log Cannot connect to the OpenSearch server...
unit-main-0: 03:19:02 ERROR unit.main/0.juju-log Cannot connect to the OpenSearch server...
unit-main-0: 03:19:05 ERROR unit.main/0.juju-log Cannot connect to the OpenSearch server...
unit-main-0: 03:19:08 ERROR unit.main/0.juju-log Cannot connect to the OpenSearch server...
unit-main-0: 03:19:11 ERROR unit.main/0.juju-log Cannot connect to the OpenSearch server...
unit-main-0: 03:19:14 ERROR unit.main/0.juju-log Cannot connect to the OpenSearch server...
unit-failover-1: 03:20:07 ERROR unit.failover/1.juju-log certificates:13: err:  / out: keytool error: java.lang.Exception: Keystore file does not exist: /var/snap/opensearch/current/etc/opensearch/certificates/ca.p12

unit-failover-0: 03:20:10 ERROR unit.failover/0.juju-log certificates:13: err:  / out: keytool error: java.lang.Exception: Keystore file does not exist: /var/snap/opensearch/current/etc/opensearch/certificates/ca.p12

unit-opensearch-0: 03:20:11 ERROR unit.opensearch/0.juju-log certificates:14: err:  / out: keytool error: java.lang.Exception: Keystore file does not exist: /var/snap/opensearch/current/etc/opensearch/certificates/ca.p12

unit-failover-1: 03:20:12 ERROR unit.failover/1.juju-log Cannot connect to the OpenSearch server...
unit-failover-1: 03:20:14 ERROR unit.failover/1.juju-log Cannot connect to the OpenSearch server...
unit-failover-1: 03:20:14 ERROR unit.failover/1.juju-log Cannot connect to the OpenSearch server...
unit-failover-0: 03:20:16 ERROR unit.failover/0.juju-log Cannot connect to the OpenSearch server...
unit-opensearch-0: 03:20:17 ERROR unit.opensearch/0.juju-log Cannot connect to the OpenSearch server...
unit-failover-1: 03:20:17 ERROR unit.failover/1.juju-log Cannot connect to the OpenSearch server...
unit-failover-0: 03:20:18 ERROR unit.failover/0.juju-log Cannot connect to the OpenSearch server...
unit-opensearch-0: 03:20:18 ERROR unit.opensearch/0.juju-log Cannot connect to the OpenSearch server...
unit-failover-0: 03:20:19 ERROR unit.failover/0.juju-log peer-cluster:9: Cannot connect to the OpenSearch server...
unit-opensearch-0: 03:20:19 ERROR unit.opensearch/0.juju-log peer-cluster:11: Cannot connect to the OpenSearch server...
unit-failover-1: 03:20:20 ERROR unit.failover/1.juju-log Cannot connect to the OpenSearch server...
unit-failover-0: 03:20:21 ERROR unit.failover/0.juju-log upgrade-version-a:3: Cannot connect to the OpenSearch server...
unit-opensearch-0: 03:20:21 ERROR unit.opensearch/0.juju-log opensearch-peers:8: Cannot connect to the OpenSearch server...
unit-failover-0: 03:20:22 ERROR unit.failover/0.juju-log peer-cluster:9: Cannot connect to the OpenSearch server...
unit-failover-1: 03:20:23 ERROR unit.failover/1.juju-log Cannot connect to the OpenSearch server...
unit-failover-0: 03:20:23 ERROR unit.failover/0.juju-log certificates:13: Cannot connect to the OpenSearch server...
unit-failover-0: 03:20:25 ERROR unit.failover/0.juju-log certificates:13: Cannot connect to the OpenSearch server...
unit-failover-1: 03:20:26 ERROR unit.failover/1.juju-log Cannot connect to the OpenSearch server...
unit-failover-0: 03:20:27 ERROR unit.failover/0.juju-log Cannot connect to the OpenSearch server...
unit-failover-0: 03:20:29 ERROR unit.failover/0.juju-log Cannot connect to the OpenSearch server...
unit-failover-1: 03:20:29 ERROR unit.failover/1.juju-log Cannot connect to the OpenSearch server...
unit-failover-0: 03:20:30 ERROR unit.failover/0.juju-log Cannot connect to the OpenSearch server...
unit-failover-0: 03:20:31 ERROR unit.failover/0.juju-log Cannot connect to the OpenSearch server...
unit-failover-1: 03:20:32 ERROR unit.failover/1.juju-log Cannot connect to the OpenSearch server...
unit-failover-0: 03:20:33 ERROR unit.failover/0.juju-log upgrade-version-a:3: Cannot connect to the OpenSearch server...
unit-failover-0: 03:20:34 ERROR unit.failover/0.juju-log opensearch-peers:4: Cannot connect to the OpenSearch server...
unit-failover-1: 03:20:35 ERROR unit.failover/1.juju-log Cannot connect to the OpenSearch server...
unit-failover-0: 03:20:36 ERROR unit.failover/0.juju-log upgrade-version-a:3: Cannot connect to the OpenSearch server...
unit-failover-1: 03:20:38 ERROR unit.failover/1.juju-log Cannot connect to the OpenSearch server...
unit-failover-1: 03:20:41 ERROR unit.failover/1.juju-log Cannot connect to the OpenSearch server...
unit-failover-1: 03:20:44 ERROR unit.failover/1.juju-log Cannot connect to the OpenSearch server...
unit-failover-1: 03:20:47 ERROR unit.failover/1.juju-log Cannot connect to the OpenSearch server...
unit-failover-1: 03:20:50 ERROR unit.failover/1.juju-log Cannot connect to the OpenSearch server...
unit-failover-1: 03:20:53 ERROR unit.failover/1.juju-log Cannot connect to the OpenSearch server...
unit-failover-1: 03:20:56 ERROR unit.failover/1.juju-log Cannot connect to the OpenSearch server...
unit-opensearch-0: 03:21:28 ERROR unit.opensearch/0.juju-log Cannot connect to the OpenSearch server...
unit-opensearch-0: 03:21:30 ERROR unit.opensearch/0.juju-log Cannot connect to the OpenSearch server...
unit-failover-0: 03:22:41 ERROR unit.failover/0.juju-log Cannot connect to the OpenSearch server...
unit-failover-0: 03:27:18 ERROR unit.failover/0.juju-log opensearch-peers:4: Cannot connect to the OpenSearch server...
unit-failover-0: 03:27:20 ERROR unit.failover/0.juju-log opensearch-peers:4: Cannot connect to the OpenSearch server...
unit-grafana-agent-1: 03:29:32 ERROR juju.worker.dependency "uniter" manifold worker returned unexpected error: preparing operation "install ch:amd64/jammy/grafana-agent-286" for grafana-agent/1: failed to download charm "ch:amd64/jammy/grafana-agent-286" from API server: download request with archiveSha256 length 0 not valid
unit-grafana-agent-3: 03:29:32 ERROR juju.worker.dependency "uniter" manifold worker returned unexpected error: preparing operation "install ch:amd64/jammy/grafana-agent-286" for grafana-agent/3: failed to download charm "ch:amd64/jammy/grafana-agent-286" from API server: download request with archiveSha256 length 0 not valid
unit-grafana-agent-2: 03:29:32 ERROR juju.worker.dependency "uniter" manifold worker returned unexpected error: preparing operation "install ch:amd64/jammy/grafana-agent-286" for grafana-agent/2: failed to download charm "ch:amd64/jammy/grafana-agent-286" from API server: download request with archiveSha256 length 0 not valid
unit-grafana-agent-4: 03:29:32 ERROR juju.worker.dependency "uniter" manifold worker returned unexpected error: preparing operation "install ch:amd64/jammy/grafana-agent-286" for grafana-agent/4: failed to download charm "ch:amd64/jammy/grafana-agent-286" from API server: download request with archiveSha256 length 0 not valid
unit-grafana-agent-1: 03:29:32 ERROR juju.worker.meterstatus error running "meter-status-changed": charm missing from disk
unit-grafana-agent-3: 03:29:32 ERROR juju.worker.meterstatus error running "meter-status-changed": charm missing from disk
unit-grafana-agent-2: 03:29:33 ERROR juju.worker.meterstatus error running "meter-status-changed": charm missing from disk
unit-grafana-agent-4: 03:29:33 ERROR juju.worker.meterstatus error running "meter-status-changed": charm missing from disk

[32mINFO    [0m pytest_operator.plugin:plugin.py:947 Forgetting model main...