[32mINFO    [0m pytest_operator.plugin:plugin.py:862 Model status:

Model  Controller           Cloud/Region         Version  SLA          Timestamp
test   localhost-localhost  localhost/localhost  3.4.4    unsupported  03:11:43Z

App                       Version  Status  Scale  Charm                     Channel        Rev  Exposed  Message
opensearch                         active      3  opensearch                                 0  no       
self-signed-certificates           active      1  self-signed-certificates  latest/stable  155  no       

Unit                         Workload  Agent  Machine  Public address  Ports     Message
opensearch/0                 error     idle   0        10.124.50.104   9200/tcp  hook failed: "upgrade-charm"
opensearch/1*                error     idle   1        10.124.50.20    9200/tcp  hook failed: "upgrade-charm"
opensearch/2                 error     idle   2        10.124.50.221   9200/tcp  hook failed: "upgrade-charm"
self-signed-certificates/0*  active    idle   3        10.124.50.85              

Machine  State    Address        Inst id        Base          AZ  Message
0        started  10.124.50.104  juju-ec55ff-0  ubuntu@22.04      Running
1        started  10.124.50.20   juju-ec55ff-1  ubuntu@22.04      Running
2        started  10.124.50.221  juju-ec55ff-2  ubuntu@22.04      Running
3        started  10.124.50.85   juju-ec55ff-3  ubuntu@22.04      Running

[32mINFO    [0m pytest_operator.plugin:plugin.py:868 Juju error logs:

machine-1: 02:03:40 ERROR juju.worker.dependency "kvm-container-provisioner" manifold worker returned unexpected error: container types not yet available
machine-1: 02:03:40 ERROR juju.worker.dependency "lxd-container-provisioner" manifold worker returned unexpected error: container types not yet available
unit-opensearch-1: 02:03:40 ERROR juju.worker.meterstatus error running "meter-status-changed": charm missing from disk
machine-3: 02:03:49 ERROR juju.worker.dependency "kvm-container-provisioner" manifold worker returned unexpected error: container types not yet available
machine-3: 02:03:49 ERROR juju.worker.dependency "lxd-container-provisioner" manifold worker returned unexpected error: container types not yet available
unit-self-signed-certificates-0: 02:03:49 ERROR juju.worker.meterstatus error running "meter-status-changed": charm missing from disk
machine-2: 02:03:53 ERROR juju.worker.dependency "kvm-container-provisioner" manifold worker returned unexpected error: container types not yet available
machine-2: 02:03:53 ERROR juju.worker.dependency "lxd-container-provisioner" manifold worker returned unexpected error: container types not yet available
machine-0: 02:03:53 ERROR juju.worker.dependency "lxd-container-provisioner" manifold worker returned unexpected error: container types not yet available
machine-0: 02:03:54 ERROR juju.worker.dependency "kvm-container-provisioner" manifold worker returned unexpected error: container types not yet available
unit-opensearch-2: 02:03:54 ERROR juju.worker.meterstatus error running "meter-status-changed": charm missing from disk
unit-opensearch-0: 02:03:54 ERROR juju.worker.meterstatus error running "meter-status-changed": charm missing from disk
unit-opensearch-1: 02:07:30 ERROR unit.opensearch/1.juju-log [Errno 111] Connection refused
unit-opensearch-1: 02:07:31 ERROR unit.opensearch/1.juju-log node-lock-fallback:0: [Errno 111] Connection refused
unit-opensearch-1: 02:07:33 ERROR unit.opensearch/1.juju-log certificates:3: [Errno 111] Connection refused
unit-opensearch-1: 02:07:34 ERROR unit.opensearch/1.juju-log certificates:3: [Errno 111] Connection refused
unit-opensearch-1: 02:07:35 ERROR unit.opensearch/1.juju-log [Errno 111] Connection refused
unit-opensearch-1: 02:07:36 ERROR unit.opensearch/1.juju-log [Errno 111] Connection refused
unit-opensearch-1: 02:07:37 ERROR unit.opensearch/1.juju-log [Errno 111] Connection refused
unit-opensearch-1: 02:07:38 ERROR unit.opensearch/1.juju-log [Errno 111] Connection refused
unit-opensearch-1: 02:07:38 ERROR unit.opensearch/1.juju-log [Errno 111] Connection refused
unit-opensearch-1: 02:07:38 ERROR unit.opensearch/1.juju-log Cannot connect to the OpenSearch server...
unit-opensearch-1: 02:07:38 ERROR unit.opensearch/1.juju-log [Errno 111] Connection refused
unit-opensearch-1: 02:07:39 ERROR unit.opensearch/1.juju-log [Errno 111] Connection refused
unit-opensearch-1: 02:07:39 ERROR unit.opensearch/1.juju-log Cannot connect to the OpenSearch server...
unit-opensearch-1: 02:07:40 ERROR unit.opensearch/1.juju-log [Errno 111] Connection refused
unit-opensearch-1: 02:07:40 ERROR unit.opensearch/1.juju-log [Errno 111] Connection refused
unit-opensearch-1: 02:07:40 ERROR unit.opensearch/1.juju-log Cannot connect to the OpenSearch server...
unit-opensearch-1: 02:07:40 ERROR unit.opensearch/1.juju-log [Errno 111] Connection refused
unit-opensearch-1: 02:07:40 ERROR unit.opensearch/1.juju-log Cannot connect to the OpenSearch server...
unit-opensearch-1: 02:07:43 ERROR unit.opensearch/1.juju-log [Errno 111] Connection refused
unit-opensearch-1: 02:07:43 ERROR unit.opensearch/1.juju-log Cannot connect to the OpenSearch server...
unit-opensearch-1: 02:07:47 ERROR unit.opensearch/1.juju-log [Errno 111] Connection refused
unit-opensearch-1: 02:07:47 ERROR unit.opensearch/1.juju-log Cannot connect to the OpenSearch server...
unit-opensearch-1: 02:07:50 ERROR unit.opensearch/1.juju-log [Errno 111] Connection refused
unit-opensearch-1: 02:07:50 ERROR unit.opensearch/1.juju-log Cannot connect to the OpenSearch server...
unit-opensearch-0: 02:07:52 ERROR unit.opensearch/0.juju-log [Errno 111] Connection refused
unit-opensearch-1: 02:07:54 ERROR unit.opensearch/1.juju-log [Errno 111] Connection refused
unit-opensearch-1: 02:07:54 ERROR unit.opensearch/1.juju-log Cannot connect to the OpenSearch server...
unit-opensearch-1: 02:07:57 ERROR unit.opensearch/1.juju-log [Errno 111] Connection refused
unit-opensearch-1: 02:07:57 ERROR unit.opensearch/1.juju-log Cannot connect to the OpenSearch server...
unit-opensearch-1: 02:08:00 ERROR unit.opensearch/1.juju-log [Errno 111] Connection refused
unit-opensearch-1: 02:08:00 ERROR unit.opensearch/1.juju-log Cannot connect to the OpenSearch server...
unit-opensearch-0: 02:08:03 ERROR unit.opensearch/0.juju-log upgrade-version-a:2: [Errno 111] Connection refused
unit-opensearch-1: 02:08:04 ERROR unit.opensearch/1.juju-log [Errno 111] Connection refused
unit-opensearch-1: 02:08:04 ERROR unit.opensearch/1.juju-log Cannot connect to the OpenSearch server...
unit-opensearch-0: 02:08:04 ERROR unit.opensearch/0.juju-log certificates:3: [Errno 111] Connection refused
unit-opensearch-2: 02:08:06 ERROR unit.opensearch/2.juju-log [Errno 111] Connection refused
unit-opensearch-1: 02:08:07 ERROR unit.opensearch/1.juju-log [Errno 111] Connection refused
unit-opensearch-1: 02:08:07 ERROR unit.opensearch/1.juju-log Cannot connect to the OpenSearch server...
unit-opensearch-0: 02:08:07 ERROR unit.opensearch/0.juju-log [Errno 111] Connection refused
unit-opensearch-2: 02:08:08 ERROR unit.opensearch/2.juju-log upgrade-version-a:2: [Errno 111] Connection refused
unit-opensearch-0: 02:08:08 ERROR unit.opensearch/0.juju-log [Errno 111] Connection refused
unit-opensearch-2: 02:08:09 ERROR unit.opensearch/2.juju-log node-lock-fallback:0: [Errno 111] Connection refused
unit-opensearch-0: 02:08:09 ERROR unit.opensearch/0.juju-log [Errno 111] Connection refused
unit-opensearch-1: 02:08:10 ERROR unit.opensearch/1.juju-log [Errno 111] Connection refused
unit-opensearch-1: 02:08:10 ERROR unit.opensearch/1.juju-log Cannot connect to the OpenSearch server...
unit-opensearch-0: 02:08:10 ERROR unit.opensearch/0.juju-log [Errno 111] Connection refused
unit-opensearch-0: 02:08:10 ERROR unit.opensearch/0.juju-log Cannot connect to the OpenSearch server...
unit-opensearch-0: 02:08:10 ERROR unit.opensearch/0.juju-log [Errno 111] Connection refused
unit-opensearch-2: 02:08:11 ERROR unit.opensearch/2.juju-log certificates:3: [Errno 111] Connection refused
unit-opensearch-0: 02:08:11 ERROR unit.opensearch/0.juju-log [Errno 111] Connection refused
unit-opensearch-0: 02:08:11 ERROR unit.opensearch/0.juju-log Cannot connect to the OpenSearch server...
unit-opensearch-0: 02:08:11 ERROR unit.opensearch/0.juju-log [Errno 111] Connection refused
unit-opensearch-2: 02:08:12 ERROR unit.opensearch/2.juju-log [Errno 111] Connection refused
unit-opensearch-1: 02:08:13 ERROR unit.opensearch/1.juju-log [Errno 111] Connection refused
unit-opensearch-1: 02:08:13 ERROR unit.opensearch/1.juju-log Cannot connect to the OpenSearch server...
unit-opensearch-0: 02:08:13 ERROR unit.opensearch/0.juju-log certificates:3: [Errno 111] Connection refused
unit-opensearch-0: 02:08:13 ERROR unit.opensearch/0.juju-log certificates:3: Cannot connect to the OpenSearch server...
unit-opensearch-0: 02:08:13 ERROR unit.opensearch/0.juju-log certificates:3: [Errno 111] Connection refused
unit-opensearch-2: 02:08:14 ERROR unit.opensearch/2.juju-log [Errno 111] Connection refused
unit-opensearch-0: 02:08:15 ERROR unit.opensearch/0.juju-log opensearch-peers:1: [Errno 111] Connection refused
unit-opensearch-0: 02:08:15 ERROR unit.opensearch/0.juju-log opensearch-peers:1: Cannot connect to the OpenSearch server...
unit-opensearch-0: 02:08:15 ERROR unit.opensearch/0.juju-log opensearch-peers:1: [Errno 111] Connection refused
unit-opensearch-0: 02:08:15 ERROR unit.opensearch/0.juju-log opensearch-peers:1: [Errno 111] Connection refused
unit-opensearch-2: 02:08:15 ERROR unit.opensearch/2.juju-log [Errno 111] Connection refused
unit-opensearch-1: 02:08:16 ERROR unit.opensearch/1.juju-log [Errno 111] Connection refused
unit-opensearch-1: 02:08:16 ERROR unit.opensearch/1.juju-log Cannot connect to the OpenSearch server...
unit-opensearch-2: 02:08:16 ERROR unit.opensearch/2.juju-log [Errno 111] Connection refused
unit-opensearch-2: 02:08:16 ERROR unit.opensearch/2.juju-log Cannot connect to the OpenSearch server...
unit-opensearch-2: 02:08:16 ERROR unit.opensearch/2.juju-log [Errno 111] Connection refused
unit-opensearch-0: 02:08:16 ERROR unit.opensearch/0.juju-log upgrade-version-a:2: [Errno 111] Connection refused
unit-opensearch-0: 02:08:16 ERROR unit.opensearch/0.juju-log upgrade-version-a:2: Cannot connect to the OpenSearch server...
unit-opensearch-0: 02:08:16 ERROR unit.opensearch/0.juju-log upgrade-version-a:2: [Errno 111] Connection refused
unit-opensearch-2: 02:08:17 ERROR unit.opensearch/2.juju-log [Errno 111] Connection refused
unit-opensearch-2: 02:08:17 ERROR unit.opensearch/2.juju-log Cannot connect to the OpenSearch server...
unit-opensearch-2: 02:08:17 ERROR unit.opensearch/2.juju-log [Errno 111] Connection refused
unit-opensearch-0: 02:08:17 ERROR unit.opensearch/0.juju-log upgrade-version-a:2: [Errno 111] Connection refused
unit-opensearch-0: 02:08:17 ERROR unit.opensearch/0.juju-log upgrade-version-a:2: Cannot connect to the OpenSearch server...
unit-opensearch-0: 02:08:17 ERROR unit.opensearch/0.juju-log upgrade-version-a:2: [Errno 111] Connection refused
unit-opensearch-2: 02:08:18 ERROR unit.opensearch/2.juju-log certificates:3: [Errno 111] Connection refused
unit-opensearch-2: 02:08:18 ERROR unit.opensearch/2.juju-log certificates:3: Cannot connect to the OpenSearch server...
unit-opensearch-2: 02:08:18 ERROR unit.opensearch/2.juju-log certificates:3: [Errno 111] Connection refused
unit-opensearch-0: 02:08:18 ERROR unit.opensearch/0.juju-log upgrade-version-a:2: [Errno 111] Connection refused
unit-opensearch-0: 02:08:18 ERROR unit.opensearch/0.juju-log upgrade-version-a:2: Cannot connect to the OpenSearch server...
unit-opensearch-0: 02:08:19 ERROR unit.opensearch/0.juju-log upgrade-version-a:2: [Errno 111] Connection refused
unit-opensearch-2: 02:08:19 ERROR unit.opensearch/2.juju-log opensearch-peers:1: [Errno 111] Connection refused
unit-opensearch-2: 02:08:20 ERROR unit.opensearch/2.juju-log opensearch-peers:1: Cannot connect to the OpenSearch server...
unit-opensearch-2: 02:08:20 ERROR unit.opensearch/2.juju-log opensearch-peers:1: [Errno 111] Connection refused
unit-opensearch-2: 02:08:20 ERROR unit.opensearch/2.juju-log opensearch-peers:1: [Errno 111] Connection refused
unit-opensearch-0: 02:08:20 ERROR unit.opensearch/0.juju-log node-lock-fallback:0: [Errno 111] Connection refused
unit-opensearch-0: 02:08:20 ERROR unit.opensearch/0.juju-log node-lock-fallback:0: Cannot connect to the OpenSearch server...
unit-opensearch-0: 02:08:20 ERROR unit.opensearch/0.juju-log node-lock-fallback:0: [Errno 111] Connection refused
unit-opensearch-2: 02:08:22 ERROR unit.opensearch/2.juju-log opensearch-peers:1: [Errno 111] Connection refused
unit-opensearch-2: 02:08:22 ERROR unit.opensearch/2.juju-log opensearch-peers:1: Cannot connect to the OpenSearch server...
unit-opensearch-2: 02:08:22 ERROR unit.opensearch/2.juju-log opensearch-peers:1: [Errno 111] Connection refused
unit-opensearch-2: 02:08:22 ERROR unit.opensearch/2.juju-log opensearch-peers:1: [Errno 111] Connection refused
unit-opensearch-0: 02:08:23 ERROR unit.opensearch/0.juju-log upgrade-version-a:2: [Errno 111] Connection refused
unit-opensearch-0: 02:08:23 ERROR unit.opensearch/0.juju-log upgrade-version-a:2: Cannot connect to the OpenSearch server...
unit-opensearch-0: 02:08:23 ERROR unit.opensearch/0.juju-log upgrade-version-a:2: [Errno 111] Connection refused
unit-opensearch-2: 02:08:24 ERROR unit.opensearch/2.juju-log upgrade-version-a:2: [Errno 111] Connection refused
unit-opensearch-2: 02:08:24 ERROR unit.opensearch/2.juju-log upgrade-version-a:2: Cannot connect to the OpenSearch server...
unit-opensearch-2: 02:08:24 ERROR unit.opensearch/2.juju-log upgrade-version-a:2: [Errno 111] Connection refused
unit-opensearch-0: 02:08:25 ERROR unit.opensearch/0.juju-log opensearch-peers:1: [Errno 111] Connection refused
unit-opensearch-0: 02:08:25 ERROR unit.opensearch/0.juju-log opensearch-peers:1: Cannot connect to the OpenSearch server...
unit-opensearch-0: 02:08:25 ERROR unit.opensearch/0.juju-log opensearch-peers:1: [Errno 111] Connection refused
unit-opensearch-0: 02:08:25 ERROR unit.opensearch/0.juju-log opensearch-peers:1: [Errno 111] Connection refused
unit-opensearch-2: 02:08:25 ERROR unit.opensearch/2.juju-log certificates:3: [Errno 111] Connection refused
unit-opensearch-2: 02:08:25 ERROR unit.opensearch/2.juju-log certificates:3: Cannot connect to the OpenSearch server...
unit-opensearch-2: 02:08:25 ERROR unit.opensearch/2.juju-log certificates:3: [Errno 111] Connection refused
unit-opensearch-0: 02:08:27 ERROR unit.opensearch/0.juju-log node-lock-fallback:0: [Errno 111] Connection refused
unit-opensearch-0: 02:08:27 ERROR unit.opensearch/0.juju-log node-lock-fallback:0: Cannot connect to the OpenSearch server...
unit-opensearch-0: 02:08:27 ERROR unit.opensearch/0.juju-log node-lock-fallback:0: [Errno 111] Connection refused
unit-opensearch-2: 02:08:27 ERROR unit.opensearch/2.juju-log [Errno 111] Connection refused
unit-opensearch-2: 02:08:27 ERROR unit.opensearch/2.juju-log Cannot connect to the OpenSearch server...
unit-opensearch-2: 02:08:27 ERROR unit.opensearch/2.juju-log [Errno 111] Connection refused
unit-opensearch-0: 02:08:27 ERROR unit.opensearch/0.juju-log certificates:3: [Errno 111] Connection refused
unit-opensearch-0: 02:08:27 ERROR unit.opensearch/0.juju-log certificates:3: Cannot connect to the OpenSearch server...
unit-opensearch-0: 02:08:27 ERROR unit.opensearch/0.juju-log certificates:3: [Errno 111] Connection refused
unit-opensearch-2: 02:08:28 ERROR unit.opensearch/2.juju-log [Errno 111] Connection refused
unit-opensearch-2: 02:08:28 ERROR unit.opensearch/2.juju-log Cannot connect to the OpenSearch server...
unit-opensearch-2: 02:08:28 ERROR unit.opensearch/2.juju-log [Errno 111] Connection refused
unit-opensearch-0: 02:08:29 ERROR unit.opensearch/0.juju-log [Errno 111] Connection refused
unit-opensearch-0: 02:08:29 ERROR unit.opensearch/0.juju-log Cannot connect to the OpenSearch server...
unit-opensearch-0: 02:08:29 ERROR unit.opensearch/0.juju-log [Errno 111] Connection refused
unit-opensearch-2: 02:08:29 ERROR unit.opensearch/2.juju-log upgrade-version-a:2: [Errno 111] Connection refused
unit-opensearch-2: 02:08:29 ERROR unit.opensearch/2.juju-log upgrade-version-a:2: Cannot connect to the OpenSearch server...
unit-opensearch-2: 02:08:29 ERROR unit.opensearch/2.juju-log upgrade-version-a:2: [Errno 111] Connection refused
unit-opensearch-0: 02:08:30 ERROR unit.opensearch/0.juju-log [Errno 111] Connection refused
unit-opensearch-0: 02:08:30 ERROR unit.opensearch/0.juju-log Cannot connect to the OpenSearch server...
unit-opensearch-0: 02:08:30 ERROR unit.opensearch/0.juju-log [Errno 111] Connection refused
unit-opensearch-2: 02:08:30 ERROR unit.opensearch/2.juju-log [Errno 111] Connection refused
unit-opensearch-2: 02:08:30 ERROR unit.opensearch/2.juju-log Cannot connect to the OpenSearch server...
unit-opensearch-2: 02:08:30 ERROR unit.opensearch/2.juju-log [Errno 111] Connection refused
unit-opensearch-0: 02:08:31 ERROR unit.opensearch/0.juju-log [Errno 111] Connection refused
unit-opensearch-0: 02:08:31 ERROR unit.opensearch/0.juju-log Cannot connect to the OpenSearch server...
unit-opensearch-0: 02:08:31 ERROR unit.opensearch/0.juju-log [Errno 111] Connection refused
unit-opensearch-2: 02:08:31 ERROR unit.opensearch/2.juju-log [Errno 111] Connection refused
unit-opensearch-2: 02:08:31 ERROR unit.opensearch/2.juju-log Cannot connect to the OpenSearch server...
unit-opensearch-2: 02:08:31 ERROR unit.opensearch/2.juju-log [Errno 111] Connection refused
unit-opensearch-0: 02:08:32 ERROR unit.opensearch/0.juju-log [Errno 111] Connection refused
unit-opensearch-0: 02:08:32 ERROR unit.opensearch/0.juju-log Cannot connect to the OpenSearch server...
unit-opensearch-0: 02:08:32 ERROR unit.opensearch/0.juju-log [Errno 111] Connection refused
unit-opensearch-2: 02:08:32 ERROR unit.opensearch/2.juju-log [Errno 111] Connection refused
unit-opensearch-2: 02:08:32 ERROR unit.opensearch/2.juju-log Cannot connect to the OpenSearch server...
unit-opensearch-2: 02:08:32 ERROR unit.opensearch/2.juju-log [Errno 111] Connection refused
unit-opensearch-0: 02:08:33 ERROR unit.opensearch/0.juju-log [Errno 111] Connection refused
unit-opensearch-0: 02:08:33 ERROR unit.opensearch/0.juju-log Cannot connect to the OpenSearch server...
unit-opensearch-0: 02:08:33 ERROR unit.opensearch/0.juju-log [Errno 111] Connection refused
unit-opensearch-2: 02:08:33 ERROR unit.opensearch/2.juju-log node-lock-fallback:0: [Errno 111] Connection refused
unit-opensearch-2: 02:08:33 ERROR unit.opensearch/2.juju-log node-lock-fallback:0: Cannot connect to the OpenSearch server...
unit-opensearch-2: 02:08:33 ERROR unit.opensearch/2.juju-log node-lock-fallback:0: [Errno 111] Connection refused
unit-opensearch-0: 02:08:34 ERROR unit.opensearch/0.juju-log node-lock-fallback:0: [Errno 111] Connection refused
unit-opensearch-0: 02:08:34 ERROR unit.opensearch/0.juju-log node-lock-fallback:0: Cannot connect to the OpenSearch server...
unit-opensearch-0: 02:08:34 ERROR unit.opensearch/0.juju-log node-lock-fallback:0: [Errno 111] Connection refused
unit-opensearch-2: 02:08:34 ERROR unit.opensearch/2.juju-log node-lock-fallback:0: [Errno 111] Connection refused
unit-opensearch-2: 02:08:34 ERROR unit.opensearch/2.juju-log node-lock-fallback:0: Cannot connect to the OpenSearch server...
unit-opensearch-2: 02:08:34 ERROR unit.opensearch/2.juju-log node-lock-fallback:0: [Errno 111] Connection refused
unit-opensearch-1: 02:08:34 ERROR unit.opensearch/1.juju-log Request GET to https://10.124.50.20:9200/.charm_node_lock/_source/0 with payload: None failed.(Attempts left: 2)
	Error: 404 Client Error: Not Found for url: https://10.124.50.20:9200/.charm_node_lock/_source/0
unit-opensearch-0: 02:08:35 ERROR unit.opensearch/0.juju-log node-lock-fallback:0: [Errno 111] Connection refused
unit-opensearch-0: 02:08:35 ERROR unit.opensearch/0.juju-log node-lock-fallback:0: Cannot connect to the OpenSearch server...
unit-opensearch-0: 02:08:35 ERROR unit.opensearch/0.juju-log node-lock-fallback:0: [Errno 111] Connection refused
unit-opensearch-2: 02:08:35 ERROR unit.opensearch/2.juju-log upgrade-version-a:2: [Errno 111] Connection refused
unit-opensearch-2: 02:08:35 ERROR unit.opensearch/2.juju-log upgrade-version-a:2: Cannot connect to the OpenSearch server...
unit-opensearch-2: 02:08:35 ERROR unit.opensearch/2.juju-log upgrade-version-a:2: [Errno 111] Connection refused
unit-opensearch-1: 02:08:35 ERROR unit.opensearch/1.juju-log Request GET to https://10.124.50.20:9200/.charm_node_lock/_source/0 with payload: None failed.(Attempts left: 1)
	Error: 404 Client Error: Not Found for url: https://10.124.50.20:9200/.charm_node_lock/_source/0
unit-opensearch-0: 02:08:35 ERROR unit.opensearch/0.juju-log node-lock-fallback:0: [Errno 111] Connection refused
unit-opensearch-0: 02:08:35 ERROR unit.opensearch/0.juju-log node-lock-fallback:0: Cannot connect to the OpenSearch server...
unit-opensearch-0: 02:08:35 ERROR unit.opensearch/0.juju-log node-lock-fallback:0: [Errno 111] Connection refused
unit-opensearch-2: 02:08:36 ERROR unit.opensearch/2.juju-log opensearch-peers:1: [Errno 111] Connection refused
unit-opensearch-2: 02:08:36 ERROR unit.opensearch/2.juju-log opensearch-peers:1: Cannot connect to the OpenSearch server...
unit-opensearch-2: 02:08:36 ERROR unit.opensearch/2.juju-log opensearch-peers:1: [Errno 111] Connection refused
unit-opensearch-2: 02:08:36 ERROR unit.opensearch/2.juju-log opensearch-peers:1: [Errno 111] Connection refused
unit-opensearch-0: 02:08:36 ERROR unit.opensearch/0.juju-log opensearch-peers:1: [Errno 111] Connection refused
unit-opensearch-0: 02:08:36 ERROR unit.opensearch/0.juju-log opensearch-peers:1: Cannot connect to the OpenSearch server...
unit-opensearch-0: 02:08:36 ERROR unit.opensearch/0.juju-log opensearch-peers:1: [Errno 111] Connection refused
unit-opensearch-0: 02:08:37 ERROR unit.opensearch/0.juju-log opensearch-peers:1: [Errno 111] Connection refused
unit-opensearch-2: 02:08:37 ERROR unit.opensearch/2.juju-log upgrade-version-a:2: [Errno 111] Connection refused
unit-opensearch-2: 02:08:37 ERROR unit.opensearch/2.juju-log upgrade-version-a:2: Cannot connect to the OpenSearch server...
unit-opensearch-2: 02:08:37 ERROR unit.opensearch/2.juju-log upgrade-version-a:2: [Errno 111] Connection refused
unit-opensearch-0: 02:08:37 ERROR unit.opensearch/0.juju-log opensearch-peers:1: [Errno 111] Connection refused
unit-opensearch-0: 02:08:37 ERROR unit.opensearch/0.juju-log opensearch-peers:1: Cannot connect to the OpenSearch server...
unit-opensearch-0: 02:08:37 ERROR unit.opensearch/0.juju-log opensearch-peers:1: [Errno 111] Connection refused
unit-opensearch-0: 02:08:38 ERROR unit.opensearch/0.juju-log opensearch-peers:1: [Errno 111] Connection refused
unit-opensearch-0: 02:08:38 ERROR unit.opensearch/0.juju-log opensearch-peers:1: Request GET to https://10.124.50.20:9200/.charm_node_lock/_source/0 with payload: None failed.(Attempts left: 2)
	Error: 404 Client Error: Not Found for url: https://10.124.50.20:9200/.charm_node_lock/_source/0
unit-opensearch-2: 02:08:38 ERROR unit.opensearch/2.juju-log node-lock-fallback:0: [Errno 111] Connection refused
unit-opensearch-2: 02:08:38 ERROR unit.opensearch/2.juju-log node-lock-fallback:0: Cannot connect to the OpenSearch server...
unit-opensearch-2: 02:08:38 ERROR unit.opensearch/2.juju-log node-lock-fallback:0: [Errno 111] Connection refused
unit-opensearch-0: 02:08:39 ERROR unit.opensearch/0.juju-log opensearch-peers:1: Request GET to https://10.124.50.20:9200/.charm_node_lock/_source/0 with payload: None failed.(Attempts left: 1)
	Error: 404 Client Error: Not Found for url: https://10.124.50.20:9200/.charm_node_lock/_source/0
unit-opensearch-2: 02:08:39 ERROR unit.opensearch/2.juju-log node-lock-fallback:0: [Errno 111] Connection refused
unit-opensearch-2: 02:08:39 ERROR unit.opensearch/2.juju-log node-lock-fallback:0: Cannot connect to the OpenSearch server...
unit-opensearch-2: 02:08:39 ERROR unit.opensearch/2.juju-log node-lock-fallback:0: [Errno 111] Connection refused
unit-opensearch-0: 02:08:40 ERROR unit.opensearch/0.juju-log opensearch-peers:1: [Errno 111] Connection refused
unit-opensearch-2: 02:08:40 ERROR unit.opensearch/2.juju-log node-lock-fallback:0: [Errno 111] Connection refused
unit-opensearch-2: 02:08:40 ERROR unit.opensearch/2.juju-log node-lock-fallback:0: Cannot connect to the OpenSearch server...
unit-opensearch-2: 02:08:40 ERROR unit.opensearch/2.juju-log node-lock-fallback:0: [Errno 111] Connection refused
unit-opensearch-0: 02:08:40 ERROR unit.opensearch/0.juju-log opensearch-peers:1: [Errno 111] Connection refused
unit-opensearch-0: 02:08:40 ERROR unit.opensearch/0.juju-log opensearch-peers:1: [Errno 111] Connection refused
unit-opensearch-0: 02:08:41 ERROR unit.opensearch/0.juju-log opensearch-peers:1: [Errno 111] Connection refused
unit-opensearch-2: 02:08:41 ERROR unit.opensearch/2.juju-log node-lock-fallback:0: [Errno 111] Connection refused
unit-opensearch-2: 02:08:41 ERROR unit.opensearch/2.juju-log node-lock-fallback:0: Cannot connect to the OpenSearch server...
unit-opensearch-2: 02:08:41 ERROR unit.opensearch/2.juju-log node-lock-fallback:0: [Errno 111] Connection refused
unit-opensearch-0: 02:08:41 ERROR unit.opensearch/0.juju-log opensearch-peers:1: [Errno 111] Connection refused
unit-opensearch-0: 02:08:41 ERROR unit.opensearch/0.juju-log opensearch-peers:1: Cannot connect to the OpenSearch server...
unit-opensearch-0: 02:08:41 ERROR unit.opensearch/0.juju-log opensearch-peers:1: [Errno 111] Connection refused
unit-opensearch-2: 02:08:42 ERROR unit.opensearch/2.juju-log node-lock-fallback:0: [Errno 111] Connection refused
unit-opensearch-2: 02:08:42 ERROR unit.opensearch/2.juju-log node-lock-fallback:0: Cannot connect to the OpenSearch server...
unit-opensearch-2: 02:08:42 ERROR unit.opensearch/2.juju-log node-lock-fallback:0: [Errno 111] Connection refused
unit-opensearch-2: 02:08:43 ERROR unit.opensearch/2.juju-log opensearch-peers:1: [Errno 111] Connection refused
unit-opensearch-2: 02:08:43 ERROR unit.opensearch/2.juju-log opensearch-peers:1: Cannot connect to the OpenSearch server...
unit-opensearch-2: 02:08:43 ERROR unit.opensearch/2.juju-log opensearch-peers:1: [Errno 111] Connection refused
unit-opensearch-2: 02:08:43 ERROR unit.opensearch/2.juju-log opensearch-peers:1: [Errno 111] Connection refused
unit-opensearch-0: 02:08:44 ERROR unit.opensearch/0.juju-log opensearch-peers:1: [Errno 111] Connection refused
unit-opensearch-0: 02:08:48 ERROR unit.opensearch/0.juju-log opensearch-peers:1: [Errno 111] Connection refused
unit-opensearch-2: 02:08:50 ERROR unit.opensearch/2.juju-log upgrade-version-a:2: [Errno 111] Connection refused
unit-opensearch-2: 02:08:50 ERROR unit.opensearch/2.juju-log upgrade-version-a:2: Cannot connect to the OpenSearch server...
unit-opensearch-0: 02:08:51 ERROR unit.opensearch/0.juju-log opensearch-peers:1: [Errno 111] Connection refused
unit-opensearch-2: 02:08:51 ERROR unit.opensearch/2.juju-log upgrade-version-a:2: [Errno 111] Connection refused
unit-opensearch-0: 02:08:54 ERROR unit.opensearch/0.juju-log opensearch-peers:1: [Errno 111] Connection refused
unit-opensearch-0: 02:08:57 ERROR unit.opensearch/0.juju-log opensearch-peers:1: [Errno 111] Connection refused
unit-opensearch-2: 02:09:00 ERROR unit.opensearch/2.juju-log opensearch-peers:1: [Errno 111] Connection refused
unit-opensearch-2: 02:09:00 ERROR unit.opensearch/2.juju-log opensearch-peers:1: Cannot connect to the OpenSearch server...
unit-opensearch-2: 02:09:00 ERROR unit.opensearch/2.juju-log opensearch-peers:1: [Errno 111] Connection refused
unit-opensearch-2: 02:09:00 ERROR unit.opensearch/2.juju-log opensearch-peers:1: [Errno 111] Connection refused
unit-opensearch-0: 02:09:00 ERROR unit.opensearch/0.juju-log opensearch-peers:1: [Errno 111] Connection refused
unit-opensearch-2: 02:09:02 ERROR unit.opensearch/2.juju-log opensearch-peers:1: [Errno 111] Connection refused
unit-opensearch-2: 02:09:02 ERROR unit.opensearch/2.juju-log opensearch-peers:1: Cannot connect to the OpenSearch server...
unit-opensearch-2: 02:09:02 ERROR unit.opensearch/2.juju-log opensearch-peers:1: [Errno 111] Connection refused
unit-opensearch-2: 02:09:02 ERROR unit.opensearch/2.juju-log opensearch-peers:1: [Errno 111] Connection refused
unit-opensearch-2: 02:09:02 ERROR unit.opensearch/2.juju-log opensearch-peers:1: [Errno 111] Connection refused
unit-opensearch-2: 02:09:02 ERROR unit.opensearch/2.juju-log opensearch-peers:1: [Errno 111] Connection refused
unit-opensearch-0: 02:09:03 ERROR unit.opensearch/0.juju-log opensearch-peers:1: [Errno 111] Connection refused
unit-opensearch-2: 02:09:03 ERROR unit.opensearch/2.juju-log opensearch-peers:1: [Errno 111] Connection refused
unit-opensearch-2: 02:09:04 ERROR unit.opensearch/2.juju-log opensearch-peers:1: Cannot connect to the OpenSearch server...
unit-opensearch-2: 02:09:04 ERROR unit.opensearch/2.juju-log opensearch-peers:1: [Errno 111] Connection refused
unit-opensearch-2: 02:09:04 ERROR unit.opensearch/2.juju-log opensearch-peers:1: [Errno 111] Connection refused
unit-opensearch-2: 02:09:04 ERROR unit.opensearch/2.juju-log opensearch-peers:1: [Errno 111] Connection refused
unit-opensearch-2: 02:09:04 ERROR unit.opensearch/2.juju-log opensearch-peers:1: [Errno 111] Connection refused
unit-opensearch-2: 02:09:05 ERROR unit.opensearch/2.juju-log opensearch-peers:1: [Errno 111] Connection refused
unit-opensearch-2: 02:09:05 ERROR unit.opensearch/2.juju-log opensearch-peers:1: Cannot connect to the OpenSearch server...
unit-opensearch-2: 02:09:05 ERROR unit.opensearch/2.juju-log opensearch-peers:1: [Errno 111] Connection refused
unit-opensearch-2: 02:09:05 ERROR unit.opensearch/2.juju-log opensearch-peers:1: [Errno 111] Connection refused
unit-opensearch-2: 02:09:06 ERROR unit.opensearch/2.juju-log opensearch-peers:1: [Errno 111] Connection refused
unit-opensearch-2: 02:09:06 ERROR unit.opensearch/2.juju-log opensearch-peers:1: [Errno 111] Connection refused
unit-opensearch-2: 02:09:06 ERROR unit.opensearch/2.juju-log opensearch-peers:1: [Errno 111] Connection refused
unit-opensearch-2: 02:09:06 ERROR unit.opensearch/2.juju-log opensearch-peers:1: [Errno 111] Connection refused
unit-opensearch-0: 02:09:06 ERROR unit.opensearch/0.juju-log opensearch-peers:1: [Errno 111] Connection refused
unit-opensearch-1: 02:09:08 ERROR unit.opensearch/1.juju-log opensearch-peers:1: [Errno 111] Connection refused
unit-opensearch-1: 02:09:09 ERROR unit.opensearch/1.juju-log opensearch-peers:1: [Errno 111] Connection refused
unit-opensearch-1: 02:09:09 ERROR unit.opensearch/1.juju-log opensearch-peers:1: [Errno 111] Connection refused
unit-opensearch-1: 02:09:09 ERROR unit.opensearch/1.juju-log opensearch-peers:1: [Errno 111] Connection refused
unit-opensearch-0: 02:09:09 ERROR unit.opensearch/0.juju-log opensearch-peers:1: [Errno 111] Connection refused
unit-opensearch-1: 02:09:10 ERROR unit.opensearch/1.juju-log node-lock-fallback:0: [Errno 111] Connection refused
unit-opensearch-1: 02:09:10 ERROR unit.opensearch/1.juju-log node-lock-fallback:0: [Errno 111] Connection refused
unit-opensearch-1: 02:09:10 ERROR unit.opensearch/1.juju-log node-lock-fallback:0: [Errno 111] Connection refused
unit-opensearch-1: 02:09:11 ERROR unit.opensearch/1.juju-log node-lock-fallback:0: [Errno 111] Connection refused
unit-opensearch-1: 02:09:12 ERROR unit.opensearch/1.juju-log upgrade-version-a:2: [Errno 111] Connection refused
unit-opensearch-0: 02:09:12 ERROR unit.opensearch/0.juju-log opensearch-peers:1: [Errno 111] Connection refused
unit-opensearch-1: 02:09:12 ERROR unit.opensearch/1.juju-log upgrade-version-a:2: [Errno 111] Connection refused
unit-opensearch-1: 02:09:12 ERROR unit.opensearch/1.juju-log upgrade-version-a:2: [Errno 111] Connection refused
unit-opensearch-1: 02:09:13 ERROR unit.opensearch/1.juju-log upgrade-version-a:2: [Errno 111] Connection refused
unit-opensearch-1: 02:09:14 ERROR unit.opensearch/1.juju-log opensearch-peers:1: [Errno 111] Connection refused
unit-opensearch-1: 02:09:15 ERROR unit.opensearch/1.juju-log opensearch-peers:1: [Errno 111] Connection refused
unit-opensearch-1: 02:09:15 ERROR unit.opensearch/1.juju-log opensearch-peers:1: [Errno 111] Connection refused
unit-opensearch-1: 02:09:15 ERROR unit.opensearch/1.juju-log opensearch-peers:1: [Errno 111] Connection refused
unit-opensearch-1: 02:09:15 ERROR unit.opensearch/1.juju-log opensearch-peers:1: [Errno 111] Connection refused
unit-opensearch-0: 02:09:15 ERROR unit.opensearch/0.juju-log opensearch-peers:1: [Errno 111] Connection refused
unit-opensearch-1: 02:09:15 ERROR unit.opensearch/1.juju-log opensearch-peers:1: [Errno 111] Connection refused
unit-opensearch-1: 02:09:15 ERROR unit.opensearch/1.juju-log opensearch-peers:1: [Errno 111] Connection refused
unit-opensearch-1: 02:09:17 ERROR unit.opensearch/1.juju-log opensearch-peers:1: [Errno 111] Connection refused
unit-opensearch-1: 02:09:17 ERROR unit.opensearch/1.juju-log opensearch-peers:1: [Errno 111] Connection refused
unit-opensearch-1: 02:09:17 ERROR unit.opensearch/1.juju-log opensearch-peers:1: [Errno 111] Connection refused
unit-opensearch-1: 02:09:17 ERROR unit.opensearch/1.juju-log opensearch-peers:1: [Errno 111] Connection refused
unit-opensearch-1: 02:09:17 ERROR unit.opensearch/1.juju-log opensearch-peers:1: [Errno 111] Connection refused
unit-opensearch-1: 02:09:17 ERROR unit.opensearch/1.juju-log opensearch-peers:1: [Errno 111] Connection refused
unit-opensearch-1: 02:09:18 ERROR unit.opensearch/1.juju-log opensearch-peers:1: [Errno 111] Connection refused
unit-opensearch-1: 02:09:18 ERROR unit.opensearch/1.juju-log opensearch-peers:1: [Errno 111] Connection refused
unit-opensearch-0: 02:09:18 ERROR unit.opensearch/0.juju-log opensearch-peers:1: [Errno 111] Connection refused
unit-opensearch-1: 02:09:20 ERROR unit.opensearch/1.juju-log certificates:3: [Errno 111] Connection refused
unit-opensearch-1: 02:09:22 ERROR unit.opensearch/1.juju-log certificates:3: [Errno 111] Connection refused
unit-opensearch-1: 02:09:22 ERROR unit.opensearch/1.juju-log certificates:3: [Errno 111] Connection refused
unit-opensearch-1: 02:09:22 ERROR unit.opensearch/1.juju-log certificates:3: [Errno 111] Connection refused
unit-opensearch-1: 02:09:22 ERROR unit.opensearch/1.juju-log certificates:3: [Errno 111] Connection refused
unit-opensearch-2: 02:09:23 ERROR unit.opensearch/2.juju-log node-lock-fallback:0: [Errno 111] Connection refused
unit-opensearch-2: 02:09:23 ERROR unit.opensearch/2.juju-log node-lock-fallback:0: Cannot connect to the OpenSearch server...
unit-opensearch-2: 02:09:23 ERROR unit.opensearch/2.juju-log node-lock-fallback:0: [Errno 111] Connection refused
unit-opensearch-2: 02:09:24 ERROR unit.opensearch/2.juju-log node-lock-fallback:0: [Errno 111] Connection refused
unit-opensearch-1: 02:09:24 ERROR unit.opensearch/1.juju-log [Errno 111] Connection refused
unit-opensearch-1: 02:09:25 ERROR unit.opensearch/1.juju-log [Errno 111] Connection refused
unit-opensearch-2: 02:09:25 ERROR unit.opensearch/2.juju-log [Errno 111] Connection refused
unit-opensearch-2: 02:09:25 ERROR unit.opensearch/2.juju-log Cannot connect to the OpenSearch server...
unit-opensearch-2: 02:09:25 ERROR unit.opensearch/2.juju-log [Errno 111] Connection refused
unit-opensearch-1: 02:09:25 ERROR unit.opensearch/1.juju-log [Errno 111] Connection refused
unit-opensearch-2: 02:09:25 ERROR unit.opensearch/2.juju-log [Errno 111] Connection refused
unit-opensearch-1: 02:09:25 ERROR unit.opensearch/1.juju-log [Errno 111] Connection refused
unit-opensearch-2: 02:09:25 ERROR unit.opensearch/2.juju-log Request GET to https://10.124.50.104:9200/.charm_node_lock/_source/0 with payload: None failed.(Attempts left: 2)
	Error: 404 Client Error: Not Found for url: https://10.124.50.104:9200/.charm_node_lock/_source/0
unit-opensearch-1: 02:09:25 ERROR unit.opensearch/1.juju-log [Errno 111] Connection refused
unit-opensearch-2: 02:09:26 ERROR unit.opensearch/2.juju-log Request GET to https://10.124.50.104:9200/.charm_node_lock/_source/0 with payload: None failed.(Attempts left: 1)
	Error: 404 Client Error: Not Found for url: https://10.124.50.104:9200/.charm_node_lock/_source/0
unit-opensearch-1: 02:09:26 ERROR unit.opensearch/1.juju-log [Errno 111] Connection refused
unit-opensearch-1: 02:09:27 ERROR unit.opensearch/1.juju-log [Errno 111] Connection refused
unit-opensearch-1: 02:09:27 ERROR unit.opensearch/1.juju-log [Errno 111] Connection refused
unit-opensearch-1: 02:09:27 ERROR unit.opensearch/1.juju-log [Errno 111] Connection refused
unit-opensearch-1: 02:09:27 ERROR unit.opensearch/1.juju-log [Errno 111] Connection refused
unit-opensearch-2: 02:09:27 ERROR unit.opensearch/2.juju-log [Errno 111] Connection refused
unit-opensearch-2: 02:09:28 ERROR unit.opensearch/2.juju-log [Errno 111] Connection refused
unit-opensearch-2: 02:09:28 ERROR unit.opensearch/2.juju-log [Errno 111] Connection refused
unit-opensearch-2: 02:09:28 ERROR unit.opensearch/2.juju-log Request PUT to https://10.124.50.20:9200/.charm_node_lock?wait_for_active_shards=all with payload: {'settings': {'index': {'auto_expand_replicas': '0-all'}}} failed.(Attempts left: 2)
	Error: 400 Client Error: Bad Request for url: https://10.124.50.20:9200/.charm_node_lock?wait_for_active_shards=all
unit-opensearch-1: 02:09:28 ERROR unit.opensearch/1.juju-log [Errno 111] Connection refused
unit-opensearch-1: 02:09:28 ERROR unit.opensearch/1.juju-log [Errno 111] Connection refused
unit-opensearch-1: 02:09:28 ERROR unit.opensearch/1.juju-log [Errno 111] Connection refused
unit-opensearch-1: 02:09:29 ERROR unit.opensearch/1.juju-log [Errno 111] Connection refused
unit-opensearch-1: 02:09:29 ERROR unit.opensearch/1.juju-log [Errno 111] Connection refused
unit-opensearch-2: 02:09:29 ERROR unit.opensearch/2.juju-log Request PUT to https://10.124.50.20:9200/.charm_node_lock?wait_for_active_shards=all with payload: {'settings': {'index': {'auto_expand_replicas': '0-all'}}} failed.(Attempts left: 1)
	Error: 400 Client Error: Bad Request for url: https://10.124.50.20:9200/.charm_node_lock?wait_for_active_shards=all
unit-opensearch-1: 02:09:30 ERROR unit.opensearch/1.juju-log [Errno 111] Connection refused
unit-opensearch-2: 02:09:30 ERROR unit.opensearch/2.juju-log [Errno 111] Connection refused
unit-opensearch-1: 02:09:30 ERROR unit.opensearch/1.juju-log [Errno 111] Connection refused
unit-opensearch-1: 02:09:30 ERROR unit.opensearch/1.juju-log [Errno 111] Connection refused
unit-opensearch-2: 02:09:30 ERROR unit.opensearch/2.juju-log [Errno 111] Connection refused
unit-opensearch-1: 02:09:30 ERROR unit.opensearch/1.juju-log [Errno 111] Connection refused
unit-opensearch-1: 02:09:30 ERROR unit.opensearch/1.juju-log [Errno 111] Connection refused
unit-opensearch-2: 02:09:30 ERROR unit.opensearch/2.juju-log [Errno 111] Connection refused
unit-opensearch-2: 02:09:31 ERROR unit.opensearch/2.juju-log Cannot connect to the OpenSearch server...
unit-opensearch-2: 02:09:31 ERROR unit.opensearch/2.juju-log [Errno 111] Connection refused
unit-opensearch-1: 02:09:31 ERROR unit.opensearch/1.juju-log [Errno 111] Connection refused
unit-opensearch-1: 02:09:31 ERROR unit.opensearch/1.juju-log [Errno 111] Connection refused
unit-opensearch-1: 02:09:32 ERROR unit.opensearch/1.juju-log [Errno 111] Connection refused
unit-opensearch-1: 02:09:32 ERROR unit.opensearch/1.juju-log [Errno 111] Connection refused
unit-opensearch-1: 02:09:33 ERROR unit.opensearch/1.juju-log [Errno 111] Connection refused
unit-opensearch-2: 02:09:34 ERROR unit.opensearch/2.juju-log [Errno 111] Connection refused
unit-opensearch-0: 02:09:34 ERROR unit.opensearch/0.juju-log opensearch-peers:1: [Errno 111] Connection refused
unit-opensearch-1: 02:09:36 ERROR unit.opensearch/1.juju-log node-lock-fallback:0: [Errno 111] Connection refused
unit-opensearch-2: 02:09:37 ERROR unit.opensearch/2.juju-log [Errno 111] Connection refused
unit-opensearch-1: 02:09:40 ERROR unit.opensearch/1.juju-log node-lock-fallback:0: [Errno 111] Connection refused
unit-opensearch-2: 02:09:40 ERROR unit.opensearch/2.juju-log [Errno 111] Connection refused
unit-opensearch-1: 02:09:43 ERROR unit.opensearch/1.juju-log node-lock-fallback:0: [Errno 111] Connection refused
unit-opensearch-2: 02:09:43 ERROR unit.opensearch/2.juju-log [Errno 111] Connection refused
unit-opensearch-2: 02:09:47 ERROR unit.opensearch/2.juju-log [Errno 111] Connection refused
unit-opensearch-1: 02:09:48 ERROR unit.opensearch/1.juju-log node-lock-fallback:0: [Errno 111] Connection refused
unit-opensearch-1: 02:09:49 ERROR unit.opensearch/1.juju-log node-lock-fallback:0: [Errno 111] Connection refused
unit-opensearch-2: 02:09:50 ERROR unit.opensearch/2.juju-log [Errno 111] Connection refused
unit-opensearch-1: 02:09:50 ERROR unit.opensearch/1.juju-log node-lock-fallback:0: [Errno 111] Connection refused
unit-opensearch-1: 02:09:51 ERROR unit.opensearch/1.juju-log node-lock-fallback:0: [Errno 111] Connection refused
unit-opensearch-1: 02:09:51 ERROR unit.opensearch/1.juju-log node-lock-fallback:0: [Errno 111] Connection refused
unit-opensearch-1: 02:09:52 ERROR unit.opensearch/1.juju-log node-lock-fallback:0: [Errno 111] Connection refused
unit-opensearch-1: 02:09:53 ERROR unit.opensearch/1.juju-log node-lock-fallback:0: [Errno 111] Connection refused
unit-opensearch-2: 02:09:53 ERROR unit.opensearch/2.juju-log [Errno 111] Connection refused
unit-opensearch-1: 02:09:55 ERROR unit.opensearch/1.juju-log node-lock-fallback:0: [Errno 111] Connection refused
unit-opensearch-1: 02:09:55 ERROR unit.opensearch/1.juju-log node-lock-fallback:0: [Errno 111] Connection refused
unit-opensearch-1: 02:09:55 ERROR unit.opensearch/1.juju-log node-lock-fallback:0: [Errno 111] Connection refused
unit-opensearch-1: 02:09:55 ERROR unit.opensearch/1.juju-log node-lock-fallback:0: [Errno 111] Connection refused
unit-opensearch-1: 02:09:55 ERROR unit.opensearch/1.juju-log node-lock-fallback:0: [Errno 111] Connection refused
unit-opensearch-2: 02:09:56 ERROR unit.opensearch/2.juju-log [Errno 111] Connection refused
unit-opensearch-1: 02:09:57 ERROR unit.opensearch/1.juju-log node-lock-fallback:0: [Errno 111] Connection refused
unit-opensearch-1: 02:09:57 ERROR unit.opensearch/1.juju-log node-lock-fallback:0: [Errno 111] Connection refused
unit-opensearch-1: 02:09:58 ERROR unit.opensearch/1.juju-log node-lock-fallback:0: [Errno 111] Connection refused
unit-opensearch-1: 02:09:58 ERROR unit.opensearch/1.juju-log node-lock-fallback:0: [Errno 111] Connection refused
unit-opensearch-2: 02:09:59 ERROR unit.opensearch/2.juju-log [Errno 111] Connection refused
unit-opensearch-1: 02:09:59 ERROR unit.opensearch/1.juju-log node-lock-fallback:0: [Errno 111] Connection refused
unit-opensearch-1: 02:10:00 ERROR unit.opensearch/1.juju-log upgrade-version-a:2: [Errno 111] Connection refused
unit-opensearch-1: 02:10:00 ERROR unit.opensearch/1.juju-log upgrade-version-a:2: [Errno 111] Connection refused
unit-opensearch-1: 02:10:00 ERROR unit.opensearch/1.juju-log upgrade-version-a:2: [Errno 111] Connection refused
unit-opensearch-1: 02:10:01 ERROR unit.opensearch/1.juju-log upgrade-version-a:2: [Errno 111] Connection refused
unit-opensearch-1: 02:10:01 ERROR unit.opensearch/1.juju-log upgrade-version-a:2: [Errno 111] Connection refused
unit-opensearch-2: 02:10:02 ERROR unit.opensearch/2.juju-log [Errno 111] Connection refused
unit-opensearch-1: 02:10:02 ERROR unit.opensearch/1.juju-log upgrade-version-a:2: [Errno 111] Connection refused
unit-opensearch-1: 02:10:03 ERROR unit.opensearch/1.juju-log upgrade-version-a:2: [Errno 111] Connection refused
unit-opensearch-1: 02:10:03 ERROR unit.opensearch/1.juju-log upgrade-version-a:2: [Errno 111] Connection refused
unit-opensearch-1: 02:10:03 ERROR unit.opensearch/1.juju-log upgrade-version-a:2: [Errno 111] Connection refused
unit-opensearch-1: 02:10:04 ERROR unit.opensearch/1.juju-log upgrade-version-a:2: [Errno 111] Connection refused
unit-opensearch-2: 02:10:05 ERROR unit.opensearch/2.juju-log [Errno 111] Connection refused
unit-opensearch-1: 02:10:05 ERROR unit.opensearch/1.juju-log opensearch-peers:1: [Errno 111] Connection refused
unit-opensearch-1: 02:10:05 ERROR unit.opensearch/1.juju-log opensearch-peers:1: [Errno 111] Connection refused
unit-opensearch-1: 02:10:06 ERROR unit.opensearch/1.juju-log opensearch-peers:1: [Errno 111] Connection refused
unit-opensearch-1: 02:10:06 ERROR unit.opensearch/1.juju-log opensearch-peers:1: [Errno 111] Connection refused
unit-opensearch-1: 02:10:06 ERROR unit.opensearch/1.juju-log opensearch-peers:1: [Errno 111] Connection refused
unit-opensearch-1: 02:10:06 ERROR unit.opensearch/1.juju-log opensearch-peers:1: [Errno 111] Connection refused
unit-opensearch-1: 02:10:06 ERROR unit.opensearch/1.juju-log opensearch-peers:1: [Errno 111] Connection refused
unit-opensearch-1: 02:10:06 ERROR unit.opensearch/1.juju-log opensearch-peers:1: [Errno 111] Connection refused
unit-opensearch-1: 02:10:08 ERROR unit.opensearch/1.juju-log opensearch-peers:1: [Errno 111] Connection refused
unit-opensearch-2: 02:10:08 ERROR unit.opensearch/2.juju-log [Errno 111] Connection refused
unit-opensearch-1: 02:10:08 ERROR unit.opensearch/1.juju-log opensearch-peers:1: [Errno 111] Connection refused
unit-opensearch-1: 02:10:09 ERROR unit.opensearch/1.juju-log opensearch-peers:1: [Errno 111] Connection refused
unit-opensearch-1: 02:11:30 ERROR unit.opensearch/1.juju-log Request GET to https://10.124.50.20:9200/_snapshot/s3-repository with payload: None failed.(Attempts left: 5)
	Error: 404 Client Error: Not Found for url: https://10.124.50.20:9200/_snapshot/s3-repository
unit-opensearch-1: 02:11:31 ERROR unit.opensearch/1.juju-log Request GET to https://10.124.50.20:9200/_snapshot/s3-repository with payload: None failed.(Attempts left: 4)
	Error: 404 Client Error: Not Found for url: https://10.124.50.20:9200/_snapshot/s3-repository
unit-opensearch-1: 02:11:32 ERROR unit.opensearch/1.juju-log Request GET to https://10.124.50.20:9200/_snapshot/s3-repository with payload: None failed.(Attempts left: 3)
	Error: 404 Client Error: Not Found for url: https://10.124.50.20:9200/_snapshot/s3-repository
unit-opensearch-1: 02:11:33 ERROR unit.opensearch/1.juju-log Request GET to https://10.124.50.20:9200/_snapshot/s3-repository with payload: None failed.(Attempts left: 2)
	Error: 404 Client Error: Not Found for url: https://10.124.50.20:9200/_snapshot/s3-repository
unit-opensearch-1: 02:11:34 ERROR unit.opensearch/1.juju-log Request GET to https://10.124.50.20:9200/_snapshot/s3-repository with payload: None failed.(Attempts left: 1)
	Error: 404 Client Error: Not Found for url: https://10.124.50.20:9200/_snapshot/s3-repository
unit-opensearch-0: 02:12:18 ERROR unit.opensearch/0.juju-log Uncaught exception while in charm code:
Traceback (most recent call last):
  File "/var/lib/juju/agents/unit-opensearch-0/charm/./src/charm.py", line 213, in <module>
    main(OpenSearchOperatorCharm)
  File "/var/lib/juju/agents/unit-opensearch-0/charm/venv/ops/main.py", line 549, in main
    manager = _Manager(charm_class, use_juju_for_storage=use_juju_for_storage)
  File "/var/lib/juju/agents/unit-opensearch-0/charm/venv/ops/main.py", line 432, in __init__
    self.charm = self._make_charm(self.framework, self.dispatcher)
  File "/var/lib/juju/agents/unit-opensearch-0/charm/venv/ops/main.py", line 435, in _make_charm
    charm = self._charm_class(framework)
  File "/var/lib/juju/agents/unit-opensearch-0/charm/./src/charm.py", line 29, in __init__
    super().__init__(*args, distro=OpenSearchSnap)  # OpenSearchTarball
  File "/var/lib/juju/agents/unit-opensearch-0/charm/lib/charms/opensearch/v0/opensearch_base_charm.py", line 197, in __init__
    self.backup = backup(self)
  File "/var/lib/juju/agents/unit-opensearch-0/charm/lib/charms/opensearch/v0/opensearch_backups.py", line 1080, in backup
    if not charm.opensearch_peer_cm.deployment_desc():
  File "/var/lib/juju/agents/unit-opensearch-0/charm/lib/charms/opensearch/v0/opensearch_peer_clusters.py", line 358, in deployment_desc
    return DeploymentDescription.from_dict(current_deployment_desc)
  File "/var/lib/juju/agents/unit-opensearch-0/charm/lib/charms/opensearch/v0/models.py", line 47, in from_dict
    return cls(**input_dict)
  File "/var/lib/juju/agents/unit-opensearch-0/charm/lib/charms/opensearch/v0/models.py", line 32, in __init__
    super().__init__(**data)
  File "/var/lib/juju/agents/unit-opensearch-0/charm/venv/pydantic/main.py", line 341, in __init__
    raise validation_error
pydantic.error_wrappers.ValidationError: 1 validation error for DeploymentDescription
app
  value is not a valid dict (type=type_error.dict)
unit-opensearch-2: 02:12:18 ERROR unit.opensearch/2.juju-log Uncaught exception while in charm code:
Traceback (most recent call last):
  File "/var/lib/juju/agents/unit-opensearch-2/charm/./src/charm.py", line 213, in <module>
    main(OpenSearchOperatorCharm)
  File "/var/lib/juju/agents/unit-opensearch-2/charm/venv/ops/main.py", line 549, in main
    manager = _Manager(charm_class, use_juju_for_storage=use_juju_for_storage)
  File "/var/lib/juju/agents/unit-opensearch-2/charm/venv/ops/main.py", line 432, in __init__
    self.charm = self._make_charm(self.framework, self.dispatcher)
  File "/var/lib/juju/agents/unit-opensearch-2/charm/venv/ops/main.py", line 435, in _make_charm
    charm = self._charm_class(framework)
  File "/var/lib/juju/agents/unit-opensearch-2/charm/./src/charm.py", line 29, in __init__
    super().__init__(*args, distro=OpenSearchSnap)  # OpenSearchTarball
  File "/var/lib/juju/agents/unit-opensearch-2/charm/lib/charms/opensearch/v0/opensearch_base_charm.py", line 197, in __init__
    self.backup = backup(self)
  File "/var/lib/juju/agents/unit-opensearch-2/charm/lib/charms/opensearch/v0/opensearch_backups.py", line 1080, in backup
    if not charm.opensearch_peer_cm.deployment_desc():
  File "/var/lib/juju/agents/unit-opensearch-2/charm/lib/charms/opensearch/v0/opensearch_peer_clusters.py", line 358, in deployment_desc
    return DeploymentDescription.from_dict(current_deployment_desc)
  File "/var/lib/juju/agents/unit-opensearch-2/charm/lib/charms/opensearch/v0/models.py", line 47, in from_dict
    return cls(**input_dict)
  File "/var/lib/juju/agents/unit-opensearch-2/charm/lib/charms/opensearch/v0/models.py", line 32, in __init__
    super().__init__(**data)
  File "/var/lib/juju/agents/unit-opensearch-2/charm/venv/pydantic/main.py", line 341, in __init__
    raise validation_error
pydantic.error_wrappers.ValidationError: 1 validation error for DeploymentDescription
app
  value is not a valid dict (type=type_error.dict)
unit-opensearch-0: 02:12:18 ERROR juju.worker.uniter.operation hook "upgrade-charm" (via hook dispatching script: dispatch) failed: exit status 1
unit-opensearch-2: 02:12:18 ERROR juju.worker.uniter.operation hook "upgrade-charm" (via hook dispatching script: dispatch) failed: exit status 1
unit-opensearch-1: 02:12:19 ERROR unit.opensearch/1.juju-log Uncaught exception while in charm code:
Traceback (most recent call last):
  File "/var/lib/juju/agents/unit-opensearch-1/charm/./src/charm.py", line 213, in <module>
    main(OpenSearchOperatorCharm)
  File "/var/lib/juju/agents/unit-opensearch-1/charm/venv/ops/main.py", line 549, in main
    manager = _Manager(charm_class, use_juju_for_storage=use_juju_for_storage)
  File "/var/lib/juju/agents/unit-opensearch-1/charm/venv/ops/main.py", line 432, in __init__
    self.charm = self._make_charm(self.framework, self.dispatcher)
  File "/var/lib/juju/agents/unit-opensearch-1/charm/venv/ops/main.py", line 435, in _make_charm
    charm = self._charm_class(framework)
  File "/var/lib/juju/agents/unit-opensearch-1/charm/./src/charm.py", line 29, in __init__
    super().__init__(*args, distro=OpenSearchSnap)  # OpenSearchTarball
  File "/var/lib/juju/agents/unit-opensearch-1/charm/lib/charms/opensearch/v0/opensearch_base_charm.py", line 197, in __init__
    self.backup = backup(self)
  File "/var/lib/juju/agents/unit-opensearch-1/charm/lib/charms/opensearch/v0/opensearch_backups.py", line 1080, in backup
    if not charm.opensearch_peer_cm.deployment_desc():
  File "/var/lib/juju/agents/unit-opensearch-1/charm/lib/charms/opensearch/v0/opensearch_peer_clusters.py", line 358, in deployment_desc
    return DeploymentDescription.from_dict(current_deployment_desc)
  File "/var/lib/juju/agents/unit-opensearch-1/charm/lib/charms/opensearch/v0/models.py", line 47, in from_dict
    return cls(**input_dict)
  File "/var/lib/juju/agents/unit-opensearch-1/charm/lib/charms/opensearch/v0/models.py", line 32, in __init__
    super().__init__(**data)
  File "/var/lib/juju/agents/unit-opensearch-1/charm/venv/pydantic/main.py", line 341, in __init__
    raise validation_error
pydantic.error_wrappers.ValidationError: 1 validation error for DeploymentDescription
app
  value is not a valid dict (type=type_error.dict)
unit-opensearch-1: 02:12:19 ERROR juju.worker.uniter.operation hook "upgrade-charm" (via hook dispatching script: dispatch) failed: exit status 1
unit-opensearch-0: 02:12:24 ERROR unit.opensearch/0.juju-log Uncaught exception while in charm code:
Traceback (most recent call last):
  File "/var/lib/juju/agents/unit-opensearch-0/charm/./src/charm.py", line 213, in <module>
    main(OpenSearchOperatorCharm)
  File "/var/lib/juju/agents/unit-opensearch-0/charm/venv/ops/main.py", line 549, in main
    manager = _Manager(charm_class, use_juju_for_storage=use_juju_for_storage)
  File "/var/lib/juju/agents/unit-opensearch-0/charm/venv/ops/main.py", line 432, in __init__
    self.charm = self._make_charm(self.framework, self.dispatcher)
  File "/var/lib/juju/agents/unit-opensearch-0/charm/venv/ops/main.py", line 435, in _make_charm
    charm = self._charm_class(framework)
  File "/var/lib/juju/agents/unit-opensearch-0/charm/./src/charm.py", line 29, in __init__
    super().__init__(*args, distro=OpenSearchSnap)  # OpenSearchTarball
  File "/var/lib/juju/agents/unit-opensearch-0/charm/lib/charms/opensearch/v0/opensearch_base_charm.py", line 197, in __init__
    self.backup = backup(self)
  File "/var/lib/juju/agents/unit-opensearch-0/charm/lib/charms/opensearch/v0/opensearch_backups.py", line 1080, in backup
    if not charm.opensearch_peer_cm.deployment_desc():
  File "/var/lib/juju/agents/unit-opensearch-0/charm/lib/charms/opensearch/v0/opensearch_peer_clusters.py", line 358, in deployment_desc
    return DeploymentDescription.from_dict(current_deployment_desc)
  File "/var/lib/juju/agents/unit-opensearch-0/charm/lib/charms/opensearch/v0/models.py", line 47, in from_dict
    return cls(**input_dict)
  File "/var/lib/juju/agents/unit-opensearch-0/charm/lib/charms/opensearch/v0/models.py", line 32, in __init__
    super().__init__(**data)
  File "/var/lib/juju/agents/unit-opensearch-0/charm/venv/pydantic/main.py", line 341, in __init__
    raise validation_error
pydantic.error_wrappers.ValidationError: 1 validation error for DeploymentDescription
app
  value is not a valid dict (type=type_error.dict)
unit-opensearch-2: 02:12:24 ERROR unit.opensearch/2.juju-log Uncaught exception while in charm code:
Traceback (most recent call last):
  File "/var/lib/juju/agents/unit-opensearch-2/charm/./src/charm.py", line 213, in <module>
    main(OpenSearchOperatorCharm)
  File "/var/lib/juju/agents/unit-opensearch-2/charm/venv/ops/main.py", line 549, in main
    manager = _Manager(charm_class, use_juju_for_storage=use_juju_for_storage)
  File "/var/lib/juju/agents/unit-opensearch-2/charm/venv/ops/main.py", line 432, in __init__
    self.charm = self._make_charm(self.framework, self.dispatcher)
  File "/var/lib/juju/agents/unit-opensearch-2/charm/venv/ops/main.py", line 435, in _make_charm
    charm = self._charm_class(framework)
  File "/var/lib/juju/agents/unit-opensearch-2/charm/./src/charm.py", line 29, in __init__
    super().__init__(*args, distro=OpenSearchSnap)  # OpenSearchTarball
  File "/var/lib/juju/agents/unit-opensearch-2/charm/lib/charms/opensearch/v0/opensearch_base_charm.py", line 197, in __init__
    self.backup = backup(self)
  File "/var/lib/juju/agents/unit-opensearch-2/charm/lib/charms/opensearch/v0/opensearch_backups.py", line 1080, in backup
    if not charm.opensearch_peer_cm.deployment_desc():
  File "/var/lib/juju/agents/unit-opensearch-2/charm/lib/charms/opensearch/v0/opensearch_peer_clusters.py", line 358, in deployment_desc
    return DeploymentDescription.from_dict(current_deployment_desc)
  File "/var/lib/juju/agents/unit-opensearch-2/charm/lib/charms/opensearch/v0/models.py", line 47, in from_dict
    return cls(**input_dict)
  File "/var/lib/juju/agents/unit-opensearch-2/charm/lib/charms/opensearch/v0/models.py", line 32, in __init__
    super().__init__(**data)
  File "/var/lib/juju/agents/unit-opensearch-2/charm/venv/pydantic/main.py", line 341, in __init__
    raise validation_error
pydantic.error_wrappers.ValidationError: 1 validation error for DeploymentDescription
app
  value is not a valid dict (type=type_error.dict)
unit-opensearch-0: 02:12:25 ERROR juju.worker.uniter.operation hook "upgrade-charm" (via hook dispatching script: dispatch) failed: exit status 1
unit-opensearch-2: 02:12:25 ERROR juju.worker.uniter.operation hook "upgrade-charm" (via hook dispatching script: dispatch) failed: exit status 1
unit-opensearch-1: 02:12:25 ERROR unit.opensearch/1.juju-log Uncaught exception while in charm code:
Traceback (most recent call last):
  File "/var/lib/juju/agents/unit-opensearch-1/charm/./src/charm.py", line 213, in <module>
    main(OpenSearchOperatorCharm)
  File "/var/lib/juju/agents/unit-opensearch-1/charm/venv/ops/main.py", line 549, in main
    manager = _Manager(charm_class, use_juju_for_storage=use_juju_for_storage)
  File "/var/lib/juju/agents/unit-opensearch-1/charm/venv/ops/main.py", line 432, in __init__
    self.charm = self._make_charm(self.framework, self.dispatcher)
  File "/var/lib/juju/agents/unit-opensearch-1/charm/venv/ops/main.py", line 435, in _make_charm
    charm = self._charm_class(framework)
  File "/var/lib/juju/agents/unit-opensearch-1/charm/./src/charm.py", line 29, in __init__
    super().__init__(*args, distro=OpenSearchSnap)  # OpenSearchTarball
  File "/var/lib/juju/agents/unit-opensearch-1/charm/lib/charms/opensearch/v0/opensearch_base_charm.py", line 197, in __init__
    self.backup = backup(self)
  File "/var/lib/juju/agents/unit-opensearch-1/charm/lib/charms/opensearch/v0/opensearch_backups.py", line 1080, in backup
    if not charm.opensearch_peer_cm.deployment_desc():
  File "/var/lib/juju/agents/unit-opensearch-1/charm/lib/charms/opensearch/v0/opensearch_peer_clusters.py", line 358, in deployment_desc
    return DeploymentDescription.from_dict(current_deployment_desc)
  File "/var/lib/juju/agents/unit-opensearch-1/charm/lib/charms/opensearch/v0/models.py", line 47, in from_dict
    return cls(**input_dict)
  File "/var/lib/juju/agents/unit-opensearch-1/charm/lib/charms/opensearch/v0/models.py", line 32, in __init__
    super().__init__(**data)
  File "/var/lib/juju/agents/unit-opensearch-1/charm/venv/pydantic/main.py", line 341, in __init__
    raise validation_error
pydantic.error_wrappers.ValidationError: 1 validation error for DeploymentDescription
app
  value is not a valid dict (type=type_error.dict)
unit-opensearch-1: 02:12:25 ERROR juju.worker.uniter.operation hook "upgrade-charm" (via hook dispatching script: dispatch) failed: exit status 1
unit-opensearch-2: 02:12:36 ERROR unit.opensearch/2.juju-log Uncaught exception while in charm code:
Traceback (most recent call last):
  File "/var/lib/juju/agents/unit-opensearch-2/charm/./src/charm.py", line 213, in <module>
    main(OpenSearchOperatorCharm)
  File "/var/lib/juju/agents/unit-opensearch-2/charm/venv/ops/main.py", line 549, in main
    manager = _Manager(charm_class, use_juju_for_storage=use_juju_for_storage)
  File "/var/lib/juju/agents/unit-opensearch-2/charm/venv/ops/main.py", line 432, in __init__
    self.charm = self._make_charm(self.framework, self.dispatcher)
  File "/var/lib/juju/agents/unit-opensearch-2/charm/venv/ops/main.py", line 435, in _make_charm
    charm = self._charm_class(framework)
  File "/var/lib/juju/agents/unit-opensearch-2/charm/./src/charm.py", line 29, in __init__
    super().__init__(*args, distro=OpenSearchSnap)  # OpenSearchTarball
  File "/var/lib/juju/agents/unit-opensearch-2/charm/lib/charms/opensearch/v0/opensearch_base_charm.py", line 197, in __init__
    self.backup = backup(self)
  File "/var/lib/juju/agents/unit-opensearch-2/charm/lib/charms/opensearch/v0/opensearch_backups.py", line 1080, in backup
    if not charm.opensearch_peer_cm.deployment_desc():
  File "/var/lib/juju/agents/unit-opensearch-2/charm/lib/charms/opensearch/v0/opensearch_peer_clusters.py", line 358, in deployment_desc
    return DeploymentDescription.from_dict(current_deployment_desc)
  File "/var/lib/juju/agents/unit-opensearch-2/charm/lib/charms/opensearch/v0/models.py", line 47, in from_dict
    return cls(**input_dict)
  File "/var/lib/juju/agents/unit-opensearch-2/charm/lib/charms/opensearch/v0/models.py", line 32, in __init__
    super().__init__(**data)
  File "/var/lib/juju/agents/unit-opensearch-2/charm/venv/pydantic/main.py", line 341, in __init__
    raise validation_error
pydantic.error_wrappers.ValidationError: 1 validation error for DeploymentDescription
app
  value is not a valid dict (type=type_error.dict)
unit-opensearch-0: 02:12:36 ERROR unit.opensearch/0.juju-log Uncaught exception while in charm code:
Traceback (most recent call last):
  File "/var/lib/juju/agents/unit-opensearch-0/charm/./src/charm.py", line 213, in <module>
    main(OpenSearchOperatorCharm)
  File "/var/lib/juju/agents/unit-opensearch-0/charm/venv/ops/main.py", line 549, in main
    manager = _Manager(charm_class, use_juju_for_storage=use_juju_for_storage)
  File "/var/lib/juju/agents/unit-opensearch-0/charm/venv/ops/main.py", line 432, in __init__
    self.charm = self._make_charm(self.framework, self.dispatcher)
  File "/var/lib/juju/agents/unit-opensearch-0/charm/venv/ops/main.py", line 435, in _make_charm
    charm = self._charm_class(framework)
  File "/var/lib/juju/agents/unit-opensearch-0/charm/./src/charm.py", line 29, in __init__
    super().__init__(*args, distro=OpenSearchSnap)  # OpenSearchTarball
  File "/var/lib/juju/agents/unit-opensearch-0/charm/lib/charms/opensearch/v0/opensearch_base_charm.py", line 197, in __init__
    self.backup = backup(self)
  File "/var/lib/juju/agents/unit-opensearch-0/charm/lib/charms/opensearch/v0/opensearch_backups.py", line 1080, in backup
    if not charm.opensearch_peer_cm.deployment_desc():
  File "/var/lib/juju/agents/unit-opensearch-0/charm/lib/charms/opensearch/v0/opensearch_peer_clusters.py", line 358, in deployment_desc
    return DeploymentDescription.from_dict(current_deployment_desc)
  File "/var/lib/juju/agents/unit-opensearch-0/charm/lib/charms/opensearch/v0/models.py", line 47, in from_dict
    return cls(**input_dict)
  File "/var/lib/juju/agents/unit-opensearch-0/charm/lib/charms/opensearch/v0/models.py", line 32, in __init__
    super().__init__(**data)
  File "/var/lib/juju/agents/unit-opensearch-0/charm/venv/pydantic/main.py", line 341, in __init__
    raise validation_error
pydantic.error_wrappers.ValidationError: 1 validation error for DeploymentDescription
app
  value is not a valid dict (type=type_error.dict)
unit-opensearch-2: 02:12:36 ERROR juju.worker.uniter.operation hook "upgrade-charm" (via hook dispatching script: dispatch) failed: exit status 1
unit-opensearch-1: 02:12:36 ERROR unit.opensearch/1.juju-log Uncaught exception while in charm code:
Traceback (most recent call last):
  File "/var/lib/juju/agents/unit-opensearch-1/charm/./src/charm.py", line 213, in <module>
    main(OpenSearchOperatorCharm)
  File "/var/lib/juju/agents/unit-opensearch-1/charm/venv/ops/main.py", line 549, in main
    manager = _Manager(charm_class, use_juju_for_storage=use_juju_for_storage)
  File "/var/lib/juju/agents/unit-opensearch-1/charm/venv/ops/main.py", line 432, in __init__
    self.charm = self._make_charm(self.framework, self.dispatcher)
  File "/var/lib/juju/agents/unit-opensearch-1/charm/venv/ops/main.py", line 435, in _make_charm
    charm = self._charm_class(framework)
  File "/var/lib/juju/agents/unit-opensearch-1/charm/./src/charm.py", line 29, in __init__
    super().__init__(*args, distro=OpenSearchSnap)  # OpenSearchTarball
  File "/var/lib/juju/agents/unit-opensearch-1/charm/lib/charms/opensearch/v0/opensearch_base_charm.py", line 197, in __init__
    self.backup = backup(self)
  File "/var/lib/juju/agents/unit-opensearch-1/charm/lib/charms/opensearch/v0/opensearch_backups.py", line 1080, in backup
    if not charm.opensearch_peer_cm.deployment_desc():
  File "/var/lib/juju/agents/unit-opensearch-1/charm/lib/charms/opensearch/v0/opensearch_peer_clusters.py", line 358, in deployment_desc
    return DeploymentDescription.from_dict(current_deployment_desc)
  File "/var/lib/juju/agents/unit-opensearch-1/charm/lib/charms/opensearch/v0/models.py", line 47, in from_dict
    return cls(**input_dict)
  File "/var/lib/juju/agents/unit-opensearch-1/charm/lib/charms/opensearch/v0/models.py", line 32, in __init__
    super().__init__(**data)
  File "/var/lib/juju/agents/unit-opensearch-1/charm/venv/pydantic/main.py", line 341, in __init__
    raise validation_error
pydantic.error_wrappers.ValidationError: 1 validation error for DeploymentDescription
app
  value is not a valid dict (type=type_error.dict)
unit-opensearch-0: 02:12:36 ERROR juju.worker.uniter.operation hook "upgrade-charm" (via hook dispatching script: dispatch) failed: exit status 1
unit-opensearch-1: 02:12:36 ERROR juju.worker.uniter.operation hook "upgrade-charm" (via hook dispatching script: dispatch) failed: exit status 1
unit-opensearch-1: 02:12:57 ERROR unit.opensearch/1.juju-log Uncaught exception while in charm code:
Traceback (most recent call last):
  File "/var/lib/juju/agents/unit-opensearch-1/charm/./src/charm.py", line 213, in <module>
    main(OpenSearchOperatorCharm)
  File "/var/lib/juju/agents/unit-opensearch-1/charm/venv/ops/main.py", line 549, in main
    manager = _Manager(charm_class, use_juju_for_storage=use_juju_for_storage)
  File "/var/lib/juju/agents/unit-opensearch-1/charm/venv/ops/main.py", line 432, in __init__
    self.charm = self._make_charm(self.framework, self.dispatcher)
  File "/var/lib/juju/agents/unit-opensearch-1/charm/venv/ops/main.py", line 435, in _make_charm
    charm = self._charm_class(framework)
  File "/var/lib/juju/agents/unit-opensearch-1/charm/./src/charm.py", line 29, in __init__
    super().__init__(*args, distro=OpenSearchSnap)  # OpenSearchTarball
  File "/var/lib/juju/agents/unit-opensearch-1/charm/lib/charms/opensearch/v0/opensearch_base_charm.py", line 197, in __init__
    self.backup = backup(self)
  File "/var/lib/juju/agents/unit-opensearch-1/charm/lib/charms/opensearch/v0/opensearch_backups.py", line 1080, in backup
    if not charm.opensearch_peer_cm.deployment_desc():
  File "/var/lib/juju/agents/unit-opensearch-1/charm/lib/charms/opensearch/v0/opensearch_peer_clusters.py", line 358, in deployment_desc
    return DeploymentDescription.from_dict(current_deployment_desc)
  File "/var/lib/juju/agents/unit-opensearch-1/charm/lib/charms/opensearch/v0/models.py", line 47, in from_dict
    return cls(**input_dict)
  File "/var/lib/juju/agents/unit-opensearch-1/charm/lib/charms/opensearch/v0/models.py", line 32, in __init__
    super().__init__(**data)
  File "/var/lib/juju/agents/unit-opensearch-1/charm/venv/pydantic/main.py", line 341, in __init__
    raise validation_error
pydantic.error_wrappers.ValidationError: 1 validation error for DeploymentDescription
app
  value is not a valid dict (type=type_error.dict)
unit-opensearch-1: 02:12:57 ERROR juju.worker.uniter.operation hook "upgrade-charm" (via hook dispatching script: dispatch) failed: exit status 1
unit-opensearch-0: 02:12:57 ERROR unit.opensearch/0.juju-log Uncaught exception while in charm code:
Traceback (most recent call last):
  File "/var/lib/juju/agents/unit-opensearch-0/charm/./src/charm.py", line 213, in <module>
    main(OpenSearchOperatorCharm)
  File "/var/lib/juju/agents/unit-opensearch-0/charm/venv/ops/main.py", line 549, in main
    manager = _Manager(charm_class, use_juju_for_storage=use_juju_for_storage)
  File "/var/lib/juju/agents/unit-opensearch-0/charm/venv/ops/main.py", line 432, in __init__
    self.charm = self._make_charm(self.framework, self.dispatcher)
  File "/var/lib/juju/agents/unit-opensearch-0/charm/venv/ops/main.py", line 435, in _make_charm
    charm = self._charm_class(framework)
  File "/var/lib/juju/agents/unit-opensearch-0/charm/./src/charm.py", line 29, in __init__
    super().__init__(*args, distro=OpenSearchSnap)  # OpenSearchTarball
  File "/var/lib/juju/agents/unit-opensearch-0/charm/lib/charms/opensearch/v0/opensearch_base_charm.py", line 197, in __init__
    self.backup = backup(self)
  File "/var/lib/juju/agents/unit-opensearch-0/charm/lib/charms/opensearch/v0/opensearch_backups.py", line 1080, in backup
    if not charm.opensearch_peer_cm.deployment_desc():
  File "/var/lib/juju/agents/unit-opensearch-0/charm/lib/charms/opensearch/v0/opensearch_peer_clusters.py", line 358, in deployment_desc
    return DeploymentDescription.from_dict(current_deployment_desc)
  File "/var/lib/juju/agents/unit-opensearch-0/charm/lib/charms/opensearch/v0/models.py", line 47, in from_dict
    return cls(**input_dict)
  File "/var/lib/juju/agents/unit-opensearch-0/charm/lib/charms/opensearch/v0/models.py", line 32, in __init__
    super().__init__(**data)
  File "/var/lib/juju/agents/unit-opensearch-0/charm/venv/pydantic/main.py", line 341, in __init__
    raise validation_error
pydantic.error_wrappers.ValidationError: 1 validation error for DeploymentDescription
app
  value is not a valid dict (type=type_error.dict)
unit-opensearch-2: 02:12:58 ERROR unit.opensearch/2.juju-log Uncaught exception while in charm code:
Traceback (most recent call last):
  File "/var/lib/juju/agents/unit-opensearch-2/charm/./src/charm.py", line 213, in <module>
    main(OpenSearchOperatorCharm)
  File "/var/lib/juju/agents/unit-opensearch-2/charm/venv/ops/main.py", line 549, in main
    manager = _Manager(charm_class, use_juju_for_storage=use_juju_for_storage)
  File "/var/lib/juju/agents/unit-opensearch-2/charm/venv/ops/main.py", line 432, in __init__
    self.charm = self._make_charm(self.framework, self.dispatcher)
  File "/var/lib/juju/agents/unit-opensearch-2/charm/venv/ops/main.py", line 435, in _make_charm
    charm = self._charm_class(framework)
  File "/var/lib/juju/agents/unit-opensearch-2/charm/./src/charm.py", line 29, in __init__
    super().__init__(*args, distro=OpenSearchSnap)  # OpenSearchTarball
  File "/var/lib/juju/agents/unit-opensearch-2/charm/lib/charms/opensearch/v0/opensearch_base_charm.py", line 197, in __init__
    self.backup = backup(self)
  File "/var/lib/juju/agents/unit-opensearch-2/charm/lib/charms/opensearch/v0/opensearch_backups.py", line 1080, in backup
    if not charm.opensearch_peer_cm.deployment_desc():
  File "/var/lib/juju/agents/unit-opensearch-2/charm/lib/charms/opensearch/v0/opensearch_peer_clusters.py", line 358, in deployment_desc
    return DeploymentDescription.from_dict(current_deployment_desc)
  File "/var/lib/juju/agents/unit-opensearch-2/charm/lib/charms/opensearch/v0/models.py", line 47, in from_dict
    return cls(**input_dict)
  File "/var/lib/juju/agents/unit-opensearch-2/charm/lib/charms/opensearch/v0/models.py", line 32, in __init__
    super().__init__(**data)
  File "/var/lib/juju/agents/unit-opensearch-2/charm/venv/pydantic/main.py", line 341, in __init__
    raise validation_error
pydantic.error_wrappers.ValidationError: 1 validation error for DeploymentDescription
app
  value is not a valid dict (type=type_error.dict)
unit-opensearch-0: 02:12:58 ERROR juju.worker.uniter.operation hook "upgrade-charm" (via hook dispatching script: dispatch) failed: exit status 1
unit-opensearch-2: 02:12:58 ERROR juju.worker.uniter.operation hook "upgrade-charm" (via hook dispatching script: dispatch) failed: exit status 1
unit-opensearch-1: 02:13:36 ERROR unit.opensearch/1.juju-log Uncaught exception while in charm code:
Traceback (most recent call last):
  File "/var/lib/juju/agents/unit-opensearch-1/charm/./src/charm.py", line 213, in <module>
    main(OpenSearchOperatorCharm)
  File "/var/lib/juju/agents/unit-opensearch-1/charm/venv/ops/main.py", line 549, in main
    manager = _Manager(charm_class, use_juju_for_storage=use_juju_for_storage)
  File "/var/lib/juju/agents/unit-opensearch-1/charm/venv/ops/main.py", line 432, in __init__
    self.charm = self._make_charm(self.framework, self.dispatcher)
  File "/var/lib/juju/agents/unit-opensearch-1/charm/venv/ops/main.py", line 435, in _make_charm
    charm = self._charm_class(framework)
  File "/var/lib/juju/agents/unit-opensearch-1/charm/./src/charm.py", line 29, in __init__
    super().__init__(*args, distro=OpenSearchSnap)  # OpenSearchTarball
  File "/var/lib/juju/agents/unit-opensearch-1/charm/lib/charms/opensearch/v0/opensearch_base_charm.py", line 197, in __init__
    self.backup = backup(self)
  File "/var/lib/juju/agents/unit-opensearch-1/charm/lib/charms/opensearch/v0/opensearch_backups.py", line 1080, in backup
    if not charm.opensearch_peer_cm.deployment_desc():
  File "/var/lib/juju/agents/unit-opensearch-1/charm/lib/charms/opensearch/v0/opensearch_peer_clusters.py", line 358, in deployment_desc
    return DeploymentDescription.from_dict(current_deployment_desc)
  File "/var/lib/juju/agents/unit-opensearch-1/charm/lib/charms/opensearch/v0/models.py", line 47, in from_dict
    return cls(**input_dict)
  File "/var/lib/juju/agents/unit-opensearch-1/charm/lib/charms/opensearch/v0/models.py", line 32, in __init__
    super().__init__(**data)
  File "/var/lib/juju/agents/unit-opensearch-1/charm/venv/pydantic/main.py", line 341, in __init__
    raise validation_error
pydantic.error_wrappers.ValidationError: 1 validation error for DeploymentDescription
app
  value is not a valid dict (type=type_error.dict)
unit-opensearch-1: 02:13:36 ERROR juju.worker.uniter.operation hook "upgrade-charm" (via hook dispatching script: dispatch) failed: exit status 1
unit-opensearch-0: 02:13:40 ERROR unit.opensearch/0.juju-log Uncaught exception while in charm code:
Traceback (most recent call last):
  File "/var/lib/juju/agents/unit-opensearch-0/charm/./src/charm.py", line 213, in <module>
    main(OpenSearchOperatorCharm)
  File "/var/lib/juju/agents/unit-opensearch-0/charm/venv/ops/main.py", line 549, in main
    manager = _Manager(charm_class, use_juju_for_storage=use_juju_for_storage)
  File "/var/lib/juju/agents/unit-opensearch-0/charm/venv/ops/main.py", line 432, in __init__
    self.charm = self._make_charm(self.framework, self.dispatcher)
  File "/var/lib/juju/agents/unit-opensearch-0/charm/venv/ops/main.py", line 435, in _make_charm
    charm = self._charm_class(framework)
  File "/var/lib/juju/agents/unit-opensearch-0/charm/./src/charm.py", line 29, in __init__
    super().__init__(*args, distro=OpenSearchSnap)  # OpenSearchTarball
  File "/var/lib/juju/agents/unit-opensearch-0/charm/lib/charms/opensearch/v0/opensearch_base_charm.py", line 197, in __init__
    self.backup = backup(self)
  File "/var/lib/juju/agents/unit-opensearch-0/charm/lib/charms/opensearch/v0/opensearch_backups.py", line 1080, in backup
    if not charm.opensearch_peer_cm.deployment_desc():
  File "/var/lib/juju/agents/unit-opensearch-0/charm/lib/charms/opensearch/v0/opensearch_peer_clusters.py", line 358, in deployment_desc
    return DeploymentDescription.from_dict(current_deployment_desc)
  File "/var/lib/juju/agents/unit-opensearch-0/charm/lib/charms/opensearch/v0/models.py", line 47, in from_dict
    return cls(**input_dict)
  File "/var/lib/juju/agents/unit-opensearch-0/charm/lib/charms/opensearch/v0/models.py", line 32, in __init__
    super().__init__(**data)
  File "/var/lib/juju/agents/unit-opensearch-0/charm/venv/pydantic/main.py", line 341, in __init__
    raise validation_error
pydantic.error_wrappers.ValidationError: 1 validation error for DeploymentDescription
app
  value is not a valid dict (type=type_error.dict)
unit-opensearch-0: 02:13:40 ERROR juju.worker.uniter.operation hook "upgrade-charm" (via hook dispatching script: dispatch) failed: exit status 1
unit-opensearch-2: 02:13:40 ERROR unit.opensearch/2.juju-log Uncaught exception while in charm code:
Traceback (most recent call last):
  File "/var/lib/juju/agents/unit-opensearch-2/charm/./src/charm.py", line 213, in <module>
    main(OpenSearchOperatorCharm)
  File "/var/lib/juju/agents/unit-opensearch-2/charm/venv/ops/main.py", line 549, in main
    manager = _Manager(charm_class, use_juju_for_storage=use_juju_for_storage)
  File "/var/lib/juju/agents/unit-opensearch-2/charm/venv/ops/main.py", line 432, in __init__
    self.charm = self._make_charm(self.framework, self.dispatcher)
  File "/var/lib/juju/agents/unit-opensearch-2/charm/venv/ops/main.py", line 435, in _make_charm
    charm = self._charm_class(framework)
  File "/var/lib/juju/agents/unit-opensearch-2/charm/./src/charm.py", line 29, in __init__
    super().__init__(*args, distro=OpenSearchSnap)  # OpenSearchTarball
  File "/var/lib/juju/agents/unit-opensearch-2/charm/lib/charms/opensearch/v0/opensearch_base_charm.py", line 197, in __init__
    self.backup = backup(self)
  File "/var/lib/juju/agents/unit-opensearch-2/charm/lib/charms/opensearch/v0/opensearch_backups.py", line 1080, in backup
    if not charm.opensearch_peer_cm.deployment_desc():
  File "/var/lib/juju/agents/unit-opensearch-2/charm/lib/charms/opensearch/v0/opensearch_peer_clusters.py", line 358, in deployment_desc
    return DeploymentDescription.from_dict(current_deployment_desc)
  File "/var/lib/juju/agents/unit-opensearch-2/charm/lib/charms/opensearch/v0/models.py", line 47, in from_dict
    return cls(**input_dict)
  File "/var/lib/juju/agents/unit-opensearch-2/charm/lib/charms/opensearch/v0/models.py", line 32, in __init__
    super().__init__(**data)
  File "/var/lib/juju/agents/unit-opensearch-2/charm/venv/pydantic/main.py", line 341, in __init__
    raise validation_error
pydantic.error_wrappers.ValidationError: 1 validation error for DeploymentDescription
app
  value is not a valid dict (type=type_error.dict)
unit-opensearch-2: 02:13:40 ERROR juju.worker.uniter.operation hook "upgrade-charm" (via hook dispatching script: dispatch) failed: exit status 1
unit-opensearch-1: 02:14:54 ERROR unit.opensearch/1.juju-log Uncaught exception while in charm code:
Traceback (most recent call last):
  File "/var/lib/juju/agents/unit-opensearch-1/charm/./src/charm.py", line 213, in <module>
    main(OpenSearchOperatorCharm)
  File "/var/lib/juju/agents/unit-opensearch-1/charm/venv/ops/main.py", line 549, in main
    manager = _Manager(charm_class, use_juju_for_storage=use_juju_for_storage)
  File "/var/lib/juju/agents/unit-opensearch-1/charm/venv/ops/main.py", line 432, in __init__
    self.charm = self._make_charm(self.framework, self.dispatcher)
  File "/var/lib/juju/agents/unit-opensearch-1/charm/venv/ops/main.py", line 435, in _make_charm
    charm = self._charm_class(framework)
  File "/var/lib/juju/agents/unit-opensearch-1/charm/./src/charm.py", line 29, in __init__
    super().__init__(*args, distro=OpenSearchSnap)  # OpenSearchTarball
  File "/var/lib/juju/agents/unit-opensearch-1/charm/lib/charms/opensearch/v0/opensearch_base_charm.py", line 197, in __init__
    self.backup = backup(self)
  File "/var/lib/juju/agents/unit-opensearch-1/charm/lib/charms/opensearch/v0/opensearch_backups.py", line 1080, in backup
    if not charm.opensearch_peer_cm.deployment_desc():
  File "/var/lib/juju/agents/unit-opensearch-1/charm/lib/charms/opensearch/v0/opensearch_peer_clusters.py", line 358, in deployment_desc
    return DeploymentDescription.from_dict(current_deployment_desc)
  File "/var/lib/juju/agents/unit-opensearch-1/charm/lib/charms/opensearch/v0/models.py", line 47, in from_dict
    return cls(**input_dict)
  File "/var/lib/juju/agents/unit-opensearch-1/charm/lib/charms/opensearch/v0/models.py", line 32, in __init__
    super().__init__(**data)
  File "/var/lib/juju/agents/unit-opensearch-1/charm/venv/pydantic/main.py", line 341, in __init__
    raise validation_error
pydantic.error_wrappers.ValidationError: 1 validation error for DeploymentDescription
app
  value is not a valid dict (type=type_error.dict)
unit-opensearch-1: 02:14:55 ERROR juju.worker.uniter.operation hook "upgrade-charm" (via hook dispatching script: dispatch) failed: exit status 1
unit-opensearch-0: 02:15:02 ERROR unit.opensearch/0.juju-log Uncaught exception while in charm code:
Traceback (most recent call last):
  File "/var/lib/juju/agents/unit-opensearch-0/charm/./src/charm.py", line 213, in <module>
    main(OpenSearchOperatorCharm)
  File "/var/lib/juju/agents/unit-opensearch-0/charm/venv/ops/main.py", line 549, in main
    manager = _Manager(charm_class, use_juju_for_storage=use_juju_for_storage)
  File "/var/lib/juju/agents/unit-opensearch-0/charm/venv/ops/main.py", line 432, in __init__
    self.charm = self._make_charm(self.framework, self.dispatcher)
  File "/var/lib/juju/agents/unit-opensearch-0/charm/venv/ops/main.py", line 435, in _make_charm
    charm = self._charm_class(framework)
  File "/var/lib/juju/agents/unit-opensearch-0/charm/./src/charm.py", line 29, in __init__
    super().__init__(*args, distro=OpenSearchSnap)  # OpenSearchTarball
  File "/var/lib/juju/agents/unit-opensearch-0/charm/lib/charms/opensearch/v0/opensearch_base_charm.py", line 197, in __init__
    self.backup = backup(self)
  File "/var/lib/juju/agents/unit-opensearch-0/charm/lib/charms/opensearch/v0/opensearch_backups.py", line 1080, in backup
    if not charm.opensearch_peer_cm.deployment_desc():
  File "/var/lib/juju/agents/unit-opensearch-0/charm/lib/charms/opensearch/v0/opensearch_peer_clusters.py", line 358, in deployment_desc
    return DeploymentDescription.from_dict(current_deployment_desc)
  File "/var/lib/juju/agents/unit-opensearch-0/charm/lib/charms/opensearch/v0/models.py", line 47, in from_dict
    return cls(**input_dict)
  File "/var/lib/juju/agents/unit-opensearch-0/charm/lib/charms/opensearch/v0/models.py", line 32, in __init__
    super().__init__(**data)
  File "/var/lib/juju/agents/unit-opensearch-0/charm/venv/pydantic/main.py", line 341, in __init__
    raise validation_error
pydantic.error_wrappers.ValidationError: 1 validation error for DeploymentDescription
app
  value is not a valid dict (type=type_error.dict)
unit-opensearch-0: 02:15:02 ERROR juju.worker.uniter.operation hook "upgrade-charm" (via hook dispatching script: dispatch) failed: exit status 1
unit-opensearch-2: 02:15:06 ERROR unit.opensearch/2.juju-log Uncaught exception while in charm code:
Traceback (most recent call last):
  File "/var/lib/juju/agents/unit-opensearch-2/charm/./src/charm.py", line 213, in <module>
    main(OpenSearchOperatorCharm)
  File "/var/lib/juju/agents/unit-opensearch-2/charm/venv/ops/main.py", line 549, in main
    manager = _Manager(charm_class, use_juju_for_storage=use_juju_for_storage)
  File "/var/lib/juju/agents/unit-opensearch-2/charm/venv/ops/main.py", line 432, in __init__
    self.charm = self._make_charm(self.framework, self.dispatcher)
  File "/var/lib/juju/agents/unit-opensearch-2/charm/venv/ops/main.py", line 435, in _make_charm
    charm = self._charm_class(framework)
  File "/var/lib/juju/agents/unit-opensearch-2/charm/./src/charm.py", line 29, in __init__
    super().__init__(*args, distro=OpenSearchSnap)  # OpenSearchTarball
  File "/var/lib/juju/agents/unit-opensearch-2/charm/lib/charms/opensearch/v0/opensearch_base_charm.py", line 197, in __init__
    self.backup = backup(self)
  File "/var/lib/juju/agents/unit-opensearch-2/charm/lib/charms/opensearch/v0/opensearch_backups.py", line 1080, in backup
    if not charm.opensearch_peer_cm.deployment_desc():
  File "/var/lib/juju/agents/unit-opensearch-2/charm/lib/charms/opensearch/v0/opensearch_peer_clusters.py", line 358, in deployment_desc
    return DeploymentDescription.from_dict(current_deployment_desc)
  File "/var/lib/juju/agents/unit-opensearch-2/charm/lib/charms/opensearch/v0/models.py", line 47, in from_dict
    return cls(**input_dict)
  File "/var/lib/juju/agents/unit-opensearch-2/charm/lib/charms/opensearch/v0/models.py", line 32, in __init__
    super().__init__(**data)
  File "/var/lib/juju/agents/unit-opensearch-2/charm/venv/pydantic/main.py", line 341, in __init__
    raise validation_error
pydantic.error_wrappers.ValidationError: 1 validation error for DeploymentDescription
app
  value is not a valid dict (type=type_error.dict)
unit-opensearch-2: 02:15:06 ERROR juju.worker.uniter.operation hook "upgrade-charm" (via hook dispatching script: dispatch) failed: exit status 1
unit-opensearch-1: 02:17:34 ERROR unit.opensearch/1.juju-log Uncaught exception while in charm code:
Traceback (most recent call last):
  File "/var/lib/juju/agents/unit-opensearch-1/charm/./src/charm.py", line 213, in <module>
    main(OpenSearchOperatorCharm)
  File "/var/lib/juju/agents/unit-opensearch-1/charm/venv/ops/main.py", line 549, in main
    manager = _Manager(charm_class, use_juju_for_storage=use_juju_for_storage)
  File "/var/lib/juju/agents/unit-opensearch-1/charm/venv/ops/main.py", line 432, in __init__
    self.charm = self._make_charm(self.framework, self.dispatcher)
  File "/var/lib/juju/agents/unit-opensearch-1/charm/venv/ops/main.py", line 435, in _make_charm
    charm = self._charm_class(framework)
  File "/var/lib/juju/agents/unit-opensearch-1/charm/./src/charm.py", line 29, in __init__
    super().__init__(*args, distro=OpenSearchSnap)  # OpenSearchTarball
  File "/var/lib/juju/agents/unit-opensearch-1/charm/lib/charms/opensearch/v0/opensearch_base_charm.py", line 197, in __init__
    self.backup = backup(self)
  File "/var/lib/juju/agents/unit-opensearch-1/charm/lib/charms/opensearch/v0/opensearch_backups.py", line 1080, in backup
    if not charm.opensearch_peer_cm.deployment_desc():
  File "/var/lib/juju/agents/unit-opensearch-1/charm/lib/charms/opensearch/v0/opensearch_peer_clusters.py", line 358, in deployment_desc
    return DeploymentDescription.from_dict(current_deployment_desc)
  File "/var/lib/juju/agents/unit-opensearch-1/charm/lib/charms/opensearch/v0/models.py", line 47, in from_dict
    return cls(**input_dict)
  File "/var/lib/juju/agents/unit-opensearch-1/charm/lib/charms/opensearch/v0/models.py", line 32, in __init__
    super().__init__(**data)
  File "/var/lib/juju/agents/unit-opensearch-1/charm/venv/pydantic/main.py", line 341, in __init__
    raise validation_error
pydantic.error_wrappers.ValidationError: 1 validation error for DeploymentDescription
app
  value is not a valid dict (type=type_error.dict)
unit-opensearch-1: 02:17:34 ERROR juju.worker.uniter.operation hook "upgrade-charm" (via hook dispatching script: dispatch) failed: exit status 1
unit-opensearch-0: 02:17:46 ERROR unit.opensearch/0.juju-log Uncaught exception while in charm code:
Traceback (most recent call last):
  File "/var/lib/juju/agents/unit-opensearch-0/charm/./src/charm.py", line 213, in <module>
    main(OpenSearchOperatorCharm)
  File "/var/lib/juju/agents/unit-opensearch-0/charm/venv/ops/main.py", line 549, in main
    manager = _Manager(charm_class, use_juju_for_storage=use_juju_for_storage)
  File "/var/lib/juju/agents/unit-opensearch-0/charm/venv/ops/main.py", line 432, in __init__
    self.charm = self._make_charm(self.framework, self.dispatcher)
  File "/var/lib/juju/agents/unit-opensearch-0/charm/venv/ops/main.py", line 435, in _make_charm
    charm = self._charm_class(framework)
  File "/var/lib/juju/agents/unit-opensearch-0/charm/./src/charm.py", line 29, in __init__
    super().__init__(*args, distro=OpenSearchSnap)  # OpenSearchTarball
  File "/var/lib/juju/agents/unit-opensearch-0/charm/lib/charms/opensearch/v0/opensearch_base_charm.py", line 197, in __init__
    self.backup = backup(self)
  File "/var/lib/juju/agents/unit-opensearch-0/charm/lib/charms/opensearch/v0/opensearch_backups.py", line 1080, in backup
    if not charm.opensearch_peer_cm.deployment_desc():
  File "/var/lib/juju/agents/unit-opensearch-0/charm/lib/charms/opensearch/v0/opensearch_peer_clusters.py", line 358, in deployment_desc
    return DeploymentDescription.from_dict(current_deployment_desc)
  File "/var/lib/juju/agents/unit-opensearch-0/charm/lib/charms/opensearch/v0/models.py", line 47, in from_dict
    return cls(**input_dict)
  File "/var/lib/juju/agents/unit-opensearch-0/charm/lib/charms/opensearch/v0/models.py", line 32, in __init__
    super().__init__(**data)
  File "/var/lib/juju/agents/unit-opensearch-0/charm/venv/pydantic/main.py", line 341, in __init__
    raise validation_error
pydantic.error_wrappers.ValidationError: 1 validation error for DeploymentDescription
app
  value is not a valid dict (type=type_error.dict)
unit-opensearch-0: 02:17:46 ERROR juju.worker.uniter.operation hook "upgrade-charm" (via hook dispatching script: dispatch) failed: exit status 1
unit-opensearch-2: 02:17:58 ERROR unit.opensearch/2.juju-log Uncaught exception while in charm code:
Traceback (most recent call last):
  File "/var/lib/juju/agents/unit-opensearch-2/charm/./src/charm.py", line 213, in <module>
    main(OpenSearchOperatorCharm)
  File "/var/lib/juju/agents/unit-opensearch-2/charm/venv/ops/main.py", line 549, in main
    manager = _Manager(charm_class, use_juju_for_storage=use_juju_for_storage)
  File "/var/lib/juju/agents/unit-opensearch-2/charm/venv/ops/main.py", line 432, in __init__
    self.charm = self._make_charm(self.framework, self.dispatcher)
  File "/var/lib/juju/agents/unit-opensearch-2/charm/venv/ops/main.py", line 435, in _make_charm
    charm = self._charm_class(framework)
  File "/var/lib/juju/agents/unit-opensearch-2/charm/./src/charm.py", line 29, in __init__
    super().__init__(*args, distro=OpenSearchSnap)  # OpenSearchTarball
  File "/var/lib/juju/agents/unit-opensearch-2/charm/lib/charms/opensearch/v0/opensearch_base_charm.py", line 197, in __init__
    self.backup = backup(self)
  File "/var/lib/juju/agents/unit-opensearch-2/charm/lib/charms/opensearch/v0/opensearch_backups.py", line 1080, in backup
    if not charm.opensearch_peer_cm.deployment_desc():
  File "/var/lib/juju/agents/unit-opensearch-2/charm/lib/charms/opensearch/v0/opensearch_peer_clusters.py", line 358, in deployment_desc
    return DeploymentDescription.from_dict(current_deployment_desc)
  File "/var/lib/juju/agents/unit-opensearch-2/charm/lib/charms/opensearch/v0/models.py", line 47, in from_dict
    return cls(**input_dict)
  File "/var/lib/juju/agents/unit-opensearch-2/charm/lib/charms/opensearch/v0/models.py", line 32, in __init__
    super().__init__(**data)
  File "/var/lib/juju/agents/unit-opensearch-2/charm/venv/pydantic/main.py", line 341, in __init__
    raise validation_error
pydantic.error_wrappers.ValidationError: 1 validation error for DeploymentDescription
app
  value is not a valid dict (type=type_error.dict)
unit-opensearch-2: 02:17:58 ERROR juju.worker.uniter.operation hook "upgrade-charm" (via hook dispatching script: dispatch) failed: exit status 1
unit-opensearch-1: 02:22:36 ERROR unit.opensearch/1.juju-log Uncaught exception while in charm code:
Traceback (most recent call last):
  File "/var/lib/juju/agents/unit-opensearch-1/charm/./src/charm.py", line 213, in <module>
    main(OpenSearchOperatorCharm)
  File "/var/lib/juju/agents/unit-opensearch-1/charm/venv/ops/main.py", line 549, in main
    manager = _Manager(charm_class, use_juju_for_storage=use_juju_for_storage)
  File "/var/lib/juju/agents/unit-opensearch-1/charm/venv/ops/main.py", line 432, in __init__
    self.charm = self._make_charm(self.framework, self.dispatcher)
  File "/var/lib/juju/agents/unit-opensearch-1/charm/venv/ops/main.py", line 435, in _make_charm
    charm = self._charm_class(framework)
  File "/var/lib/juju/agents/unit-opensearch-1/charm/./src/charm.py", line 29, in __init__
    super().__init__(*args, distro=OpenSearchSnap)  # OpenSearchTarball
  File "/var/lib/juju/agents/unit-opensearch-1/charm/lib/charms/opensearch/v0/opensearch_base_charm.py", line 197, in __init__
    self.backup = backup(self)
  File "/var/lib/juju/agents/unit-opensearch-1/charm/lib/charms/opensearch/v0/opensearch_backups.py", line 1080, in backup
    if not charm.opensearch_peer_cm.deployment_desc():
  File "/var/lib/juju/agents/unit-opensearch-1/charm/lib/charms/opensearch/v0/opensearch_peer_clusters.py", line 358, in deployment_desc
    return DeploymentDescription.from_dict(current_deployment_desc)
  File "/var/lib/juju/agents/unit-opensearch-1/charm/lib/charms/opensearch/v0/models.py", line 47, in from_dict
    return cls(**input_dict)
  File "/var/lib/juju/agents/unit-opensearch-1/charm/lib/charms/opensearch/v0/models.py", line 32, in __init__
    super().__init__(**data)
  File "/var/lib/juju/agents/unit-opensearch-1/charm/venv/pydantic/main.py", line 341, in __init__
    raise validation_error
pydantic.error_wrappers.ValidationError: 1 validation error for DeploymentDescription
app
  value is not a valid dict (type=type_error.dict)
unit-opensearch-1: 02:22:36 ERROR juju.worker.uniter.operation hook "upgrade-charm" (via hook dispatching script: dispatch) failed: exit status 1
unit-opensearch-0: 02:22:47 ERROR unit.opensearch/0.juju-log Uncaught exception while in charm code:
Traceback (most recent call last):
  File "/var/lib/juju/agents/unit-opensearch-0/charm/./src/charm.py", line 213, in <module>
    main(OpenSearchOperatorCharm)
  File "/var/lib/juju/agents/unit-opensearch-0/charm/venv/ops/main.py", line 549, in main
    manager = _Manager(charm_class, use_juju_for_storage=use_juju_for_storage)
  File "/var/lib/juju/agents/unit-opensearch-0/charm/venv/ops/main.py", line 432, in __init__
    self.charm = self._make_charm(self.framework, self.dispatcher)
  File "/var/lib/juju/agents/unit-opensearch-0/charm/venv/ops/main.py", line 435, in _make_charm
    charm = self._charm_class(framework)
  File "/var/lib/juju/agents/unit-opensearch-0/charm/./src/charm.py", line 29, in __init__
    super().__init__(*args, distro=OpenSearchSnap)  # OpenSearchTarball
  File "/var/lib/juju/agents/unit-opensearch-0/charm/lib/charms/opensearch/v0/opensearch_base_charm.py", line 197, in __init__
    self.backup = backup(self)
  File "/var/lib/juju/agents/unit-opensearch-0/charm/lib/charms/opensearch/v0/opensearch_backups.py", line 1080, in backup
    if not charm.opensearch_peer_cm.deployment_desc():
  File "/var/lib/juju/agents/unit-opensearch-0/charm/lib/charms/opensearch/v0/opensearch_peer_clusters.py", line 358, in deployment_desc
    return DeploymentDescription.from_dict(current_deployment_desc)
  File "/var/lib/juju/agents/unit-opensearch-0/charm/lib/charms/opensearch/v0/models.py", line 47, in from_dict
    return cls(**input_dict)
  File "/var/lib/juju/agents/unit-opensearch-0/charm/lib/charms/opensearch/v0/models.py", line 32, in __init__
    super().__init__(**data)
  File "/var/lib/juju/agents/unit-opensearch-0/charm/venv/pydantic/main.py", line 341, in __init__
    raise validation_error
pydantic.error_wrappers.ValidationError: 1 validation error for DeploymentDescription
app
  value is not a valid dict (type=type_error.dict)
unit-opensearch-0: 02:22:48 ERROR juju.worker.uniter.operation hook "upgrade-charm" (via hook dispatching script: dispatch) failed: exit status 1
unit-opensearch-2: 02:22:59 ERROR unit.opensearch/2.juju-log Uncaught exception while in charm code:
Traceback (most recent call last):
  File "/var/lib/juju/agents/unit-opensearch-2/charm/./src/charm.py", line 213, in <module>
    main(OpenSearchOperatorCharm)
  File "/var/lib/juju/agents/unit-opensearch-2/charm/venv/ops/main.py", line 549, in main
    manager = _Manager(charm_class, use_juju_for_storage=use_juju_for_storage)
  File "/var/lib/juju/agents/unit-opensearch-2/charm/venv/ops/main.py", line 432, in __init__
    self.charm = self._make_charm(self.framework, self.dispatcher)
  File "/var/lib/juju/agents/unit-opensearch-2/charm/venv/ops/main.py", line 435, in _make_charm
    charm = self._charm_class(framework)
  File "/var/lib/juju/agents/unit-opensearch-2/charm/./src/charm.py", line 29, in __init__
    super().__init__(*args, distro=OpenSearchSnap)  # OpenSearchTarball
  File "/var/lib/juju/agents/unit-opensearch-2/charm/lib/charms/opensearch/v0/opensearch_base_charm.py", line 197, in __init__
    self.backup = backup(self)
  File "/var/lib/juju/agents/unit-opensearch-2/charm/lib/charms/opensearch/v0/opensearch_backups.py", line 1080, in backup
    if not charm.opensearch_peer_cm.deployment_desc():
  File "/var/lib/juju/agents/unit-opensearch-2/charm/lib/charms/opensearch/v0/opensearch_peer_clusters.py", line 358, in deployment_desc
    return DeploymentDescription.from_dict(current_deployment_desc)
  File "/var/lib/juju/agents/unit-opensearch-2/charm/lib/charms/opensearch/v0/models.py", line 47, in from_dict
    return cls(**input_dict)
  File "/var/lib/juju/agents/unit-opensearch-2/charm/lib/charms/opensearch/v0/models.py", line 32, in __init__
    super().__init__(**data)
  File "/var/lib/juju/agents/unit-opensearch-2/charm/venv/pydantic/main.py", line 341, in __init__
    raise validation_error
pydantic.error_wrappers.ValidationError: 1 validation error for DeploymentDescription
app
  value is not a valid dict (type=type_error.dict)
unit-opensearch-2: 02:22:59 ERROR juju.worker.uniter.operation hook "upgrade-charm" (via hook dispatching script: dispatch) failed: exit status 1
unit-opensearch-1: 02:27:37 ERROR unit.opensearch/1.juju-log Uncaught exception while in charm code:
Traceback (most recent call last):
  File "/var/lib/juju/agents/unit-opensearch-1/charm/./src/charm.py", line 213, in <module>
    main(OpenSearchOperatorCharm)
  File "/var/lib/juju/agents/unit-opensearch-1/charm/venv/ops/main.py", line 549, in main
    manager = _Manager(charm_class, use_juju_for_storage=use_juju_for_storage)
  File "/var/lib/juju/agents/unit-opensearch-1/charm/venv/ops/main.py", line 432, in __init__
    self.charm = self._make_charm(self.framework, self.dispatcher)
  File "/var/lib/juju/agents/unit-opensearch-1/charm/venv/ops/main.py", line 435, in _make_charm
    charm = self._charm_class(framework)
  File "/var/lib/juju/agents/unit-opensearch-1/charm/./src/charm.py", line 29, in __init__
    super().__init__(*args, distro=OpenSearchSnap)  # OpenSearchTarball
  File "/var/lib/juju/agents/unit-opensearch-1/charm/lib/charms/opensearch/v0/opensearch_base_charm.py", line 197, in __init__
    self.backup = backup(self)
  File "/var/lib/juju/agents/unit-opensearch-1/charm/lib/charms/opensearch/v0/opensearch_backups.py", line 1080, in backup
    if not charm.opensearch_peer_cm.deployment_desc():
  File "/var/lib/juju/agents/unit-opensearch-1/charm/lib/charms/opensearch/v0/opensearch_peer_clusters.py", line 358, in deployment_desc
    return DeploymentDescription.from_dict(current_deployment_desc)
  File "/var/lib/juju/agents/unit-opensearch-1/charm/lib/charms/opensearch/v0/models.py", line 47, in from_dict
    return cls(**input_dict)
  File "/var/lib/juju/agents/unit-opensearch-1/charm/lib/charms/opensearch/v0/models.py", line 32, in __init__
    super().__init__(**data)
  File "/var/lib/juju/agents/unit-opensearch-1/charm/venv/pydantic/main.py", line 341, in __init__
    raise validation_error
pydantic.error_wrappers.ValidationError: 1 validation error for DeploymentDescription
app
  value is not a valid dict (type=type_error.dict)
unit-opensearch-1: 02:27:37 ERROR juju.worker.uniter.operation hook "upgrade-charm" (via hook dispatching script: dispatch) failed: exit status 1
unit-opensearch-0: 02:27:49 ERROR unit.opensearch/0.juju-log Uncaught exception while in charm code:
Traceback (most recent call last):
  File "/var/lib/juju/agents/unit-opensearch-0/charm/./src/charm.py", line 213, in <module>
    main(OpenSearchOperatorCharm)
  File "/var/lib/juju/agents/unit-opensearch-0/charm/venv/ops/main.py", line 549, in main
    manager = _Manager(charm_class, use_juju_for_storage=use_juju_for_storage)
  File "/var/lib/juju/agents/unit-opensearch-0/charm/venv/ops/main.py", line 432, in __init__
    self.charm = self._make_charm(self.framework, self.dispatcher)
  File "/var/lib/juju/agents/unit-opensearch-0/charm/venv/ops/main.py", line 435, in _make_charm
    charm = self._charm_class(framework)
  File "/var/lib/juju/agents/unit-opensearch-0/charm/./src/charm.py", line 29, in __init__
    super().__init__(*args, distro=OpenSearchSnap)  # OpenSearchTarball
  File "/var/lib/juju/agents/unit-opensearch-0/charm/lib/charms/opensearch/v0/opensearch_base_charm.py", line 197, in __init__
    self.backup = backup(self)
  File "/var/lib/juju/agents/unit-opensearch-0/charm/lib/charms/opensearch/v0/opensearch_backups.py", line 1080, in backup
    if not charm.opensearch_peer_cm.deployment_desc():
  File "/var/lib/juju/agents/unit-opensearch-0/charm/lib/charms/opensearch/v0/opensearch_peer_clusters.py", line 358, in deployment_desc
    return DeploymentDescription.from_dict(current_deployment_desc)
  File "/var/lib/juju/agents/unit-opensearch-0/charm/lib/charms/opensearch/v0/models.py", line 47, in from_dict
    return cls(**input_dict)
  File "/var/lib/juju/agents/unit-opensearch-0/charm/lib/charms/opensearch/v0/models.py", line 32, in __init__
    super().__init__(**data)
  File "/var/lib/juju/agents/unit-opensearch-0/charm/venv/pydantic/main.py", line 341, in __init__
    raise validation_error
pydantic.error_wrappers.ValidationError: 1 validation error for DeploymentDescription
app
  value is not a valid dict (type=type_error.dict)
unit-opensearch-0: 02:27:49 ERROR juju.worker.uniter.operation hook "upgrade-charm" (via hook dispatching script: dispatch) failed: exit status 1
unit-opensearch-2: 02:28:01 ERROR unit.opensearch/2.juju-log Uncaught exception while in charm code:
Traceback (most recent call last):
  File "/var/lib/juju/agents/unit-opensearch-2/charm/./src/charm.py", line 213, in <module>
    main(OpenSearchOperatorCharm)
  File "/var/lib/juju/agents/unit-opensearch-2/charm/venv/ops/main.py", line 549, in main
    manager = _Manager(charm_class, use_juju_for_storage=use_juju_for_storage)
  File "/var/lib/juju/agents/unit-opensearch-2/charm/venv/ops/main.py", line 432, in __init__
    self.charm = self._make_charm(self.framework, self.dispatcher)
  File "/var/lib/juju/agents/unit-opensearch-2/charm/venv/ops/main.py", line 435, in _make_charm
    charm = self._charm_class(framework)
  File "/var/lib/juju/agents/unit-opensearch-2/charm/./src/charm.py", line 29, in __init__
    super().__init__(*args, distro=OpenSearchSnap)  # OpenSearchTarball
  File "/var/lib/juju/agents/unit-opensearch-2/charm/lib/charms/opensearch/v0/opensearch_base_charm.py", line 197, in __init__
    self.backup = backup(self)
  File "/var/lib/juju/agents/unit-opensearch-2/charm/lib/charms/opensearch/v0/opensearch_backups.py", line 1080, in backup
    if not charm.opensearch_peer_cm.deployment_desc():
  File "/var/lib/juju/agents/unit-opensearch-2/charm/lib/charms/opensearch/v0/opensearch_peer_clusters.py", line 358, in deployment_desc
    return DeploymentDescription.from_dict(current_deployment_desc)
  File "/var/lib/juju/agents/unit-opensearch-2/charm/lib/charms/opensearch/v0/models.py", line 47, in from_dict
    return cls(**input_dict)
  File "/var/lib/juju/agents/unit-opensearch-2/charm/lib/charms/opensearch/v0/models.py", line 32, in __init__
    super().__init__(**data)
  File "/var/lib/juju/agents/unit-opensearch-2/charm/venv/pydantic/main.py", line 341, in __init__
    raise validation_error
pydantic.error_wrappers.ValidationError: 1 validation error for DeploymentDescription
app
  value is not a valid dict (type=type_error.dict)
unit-opensearch-2: 02:28:01 ERROR juju.worker.uniter.operation hook "upgrade-charm" (via hook dispatching script: dispatch) failed: exit status 1
unit-opensearch-1: 02:32:39 ERROR unit.opensearch/1.juju-log Uncaught exception while in charm code:
Traceback (most recent call last):
  File "/var/lib/juju/agents/unit-opensearch-1/charm/./src/charm.py", line 213, in <module>
    main(OpenSearchOperatorCharm)
  File "/var/lib/juju/agents/unit-opensearch-1/charm/venv/ops/main.py", line 549, in main
    manager = _Manager(charm_class, use_juju_for_storage=use_juju_for_storage)
  File "/var/lib/juju/agents/unit-opensearch-1/charm/venv/ops/main.py", line 432, in __init__
    self.charm = self._make_charm(self.framework, self.dispatcher)
  File "/var/lib/juju/agents/unit-opensearch-1/charm/venv/ops/main.py", line 435, in _make_charm
    charm = self._charm_class(framework)
  File "/var/lib/juju/agents/unit-opensearch-1/charm/./src/charm.py", line 29, in __init__
    super().__init__(*args, distro=OpenSearchSnap)  # OpenSearchTarball
  File "/var/lib/juju/agents/unit-opensearch-1/charm/lib/charms/opensearch/v0/opensearch_base_charm.py", line 197, in __init__
    self.backup = backup(self)
  File "/var/lib/juju/agents/unit-opensearch-1/charm/lib/charms/opensearch/v0/opensearch_backups.py", line 1080, in backup
    if not charm.opensearch_peer_cm.deployment_desc():
  File "/var/lib/juju/agents/unit-opensearch-1/charm/lib/charms/opensearch/v0/opensearch_peer_clusters.py", line 358, in deployment_desc
    return DeploymentDescription.from_dict(current_deployment_desc)
  File "/var/lib/juju/agents/unit-opensearch-1/charm/lib/charms/opensearch/v0/models.py", line 47, in from_dict
    return cls(**input_dict)
  File "/var/lib/juju/agents/unit-opensearch-1/charm/lib/charms/opensearch/v0/models.py", line 32, in __init__
    super().__init__(**data)
  File "/var/lib/juju/agents/unit-opensearch-1/charm/venv/pydantic/main.py", line 341, in __init__
    raise validation_error
pydantic.error_wrappers.ValidationError: 1 validation error for DeploymentDescription
app
  value is not a valid dict (type=type_error.dict)
unit-opensearch-1: 02:32:39 ERROR juju.worker.uniter.operation hook "upgrade-charm" (via hook dispatching script: dispatch) failed: exit status 1
unit-opensearch-0: 02:32:50 ERROR unit.opensearch/0.juju-log Uncaught exception while in charm code:
Traceback (most recent call last):
  File "/var/lib/juju/agents/unit-opensearch-0/charm/./src/charm.py", line 213, in <module>
    main(OpenSearchOperatorCharm)
  File "/var/lib/juju/agents/unit-opensearch-0/charm/venv/ops/main.py", line 549, in main
    manager = _Manager(charm_class, use_juju_for_storage=use_juju_for_storage)
  File "/var/lib/juju/agents/unit-opensearch-0/charm/venv/ops/main.py", line 432, in __init__
    self.charm = self._make_charm(self.framework, self.dispatcher)
  File "/var/lib/juju/agents/unit-opensearch-0/charm/venv/ops/main.py", line 435, in _make_charm
    charm = self._charm_class(framework)
  File "/var/lib/juju/agents/unit-opensearch-0/charm/./src/charm.py", line 29, in __init__
    super().__init__(*args, distro=OpenSearchSnap)  # OpenSearchTarball
  File "/var/lib/juju/agents/unit-opensearch-0/charm/lib/charms/opensearch/v0/opensearch_base_charm.py", line 197, in __init__
    self.backup = backup(self)
  File "/var/lib/juju/agents/unit-opensearch-0/charm/lib/charms/opensearch/v0/opensearch_backups.py", line 1080, in backup
    if not charm.opensearch_peer_cm.deployment_desc():
  File "/var/lib/juju/agents/unit-opensearch-0/charm/lib/charms/opensearch/v0/opensearch_peer_clusters.py", line 358, in deployment_desc
    return DeploymentDescription.from_dict(current_deployment_desc)
  File "/var/lib/juju/agents/unit-opensearch-0/charm/lib/charms/opensearch/v0/models.py", line 47, in from_dict
    return cls(**input_dict)
  File "/var/lib/juju/agents/unit-opensearch-0/charm/lib/charms/opensearch/v0/models.py", line 32, in __init__
    super().__init__(**data)
  File "/var/lib/juju/agents/unit-opensearch-0/charm/venv/pydantic/main.py", line 341, in __init__
    raise validation_error
pydantic.error_wrappers.ValidationError: 1 validation error for DeploymentDescription
app
  value is not a valid dict (type=type_error.dict)
unit-opensearch-0: 02:32:51 ERROR juju.worker.uniter.operation hook "upgrade-charm" (via hook dispatching script: dispatch) failed: exit status 1
unit-opensearch-2: 02:33:02 ERROR unit.opensearch/2.juju-log Uncaught exception while in charm code:
Traceback (most recent call last):
  File "/var/lib/juju/agents/unit-opensearch-2/charm/./src/charm.py", line 213, in <module>
    main(OpenSearchOperatorCharm)
  File "/var/lib/juju/agents/unit-opensearch-2/charm/venv/ops/main.py", line 549, in main
    manager = _Manager(charm_class, use_juju_for_storage=use_juju_for_storage)
  File "/var/lib/juju/agents/unit-opensearch-2/charm/venv/ops/main.py", line 432, in __init__
    self.charm = self._make_charm(self.framework, self.dispatcher)
  File "/var/lib/juju/agents/unit-opensearch-2/charm/venv/ops/main.py", line 435, in _make_charm
    charm = self._charm_class(framework)
  File "/var/lib/juju/agents/unit-opensearch-2/charm/./src/charm.py", line 29, in __init__
    super().__init__(*args, distro=OpenSearchSnap)  # OpenSearchTarball
  File "/var/lib/juju/agents/unit-opensearch-2/charm/lib/charms/opensearch/v0/opensearch_base_charm.py", line 197, in __init__
    self.backup = backup(self)
  File "/var/lib/juju/agents/unit-opensearch-2/charm/lib/charms/opensearch/v0/opensearch_backups.py", line 1080, in backup
    if not charm.opensearch_peer_cm.deployment_desc():
  File "/var/lib/juju/agents/unit-opensearch-2/charm/lib/charms/opensearch/v0/opensearch_peer_clusters.py", line 358, in deployment_desc
    return DeploymentDescription.from_dict(current_deployment_desc)
  File "/var/lib/juju/agents/unit-opensearch-2/charm/lib/charms/opensearch/v0/models.py", line 47, in from_dict
    return cls(**input_dict)
  File "/var/lib/juju/agents/unit-opensearch-2/charm/lib/charms/opensearch/v0/models.py", line 32, in __init__
    super().__init__(**data)
  File "/var/lib/juju/agents/unit-opensearch-2/charm/venv/pydantic/main.py", line 341, in __init__
    raise validation_error
pydantic.error_wrappers.ValidationError: 1 validation error for DeploymentDescription
app
  value is not a valid dict (type=type_error.dict)
unit-opensearch-2: 02:33:02 ERROR juju.worker.uniter.operation hook "upgrade-charm" (via hook dispatching script: dispatch) failed: exit status 1
unit-opensearch-1: 02:37:40 ERROR unit.opensearch/1.juju-log Uncaught exception while in charm code:
Traceback (most recent call last):
  File "/var/lib/juju/agents/unit-opensearch-1/charm/./src/charm.py", line 213, in <module>
    main(OpenSearchOperatorCharm)
  File "/var/lib/juju/agents/unit-opensearch-1/charm/venv/ops/main.py", line 549, in main
    manager = _Manager(charm_class, use_juju_for_storage=use_juju_for_storage)
  File "/var/lib/juju/agents/unit-opensearch-1/charm/venv/ops/main.py", line 432, in __init__
    self.charm = self._make_charm(self.framework, self.dispatcher)
  File "/var/lib/juju/agents/unit-opensearch-1/charm/venv/ops/main.py", line 435, in _make_charm
    charm = self._charm_class(framework)
  File "/var/lib/juju/agents/unit-opensearch-1/charm/./src/charm.py", line 29, in __init__
    super().__init__(*args, distro=OpenSearchSnap)  # OpenSearchTarball
  File "/var/lib/juju/agents/unit-opensearch-1/charm/lib/charms/opensearch/v0/opensearch_base_charm.py", line 197, in __init__
    self.backup = backup(self)
  File "/var/lib/juju/agents/unit-opensearch-1/charm/lib/charms/opensearch/v0/opensearch_backups.py", line 1080, in backup
    if not charm.opensearch_peer_cm.deployment_desc():
  File "/var/lib/juju/agents/unit-opensearch-1/charm/lib/charms/opensearch/v0/opensearch_peer_clusters.py", line 358, in deployment_desc
    return DeploymentDescription.from_dict(current_deployment_desc)
  File "/var/lib/juju/agents/unit-opensearch-1/charm/lib/charms/opensearch/v0/models.py", line 47, in from_dict
    return cls(**input_dict)
  File "/var/lib/juju/agents/unit-opensearch-1/charm/lib/charms/opensearch/v0/models.py", line 32, in __init__
    super().__init__(**data)
  File "/var/lib/juju/agents/unit-opensearch-1/charm/venv/pydantic/main.py", line 341, in __init__
    raise validation_error
pydantic.error_wrappers.ValidationError: 1 validation error for DeploymentDescription
app
  value is not a valid dict (type=type_error.dict)
unit-opensearch-1: 02:37:41 ERROR juju.worker.uniter.operation hook "upgrade-charm" (via hook dispatching script: dispatch) failed: exit status 1
unit-opensearch-0: 02:37:52 ERROR unit.opensearch/0.juju-log Uncaught exception while in charm code:
Traceback (most recent call last):
  File "/var/lib/juju/agents/unit-opensearch-0/charm/./src/charm.py", line 213, in <module>
    main(OpenSearchOperatorCharm)
  File "/var/lib/juju/agents/unit-opensearch-0/charm/venv/ops/main.py", line 549, in main
    manager = _Manager(charm_class, use_juju_for_storage=use_juju_for_storage)
  File "/var/lib/juju/agents/unit-opensearch-0/charm/venv/ops/main.py", line 432, in __init__
    self.charm = self._make_charm(self.framework, self.dispatcher)
  File "/var/lib/juju/agents/unit-opensearch-0/charm/venv/ops/main.py", line 435, in _make_charm
    charm = self._charm_class(framework)
  File "/var/lib/juju/agents/unit-opensearch-0/charm/./src/charm.py", line 29, in __init__
    super().__init__(*args, distro=OpenSearchSnap)  # OpenSearchTarball
  File "/var/lib/juju/agents/unit-opensearch-0/charm/lib/charms/opensearch/v0/opensearch_base_charm.py", line 197, in __init__
    self.backup = backup(self)
  File "/var/lib/juju/agents/unit-opensearch-0/charm/lib/charms/opensearch/v0/opensearch_backups.py", line 1080, in backup
    if not charm.opensearch_peer_cm.deployment_desc():
  File "/var/lib/juju/agents/unit-opensearch-0/charm/lib/charms/opensearch/v0/opensearch_peer_clusters.py", line 358, in deployment_desc
    return DeploymentDescription.from_dict(current_deployment_desc)
  File "/var/lib/juju/agents/unit-opensearch-0/charm/lib/charms/opensearch/v0/models.py", line 47, in from_dict
    return cls(**input_dict)
  File "/var/lib/juju/agents/unit-opensearch-0/charm/lib/charms/opensearch/v0/models.py", line 32, in __init__
    super().__init__(**data)
  File "/var/lib/juju/agents/unit-opensearch-0/charm/venv/pydantic/main.py", line 341, in __init__
    raise validation_error
pydantic.error_wrappers.ValidationError: 1 validation error for DeploymentDescription
app
  value is not a valid dict (type=type_error.dict)
unit-opensearch-0: 02:37:52 ERROR juju.worker.uniter.operation hook "upgrade-charm" (via hook dispatching script: dispatch) failed: exit status 1
unit-opensearch-2: 02:38:03 ERROR unit.opensearch/2.juju-log Uncaught exception while in charm code:
Traceback (most recent call last):
  File "/var/lib/juju/agents/unit-opensearch-2/charm/./src/charm.py", line 213, in <module>
    main(OpenSearchOperatorCharm)
  File "/var/lib/juju/agents/unit-opensearch-2/charm/venv/ops/main.py", line 549, in main
    manager = _Manager(charm_class, use_juju_for_storage=use_juju_for_storage)
  File "/var/lib/juju/agents/unit-opensearch-2/charm/venv/ops/main.py", line 432, in __init__
    self.charm = self._make_charm(self.framework, self.dispatcher)
  File "/var/lib/juju/agents/unit-opensearch-2/charm/venv/ops/main.py", line 435, in _make_charm
    charm = self._charm_class(framework)
  File "/var/lib/juju/agents/unit-opensearch-2/charm/./src/charm.py", line 29, in __init__
    super().__init__(*args, distro=OpenSearchSnap)  # OpenSearchTarball
  File "/var/lib/juju/agents/unit-opensearch-2/charm/lib/charms/opensearch/v0/opensearch_base_charm.py", line 197, in __init__
    self.backup = backup(self)
  File "/var/lib/juju/agents/unit-opensearch-2/charm/lib/charms/opensearch/v0/opensearch_backups.py", line 1080, in backup
    if not charm.opensearch_peer_cm.deployment_desc():
  File "/var/lib/juju/agents/unit-opensearch-2/charm/lib/charms/opensearch/v0/opensearch_peer_clusters.py", line 358, in deployment_desc
    return DeploymentDescription.from_dict(current_deployment_desc)
  File "/var/lib/juju/agents/unit-opensearch-2/charm/lib/charms/opensearch/v0/models.py", line 47, in from_dict
    return cls(**input_dict)
  File "/var/lib/juju/agents/unit-opensearch-2/charm/lib/charms/opensearch/v0/models.py", line 32, in __init__
    super().__init__(**data)
  File "/var/lib/juju/agents/unit-opensearch-2/charm/venv/pydantic/main.py", line 341, in __init__
    raise validation_error
pydantic.error_wrappers.ValidationError: 1 validation error for DeploymentDescription
app
  value is not a valid dict (type=type_error.dict)
unit-opensearch-2: 02:38:04 ERROR juju.worker.uniter.operation hook "upgrade-charm" (via hook dispatching script: dispatch) failed: exit status 1
unit-opensearch-1: 02:42:42 ERROR unit.opensearch/1.juju-log Uncaught exception while in charm code:
Traceback (most recent call last):
  File "/var/lib/juju/agents/unit-opensearch-1/charm/./src/charm.py", line 213, in <module>
    main(OpenSearchOperatorCharm)
  File "/var/lib/juju/agents/unit-opensearch-1/charm/venv/ops/main.py", line 549, in main
    manager = _Manager(charm_class, use_juju_for_storage=use_juju_for_storage)
  File "/var/lib/juju/agents/unit-opensearch-1/charm/venv/ops/main.py", line 432, in __init__
    self.charm = self._make_charm(self.framework, self.dispatcher)
  File "/var/lib/juju/agents/unit-opensearch-1/charm/venv/ops/main.py", line 435, in _make_charm
    charm = self._charm_class(framework)
  File "/var/lib/juju/agents/unit-opensearch-1/charm/./src/charm.py", line 29, in __init__
    super().__init__(*args, distro=OpenSearchSnap)  # OpenSearchTarball
  File "/var/lib/juju/agents/unit-opensearch-1/charm/lib/charms/opensearch/v0/opensearch_base_charm.py", line 197, in __init__
    self.backup = backup(self)
  File "/var/lib/juju/agents/unit-opensearch-1/charm/lib/charms/opensearch/v0/opensearch_backups.py", line 1080, in backup
    if not charm.opensearch_peer_cm.deployment_desc():
  File "/var/lib/juju/agents/unit-opensearch-1/charm/lib/charms/opensearch/v0/opensearch_peer_clusters.py", line 358, in deployment_desc
    return DeploymentDescription.from_dict(current_deployment_desc)
  File "/var/lib/juju/agents/unit-opensearch-1/charm/lib/charms/opensearch/v0/models.py", line 47, in from_dict
    return cls(**input_dict)
  File "/var/lib/juju/agents/unit-opensearch-1/charm/lib/charms/opensearch/v0/models.py", line 32, in __init__
    super().__init__(**data)
  File "/var/lib/juju/agents/unit-opensearch-1/charm/venv/pydantic/main.py", line 341, in __init__
    raise validation_error
pydantic.error_wrappers.ValidationError: 1 validation error for DeploymentDescription
app
  value is not a valid dict (type=type_error.dict)
unit-opensearch-1: 02:42:42 ERROR juju.worker.uniter.operation hook "upgrade-charm" (via hook dispatching script: dispatch) failed: exit status 1
unit-opensearch-0: 02:42:53 ERROR unit.opensearch/0.juju-log Uncaught exception while in charm code:
Traceback (most recent call last):
  File "/var/lib/juju/agents/unit-opensearch-0/charm/./src/charm.py", line 213, in <module>
    main(OpenSearchOperatorCharm)
  File "/var/lib/juju/agents/unit-opensearch-0/charm/venv/ops/main.py", line 549, in main
    manager = _Manager(charm_class, use_juju_for_storage=use_juju_for_storage)
  File "/var/lib/juju/agents/unit-opensearch-0/charm/venv/ops/main.py", line 432, in __init__
    self.charm = self._make_charm(self.framework, self.dispatcher)
  File "/var/lib/juju/agents/unit-opensearch-0/charm/venv/ops/main.py", line 435, in _make_charm
    charm = self._charm_class(framework)
  File "/var/lib/juju/agents/unit-opensearch-0/charm/./src/charm.py", line 29, in __init__
    super().__init__(*args, distro=OpenSearchSnap)  # OpenSearchTarball
  File "/var/lib/juju/agents/unit-opensearch-0/charm/lib/charms/opensearch/v0/opensearch_base_charm.py", line 197, in __init__
    self.backup = backup(self)
  File "/var/lib/juju/agents/unit-opensearch-0/charm/lib/charms/opensearch/v0/opensearch_backups.py", line 1080, in backup
    if not charm.opensearch_peer_cm.deployment_desc():
  File "/var/lib/juju/agents/unit-opensearch-0/charm/lib/charms/opensearch/v0/opensearch_peer_clusters.py", line 358, in deployment_desc
    return DeploymentDescription.from_dict(current_deployment_desc)
  File "/var/lib/juju/agents/unit-opensearch-0/charm/lib/charms/opensearch/v0/models.py", line 47, in from_dict
    return cls(**input_dict)
  File "/var/lib/juju/agents/unit-opensearch-0/charm/lib/charms/opensearch/v0/models.py", line 32, in __init__
    super().__init__(**data)
  File "/var/lib/juju/agents/unit-opensearch-0/charm/venv/pydantic/main.py", line 341, in __init__
    raise validation_error
pydantic.error_wrappers.ValidationError: 1 validation error for DeploymentDescription
app
  value is not a valid dict (type=type_error.dict)
unit-opensearch-0: 02:42:53 ERROR juju.worker.uniter.operation hook "upgrade-charm" (via hook dispatching script: dispatch) failed: exit status 1
unit-opensearch-2: 02:43:05 ERROR unit.opensearch/2.juju-log Uncaught exception while in charm code:
Traceback (most recent call last):
  File "/var/lib/juju/agents/unit-opensearch-2/charm/./src/charm.py", line 213, in <module>
    main(OpenSearchOperatorCharm)
  File "/var/lib/juju/agents/unit-opensearch-2/charm/venv/ops/main.py", line 549, in main
    manager = _Manager(charm_class, use_juju_for_storage=use_juju_for_storage)
  File "/var/lib/juju/agents/unit-opensearch-2/charm/venv/ops/main.py", line 432, in __init__
    self.charm = self._make_charm(self.framework, self.dispatcher)
  File "/var/lib/juju/agents/unit-opensearch-2/charm/venv/ops/main.py", line 435, in _make_charm
    charm = self._charm_class(framework)
  File "/var/lib/juju/agents/unit-opensearch-2/charm/./src/charm.py", line 29, in __init__
    super().__init__(*args, distro=OpenSearchSnap)  # OpenSearchTarball
  File "/var/lib/juju/agents/unit-opensearch-2/charm/lib/charms/opensearch/v0/opensearch_base_charm.py", line 197, in __init__
    self.backup = backup(self)
  File "/var/lib/juju/agents/unit-opensearch-2/charm/lib/charms/opensearch/v0/opensearch_backups.py", line 1080, in backup
    if not charm.opensearch_peer_cm.deployment_desc():
  File "/var/lib/juju/agents/unit-opensearch-2/charm/lib/charms/opensearch/v0/opensearch_peer_clusters.py", line 358, in deployment_desc
    return DeploymentDescription.from_dict(current_deployment_desc)
  File "/var/lib/juju/agents/unit-opensearch-2/charm/lib/charms/opensearch/v0/models.py", line 47, in from_dict
    return cls(**input_dict)
  File "/var/lib/juju/agents/unit-opensearch-2/charm/lib/charms/opensearch/v0/models.py", line 32, in __init__
    super().__init__(**data)
  File "/var/lib/juju/agents/unit-opensearch-2/charm/venv/pydantic/main.py", line 341, in __init__
    raise validation_error
pydantic.error_wrappers.ValidationError: 1 validation error for DeploymentDescription
app
  value is not a valid dict (type=type_error.dict)
unit-opensearch-2: 02:43:05 ERROR juju.worker.uniter.operation hook "upgrade-charm" (via hook dispatching script: dispatch) failed: exit status 1
unit-opensearch-1: 02:47:43 ERROR unit.opensearch/1.juju-log Uncaught exception while in charm code:
Traceback (most recent call last):
  File "/var/lib/juju/agents/unit-opensearch-1/charm/./src/charm.py", line 213, in <module>
    main(OpenSearchOperatorCharm)
  File "/var/lib/juju/agents/unit-opensearch-1/charm/venv/ops/main.py", line 549, in main
    manager = _Manager(charm_class, use_juju_for_storage=use_juju_for_storage)
  File "/var/lib/juju/agents/unit-opensearch-1/charm/venv/ops/main.py", line 432, in __init__
    self.charm = self._make_charm(self.framework, self.dispatcher)
  File "/var/lib/juju/agents/unit-opensearch-1/charm/venv/ops/main.py", line 435, in _make_charm
    charm = self._charm_class(framework)
  File "/var/lib/juju/agents/unit-opensearch-1/charm/./src/charm.py", line 29, in __init__
    super().__init__(*args, distro=OpenSearchSnap)  # OpenSearchTarball
  File "/var/lib/juju/agents/unit-opensearch-1/charm/lib/charms/opensearch/v0/opensearch_base_charm.py", line 197, in __init__
    self.backup = backup(self)
  File "/var/lib/juju/agents/unit-opensearch-1/charm/lib/charms/opensearch/v0/opensearch_backups.py", line 1080, in backup
    if not charm.opensearch_peer_cm.deployment_desc():
  File "/var/lib/juju/agents/unit-opensearch-1/charm/lib/charms/opensearch/v0/opensearch_peer_clusters.py", line 358, in deployment_desc
    return DeploymentDescription.from_dict(current_deployment_desc)
  File "/var/lib/juju/agents/unit-opensearch-1/charm/lib/charms/opensearch/v0/models.py", line 47, in from_dict
    return cls(**input_dict)
  File "/var/lib/juju/agents/unit-opensearch-1/charm/lib/charms/opensearch/v0/models.py", line 32, in __init__
    super().__init__(**data)
  File "/var/lib/juju/agents/unit-opensearch-1/charm/venv/pydantic/main.py", line 341, in __init__
    raise validation_error
pydantic.error_wrappers.ValidationError: 1 validation error for DeploymentDescription
app
  value is not a valid dict (type=type_error.dict)
unit-opensearch-1: 02:47:44 ERROR juju.worker.uniter.operation hook "upgrade-charm" (via hook dispatching script: dispatch) failed: exit status 1
unit-opensearch-0: 02:47:55 ERROR unit.opensearch/0.juju-log Uncaught exception while in charm code:
Traceback (most recent call last):
  File "/var/lib/juju/agents/unit-opensearch-0/charm/./src/charm.py", line 213, in <module>
    main(OpenSearchOperatorCharm)
  File "/var/lib/juju/agents/unit-opensearch-0/charm/venv/ops/main.py", line 549, in main
    manager = _Manager(charm_class, use_juju_for_storage=use_juju_for_storage)
  File "/var/lib/juju/agents/unit-opensearch-0/charm/venv/ops/main.py", line 432, in __init__
    self.charm = self._make_charm(self.framework, self.dispatcher)
  File "/var/lib/juju/agents/unit-opensearch-0/charm/venv/ops/main.py", line 435, in _make_charm
    charm = self._charm_class(framework)
  File "/var/lib/juju/agents/unit-opensearch-0/charm/./src/charm.py", line 29, in __init__
    super().__init__(*args, distro=OpenSearchSnap)  # OpenSearchTarball
  File "/var/lib/juju/agents/unit-opensearch-0/charm/lib/charms/opensearch/v0/opensearch_base_charm.py", line 197, in __init__
    self.backup = backup(self)
  File "/var/lib/juju/agents/unit-opensearch-0/charm/lib/charms/opensearch/v0/opensearch_backups.py", line 1080, in backup
    if not charm.opensearch_peer_cm.deployment_desc():
  File "/var/lib/juju/agents/unit-opensearch-0/charm/lib/charms/opensearch/v0/opensearch_peer_clusters.py", line 358, in deployment_desc
    return DeploymentDescription.from_dict(current_deployment_desc)
  File "/var/lib/juju/agents/unit-opensearch-0/charm/lib/charms/opensearch/v0/models.py", line 47, in from_dict
    return cls(**input_dict)
  File "/var/lib/juju/agents/unit-opensearch-0/charm/lib/charms/opensearch/v0/models.py", line 32, in __init__
    super().__init__(**data)
  File "/var/lib/juju/agents/unit-opensearch-0/charm/venv/pydantic/main.py", line 341, in __init__
    raise validation_error
pydantic.error_wrappers.ValidationError: 1 validation error for DeploymentDescription
app
  value is not a valid dict (type=type_error.dict)
unit-opensearch-0: 02:47:55 ERROR juju.worker.uniter.operation hook "upgrade-charm" (via hook dispatching script: dispatch) failed: exit status 1
unit-opensearch-2: 02:48:06 ERROR unit.opensearch/2.juju-log Uncaught exception while in charm code:
Traceback (most recent call last):
  File "/var/lib/juju/agents/unit-opensearch-2/charm/./src/charm.py", line 213, in <module>
    main(OpenSearchOperatorCharm)
  File "/var/lib/juju/agents/unit-opensearch-2/charm/venv/ops/main.py", line 549, in main
    manager = _Manager(charm_class, use_juju_for_storage=use_juju_for_storage)
  File "/var/lib/juju/agents/unit-opensearch-2/charm/venv/ops/main.py", line 432, in __init__
    self.charm = self._make_charm(self.framework, self.dispatcher)
  File "/var/lib/juju/agents/unit-opensearch-2/charm/venv/ops/main.py", line 435, in _make_charm
    charm = self._charm_class(framework)
  File "/var/lib/juju/agents/unit-opensearch-2/charm/./src/charm.py", line 29, in __init__
    super().__init__(*args, distro=OpenSearchSnap)  # OpenSearchTarball
  File "/var/lib/juju/agents/unit-opensearch-2/charm/lib/charms/opensearch/v0/opensearch_base_charm.py", line 197, in __init__
    self.backup = backup(self)
  File "/var/lib/juju/agents/unit-opensearch-2/charm/lib/charms/opensearch/v0/opensearch_backups.py", line 1080, in backup
    if not charm.opensearch_peer_cm.deployment_desc():
  File "/var/lib/juju/agents/unit-opensearch-2/charm/lib/charms/opensearch/v0/opensearch_peer_clusters.py", line 358, in deployment_desc
    return DeploymentDescription.from_dict(current_deployment_desc)
  File "/var/lib/juju/agents/unit-opensearch-2/charm/lib/charms/opensearch/v0/models.py", line 47, in from_dict
    return cls(**input_dict)
  File "/var/lib/juju/agents/unit-opensearch-2/charm/lib/charms/opensearch/v0/models.py", line 32, in __init__
    super().__init__(**data)
  File "/var/lib/juju/agents/unit-opensearch-2/charm/venv/pydantic/main.py", line 341, in __init__
    raise validation_error
pydantic.error_wrappers.ValidationError: 1 validation error for DeploymentDescription
app
  value is not a valid dict (type=type_error.dict)
unit-opensearch-2: 02:48:06 ERROR juju.worker.uniter.operation hook "upgrade-charm" (via hook dispatching script: dispatch) failed: exit status 1
unit-opensearch-1: 02:52:45 ERROR unit.opensearch/1.juju-log Uncaught exception while in charm code:
Traceback (most recent call last):
  File "/var/lib/juju/agents/unit-opensearch-1/charm/./src/charm.py", line 213, in <module>
    main(OpenSearchOperatorCharm)
  File "/var/lib/juju/agents/unit-opensearch-1/charm/venv/ops/main.py", line 549, in main
    manager = _Manager(charm_class, use_juju_for_storage=use_juju_for_storage)
  File "/var/lib/juju/agents/unit-opensearch-1/charm/venv/ops/main.py", line 432, in __init__
    self.charm = self._make_charm(self.framework, self.dispatcher)
  File "/var/lib/juju/agents/unit-opensearch-1/charm/venv/ops/main.py", line 435, in _make_charm
    charm = self._charm_class(framework)
  File "/var/lib/juju/agents/unit-opensearch-1/charm/./src/charm.py", line 29, in __init__
    super().__init__(*args, distro=OpenSearchSnap)  # OpenSearchTarball
  File "/var/lib/juju/agents/unit-opensearch-1/charm/lib/charms/opensearch/v0/opensearch_base_charm.py", line 197, in __init__
    self.backup = backup(self)
  File "/var/lib/juju/agents/unit-opensearch-1/charm/lib/charms/opensearch/v0/opensearch_backups.py", line 1080, in backup
    if not charm.opensearch_peer_cm.deployment_desc():
  File "/var/lib/juju/agents/unit-opensearch-1/charm/lib/charms/opensearch/v0/opensearch_peer_clusters.py", line 358, in deployment_desc
    return DeploymentDescription.from_dict(current_deployment_desc)
  File "/var/lib/juju/agents/unit-opensearch-1/charm/lib/charms/opensearch/v0/models.py", line 47, in from_dict
    return cls(**input_dict)
  File "/var/lib/juju/agents/unit-opensearch-1/charm/lib/charms/opensearch/v0/models.py", line 32, in __init__
    super().__init__(**data)
  File "/var/lib/juju/agents/unit-opensearch-1/charm/venv/pydantic/main.py", line 341, in __init__
    raise validation_error
pydantic.error_wrappers.ValidationError: 1 validation error for DeploymentDescription
app
  value is not a valid dict (type=type_error.dict)
unit-opensearch-1: 02:52:45 ERROR juju.worker.uniter.operation hook "upgrade-charm" (via hook dispatching script: dispatch) failed: exit status 1
unit-opensearch-0: 02:52:56 ERROR unit.opensearch/0.juju-log Uncaught exception while in charm code:
Traceback (most recent call last):
  File "/var/lib/juju/agents/unit-opensearch-0/charm/./src/charm.py", line 213, in <module>
    main(OpenSearchOperatorCharm)
  File "/var/lib/juju/agents/unit-opensearch-0/charm/venv/ops/main.py", line 549, in main
    manager = _Manager(charm_class, use_juju_for_storage=use_juju_for_storage)
  File "/var/lib/juju/agents/unit-opensearch-0/charm/venv/ops/main.py", line 432, in __init__
    self.charm = self._make_charm(self.framework, self.dispatcher)
  File "/var/lib/juju/agents/unit-opensearch-0/charm/venv/ops/main.py", line 435, in _make_charm
    charm = self._charm_class(framework)
  File "/var/lib/juju/agents/unit-opensearch-0/charm/./src/charm.py", line 29, in __init__
    super().__init__(*args, distro=OpenSearchSnap)  # OpenSearchTarball
  File "/var/lib/juju/agents/unit-opensearch-0/charm/lib/charms/opensearch/v0/opensearch_base_charm.py", line 197, in __init__
    self.backup = backup(self)
  File "/var/lib/juju/agents/unit-opensearch-0/charm/lib/charms/opensearch/v0/opensearch_backups.py", line 1080, in backup
    if not charm.opensearch_peer_cm.deployment_desc():
  File "/var/lib/juju/agents/unit-opensearch-0/charm/lib/charms/opensearch/v0/opensearch_peer_clusters.py", line 358, in deployment_desc
    return DeploymentDescription.from_dict(current_deployment_desc)
  File "/var/lib/juju/agents/unit-opensearch-0/charm/lib/charms/opensearch/v0/models.py", line 47, in from_dict
    return cls(**input_dict)
  File "/var/lib/juju/agents/unit-opensearch-0/charm/lib/charms/opensearch/v0/models.py", line 32, in __init__
    super().__init__(**data)
  File "/var/lib/juju/agents/unit-opensearch-0/charm/venv/pydantic/main.py", line 341, in __init__
    raise validation_error
pydantic.error_wrappers.ValidationError: 1 validation error for DeploymentDescription
app
  value is not a valid dict (type=type_error.dict)
unit-opensearch-0: 02:52:56 ERROR juju.worker.uniter.operation hook "upgrade-charm" (via hook dispatching script: dispatch) failed: exit status 1
unit-opensearch-2: 02:53:07 ERROR unit.opensearch/2.juju-log Uncaught exception while in charm code:
Traceback (most recent call last):
  File "/var/lib/juju/agents/unit-opensearch-2/charm/./src/charm.py", line 213, in <module>
    main(OpenSearchOperatorCharm)
  File "/var/lib/juju/agents/unit-opensearch-2/charm/venv/ops/main.py", line 549, in main
    manager = _Manager(charm_class, use_juju_for_storage=use_juju_for_storage)
  File "/var/lib/juju/agents/unit-opensearch-2/charm/venv/ops/main.py", line 432, in __init__
    self.charm = self._make_charm(self.framework, self.dispatcher)
  File "/var/lib/juju/agents/unit-opensearch-2/charm/venv/ops/main.py", line 435, in _make_charm
    charm = self._charm_class(framework)
  File "/var/lib/juju/agents/unit-opensearch-2/charm/./src/charm.py", line 29, in __init__
    super().__init__(*args, distro=OpenSearchSnap)  # OpenSearchTarball
  File "/var/lib/juju/agents/unit-opensearch-2/charm/lib/charms/opensearch/v0/opensearch_base_charm.py", line 197, in __init__
    self.backup = backup(self)
  File "/var/lib/juju/agents/unit-opensearch-2/charm/lib/charms/opensearch/v0/opensearch_backups.py", line 1080, in backup
    if not charm.opensearch_peer_cm.deployment_desc():
  File "/var/lib/juju/agents/unit-opensearch-2/charm/lib/charms/opensearch/v0/opensearch_peer_clusters.py", line 358, in deployment_desc
    return DeploymentDescription.from_dict(current_deployment_desc)
  File "/var/lib/juju/agents/unit-opensearch-2/charm/lib/charms/opensearch/v0/models.py", line 47, in from_dict
    return cls(**input_dict)
  File "/var/lib/juju/agents/unit-opensearch-2/charm/lib/charms/opensearch/v0/models.py", line 32, in __init__
    super().__init__(**data)
  File "/var/lib/juju/agents/unit-opensearch-2/charm/venv/pydantic/main.py", line 341, in __init__
    raise validation_error
pydantic.error_wrappers.ValidationError: 1 validation error for DeploymentDescription
app
  value is not a valid dict (type=type_error.dict)
unit-opensearch-2: 02:53:08 ERROR juju.worker.uniter.operation hook "upgrade-charm" (via hook dispatching script: dispatch) failed: exit status 1
unit-opensearch-1: 02:57:46 ERROR unit.opensearch/1.juju-log Uncaught exception while in charm code:
Traceback (most recent call last):
  File "/var/lib/juju/agents/unit-opensearch-1/charm/./src/charm.py", line 213, in <module>
    main(OpenSearchOperatorCharm)
  File "/var/lib/juju/agents/unit-opensearch-1/charm/venv/ops/main.py", line 549, in main
    manager = _Manager(charm_class, use_juju_for_storage=use_juju_for_storage)
  File "/var/lib/juju/agents/unit-opensearch-1/charm/venv/ops/main.py", line 432, in __init__
    self.charm = self._make_charm(self.framework, self.dispatcher)
  File "/var/lib/juju/agents/unit-opensearch-1/charm/venv/ops/main.py", line 435, in _make_charm
    charm = self._charm_class(framework)
  File "/var/lib/juju/agents/unit-opensearch-1/charm/./src/charm.py", line 29, in __init__
    super().__init__(*args, distro=OpenSearchSnap)  # OpenSearchTarball
  File "/var/lib/juju/agents/unit-opensearch-1/charm/lib/charms/opensearch/v0/opensearch_base_charm.py", line 197, in __init__
    self.backup = backup(self)
  File "/var/lib/juju/agents/unit-opensearch-1/charm/lib/charms/opensearch/v0/opensearch_backups.py", line 1080, in backup
    if not charm.opensearch_peer_cm.deployment_desc():
  File "/var/lib/juju/agents/unit-opensearch-1/charm/lib/charms/opensearch/v0/opensearch_peer_clusters.py", line 358, in deployment_desc
    return DeploymentDescription.from_dict(current_deployment_desc)
  File "/var/lib/juju/agents/unit-opensearch-1/charm/lib/charms/opensearch/v0/models.py", line 47, in from_dict
    return cls(**input_dict)
  File "/var/lib/juju/agents/unit-opensearch-1/charm/lib/charms/opensearch/v0/models.py", line 32, in __init__
    super().__init__(**data)
  File "/var/lib/juju/agents/unit-opensearch-1/charm/venv/pydantic/main.py", line 341, in __init__
    raise validation_error
pydantic.error_wrappers.ValidationError: 1 validation error for DeploymentDescription
app
  value is not a valid dict (type=type_error.dict)
unit-opensearch-1: 02:57:47 ERROR juju.worker.uniter.operation hook "upgrade-charm" (via hook dispatching script: dispatch) failed: exit status 1
unit-opensearch-0: 02:57:57 ERROR unit.opensearch/0.juju-log Uncaught exception while in charm code:
Traceback (most recent call last):
  File "/var/lib/juju/agents/unit-opensearch-0/charm/./src/charm.py", line 213, in <module>
    main(OpenSearchOperatorCharm)
  File "/var/lib/juju/agents/unit-opensearch-0/charm/venv/ops/main.py", line 549, in main
    manager = _Manager(charm_class, use_juju_for_storage=use_juju_for_storage)
  File "/var/lib/juju/agents/unit-opensearch-0/charm/venv/ops/main.py", line 432, in __init__
    self.charm = self._make_charm(self.framework, self.dispatcher)
  File "/var/lib/juju/agents/unit-opensearch-0/charm/venv/ops/main.py", line 435, in _make_charm
    charm = self._charm_class(framework)
  File "/var/lib/juju/agents/unit-opensearch-0/charm/./src/charm.py", line 29, in __init__
    super().__init__(*args, distro=OpenSearchSnap)  # OpenSearchTarball
  File "/var/lib/juju/agents/unit-opensearch-0/charm/lib/charms/opensearch/v0/opensearch_base_charm.py", line 197, in __init__
    self.backup = backup(self)
  File "/var/lib/juju/agents/unit-opensearch-0/charm/lib/charms/opensearch/v0/opensearch_backups.py", line 1080, in backup
    if not charm.opensearch_peer_cm.deployment_desc():
  File "/var/lib/juju/agents/unit-opensearch-0/charm/lib/charms/opensearch/v0/opensearch_peer_clusters.py", line 358, in deployment_desc
    return DeploymentDescription.from_dict(current_deployment_desc)
  File "/var/lib/juju/agents/unit-opensearch-0/charm/lib/charms/opensearch/v0/models.py", line 47, in from_dict
    return cls(**input_dict)
  File "/var/lib/juju/agents/unit-opensearch-0/charm/lib/charms/opensearch/v0/models.py", line 32, in __init__
    super().__init__(**data)
  File "/var/lib/juju/agents/unit-opensearch-0/charm/venv/pydantic/main.py", line 341, in __init__
    raise validation_error
pydantic.error_wrappers.ValidationError: 1 validation error for DeploymentDescription
app
  value is not a valid dict (type=type_error.dict)
unit-opensearch-0: 02:57:58 ERROR juju.worker.uniter.operation hook "upgrade-charm" (via hook dispatching script: dispatch) failed: exit status 1
unit-opensearch-2: 02:58:09 ERROR unit.opensearch/2.juju-log Uncaught exception while in charm code:
Traceback (most recent call last):
  File "/var/lib/juju/agents/unit-opensearch-2/charm/./src/charm.py", line 213, in <module>
    main(OpenSearchOperatorCharm)
  File "/var/lib/juju/agents/unit-opensearch-2/charm/venv/ops/main.py", line 549, in main
    manager = _Manager(charm_class, use_juju_for_storage=use_juju_for_storage)
  File "/var/lib/juju/agents/unit-opensearch-2/charm/venv/ops/main.py", line 432, in __init__
    self.charm = self._make_charm(self.framework, self.dispatcher)
  File "/var/lib/juju/agents/unit-opensearch-2/charm/venv/ops/main.py", line 435, in _make_charm
    charm = self._charm_class(framework)
  File "/var/lib/juju/agents/unit-opensearch-2/charm/./src/charm.py", line 29, in __init__
    super().__init__(*args, distro=OpenSearchSnap)  # OpenSearchTarball
  File "/var/lib/juju/agents/unit-opensearch-2/charm/lib/charms/opensearch/v0/opensearch_base_charm.py", line 197, in __init__
    self.backup = backup(self)
  File "/var/lib/juju/agents/unit-opensearch-2/charm/lib/charms/opensearch/v0/opensearch_backups.py", line 1080, in backup
    if not charm.opensearch_peer_cm.deployment_desc():
  File "/var/lib/juju/agents/unit-opensearch-2/charm/lib/charms/opensearch/v0/opensearch_peer_clusters.py", line 358, in deployment_desc
    return DeploymentDescription.from_dict(current_deployment_desc)
  File "/var/lib/juju/agents/unit-opensearch-2/charm/lib/charms/opensearch/v0/models.py", line 47, in from_dict
    return cls(**input_dict)
  File "/var/lib/juju/agents/unit-opensearch-2/charm/lib/charms/opensearch/v0/models.py", line 32, in __init__
    super().__init__(**data)
  File "/var/lib/juju/agents/unit-opensearch-2/charm/venv/pydantic/main.py", line 341, in __init__
    raise validation_error
pydantic.error_wrappers.ValidationError: 1 validation error for DeploymentDescription
app
  value is not a valid dict (type=type_error.dict)
unit-opensearch-2: 02:58:09 ERROR juju.worker.uniter.operation hook "upgrade-charm" (via hook dispatching script: dispatch) failed: exit status 1
unit-opensearch-1: 03:02:48 ERROR unit.opensearch/1.juju-log Uncaught exception while in charm code:
Traceback (most recent call last):
  File "/var/lib/juju/agents/unit-opensearch-1/charm/./src/charm.py", line 213, in <module>
    main(OpenSearchOperatorCharm)
  File "/var/lib/juju/agents/unit-opensearch-1/charm/venv/ops/main.py", line 549, in main
    manager = _Manager(charm_class, use_juju_for_storage=use_juju_for_storage)
  File "/var/lib/juju/agents/unit-opensearch-1/charm/venv/ops/main.py", line 432, in __init__
    self.charm = self._make_charm(self.framework, self.dispatcher)
  File "/var/lib/juju/agents/unit-opensearch-1/charm/venv/ops/main.py", line 435, in _make_charm
    charm = self._charm_class(framework)
  File "/var/lib/juju/agents/unit-opensearch-1/charm/./src/charm.py", line 29, in __init__
    super().__init__(*args, distro=OpenSearchSnap)  # OpenSearchTarball
  File "/var/lib/juju/agents/unit-opensearch-1/charm/lib/charms/opensearch/v0/opensearch_base_charm.py", line 197, in __init__
    self.backup = backup(self)
  File "/var/lib/juju/agents/unit-opensearch-1/charm/lib/charms/opensearch/v0/opensearch_backups.py", line 1080, in backup
    if not charm.opensearch_peer_cm.deployment_desc():
  File "/var/lib/juju/agents/unit-opensearch-1/charm/lib/charms/opensearch/v0/opensearch_peer_clusters.py", line 358, in deployment_desc
    return DeploymentDescription.from_dict(current_deployment_desc)
  File "/var/lib/juju/agents/unit-opensearch-1/charm/lib/charms/opensearch/v0/models.py", line 47, in from_dict
    return cls(**input_dict)
  File "/var/lib/juju/agents/unit-opensearch-1/charm/lib/charms/opensearch/v0/models.py", line 32, in __init__
    super().__init__(**data)
  File "/var/lib/juju/agents/unit-opensearch-1/charm/venv/pydantic/main.py", line 341, in __init__
    raise validation_error
pydantic.error_wrappers.ValidationError: 1 validation error for DeploymentDescription
app
  value is not a valid dict (type=type_error.dict)
unit-opensearch-1: 03:02:48 ERROR juju.worker.uniter.operation hook "upgrade-charm" (via hook dispatching script: dispatch) failed: exit status 1
unit-opensearch-0: 03:02:59 ERROR unit.opensearch/0.juju-log Uncaught exception while in charm code:
Traceback (most recent call last):
  File "/var/lib/juju/agents/unit-opensearch-0/charm/./src/charm.py", line 213, in <module>
    main(OpenSearchOperatorCharm)
  File "/var/lib/juju/agents/unit-opensearch-0/charm/venv/ops/main.py", line 549, in main
    manager = _Manager(charm_class, use_juju_for_storage=use_juju_for_storage)
  File "/var/lib/juju/agents/unit-opensearch-0/charm/venv/ops/main.py", line 432, in __init__
    self.charm = self._make_charm(self.framework, self.dispatcher)
  File "/var/lib/juju/agents/unit-opensearch-0/charm/venv/ops/main.py", line 435, in _make_charm
    charm = self._charm_class(framework)
  File "/var/lib/juju/agents/unit-opensearch-0/charm/./src/charm.py", line 29, in __init__
    super().__init__(*args, distro=OpenSearchSnap)  # OpenSearchTarball
  File "/var/lib/juju/agents/unit-opensearch-0/charm/lib/charms/opensearch/v0/opensearch_base_charm.py", line 197, in __init__
    self.backup = backup(self)
  File "/var/lib/juju/agents/unit-opensearch-0/charm/lib/charms/opensearch/v0/opensearch_backups.py", line 1080, in backup
    if not charm.opensearch_peer_cm.deployment_desc():
  File "/var/lib/juju/agents/unit-opensearch-0/charm/lib/charms/opensearch/v0/opensearch_peer_clusters.py", line 358, in deployment_desc
    return DeploymentDescription.from_dict(current_deployment_desc)
  File "/var/lib/juju/agents/unit-opensearch-0/charm/lib/charms/opensearch/v0/models.py", line 47, in from_dict
    return cls(**input_dict)
  File "/var/lib/juju/agents/unit-opensearch-0/charm/lib/charms/opensearch/v0/models.py", line 32, in __init__
    super().__init__(**data)
  File "/var/lib/juju/agents/unit-opensearch-0/charm/venv/pydantic/main.py", line 341, in __init__
    raise validation_error
pydantic.error_wrappers.ValidationError: 1 validation error for DeploymentDescription
app
  value is not a valid dict (type=type_error.dict)
unit-opensearch-0: 03:02:59 ERROR juju.worker.uniter.operation hook "upgrade-charm" (via hook dispatching script: dispatch) failed: exit status 1
unit-opensearch-2: 03:03:10 ERROR unit.opensearch/2.juju-log Uncaught exception while in charm code:
Traceback (most recent call last):
  File "/var/lib/juju/agents/unit-opensearch-2/charm/./src/charm.py", line 213, in <module>
    main(OpenSearchOperatorCharm)
  File "/var/lib/juju/agents/unit-opensearch-2/charm/venv/ops/main.py", line 549, in main
    manager = _Manager(charm_class, use_juju_for_storage=use_juju_for_storage)
  File "/var/lib/juju/agents/unit-opensearch-2/charm/venv/ops/main.py", line 432, in __init__
    self.charm = self._make_charm(self.framework, self.dispatcher)
  File "/var/lib/juju/agents/unit-opensearch-2/charm/venv/ops/main.py", line 435, in _make_charm
    charm = self._charm_class(framework)
  File "/var/lib/juju/agents/unit-opensearch-2/charm/./src/charm.py", line 29, in __init__
    super().__init__(*args, distro=OpenSearchSnap)  # OpenSearchTarball
  File "/var/lib/juju/agents/unit-opensearch-2/charm/lib/charms/opensearch/v0/opensearch_base_charm.py", line 197, in __init__
    self.backup = backup(self)
  File "/var/lib/juju/agents/unit-opensearch-2/charm/lib/charms/opensearch/v0/opensearch_backups.py", line 1080, in backup
    if not charm.opensearch_peer_cm.deployment_desc():
  File "/var/lib/juju/agents/unit-opensearch-2/charm/lib/charms/opensearch/v0/opensearch_peer_clusters.py", line 358, in deployment_desc
    return DeploymentDescription.from_dict(current_deployment_desc)
  File "/var/lib/juju/agents/unit-opensearch-2/charm/lib/charms/opensearch/v0/models.py", line 47, in from_dict
    return cls(**input_dict)
  File "/var/lib/juju/agents/unit-opensearch-2/charm/lib/charms/opensearch/v0/models.py", line 32, in __init__
    super().__init__(**data)
  File "/var/lib/juju/agents/unit-opensearch-2/charm/venv/pydantic/main.py", line 341, in __init__
    raise validation_error
pydantic.error_wrappers.ValidationError: 1 validation error for DeploymentDescription
app
  value is not a valid dict (type=type_error.dict)
unit-opensearch-2: 03:03:10 ERROR juju.worker.uniter.operation hook "upgrade-charm" (via hook dispatching script: dispatch) failed: exit status 1
unit-opensearch-2: 03:03:14 ERROR unit.opensearch/2.juju-log Uncaught exception while in charm code:
Traceback (most recent call last):
  File "/var/lib/juju/agents/unit-opensearch-2/charm/./src/charm.py", line 213, in <module>
    main(OpenSearchOperatorCharm)
  File "/var/lib/juju/agents/unit-opensearch-2/charm/venv/ops/main.py", line 549, in main
    manager = _Manager(charm_class, use_juju_for_storage=use_juju_for_storage)
  File "/var/lib/juju/agents/unit-opensearch-2/charm/venv/ops/main.py", line 432, in __init__
    self.charm = self._make_charm(self.framework, self.dispatcher)
  File "/var/lib/juju/agents/unit-opensearch-2/charm/venv/ops/main.py", line 435, in _make_charm
    charm = self._charm_class(framework)
  File "/var/lib/juju/agents/unit-opensearch-2/charm/./src/charm.py", line 29, in __init__
    super().__init__(*args, distro=OpenSearchSnap)  # OpenSearchTarball
  File "/var/lib/juju/agents/unit-opensearch-2/charm/lib/charms/opensearch/v0/opensearch_base_charm.py", line 197, in __init__
    self.backup = backup(self)
  File "/var/lib/juju/agents/unit-opensearch-2/charm/lib/charms/opensearch/v0/opensearch_backups.py", line 1080, in backup
    if not charm.opensearch_peer_cm.deployment_desc():
  File "/var/lib/juju/agents/unit-opensearch-2/charm/lib/charms/opensearch/v0/opensearch_peer_clusters.py", line 358, in deployment_desc
    return DeploymentDescription.from_dict(current_deployment_desc)
  File "/var/lib/juju/agents/unit-opensearch-2/charm/lib/charms/opensearch/v0/models.py", line 47, in from_dict
    return cls(**input_dict)
  File "/var/lib/juju/agents/unit-opensearch-2/charm/lib/charms/opensearch/v0/models.py", line 32, in __init__
    super().__init__(**data)
  File "/var/lib/juju/agents/unit-opensearch-2/charm/venv/pydantic/main.py", line 341, in __init__
    raise validation_error
pydantic.error_wrappers.ValidationError: 1 validation error for DeploymentDescription
app
  value is not a valid dict (type=type_error.dict)
unit-opensearch-1: 03:07:49 ERROR unit.opensearch/1.juju-log Uncaught exception while in charm code:
Traceback (most recent call last):
  File "/var/lib/juju/agents/unit-opensearch-1/charm/./src/charm.py", line 213, in <module>
    main(OpenSearchOperatorCharm)
  File "/var/lib/juju/agents/unit-opensearch-1/charm/venv/ops/main.py", line 549, in main
    manager = _Manager(charm_class, use_juju_for_storage=use_juju_for_storage)
  File "/var/lib/juju/agents/unit-opensearch-1/charm/venv/ops/main.py", line 432, in __init__
    self.charm = self._make_charm(self.framework, self.dispatcher)
  File "/var/lib/juju/agents/unit-opensearch-1/charm/venv/ops/main.py", line 435, in _make_charm
    charm = self._charm_class(framework)
  File "/var/lib/juju/agents/unit-opensearch-1/charm/./src/charm.py", line 29, in __init__
    super().__init__(*args, distro=OpenSearchSnap)  # OpenSearchTarball
  File "/var/lib/juju/agents/unit-opensearch-1/charm/lib/charms/opensearch/v0/opensearch_base_charm.py", line 197, in __init__
    self.backup = backup(self)
  File "/var/lib/juju/agents/unit-opensearch-1/charm/lib/charms/opensearch/v0/opensearch_backups.py", line 1080, in backup
    if not charm.opensearch_peer_cm.deployment_desc():
  File "/var/lib/juju/agents/unit-opensearch-1/charm/lib/charms/opensearch/v0/opensearch_peer_clusters.py", line 358, in deployment_desc
    return DeploymentDescription.from_dict(current_deployment_desc)
  File "/var/lib/juju/agents/unit-opensearch-1/charm/lib/charms/opensearch/v0/models.py", line 47, in from_dict
    return cls(**input_dict)
  File "/var/lib/juju/agents/unit-opensearch-1/charm/lib/charms/opensearch/v0/models.py", line 32, in __init__
    super().__init__(**data)
  File "/var/lib/juju/agents/unit-opensearch-1/charm/venv/pydantic/main.py", line 341, in __init__
    raise validation_error
pydantic.error_wrappers.ValidationError: 1 validation error for DeploymentDescription
app
  value is not a valid dict (type=type_error.dict)
unit-opensearch-1: 03:07:49 ERROR juju.worker.uniter.operation hook "upgrade-charm" (via hook dispatching script: dispatch) failed: exit status 1
unit-opensearch-0: 03:08:00 ERROR unit.opensearch/0.juju-log Uncaught exception while in charm code:
Traceback (most recent call last):
  File "/var/lib/juju/agents/unit-opensearch-0/charm/./src/charm.py", line 213, in <module>
    main(OpenSearchOperatorCharm)
  File "/var/lib/juju/agents/unit-opensearch-0/charm/venv/ops/main.py", line 549, in main
    manager = _Manager(charm_class, use_juju_for_storage=use_juju_for_storage)
  File "/var/lib/juju/agents/unit-opensearch-0/charm/venv/ops/main.py", line 432, in __init__
    self.charm = self._make_charm(self.framework, self.dispatcher)
  File "/var/lib/juju/agents/unit-opensearch-0/charm/venv/ops/main.py", line 435, in _make_charm
    charm = self._charm_class(framework)
  File "/var/lib/juju/agents/unit-opensearch-0/charm/./src/charm.py", line 29, in __init__
    super().__init__(*args, distro=OpenSearchSnap)  # OpenSearchTarball
  File "/var/lib/juju/agents/unit-opensearch-0/charm/lib/charms/opensearch/v0/opensearch_base_charm.py", line 197, in __init__
    self.backup = backup(self)
  File "/var/lib/juju/agents/unit-opensearch-0/charm/lib/charms/opensearch/v0/opensearch_backups.py", line 1080, in backup
    if not charm.opensearch_peer_cm.deployment_desc():
  File "/var/lib/juju/agents/unit-opensearch-0/charm/lib/charms/opensearch/v0/opensearch_peer_clusters.py", line 358, in deployment_desc
    return DeploymentDescription.from_dict(current_deployment_desc)
  File "/var/lib/juju/agents/unit-opensearch-0/charm/lib/charms/opensearch/v0/models.py", line 47, in from_dict
    return cls(**input_dict)
  File "/var/lib/juju/agents/unit-opensearch-0/charm/lib/charms/opensearch/v0/models.py", line 32, in __init__
    super().__init__(**data)
  File "/var/lib/juju/agents/unit-opensearch-0/charm/venv/pydantic/main.py", line 341, in __init__
    raise validation_error
pydantic.error_wrappers.ValidationError: 1 validation error for DeploymentDescription
app
  value is not a valid dict (type=type_error.dict)
unit-opensearch-0: 03:08:00 ERROR juju.worker.uniter.operation hook "upgrade-charm" (via hook dispatching script: dispatch) failed: exit status 1
unit-opensearch-2: 03:08:12 ERROR unit.opensearch/2.juju-log Uncaught exception while in charm code:
Traceback (most recent call last):
  File "/var/lib/juju/agents/unit-opensearch-2/charm/./src/charm.py", line 213, in <module>
    main(OpenSearchOperatorCharm)
  File "/var/lib/juju/agents/unit-opensearch-2/charm/venv/ops/main.py", line 549, in main
    manager = _Manager(charm_class, use_juju_for_storage=use_juju_for_storage)
  File "/var/lib/juju/agents/unit-opensearch-2/charm/venv/ops/main.py", line 432, in __init__
    self.charm = self._make_charm(self.framework, self.dispatcher)
  File "/var/lib/juju/agents/unit-opensearch-2/charm/venv/ops/main.py", line 435, in _make_charm
    charm = self._charm_class(framework)
  File "/var/lib/juju/agents/unit-opensearch-2/charm/./src/charm.py", line 29, in __init__
    super().__init__(*args, distro=OpenSearchSnap)  # OpenSearchTarball
  File "/var/lib/juju/agents/unit-opensearch-2/charm/lib/charms/opensearch/v0/opensearch_base_charm.py", line 197, in __init__
    self.backup = backup(self)
  File "/var/lib/juju/agents/unit-opensearch-2/charm/lib/charms/opensearch/v0/opensearch_backups.py", line 1080, in backup
    if not charm.opensearch_peer_cm.deployment_desc():
  File "/var/lib/juju/agents/unit-opensearch-2/charm/lib/charms/opensearch/v0/opensearch_peer_clusters.py", line 358, in deployment_desc
    return DeploymentDescription.from_dict(current_deployment_desc)
  File "/var/lib/juju/agents/unit-opensearch-2/charm/lib/charms/opensearch/v0/models.py", line 47, in from_dict
    return cls(**input_dict)
  File "/var/lib/juju/agents/unit-opensearch-2/charm/lib/charms/opensearch/v0/models.py", line 32, in __init__
    super().__init__(**data)
  File "/var/lib/juju/agents/unit-opensearch-2/charm/venv/pydantic/main.py", line 341, in __init__
    raise validation_error
pydantic.error_wrappers.ValidationError: 1 validation error for DeploymentDescription
app
  value is not a valid dict (type=type_error.dict)
unit-opensearch-2: 03:08:12 ERROR juju.worker.uniter.operation hook "upgrade-charm" (via hook dispatching script: dispatch) failed: exit status 1

[32mINFO    [0m pytest_operator.plugin:plugin.py:947 Forgetting model main...