[32mINFO    [0m integration.helpers_deployments:helpers_deployments.py:329 



[32mINFO    [0m integration.helpers_deployments:helpers_deployments.py:330 Model  Controller           Cloud/Region         Version  SLA          Timestamp
test   localhost-localhost  localhost/localhost  3.5.3    unsupported  01:48:20Z

App                       Version  Status   Scale  Charm                     Channel        Rev  Exposed  Message
failover                           active       2  opensearch                                 0  no       
grafana-agent                      blocked      4  grafana-agent             latest/edge    282  no       Missing ['grafana-cloud-config']|['grafana-dashboards-provider']|['logging-consumer']|['send-remote-write'] for cos-a...
main                               active       1  opensearch                                 2  no       
opensearch                         active       1  opensearch                                 1  no       
self-signed-certificates           active       1  self-signed-certificates  latest/stable  155  no       

Unit                         Workload     Agent      Machine  Public address  Ports     Message
failover/0                   active       executing  1        10.92.92.15     9200/tcp  
  grafana-agent/0            blocked      idle                10.92.92.15               Missing ['grafana-cloud-config']|['grafana-dashboards-provider']|['logging-consumer']|['send-remote-write'] for cos-a...
failover/1*                  active       idle       2        10.92.92.134    9200/tcp  
  grafana-agent/1*           maintenance  executing           10.92.92.134              (install) Installing grafana-agent snap
main/0*                      active       executing  4        10.92.92.206    9200/tcp  (set-password) 
  grafana-agent/2            blocked      executing           10.92.92.206              Missing ['grafana-cloud-config']|['grafana-dashboards-provider']|['logging-consumer']|['send-remote-write'] for cos-a...
opensearch/0*                active       executing  3        10.92.92.3      9200/tcp  
  grafana-agent/3            blocked      idle                10.92.92.3                Missing ['grafana-cloud-config']|['grafana-dashboards-provider']|['logging-consumer']|['send-remote-write'] for cos-a...
self-signed-certificates/0*  active       idle       0        10.92.92.154              

Machine  State    Address       Inst id        Base          AZ  Message
0        started  10.92.92.154  juju-e27c98-0  ubuntu@22.04      Running
1        started  10.92.92.15   juju-e27c98-1  ubuntu@22.04      Running
2        started  10.92.92.134  juju-e27c98-2  ubuntu@22.04      Running
3        started  10.92.92.3    juju-e27c98-3  ubuntu@22.04      Running
4        started  10.92.92.206  juju-e27c98-4  ubuntu@22.04      Running

[32mINFO    [0m integration.helpers_deployments:helpers_deployments.py:337 


01:48:20 -- Waiting for model...
[32mINFO    [0m integration.helpers_deployments:helpers_deployments.py:277 	App: main - Units - conditions unmet.
[32mINFO    [0m integration.helpers_deployments:helpers_deployments.py:278 
	app: main active -- message: None
		main-0.6a5* -- (10.92.92.206) -- [executing (since: 01:48:15)] active: 

[32mINFO    [0m integration.helpers_deployments:helpers_deployments.py:337 


01:48:31 -- Waiting for model...
[32mINFO    [0m integration.helpers_deployments:helpers_deployments.py:277 	App: main - Units - conditions unmet.
[32mINFO    [0m integration.helpers_deployments:helpers_deployments.py:278 
	app: main active -- message: None
		main-0.6a5* -- (10.92.92.206) -- [idle (since: 01:48:25)] active: 

[32mINFO    [0m integration.helpers_deployments:helpers_deployments.py:337 


01:48:43 -- Waiting for model...
[32mINFO    [0m integration.helpers_deployments:helpers_deployments.py:277 	App: main - Units - conditions unmet.
[32mINFO    [0m integration.helpers_deployments:helpers_deployments.py:278 
	app: main active -- message: None
		main-0.6a5* -- (10.92.92.206) -- [idle (since: 01:48:25)] active: 

[32mINFO    [0m integration.helpers_deployments:helpers_deployments.py:337 


01:48:55 -- Waiting for model...
[32mINFO    [0m integration.helpers_deployments:helpers_deployments.py:277 	App: main - Units - conditions unmet.
[32mINFO    [0m integration.helpers_deployments:helpers_deployments.py:278 
	app: main active -- message: None
		main-0.6a5* -- (10.92.92.206) -- [idle (since: 01:48:25)] active: 

[32mINFO    [0m integration.helpers_deployments:helpers_deployments.py:337 


01:49:06 -- Waiting for model...
[32mINFO    [0m integration.helpers_deployments:helpers_deployments.py:277 	App: main - Units - conditions unmet.
[32mINFO    [0m integration.helpers_deployments:helpers_deployments.py:278 
	app: main active -- message: None
		main-0.6a5* -- (10.92.92.206) -- [idle (since: 01:48:25)] active: 

[32mINFO    [0m integration.helpers_deployments:helpers_deployments.py:337 


01:49:18 -- Waiting for model...
[32mINFO    [0m integration.helpers_deployments:helpers_deployments.py:277 	App: main - Units - conditions unmet.
[32mINFO    [0m integration.helpers_deployments:helpers_deployments.py:278 
	app: main active -- message: None
		main-0.6a5* -- (10.92.92.206) -- [idle (since: 01:48:25)] active: 

[32mINFO    [0m integration.helpers_deployments:helpers_deployments.py:337 


01:49:29 -- Waiting for model...
[32mINFO    [0m integration.helpers_deployments:helpers_deployments.py:277 	App: main - Units - conditions unmet.
[32mINFO    [0m integration.helpers_deployments:helpers_deployments.py:278 
	app: main active -- message: None
		main-0.6a5* -- (10.92.92.206) -- [idle (since: 01:48:25)] active: 

[32mINFO    [0m integration.helpers_deployments:helpers_deployments.py:337 


01:49:41 -- Waiting for model...
[32mINFO    [0m integration.helpers_deployments:helpers_deployments.py:277 	App: opensearch - Units - conditions unmet.
[32mINFO    [0m integration.helpers_deployments:helpers_deployments.py:278 
	app: opensearch active -- message: None
		opensearch-0.6b9* -- (10.92.92.3) -- [idle (since: 01:48:35)] active: 

[32mINFO    [0m integration.helpers_deployments:helpers_deployments.py:337 


01:49:55 -- Waiting for model...
[32mINFO    [0m integration.helpers_deployments:helpers_deployments.py:348 01:49:59 -- Waiting for model: complete.
[32mINFO    [0m pytest_operator.plugin:plugin.py:862 Model status:

Model  Controller           Cloud/Region         Version  SLA          Timestamp
test   localhost-localhost  localhost/localhost  3.5.3    unsupported  01:50:01Z

App                       Version  Status   Scale  Charm                     Channel        Rev  Exposed  Message
failover                           active       2  opensearch                                 0  no       
grafana-agent                      blocked      4  grafana-agent             latest/edge    282  no       Missing ['grafana-cloud-config']|['grafana-dashboards-provider']|['logging-consumer']|['send-remote-write'] for cos-a...
main                               active       1  opensearch                                 2  no       
opensearch                         active       1  opensearch                                 1  no       
self-signed-certificates           active       1  self-signed-certificates  latest/stable  155  no       

Unit                         Workload     Agent      Machine  Public address  Ports     Message
failover/0                   active       idle       1        10.92.92.15     9200/tcp  
  grafana-agent/0            blocked      idle                10.92.92.15               Missing ['grafana-cloud-config']|['grafana-dashboards-provider']|['logging-consumer']|['send-remote-write'] for cos-a...
failover/1*                  active       idle       2        10.92.92.134    9200/tcp  
  grafana-agent/1*           maintenance  executing           10.92.92.134              (install) Installing grafana-agent snap
main/0*                      active       idle       4        10.92.92.206    9200/tcp  
  grafana-agent/2            blocked      idle                10.92.92.206              Missing ['grafana-cloud-config']|['grafana-dashboards-provider']|['logging-consumer']|['send-remote-write'] for cos-a...
opensearch/0*                active       idle       3        10.92.92.3      9200/tcp  
  grafana-agent/3            blocked      idle                10.92.92.3                Missing ['grafana-cloud-config']|['grafana-dashboards-provider']|['logging-consumer']|['send-remote-write'] for cos-a...
self-signed-certificates/0*  active       idle       0        10.92.92.154              

Machine  State    Address       Inst id        Base          AZ  Message
0        started  10.92.92.154  juju-e27c98-0  ubuntu@22.04      Running
1        started  10.92.92.15   juju-e27c98-1  ubuntu@22.04      Running
2        started  10.92.92.134  juju-e27c98-2  ubuntu@22.04      Running
3        started  10.92.92.3    juju-e27c98-3  ubuntu@22.04      Running
4        started  10.92.92.206  juju-e27c98-4  ubuntu@22.04      Running

[32mINFO    [0m pytest_operator.plugin:plugin.py:868 Juju error logs:

machine-3: 01:38:17 ERROR juju.worker.dependency "lxd-container-provisioner" manifold worker returned unexpected error: container types not yet available
machine-3: 01:38:17 ERROR juju.worker.dependency "kvm-container-provisioner" manifold worker returned unexpected error: container types not yet available
unit-opensearch-0: 01:38:17 ERROR juju.worker.meterstatus error running "meter-status-changed": charm missing from disk
machine-4: 01:38:21 ERROR juju.worker.dependency "kvm-container-provisioner" manifold worker returned unexpected error: container types not yet available
machine-4: 01:38:21 ERROR juju.worker.dependency "lxd-container-provisioner" manifold worker returned unexpected error: container types not yet available
unit-main-0: 01:38:21 ERROR juju.worker.meterstatus error running "meter-status-changed": charm missing from disk
machine-2: 01:38:28 ERROR juju.worker.dependency "kvm-container-provisioner" manifold worker returned unexpected error: container types not yet available
machine-2: 01:38:28 ERROR juju.worker.dependency "lxd-container-provisioner" manifold worker returned unexpected error: container types not yet available
unit-failover-1: 01:38:28 ERROR juju.worker.meterstatus error running "meter-status-changed": charm missing from disk
machine-0: 01:38:40 ERROR juju.worker.dependency "lxd-container-provisioner" manifold worker returned unexpected error: container types not yet available
machine-0: 01:38:40 ERROR juju.worker.dependency "kvm-container-provisioner" manifold worker returned unexpected error: container types not yet available
unit-self-signed-certificates-0: 01:38:41 ERROR juju.worker.meterstatus error running "meter-status-changed": charm missing from disk
machine-1: 01:39:38 ERROR juju.worker.dependency "lxd-container-provisioner" manifold worker returned unexpected error: container types not yet available
machine-1: 01:39:38 ERROR juju.worker.dependency "kvm-container-provisioner" manifold worker returned unexpected error: container types not yet available
unit-failover-0: 01:39:38 ERROR juju.worker.meterstatus error running "meter-status-changed": charm missing from disk
unit-main-0: 01:40:32 ERROR unit.main/0.juju-log certificates:12: err:  / out: keytool error: java.lang.Exception: Keystore file does not exist: /var/snap/opensearch/current/etc/opensearch/certificates/ca.p12

unit-main-0: 01:40:38 ERROR unit.main/0.juju-log Cannot connect to the OpenSearch server...
unit-main-0: 01:40:39 ERROR unit.main/0.juju-log Cannot connect to the OpenSearch server...
unit-main-0: 01:40:39 ERROR unit.main/0.juju-log Cannot connect to the OpenSearch server...
unit-main-0: 01:40:42 ERROR unit.main/0.juju-log Cannot connect to the OpenSearch server...
unit-main-0: 01:40:45 ERROR unit.main/0.juju-log Cannot connect to the OpenSearch server...
unit-main-0: 01:40:48 ERROR unit.main/0.juju-log Cannot connect to the OpenSearch server...
unit-main-0: 01:40:51 ERROR unit.main/0.juju-log Cannot connect to the OpenSearch server...
unit-opensearch-0: 01:41:44 ERROR unit.opensearch/0.juju-log certificates:14: err:  / out: keytool error: java.lang.Exception: Keystore file does not exist: /var/snap/opensearch/current/etc/opensearch/certificates/ca.p12

unit-opensearch-0: 01:41:49 ERROR unit.opensearch/0.juju-log Cannot connect to the OpenSearch server...
unit-opensearch-0: 01:41:51 ERROR unit.opensearch/0.juju-log Cannot connect to the OpenSearch server...
unit-failover-0: 01:42:44 ERROR unit.failover/0.juju-log certificates:13: err:  / out: keytool error: java.lang.Exception: Keystore file does not exist: /var/snap/opensearch/current/etc/opensearch/certificates/ca.p12

unit-failover-0: 01:42:50 ERROR unit.failover/0.juju-log Cannot connect to the OpenSearch server...
unit-failover-0: 01:42:51 ERROR unit.failover/0.juju-log Cannot connect to the OpenSearch server...
unit-failover-1: 01:42:53 ERROR unit.failover/1.juju-log certificates:13: err:  / out: keytool error: java.lang.Exception: Keystore file does not exist: /var/snap/opensearch/current/etc/opensearch/certificates/ca.p12

unit-failover-1: 01:42:59 ERROR unit.failover/1.juju-log Cannot connect to the OpenSearch server...
unit-failover-1: 01:43:00 ERROR unit.failover/1.juju-log Cannot connect to the OpenSearch server...
unit-failover-1: 01:43:02 ERROR unit.failover/1.juju-log certificates:13: Cannot connect to the OpenSearch server...
unit-failover-1: 01:43:03 ERROR unit.failover/1.juju-log certificates:13: Cannot connect to the OpenSearch server...
unit-failover-1: 01:43:05 ERROR unit.failover/1.juju-log Cannot connect to the OpenSearch server...
unit-failover-1: 01:43:07 ERROR unit.failover/1.juju-log Cannot connect to the OpenSearch server...
unit-failover-1: 01:43:09 ERROR unit.failover/1.juju-log Cannot connect to the OpenSearch server...
unit-failover-1: 01:43:11 ERROR unit.failover/1.juju-log Cannot connect to the OpenSearch server...
unit-grafana-agent-1: 01:45:58 ERROR juju.worker.dependency "uniter" manifold worker returned unexpected error: preparing operation "install ch:amd64/jammy/grafana-agent-282" for grafana-agent/1: failed to download charm "ch:amd64/jammy/grafana-agent-282" from API server: download request with archiveSha256 length 0 not valid
unit-grafana-agent-0: 01:45:58 ERROR juju.worker.dependency "uniter" manifold worker returned unexpected error: preparing operation "install ch:amd64/jammy/grafana-agent-282" for grafana-agent/0: failed to download charm "ch:amd64/jammy/grafana-agent-282" from API server: download request with archiveSha256 length 0 not valid
unit-grafana-agent-2: 01:45:58 ERROR juju.worker.dependency "uniter" manifold worker returned unexpected error: preparing operation "install ch:amd64/jammy/grafana-agent-282" for grafana-agent/2: failed to download charm "ch:amd64/jammy/grafana-agent-282" from API server: download request with archiveSha256 length 0 not valid
unit-grafana-agent-3: 01:45:58 ERROR juju.worker.dependency "uniter" manifold worker returned unexpected error: preparing operation "install ch:amd64/jammy/grafana-agent-282" for grafana-agent/3: failed to download charm "ch:amd64/jammy/grafana-agent-282" from API server: download request with archiveSha256 length 0 not valid
unit-grafana-agent-1: 01:45:59 ERROR juju.worker.meterstatus error running "meter-status-changed": charm missing from disk
unit-grafana-agent-0: 01:45:59 ERROR juju.worker.meterstatus error running "meter-status-changed": charm missing from disk
unit-grafana-agent-2: 01:45:59 ERROR juju.worker.meterstatus error running "meter-status-changed": charm missing from disk
unit-grafana-agent-3: 01:45:59 ERROR juju.worker.meterstatus error running "meter-status-changed": charm missing from disk

[32mINFO    [0m pytest_operator.plugin:plugin.py:947 Forgetting model main...