[32mINFO    [0m juju.model:model.py:2971 Waiting for model:
  opensearch/3 [idle] active: 
  opensearch/4 [idle] active: 
  opensearch/5 [allocating] waiting: waiting for machine
[32mINFO    [0m juju.model:model.py:2971 Waiting for model:
  opensearch/3 [idle] active: 
  opensearch/4 [idle] active: 
  opensearch/5 [allocating] waiting: waiting for machine
[32mINFO    [0m juju.model:model.py:2971 Waiting for model:
  opensearch/3 [idle] active: 
  opensearch/4 [idle] active: 
  opensearch/5 [allocating] waiting: waiting for machine
[32mINFO    [0m juju.model:model.py:2971 Waiting for model:
  opensearch/5 [allocating] waiting: waiting for machine
[32mINFO    [0m juju.model:model.py:2971 Waiting for model:
  opensearch/5 [allocating] waiting: waiting for machine
[32mINFO    [0m juju.model:model.py:2971 Waiting for model:
  opensearch/5 [allocating] waiting: agent initialising
[32mINFO    [0m juju.model:model.py:2971 Waiting for model:
  opensearch/5 [executing] maintenance: Installing OpenSearch...
[32mINFO    [0m juju.model:model.py:2971 Waiting for model:
  opensearch/5 [executing] maintenance: Installing OpenSearch...
[32mINFO    [0m juju.model:model.py:2971 Waiting for model:
  opensearch/3 [idle] active: 
  opensearch/4 [idle] active: 
  opensearch/5 [executing] active: 
[32mINFO    [0m juju.model:model.py:2971 Waiting for model:
  opensearch/3 [idle] active: 
  opensearch/4 [idle] active: 
  opensearch/5 [executing] maintenance: Waiting for TLS to be fully configured...
[32mINFO    [0m juju.model:model.py:2971 Waiting for model:
  opensearch/3 [executing] active: 
  opensearch/4 [executing] active: 
  opensearch/5 [executing] active: 
[32mINFO    [0m juju.model:model.py:2971 Waiting for model:
  opensearch/3 [idle] active: 
  opensearch/4 [idle] active: 
  opensearch/5 [idle] active: 
[32mINFO    [0m juju.model:model.py:2971 Waiting for model:
  opensearch/3 [idle] active: 
  opensearch/4 [idle] active: 
  opensearch/5 [idle] active: 
[32mINFO    [0m juju.model:model.py:2971 Waiting for model:
  opensearch/5 [idle] active: 
[32mINFO    [0m integration.helpers_deployments:helpers_deployments.py:329 



[32mINFO    [0m integration.helpers_deployments:helpers_deployments.py:330 Model  Controller           Cloud/Region         Version  SLA          Timestamp
test   localhost-localhost  localhost/localhost  3.5.3    unsupported  02:57:41Z

App                       Version  Status   Scale  Charm                     Channel        Rev  Exposed  Message
opensearch                         waiting    0/1  opensearch                                 1  no       waiting for machine
self-signed-certificates           active       1  self-signed-certificates  latest/stable  155  no       

Unit                         Workload  Agent       Machine  Public address  Ports  Message
opensearch/6                 waiting   allocating  7                               waiting for machine
self-signed-certificates/0*  active    executing   0        10.1.22.109            

Machine  State    Address      Inst id        Base          AZ  Message
0        started  10.1.22.109  juju-7ca803-0  ubuntu@22.04      Running
7        pending               pending        ubuntu@22.04      

[32mINFO    [0m integration.helpers_deployments:helpers_deployments.py:337 


02:57:41 -- Waiting for model...
[32mINFO    [0m integration.helpers_deployments:helpers_deployments.py:251 opensearch -- expected units: 1 -- current: 0
[32mINFO    [0m integration.helpers_deployments:helpers_deployments.py:337 


02:57:51 -- Waiting for model...
[32mINFO    [0m integration.helpers_deployments:helpers_deployments.py:261 	App: opensearch - conditions unmet.
[32mINFO    [0m integration.helpers_deployments:helpers_deployments.py:262 
	app: opensearch waiting -- message: waiting for machine
		opensearch-6.c24  -- (10.1.22.42) -- [allocating (since: 02:57:40)] waiting: waiting for machine

[32mINFO    [0m integration.helpers_deployments:helpers_deployments.py:337 


03:00:05 -- Waiting for model...
[32mINFO    [0m integration.helpers_deployments:helpers_deployments.py:261 	App: opensearch - conditions unmet.
[32mINFO    [0m integration.helpers_deployments:helpers_deployments.py:262 
	app: opensearch maintenance -- message: Installing OpenSearch...
		opensearch-6.c24* -- (10.1.22.42) -- [executing (since: 03:00:03)] maintenance: Installing OpenSearch...

[32mINFO    [0m integration.helpers_deployments:helpers_deployments.py:337 


03:00:16 -- Waiting for model...
[32mINFO    [0m integration.helpers_deployments:helpers_deployments.py:261 	App: opensearch - conditions unmet.
[32mINFO    [0m integration.helpers_deployments:helpers_deployments.py:262 
	app: opensearch maintenance -- message: Installing OpenSearch...
		opensearch-6.c24* -- (10.1.22.42) -- [executing (since: 03:00:03)] maintenance: Installing OpenSearch...

[32mINFO    [0m integration.helpers_deployments:helpers_deployments.py:337 


03:00:26 -- Waiting for model...
[32mINFO    [0m integration.helpers_deployments:helpers_deployments.py:261 	App: opensearch - conditions unmet.
[32mINFO    [0m integration.helpers_deployments:helpers_deployments.py:262 
	app: opensearch maintenance -- message: Installing OpenSearch...
		opensearch-6.c24* -- (10.1.22.42) -- [executing (since: 03:00:03)] maintenance: Installing OpenSearch...

[32mINFO    [0m integration.helpers_deployments:helpers_deployments.py:337 


03:00:37 -- Waiting for model...
[32mINFO    [0m integration.helpers_deployments:helpers_deployments.py:261 	App: opensearch - conditions unmet.
[32mINFO    [0m integration.helpers_deployments:helpers_deployments.py:262 
	app: opensearch maintenance -- message: Installing OpenSearch...
		opensearch-6.c24* -- (10.1.22.42) -- [executing (since: 03:00:03)] maintenance: Installing OpenSearch...

[32mINFO    [0m integration.helpers_deployments:helpers_deployments.py:337 


03:00:48 -- Waiting for model...
[32mINFO    [0m integration.helpers_deployments:helpers_deployments.py:261 	App: opensearch - conditions unmet.
[32mINFO    [0m integration.helpers_deployments:helpers_deployments.py:262 
	app: opensearch maintenance -- message: Installing OpenSearch...
		opensearch-6.c24* -- (10.1.22.42) -- [executing (since: 03:00:03)] maintenance: Installing OpenSearch...

[32mINFO    [0m integration.helpers_deployments:helpers_deployments.py:337 


03:00:59 -- Waiting for model...
[32mINFO    [0m integration.helpers_deployments:helpers_deployments.py:261 	App: opensearch - conditions unmet.
[32mINFO    [0m integration.helpers_deployments:helpers_deployments.py:262 
	app: opensearch maintenance -- message: Installing OpenSearch...
		opensearch-6.c24* -- (10.1.22.42) -- [executing (since: 03:00:03)] maintenance: Installing OpenSearch...

[32mINFO    [0m integration.helpers_deployments:helpers_deployments.py:337 


03:01:10 -- Waiting for model...
[32mINFO    [0m integration.helpers_deployments:helpers_deployments.py:261 	App: opensearch - conditions unmet.
[32mINFO    [0m integration.helpers_deployments:helpers_deployments.py:262 
	app: opensearch maintenance -- message: Installing OpenSearch...
		opensearch-6.c24* -- (10.1.22.42) -- [executing (since: 03:00:03)] maintenance: Installing OpenSearch...

[32mINFO    [0m integration.helpers_deployments:helpers_deployments.py:337 


03:01:20 -- Waiting for model...
[32mINFO    [0m integration.helpers_deployments:helpers_deployments.py:277 	App: opensearch - Units - conditions unmet.
[32mINFO    [0m integration.helpers_deployments:helpers_deployments.py:278 
	app: opensearch active -- message: None
		opensearch-6.c24* -- (10.1.22.42) -- [executing (since: 03:01:20)] active: 

[32mINFO    [0m integration.helpers_deployments:helpers_deployments.py:337 


03:01:31 -- Waiting for model...
[32mINFO    [0m integration.helpers_deployments:helpers_deployments.py:277 	App: opensearch - Units - conditions unmet.
[32mINFO    [0m integration.helpers_deployments:helpers_deployments.py:278 
	app: opensearch active -- message: None
		opensearch-6.c24* -- (10.1.22.42) -- [executing (since: 03:01:20)] active: 

[32mINFO    [0m integration.helpers_deployments:helpers_deployments.py:337 


03:01:42 -- Waiting for model...
[32mINFO    [0m integration.helpers_deployments:helpers_deployments.py:277 	App: opensearch - Units - conditions unmet.
[32mINFO    [0m integration.helpers_deployments:helpers_deployments.py:278 
	app: opensearch active -- message: None
		opensearch-6.c24* -- (10.1.22.42) -- [executing (since: 03:01:20)] active: 

[32mINFO    [0m integration.helpers_deployments:helpers_deployments.py:337 


03:01:52 -- Waiting for model...
[32mINFO    [0m integration.helpers_deployments:helpers_deployments.py:261 	App: opensearch - conditions unmet.
[32mINFO    [0m integration.helpers_deployments:helpers_deployments.py:262 
	app: opensearch maintenance -- message: Configuring admin user...
		opensearch-6.c24* -- (10.1.22.42) -- [executing (since: 03:01:20)] maintenance: Configuring admin user...

[32mINFO    [0m integration.helpers_deployments:helpers_deployments.py:337 


03:02:03 -- Waiting for model...
[32mINFO    [0m integration.helpers_deployments:helpers_deployments.py:261 	App: opensearch - conditions unmet.
[32mINFO    [0m integration.helpers_deployments:helpers_deployments.py:262 
	app: opensearch waiting -- message: Requesting lock on operation: start
		opensearch-6.c24* -- (10.1.22.42) -- [executing (since: 03:02:02)] waiting: Requesting lock on operation: start

[32mINFO    [0m integration.helpers_deployments:helpers_deployments.py:337 


03:02:14 -- Waiting for model...
[32mINFO    [0m integration.helpers_deployments:helpers_deployments.py:261 	App: opensearch - conditions unmet.
[32mINFO    [0m integration.helpers_deployments:helpers_deployments.py:262 
	app: opensearch waiting -- message: Waiting for OpenSearch to start...
		opensearch-6.c24* -- (10.1.22.42) -- [executing (since: 03:02:02)] waiting: Waiting for OpenSearch to start...

[32mINFO    [0m integration.helpers_deployments:helpers_deployments.py:337 


03:02:25 -- Waiting for model...
[32mINFO    [0m integration.helpers_deployments:helpers_deployments.py:277 	App: opensearch - Units - conditions unmet.
[32mINFO    [0m integration.helpers_deployments:helpers_deployments.py:278 
	app: opensearch active -- message: None
		opensearch-6.c24* -- (10.1.22.42) -- [executing (since: 03:02:20)] active: 

[32mINFO    [0m integration.helpers_deployments:helpers_deployments.py:337 


03:02:36 -- Waiting for model...
[32mINFO    [0m integration.helpers_deployments:helpers_deployments.py:277 	App: opensearch - Units - conditions unmet.
[32mINFO    [0m integration.helpers_deployments:helpers_deployments.py:278 
	app: opensearch active -- message: None
		opensearch-6.c24* -- (10.1.22.42) -- [executing (since: 03:02:20)] active: 

[32mINFO    [0m integration.helpers_deployments:helpers_deployments.py:337 


03:02:46 -- Waiting for model...
[32mINFO    [0m integration.helpers_deployments:helpers_deployments.py:277 	App: opensearch - Units - conditions unmet.
[32mINFO    [0m integration.helpers_deployments:helpers_deployments.py:278 
	app: opensearch active -- message: None
		opensearch-6.c24* -- (10.1.22.42) -- [executing (since: 03:02:20)] active: 

[32mINFO    [0m integration.helpers_deployments:helpers_deployments.py:337 


03:02:57 -- Waiting for model...
[32mINFO    [0m integration.helpers_deployments:helpers_deployments.py:277 	App: opensearch - Units - conditions unmet.
[32mINFO    [0m integration.helpers_deployments:helpers_deployments.py:278 
	app: opensearch active -- message: None
		opensearch-6.c24* -- (10.1.22.42) -- [executing (since: 03:02:20)] active: 

[32mINFO    [0m integration.helpers_deployments:helpers_deployments.py:337 


03:03:08 -- Waiting for model...
[32mINFO    [0m integration.helpers_deployments:helpers_deployments.py:277 	App: opensearch - Units - conditions unmet.
[32mINFO    [0m integration.helpers_deployments:helpers_deployments.py:278 
	app: opensearch active -- message: None
		opensearch-6.c24* -- (10.1.22.42) -- [executing (since: 03:02:20)] active: 

[32mINFO    [0m integration.helpers_deployments:helpers_deployments.py:337 


03:03:19 -- Waiting for model...
[32mINFO    [0m integration.helpers_deployments:helpers_deployments.py:277 	App: opensearch - Units - conditions unmet.
[32mINFO    [0m integration.helpers_deployments:helpers_deployments.py:278 
	app: opensearch active -- message: None
		opensearch-6.c24* -- (10.1.22.42) -- [executing (since: 03:02:20)] active: 

[32mINFO    [0m integration.helpers_deployments:helpers_deployments.py:337 


03:03:29 -- Waiting for model...
[32mINFO    [0m integration.helpers_deployments:helpers_deployments.py:277 	App: opensearch - Units - conditions unmet.
[32mINFO    [0m integration.helpers_deployments:helpers_deployments.py:278 
	app: opensearch active -- message: None
		opensearch-6.c24* -- (10.1.22.42) -- [executing (since: 03:02:20)] active: 

[32mINFO    [0m integration.helpers_deployments:helpers_deployments.py:337 


03:03:40 -- Waiting for model...
[32mINFO    [0m integration.helpers_deployments:helpers_deployments.py:277 	App: opensearch - Units - conditions unmet.
[32mINFO    [0m integration.helpers_deployments:helpers_deployments.py:278 
	app: opensearch active -- message: None
		opensearch-6.c24* -- (10.1.22.42) -- [executing (since: 03:02:20)] active: 

[32mINFO    [0m integration.helpers_deployments:helpers_deployments.py:337 


03:03:51 -- Waiting for model...
[32mINFO    [0m integration.helpers_deployments:helpers_deployments.py:277 	App: opensearch - Units - conditions unmet.
[32mINFO    [0m integration.helpers_deployments:helpers_deployments.py:278 
	app: opensearch active -- message: None
		opensearch-6.c24* -- (10.1.22.42) -- [executing (since: 03:02:20)] active: 

[32mINFO    [0m integration.helpers_deployments:helpers_deployments.py:337 


03:04:01 -- Waiting for model...
[32mINFO    [0m integration.helpers_deployments:helpers_deployments.py:277 	App: opensearch - Units - conditions unmet.
[32mINFO    [0m integration.helpers_deployments:helpers_deployments.py:278 
	app: opensearch active -- message: None
		opensearch-6.c24* -- (10.1.22.42) -- [executing (since: 03:02:20)] active: 

[32mINFO    [0m integration.helpers_deployments:helpers_deployments.py:337 


03:04:12 -- Waiting for model...
[32mINFO    [0m integration.helpers_deployments:helpers_deployments.py:277 	App: opensearch - Units - conditions unmet.
[32mINFO    [0m integration.helpers_deployments:helpers_deployments.py:278 
	app: opensearch active -- message: None
		opensearch-6.c24* -- (10.1.22.42) -- [executing (since: 03:02:20)] active: 

[32mINFO    [0m integration.helpers_deployments:helpers_deployments.py:337 


03:04:23 -- Waiting for model...
[32mINFO    [0m integration.helpers_deployments:helpers_deployments.py:277 	App: opensearch - Units - conditions unmet.
[32mINFO    [0m integration.helpers_deployments:helpers_deployments.py:278 
	app: opensearch active -- message: None
		opensearch-6.c24* -- (10.1.22.42) -- [executing (since: 03:02:20)] active: 

[32mINFO    [0m integration.helpers_deployments:helpers_deployments.py:337 


03:04:34 -- Waiting for model...
[32mINFO    [0m integration.helpers_deployments:helpers_deployments.py:277 	App: opensearch - Units - conditions unmet.
[32mINFO    [0m integration.helpers_deployments:helpers_deployments.py:278 
	app: opensearch active -- message: None
		opensearch-6.c24* -- (10.1.22.42) -- [executing (since: 03:02:20)] active: 

[32mINFO    [0m integration.helpers_deployments:helpers_deployments.py:337 


03:04:45 -- Waiting for model...
[32mINFO    [0m integration.helpers_deployments:helpers_deployments.py:277 	App: opensearch - Units - conditions unmet.
[32mINFO    [0m integration.helpers_deployments:helpers_deployments.py:278 
	app: opensearch active -- message: None
		opensearch-6.c24* -- (10.1.22.42) -- [executing (since: 03:02:20)] active: 

[32mINFO    [0m integration.helpers_deployments:helpers_deployments.py:337 


03:04:55 -- Waiting for model...
[32mINFO    [0m integration.helpers_deployments:helpers_deployments.py:277 	App: opensearch - Units - conditions unmet.
[32mINFO    [0m integration.helpers_deployments:helpers_deployments.py:278 
	app: opensearch active -- message: None
		opensearch-6.c24* -- (10.1.22.42) -- [executing (since: 03:02:20)] active: 

[32mINFO    [0m integration.helpers_deployments:helpers_deployments.py:337 


03:05:06 -- Waiting for model...
[32mINFO    [0m integration.helpers_deployments:helpers_deployments.py:277 	App: opensearch - Units - conditions unmet.
[32mINFO    [0m integration.helpers_deployments:helpers_deployments.py:278 
	app: opensearch active -- message: None
		opensearch-6.c24* -- (10.1.22.42) -- [executing (since: 03:02:20)] active: 

[32mINFO    [0m integration.helpers_deployments:helpers_deployments.py:337 


03:05:17 -- Waiting for model...
[32mINFO    [0m integration.helpers_deployments:helpers_deployments.py:277 	App: opensearch - Units - conditions unmet.
[32mINFO    [0m integration.helpers_deployments:helpers_deployments.py:278 
	app: opensearch active -- message: None
		opensearch-6.c24* -- (10.1.22.42) -- [executing (since: 03:02:20)] active: 

[32mINFO    [0m integration.helpers_deployments:helpers_deployments.py:337 


03:05:28 -- Waiting for model...
[32mINFO    [0m integration.helpers_deployments:helpers_deployments.py:277 	App: opensearch - Units - conditions unmet.
[32mINFO    [0m integration.helpers_deployments:helpers_deployments.py:278 
	app: opensearch blocked -- message: 1 or more 'replica' shards are not assigned, please scale your application up.
		opensearch-6.c24* -- (10.1.22.42) -- [executing (since: 03:05:28)] active: 

[32mINFO    [0m integration.helpers_deployments:helpers_deployments.py:337 


03:05:38 -- Waiting for model...
[32mINFO    [0m integration.helpers_deployments:helpers_deployments.py:277 	App: opensearch - Units - conditions unmet.
[32mINFO    [0m integration.helpers_deployments:helpers_deployments.py:278 
	app: opensearch blocked -- message: 1 or more 'replica' shards are not assigned, please scale your application up.
		opensearch-6.c24* -- (10.1.22.42) -- [executing (since: 03:05:38)] active: 

[32mINFO    [0m integration.helpers_deployments:helpers_deployments.py:337 


03:05:49 -- Waiting for model...
[32mINFO    [0m integration.helpers_deployments:helpers_deployments.py:277 	App: opensearch - Units - conditions unmet.
[32mINFO    [0m integration.helpers_deployments:helpers_deployments.py:278 
	app: opensearch blocked -- message: 1 or more 'replica' shards are not assigned, please scale your application up.
		opensearch-6.c24* -- (10.1.22.42) -- [idle (since: 03:05:39)] active: 

[32mINFO    [0m integration.helpers_deployments:helpers_deployments.py:337 


03:06:00 -- Waiting for model...
[32mINFO    [0m integration.helpers_deployments:helpers_deployments.py:277 	App: opensearch - Units - conditions unmet.
[32mINFO    [0m integration.helpers_deployments:helpers_deployments.py:278 
	app: opensearch blocked -- message: 1 or more 'replica' shards are not assigned, please scale your application up.
		opensearch-6.c24* -- (10.1.22.42) -- [idle (since: 03:05:39)] active: 

[32mINFO    [0m integration.helpers_deployments:helpers_deployments.py:337 


03:06:11 -- Waiting for model...
[32mINFO    [0m integration.helpers_deployments:helpers_deployments.py:277 	App: opensearch - Units - conditions unmet.
[32mINFO    [0m integration.helpers_deployments:helpers_deployments.py:278 
	app: opensearch blocked -- message: 1 or more 'replica' shards are not assigned, please scale your application up.
		opensearch-6.c24* -- (10.1.22.42) -- [idle (since: 03:05:39)] active: 

[32mINFO    [0m integration.helpers_deployments:helpers_deployments.py:337 


03:06:21 -- Waiting for model...
[32mINFO    [0m integration.helpers_deployments:helpers_deployments.py:277 	App: opensearch - Units - conditions unmet.
[32mINFO    [0m integration.helpers_deployments:helpers_deployments.py:278 
	app: opensearch blocked -- message: 1 or more 'replica' shards are not assigned, please scale your application up.
		opensearch-6.c24* -- (10.1.22.42) -- [idle (since: 03:05:39)] active: 

[32mINFO    [0m integration.helpers_deployments:helpers_deployments.py:337 


03:06:32 -- Waiting for model...
[32mINFO    [0m integration.helpers_deployments:helpers_deployments.py:277 	App: opensearch - Units - conditions unmet.
[32mINFO    [0m integration.helpers_deployments:helpers_deployments.py:278 
	app: opensearch blocked -- message: 1 or more 'replica' shards are not assigned, please scale your application up.
		opensearch-6.c24* -- (10.1.22.42) -- [idle (since: 03:05:39)] active: 

[32mINFO    [0m integration.helpers_deployments:helpers_deployments.py:337 


03:06:43 -- Waiting for model...
[32mINFO    [0m integration.helpers_deployments:helpers_deployments.py:277 	App: opensearch - Units - conditions unmet.
[32mINFO    [0m integration.helpers_deployments:helpers_deployments.py:278 
	app: opensearch blocked -- message: 1 or more 'replica' shards are not assigned, please scale your application up.
		opensearch-6.c24* -- (10.1.22.42) -- [idle (since: 03:05:39)] active: 

[32mINFO    [0m integration.helpers_deployments:helpers_deployments.py:337 


03:06:54 -- Waiting for model...
[32mINFO    [0m integration.helpers_deployments:helpers_deployments.py:348 03:06:55 -- Waiting for model: complete.



[32mINFO    [0m integration.helpers_deployments:helpers_deployments.py:329 



[32mINFO    [0m integration.helpers_deployments:helpers_deployments.py:330 Model  Controller           Cloud/Region         Version  SLA          Timestamp
test   localhost-localhost  localhost/localhost  3.5.3    unsupported  03:06:55Z

App                       Version  Status   Scale  Charm                     Channel        Rev  Exposed  Message
opensearch                         blocked    1/3  opensearch                                 1  no       1 or more 'replica' shards are not assigned, please scale your application up.
self-signed-certificates           active       1  self-signed-certificates  latest/stable  155  no       

Unit                         Workload  Agent       Machine  Public address  Ports     Message
opensearch/6*                active    idle        7        10.1.22.42      9200/tcp  
opensearch/7                 waiting   allocating  8                                  waiting for machine
opensearch/8                 waiting   allocating  9                                  waiting for machine
self-signed-certificates/0*  active    idle        0        10.1.22.109               

Machine  State    Address      Inst id        Base          AZ  Message
0        started  10.1.22.109  juju-7ca803-0  ubuntu@22.04      Running
7        started  10.1.22.42   juju-7ca803-7  ubuntu@22.04      Running
8        pending               pending        ubuntu@22.04      
9        pending               pending        ubuntu@22.04      

[32mINFO    [0m integration.helpers_deployments:helpers_deployments.py:337 


03:06:55 -- Waiting for model...
[32mINFO    [0m integration.helpers_deployments:helpers_deployments.py:251 opensearch -- expected units: 3 -- current: 1
[32mINFO    [0m integration.helpers_deployments:helpers_deployments.py:337 


03:07:06 -- Waiting for model...
[32mINFO    [0m integration.helpers_deployments:helpers_deployments.py:251 opensearch -- expected units: 3 -- current: 2
[32mINFO    [0m integration.helpers_deployments:helpers_deployments.py:337 


03:10:21 -- Waiting for model...
[32mINFO    [0m integration.helpers_deployments:helpers_deployments.py:261 	App: opensearch - conditions unmet.
[32mINFO    [0m integration.helpers_deployments:helpers_deployments.py:262 
	app: opensearch blocked -- message: 1 or more 'replica' shards are not assigned, please scale your application up.
		opensearch-6.c24* -- (10.1.22.42) -- [idle (since: 03:05:39)] active: 
		opensearch-7.c24  -- (10.1.22.243) -- [executing (since: 03:09:27)] maintenance: Installing OpenSearch...
		opensearch-8.c24  -- (10.1.22.246) -- [executing (since: 03:09:42)] maintenance: Installing OpenSearch...

[32mINFO    [0m integration.helpers_deployments:helpers_deployments.py:337 


03:10:33 -- Waiting for model...
[32mINFO    [0m integration.helpers_deployments:helpers_deployments.py:261 	App: opensearch - conditions unmet.
[32mINFO    [0m integration.helpers_deployments:helpers_deployments.py:262 
	app: opensearch blocked -- message: 1 or more 'replica' shards are not assigned, please scale your application up.
		opensearch-6.c24* -- (10.1.22.42) -- [idle (since: 03:05:39)] active: 
		opensearch-7.c24  -- (10.1.22.243) -- [executing (since: 03:09:27)] maintenance: Installing OpenSearch...
		opensearch-8.c24  -- (10.1.22.246) -- [executing (since: 03:09:42)] maintenance: Installing OpenSearch...

[32mINFO    [0m integration.helpers_deployments:helpers_deployments.py:337 


03:10:45 -- Waiting for model...
[32mINFO    [0m integration.helpers_deployments:helpers_deployments.py:261 	App: opensearch - conditions unmet.
[32mINFO    [0m integration.helpers_deployments:helpers_deployments.py:262 
	app: opensearch blocked -- message: 1 or more 'replica' shards are not assigned, please scale your application up.
		opensearch-6.c24* -- (10.1.22.42) -- [idle (since: 03:05:39)] active: 
		opensearch-7.c24  -- (10.1.22.243) -- [executing (since: 03:10:41)] active: 
		opensearch-8.c24  -- (10.1.22.246) -- [executing (since: 03:09:42)] maintenance: Installing OpenSearch...

[32mINFO    [0m integration.helpers_deployments:helpers_deployments.py:337 


03:10:57 -- Waiting for model...
[32mINFO    [0m integration.helpers_deployments:helpers_deployments.py:261 	App: opensearch - conditions unmet.
[32mINFO    [0m integration.helpers_deployments:helpers_deployments.py:262 
	app: opensearch blocked -- message: 1 or more 'replica' shards are not assigned, please scale your application up.
		opensearch-6.c24* -- (10.1.22.42) -- [idle (since: 03:05:39)] active: 
		opensearch-7.c24  -- (10.1.22.243) -- [executing (since: 03:10:41)] active: 
		opensearch-8.c24  -- (10.1.22.246) -- [executing (since: 03:10:55)] active: 

[32mINFO    [0m integration.helpers_deployments:helpers_deployments.py:337 


03:11:08 -- Waiting for model...
[32mINFO    [0m integration.helpers_deployments:helpers_deployments.py:261 	App: opensearch - conditions unmet.
[32mINFO    [0m integration.helpers_deployments:helpers_deployments.py:262 
	app: opensearch blocked -- message: 1 or more 'replica' shards are not assigned, please scale your application up.
		opensearch-6.c24* -- (10.1.22.42) -- [idle (since: 03:05:39)] active: 
		opensearch-7.c24  -- (10.1.22.243) -- [executing (since: 03:10:41)] active: 
		opensearch-8.c24  -- (10.1.22.246) -- [executing (since: 03:10:55)] active: 

[32mINFO    [0m integration.helpers_deployments:helpers_deployments.py:337 


03:11:20 -- Waiting for model...
[32mINFO    [0m integration.helpers_deployments:helpers_deployments.py:261 	App: opensearch - conditions unmet.
[32mINFO    [0m integration.helpers_deployments:helpers_deployments.py:262 
	app: opensearch blocked -- message: 1 or more 'replica' shards are not assigned, please scale your application up.
		opensearch-6.c24* -- (10.1.22.42) -- [idle (since: 03:05:39)] active: 
		opensearch-7.c24  -- (10.1.22.243) -- [executing (since: 03:11:19)] maintenance: Waiting for TLS to be fully configured...
		opensearch-8.c24  -- (10.1.22.246) -- [executing (since: 03:10:55)] active: 

[32mINFO    [0m integration.helpers_deployments:helpers_deployments.py:337 


03:11:32 -- Waiting for model...
[32mINFO    [0m integration.helpers_deployments:helpers_deployments.py:261 	App: opensearch - conditions unmet.
[32mINFO    [0m integration.helpers_deployments:helpers_deployments.py:262 
	app: opensearch blocked -- message: 1 or more 'replica' shards are not assigned, please scale your application up.
		opensearch-6.c24* -- (10.1.22.42) -- [idle (since: 03:05:39)] active: 
		opensearch-7.c24  -- (10.1.22.243) -- [executing (since: 03:11:32)] maintenance: Waiting for TLS to be fully configured...
		opensearch-8.c24  -- (10.1.22.246) -- [executing (since: 03:11:32)] maintenance: Waiting for TLS to be fully configured...

[32mINFO    [0m integration.helpers_deployments:helpers_deployments.py:337 


03:11:45 -- Waiting for model...
[32mINFO    [0m integration.helpers_deployments:helpers_deployments.py:261 	App: opensearch - conditions unmet.
[32mINFO    [0m integration.helpers_deployments:helpers_deployments.py:262 
	app: opensearch blocked -- message: 1 or more 'replica' shards are not assigned, please scale your application up.
		opensearch-6.c24* -- (10.1.22.42) -- [executing (since: 03:11:36)] active: 
		opensearch-7.c24  -- (10.1.22.243) -- [executing (since: 03:11:38)] waiting: Requesting lock on operation: start
		opensearch-8.c24  -- (10.1.22.246) -- [executing (since: 03:11:43)] waiting: Requesting lock on operation: start

[32mINFO    [0m integration.helpers_deployments:helpers_deployments.py:337 


03:11:56 -- Waiting for model...
[32mINFO    [0m integration.helpers_deployments:helpers_deployments.py:261 	App: opensearch - conditions unmet.
[32mINFO    [0m integration.helpers_deployments:helpers_deployments.py:262 
	app: opensearch blocked -- message: 1 or more 'replica' shards are not assigned, please scale your application up.
		opensearch-6.c24* -- (10.1.22.42) -- [executing (since: 03:11:36)] active: 
		opensearch-7.c24  -- (10.1.22.243) -- [executing (since: 03:11:38)] waiting: Requesting lock on operation: start
		opensearch-8.c24  -- (10.1.22.246) -- [executing (since: 03:11:56)] waiting: Requesting lock on operation: start

[32mINFO    [0m integration.helpers_deployments:helpers_deployments.py:337 


03:12:08 -- Waiting for model...
[32mINFO    [0m integration.helpers_deployments:helpers_deployments.py:261 	App: opensearch - conditions unmet.
[32mINFO    [0m integration.helpers_deployments:helpers_deployments.py:262 
	app: opensearch blocked -- message: 1 or more 'replica' shards are not assigned, please scale your application up.
		opensearch-6.c24* -- (10.1.22.42) -- [executing (since: 03:11:36)] active: 
		opensearch-7.c24  -- (10.1.22.243) -- [executing (since: 03:11:38)] waiting: Requesting lock on operation: start
		opensearch-8.c24  -- (10.1.22.246) -- [idle (since: 03:12:07)] waiting: Requesting lock on operation: start

[32mINFO    [0m integration.helpers_deployments:helpers_deployments.py:337 


03:12:20 -- Waiting for model...
[32mINFO    [0m integration.helpers_deployments:helpers_deployments.py:261 	App: opensearch - conditions unmet.
[32mINFO    [0m integration.helpers_deployments:helpers_deployments.py:262 
	app: opensearch blocked -- message: 1 or more 'replica' shards are not assigned, please scale your application up.
		opensearch-6.c24* -- (10.1.22.42) -- [executing (since: 03:11:36)] active: 
		opensearch-7.c24  -- (10.1.22.243) -- [executing (since: 03:11:38)] waiting: Requesting lock on operation: start
		opensearch-8.c24  -- (10.1.22.246) -- [idle (since: 03:12:07)] waiting: Requesting lock on operation: start

[32mINFO    [0m integration.helpers_deployments:helpers_deployments.py:337 


03:12:31 -- Waiting for model...
[32mINFO    [0m integration.helpers_deployments:helpers_deployments.py:261 	App: opensearch - conditions unmet.
[32mINFO    [0m integration.helpers_deployments:helpers_deployments.py:262 
	app: opensearch blocked -- message: 1 or more 'replica' shards are not assigned, please scale your application up.
		opensearch-6.c24* -- (10.1.22.42) -- [executing (since: 03:11:36)] active: 
		opensearch-7.c24  -- (10.1.22.243) -- [executing (since: 03:11:38)] waiting: Requesting lock on operation: start
		opensearch-8.c24  -- (10.1.22.246) -- [idle (since: 03:12:07)] waiting: Requesting lock on operation: start

[32mINFO    [0m integration.helpers_deployments:helpers_deployments.py:337 


03:12:43 -- Waiting for model...
[32mINFO    [0m integration.helpers_deployments:helpers_deployments.py:261 	App: opensearch - conditions unmet.
[32mINFO    [0m integration.helpers_deployments:helpers_deployments.py:262 
	app: opensearch blocked -- message: 1 or more 'replica' shards are not assigned, please scale your application up.
		opensearch-6.c24* -- (10.1.22.42) -- [executing (since: 03:11:36)] active: 
		opensearch-7.c24  -- (10.1.22.243) -- [executing (since: 03:11:38)] waiting: Requesting lock on operation: start
		opensearch-8.c24  -- (10.1.22.246) -- [idle (since: 03:12:07)] waiting: Requesting lock on operation: start

[32mINFO    [0m integration.helpers_deployments:helpers_deployments.py:337 


03:12:56 -- Waiting for model...
[32mINFO    [0m integration.helpers_deployments:helpers_deployments.py:261 	App: opensearch - conditions unmet.
[32mINFO    [0m integration.helpers_deployments:helpers_deployments.py:262 
	app: opensearch blocked -- message: 1 or more 'replica' shards are not assigned, please scale your application up.
		opensearch-6.c24* -- (10.1.22.42) -- [executing (since: 03:11:36)] active: 
		opensearch-7.c24  -- (10.1.22.243) -- [executing (since: 03:11:38)] waiting: Requesting lock on operation: start
		opensearch-8.c24  -- (10.1.22.246) -- [idle (since: 03:12:07)] waiting: Requesting lock on operation: start

[32mINFO    [0m integration.helpers_deployments:helpers_deployments.py:337 


03:13:07 -- Waiting for model...
[32mINFO    [0m integration.helpers_deployments:helpers_deployments.py:261 	App: opensearch - conditions unmet.
[32mINFO    [0m integration.helpers_deployments:helpers_deployments.py:262 
	app: opensearch blocked -- message: 1 or more 'replica' shards are not assigned, please scale your application up.
		opensearch-6.c24* -- (10.1.22.42) -- [executing (since: 03:11:36)] active: 
		opensearch-7.c24  -- (10.1.22.243) -- [executing (since: 03:11:38)] waiting: Requesting lock on operation: start
		opensearch-8.c24  -- (10.1.22.246) -- [idle (since: 03:12:07)] waiting: Requesting lock on operation: start

[32mINFO    [0m integration.helpers_deployments:helpers_deployments.py:337 


03:13:19 -- Waiting for model...
[32mINFO    [0m integration.helpers_deployments:helpers_deployments.py:261 	App: opensearch - conditions unmet.
[32mINFO    [0m integration.helpers_deployments:helpers_deployments.py:262 
	app: opensearch blocked -- message: 1 or more 'replica' shards are not assigned, please scale your application up.
		opensearch-6.c24* -- (10.1.22.42) -- [executing (since: 03:11:36)] active: 
		opensearch-7.c24  -- (10.1.22.243) -- [executing (since: 03:11:38)] waiting: Requesting lock on operation: start
		opensearch-8.c24  -- (10.1.22.246) -- [idle (since: 03:12:07)] waiting: Requesting lock on operation: start

[32mINFO    [0m integration.helpers_deployments:helpers_deployments.py:337 


03:13:31 -- Waiting for model...
[32mINFO    [0m integration.helpers_deployments:helpers_deployments.py:261 	App: opensearch - conditions unmet.
[32mINFO    [0m integration.helpers_deployments:helpers_deployments.py:262 
	app: opensearch blocked -- message: 1 or more 'replica' shards are not assigned, please scale your application up.
		opensearch-6.c24* -- (10.1.22.42) -- [executing (since: 03:11:36)] active: 
		opensearch-7.c24  -- (10.1.22.243) -- [executing (since: 03:11:38)] waiting: Requesting lock on operation: start
		opensearch-8.c24  -- (10.1.22.246) -- [idle (since: 03:12:07)] waiting: Requesting lock on operation: start

[32mINFO    [0m integration.helpers_deployments:helpers_deployments.py:337 


03:13:42 -- Waiting for model...
[32mINFO    [0m integration.helpers_deployments:helpers_deployments.py:261 	App: opensearch - conditions unmet.
[32mINFO    [0m integration.helpers_deployments:helpers_deployments.py:262 
	app: opensearch blocked -- message: 1 or more 'replica' shards are not assigned, please scale your application up.
		opensearch-6.c24* -- (10.1.22.42) -- [executing (since: 03:11:36)] active: 
		opensearch-7.c24  -- (10.1.22.243) -- [executing (since: 03:11:38)] waiting: Requesting lock on operation: start
		opensearch-8.c24  -- (10.1.22.246) -- [idle (since: 03:12:07)] waiting: Requesting lock on operation: start

[32mINFO    [0m integration.helpers_deployments:helpers_deployments.py:337 


03:13:54 -- Waiting for model...
[32mINFO    [0m integration.helpers_deployments:helpers_deployments.py:261 	App: opensearch - conditions unmet.
[32mINFO    [0m integration.helpers_deployments:helpers_deployments.py:262 
	app: opensearch blocked -- message: 1 or more 'replica' shards are not assigned, please scale your application up.
		opensearch-6.c24* -- (10.1.22.42) -- [executing (since: 03:11:36)] active: 
		opensearch-7.c24  -- (10.1.22.243) -- [executing (since: 03:11:38)] waiting: Requesting lock on operation: start
		opensearch-8.c24  -- (10.1.22.246) -- [idle (since: 03:12:07)] waiting: Requesting lock on operation: start

[32mINFO    [0m integration.helpers_deployments:helpers_deployments.py:337 


03:14:07 -- Waiting for model...
[32mINFO    [0m integration.helpers_deployments:helpers_deployments.py:261 	App: opensearch - conditions unmet.
[32mINFO    [0m integration.helpers_deployments:helpers_deployments.py:262 
	app: opensearch blocked -- message: 1 or more 'replica' shards are not assigned, please scale your application up.
		opensearch-6.c24* -- (10.1.22.42) -- [executing (since: 03:11:36)] active: 
		opensearch-7.c24  -- (10.1.22.243) -- [executing (since: 03:11:38)] waiting: Requesting lock on operation: start
		opensearch-8.c24  -- (10.1.22.246) -- [idle (since: 03:12:07)] waiting: Requesting lock on operation: start

[32mINFO    [0m integration.helpers_deployments:helpers_deployments.py:337 


03:14:18 -- Waiting for model...
[32mINFO    [0m integration.helpers_deployments:helpers_deployments.py:261 	App: opensearch - conditions unmet.
[32mINFO    [0m integration.helpers_deployments:helpers_deployments.py:262 
	app: opensearch blocked -- message: 1 or more 'replica' shards are not assigned, please scale your application up.
		opensearch-6.c24* -- (10.1.22.42) -- [executing (since: 03:11:36)] active: 
		opensearch-7.c24  -- (10.1.22.243) -- [executing (since: 03:11:38)] waiting: Requesting lock on operation: start
		opensearch-8.c24  -- (10.1.22.246) -- [idle (since: 03:12:07)] waiting: Requesting lock on operation: start

[32mINFO    [0m integration.helpers_deployments:helpers_deployments.py:337 


03:14:30 -- Waiting for model...
[32mINFO    [0m integration.helpers_deployments:helpers_deployments.py:261 	App: opensearch - conditions unmet.
[32mINFO    [0m integration.helpers_deployments:helpers_deployments.py:262 
	app: opensearch blocked -- message: 1 or more 'replica' shards are not assigned, please scale your application up.
		opensearch-6.c24* -- (10.1.22.42) -- [executing (since: 03:11:36)] active: 
		opensearch-7.c24  -- (10.1.22.243) -- [executing (since: 03:11:38)] waiting: Requesting lock on operation: start
		opensearch-8.c24  -- (10.1.22.246) -- [idle (since: 03:12:07)] waiting: Requesting lock on operation: start

[32mINFO    [0m integration.helpers_deployments:helpers_deployments.py:337 


03:14:42 -- Waiting for model...
[32mINFO    [0m integration.helpers_deployments:helpers_deployments.py:261 	App: opensearch - conditions unmet.
[32mINFO    [0m integration.helpers_deployments:helpers_deployments.py:262 
	app: opensearch blocked -- message: 1 or more 'replica' shards are not assigned, please scale your application up.
		opensearch-6.c24* -- (10.1.22.42) -- [executing (since: 03:14:41)] active: 
		opensearch-7.c24  -- (10.1.22.243) -- [executing (since: 03:11:38)] waiting: Requesting lock on operation: start
		opensearch-8.c24  -- (10.1.22.246) -- [idle (since: 03:14:42)] waiting: Requesting lock on operation: start

[32mINFO    [0m integration.helpers_deployments:helpers_deployments.py:337 


03:14:54 -- Waiting for model...
[32mINFO    [0m integration.helpers_deployments:helpers_deployments.py:261 	App: opensearch - conditions unmet.
[32mINFO    [0m integration.helpers_deployments:helpers_deployments.py:262 
	app: opensearch blocked -- message: 1 or more 'replica' shards are not assigned, please scale your application up.
		opensearch-6.c24* -- (10.1.22.42) -- [executing (since: 03:14:41)] active: 
		opensearch-7.c24  -- (10.1.22.243) -- [executing (since: 03:11:38)] waiting: Waiting for OpenSearch to start...
		opensearch-8.c24  -- (10.1.22.246) -- [idle (since: 03:14:42)] waiting: Requesting lock on operation: start

[32mINFO    [0m integration.helpers_deployments:helpers_deployments.py:337 


03:15:06 -- Waiting for model...
[32mINFO    [0m integration.helpers_deployments:helpers_deployments.py:277 	App: opensearch - Units - conditions unmet.
[32mINFO    [0m integration.helpers_deployments:helpers_deployments.py:278 
	app: opensearch active -- message: None
		opensearch-6.c24* -- (10.1.22.42) -- [executing (since: 03:15:05)] active: 
		opensearch-7.c24  -- (10.1.22.243) -- [executing (since: 03:15:04)] active: 
		opensearch-8.c24  -- (10.1.22.246) -- [executing (since: 03:15:03)] waiting: Waiting for OpenSearch to start...

[32mINFO    [0m integration.helpers_deployments:helpers_deployments.py:337 


03:15:18 -- Waiting for model...
[32mINFO    [0m integration.helpers_deployments:helpers_deployments.py:277 	App: opensearch - Units - conditions unmet.
[32mINFO    [0m integration.helpers_deployments:helpers_deployments.py:278 
	app: opensearch active -- message: None
		opensearch-6.c24* -- (10.1.22.42) -- [executing (since: 03:15:18)] active: 
		opensearch-7.c24  -- (10.1.22.243) -- [idle (since: 03:15:13)] active: 
		opensearch-8.c24  -- (10.1.22.246) -- [executing (since: 03:15:03)] waiting: Waiting for OpenSearch to start...

[32mINFO    [0m integration.helpers_deployments:helpers_deployments.py:337 


03:15:30 -- Waiting for model...
[32mINFO    [0m integration.helpers_deployments:helpers_deployments.py:277 	App: opensearch - Units - conditions unmet.
[32mINFO    [0m integration.helpers_deployments:helpers_deployments.py:278 
	app: opensearch active -- message: None
		opensearch-6.c24* -- (10.1.22.42) -- [idle (since: 03:15:30)] active: 
		opensearch-7.c24  -- (10.1.22.243) -- [idle (since: 03:15:29)] active: 
		opensearch-8.c24  -- (10.1.22.246) -- [idle (since: 03:15:28)] active: 

[32mINFO    [0m integration.helpers_deployments:helpers_deployments.py:337 


03:15:42 -- Waiting for model...
[32mINFO    [0m integration.helpers_deployments:helpers_deployments.py:277 	App: opensearch - Units - conditions unmet.
[32mINFO    [0m integration.helpers_deployments:helpers_deployments.py:278 
	app: opensearch active -- message: None
		opensearch-6.c24* -- (10.1.22.42) -- [idle (since: 03:15:30)] active: 
		opensearch-7.c24  -- (10.1.22.243) -- [idle (since: 03:15:29)] active: 
		opensearch-8.c24  -- (10.1.22.246) -- [idle (since: 03:15:28)] active: 

[32mINFO    [0m integration.helpers_deployments:helpers_deployments.py:337 


03:15:53 -- Waiting for model...
[32mINFO    [0m integration.helpers_deployments:helpers_deployments.py:277 	App: opensearch - Units - conditions unmet.
[32mINFO    [0m integration.helpers_deployments:helpers_deployments.py:278 
	app: opensearch active -- message: None
		opensearch-6.c24* -- (10.1.22.42) -- [idle (since: 03:15:30)] active: 
		opensearch-7.c24  -- (10.1.22.243) -- [idle (since: 03:15:29)] active: 
		opensearch-8.c24  -- (10.1.22.246) -- [idle (since: 03:15:28)] active: 

[32mINFO    [0m integration.helpers_deployments:helpers_deployments.py:337 


03:16:05 -- Waiting for model...
[32mINFO    [0m integration.helpers_deployments:helpers_deployments.py:277 	App: opensearch - Units - conditions unmet.
[32mINFO    [0m integration.helpers_deployments:helpers_deployments.py:278 
	app: opensearch active -- message: None
		opensearch-6.c24* -- (10.1.22.42) -- [idle (since: 03:15:30)] active: 
		opensearch-7.c24  -- (10.1.22.243) -- [idle (since: 03:15:29)] active: 
		opensearch-8.c24  -- (10.1.22.246) -- [idle (since: 03:15:28)] active: 

[32mINFO    [0m integration.helpers_deployments:helpers_deployments.py:337 


03:16:17 -- Waiting for model...
[32mINFO    [0m integration.helpers_deployments:helpers_deployments.py:277 	App: opensearch - Units - conditions unmet.
[32mINFO    [0m integration.helpers_deployments:helpers_deployments.py:278 
	app: opensearch active -- message: None
		opensearch-6.c24* -- (10.1.22.42) -- [idle (since: 03:15:30)] active: 
		opensearch-7.c24  -- (10.1.22.243) -- [idle (since: 03:15:29)] active: 
		opensearch-8.c24  -- (10.1.22.246) -- [idle (since: 03:15:28)] active: 

[32mINFO    [0m integration.helpers_deployments:helpers_deployments.py:337 


03:16:29 -- Waiting for model...
[32mINFO    [0m integration.helpers_deployments:helpers_deployments.py:277 	App: opensearch - Units - conditions unmet.
[32mINFO    [0m integration.helpers_deployments:helpers_deployments.py:278 
	app: opensearch active -- message: None
		opensearch-6.c24* -- (10.1.22.42) -- [idle (since: 03:15:30)] active: 
		opensearch-7.c24  -- (10.1.22.243) -- [idle (since: 03:15:29)] active: 
		opensearch-8.c24  -- (10.1.22.246) -- [idle (since: 03:15:28)] active: 

[32mINFO    [0m integration.helpers_deployments:helpers_deployments.py:337 


03:16:41 -- Waiting for model...
[32mINFO    [0m integration.helpers_deployments:helpers_deployments.py:277 	App: opensearch - Units - conditions unmet.
[32mINFO    [0m integration.helpers_deployments:helpers_deployments.py:278 
	app: opensearch active -- message: None
		opensearch-6.c24* -- (10.1.22.42) -- [idle (since: 03:15:30)] active: 
		opensearch-7.c24  -- (10.1.22.243) -- [idle (since: 03:15:29)] active: 
		opensearch-8.c24  -- (10.1.22.246) -- [idle (since: 03:15:28)] active: 

[32mINFO    [0m integration.helpers_deployments:helpers_deployments.py:337 


03:16:53 -- Waiting for model...
[32mINFO    [0m integration.helpers_deployments:helpers_deployments.py:348 03:16:54 -- Waiting for model: complete.
[32mINFO    [0m integration.ha.conftest:conftest.py:57 



The writes have been cleared.




[32mINFO    [0m pytest_operator.plugin:plugin.py:862 Model status:

Model  Controller           Cloud/Region         Version  SLA          Timestamp
test   localhost-localhost  localhost/localhost  3.5.3    unsupported  03:18:25Z

App                       Version  Status  Scale  Charm                     Channel        Rev  Exposed  Message
opensearch                         active      3  opensearch                                 1  no       
self-signed-certificates           active      1  self-signed-certificates  latest/stable  155  no       

Unit                         Workload  Agent  Machine  Public address  Ports     Message
opensearch/6*                active    idle   7        10.1.22.42      9200/tcp  
opensearch/7                 active    idle   8        10.1.22.243     9200/tcp  
opensearch/8                 active    idle   9        10.1.22.246     9200/tcp  
self-signed-certificates/0*  active    idle   0        10.1.22.109               

Machine  State    Address      Inst id        Base          AZ  Message
0        started  10.1.22.109  juju-7ca803-0  ubuntu@22.04      Running
7        started  10.1.22.42   juju-7ca803-7  ubuntu@22.04      Running
8        started  10.1.22.243  juju-7ca803-8  ubuntu@22.04      Running
9        started  10.1.22.246  juju-7ca803-9  ubuntu@22.04      Running

[32mINFO    [0m pytest_operator.plugin:plugin.py:868 Juju error logs:

machine-1: 01:50:19 ERROR juju.worker.dependency "kvm-container-provisioner" manifold worker returned unexpected error: container types not yet available
machine-1: 01:50:19 ERROR juju.worker.dependency "lxd-container-provisioner" manifold worker returned unexpected error: container types not yet available
unit-opensearch-0: 01:50:19 ERROR juju.worker.meterstatus error running "meter-status-changed": charm missing from disk
machine-0: 01:51:22 ERROR juju.worker.dependency "lxd-container-provisioner" manifold worker returned unexpected error: container types not yet available
machine-0: 01:51:22 ERROR juju.worker.dependency "kvm-container-provisioner" manifold worker returned unexpected error: container types not yet available
unit-self-signed-certificates-0: 01:51:22 ERROR juju.worker.meterstatus error running "meter-status-changed": charm missing from disk
unit-opensearch-0: 01:52:32 ERROR unit.opensearch/0.juju-log certificates:3: err:  / out: keytool error: java.lang.Exception: Keystore file does not exist: /var/snap/opensearch/current/etc/opensearch/certificates/ca.p12

unit-opensearch-0: 01:52:38 ERROR unit.opensearch/0.juju-log certificates:3: Cannot connect to the OpenSearch server...
unit-opensearch-0: 01:52:39 ERROR unit.opensearch/0.juju-log certificates:3: Cannot connect to the OpenSearch server...
unit-opensearch-0: 01:52:39 ERROR unit.opensearch/0.juju-log certificates:3: Cannot connect to the OpenSearch server...
unit-opensearch-0: 01:52:42 ERROR unit.opensearch/0.juju-log certificates:3: Cannot connect to the OpenSearch server...
unit-opensearch-0: 01:52:45 ERROR unit.opensearch/0.juju-log certificates:3: Cannot connect to the OpenSearch server...
unit-opensearch-0: 01:52:48 ERROR unit.opensearch/0.juju-log certificates:3: Cannot connect to the OpenSearch server...
unit-opensearch-0: 01:52:51 ERROR unit.opensearch/0.juju-log certificates:3: Cannot connect to the OpenSearch server...
machine-2: 01:56:45 ERROR juju.worker.dependency "kvm-container-provisioner" manifold worker returned unexpected error: container types not yet available
machine-2: 01:56:45 ERROR juju.worker.dependency "lxd-container-provisioner" manifold worker returned unexpected error: container types not yet available
unit-opensearch-1: 01:56:45 ERROR juju.worker.meterstatus error running "meter-status-changed": charm missing from disk
unit-opensearch-1: 02:04:26 ERROR unit.opensearch/1.juju-log certificates:3: err:  / out: keytool error: java.lang.Exception: Keystore file does not exist: /var/snap/opensearch/current/etc/opensearch/certificates/ca.p12

unit-opensearch-1: 02:04:31 ERROR unit.opensearch/1.juju-log Cannot connect to the OpenSearch server...
unit-opensearch-1: 02:07:35 ERROR unit.opensearch/1.juju-log Cannot connect to the OpenSearch server...
unit-opensearch-1: 02:08:43 ERROR unit.opensearch/1.juju-log Cannot connect to the OpenSearch server...
unit-opensearch-1: 02:11:50 ERROR unit.opensearch/1.juju-log certificates:3: Error reading secret: 'NoneType' object has no attribute 'get'
machine-3: 02:16:01 ERROR juju.worker.dependency "lxd-container-provisioner" manifold worker returned unexpected error: container types not yet available
machine-3: 02:16:01 ERROR juju.worker.dependency "kvm-container-provisioner" manifold worker returned unexpected error: container types not yet available
unit-opensearch-2: 02:16:01 ERROR juju.worker.meterstatus error running "meter-status-changed": charm missing from disk
unit-opensearch-2: 02:20:10 ERROR unit.opensearch/2.juju-log certificates:3: err:  / out: keytool error: java.lang.Exception: Keystore file does not exist: /var/snap/opensearch/current/etc/opensearch/certificates/ca.p12

unit-opensearch-2: 02:20:24 ERROR unit.opensearch/2.juju-log Cannot connect to the OpenSearch server...
unit-opensearch-2: 02:23:49 ERROR unit.opensearch/2.juju-log Cannot connect to the OpenSearch server...
unit-opensearch-2: 02:26:42 ERROR unit.opensearch/2.juju-log Cannot connect to the OpenSearch server...
unit-opensearch-0: 02:27:35 ERROR juju.worker.uniter resolver loop error: preparing operation "run storage-detaching (opensearch-data/0) hook" for opensearch/0: secret "secret:crr0vnv9bdl1j96ja6a0" not found (not found)
unit-opensearch-0: 02:27:35 ERROR juju.worker.dependency "uniter" manifold worker returned unexpected error: preparing operation "run storage-detaching (opensearch-data/0) hook" for opensearch/0: secret "secret:crr0vnv9bdl1j96ja6a0" not found (not found)
unit-opensearch-0: 02:27:44 ERROR unit.opensearch/0.juju-log Cannot connect to the OpenSearch server...
unit-opensearch-2: 02:27:49 ERROR unit.opensearch/2.juju-log certificates:3: Error reading secret: 'NoneType' object has no attribute 'get'
unit-opensearch-0: 02:27:49 ERROR unit.opensearch/0.juju-log certificates:3: Error reading secret: 'NoneType' object has no attribute 'get'
machine-4: 02:30:55 ERROR juju.worker.dependency "kvm-container-provisioner" manifold worker returned unexpected error: container types not yet available
machine-4: 02:30:55 ERROR juju.worker.dependency "lxd-container-provisioner" manifold worker returned unexpected error: container types not yet available
unit-opensearch-3: 02:30:55 ERROR juju.worker.meterstatus error running "meter-status-changed": charm missing from disk
unit-opensearch-3: 02:33:05 ERROR unit.opensearch/3.juju-log certificates:3: err:  / out: keytool error: java.lang.Exception: Keystore file does not exist: /var/snap/opensearch/current/etc/opensearch/certificates/ca.p12

unit-opensearch-3: 02:33:12 ERROR unit.opensearch/3.juju-log opensearch-peers:0: Cannot connect to the OpenSearch server...
unit-opensearch-3: 02:33:13 ERROR unit.opensearch/3.juju-log opensearch-peers:0: Cannot connect to the OpenSearch server...
machine-5: 02:39:25 ERROR juju.worker.dependency "kvm-container-provisioner" manifold worker returned unexpected error: container types not yet available
machine-5: 02:39:25 ERROR juju.worker.dependency "lxd-container-provisioner" manifold worker returned unexpected error: container types not yet available
unit-opensearch-4: 02:39:25 ERROR juju.worker.meterstatus error running "meter-status-changed": charm missing from disk
unit-opensearch-4: 02:44:23 ERROR unit.opensearch/4.juju-log certificates:3: err:  / out: keytool error: java.lang.Exception: Keystore file does not exist: /var/snap/opensearch/current/etc/opensearch/certificates/ca.p12

unit-opensearch-4: 02:44:28 ERROR unit.opensearch/4.juju-log Cannot connect to the OpenSearch server...
unit-opensearch-4: 02:47:31 ERROR unit.opensearch/4.juju-log Cannot connect to the OpenSearch server...
machine-6: 02:52:28 ERROR juju.worker.dependency "lxd-container-provisioner" manifold worker returned unexpected error: container types not yet available
machine-6: 02:52:28 ERROR juju.worker.dependency "kvm-container-provisioner" manifold worker returned unexpected error: container types not yet available
unit-opensearch-5: 02:52:28 ERROR juju.worker.meterstatus error running "meter-status-changed": charm missing from disk
unit-opensearch-5: 02:54:41 ERROR unit.opensearch/5.juju-log certificates:3: err:  / out: keytool error: java.lang.Exception: Keystore file does not exist: /var/snap/opensearch/current/etc/opensearch/certificates/ca.p12

unit-opensearch-5: 02:54:47 ERROR unit.opensearch/5.juju-log Cannot connect to the OpenSearch server...
unit-opensearch-5: 02:54:48 ERROR unit.opensearch/5.juju-log Cannot connect to the OpenSearch server...
unit-opensearch-3: 02:56:53 ERROR juju.worker.uniter resolver loop error: preparing operation "run relation-departed (2; unit: opensearch/4, departee: opensearch/3) hook" for opensearch/3: secret "secret:crr1ion9bdl1j96ja6i0" not found (not found)
unit-opensearch-3: 02:56:53 ERROR juju.worker.dependency "uniter" manifold worker returned unexpected error: preparing operation "run relation-departed (2; unit: opensearch/4, departee: opensearch/3) hook" for opensearch/3: secret "secret:crr1ion9bdl1j96ja6i0" not found (not found)
unit-opensearch-5: 02:57:02 ERROR unit.opensearch/5.juju-log Cannot connect to the OpenSearch server...
unit-opensearch-4: 02:57:02 ERROR unit.opensearch/4.juju-log Cannot connect to the OpenSearch server...
unit-opensearch-3: 02:57:08 ERROR unit.opensearch/3.juju-log Cannot connect to the OpenSearch server...
unit-opensearch-5: 02:57:09 ERROR unit.opensearch/5.juju-log Failed to delete voting exclusion: opensearch-5.c24.
unit-opensearch-5: 02:57:09 ERROR unit.opensearch/5.juju-log Failed to delete shard allocation exclusion: opensearch-5.c24.
unit-opensearch-4: 02:57:10 ERROR unit.opensearch/4.juju-log Failed to delete voting exclusion: opensearch-4.c24.
unit-opensearch-4: 02:57:10 ERROR unit.opensearch/4.juju-log Failed to delete shard allocation exclusion: opensearch-4.c24.
unit-opensearch-5: 02:57:11 ERROR unit.opensearch/5.juju-log certificates:3: Error reading secret: 'NoneType' object has no attribute 'get'
unit-opensearch-4: 02:57:16 ERROR unit.opensearch/4.juju-log certificates:3: Error reading secret: 'NoneType' object has no attribute 'get'
unit-opensearch-3: 02:57:19 ERROR unit.opensearch/3.juju-log certificates:3: Error reading secret: 'NoneType' object has no attribute 'get'
machine-7: 02:59:49 ERROR juju.worker.dependency "kvm-container-provisioner" manifold worker returned unexpected error: container types not yet available
machine-7: 02:59:49 ERROR juju.worker.dependency "lxd-container-provisioner" manifold worker returned unexpected error: container types not yet available
unit-opensearch-6: 02:59:49 ERROR juju.worker.meterstatus error running "meter-status-changed": charm missing from disk
unit-opensearch-6: 03:01:57 ERROR unit.opensearch/6.juju-log certificates:7: err:  / out: keytool error: java.lang.Exception: Keystore file does not exist: /var/snap/opensearch/current/etc/opensearch/certificates/ca.p12

unit-opensearch-6: 03:02:03 ERROR unit.opensearch/6.juju-log certificates:7: Cannot connect to the OpenSearch server...
unit-opensearch-6: 03:02:04 ERROR unit.opensearch/6.juju-log certificates:7: Cannot connect to the OpenSearch server...
unit-opensearch-6: 03:02:04 ERROR unit.opensearch/6.juju-log certificates:7: Cannot connect to the OpenSearch server...
unit-opensearch-6: 03:02:07 ERROR unit.opensearch/6.juju-log certificates:7: Cannot connect to the OpenSearch server...
unit-opensearch-6: 03:02:10 ERROR unit.opensearch/6.juju-log certificates:7: Cannot connect to the OpenSearch server...
unit-opensearch-6: 03:02:13 ERROR unit.opensearch/6.juju-log certificates:7: Cannot connect to the OpenSearch server...
unit-opensearch-6: 03:02:16 ERROR unit.opensearch/6.juju-log certificates:7: Cannot connect to the OpenSearch server...
machine-8: 03:09:14 ERROR juju.worker.dependency "kvm-container-provisioner" manifold worker returned unexpected error: container types not yet available
machine-8: 03:09:14 ERROR juju.worker.dependency "lxd-container-provisioner" manifold worker returned unexpected error: container types not yet available
unit-opensearch-7: 03:09:14 ERROR juju.worker.meterstatus error running "meter-status-changed": charm missing from disk
machine-9: 03:09:27 ERROR juju.worker.dependency "kvm-container-provisioner" manifold worker returned unexpected error: container types not yet available
machine-9: 03:09:27 ERROR juju.worker.dependency "lxd-container-provisioner" manifold worker returned unexpected error: container types not yet available
unit-opensearch-8: 03:09:27 ERROR juju.worker.meterstatus error running "meter-status-changed": charm missing from disk
unit-opensearch-7: 03:11:34 ERROR unit.opensearch/7.juju-log certificates:7: err:  / out: keytool error: java.lang.Exception: Keystore file does not exist: /var/snap/opensearch/current/etc/opensearch/certificates/ca.p12

unit-opensearch-8: 03:11:35 ERROR unit.opensearch/8.juju-log certificates:7: err:  / out: keytool error: java.lang.Exception: Keystore file does not exist: /var/snap/opensearch/current/etc/opensearch/certificates/ca.p12

unit-opensearch-7: 03:11:39 ERROR unit.opensearch/7.juju-log opensearch-peers:4: Cannot connect to the OpenSearch server...
unit-opensearch-8: 03:11:40 ERROR unit.opensearch/8.juju-log Cannot connect to the OpenSearch server...
unit-opensearch-8: 03:11:41 ERROR unit.opensearch/8.juju-log Cannot connect to the OpenSearch server...
unit-opensearch-8: 03:11:43 ERROR unit.opensearch/8.juju-log certificates:7: Cannot connect to the OpenSearch server...
unit-opensearch-8: 03:11:44 ERROR unit.opensearch/8.juju-log certificates:7: Cannot connect to the OpenSearch server...
unit-opensearch-8: 03:11:46 ERROR unit.opensearch/8.juju-log Cannot connect to the OpenSearch server...
unit-opensearch-8: 03:11:47 ERROR unit.opensearch/8.juju-log Cannot connect to the OpenSearch server...
unit-opensearch-8: 03:11:48 ERROR unit.opensearch/8.juju-log Cannot connect to the OpenSearch server...
unit-opensearch-8: 03:11:49 ERROR unit.opensearch/8.juju-log Cannot connect to the OpenSearch server...
unit-opensearch-8: 03:11:50 ERROR unit.opensearch/8.juju-log upgrade-version-a:6: Cannot connect to the OpenSearch server...
unit-opensearch-8: 03:11:51 ERROR unit.opensearch/8.juju-log node-lock-fallback:5: Cannot connect to the OpenSearch server...
unit-opensearch-8: 03:11:52 ERROR unit.opensearch/8.juju-log opensearch-peers:4: Cannot connect to the OpenSearch server...
unit-opensearch-8: 03:11:54 ERROR unit.opensearch/8.juju-log node-lock-fallback:5: Cannot connect to the OpenSearch server...
unit-opensearch-8: 03:11:55 ERROR unit.opensearch/8.juju-log upgrade-version-a:6: Cannot connect to the OpenSearch server...
unit-opensearch-8: 03:11:56 ERROR unit.opensearch/8.juju-log node-lock-fallback:5: Cannot connect to the OpenSearch server...
unit-opensearch-8: 03:11:57 ERROR unit.opensearch/8.juju-log node-lock-fallback:5: Cannot connect to the OpenSearch server...
unit-opensearch-8: 03:11:58 ERROR unit.opensearch/8.juju-log upgrade-version-a:6: Cannot connect to the OpenSearch server...
unit-opensearch-8: 03:12:00 ERROR unit.opensearch/8.juju-log opensearch-peers:4: Cannot connect to the OpenSearch server...
unit-opensearch-8: 03:12:01 ERROR unit.opensearch/8.juju-log opensearch-peers:4: Cannot connect to the OpenSearch server...
unit-opensearch-8: 03:12:02 ERROR unit.opensearch/8.juju-log upgrade-version-a:6: Cannot connect to the OpenSearch server...
unit-opensearch-8: 03:12:03 ERROR unit.opensearch/8.juju-log upgrade-version-a:6: Cannot connect to the OpenSearch server...
unit-opensearch-8: 03:12:05 ERROR unit.opensearch/8.juju-log opensearch-peers:4: Cannot connect to the OpenSearch server...
unit-opensearch-8: 03:12:06 ERROR unit.opensearch/8.juju-log opensearch-peers:4: Cannot connect to the OpenSearch server...
unit-opensearch-8: 03:14:41 ERROR unit.opensearch/8.juju-log Cannot connect to the OpenSearch server...
unit-opensearch-7: 03:14:43 ERROR unit.opensearch/7.juju-log opensearch-peers:4: Cannot connect to the OpenSearch server...
unit-opensearch-8: 03:15:03 ERROR unit.opensearch/8.juju-log opensearch-peers:4: Cannot connect to the OpenSearch server...
unit-opensearch-8: 03:15:05 ERROR unit.opensearch/8.juju-log opensearch-peers:4: Cannot connect to the OpenSearch server...

[32mINFO    [0m pytest_operator.plugin:plugin.py:947 Forgetting model main...