[32mINFO    [0m pytest_operator.plugin:plugin.py:734 Connecting to existing model localhost-localhost:test on unspecified cloud
[32mINFO    [0m juju.model:model.py:2097 Deploying local:jammy/opensearch-0
[32mINFO    [0m juju.model:model.py:2097 Deploying ch:amd64/jammy/manual-tls-certificates-108
[32mINFO    [0m integration.helpers_deployments:helpers_deployments.py:329 



[32mINFO    [0m integration.helpers_deployments:helpers_deployments.py:330 Model  Controller           Cloud/Region         Version  SLA          Timestamp
test   localhost-localhost  localhost/localhost  3.5.3    unsupported  02:03:17Z

App                      Version  Status   Scale  Charm                    Channel        Rev  Exposed  Message
manual-tls-certificates           waiting    0/1  manual-tls-certificates  latest/stable  108  no       waiting for machine
opensearch                        waiting    0/3  opensearch                                0  no       waiting for machine

Unit                       Workload  Agent       Machine  Public address  Ports  Message
manual-tls-certificates/0  waiting   allocating  3                               waiting for machine
opensearch/0               waiting   allocating  0                               waiting for machine
opensearch/1               waiting   allocating  1                               waiting for machine
opensearch/2               waiting   allocating  2                               waiting for machine

Machine  State    Address  Inst id  Base          AZ  Message
0        pending           pending  ubuntu@22.04      Creating container
1        pending           pending  ubuntu@22.04      Creating container
2        pending           pending  ubuntu@22.04      Creating container
3        pending           pending  ubuntu@22.04      Creating container

[32mINFO    [0m integration.helpers_deployments:helpers_deployments.py:337 


02:03:17 -- Waiting for model...
[32mINFO    [0m integration.helpers_deployments:helpers_deployments.py:261 	App: manual-tls-certificates - conditions unmet.
[32mINFO    [0m integration.helpers_deployments:helpers_deployments.py:262 
[32mINFO    [0m integration.helpers_deployments:helpers_deployments.py:337 


02:03:27 -- Waiting for model...
[32mINFO    [0m integration.helpers_deployments:helpers_deployments.py:261 	App: manual-tls-certificates - conditions unmet.
[32mINFO    [0m integration.helpers_deployments:helpers_deployments.py:262 
[32mINFO    [0m integration.helpers_deployments:helpers_deployments.py:337 


02:03:38 -- Waiting for model...
[32mINFO    [0m integration.helpers_deployments:helpers_deployments.py:261 	App: manual-tls-certificates - conditions unmet.
[32mINFO    [0m integration.helpers_deployments:helpers_deployments.py:262 
	app: manual waiting -- message: waiting for machine
		manual-tls-certificates-0.c7e  -- (10.75.242.220) -- [allocating (since: 02:03:16)] waiting: waiting for machine

[32mINFO    [0m integration.helpers_deployments:helpers_deployments.py:337 


02:04:54 -- Waiting for model...
[32mINFO    [0m integration.helpers_deployments:helpers_deployments.py:348 02:04:54 -- Waiting for model: complete.



[32mINFO    [0m integration.tls.test_manual_tls:test_manual_tls.py:44 Deployed manual-tls-certificates application
[32mINFO    [0m integration.tls.test_manual_tls:test_manual_tls.py:48 Integrated opensearch with manual-tls-certificates
[32mINFO    [0m integration.tls.test_manual_tls:test_manual_tls.py:54 Waiting for CSRs to be created
[32mINFO    [0m root:helpers_manual_tls.py:93 Getting outstanding certificate requests
[32mINFO    [0m root:helpers_manual_tls.py:93 Getting outstanding certificate requests
[32mINFO    [0m root:helpers_manual_tls.py:93 Getting outstanding certificate requests
[32mINFO    [0m root:helpers_manual_tls.py:93 Getting outstanding certificate requests
[32mINFO    [0m root:helpers_manual_tls.py:93 Getting outstanding certificate requests
[32mINFO    [0m root:helpers_manual_tls.py:93 Getting outstanding certificate requests
[32mINFO    [0m root:helpers_manual_tls.py:93 Getting outstanding certificate requests
[32mINFO    [0m root:helpers_manual_tls.py:93 Getting outstanding certificate requests
[32mINFO    [0m integration.tls.test_manual_tls:test_manual_tls.py:58 Signing CSRs
[32mINFO    [0m integration.tls.helpers_manual_tls:helpers_manual_tls.py:147 Generated certificate for opensearch/1
[32mINFO    [0m integration.tls.helpers_manual_tls:helpers_manual_tls.py:165 Provided certificate to opensearch/1
[32mINFO    [0m integration.tls.helpers_manual_tls:helpers_manual_tls.py:147 Generated certificate for opensearch/1
[32mINFO    [0m integration.tls.helpers_manual_tls:helpers_manual_tls.py:165 Provided certificate to opensearch/1
[32mINFO    [0m integration.tls.helpers_manual_tls:helpers_manual_tls.py:147 Generated certificate for opensearch/1
[32mINFO    [0m integration.tls.helpers_manual_tls:helpers_manual_tls.py:165 Provided certificate to opensearch/1
[32mINFO    [0m integration.tls.helpers_manual_tls:helpers_manual_tls.py:147 Generated certificate for opensearch/2
[32mINFO    [0m integration.tls.helpers_manual_tls:helpers_manual_tls.py:165 Provided certificate to opensearch/2
[32mINFO    [0m integration.tls.helpers_manual_tls:helpers_manual_tls.py:147 Generated certificate for opensearch/2
[32mINFO    [0m integration.tls.helpers_manual_tls:helpers_manual_tls.py:165 Provided certificate to opensearch/2
[32mINFO    [0m integration.tls.helpers_manual_tls:helpers_manual_tls.py:147 Generated certificate for opensearch/0
[32mINFO    [0m integration.tls.helpers_manual_tls:helpers_manual_tls.py:165 Provided certificate to opensearch/0
[32mINFO    [0m integration.tls.helpers_manual_tls:helpers_manual_tls.py:147 Generated certificate for opensearch/0
[32mINFO    [0m integration.tls.helpers_manual_tls:helpers_manual_tls.py:165 Provided certificate to opensearch/0
[32mINFO    [0m integration.helpers_deployments:helpers_deployments.py:329 



[32mINFO    [0m integration.helpers_deployments:helpers_deployments.py:330 Model  Controller           Cloud/Region         Version  SLA          Timestamp
test   localhost-localhost  localhost/localhost  3.5.3    unsupported  02:06:31Z

App                      Version  Status       Scale  Charm                    Channel        Rev  Exposed  Message
manual-tls-certificates           active           1  manual-tls-certificates  latest/stable  108  no       No outstanding requests.
opensearch                        maintenance      3  opensearch                                0  no       Waiting for TLS to be fully configured...

Unit                        Workload     Agent      Machine  Public address  Ports  Message
manual-tls-certificates/0*  active       idle       3        10.75.242.220          No outstanding requests.
opensearch/0                maintenance  executing  0        10.75.242.236          Waiting for TLS to be fully configured...
opensearch/1*               maintenance  executing  1        10.75.242.37           Waiting for TLS to be fully configured...
opensearch/2                maintenance  executing  2        10.75.242.150          Waiting for TLS to be fully configured...

Machine  State    Address        Inst id        Base          AZ  Message
0        started  10.75.242.236  juju-a7b09b-0  ubuntu@22.04      Running
1        started  10.75.242.37   juju-a7b09b-1  ubuntu@22.04      Running
2        started  10.75.242.150  juju-a7b09b-2  ubuntu@22.04      Running
3        started  10.75.242.220  juju-a7b09b-3  ubuntu@22.04      Running

[32mINFO    [0m integration.helpers_deployments:helpers_deployments.py:337 


02:06:31 -- Waiting for model...
[32mINFO    [0m integration.helpers_deployments:helpers_deployments.py:261 	App: opensearch - conditions unmet.
[32mINFO    [0m integration.helpers_deployments:helpers_deployments.py:262 
	app: opensearch maintenance -- message: Waiting for TLS to be fully configured...
		opensearch-0.bab  -- (10.75.242.236) -- [executing (since: 02:06:30)] maintenance: Waiting for TLS to be fully configured...
		opensearch-1.bab* -- (10.75.242.37) -- [executing (since: 02:06:30)] maintenance: Waiting for TLS to be fully configured...
		opensearch-2.bab  -- (10.75.242.150) -- [executing (since: 02:06:29)] maintenance: Waiting for TLS to be fully configured...

[32mINFO    [0m integration.helpers_deployments:helpers_deployments.py:337 


02:06:43 -- Waiting for model...
[32mINFO    [0m integration.helpers_deployments:helpers_deployments.py:261 	App: opensearch - conditions unmet.
[32mINFO    [0m integration.helpers_deployments:helpers_deployments.py:262 
	app: opensearch waiting -- message: Requesting lock on operation: start
		opensearch-0.bab  -- (10.75.242.236) -- [idle (since: 02:06:42)] waiting: Requesting lock on operation: start
		opensearch-1.bab* -- (10.75.242.37) -- [executing (since: 02:06:33)] waiting: Waiting for OpenSearch to start...
		opensearch-2.bab  -- (10.75.242.150) -- [executing (since: 02:06:43)] waiting: Requesting lock on operation: start

[32mINFO    [0m integration.helpers_deployments:helpers_deployments.py:337 


02:06:55 -- Waiting for model...
[32mINFO    [0m integration.helpers_deployments:helpers_deployments.py:261 	App: opensearch - conditions unmet.
[32mINFO    [0m integration.helpers_deployments:helpers_deployments.py:262 
	app: opensearch waiting -- message: Requesting lock on operation: start
		opensearch-0.bab  -- (10.75.242.236) -- [executing (since: 02:06:55)] waiting: Requesting lock on operation: start
		opensearch-1.bab* -- (10.75.242.37) -- [executing (since: 02:06:55)] active: 
		opensearch-2.bab  -- (10.75.242.150) -- [executing (since: 02:06:54)] waiting: Requesting lock on operation: start

[32mINFO    [0m integration.helpers_deployments:helpers_deployments.py:337 


02:07:07 -- Waiting for model...
[32mINFO    [0m integration.helpers_deployments:helpers_deployments.py:261 	App: opensearch - conditions unmet.
[32mINFO    [0m integration.helpers_deployments:helpers_deployments.py:262 
	app: opensearch waiting -- message: Requesting lock on operation: start
		opensearch-0.bab  -- (10.75.242.236) -- [executing (since: 02:07:06)] waiting: Requesting lock on operation: start
		opensearch-1.bab* -- (10.75.242.37) -- [executing (since: 02:07:06)] active: 
		opensearch-2.bab  -- (10.75.242.150) -- [executing (since: 02:07:00)] waiting: Waiting for OpenSearch to start...

[32mINFO    [0m integration.helpers_deployments:helpers_deployments.py:337 


02:07:18 -- Waiting for model...
[32mINFO    [0m integration.helpers_deployments:helpers_deployments.py:261 	App: opensearch - conditions unmet.
[32mINFO    [0m integration.helpers_deployments:helpers_deployments.py:262 
	app: opensearch waiting -- message: Requesting lock on operation: start
		opensearch-0.bab  -- (10.75.242.236) -- [idle (since: 02:07:08)] waiting: Requesting lock on operation: start
		opensearch-1.bab* -- (10.75.242.37) -- [idle (since: 02:07:09)] active: 
		opensearch-2.bab  -- (10.75.242.150) -- [executing (since: 02:07:00)] waiting: Waiting for OpenSearch to start...

[32mINFO    [0m integration.helpers_deployments:helpers_deployments.py:337 


02:07:30 -- Waiting for model...
[32mINFO    [0m integration.helpers_deployments:helpers_deployments.py:261 	App: opensearch - conditions unmet.
[32mINFO    [0m integration.helpers_deployments:helpers_deployments.py:262 
	app: opensearch waiting -- message: Waiting for OpenSearch to start...
		opensearch-0.bab  -- (10.75.242.236) -- [executing (since: 02:07:19)] waiting: Waiting for OpenSearch to start...
		opensearch-1.bab* -- (10.75.242.37) -- [idle (since: 02:07:25)] active: 
		opensearch-2.bab  -- (10.75.242.150) -- [idle (since: 02:07:25)] active: 

[32mINFO    [0m integration.helpers_deployments:helpers_deployments.py:337 


02:07:42 -- Waiting for model...
[32mINFO    [0m integration.helpers_deployments:helpers_deployments.py:277 	App: opensearch - Units - conditions unmet.
[32mINFO    [0m integration.helpers_deployments:helpers_deployments.py:278 
	app: opensearch active -- message: None
		opensearch-0.bab  -- (10.75.242.236) -- [executing (since: 02:07:41)] active: 
		opensearch-1.bab* -- (10.75.242.37) -- [executing (since: 02:07:41)] active: 
		opensearch-2.bab  -- (10.75.242.150) -- [executing (since: 02:07:41)] active: 

[32mINFO    [0m integration.helpers_deployments:helpers_deployments.py:337 


02:07:54 -- Waiting for model...
[32mINFO    [0m integration.helpers_deployments:helpers_deployments.py:277 	App: opensearch - Units - conditions unmet.
[32mINFO    [0m integration.helpers_deployments:helpers_deployments.py:278 
	app: opensearch active -- message: None
		opensearch-0.bab  -- (10.75.242.236) -- [idle (since: 02:07:43)] active: 
		opensearch-1.bab* -- (10.75.242.37) -- [idle (since: 02:07:43)] active: 
		opensearch-2.bab  -- (10.75.242.150) -- [idle (since: 02:07:42)] active: 

[32mINFO    [0m integration.helpers_deployments:helpers_deployments.py:337 


02:08:06 -- Waiting for model...
[32mINFO    [0m integration.helpers_deployments:helpers_deployments.py:277 	App: opensearch - Units - conditions unmet.
[32mINFO    [0m integration.helpers_deployments:helpers_deployments.py:278 
	app: opensearch active -- message: None
		opensearch-0.bab  -- (10.75.242.236) -- [idle (since: 02:07:43)] active: 
		opensearch-1.bab* -- (10.75.242.37) -- [idle (since: 02:07:43)] active: 
		opensearch-2.bab  -- (10.75.242.150) -- [idle (since: 02:07:42)] active: 

[32mINFO    [0m integration.helpers_deployments:helpers_deployments.py:337 


02:08:17 -- Waiting for model...
[32mINFO    [0m integration.helpers_deployments:helpers_deployments.py:348 02:08:18 -- Waiting for model: complete.



[32mINFO    [0m integration.tls.test_manual_tls:test_manual_tls.py:72 Scaling up the application by adding a new unit
[32mINFO    [0m integration.tls.test_manual_tls:test_manual_tls.py:76 Waiting for the new unit to be in maintenance waiting for certificates
[32mINFO    [0m integration.helpers_deployments:helpers_deployments.py:329 



[32mINFO    [0m integration.helpers_deployments:helpers_deployments.py:330 Model  Controller           Cloud/Region         Version  SLA          Timestamp
test   localhost-localhost  localhost/localhost  3.5.3    unsupported  02:08:19Z

App                      Version  Status   Scale  Charm                    Channel        Rev  Exposed  Message
manual-tls-certificates           active       1  manual-tls-certificates  latest/stable  108  no       No outstanding requests.
opensearch                        waiting    3/4  opensearch                                0  no       waiting for machine

Unit                        Workload  Agent       Machine  Public address  Ports     Message
manual-tls-certificates/0*  active    idle        3        10.75.242.220             No outstanding requests.
opensearch/0                active    idle        0        10.75.242.236   9200/tcp  
opensearch/1*               active    idle        1        10.75.242.37    9200/tcp  
opensearch/2                active    idle        2        10.75.242.150   9200/tcp  
opensearch/3                waiting   allocating  4                                  waiting for machine

Machine  State    Address        Inst id        Base          AZ  Message
0        started  10.75.242.236  juju-a7b09b-0  ubuntu@22.04      Running
1        started  10.75.242.37   juju-a7b09b-1  ubuntu@22.04      Running
2        started  10.75.242.150  juju-a7b09b-2  ubuntu@22.04      Running
3        started  10.75.242.220  juju-a7b09b-3  ubuntu@22.04      Running
4        pending                 pending        ubuntu@22.04      Creating container

[32mINFO    [0m integration.helpers_deployments:helpers_deployments.py:337 


02:08:19 -- Waiting for model...
[32mINFO    [0m integration.helpers_deployments:helpers_deployments.py:251 opensearch -- expected units: 4 -- current: 3
[32mINFO    [0m integration.helpers_deployments:helpers_deployments.py:337 


02:08:30 -- Waiting for model...
[32mINFO    [0m integration.helpers_deployments:helpers_deployments.py:277 	App: opensearch - Units - conditions unmet.
[32mINFO    [0m integration.helpers_deployments:helpers_deployments.py:278 
	app: opensearch waiting -- message: waiting for machine
		opensearch-0.bab  -- (10.75.242.236) -- [idle (since: 02:07:43)] active: 
		opensearch-1.bab* -- (10.75.242.37) -- [idle (since: 02:07:43)] active: 
		opensearch-2.bab  -- (10.75.242.150) -- [idle (since: 02:07:42)] active: 
		opensearch-3.bab  -- (10.75.242.215) -- [allocating (since: 02:08:18)] waiting: waiting for machine

[32mINFO    [0m integration.helpers_deployments:helpers_deployments.py:337 


02:09:46 -- Waiting for model...
[32mINFO    [0m integration.helpers_deployments:helpers_deployments.py:277 	App: opensearch - Units - conditions unmet.
[32mINFO    [0m integration.helpers_deployments:helpers_deployments.py:278 
	app: opensearch maintenance -- message: Installing OpenSearch...
		opensearch-0.bab  -- (10.75.242.236) -- [idle (since: 02:09:11)] active: 
		opensearch-1.bab* -- (10.75.242.37) -- [idle (since: 02:09:12)] active: 
		opensearch-2.bab  -- (10.75.242.150) -- [idle (since: 02:09:11)] active: 
		opensearch-3.bab  -- (10.75.242.215) -- [executing (since: 02:09:36)] maintenance: Installing OpenSearch...

[32mINFO    [0m integration.helpers_deployments:helpers_deployments.py:337 


02:09:58 -- Waiting for model...
[32mINFO    [0m integration.helpers_deployments:helpers_deployments.py:277 	App: opensearch - Units - conditions unmet.
[32mINFO    [0m integration.helpers_deployments:helpers_deployments.py:278 
	app: opensearch maintenance -- message: Installing OpenSearch...
		opensearch-0.bab  -- (10.75.242.236) -- [idle (since: 02:09:11)] active: 
		opensearch-1.bab* -- (10.75.242.37) -- [idle (since: 02:09:12)] active: 
		opensearch-2.bab  -- (10.75.242.150) -- [idle (since: 02:09:11)] active: 
		opensearch-3.bab  -- (10.75.242.215) -- [executing (since: 02:09:36)] maintenance: Installing OpenSearch...

[32mINFO    [0m integration.helpers_deployments:helpers_deployments.py:337 


02:10:10 -- Waiting for model...
[32mINFO    [0m integration.helpers_deployments:helpers_deployments.py:277 	App: opensearch - Units - conditions unmet.
[32mINFO    [0m integration.helpers_deployments:helpers_deployments.py:278 
	app: opensearch maintenance -- message: Installing OpenSearch...
		opensearch-0.bab  -- (10.75.242.236) -- [idle (since: 02:09:11)] active: 
		opensearch-1.bab* -- (10.75.242.37) -- [idle (since: 02:09:12)] active: 
		opensearch-2.bab  -- (10.75.242.150) -- [idle (since: 02:09:11)] active: 
		opensearch-3.bab  -- (10.75.242.215) -- [executing (since: 02:09:36)] maintenance: Installing OpenSearch...

[32mINFO    [0m integration.helpers_deployments:helpers_deployments.py:337 


02:10:22 -- Waiting for model...
[32mINFO    [0m integration.helpers_deployments:helpers_deployments.py:277 	App: opensearch - Units - conditions unmet.
[32mINFO    [0m integration.helpers_deployments:helpers_deployments.py:278 
	app: opensearch active -- message: None
		opensearch-0.bab  -- (10.75.242.236) -- [executing (since: 02:10:22)] active: 
		opensearch-1.bab* -- (10.75.242.37) -- [executing (since: 02:10:21)] active: 
		opensearch-2.bab  -- (10.75.242.150) -- [executing (since: 02:10:20)] active: 
		opensearch-3.bab  -- (10.75.242.215) -- [executing (since: 02:10:22)] active: 

[32mINFO    [0m integration.helpers_deployments:helpers_deployments.py:337 


02:10:34 -- Waiting for model...
[32mINFO    [0m integration.helpers_deployments:helpers_deployments.py:277 	App: opensearch - Units - conditions unmet.
[32mINFO    [0m integration.helpers_deployments:helpers_deployments.py:278 
	app: opensearch maintenance -- message: Waiting for TLS to be fully configured...
		opensearch-0.bab  -- (10.75.242.236) -- [idle (since: 02:10:25)] active: 
		opensearch-1.bab* -- (10.75.242.37) -- [idle (since: 02:10:24)] active: 
		opensearch-2.bab  -- (10.75.242.150) -- [idle (since: 02:10:25)] active: 
		opensearch-3.bab  -- (10.75.242.215) -- [executing (since: 02:10:34)] maintenance: Waiting for TLS to be fully configured...

[32mINFO    [0m integration.helpers_deployments:helpers_deployments.py:337 


02:10:47 -- Waiting for model...
[32mINFO    [0m integration.helpers_deployments:helpers_deployments.py:277 	App: opensearch - Units - conditions unmet.
[32mINFO    [0m integration.helpers_deployments:helpers_deployments.py:278 
	app: opensearch maintenance -- message: Waiting for TLS to be fully configured...
		opensearch-0.bab  -- (10.75.242.236) -- [idle (since: 02:10:25)] active: 
		opensearch-1.bab* -- (10.75.242.37) -- [idle (since: 02:10:24)] active: 
		opensearch-2.bab  -- (10.75.242.150) -- [idle (since: 02:10:25)] active: 
		opensearch-3.bab  -- (10.75.242.215) -- [idle (since: 02:10:46)] maintenance: Waiting for TLS to be fully configured...

[32mINFO    [0m integration.helpers_deployments:helpers_deployments.py:337 


02:10:59 -- Waiting for model...
[32mINFO    [0m integration.helpers_deployments:helpers_deployments.py:277 	App: opensearch - Units - conditions unmet.
[32mINFO    [0m integration.helpers_deployments:helpers_deployments.py:278 
	app: opensearch maintenance -- message: Waiting for TLS to be fully configured...
		opensearch-0.bab  -- (10.75.242.236) -- [idle (since: 02:10:25)] active: 
		opensearch-1.bab* -- (10.75.242.37) -- [idle (since: 02:10:24)] active: 
		opensearch-2.bab  -- (10.75.242.150) -- [idle (since: 02:10:25)] active: 
		opensearch-3.bab  -- (10.75.242.215) -- [idle (since: 02:10:46)] maintenance: Waiting for TLS to be fully configured...

[32mINFO    [0m integration.helpers_deployments:helpers_deployments.py:337 


02:11:11 -- Waiting for model...
[32mINFO    [0m integration.helpers_deployments:helpers_deployments.py:277 	App: opensearch - Units - conditions unmet.
[32mINFO    [0m integration.helpers_deployments:helpers_deployments.py:278 
	app: opensearch maintenance -- message: Waiting for TLS to be fully configured...
		opensearch-0.bab  -- (10.75.242.236) -- [idle (since: 02:10:25)] active: 
		opensearch-1.bab* -- (10.75.242.37) -- [idle (since: 02:10:24)] active: 
		opensearch-2.bab  -- (10.75.242.150) -- [idle (since: 02:10:25)] active: 
		opensearch-3.bab  -- (10.75.242.215) -- [idle (since: 02:10:46)] maintenance: Waiting for TLS to be fully configured...

[32mINFO    [0m integration.helpers_deployments:helpers_deployments.py:337 


02:11:23 -- Waiting for model...
[32mINFO    [0m integration.helpers_deployments:helpers_deployments.py:348 02:11:25 -- Waiting for model: complete.



[32mINFO    [0m integration.tls.test_manual_tls:test_manual_tls.py:85 Waiting for the new unit to request certificates
[32mINFO    [0m root:helpers_manual_tls.py:93 Getting outstanding certificate requests
[32mINFO    [0m integration.tls.test_manual_tls:test_manual_tls.py:89 Signing CSRs
[32mINFO    [0m integration.tls.helpers_manual_tls:helpers_manual_tls.py:147 Generated certificate for opensearch/3
[32mINFO    [0m integration.tls.helpers_manual_tls:helpers_manual_tls.py:165 Provided certificate to opensearch/3
[32mINFO    [0m integration.tls.helpers_manual_tls:helpers_manual_tls.py:147 Generated certificate for opensearch/3
[32mINFO    [0m integration.tls.helpers_manual_tls:helpers_manual_tls.py:165 Provided certificate to opensearch/3
[32mINFO    [0m integration.tls.test_manual_tls:test_manual_tls.py:93 Waiting for the new unit to be active
[32mINFO    [0m integration.helpers_deployments:helpers_deployments.py:329 



[32mINFO    [0m integration.helpers_deployments:helpers_deployments.py:330 Model  Controller           Cloud/Region         Version  SLA          Timestamp
test   localhost-localhost  localhost/localhost  3.5.3    unsupported  02:11:29Z

App                      Version  Status       Scale  Charm                    Channel        Rev  Exposed  Message
manual-tls-certificates           active           1  manual-tls-certificates  latest/stable  108  no       No outstanding requests.
opensearch                        maintenance      4  opensearch                                0  no       Waiting for TLS to be fully configured...

Unit                        Workload     Agent      Machine  Public address  Ports     Message
manual-tls-certificates/0*  active       idle       3        10.75.242.220             No outstanding requests.
opensearch/0                active       executing  0        10.75.242.236   9200/tcp  
opensearch/1*               active       executing  1        10.75.242.37    9200/tcp  
opensearch/2                active       executing  2        10.75.242.150   9200/tcp  
opensearch/3                maintenance  executing  4        10.75.242.215             Waiting for TLS to be fully configured...

Machine  State    Address        Inst id        Base          AZ  Message
0        started  10.75.242.236  juju-a7b09b-0  ubuntu@22.04      Running
1        started  10.75.242.37   juju-a7b09b-1  ubuntu@22.04      Running
2        started  10.75.242.150  juju-a7b09b-2  ubuntu@22.04      Running
3        started  10.75.242.220  juju-a7b09b-3  ubuntu@22.04      Running
4        started  10.75.242.215  juju-a7b09b-4  ubuntu@22.04      Running

[32mINFO    [0m integration.helpers_deployments:helpers_deployments.py:337 


02:11:29 -- Waiting for model...
[32mINFO    [0m integration.helpers_deployments:helpers_deployments.py:277 	App: opensearch - Units - conditions unmet.
[32mINFO    [0m integration.helpers_deployments:helpers_deployments.py:278 
	app: opensearch maintenance -- message: Waiting for TLS to be fully configured...
		opensearch-0.bab  -- (10.75.242.236) -- [executing (since: 02:11:27)] active: 
		opensearch-1.bab* -- (10.75.242.37) -- [executing (since: 02:11:27)] active: 
		opensearch-2.bab  -- (10.75.242.150) -- [executing (since: 02:11:27)] active: 
		opensearch-3.bab  -- (10.75.242.215) -- [executing (since: 02:11:27)] maintenance: Waiting for TLS to be fully configured...

[32mINFO    [0m integration.helpers_deployments:helpers_deployments.py:337 


02:11:40 -- Waiting for model...
[32mINFO    [0m integration.helpers_deployments:helpers_deployments.py:277 	App: opensearch - Units - conditions unmet.
[32mINFO    [0m integration.helpers_deployments:helpers_deployments.py:278 
	app: opensearch waiting -- message: Waiting for OpenSearch to start...
		opensearch-0.bab  -- (10.75.242.236) -- [idle (since: 02:11:40)] active: 
		opensearch-1.bab* -- (10.75.242.37) -- [executing (since: 02:11:40)] active: 
		opensearch-2.bab  -- (10.75.242.150) -- [idle (since: 02:11:40)] active: 
		opensearch-3.bab  -- (10.75.242.215) -- [executing (since: 02:11:36)] waiting: Waiting for OpenSearch to start...

[32mINFO    [0m integration.helpers_deployments:helpers_deployments.py:337 


02:11:53 -- Waiting for model...
[32mINFO    [0m integration.helpers_deployments:helpers_deployments.py:277 	App: opensearch - Units - conditions unmet.
[32mINFO    [0m integration.helpers_deployments:helpers_deployments.py:278 
	app: opensearch waiting -- message: Waiting for OpenSearch to start...
		opensearch-0.bab  -- (10.75.242.236) -- [idle (since: 02:11:40)] active: 
		opensearch-1.bab* -- (10.75.242.37) -- [idle (since: 02:11:42)] active: 
		opensearch-2.bab  -- (10.75.242.150) -- [idle (since: 02:11:40)] active: 
		opensearch-3.bab  -- (10.75.242.215) -- [executing (since: 02:11:36)] waiting: Waiting for OpenSearch to start...

[32mINFO    [0m integration.helpers_deployments:helpers_deployments.py:337 


02:12:06 -- Waiting for model...
[32mINFO    [0m integration.helpers_deployments:helpers_deployments.py:277 	App: opensearch - Units - conditions unmet.
[32mINFO    [0m integration.helpers_deployments:helpers_deployments.py:278 
	app: opensearch active -- message: None
		opensearch-0.bab  -- (10.75.242.236) -- [idle (since: 02:12:04)] active: 
		opensearch-1.bab* -- (10.75.242.37) -- [idle (since: 02:12:05)] active: 
		opensearch-2.bab  -- (10.75.242.150) -- [idle (since: 02:12:04)] active: 
		opensearch-3.bab  -- (10.75.242.215) -- [idle (since: 02:12:04)] active: 

[32mINFO    [0m integration.helpers_deployments:helpers_deployments.py:337 


02:12:17 -- Waiting for model...
[32mINFO    [0m integration.helpers_deployments:helpers_deployments.py:277 	App: opensearch - Units - conditions unmet.
[32mINFO    [0m integration.helpers_deployments:helpers_deployments.py:278 
	app: opensearch active -- message: None
		opensearch-0.bab  -- (10.75.242.236) -- [idle (since: 02:12:04)] active: 
		opensearch-1.bab* -- (10.75.242.37) -- [idle (since: 02:12:05)] active: 
		opensearch-2.bab  -- (10.75.242.150) -- [idle (since: 02:12:04)] active: 
		opensearch-3.bab  -- (10.75.242.215) -- [idle (since: 02:12:04)] active: 

[32mINFO    [0m integration.helpers_deployments:helpers_deployments.py:337 


02:12:29 -- Waiting for model...
[32mINFO    [0m integration.helpers_deployments:helpers_deployments.py:277 	App: opensearch - Units - conditions unmet.
[32mINFO    [0m integration.helpers_deployments:helpers_deployments.py:278 
	app: opensearch active -- message: None
		opensearch-0.bab  -- (10.75.242.236) -- [idle (since: 02:12:04)] active: 
		opensearch-1.bab* -- (10.75.242.37) -- [idle (since: 02:12:05)] active: 
		opensearch-2.bab  -- (10.75.242.150) -- [idle (since: 02:12:04)] active: 
		opensearch-3.bab  -- (10.75.242.215) -- [idle (since: 02:12:04)] active: 

[32mINFO    [0m integration.helpers_deployments:helpers_deployments.py:337 


02:12:41 -- Waiting for model...
[32mINFO    [0m integration.helpers_deployments:helpers_deployments.py:348 02:12:43 -- Waiting for model: complete.
[32mINFO    [0m pytest_operator.plugin:plugin.py:862 Model status:

Model  Controller           Cloud/Region         Version  SLA          Timestamp
test   localhost-localhost  localhost/localhost  3.5.3    unsupported  02:12:44Z

App                      Version  Status  Scale  Charm                    Channel        Rev  Exposed  Message
manual-tls-certificates           active      1  manual-tls-certificates  latest/stable  108  no       No outstanding requests.
opensearch                        active      4  opensearch                                0  no       

Unit                        Workload  Agent  Machine  Public address  Ports     Message
manual-tls-certificates/0*  active    idle   3        10.75.242.220             No outstanding requests.
opensearch/0                active    idle   0        10.75.242.236   9200/tcp  
opensearch/1*               active    idle   1        10.75.242.37    9200/tcp  
opensearch/2                active    idle   2        10.75.242.150   9200/tcp  
opensearch/3                active    idle   4        10.75.242.215   9200/tcp  

Machine  State    Address        Inst id        Base          AZ  Message
0        started  10.75.242.236  juju-a7b09b-0  ubuntu@22.04      Running
1        started  10.75.242.37   juju-a7b09b-1  ubuntu@22.04      Running
2        started  10.75.242.150  juju-a7b09b-2  ubuntu@22.04      Running
3        started  10.75.242.220  juju-a7b09b-3  ubuntu@22.04      Running
4        started  10.75.242.215  juju-a7b09b-4  ubuntu@22.04      Running

[32mINFO    [0m pytest_operator.plugin:plugin.py:868 Juju error logs:

machine-1: 02:04:39 ERROR juju.worker.dependency "lxd-container-provisioner" manifold worker returned unexpected error: container types not yet available
machine-1: 02:04:39 ERROR juju.worker.dependency "kvm-container-provisioner" manifold worker returned unexpected error: container types not yet available
unit-opensearch-1: 02:04:39 ERROR juju.worker.meterstatus error running "meter-status-changed": charm missing from disk
machine-2: 02:04:40 ERROR juju.worker.dependency "lxd-container-provisioner" manifold worker returned unexpected error: container types not yet available
machine-2: 02:04:40 ERROR juju.worker.dependency "kvm-container-provisioner" manifold worker returned unexpected error: container types not yet available
unit-opensearch-2: 02:04:40 ERROR juju.worker.meterstatus error running "meter-status-changed": charm missing from disk
machine-3: 02:04:41 ERROR juju.worker.dependency "kvm-container-provisioner" manifold worker returned unexpected error: container types not yet available
machine-3: 02:04:41 ERROR juju.worker.dependency "lxd-container-provisioner" manifold worker returned unexpected error: container types not yet available
unit-manual-tls-certificates-0: 02:04:41 ERROR juju.worker.meterstatus error running "meter-status-changed": charm missing from disk
machine-0: 02:04:48 ERROR juju.worker.dependency "kvm-container-provisioner" manifold worker returned unexpected error: container types not yet available
machine-0: 02:04:48 ERROR juju.worker.dependency "lxd-container-provisioner" manifold worker returned unexpected error: container types not yet available
unit-opensearch-0: 02:04:48 ERROR juju.worker.meterstatus error running "meter-status-changed": charm missing from disk
unit-opensearch-1: 02:06:25 ERROR unit.opensearch/1.juju-log certificates:3: err:  / out: keytool error: java.lang.Exception: Keystore file does not exist: /var/snap/opensearch/current/etc/opensearch/certificates/ca.p12

unit-opensearch-2: 02:06:31 ERROR unit.opensearch/2.juju-log certificates:3: err:  / out: keytool error: java.lang.Exception: Keystore file does not exist: /var/snap/opensearch/current/etc/opensearch/certificates/ca.p12

unit-opensearch-0: 02:06:32 ERROR unit.opensearch/0.juju-log certificates:3: err:  / out: keytool error: java.lang.Exception: Keystore file does not exist: /var/snap/opensearch/current/etc/opensearch/certificates/ca.p12

unit-opensearch-1: 02:06:33 ERROR unit.opensearch/1.juju-log Cannot connect to the OpenSearch server...
unit-opensearch-1: 02:06:34 ERROR unit.opensearch/1.juju-log certificates:3: Cannot connect to the OpenSearch server...
unit-opensearch-1: 02:06:34 ERROR unit.opensearch/1.juju-log certificates:3: Cannot connect to the OpenSearch server...
unit-opensearch-1: 02:06:34 ERROR unit.opensearch/1.juju-log certificates:3: Cannot connect to the OpenSearch server...
unit-opensearch-0: 02:06:37 ERROR unit.opensearch/0.juju-log node-lock-fallback:1: Cannot connect to the OpenSearch server...
unit-opensearch-2: 02:06:37 ERROR unit.opensearch/2.juju-log Cannot connect to the OpenSearch server...
unit-opensearch-1: 02:06:37 ERROR unit.opensearch/1.juju-log certificates:3: Cannot connect to the OpenSearch server...
unit-opensearch-0: 02:06:38 ERROR unit.opensearch/0.juju-log Cannot connect to the OpenSearch server...
unit-opensearch-2: 02:06:38 ERROR unit.opensearch/2.juju-log Cannot connect to the OpenSearch server...
unit-opensearch-0: 02:06:38 ERROR unit.opensearch/0.juju-log Cannot connect to the OpenSearch server...
unit-opensearch-2: 02:06:39 ERROR unit.opensearch/2.juju-log Cannot connect to the OpenSearch server...
unit-opensearch-0: 02:06:39 ERROR unit.opensearch/0.juju-log opensearch-peers:0: Cannot connect to the OpenSearch server...
unit-opensearch-2: 02:06:40 ERROR unit.opensearch/2.juju-log Cannot connect to the OpenSearch server...
unit-opensearch-0: 02:06:40 ERROR unit.opensearch/0.juju-log opensearch-peers:0: Cannot connect to the OpenSearch server...
unit-opensearch-1: 02:06:40 ERROR unit.opensearch/1.juju-log certificates:3: Cannot connect to the OpenSearch server...
unit-opensearch-2: 02:06:41 ERROR unit.opensearch/2.juju-log Cannot connect to the OpenSearch server...
unit-opensearch-0: 02:06:41 ERROR unit.opensearch/0.juju-log node-lock-fallback:1: Cannot connect to the OpenSearch server...
unit-opensearch-2: 02:06:41 ERROR unit.opensearch/2.juju-log Cannot connect to the OpenSearch server...
unit-opensearch-0: 02:06:42 ERROR unit.opensearch/0.juju-log node-lock-fallback:1: Cannot connect to the OpenSearch server...
unit-opensearch-2: 02:06:42 ERROR unit.opensearch/2.juju-log opensearch-peers:0: Cannot connect to the OpenSearch server...
unit-opensearch-2: 02:06:43 ERROR unit.opensearch/2.juju-log opensearch-peers:0: Cannot connect to the OpenSearch server...
unit-opensearch-1: 02:06:43 ERROR unit.opensearch/1.juju-log certificates:3: Cannot connect to the OpenSearch server...
unit-opensearch-2: 02:06:44 ERROR unit.opensearch/2.juju-log certificates:3: Cannot connect to the OpenSearch server...
unit-opensearch-2: 02:06:46 ERROR unit.opensearch/2.juju-log Cannot connect to the OpenSearch server...
unit-opensearch-1: 02:06:47 ERROR unit.opensearch/1.juju-log certificates:3: Cannot connect to the OpenSearch server...
unit-opensearch-2: 02:06:47 ERROR unit.opensearch/2.juju-log Cannot connect to the OpenSearch server...
unit-opensearch-2: 02:06:48 ERROR unit.opensearch/2.juju-log node-lock-fallback:1: Cannot connect to the OpenSearch server...
unit-opensearch-0: 02:06:49 ERROR unit.opensearch/0.juju-log node-lock-fallback:1: Cannot connect to the OpenSearch server...
unit-opensearch-2: 02:06:49 ERROR unit.opensearch/2.juju-log Cannot connect to the OpenSearch server...
unit-opensearch-2: 02:06:50 ERROR unit.opensearch/2.juju-log Cannot connect to the OpenSearch server...
unit-opensearch-2: 02:06:50 ERROR unit.opensearch/2.juju-log certificates:3: Cannot connect to the OpenSearch server...
unit-opensearch-2: 02:06:51 ERROR unit.opensearch/2.juju-log node-lock-fallback:1: Cannot connect to the OpenSearch server...
unit-opensearch-0: 02:06:51 ERROR unit.opensearch/0.juju-log Cannot connect to the OpenSearch server...
unit-opensearch-2: 02:06:52 ERROR unit.opensearch/2.juju-log Cannot connect to the OpenSearch server...
unit-opensearch-0: 02:06:52 ERROR unit.opensearch/0.juju-log node-lock-fallback:1: Cannot connect to the OpenSearch server...
unit-opensearch-2: 02:06:53 ERROR unit.opensearch/2.juju-log certificates:3: Cannot connect to the OpenSearch server...
unit-opensearch-0: 02:06:53 ERROR unit.opensearch/0.juju-log opensearch-peers:0: Cannot connect to the OpenSearch server...
unit-opensearch-0: 02:06:54 ERROR unit.opensearch/0.juju-log opensearch-peers:0: Cannot connect to the OpenSearch server...
unit-opensearch-2: 02:06:55 ERROR unit.opensearch/2.juju-log Cannot connect to the OpenSearch server...
unit-opensearch-0: 02:06:55 ERROR unit.opensearch/0.juju-log node-lock-fallback:1: Cannot connect to the OpenSearch server...
unit-opensearch-2: 02:06:56 ERROR unit.opensearch/2.juju-log Cannot connect to the OpenSearch server...
unit-opensearch-0: 02:06:56 ERROR unit.opensearch/0.juju-log opensearch-peers:0: Cannot connect to the OpenSearch server...
unit-opensearch-2: 02:06:57 ERROR unit.opensearch/2.juju-log opensearch-peers:0: Cannot connect to the OpenSearch server...
unit-opensearch-2: 02:06:58 ERROR unit.opensearch/2.juju-log Cannot connect to the OpenSearch server...
unit-opensearch-2: 02:06:58 ERROR unit.opensearch/2.juju-log Cannot connect to the OpenSearch server...
unit-opensearch-2: 02:06:59 ERROR unit.opensearch/2.juju-log node-lock-fallback:1: Cannot connect to the OpenSearch server...
unit-opensearch-2: 02:07:00 ERROR unit.opensearch/2.juju-log node-lock-fallback:1: Cannot connect to the OpenSearch server...
unit-opensearch-2: 02:07:01 ERROR unit.opensearch/2.juju-log node-lock-fallback:1: Cannot connect to the OpenSearch server...
unit-opensearch-2: 02:07:02 ERROR unit.opensearch/2.juju-log node-lock-fallback:1: Cannot connect to the OpenSearch server...
unit-opensearch-0: 02:07:04 ERROR unit.opensearch/0.juju-log upgrade-version-a:2: Cannot connect to the OpenSearch server...
unit-opensearch-0: 02:07:05 ERROR unit.opensearch/0.juju-log node-lock-fallback:1: Cannot connect to the OpenSearch server...
unit-opensearch-0: 02:07:06 ERROR unit.opensearch/0.juju-log opensearch-peers:0: Cannot connect to the OpenSearch server...
unit-opensearch-0: 02:07:07 ERROR unit.opensearch/0.juju-log opensearch-peers:0: Cannot connect to the OpenSearch server...
unit-opensearch-0: 02:07:19 ERROR unit.opensearch/0.juju-log node-lock-fallback:1: Cannot connect to the OpenSearch server...
unit-opensearch-0: 02:07:21 ERROR unit.opensearch/0.juju-log node-lock-fallback:1: Cannot connect to the OpenSearch server...
machine-4: 02:09:28 ERROR juju.worker.dependency "kvm-container-provisioner" manifold worker returned unexpected error: container types not yet available
machine-4: 02:09:28 ERROR juju.worker.dependency "lxd-container-provisioner" manifold worker returned unexpected error: container types not yet available
unit-opensearch-3: 02:09:28 ERROR juju.worker.meterstatus error running "meter-status-changed": charm missing from disk
unit-opensearch-3: 02:11:29 ERROR unit.opensearch/3.juju-log certificates:3: err:  / out: keytool error: java.lang.Exception: Keystore file does not exist: /var/snap/opensearch/current/etc/opensearch/certificates/ca.p12

unit-opensearch-3: 02:11:37 ERROR unit.opensearch/3.juju-log Cannot connect to the OpenSearch server...
unit-opensearch-3: 02:11:40 ERROR unit.opensearch/3.juju-log Cannot connect to the OpenSearch server...

[32mINFO    [0m pytest_operator.plugin:plugin.py:947 Forgetting model main...