[32mINFO    [0m integration.tls.test_tls:test_tls.py:173 Removing application opensearch
[32mINFO    [0m integration.tls.test_tls:test_tls.py:176 Removing application self-signed-certificates
[32mINFO    [0m integration.tls.test_tls:test_tls.py:180 Deploying TLS Certificates operator
[32mINFO    [0m juju.model:model.py:2097 Deploying ch:amd64/jammy/self-signed-certificates-155
[32mINFO    [0m integration.helpers_deployments:helpers_deployments.py:329 



[32mINFO    [0m integration.helpers_deployments:helpers_deployments.py:330 Model  Controller           Cloud/Region         Version  SLA          Timestamp
test   localhost-localhost  localhost/localhost  3.5.3    unsupported  01:50:27Z

App                       Version  Status   Scale  Charm                     Channel        Rev  Exposed  Message
self-signed-certificates           waiting    0/1  self-signed-certificates  latest/stable  155  no       waiting for machine

Unit                        Workload  Agent       Machine  Public address  Ports  Message
self-signed-certificates/1  waiting   allocating  4                               waiting for machine

Machine  State    Address       Inst id        Base          AZ  Message
3        stopped  10.20.145.54  juju-b830aa-3  ubuntu@22.04      Running
4        pending                pending        ubuntu@22.04      

[32mINFO    [0m integration.helpers_deployments:helpers_deployments.py:337 


01:50:27 -- Waiting for model...
[32mINFO    [0m integration.helpers_deployments:helpers_deployments.py:261 	App: self-signed-certificates - conditions unmet.
[32mINFO    [0m integration.helpers_deployments:helpers_deployments.py:262 
[32mINFO    [0m integration.helpers_deployments:helpers_deployments.py:337 


01:50:37 -- Waiting for model...
[32mINFO    [0m integration.helpers_deployments:helpers_deployments.py:348 01:54:41 -- Waiting for model: complete.



[32mINFO    [0m integration.tls.test_tls:test_tls.py:189 Deploying OpenSearch
[32mINFO    [0m juju.model:model.py:2097 Deploying local:jammy/opensearch-1
[32mINFO    [0m integration.helpers_deployments:helpers_deployments.py:329 



[32mINFO    [0m integration.helpers_deployments:helpers_deployments.py:330 Model  Controller           Cloud/Region         Version  SLA          Timestamp
test   localhost-localhost  localhost/localhost  3.5.3    unsupported  01:54:52Z

App                       Version  Status   Scale  Charm                     Channel        Rev  Exposed  Message
opensearch                         waiting    0/1  opensearch                                 1  no       waiting for machine
self-signed-certificates           active       1  self-signed-certificates  latest/stable  155  no       

Unit                         Workload  Agent       Machine  Public address  Ports  Message
opensearch/3                 waiting   allocating  5                               waiting for machine
self-signed-certificates/1*  active    idle        4        10.20.145.188          

Machine  State    Address        Inst id        Base          AZ  Message
4        started  10.20.145.188  juju-b830aa-4  ubuntu@22.04      Running
5        pending                 pending        ubuntu@22.04      acquiring LXD image

[32mINFO    [0m integration.helpers_deployments:helpers_deployments.py:337 


01:54:52 -- Waiting for model...
[32mINFO    [0m integration.helpers_deployments:helpers_deployments.py:251 opensearch -- expected units: 1 -- current: 0
[32mINFO    [0m integration.helpers_deployments:helpers_deployments.py:337 


01:55:02 -- Waiting for model...
[32mINFO    [0m integration.helpers_deployments:helpers_deployments.py:277 	App: opensearch - Units - conditions unmet.
[32mINFO    [0m integration.helpers_deployments:helpers_deployments.py:278 
	app: opensearch waiting -- message: waiting for machine
		opensearch-3.7a4  -- (10.20.145.195) -- [allocating (since: 01:54:52)] waiting: waiting for machine

[32mINFO    [0m integration.helpers_deployments:helpers_deployments.py:337 


01:57:16 -- Waiting for model...
[32mINFO    [0m integration.helpers_deployments:helpers_deployments.py:277 	App: opensearch - Units - conditions unmet.
[32mINFO    [0m integration.helpers_deployments:helpers_deployments.py:278 
	app: opensearch maintenance -- message: Installing OpenSearch...
		opensearch-3.7a4* -- (10.20.145.195) -- [executing (since: 01:57:10)] maintenance: Installing OpenSearch...

[32mINFO    [0m integration.helpers_deployments:helpers_deployments.py:337 


01:57:27 -- Waiting for model...
[32mINFO    [0m integration.helpers_deployments:helpers_deployments.py:277 	App: opensearch - Units - conditions unmet.
[32mINFO    [0m integration.helpers_deployments:helpers_deployments.py:278 
	app: opensearch maintenance -- message: Installing OpenSearch...
		opensearch-3.7a4* -- (10.20.145.195) -- [executing (since: 01:57:10)] maintenance: Installing OpenSearch...

[32mINFO    [0m integration.helpers_deployments:helpers_deployments.py:337 


01:57:38 -- Waiting for model...
[32mINFO    [0m integration.helpers_deployments:helpers_deployments.py:277 	App: opensearch - Units - conditions unmet.
[32mINFO    [0m integration.helpers_deployments:helpers_deployments.py:278 
	app: opensearch maintenance -- message: Installing OpenSearch...
		opensearch-3.7a4* -- (10.20.145.195) -- [executing (since: 01:57:10)] maintenance: Installing OpenSearch...

[32mINFO    [0m integration.helpers_deployments:helpers_deployments.py:337 


01:57:48 -- Waiting for model...
[32mINFO    [0m integration.helpers_deployments:helpers_deployments.py:277 	App: opensearch - Units - conditions unmet.
[32mINFO    [0m integration.helpers_deployments:helpers_deployments.py:278 
	app: opensearch maintenance -- message: Installing OpenSearch...
		opensearch-3.7a4* -- (10.20.145.195) -- [executing (since: 01:57:10)] maintenance: Installing OpenSearch...

[32mINFO    [0m integration.helpers_deployments:helpers_deployments.py:337 


01:57:59 -- Waiting for model...
[32mINFO    [0m integration.helpers_deployments:helpers_deployments.py:277 	App: opensearch - Units - conditions unmet.
[32mINFO    [0m integration.helpers_deployments:helpers_deployments.py:278 
	app: opensearch maintenance -- message: Installing OpenSearch...
		opensearch-3.7a4* -- (10.20.145.195) -- [executing (since: 01:57:10)] maintenance: Installing OpenSearch...

[32mINFO    [0m integration.helpers_deployments:helpers_deployments.py:337 


01:58:10 -- Waiting for model...
[32mINFO    [0m integration.helpers_deployments:helpers_deployments.py:277 	App: opensearch - Units - conditions unmet.
[32mINFO    [0m integration.helpers_deployments:helpers_deployments.py:278 
	app: opensearch maintenance -- message: Installing OpenSearch...
		opensearch-3.7a4* -- (10.20.145.195) -- [executing (since: 01:57:10)] maintenance: Installing OpenSearch...

[32mINFO    [0m integration.helpers_deployments:helpers_deployments.py:337 


01:58:21 -- Waiting for model...
[32mINFO    [0m integration.helpers_deployments:helpers_deployments.py:277 	App: opensearch - Units - conditions unmet.
[32mINFO    [0m integration.helpers_deployments:helpers_deployments.py:278 
	app: opensearch maintenance -- message: Installing OpenSearch...
		opensearch-3.7a4* -- (10.20.145.195) -- [executing (since: 01:57:10)] maintenance: Installing OpenSearch...

[32mINFO    [0m integration.helpers_deployments:helpers_deployments.py:337 


01:58:31 -- Waiting for model...
[32mINFO    [0m integration.helpers_deployments:helpers_deployments.py:277 	App: opensearch - Units - conditions unmet.
[32mINFO    [0m integration.helpers_deployments:helpers_deployments.py:278 
	app: opensearch maintenance -- message: Installing OpenSearch...
		opensearch-3.7a4* -- (10.20.145.195) -- [executing (since: 01:57:10)] maintenance: Installing OpenSearch...

[32mINFO    [0m integration.helpers_deployments:helpers_deployments.py:337 


01:58:42 -- Waiting for model...
[32mINFO    [0m integration.helpers_deployments:helpers_deployments.py:277 	App: opensearch - Units - conditions unmet.
[32mINFO    [0m integration.helpers_deployments:helpers_deployments.py:278 
	app: opensearch maintenance -- message: Installing OpenSearch...
		opensearch-3.7a4* -- (10.20.145.195) -- [executing (since: 01:57:10)] maintenance: Installing OpenSearch...

[32mINFO    [0m integration.helpers_deployments:helpers_deployments.py:337 


01:58:53 -- Waiting for model...
[32mINFO    [0m integration.helpers_deployments:helpers_deployments.py:277 	App: opensearch - Units - conditions unmet.
[32mINFO    [0m integration.helpers_deployments:helpers_deployments.py:278 
	app: opensearch active -- message: None
		opensearch-3.7a4* -- (10.20.145.195) -- [executing (since: 01:58:53)] active: 

[32mINFO    [0m integration.helpers_deployments:helpers_deployments.py:337 


01:59:03 -- Waiting for model...
[32mINFO    [0m integration.helpers_deployments:helpers_deployments.py:277 	App: opensearch - Units - conditions unmet.
[32mINFO    [0m integration.helpers_deployments:helpers_deployments.py:278 
	app: opensearch blocked -- message: Missing TLS relation with this cluster.
		opensearch-3.7a4* -- (10.20.145.195) -- [idle (since: 01:58:59)] blocked: Missing TLS relation with this cluster.

[32mINFO    [0m integration.helpers_deployments:helpers_deployments.py:337 


01:59:14 -- Waiting for model...
[32mINFO    [0m integration.helpers_deployments:helpers_deployments.py:277 	App: opensearch - Units - conditions unmet.
[32mINFO    [0m integration.helpers_deployments:helpers_deployments.py:278 
	app: opensearch blocked -- message: Missing TLS relation with this cluster.
		opensearch-3.7a4* -- (10.20.145.195) -- [idle (since: 01:58:59)] blocked: Missing TLS relation with this cluster.

[32mINFO    [0m integration.helpers_deployments:helpers_deployments.py:337 


01:59:25 -- Waiting for model...
[32mINFO    [0m integration.helpers_deployments:helpers_deployments.py:277 	App: opensearch - Units - conditions unmet.
[32mINFO    [0m integration.helpers_deployments:helpers_deployments.py:278 
	app: opensearch blocked -- message: Missing TLS relation with this cluster.
		opensearch-3.7a4* -- (10.20.145.195) -- [idle (since: 01:58:59)] blocked: Missing TLS relation with this cluster.

[32mINFO    [0m integration.helpers_deployments:helpers_deployments.py:337 


01:59:36 -- Waiting for model...
[32mINFO    [0m integration.helpers_deployments:helpers_deployments.py:348 01:59:36 -- Waiting for model: complete.



[32mINFO    [0m integration.tls.test_tls:test_tls.py:204 Changing the expiry time of the secret carrying the certificate to 3 minutes
[32mINFO    [0m integration.tls.test_tls:test_tls.py:210 Running command: juju ssh opensearch/3 sudo sed -i 's/expire=self._get_next_secret_expiry_time\(certificate\)/expire=timedelta\(seconds=180\)/g' /var/lib/juju/agents/unit-opensearch-3/charm/lib/charms/tls_certificates_interface/v3/tls_certificates.py
[32mINFO    [0m integration.tls.test_tls:test_tls.py:214 Integrating OpenSearch with TLS Certificates operator
[32mINFO    [0m integration.helpers_deployments:helpers_deployments.py:329 



[32mINFO    [0m integration.helpers_deployments:helpers_deployments.py:330 Model  Controller           Cloud/Region         Version  SLA          Timestamp
test   localhost-localhost  localhost/localhost  3.5.3    unsupported  01:59:37Z

App                       Version  Status   Scale  Charm                     Channel        Rev  Exposed  Message
opensearch                         blocked      1  opensearch                                 1  no       Missing TLS relation with this cluster.
self-signed-certificates           active       1  self-signed-certificates  latest/stable  155  no       

Unit                         Workload  Agent      Machine  Public address  Ports  Message
opensearch/3*                blocked   executing  5        10.20.145.195          Missing TLS relation with this cluster.
self-signed-certificates/1*  active    executing  4        10.20.145.188          

Machine  State    Address        Inst id        Base          AZ  Message
4        started  10.20.145.188  juju-b830aa-4  ubuntu@22.04      Running
5        started  10.20.145.195  juju-b830aa-5  ubuntu@22.04      Running

[32mINFO    [0m integration.helpers_deployments:helpers_deployments.py:337 


01:59:37 -- Waiting for model...
[32mINFO    [0m integration.helpers_deployments:helpers_deployments.py:277 	App: opensearch - Units - conditions unmet.
[32mINFO    [0m integration.helpers_deployments:helpers_deployments.py:278 
	app: opensearch blocked -- message: Missing TLS relation with this cluster.
		opensearch-3.7a4* -- (10.20.145.195) -- [executing (since: 01:59:37)] blocked: Missing TLS relation with this cluster.

[32mINFO    [0m integration.helpers_deployments:helpers_deployments.py:337 


01:59:47 -- Waiting for model...
[32mINFO    [0m integration.helpers_deployments:helpers_deployments.py:277 	App: opensearch - Units - conditions unmet.
[32mINFO    [0m integration.helpers_deployments:helpers_deployments.py:278 
	app: opensearch maintenance -- message: Waiting for TLS to be fully configured...
		opensearch-3.7a4* -- (10.20.145.195) -- [executing (since: 01:59:37)] maintenance: Waiting for TLS to be fully configured...

[32mINFO    [0m integration.helpers_deployments:helpers_deployments.py:337 


01:59:58 -- Waiting for model...
[32mINFO    [0m integration.helpers_deployments:helpers_deployments.py:277 	App: opensearch - Units - conditions unmet.
[32mINFO    [0m integration.helpers_deployments:helpers_deployments.py:278 
	app: opensearch maintenance -- message: Waiting for TLS to be fully configured...
		opensearch-3.7a4* -- (10.20.145.195) -- [executing (since: 01:59:37)] maintenance: Waiting for TLS to be fully configured...

[32mINFO    [0m integration.helpers_deployments:helpers_deployments.py:337 


02:00:09 -- Waiting for model...
[32mINFO    [0m integration.helpers_deployments:helpers_deployments.py:277 	App: opensearch - Units - conditions unmet.
[32mINFO    [0m integration.helpers_deployments:helpers_deployments.py:278 
	app: opensearch maintenance -- message: Waiting for TLS to be fully configured...
		opensearch-3.7a4* -- (10.20.145.195) -- [executing (since: 02:00:09)] maintenance: Waiting for TLS to be fully configured...

[32mINFO    [0m integration.helpers_deployments:helpers_deployments.py:337 


02:00:19 -- Waiting for model...
[32mINFO    [0m integration.helpers_deployments:helpers_deployments.py:277 	App: opensearch - Units - conditions unmet.
[32mINFO    [0m integration.helpers_deployments:helpers_deployments.py:278 
	app: opensearch waiting -- message: Waiting for OpenSearch to start...
		opensearch-3.7a4* -- (10.20.145.195) -- [executing (since: 02:00:16)] waiting: Waiting for OpenSearch to start...

[32mINFO    [0m integration.helpers_deployments:helpers_deployments.py:337 


02:00:30 -- Waiting for model...
[32mINFO    [0m integration.helpers_deployments:helpers_deployments.py:277 	App: opensearch - Units - conditions unmet.
[32mINFO    [0m integration.helpers_deployments:helpers_deployments.py:278 
	app: opensearch waiting -- message: Waiting for OpenSearch to start...
		opensearch-3.7a4* -- (10.20.145.195) -- [executing (since: 02:00:16)] waiting: Waiting for OpenSearch to start...

[32mINFO    [0m integration.helpers_deployments:helpers_deployments.py:337 


02:00:41 -- Waiting for model...
[32mINFO    [0m integration.helpers_deployments:helpers_deployments.py:277 	App: opensearch - Units - conditions unmet.
[32mINFO    [0m integration.helpers_deployments:helpers_deployments.py:278 
	app: opensearch active -- message: None
		opensearch-3.7a4* -- (10.20.145.195) -- [executing (since: 02:00:41)] active: 

[32mINFO    [0m integration.helpers_deployments:helpers_deployments.py:337 


02:00:52 -- Waiting for model...
[32mINFO    [0m integration.helpers_deployments:helpers_deployments.py:277 	App: opensearch - Units - conditions unmet.
[32mINFO    [0m integration.helpers_deployments:helpers_deployments.py:278 
	app: opensearch active -- message: None
		opensearch-3.7a4* -- (10.20.145.195) -- [idle (since: 02:00:50)] active: 

[32mINFO    [0m integration.helpers_deployments:helpers_deployments.py:337 


02:01:02 -- Waiting for model...
[32mINFO    [0m integration.helpers_deployments:helpers_deployments.py:277 	App: opensearch - Units - conditions unmet.
[32mINFO    [0m integration.helpers_deployments:helpers_deployments.py:278 
	app: opensearch active -- message: None
		opensearch-3.7a4* -- (10.20.145.195) -- [idle (since: 02:00:50)] active: 

[32mINFO    [0m integration.helpers_deployments:helpers_deployments.py:337 


02:01:13 -- Waiting for model...
[32mINFO    [0m integration.helpers_deployments:helpers_deployments.py:277 	App: opensearch - Units - conditions unmet.
[32mINFO    [0m integration.helpers_deployments:helpers_deployments.py:278 
	app: opensearch active -- message: None
		opensearch-3.7a4* -- (10.20.145.195) -- [idle (since: 02:00:50)] active: 

[32mINFO    [0m integration.helpers_deployments:helpers_deployments.py:337 


02:01:24 -- Waiting for model...
[32mINFO    [0m integration.helpers_deployments:helpers_deployments.py:348 02:01:25 -- Waiting for model: complete.



[32mINFO    [0m integration.tls.test_tls:test_tls.py:225 Test cluster health
[32mINFO    [0m integration.helpers:helpers.py:367 Calling: GET -- https://10.20.145.195:9200/_cluster/health?wait_for_status=green&timeout=1m
[32mINFO    [0m integration.tls.test_tls:test_tls.py:237 Waiting for certificates to expire. Wait time: 4.0 minutes.
[32mINFO    [0m integration.tls.test_tls:test_tls.py:242 Test cluster health after certificate expiry
[32mINFO    [0m integration.helpers:helpers.py:367 Calling: GET -- https://10.20.145.195:9200/_cluster/health?wait_for_status=green&timeout=1m
[32mINFO    [0m integration.tls.test_tls:test_tls.py:248 Comparing certificates before and after expiry
[32mINFO    [0m integration.tls.test_tls:test_tls.py:249 Certs: {'http_certificates_list': [{'issuer_dn': 'CN=CN_CA,C=US', 'subject_dn': 'O=opensearch-umlb,CN=10.20.145.195', 'san': '[[2, juju-b830aa-5], [2, juju-b830aa-5.lxd], [2, opensearch-3.7a4], [7, 10.20.145.195], [8, 1.2.3.4.5.5]]', 'not_before': '2024-10-06T02:00:09Z', 'not_after': '2024-10-07T02:00:09Z'}], 'transport_certificates_list': [{'issuer_dn': 'CN=CN_CA,C=US', 'subject_dn': 'O=opensearch-umlb,CN=10.20.145.195', 'san': '[[2, juju-b830aa-5], [2, juju-b830aa-5.lxd], [2, opensearch-3.7a4], [7, 10.20.145.195], [8, 1.2.3.4.5.5]]', 'not_before': '2024-10-06T02:00:09Z', 'not_after': '2024-10-07T02:00:09Z'}]}, {'http_certificates_list': [{'issuer_dn': 'CN=CN_CA,C=US', 'subject_dn': 'O=opensearch-umlb,CN=10.20.145.195', 'san': '[[2, juju-b830aa-5], [2, juju-b830aa-5.lxd], [2, opensearch-3.7a4], [7, 10.20.145.195], [8, 1.2.3.4.5.5]]', 'not_before': '2024-10-06T02:04:07Z', 'not_after': '2024-10-07T02:04:07Z'}], 'transport_certificates_list': [{'issuer_dn': 'CN=CN_CA,C=US', 'subject_dn': 'O=opensearch-umlb,CN=10.20.145.195', 'san': '[[2, juju-b830aa-5], [2, juju-b830aa-5.lxd], [2, opensearch-3.7a4], [7, 10.20.145.195], [8, 1.2.3.4.5.5]]', 'not_before': '2024-10-06T02:03:51Z', 'not_after': '2024-10-07T02:03:51Z'}]}
[32mINFO    [0m pytest_operator.plugin:plugin.py:862 Model status:

Model  Controller           Cloud/Region         Version  SLA          Timestamp
test   localhost-localhost  localhost/localhost  3.5.3    unsupported  02:05:31Z

App                       Version  Status  Scale  Charm                     Channel        Rev  Exposed  Message
opensearch                         active      1  opensearch                                 1  no       
self-signed-certificates           active      1  self-signed-certificates  latest/stable  155  no       

Unit                         Workload  Agent  Machine  Public address  Ports     Message
opensearch/3*                active    idle   5        10.20.145.195   9200/tcp  
self-signed-certificates/1*  active    idle   4        10.20.145.188             

Machine  State    Address        Inst id        Base          AZ  Message
4        started  10.20.145.188  juju-b830aa-4  ubuntu@22.04      Running
5        started  10.20.145.195  juju-b830aa-5  ubuntu@22.04      Running

[32mINFO    [0m pytest_operator.plugin:plugin.py:868 Juju error logs:

machine-1: 01:41:03 ERROR juju.worker.dependency "kvm-container-provisioner" manifold worker returned unexpected error: container types not yet available
machine-1: 01:41:03 ERROR juju.worker.dependency "lxd-container-provisioner" manifold worker returned unexpected error: container types not yet available
unit-opensearch-1: 01:41:04 ERROR juju.worker.meterstatus error running "meter-status-changed": charm missing from disk
machine-3: 01:41:08 ERROR juju.worker.dependency "kvm-container-provisioner" manifold worker returned unexpected error: container types not yet available
machine-3: 01:41:08 ERROR juju.worker.dependency "lxd-container-provisioner" manifold worker returned unexpected error: container types not yet available
unit-self-signed-certificates-0: 01:41:08 ERROR juju.worker.meterstatus error running "meter-status-changed": charm missing from disk
machine-2: 01:41:10 ERROR juju.worker.dependency "lxd-container-provisioner" manifold worker returned unexpected error: container types not yet available
machine-2: 01:41:10 ERROR juju.worker.dependency "kvm-container-provisioner" manifold worker returned unexpected error: container types not yet available
unit-opensearch-2: 01:41:10 ERROR juju.worker.meterstatus error running "meter-status-changed": charm missing from disk
machine-0: 01:41:17 ERROR juju.worker.dependency "kvm-container-provisioner" manifold worker returned unexpected error: container types not yet available
machine-0: 01:41:17 ERROR juju.worker.dependency "lxd-container-provisioner" manifold worker returned unexpected error: container types not yet available
unit-opensearch-0: 01:41:17 ERROR juju.worker.meterstatus error running "meter-status-changed": charm missing from disk
unit-opensearch-1: 01:46:14 ERROR unit.opensearch/1.juju-log certificates:3: err:  / out: keytool error: java.lang.Exception: Keystore file does not exist: /var/snap/opensearch/current/etc/opensearch/certificates/ca.p12

unit-opensearch-1: 01:46:20 ERROR unit.opensearch/1.juju-log Cannot connect to the OpenSearch server...
unit-opensearch-1: 01:46:21 ERROR unit.opensearch/1.juju-log Cannot connect to the OpenSearch server...
unit-opensearch-1: 01:46:21 ERROR unit.opensearch/1.juju-log Cannot connect to the OpenSearch server...
unit-opensearch-1: 01:46:22 ERROR unit.opensearch/1.juju-log Cannot connect to the OpenSearch server...
unit-opensearch-1: 01:46:25 ERROR unit.opensearch/1.juju-log Cannot connect to the OpenSearch server...
unit-opensearch-1: 01:46:28 ERROR unit.opensearch/1.juju-log Cannot connect to the OpenSearch server...
unit-opensearch-1: 01:46:31 ERROR unit.opensearch/1.juju-log Cannot connect to the OpenSearch server...
unit-opensearch-1: 01:46:34 ERROR unit.opensearch/1.juju-log Cannot connect to the OpenSearch server...
unit-opensearch-0: 01:46:43 ERROR unit.opensearch/0.juju-log certificates:3: err:  / out: keytool error: java.lang.Exception: Keystore file does not exist: /var/snap/opensearch/current/etc/opensearch/certificates/ca.p12

unit-opensearch-2: 01:46:47 ERROR unit.opensearch/2.juju-log certificates:3: err:  / out: keytool error: java.lang.Exception: Keystore file does not exist: /var/snap/opensearch/current/etc/opensearch/certificates/ca.p12

unit-opensearch-0: 01:46:49 ERROR unit.opensearch/0.juju-log Cannot connect to the OpenSearch server...
unit-opensearch-0: 01:46:50 ERROR unit.opensearch/0.juju-log Cannot connect to the OpenSearch server...
unit-opensearch-0: 01:46:51 ERROR unit.opensearch/0.juju-log Cannot connect to the OpenSearch server...
unit-opensearch-0: 01:46:52 ERROR unit.opensearch/0.juju-log Cannot connect to the OpenSearch server...
unit-opensearch-2: 01:46:54 ERROR unit.opensearch/2.juju-log Cannot connect to the OpenSearch server...
unit-opensearch-2: 01:46:55 ERROR unit.opensearch/2.juju-log Cannot connect to the OpenSearch server...
unit-opensearch-2: 01:46:56 ERROR unit.opensearch/2.juju-log upgrade-version-a:2: Cannot connect to the OpenSearch server...
unit-opensearch-2: 01:46:57 ERROR unit.opensearch/2.juju-log node-lock-fallback:1: Cannot connect to the OpenSearch server...
unit-opensearch-2: 01:46:58 ERROR unit.opensearch/2.juju-log node-lock-fallback:1: Cannot connect to the OpenSearch server...
unit-opensearch-2: 01:47:00 ERROR unit.opensearch/2.juju-log opensearch-peers:0: Cannot connect to the OpenSearch server...
unit-opensearch-2: 01:47:01 ERROR unit.opensearch/2.juju-log opensearch-peers:0: Cannot connect to the OpenSearch server...
unit-opensearch-2: 01:47:03 ERROR unit.opensearch/2.juju-log opensearch-peers:0: Cannot connect to the OpenSearch server...
unit-opensearch-2: 01:47:09 ERROR unit.opensearch/2.juju-log Cannot connect to the OpenSearch server...
unit-opensearch-2: 01:47:12 ERROR unit.opensearch/2.juju-log opensearch-peers:0: Cannot connect to the OpenSearch server...
unit-opensearch-2: 01:47:14 ERROR unit.opensearch/2.juju-log opensearch-peers:0: Cannot connect to the OpenSearch server...
unit-opensearch-1: 01:49:01 ERROR unit.opensearch/1.juju-log certificates:3: err:  / out: keytool error: java.lang.Exception: Alias <old-ca> does not exist

unit-opensearch-0: 01:49:45 ERROR unit.opensearch/0.juju-log certificates:3: err:  / out: keytool error: java.lang.Exception: Alias <old-ca> does not exist

unit-opensearch-1: 01:50:05 ERROR unit.opensearch/1.juju-log Cannot connect to the OpenSearch server...
unit-opensearch-0: 01:50:06 ERROR unit.opensearch/0.juju-log Cannot connect to the OpenSearch server...
unit-opensearch-2: 01:50:11 ERROR unit.opensearch/2.juju-log Cannot connect to the OpenSearch server...
unit-opensearch-1: 01:50:13 ERROR unit.opensearch/1.juju-log Failed to delete voting exclusion: opensearch-1.7a4.
unit-opensearch-1: 01:50:13 ERROR unit.opensearch/1.juju-log Failed to delete shard allocation exclusion: opensearch-1.7a4.
unit-opensearch-0: 01:50:13 ERROR unit.opensearch/0.juju-log Failed to delete voting exclusion: opensearch-0.7a4.
unit-opensearch-0: 01:50:13 ERROR unit.opensearch/0.juju-log Failed to delete shard allocation exclusion: opensearch-0.7a4.
unit-opensearch-0: 01:50:14 ERROR unit.opensearch/0.juju-log certificates:3: Error reading secret: 'NoneType' object has no attribute 'get'
unit-opensearch-2: 01:50:17 ERROR unit.opensearch/2.juju-log certificates:3: Error reading secret: 'NoneType' object has no attribute 'get'
unit-opensearch-1: 01:50:19 ERROR unit.opensearch/1.juju-log certificates:3: Error reading secret: 'NoneType' object has no attribute 'get'
machine-4: 01:53:53 ERROR juju.worker.dependency "kvm-container-provisioner" manifold worker returned unexpected error: container types not yet available
machine-4: 01:53:53 ERROR juju.worker.dependency "lxd-container-provisioner" manifold worker returned unexpected error: container types not yet available
unit-self-signed-certificates-1: 01:53:53 ERROR juju.worker.meterstatus error running "meter-status-changed": charm missing from disk
machine-5: 01:57:00 ERROR juju.worker.dependency "kvm-container-provisioner" manifold worker returned unexpected error: container types not yet available
machine-5: 01:57:00 ERROR juju.worker.dependency "lxd-container-provisioner" manifold worker returned unexpected error: container types not yet available
unit-opensearch-3: 01:57:00 ERROR juju.worker.meterstatus error running "meter-status-changed": charm missing from disk
unit-opensearch-3: 02:00:11 ERROR unit.opensearch/3.juju-log certificates:7: err:  / out: keytool error: java.lang.Exception: Keystore file does not exist: /var/snap/opensearch/current/etc/opensearch/certificates/ca.p12

unit-opensearch-3: 02:00:17 ERROR unit.opensearch/3.juju-log certificates:7: Cannot connect to the OpenSearch server...
unit-opensearch-3: 02:00:18 ERROR unit.opensearch/3.juju-log certificates:7: Cannot connect to the OpenSearch server...
unit-opensearch-3: 02:00:18 ERROR unit.opensearch/3.juju-log certificates:7: Cannot connect to the OpenSearch server...
unit-opensearch-3: 02:00:21 ERROR unit.opensearch/3.juju-log certificates:7: Cannot connect to the OpenSearch server...
unit-opensearch-3: 02:00:24 ERROR unit.opensearch/3.juju-log certificates:7: Cannot connect to the OpenSearch server...
unit-opensearch-3: 02:00:27 ERROR unit.opensearch/3.juju-log certificates:7: Cannot connect to the OpenSearch server...
unit-opensearch-3: 02:00:30 ERROR unit.opensearch/3.juju-log certificates:7: Cannot connect to the OpenSearch server...
unit-opensearch-3: 02:04:11 ERROR unit.opensearch/3.juju-log certificates:7: err:  / out: keytool error: java.lang.Exception: Alias <old-ca> does not exist

unit-opensearch-3: 02:04:12 ERROR unit.opensearch/3.juju-log certificates:7: err:  / out: keytool error: java.lang.Exception: Alias <old-ca> does not exist


[32mINFO    [0m pytest_operator.plugin:plugin.py:947 Forgetting model main...