[32mINFO    [0m root:test_backups.py:561 Destroying the application
[32mINFO    [0m root:test_backups.py:569 Deploying a new cluster
[32mINFO    [0m juju.model:model.py:2098 Deploying ch:amd64/jammy/self-signed-certificates-155
[32mINFO    [0m juju.model:model.py:2098 Deploying ch:amd64/jammy/s3-integrator-31
[32mINFO    [0m juju.model:model.py:2098 Deploying local:jammy/opensearch-1
[32mINFO    [0m juju.model:model.py:2972 Waiting for model:
  self-signed-certificates/1 [allocating] waiting: waiting for machine
  opensearch/3 [allocating] waiting: waiting for machine
  opensearch/4 [allocating] waiting: waiting for machine
  opensearch/5 [allocating] waiting: waiting for machine
[32mINFO    [0m juju.model:model.py:2972 Waiting for model:
  self-signed-certificates/1 [allocating] waiting: waiting for machine
  opensearch/3 [allocating] waiting: waiting for machine
  opensearch/4 [allocating] waiting: waiting for machine
  opensearch/5 [allocating] waiting: waiting for machine
[32mINFO    [0m juju.model:model.py:2972 Waiting for model:
  self-signed-certificates/1 [allocating] waiting: waiting for machine
  opensearch/3 [allocating] waiting: waiting for machine
  opensearch/4 [allocating] waiting: waiting for machine
  opensearch/5 [allocating] waiting: waiting for machine
[32mINFO    [0m juju.model:model.py:2972 Waiting for model:
  self-signed-certificates/1 [allocating] waiting: waiting for machine
  opensearch/3 [allocating] waiting: waiting for machine
  opensearch/4 [allocating] waiting: waiting for machine
  opensearch/5 [allocating] waiting: waiting for machine
[32mINFO    [0m juju.model:model.py:2972 Waiting for model:
  self-signed-certificates/1 [allocating] waiting: waiting for machine
  opensearch/3 [allocating] waiting: waiting for machine
  opensearch/4 [allocating] waiting: waiting for machine
  opensearch/5 [allocating] waiting: waiting for machine
[32mINFO    [0m juju.model:model.py:2972 Waiting for model:
  self-signed-certificates/1 [allocating] waiting: agent initialising
  opensearch/3 [allocating] waiting: waiting for machine
  opensearch/4 [allocating] waiting: waiting for machine
  opensearch/5 [allocating] waiting: waiting for machine
[32mINFO    [0m juju.model:model.py:2972 Waiting for model:
  self-signed-certificates/1 [idle] active: 
  opensearch/3 [executing] maintenance: Installing OpenSearch...
  opensearch/4 [executing] maintenance: installing charm software
  opensearch/5 [executing] waiting: agent initialising
[32mINFO    [0m juju.model:model.py:2972 Waiting for model:
  self-signed-certificates/1 [idle] active: 
  opensearch/3 [executing] maintenance: Installing OpenSearch...
  opensearch/4 [executing] maintenance: Installing OpenSearch...
  opensearch/5 [executing] maintenance: Installing OpenSearch...
[32mINFO    [0m juju.model:model.py:2972 Waiting for model:
  opensearch/3 [executing] maintenance: Installing OpenSearch...
  opensearch/4 [executing] maintenance: Installing OpenSearch...
  opensearch/5 [executing] maintenance: Installing OpenSearch...
[32mINFO    [0m juju.model:model.py:2972 Waiting for model:
  opensearch/3 [executing] maintenance: Installing OpenSearch...
  opensearch/4 [executing] maintenance: Installing OpenSearch...
  opensearch/5 [executing] maintenance: Installing OpenSearch...
[32mINFO    [0m juju.model:model.py:2972 Waiting for model:
  opensearch/3 [executing] maintenance: Installing OpenSearch...
  opensearch/4 [executing] maintenance: Installing OpenSearch...
  opensearch/5 [executing] maintenance: Installing OpenSearch...
[32mINFO    [0m juju.model:model.py:2972 Waiting for model:
  self-signed-certificates/1 [idle] active: 
  opensearch/3 [executing] active: 
  opensearch/4 [executing] active: 
  opensearch/5 [executing] active: 
[32mINFO    [0m juju.model:model.py:2972 Waiting for model:
  self-signed-certificates/1 [idle] active: 
  opensearch/3 [executing] waiting: Waiting for OpenSearch to start...
  opensearch/4 [executing] waiting: Requesting lock on operation: start
  opensearch/5 [executing] waiting: Requesting lock on operation: start
[32mINFO    [0m juju.model:model.py:2972 Waiting for model:
  self-signed-certificates/1 [idle] active: 
  opensearch/3 [executing] maintenance: Initializing the security index...
  opensearch/4 [executing] waiting: Requesting lock on operation: start
  opensearch/5 [executing] waiting: Requesting lock on operation: start
[32mINFO    [0m juju.model:model.py:2972 Waiting for model:
  opensearch/3 [executing] active: 
  opensearch/4 [executing] waiting: Waiting for OpenSearch to start...
  opensearch/5 [executing] waiting: Waiting for OpenSearch to start...
[32mINFO    [0m juju.model:model.py:2972 Waiting for model:
  opensearch/3 [executing] active: 
  opensearch/4 [executing] active: 
  opensearch/5 [idle] active: 
[32mINFO    [0m juju.model:model.py:2972 Waiting for model:
  opensearch/3 [idle] active: 
  opensearch/4 [idle] active: 
  opensearch/5 [idle] active: 
[32mINFO    [0m juju.model:model.py:2972 Waiting for model:
  opensearch/3 [idle] active: 
  opensearch/4 [idle] active: 
  opensearch/5 [idle] active: 
[32mINFO    [0m integration.ha.test_backups:test_backups.py:597 Syncing credentials for microceph
[32mINFO    [0m juju.model:model.py:2972 Waiting for model:
  opensearch/3 [executing] active: 
  opensearch/4 [executing] active: 
  opensearch/5 [executing] active: 
  s3-integrator/1 [idle] active: 
[32mINFO    [0m integration.helpers:helpers.py:347 Calling: GET -- https://10.95.177.185:9200/_recovery?human
[32mINFO    [0m integration.helpers:helpers.py:347 Calling: POST -- https://10.95.177.185:9200/series_index/_refresh
[32mINFO    [0m integration.helpers:helpers.py:347 Calling: GET -- https://10.95.177.185:9200/series_index/_count
[32mINFO    [0m integration.helpers:helpers.py:347 Calling: POST -- https://10.95.177.185:9200/series_index/_refresh
[32mINFO    [0m integration.helpers:helpers.py:347 Calling: GET -- https://10.95.177.185:9200/series_index/_count
[32mINFO    [0m integration.ha.helpers:helpers.py:533 Index series_index has 139 documents, starting there
[32mINFO    [0m integration.ha.helpers:helpers.py:247 Continuous writes result: namespace(max_stored_id=275, count=276, last_expected_id=275)
[32mINFO    [0m integration.helpers:helpers.py:347 Calling: GET -- https://10.95.177.185:9200/series_index/_search_shards
[32mINFO    [0m integration.helpers:helpers.py:347 Calling: GET -- https://10.95.177.185:9200/_recovery?human
[32mINFO    [0m integration.helpers:helpers.py:347 Calling: POST -- https://10.95.177.185:9200/series_index/_refresh
[32mINFO    [0m integration.helpers:helpers.py:347 Calling: GET -- https://10.95.177.185:9200/series_index/_count
[32mINFO    [0m integration.helpers:helpers.py:347 Calling: POST -- https://10.95.177.185:9200/series_index/_refresh
[32mINFO    [0m integration.helpers:helpers.py:347 Calling: GET -- https://10.95.177.185:9200/series_index/_count
[32mINFO    [0m integration.ha.helpers:helpers.py:533 Index series_index has 304 documents, starting there
[32mINFO    [0m integration.ha.helpers:helpers.py:247 Continuous writes result: namespace(max_stored_id=443, count=444, last_expected_id=443)
[32mINFO    [0m integration.helpers:helpers.py:347 Calling: GET -- https://10.95.177.185:9200/series_index/_search_shards
[32mINFO    [0m integration.ha.test_backups:test_backups.py:617 Final stage of DR test: try a backup & restore with continuous writes
[32mINFO    [0m integration.helpers:helpers.py:347 Calling: GET -- https://10.95.177.185:9200/_recovery?human
[32mINFO    [0m integration.ha.helpers:helpers.py:247 Continuous writes result: namespace(max_stored_id=148, count=149, last_expected_id=148)
[32mINFO    [0m integration.helpers:helpers.py:347 Calling: GET -- https://10.95.177.185:9200/series_index/_search_shards
[32mINFO    [0m integration.helpers:helpers.py:347 Calling: POST -- https://10.95.177.185:9200/series_index/_refresh
[32mINFO    [0m integration.helpers:helpers.py:347 Calling: GET -- https://10.95.177.185:9200/series_index/_count
[32mINFO    [0m integration.helpers:helpers.py:347 Calling: GET -- https://10.95.177.185:9200/_recovery?human
[32mINFO    [0m integration.helpers:helpers.py:347 Calling: POST -- https://10.95.177.185:9200/series_index/_refresh
[32mINFO    [0m integration.helpers:helpers.py:347 Calling: GET -- https://10.95.177.185:9200/series_index/_count
[32mINFO    [0m integration.ha.helpers:helpers.py:591 Testing restore for series_index - original count pre-restore: 149, and now, new count: 113
[32mINFO    [0m pytest_operator.plugin:plugin.py:862 Model status:

Model  Controller           Cloud/Region         Version  SLA          Timestamp
test   localhost-localhost  localhost/localhost  3.4.4    unsupported  02:42:15Z

App                       Version  Status  Scale  Charm                     Channel        Rev  Exposed  Message
opensearch                         active      3  opensearch                                 1  no       
s3-integrator                      active      1  s3-integrator             latest/edge     31  no       
self-signed-certificates           active      1  self-signed-certificates  latest/stable  155  no       

Unit                         Workload  Agent  Machine  Public address  Ports     Message
opensearch/3*                active    idle   7        10.95.177.185   9200/tcp  
opensearch/4                 active    idle   8        10.95.177.253   9200/tcp  
opensearch/5                 active    idle   9        10.95.177.91    9200/tcp  
s3-integrator/1*             active    idle   6        10.95.177.56              
self-signed-certificates/1*  active    idle   5        10.95.177.195             

Machine  State    Address        Inst id        Base          AZ  Message
5        started  10.95.177.195  juju-a32f19-5  ubuntu@22.04      Running
6        started  10.95.177.56   juju-a32f19-6  ubuntu@22.04      Running
7        started  10.95.177.185  juju-a32f19-7  ubuntu@22.04      Running
8        started  10.95.177.253  juju-a32f19-8  ubuntu@22.04      Running
9        started  10.95.177.91   juju-a32f19-9  ubuntu@22.04      Running

[32mINFO    [0m pytest_operator.plugin:plugin.py:868 Juju error logs:

machine-1: 02:08:49 ERROR juju.worker.dependency "lxd-container-provisioner" manifold worker returned unexpected error: container types not yet available
machine-1: 02:08:49 ERROR juju.worker.dependency "kvm-container-provisioner" manifold worker returned unexpected error: container types not yet available
unit-s3-integrator-0: 02:08:50 ERROR juju.worker.meterstatus error running "meter-status-changed": charm missing from disk
machine-0: 02:08:50 ERROR juju.worker.dependency "kvm-container-provisioner" manifold worker returned unexpected error: container types not yet available
machine-0: 02:08:50 ERROR juju.worker.dependency "lxd-container-provisioner" manifold worker returned unexpected error: container types not yet available
unit-self-signed-certificates-0: 02:08:50 ERROR juju.worker.meterstatus error running "meter-status-changed": charm missing from disk
machine-3: 02:09:07 ERROR juju.worker.dependency "lxd-container-provisioner" manifold worker returned unexpected error: container types not yet available
machine-3: 02:09:07 ERROR juju.worker.dependency "kvm-container-provisioner" manifold worker returned unexpected error: container types not yet available
unit-opensearch-1: 02:09:07 ERROR juju.worker.meterstatus error running "meter-status-changed": charm missing from disk
machine-4: 02:09:12 ERROR juju.worker.dependency "kvm-container-provisioner" manifold worker returned unexpected error: container types not yet available
machine-4: 02:09:12 ERROR juju.worker.dependency "lxd-container-provisioner" manifold worker returned unexpected error: container types not yet available
unit-opensearch-2: 02:09:13 ERROR juju.worker.meterstatus error running "meter-status-changed": charm missing from disk
machine-2: 02:09:13 ERROR juju.worker.dependency "lxd-container-provisioner" manifold worker returned unexpected error: container types not yet available
machine-2: 02:09:13 ERROR juju.worker.dependency "kvm-container-provisioner" manifold worker returned unexpected error: container types not yet available
unit-opensearch-0: 02:09:13 ERROR juju.worker.meterstatus error running "meter-status-changed": charm missing from disk
unit-opensearch-2: 02:13:04 ERROR unit.opensearch/2.juju-log [Errno 111] Connection refused
unit-opensearch-2: 02:13:05 ERROR unit.opensearch/2.juju-log certificates:4: [Errno 111] Connection refused
unit-opensearch-0: 02:13:06 ERROR unit.opensearch/0.juju-log [Errno 111] Connection refused
unit-opensearch-2: 02:13:06 ERROR unit.opensearch/2.juju-log upgrade-version-a:3: [Errno 111] Connection refused
unit-opensearch-0: 02:13:07 ERROR unit.opensearch/0.juju-log node-lock-fallback:2: [Errno 111] Connection refused
unit-opensearch-2: 02:13:07 ERROR unit.opensearch/2.juju-log node-lock-fallback:2: [Errno 111] Connection refused
unit-opensearch-0: 02:13:07 ERROR unit.opensearch/0.juju-log certificates:4: [Errno 111] Connection refused
unit-opensearch-0: 02:13:08 ERROR unit.opensearch/0.juju-log certificates:4: CA cert not found, quitting.
unit-opensearch-0: 02:13:08 ERROR unit.opensearch/0.juju-log certificates:4: CA cert not found, quitting.
unit-opensearch-2: 02:13:08 ERROR unit.opensearch/2.juju-log certificates:4: [Errno 111] Connection refused
unit-opensearch-2: 02:13:08 ERROR unit.opensearch/2.juju-log certificates:4: CA cert not found, quitting.
unit-opensearch-2: 02:13:08 ERROR unit.opensearch/2.juju-log certificates:4: CA cert not found, quitting.
unit-opensearch-0: 02:13:09 ERROR unit.opensearch/0.juju-log [Errno 111] Connection refused
unit-opensearch-0: 02:13:09 ERROR unit.opensearch/0.juju-log CA cert not found, quitting.
unit-opensearch-0: 02:13:09 ERROR unit.opensearch/0.juju-log CA cert not found, quitting.
unit-opensearch-2: 02:13:09 ERROR unit.opensearch/2.juju-log [Errno 111] Connection refused
unit-opensearch-2: 02:13:09 ERROR unit.opensearch/2.juju-log CA cert not found, quitting.
unit-opensearch-2: 02:13:09 ERROR unit.opensearch/2.juju-log CA cert not found, quitting.
unit-opensearch-0: 02:13:10 ERROR unit.opensearch/0.juju-log [Errno 111] Connection refused
unit-opensearch-0: 02:13:10 ERROR unit.opensearch/0.juju-log CA cert not found, quitting.
unit-opensearch-0: 02:13:10 ERROR unit.opensearch/0.juju-log CA cert not found, quitting.
unit-opensearch-2: 02:13:10 ERROR unit.opensearch/2.juju-log [Errno 111] Connection refused
unit-opensearch-1: 02:13:11 ERROR unit.opensearch/1.juju-log [Errno 111] Connection refused
unit-opensearch-2: 02:13:11 ERROR unit.opensearch/2.juju-log CA cert not found, quitting.
unit-opensearch-2: 02:13:11 ERROR unit.opensearch/2.juju-log CA cert not found, quitting.
unit-opensearch-0: 02:13:11 ERROR unit.opensearch/0.juju-log [Errno 111] Connection refused
unit-opensearch-1: 02:13:12 ERROR unit.opensearch/1.juju-log certificates:4: [Errno 111] Connection refused
unit-opensearch-2: 02:13:12 ERROR unit.opensearch/2.juju-log [Errno 111] Connection refused
unit-opensearch-1: 02:13:14 ERROR unit.opensearch/1.juju-log upgrade-version-a:3: [Errno 111] Connection refused
unit-opensearch-1: 02:13:16 ERROR unit.opensearch/1.juju-log upgrade-version-a:3: [Errno 111] Connection refused
unit-opensearch-0: 02:13:17 ERROR unit.opensearch/0.juju-log [Errno 111] Connection refused
unit-opensearch-1: 02:13:17 ERROR unit.opensearch/1.juju-log node-lock-fallback:2: [Errno 111] Connection refused
unit-opensearch-2: 02:13:17 ERROR unit.opensearch/2.juju-log [Errno 111] Connection refused
unit-opensearch-0: 02:13:18 ERROR unit.opensearch/0.juju-log [Errno 111] Connection refused
unit-opensearch-2: 02:13:18 ERROR unit.opensearch/2.juju-log [Errno 111] Connection refused
unit-opensearch-1: 02:13:18 ERROR unit.opensearch/1.juju-log upgrade-version-a:3: [Errno 111] Connection refused
unit-opensearch-2: 02:13:19 ERROR unit.opensearch/2.juju-log [Errno 111] Connection refused
unit-opensearch-0: 02:13:19 ERROR unit.opensearch/0.juju-log [Errno 111] Connection refused
unit-opensearch-1: 02:13:19 ERROR unit.opensearch/1.juju-log upgrade-version-a:3: [Errno 111] Connection refused
unit-opensearch-2: 02:13:20 ERROR unit.opensearch/2.juju-log [Errno 111] Connection refused
unit-opensearch-0: 02:13:20 ERROR unit.opensearch/0.juju-log [Errno 111] Connection refused
unit-opensearch-1: 02:13:20 ERROR unit.opensearch/1.juju-log opensearch-peers:1: [Errno 111] Connection refused
unit-opensearch-1: 02:13:20 ERROR unit.opensearch/1.juju-log opensearch-peers:1: [Errno 111] Connection refused
unit-opensearch-1: 02:13:20 ERROR unit.opensearch/1.juju-log opensearch-peers:1: [Errno 111] Connection refused
unit-opensearch-1: 02:13:20 ERROR unit.opensearch/1.juju-log opensearch-peers:1: [Errno 111] Connection refused
unit-opensearch-2: 02:13:20 ERROR unit.opensearch/2.juju-log [Errno 111] Connection refused
unit-opensearch-0: 02:13:21 ERROR unit.opensearch/0.juju-log [Errno 111] Connection refused
unit-opensearch-1: 02:13:21 ERROR unit.opensearch/1.juju-log certificates:4: [Errno 111] Connection refused
unit-opensearch-2: 02:13:21 ERROR unit.opensearch/2.juju-log [Errno 111] Connection refused
unit-opensearch-0: 02:13:21 ERROR unit.opensearch/0.juju-log [Errno 111] Connection refused
unit-opensearch-0: 02:13:23 ERROR unit.opensearch/0.juju-log [Errno 111] Connection refused
unit-opensearch-2: 02:13:23 ERROR unit.opensearch/2.juju-log [Errno 111] Connection refused
unit-opensearch-0: 02:13:24 ERROR unit.opensearch/0.juju-log [Errno 111] Connection refused
unit-opensearch-2: 02:13:24 ERROR unit.opensearch/2.juju-log [Errno 111] Connection refused
unit-opensearch-1: 02:13:24 ERROR unit.opensearch/1.juju-log [Errno 111] Connection refused
unit-opensearch-0: 02:13:25 ERROR unit.opensearch/0.juju-log [Errno 111] Connection refused
unit-opensearch-2: 02:13:25 ERROR unit.opensearch/2.juju-log [Errno 111] Connection refused
unit-opensearch-1: 02:13:26 ERROR unit.opensearch/1.juju-log [Errno 111] Connection refused
unit-opensearch-0: 02:13:26 ERROR unit.opensearch/0.juju-log [Errno 111] Connection refused
unit-opensearch-2: 02:13:26 ERROR unit.opensearch/2.juju-log [Errno 111] Connection refused
unit-opensearch-0: 02:13:26 ERROR unit.opensearch/0.juju-log [Errno 111] Connection refused
unit-opensearch-0: 02:13:26 ERROR unit.opensearch/0.juju-log Cannot connect to the OpenSearch server...
unit-opensearch-2: 02:13:26 ERROR unit.opensearch/2.juju-log [Errno 111] Connection refused
unit-opensearch-0: 02:13:26 ERROR unit.opensearch/0.juju-log [Errno 111] Connection refused
unit-opensearch-2: 02:13:26 ERROR unit.opensearch/2.juju-log Cannot connect to the OpenSearch server...
unit-opensearch-2: 02:13:26 ERROR unit.opensearch/2.juju-log [Errno 111] Connection refused
unit-opensearch-1: 02:13:27 ERROR unit.opensearch/1.juju-log [Errno 111] Connection refused
unit-opensearch-0: 02:13:27 ERROR unit.opensearch/0.juju-log [Errno 111] Connection refused
unit-opensearch-2: 02:13:27 ERROR unit.opensearch/2.juju-log [Errno 111] Connection refused
unit-opensearch-0: 02:13:27 ERROR unit.opensearch/0.juju-log Cannot connect to the OpenSearch server...
unit-opensearch-2: 02:13:27 ERROR unit.opensearch/2.juju-log Cannot connect to the OpenSearch server...
unit-opensearch-0: 02:13:27 ERROR unit.opensearch/0.juju-log [Errno 111] Connection refused
unit-opensearch-2: 02:13:27 ERROR unit.opensearch/2.juju-log [Errno 111] Connection refused
unit-opensearch-1: 02:13:28 ERROR unit.opensearch/1.juju-log [Errno 111] Connection refused
unit-opensearch-1: 02:13:28 ERROR unit.opensearch/1.juju-log [Errno 111] Connection refused
unit-opensearch-1: 02:13:28 ERROR unit.opensearch/1.juju-log Cannot connect to the OpenSearch server...
unit-opensearch-1: 02:13:28 ERROR unit.opensearch/1.juju-log [Errno 111] Connection refused
unit-opensearch-0: 02:13:28 ERROR unit.opensearch/0.juju-log certificates:4: [Errno 111] Connection refused
unit-opensearch-0: 02:13:28 ERROR unit.opensearch/0.juju-log certificates:4: Cannot connect to the OpenSearch server...
unit-opensearch-0: 02:13:28 ERROR unit.opensearch/0.juju-log certificates:4: [Errno 111] Connection refused
unit-opensearch-2: 02:13:28 ERROR unit.opensearch/2.juju-log upgrade-version-a:3: [Errno 111] Connection refused
unit-opensearch-2: 02:13:28 ERROR unit.opensearch/2.juju-log upgrade-version-a:3: Cannot connect to the OpenSearch server...
unit-opensearch-2: 02:13:28 ERROR unit.opensearch/2.juju-log upgrade-version-a:3: [Errno 111] Connection refused
unit-opensearch-1: 02:13:29 ERROR unit.opensearch/1.juju-log [Errno 111] Connection refused
unit-opensearch-1: 02:13:29 ERROR unit.opensearch/1.juju-log Cannot connect to the OpenSearch server...
unit-opensearch-1: 02:13:29 ERROR unit.opensearch/1.juju-log [Errno 111] Connection refused
unit-opensearch-2: 02:13:29 ERROR unit.opensearch/2.juju-log certificates:4: [Errno 111] Connection refused
unit-opensearch-2: 02:13:29 ERROR unit.opensearch/2.juju-log certificates:4: Cannot connect to the OpenSearch server...
unit-opensearch-2: 02:13:29 ERROR unit.opensearch/2.juju-log certificates:4: [Errno 111] Connection refused
unit-opensearch-1: 02:13:29 ERROR unit.opensearch/1.juju-log [Errno 111] Connection refused
unit-opensearch-1: 02:13:29 ERROR unit.opensearch/1.juju-log Cannot connect to the OpenSearch server...
unit-opensearch-1: 02:13:30 ERROR unit.opensearch/1.juju-log [Errno 111] Connection refused
unit-opensearch-1: 02:13:30 ERROR unit.opensearch/1.juju-log Cannot connect to the OpenSearch server...
unit-opensearch-0: 02:13:30 ERROR unit.opensearch/0.juju-log [Errno 111] Connection refused
unit-opensearch-0: 02:13:30 ERROR unit.opensearch/0.juju-log Cannot connect to the OpenSearch server...
unit-opensearch-0: 02:13:30 ERROR unit.opensearch/0.juju-log [Errno 111] Connection refused
unit-opensearch-1: 02:13:33 ERROR unit.opensearch/1.juju-log [Errno 111] Connection refused
unit-opensearch-1: 02:13:33 ERROR unit.opensearch/1.juju-log Cannot connect to the OpenSearch server...
unit-opensearch-0: 02:13:34 ERROR unit.opensearch/0.juju-log [Errno 111] Connection refused
unit-opensearch-0: 02:13:34 ERROR unit.opensearch/0.juju-log Cannot connect to the OpenSearch server...
unit-opensearch-2: 02:13:35 ERROR unit.opensearch/2.juju-log [Errno 111] Connection refused
unit-opensearch-0: 02:13:35 ERROR unit.opensearch/0.juju-log [Errno 111] Connection refused
unit-opensearch-2: 02:13:35 ERROR unit.opensearch/2.juju-log Cannot connect to the OpenSearch server...
unit-opensearch-2: 02:13:35 ERROR unit.opensearch/2.juju-log [Errno 111] Connection refused
unit-opensearch-1: 02:13:36 ERROR unit.opensearch/1.juju-log [Errno 111] Connection refused
unit-opensearch-1: 02:13:36 ERROR unit.opensearch/1.juju-log Cannot connect to the OpenSearch server...
unit-opensearch-1: 02:13:40 ERROR unit.opensearch/1.juju-log [Errno 111] Connection refused
unit-opensearch-1: 02:13:40 ERROR unit.opensearch/1.juju-log Cannot connect to the OpenSearch server...
unit-opensearch-1: 02:13:43 ERROR unit.opensearch/1.juju-log [Errno 111] Connection refused
unit-opensearch-1: 02:13:43 ERROR unit.opensearch/1.juju-log Cannot connect to the OpenSearch server...
unit-opensearch-0: 02:13:44 ERROR unit.opensearch/0.juju-log [Errno 111] Connection refused
unit-opensearch-0: 02:13:44 ERROR unit.opensearch/0.juju-log Cannot connect to the OpenSearch server...
unit-opensearch-2: 02:13:45 ERROR unit.opensearch/2.juju-log [Errno 111] Connection refused
unit-opensearch-0: 02:13:45 ERROR unit.opensearch/0.juju-log [Errno 111] Connection refused
unit-opensearch-2: 02:13:45 ERROR unit.opensearch/2.juju-log Cannot connect to the OpenSearch server...
unit-opensearch-2: 02:13:45 ERROR unit.opensearch/2.juju-log [Errno 111] Connection refused
unit-opensearch-1: 02:13:46 ERROR unit.opensearch/1.juju-log [Errno 111] Connection refused
unit-opensearch-1: 02:13:46 ERROR unit.opensearch/1.juju-log Cannot connect to the OpenSearch server...
unit-opensearch-0: 02:13:49 ERROR unit.opensearch/0.juju-log [Errno 111] Connection refused
unit-opensearch-0: 02:13:49 ERROR unit.opensearch/0.juju-log Cannot connect to the OpenSearch server...
unit-opensearch-0: 02:13:49 ERROR unit.opensearch/0.juju-log [Errno 111] Connection refused
unit-opensearch-1: 02:13:49 ERROR unit.opensearch/1.juju-log [Errno 111] Connection refused
unit-opensearch-1: 02:13:49 ERROR unit.opensearch/1.juju-log Cannot connect to the OpenSearch server...
unit-opensearch-2: 02:13:50 ERROR unit.opensearch/2.juju-log [Errno 111] Connection refused
unit-opensearch-2: 02:13:50 ERROR unit.opensearch/2.juju-log Cannot connect to the OpenSearch server...
unit-opensearch-2: 02:13:50 ERROR unit.opensearch/2.juju-log [Errno 111] Connection refused
unit-opensearch-0: 02:13:50 ERROR unit.opensearch/0.juju-log node-lock-fallback:2: [Errno 111] Connection refused
unit-opensearch-0: 02:13:50 ERROR unit.opensearch/0.juju-log node-lock-fallback:2: Cannot connect to the OpenSearch server...
unit-opensearch-0: 02:13:51 ERROR unit.opensearch/0.juju-log node-lock-fallback:2: [Errno 111] Connection refused
unit-opensearch-2: 02:13:51 ERROR unit.opensearch/2.juju-log [Errno 111] Connection refused
unit-opensearch-2: 02:13:51 ERROR unit.opensearch/2.juju-log Cannot connect to the OpenSearch server...
unit-opensearch-2: 02:13:51 ERROR unit.opensearch/2.juju-log [Errno 111] Connection refused
unit-opensearch-0: 02:13:52 ERROR unit.opensearch/0.juju-log certificates:4: [Errno 111] Connection refused
unit-opensearch-0: 02:13:52 ERROR unit.opensearch/0.juju-log certificates:4: Cannot connect to the OpenSearch server...
unit-opensearch-0: 02:13:52 ERROR unit.opensearch/0.juju-log certificates:4: [Errno 111] Connection refused
unit-opensearch-2: 02:13:52 ERROR unit.opensearch/2.juju-log upgrade-version-a:3: [Errno 111] Connection refused
unit-opensearch-2: 02:13:52 ERROR unit.opensearch/2.juju-log upgrade-version-a:3: Cannot connect to the OpenSearch server...
unit-opensearch-2: 02:13:52 ERROR unit.opensearch/2.juju-log upgrade-version-a:3: [Errno 111] Connection refused
unit-opensearch-1: 02:13:52 ERROR unit.opensearch/1.juju-log [Errno 111] Connection refused
unit-opensearch-1: 02:13:52 ERROR unit.opensearch/1.juju-log Cannot connect to the OpenSearch server...
unit-opensearch-0: 02:13:53 ERROR unit.opensearch/0.juju-log certificates:4: [Errno 111] Connection refused
unit-opensearch-0: 02:13:53 ERROR unit.opensearch/0.juju-log certificates:4: Cannot connect to the OpenSearch server...
unit-opensearch-0: 02:13:53 ERROR unit.opensearch/0.juju-log certificates:4: [Errno 111] Connection refused
unit-opensearch-2: 02:13:54 ERROR unit.opensearch/2.juju-log upgrade-version-a:3: [Errno 111] Connection refused
unit-opensearch-2: 02:13:54 ERROR unit.opensearch/2.juju-log upgrade-version-a:3: Cannot connect to the OpenSearch server...
unit-opensearch-2: 02:13:55 ERROR unit.opensearch/2.juju-log upgrade-version-a:3: [Errno 111] Connection refused
unit-opensearch-1: 02:13:56 ERROR unit.opensearch/1.juju-log [Errno 111] Connection refused
unit-opensearch-1: 02:13:56 ERROR unit.opensearch/1.juju-log Cannot connect to the OpenSearch server...
unit-opensearch-2: 02:13:56 ERROR unit.opensearch/2.juju-log opensearch-peers:1: [Errno 111] Connection refused
unit-opensearch-2: 02:13:56 ERROR unit.opensearch/2.juju-log opensearch-peers:1: Cannot connect to the OpenSearch server...
unit-opensearch-2: 02:13:56 ERROR unit.opensearch/2.juju-log opensearch-peers:1: [Errno 111] Connection refused
unit-opensearch-0: 02:13:56 ERROR unit.opensearch/0.juju-log [Errno 111] Connection refused
unit-opensearch-0: 02:13:56 ERROR unit.opensearch/0.juju-log Cannot connect to the OpenSearch server...
unit-opensearch-0: 02:13:56 ERROR unit.opensearch/0.juju-log [Errno 111] Connection refused
unit-opensearch-2: 02:13:56 ERROR unit.opensearch/2.juju-log opensearch-peers:1: [Errno 111] Connection refused
unit-opensearch-0: 02:13:58 ERROR unit.opensearch/0.juju-log [Errno 111] Connection refused
unit-opensearch-0: 02:13:58 ERROR unit.opensearch/0.juju-log Cannot connect to the OpenSearch server...
unit-opensearch-0: 02:13:58 ERROR unit.opensearch/0.juju-log [Errno 111] Connection refused
unit-opensearch-2: 02:13:58 ERROR unit.opensearch/2.juju-log certificates:4: [Errno 111] Connection refused
unit-opensearch-2: 02:13:58 ERROR unit.opensearch/2.juju-log certificates:4: Cannot connect to the OpenSearch server...
unit-opensearch-2: 02:13:58 ERROR unit.opensearch/2.juju-log certificates:4: [Errno 111] Connection refused
unit-opensearch-1: 02:13:59 ERROR unit.opensearch/1.juju-log [Errno 111] Connection refused
unit-opensearch-1: 02:13:59 ERROR unit.opensearch/1.juju-log Cannot connect to the OpenSearch server...
unit-opensearch-0: 02:14:00 ERROR unit.opensearch/0.juju-log [Errno 111] Connection refused
unit-opensearch-0: 02:14:00 ERROR unit.opensearch/0.juju-log Cannot connect to the OpenSearch server...
unit-opensearch-0: 02:14:00 ERROR unit.opensearch/0.juju-log [Errno 111] Connection refused
unit-opensearch-2: 02:14:00 ERROR unit.opensearch/2.juju-log opensearch-peers:1: [Errno 111] Connection refused
unit-opensearch-2: 02:14:00 ERROR unit.opensearch/2.juju-log opensearch-peers:1: Cannot connect to the OpenSearch server...
unit-opensearch-2: 02:14:00 ERROR unit.opensearch/2.juju-log opensearch-peers:1: [Errno 111] Connection refused
unit-opensearch-2: 02:14:00 ERROR unit.opensearch/2.juju-log opensearch-peers:1: [Errno 111] Connection refused
unit-opensearch-0: 02:14:01 ERROR unit.opensearch/0.juju-log [Errno 111] Connection refused
unit-opensearch-0: 02:14:01 ERROR unit.opensearch/0.juju-log Cannot connect to the OpenSearch server...
unit-opensearch-0: 02:14:01 ERROR unit.opensearch/0.juju-log [Errno 111] Connection refused
unit-opensearch-2: 02:14:01 ERROR unit.opensearch/2.juju-log opensearch-peers:1: [Errno 111] Connection refused
unit-opensearch-2: 02:14:01 ERROR unit.opensearch/2.juju-log opensearch-peers:1: Cannot connect to the OpenSearch server...
unit-opensearch-2: 02:14:01 ERROR unit.opensearch/2.juju-log opensearch-peers:1: [Errno 111] Connection refused
unit-opensearch-2: 02:14:01 ERROR unit.opensearch/2.juju-log opensearch-peers:1: [Errno 111] Connection refused
unit-opensearch-1: 02:14:02 ERROR unit.opensearch/1.juju-log [Errno 111] Connection refused
unit-opensearch-1: 02:14:02 ERROR unit.opensearch/1.juju-log Cannot connect to the OpenSearch server...
unit-opensearch-2: 02:14:02 ERROR unit.opensearch/2.juju-log opensearch-peers:1: [Errno 111] Connection refused
unit-opensearch-2: 02:14:02 ERROR unit.opensearch/2.juju-log opensearch-peers:1: [Errno 111] Connection refused
unit-opensearch-2: 02:14:02 ERROR unit.opensearch/2.juju-log opensearch-peers:1: [Errno 111] Connection refused
unit-opensearch-2: 02:14:02 ERROR unit.opensearch/2.juju-log opensearch-peers:1: [Errno 111] Connection refused
unit-opensearch-2: 02:14:02 ERROR unit.opensearch/2.juju-log opensearch-peers:1: [Errno 111] Connection refused
unit-opensearch-2: 02:14:02 ERROR unit.opensearch/2.juju-log opensearch-peers:1: [Errno 111] Connection refused
unit-opensearch-0: 02:14:02 ERROR unit.opensearch/0.juju-log node-lock-fallback:2: [Errno 111] Connection refused
unit-opensearch-0: 02:14:02 ERROR unit.opensearch/0.juju-log node-lock-fallback:2: Cannot connect to the OpenSearch server...
unit-opensearch-0: 02:14:02 ERROR unit.opensearch/0.juju-log node-lock-fallback:2: [Errno 111] Connection refused
unit-opensearch-2: 02:14:03 ERROR unit.opensearch/2.juju-log certificates:4: [Errno 111] Connection refused
unit-opensearch-2: 02:14:03 ERROR unit.opensearch/2.juju-log certificates:4: Cannot connect to the OpenSearch server...
unit-opensearch-2: 02:14:03 ERROR unit.opensearch/2.juju-log certificates:4: [Errno 111] Connection refused
unit-opensearch-2: 02:14:03 ERROR unit.opensearch/2.juju-log certificates:4: [Errno 111] Connection refused
unit-opensearch-0: 02:14:04 ERROR unit.opensearch/0.juju-log upgrade-version-a:3: [Errno 111] Connection refused
unit-opensearch-0: 02:14:04 ERROR unit.opensearch/0.juju-log upgrade-version-a:3: Cannot connect to the OpenSearch server...
unit-opensearch-0: 02:14:04 ERROR unit.opensearch/0.juju-log upgrade-version-a:3: [Errno 111] Connection refused
unit-opensearch-1: 02:14:05 ERROR unit.opensearch/1.juju-log [Errno 111] Connection refused
unit-opensearch-1: 02:14:05 ERROR unit.opensearch/1.juju-log Cannot connect to the OpenSearch server...
unit-opensearch-0: 02:14:05 ERROR unit.opensearch/0.juju-log node-lock-fallback:2: [Errno 111] Connection refused
unit-opensearch-0: 02:14:05 ERROR unit.opensearch/0.juju-log node-lock-fallback:2: Cannot connect to the OpenSearch server...
unit-opensearch-0: 02:14:05 ERROR unit.opensearch/0.juju-log node-lock-fallback:2: [Errno 111] Connection refused
unit-opensearch-2: 02:14:06 ERROR unit.opensearch/2.juju-log [Errno 111] Connection refused
unit-opensearch-2: 02:14:06 ERROR unit.opensearch/2.juju-log Cannot connect to the OpenSearch server...
unit-opensearch-2: 02:14:06 ERROR unit.opensearch/2.juju-log [Errno 111] Connection refused
unit-opensearch-2: 02:14:06 ERROR unit.opensearch/2.juju-log [Errno 111] Connection refused
unit-opensearch-0: 02:14:06 ERROR unit.opensearch/0.juju-log node-lock-fallback:2: [Errno 111] Connection refused
unit-opensearch-0: 02:14:06 ERROR unit.opensearch/0.juju-log node-lock-fallback:2: Cannot connect to the OpenSearch server...
unit-opensearch-0: 02:14:06 ERROR unit.opensearch/0.juju-log node-lock-fallback:2: [Errno 111] Connection refused
unit-opensearch-2: 02:14:07 ERROR unit.opensearch/2.juju-log [Errno 111] Connection refused
unit-opensearch-2: 02:14:07 ERROR unit.opensearch/2.juju-log Cannot connect to the OpenSearch server...
unit-opensearch-2: 02:14:07 ERROR unit.opensearch/2.juju-log [Errno 111] Connection refused
unit-opensearch-2: 02:14:07 ERROR unit.opensearch/2.juju-log [Errno 111] Connection refused
unit-opensearch-0: 02:14:08 ERROR unit.opensearch/0.juju-log opensearch-peers:1: [Errno 111] Connection refused
unit-opensearch-0: 02:14:08 ERROR unit.opensearch/0.juju-log opensearch-peers:1: Cannot connect to the OpenSearch server...
unit-opensearch-0: 02:14:08 ERROR unit.opensearch/0.juju-log opensearch-peers:1: [Errno 111] Connection refused
unit-opensearch-0: 02:14:08 ERROR unit.opensearch/0.juju-log opensearch-peers:1: [Errno 111] Connection refused
unit-opensearch-2: 02:14:09 ERROR unit.opensearch/2.juju-log [Errno 111] Connection refused
unit-opensearch-2: 02:14:09 ERROR unit.opensearch/2.juju-log Cannot connect to the OpenSearch server...
unit-opensearch-2: 02:14:09 ERROR unit.opensearch/2.juju-log [Errno 111] Connection refused
unit-opensearch-2: 02:14:09 ERROR unit.opensearch/2.juju-log [Errno 111] Connection refused
unit-opensearch-0: 02:14:09 ERROR unit.opensearch/0.juju-log opensearch-peers:1: [Errno 111] Connection refused
unit-opensearch-0: 02:14:09 ERROR unit.opensearch/0.juju-log opensearch-peers:1: Cannot connect to the OpenSearch server...
unit-opensearch-0: 02:14:09 ERROR unit.opensearch/0.juju-log opensearch-peers:1: [Errno 111] Connection refused
unit-opensearch-0: 02:14:10 ERROR unit.opensearch/0.juju-log opensearch-peers:1: [Errno 111] Connection refused
unit-opensearch-2: 02:14:11 ERROR unit.opensearch/2.juju-log [Errno 111] Connection refused
unit-opensearch-2: 02:14:11 ERROR unit.opensearch/2.juju-log Cannot connect to the OpenSearch server...
unit-opensearch-2: 02:14:11 ERROR unit.opensearch/2.juju-log [Errno 111] Connection refused
unit-opensearch-2: 02:14:11 ERROR unit.opensearch/2.juju-log [Errno 111] Connection refused
unit-opensearch-0: 02:14:12 ERROR unit.opensearch/0.juju-log upgrade-version-a:3: [Errno 111] Connection refused
unit-opensearch-0: 02:14:12 ERROR unit.opensearch/0.juju-log upgrade-version-a:3: Cannot connect to the OpenSearch server...
unit-opensearch-0: 02:14:13 ERROR unit.opensearch/0.juju-log upgrade-version-a:3: [Errno 111] Connection refused
unit-opensearch-2: 02:14:13 ERROR unit.opensearch/2.juju-log node-lock-fallback:2: [Errno 111] Connection refused
unit-opensearch-2: 02:14:13 ERROR unit.opensearch/2.juju-log node-lock-fallback:2: Cannot connect to the OpenSearch server...
unit-opensearch-2: 02:14:13 ERROR unit.opensearch/2.juju-log node-lock-fallback:2: [Errno 111] Connection refused
unit-opensearch-2: 02:14:13 ERROR unit.opensearch/2.juju-log node-lock-fallback:2: [Errno 111] Connection refused
unit-opensearch-0: 02:14:14 ERROR unit.opensearch/0.juju-log opensearch-peers:1: [Errno 111] Connection refused
unit-opensearch-0: 02:14:14 ERROR unit.opensearch/0.juju-log opensearch-peers:1: Cannot connect to the OpenSearch server...
unit-opensearch-0: 02:14:14 ERROR unit.opensearch/0.juju-log opensearch-peers:1: [Errno 111] Connection refused
unit-opensearch-2: 02:14:15 ERROR unit.opensearch/2.juju-log node-lock-fallback:2: [Errno 111] Connection refused
unit-opensearch-2: 02:14:15 ERROR unit.opensearch/2.juju-log node-lock-fallback:2: Cannot connect to the OpenSearch server...
unit-opensearch-2: 02:14:15 ERROR unit.opensearch/2.juju-log node-lock-fallback:2: [Errno 111] Connection refused
unit-opensearch-2: 02:14:15 ERROR unit.opensearch/2.juju-log node-lock-fallback:2: [Errno 111] Connection refused
unit-opensearch-0: 02:14:16 ERROR unit.opensearch/0.juju-log node-lock-fallback:2: [Errno 111] Connection refused
unit-opensearch-0: 02:14:16 ERROR unit.opensearch/0.juju-log node-lock-fallback:2: Cannot connect to the OpenSearch server...
unit-opensearch-0: 02:14:16 ERROR unit.opensearch/0.juju-log node-lock-fallback:2: [Errno 111] Connection refused
unit-opensearch-2: 02:14:16 ERROR unit.opensearch/2.juju-log node-lock-fallback:2: [Errno 111] Connection refused
unit-opensearch-2: 02:14:16 ERROR unit.opensearch/2.juju-log node-lock-fallback:2: Cannot connect to the OpenSearch server...
unit-opensearch-2: 02:14:16 ERROR unit.opensearch/2.juju-log node-lock-fallback:2: [Errno 111] Connection refused
unit-opensearch-2: 02:14:16 ERROR unit.opensearch/2.juju-log node-lock-fallback:2: [Errno 111] Connection refused
unit-opensearch-0: 02:14:17 ERROR unit.opensearch/0.juju-log node-lock-fallback:2: [Errno 111] Connection refused
unit-opensearch-0: 02:14:17 ERROR unit.opensearch/0.juju-log node-lock-fallback:2: Cannot connect to the OpenSearch server...
unit-opensearch-0: 02:14:17 ERROR unit.opensearch/0.juju-log node-lock-fallback:2: [Errno 111] Connection refused
unit-opensearch-2: 02:14:17 ERROR unit.opensearch/2.juju-log node-lock-fallback:2: [Errno 111] Connection refused
unit-opensearch-2: 02:14:17 ERROR unit.opensearch/2.juju-log node-lock-fallback:2: Cannot connect to the OpenSearch server...
unit-opensearch-2: 02:14:17 ERROR unit.opensearch/2.juju-log node-lock-fallback:2: [Errno 111] Connection refused
unit-opensearch-2: 02:14:17 ERROR unit.opensearch/2.juju-log node-lock-fallback:2: [Errno 111] Connection refused
unit-opensearch-0: 02:14:18 ERROR unit.opensearch/0.juju-log upgrade-version-a:3: [Errno 111] Connection refused
unit-opensearch-0: 02:14:18 ERROR unit.opensearch/0.juju-log upgrade-version-a:3: Cannot connect to the OpenSearch server...
unit-opensearch-0: 02:14:18 ERROR unit.opensearch/0.juju-log upgrade-version-a:3: [Errno 111] Connection refused
unit-opensearch-2: 02:14:18 ERROR unit.opensearch/2.juju-log node-lock-fallback:2: [Errno 111] Connection refused
unit-opensearch-2: 02:14:18 ERROR unit.opensearch/2.juju-log node-lock-fallback:2: Cannot connect to the OpenSearch server...
unit-opensearch-2: 02:14:18 ERROR unit.opensearch/2.juju-log node-lock-fallback:2: [Errno 111] Connection refused
unit-opensearch-2: 02:14:18 ERROR unit.opensearch/2.juju-log node-lock-fallback:2: [Errno 111] Connection refused
unit-opensearch-0: 02:14:19 ERROR unit.opensearch/0.juju-log opensearch-peers:1: [Errno 111] Connection refused
unit-opensearch-0: 02:14:19 ERROR unit.opensearch/0.juju-log opensearch-peers:1: Cannot connect to the OpenSearch server...
unit-opensearch-0: 02:14:19 ERROR unit.opensearch/0.juju-log opensearch-peers:1: [Errno 111] Connection refused
unit-opensearch-2: 02:14:19 ERROR unit.opensearch/2.juju-log upgrade-version-a:3: [Errno 111] Connection refused
unit-opensearch-2: 02:14:19 ERROR unit.opensearch/2.juju-log upgrade-version-a:3: Cannot connect to the OpenSearch server...
unit-opensearch-2: 02:14:19 ERROR unit.opensearch/2.juju-log upgrade-version-a:3: [Errno 111] Connection refused
unit-opensearch-2: 02:14:19 ERROR unit.opensearch/2.juju-log upgrade-version-a:3: [Errno 111] Connection refused
unit-opensearch-0: 02:14:19 ERROR unit.opensearch/0.juju-log opensearch-peers:1: [Errno 111] Connection refused
unit-opensearch-0: 02:14:19 ERROR unit.opensearch/0.juju-log opensearch-peers:1: [Errno 111] Connection refused
unit-opensearch-0: 02:14:19 ERROR unit.opensearch/0.juju-log opensearch-peers:1: [Errno 111] Connection refused
unit-opensearch-2: 02:14:20 ERROR unit.opensearch/2.juju-log opensearch-peers:1: [Errno 111] Connection refused
unit-opensearch-2: 02:14:20 ERROR unit.opensearch/2.juju-log opensearch-peers:1: Cannot connect to the OpenSearch server...
unit-opensearch-2: 02:14:20 ERROR unit.opensearch/2.juju-log opensearch-peers:1: [Errno 111] Connection refused
unit-opensearch-2: 02:14:20 ERROR unit.opensearch/2.juju-log opensearch-peers:1: [Errno 111] Connection refused
unit-opensearch-0: 02:14:20 ERROR unit.opensearch/0.juju-log node-lock-fallback:2: [Errno 111] Connection refused
unit-opensearch-0: 02:14:20 ERROR unit.opensearch/0.juju-log node-lock-fallback:2: Cannot connect to the OpenSearch server...
unit-opensearch-0: 02:14:20 ERROR unit.opensearch/0.juju-log node-lock-fallback:2: [Errno 111] Connection refused
unit-opensearch-2: 02:14:20 ERROR unit.opensearch/2.juju-log opensearch-peers:1: [Errno 111] Connection refused
unit-opensearch-2: 02:14:20 ERROR unit.opensearch/2.juju-log opensearch-peers:1: [Errno 111] Connection refused
unit-opensearch-0: 02:14:20 ERROR unit.opensearch/0.juju-log node-lock-fallback:2: [Errno 111] Connection refused
unit-opensearch-0: 02:14:21 ERROR unit.opensearch/0.juju-log node-lock-fallback:2: [Errno 111] Connection refused
unit-opensearch-0: 02:14:21 ERROR unit.opensearch/0.juju-log node-lock-fallback:2: [Errno 111] Connection refused
unit-opensearch-0: 02:14:21 ERROR unit.opensearch/0.juju-log node-lock-fallback:2: [Errno 111] Connection refused
unit-opensearch-2: 02:14:21 ERROR unit.opensearch/2.juju-log [Errno 111] Connection refused
unit-opensearch-2: 02:14:21 ERROR unit.opensearch/2.juju-log Cannot connect to the OpenSearch server...
unit-opensearch-2: 02:14:21 ERROR unit.opensearch/2.juju-log [Errno 111] Connection refused
unit-opensearch-2: 02:14:21 ERROR unit.opensearch/2.juju-log [Errno 111] Connection refused
unit-opensearch-0: 02:14:21 ERROR unit.opensearch/0.juju-log node-lock-fallback:2: [Errno 111] Connection refused
unit-opensearch-0: 02:14:22 ERROR unit.opensearch/0.juju-log node-lock-fallback:2: [Errno 111] Connection refused
unit-opensearch-0: 02:14:22 ERROR unit.opensearch/0.juju-log node-lock-fallback:2: Cannot connect to the OpenSearch server...
unit-opensearch-0: 02:14:22 ERROR unit.opensearch/0.juju-log node-lock-fallback:2: [Errno 111] Connection refused
unit-opensearch-2: 02:14:22 ERROR unit.opensearch/2.juju-log opensearch-peers:1: [Errno 111] Connection refused
unit-opensearch-2: 02:14:22 ERROR unit.opensearch/2.juju-log opensearch-peers:1: Cannot connect to the OpenSearch server...
unit-opensearch-2: 02:14:22 ERROR unit.opensearch/2.juju-log opensearch-peers:1: [Errno 111] Connection refused
unit-opensearch-2: 02:14:22 ERROR unit.opensearch/2.juju-log opensearch-peers:1: [Errno 111] Connection refused
unit-opensearch-2: 02:14:22 ERROR unit.opensearch/2.juju-log opensearch-peers:1: [Errno 111] Connection refused
unit-opensearch-2: 02:14:22 ERROR unit.opensearch/2.juju-log opensearch-peers:1: [Errno 111] Connection refused
unit-opensearch-2: 02:14:22 ERROR unit.opensearch/2.juju-log opensearch-peers:1: [Errno 111] Connection refused
unit-opensearch-2: 02:14:22 ERROR unit.opensearch/2.juju-log opensearch-peers:1: [Errno 111] Connection refused
unit-opensearch-2: 02:14:22 ERROR unit.opensearch/2.juju-log opensearch-peers:1: [Errno 111] Connection refused
unit-opensearch-2: 02:14:22 ERROR unit.opensearch/2.juju-log opensearch-peers:1: [Errno 111] Connection refused
unit-opensearch-2: 02:14:22 ERROR unit.opensearch/2.juju-log opensearch-peers:1: [Errno 111] Connection refused
unit-opensearch-2: 02:14:23 ERROR unit.opensearch/2.juju-log opensearch-peers:1: [Errno 111] Connection refused
unit-opensearch-2: 02:14:23 ERROR unit.opensearch/2.juju-log opensearch-peers:1: [Errno 111] Connection refused
unit-opensearch-2: 02:14:23 ERROR unit.opensearch/2.juju-log opensearch-peers:1: [Errno 111] Connection refused
unit-opensearch-0: 02:14:25 ERROR unit.opensearch/0.juju-log node-lock-fallback:2: [Errno 111] Connection refused
unit-opensearch-2: 02:14:26 ERROR unit.opensearch/2.juju-log opensearch-peers:1: [Errno 111] Connection refused
unit-opensearch-0: 02:14:28 ERROR unit.opensearch/0.juju-log node-lock-fallback:2: [Errno 111] Connection refused
unit-opensearch-2: 02:14:29 ERROR unit.opensearch/2.juju-log opensearch-peers:1: [Errno 111] Connection refused
unit-opensearch-2: 02:14:30 ERROR unit.opensearch/2.juju-log opensearch-peers:1: Cannot connect to the OpenSearch server...
unit-opensearch-0: 02:14:32 ERROR unit.opensearch/0.juju-log node-lock-fallback:2: [Errno 111] Connection refused
unit-opensearch-2: 02:14:32 ERROR unit.opensearch/2.juju-log opensearch-peers:1: [Errno 111] Connection refused
unit-opensearch-0: 02:14:35 ERROR unit.opensearch/0.juju-log node-lock-fallback:2: [Errno 111] Connection refused
unit-opensearch-2: 02:14:35 ERROR unit.opensearch/2.juju-log opensearch-peers:1: [Errno 111] Connection refused
unit-opensearch-0: 02:14:38 ERROR unit.opensearch/0.juju-log node-lock-fallback:2: [Errno 111] Connection refused
unit-opensearch-2: 02:14:39 ERROR unit.opensearch/2.juju-log opensearch-peers:1: [Errno 111] Connection refused
unit-opensearch-0: 02:14:41 ERROR unit.opensearch/0.juju-log node-lock-fallback:2: [Errno 111] Connection refused
unit-opensearch-2: 02:14:42 ERROR unit.opensearch/2.juju-log opensearch-peers:1: [Errno 111] Connection refused
unit-opensearch-0: 02:14:44 ERROR unit.opensearch/0.juju-log node-lock-fallback:2: [Errno 111] Connection refused
unit-opensearch-2: 02:14:45 ERROR unit.opensearch/2.juju-log opensearch-peers:1: [Errno 111] Connection refused
unit-opensearch-0: 02:14:48 ERROR unit.opensearch/0.juju-log node-lock-fallback:2: [Errno 111] Connection refused
unit-opensearch-2: 02:14:48 ERROR unit.opensearch/2.juju-log opensearch-peers:1: [Errno 111] Connection refused
unit-opensearch-0: 02:14:51 ERROR unit.opensearch/0.juju-log node-lock-fallback:2: [Errno 111] Connection refused
unit-opensearch-2: 02:14:51 ERROR unit.opensearch/2.juju-log opensearch-peers:1: [Errno 111] Connection refused
unit-opensearch-0: 02:14:54 ERROR unit.opensearch/0.juju-log node-lock-fallback:2: [Errno 111] Connection refused
unit-opensearch-2: 02:14:55 ERROR unit.opensearch/2.juju-log opensearch-peers:1: [Errno 111] Connection refused
unit-opensearch-0: 02:14:57 ERROR unit.opensearch/0.juju-log node-lock-fallback:2: [Errno 111] Connection refused
unit-opensearch-2: 02:14:58 ERROR unit.opensearch/2.juju-log opensearch-peers:1: [Errno 111] Connection refused
unit-opensearch-0: 02:15:01 ERROR unit.opensearch/0.juju-log node-lock-fallback:2: [Errno 111] Connection refused
unit-opensearch-2: 02:15:01 ERROR unit.opensearch/2.juju-log opensearch-peers:1: [Errno 111] Connection refused
unit-opensearch-0: 02:15:04 ERROR unit.opensearch/0.juju-log node-lock-fallback:2: [Errno 111] Connection refused
unit-opensearch-2: 02:15:04 ERROR unit.opensearch/2.juju-log opensearch-peers:1: [Errno 111] Connection refused
unit-opensearch-0: 02:15:07 ERROR unit.opensearch/0.juju-log node-lock-fallback:2: [Errno 111] Connection refused
unit-opensearch-2: 02:15:07 ERROR unit.opensearch/2.juju-log opensearch-peers:1: [Errno 111] Connection refused
unit-opensearch-0: 02:15:10 ERROR unit.opensearch/0.juju-log node-lock-fallback:2: [Errno 111] Connection refused
unit-opensearch-2: 02:15:10 ERROR unit.opensearch/2.juju-log opensearch-peers:1: [Errno 111] Connection refused
unit-opensearch-0: 02:15:13 ERROR unit.opensearch/0.juju-log node-lock-fallback:2: [Errno 111] Connection refused
unit-opensearch-2: 02:15:13 ERROR unit.opensearch/2.juju-log opensearch-peers:1: [Errno 111] Connection refused
unit-opensearch-1: 02:15:15 ERROR unit.opensearch/1.juju-log opensearch-peers:1: [Errno 111] Connection refused
unit-opensearch-2: 02:15:16 ERROR unit.opensearch/2.juju-log opensearch-peers:1: [Errno 111] Connection refused
unit-opensearch-2: 02:15:19 ERROR unit.opensearch/2.juju-log opensearch-peers:1: [Errno 111] Connection refused
unit-opensearch-2: 02:15:22 ERROR unit.opensearch/2.juju-log opensearch-peers:1: [Errno 111] Connection refused
unit-opensearch-2: 02:15:26 ERROR unit.opensearch/2.juju-log opensearch-peers:1: [Errno 111] Connection refused
unit-opensearch-2: 02:25:03 ERROR unit.opensearch/2.juju-log Uncaught exception while in charm code:
Traceback (most recent call last):
  File "/var/lib/juju/agents/unit-opensearch-2/charm/./src/charm.py", line 213, in <module>
    main(OpenSearchOperatorCharm)
  File "/var/lib/juju/agents/unit-opensearch-2/charm/venv/ops/main.py", line 551, in main
    manager.run()
  File "/var/lib/juju/agents/unit-opensearch-2/charm/venv/ops/main.py", line 530, in run
    self._emit()
  File "/var/lib/juju/agents/unit-opensearch-2/charm/venv/ops/main.py", line 519, in _emit
    _emit_charm_event(self.charm, self.dispatcher.event_name)
  File "/var/lib/juju/agents/unit-opensearch-2/charm/venv/ops/main.py", line 147, in _emit_charm_event
    event_to_emit.emit(*args, **kwargs)
  File "/var/lib/juju/agents/unit-opensearch-2/charm/venv/ops/framework.py", line 348, in emit
    framework._emit(event)
  File "/var/lib/juju/agents/unit-opensearch-2/charm/venv/ops/framework.py", line 860, in _emit
    self._reemit(event_path)
  File "/var/lib/juju/agents/unit-opensearch-2/charm/venv/ops/framework.py", line 950, in _reemit
    custom_handler(event)
  File "/var/lib/juju/agents/unit-opensearch-2/charm/lib/charms/opensearch/v0/opensearch_base_charm.py", line 477, in _on_opensearch_data_storage_detaching
    raise Exception("Unable to acquire lock: Another unit is starting or stopping.")
Exception: Unable to acquire lock: Another unit is starting or stopping.
unit-opensearch-0: 02:25:03 ERROR unit.opensearch/0.juju-log Uncaught exception while in charm code:
Traceback (most recent call last):
  File "/var/lib/juju/agents/unit-opensearch-0/charm/./src/charm.py", line 213, in <module>
    main(OpenSearchOperatorCharm)
  File "/var/lib/juju/agents/unit-opensearch-0/charm/venv/ops/main.py", line 551, in main
    manager.run()
  File "/var/lib/juju/agents/unit-opensearch-0/charm/venv/ops/main.py", line 530, in run
    self._emit()
  File "/var/lib/juju/agents/unit-opensearch-0/charm/venv/ops/main.py", line 519, in _emit
    _emit_charm_event(self.charm, self.dispatcher.event_name)
  File "/var/lib/juju/agents/unit-opensearch-0/charm/venv/ops/main.py", line 147, in _emit_charm_event
    event_to_emit.emit(*args, **kwargs)
  File "/var/lib/juju/agents/unit-opensearch-0/charm/venv/ops/framework.py", line 348, in emit
    framework._emit(event)
  File "/var/lib/juju/agents/unit-opensearch-0/charm/venv/ops/framework.py", line 860, in _emit
    self._reemit(event_path)
  File "/var/lib/juju/agents/unit-opensearch-0/charm/venv/ops/framework.py", line 950, in _reemit
    custom_handler(event)
  File "/var/lib/juju/agents/unit-opensearch-0/charm/lib/charms/opensearch/v0/opensearch_base_charm.py", line 477, in _on_opensearch_data_storage_detaching
    raise Exception("Unable to acquire lock: Another unit is starting or stopping.")
Exception: Unable to acquire lock: Another unit is starting or stopping.
unit-opensearch-2: 02:25:03 ERROR juju.worker.uniter.operation hook "opensearch-data-storage-detaching" (via hook dispatching script: dispatch) failed: exit status 1
unit-opensearch-0: 02:25:03 ERROR juju.worker.uniter.operation hook "opensearch-data-storage-detaching" (via hook dispatching script: dispatch) failed: exit status 1
unit-opensearch-1: 02:25:07 ERROR unit.opensearch/1.juju-log [Errno 111] Connection refused
unit-opensearch-1: 02:25:07 ERROR unit.opensearch/1.juju-log Cannot connect to the OpenSearch server...
unit-opensearch-1: 02:25:07 ERROR unit.opensearch/1.juju-log [Errno 111] Connection refused
unit-opensearch-1: 02:25:07 ERROR unit.opensearch/1.juju-log [Errno 111] Connection refused
unit-opensearch-1: 02:25:08 ERROR unit.opensearch/1.juju-log [Errno 111] Connection refused
unit-opensearch-1: 02:25:08 ERROR unit.opensearch/1.juju-log [Errno 111] Connection refused
unit-opensearch-1: 02:25:09 ERROR unit.opensearch/1.juju-log [Errno 111] Connection refused
unit-opensearch-1: 02:25:10 ERROR unit.opensearch/1.juju-log [Errno 111] Connection refused
unit-opensearch-2: 02:25:10 ERROR unit.opensearch/2.juju-log [Errno 111] Connection refused
unit-opensearch-0: 02:25:10 ERROR unit.opensearch/0.juju-log [Errno 111] Connection refused
unit-opensearch-2: 02:25:10 ERROR unit.opensearch/2.juju-log [Errno 111] Connection refused
unit-opensearch-0: 02:25:10 ERROR unit.opensearch/0.juju-log [Errno 111] Connection refused
unit-opensearch-2: 02:25:10 ERROR unit.opensearch/2.juju-log [Errno 111] Connection refused
unit-opensearch-2: 02:25:10 ERROR unit.opensearch/2.juju-log [Errno 111] Connection refused
unit-opensearch-0: 02:25:10 ERROR unit.opensearch/0.juju-log [Errno 111] Connection refused
unit-opensearch-0: 02:25:10 ERROR unit.opensearch/0.juju-log [Errno 111] Connection refused
unit-opensearch-2: 02:25:11 ERROR unit.opensearch/2.juju-log [Errno 111] Connection refused
unit-opensearch-2: 02:25:11 ERROR unit.opensearch/2.juju-log [Errno 111] Connection refused
unit-opensearch-0: 02:25:11 ERROR unit.opensearch/0.juju-log [Errno 111] Connection refused
unit-opensearch-0: 02:25:11 ERROR unit.opensearch/0.juju-log [Errno 111] Connection refused
unit-opensearch-1: 02:25:15 ERROR unit.opensearch/1.juju-log s3-credentials:6: [Errno 111] Connection refused
unit-opensearch-1: 02:25:15 ERROR unit.opensearch/1.juju-log s3-credentials:6: [Errno 111] Connection refused
unit-opensearch-1: 02:25:15 ERROR unit.opensearch/1.juju-log s3-credentials:6: failed to get root endpoint, implying that this node is offline. Retry once node is online.
unit-opensearch-2: 02:25:16 ERROR unit.opensearch/2.juju-log Error creating OpenSearch lock document
Traceback (most recent call last):
  File "/var/lib/juju/agents/unit-opensearch-2/charm/venv/urllib3/connectionpool.py", line 536, in _make_request
    response = conn.getresponse()
  File "/var/lib/juju/agents/unit-opensearch-2/charm/venv/urllib3/connection.py", line 464, in getresponse
    httplib_response = super().getresponse()
  File "/usr/lib/python3.10/http/client.py", line 1375, in getresponse
    response.begin()
  File "/usr/lib/python3.10/http/client.py", line 318, in begin
    version, status, reason = self._read_status()
  File "/usr/lib/python3.10/http/client.py", line 279, in _read_status
    line = str(self.fp.readline(_MAXLINE + 1), "iso-8859-1")
  File "/usr/lib/python3.10/socket.py", line 705, in readinto
    return self._sock.recv_into(b)
  File "/usr/lib/python3.10/ssl.py", line 1303, in recv_into
    return self.read(nbytes, buffer)
  File "/usr/lib/python3.10/ssl.py", line 1159, in read
    return self._sslobj.read(len, buffer)
TimeoutError: The read operation timed out

The above exception was the direct cause of the following exception:

Traceback (most recent call last):
  File "/var/lib/juju/agents/unit-opensearch-2/charm/venv/requests/adapters.py", line 667, in send
    resp = conn.urlopen(
  File "/var/lib/juju/agents/unit-opensearch-2/charm/venv/urllib3/connectionpool.py", line 843, in urlopen
    retries = retries.increment(
  File "/var/lib/juju/agents/unit-opensearch-2/charm/venv/urllib3/util/retry.py", line 474, in increment
    raise reraise(type(error), error, _stacktrace)
  File "/var/lib/juju/agents/unit-opensearch-2/charm/venv/urllib3/util/util.py", line 39, in reraise
    raise value
  File "/var/lib/juju/agents/unit-opensearch-2/charm/venv/urllib3/connectionpool.py", line 789, in urlopen
    response = self._make_request(
  File "/var/lib/juju/agents/unit-opensearch-2/charm/venv/urllib3/connectionpool.py", line 538, in _make_request
    self._raise_timeout(err=e, url=url, timeout_value=read_timeout)
  File "/var/lib/juju/agents/unit-opensearch-2/charm/venv/urllib3/connectionpool.py", line 369, in _raise_timeout
    raise ReadTimeoutError(
urllib3.exceptions.ReadTimeoutError: HTTPSConnectionPool(host='10.95.177.12', port=9200): Read timed out. (read timeout=5)

During handling of the above exception, another exception occurred:

Traceback (most recent call last):
  File "/var/lib/juju/agents/unit-opensearch-2/charm/lib/charms/opensearch/v0/opensearch_distro.py", line 290, in request
    resp = call(urls[0])
  File "/var/lib/juju/agents/unit-opensearch-2/charm/lib/charms/opensearch/v0/opensearch_distro.py", line 232, in call
    for attempt in Retrying(
  File "/var/lib/juju/agents/unit-opensearch-2/charm/venv/tenacity/__init__.py", line 443, in __iter__
    do = self.iter(retry_state=retry_state)
  File "/var/lib/juju/agents/unit-opensearch-2/charm/venv/tenacity/__init__.py", line 376, in iter
    result = action(retry_state)
  File "/var/lib/juju/agents/unit-opensearch-2/charm/venv/tenacity/__init__.py", line 418, in exc_check
    raise retry_exc.reraise()
  File "/var/lib/juju/agents/unit-opensearch-2/charm/venv/tenacity/__init__.py", line 185, in reraise
    raise self.last_attempt.result()
  File "/usr/lib/python3.10/concurrent/futures/_base.py", line 451, in result
    return self.__get_result()
  File "/usr/lib/python3.10/concurrent/futures/_base.py", line 403, in __get_result
    raise self._exception
  File "/var/lib/juju/agents/unit-opensearch-2/charm/lib/charms/opensearch/v0/opensearch_distro.py", line 259, in call
    response = s.request(**request_kwargs)
  File "/var/lib/juju/agents/unit-opensearch-2/charm/venv/requests/sessions.py", line 589, in request
    resp = self.send(prep, **send_kwargs)
  File "/var/lib/juju/agents/unit-opensearch-2/charm/venv/requests/sessions.py", line 703, in send
    r = adapter.send(request, **kwargs)
  File "/var/lib/juju/agents/unit-opensearch-2/charm/venv/requests/adapters.py", line 713, in send
    raise ReadTimeout(e, request=request)
requests.exceptions.ReadTimeout: HTTPSConnectionPool(host='10.95.177.12', port=9200): Read timed out. (read timeout=5)

During handling of the above exception, another exception occurred:

Traceback (most recent call last):
  File "/var/lib/juju/agents/unit-opensearch-2/charm/lib/charms/opensearch/v0/opensearch_locking.py", line 287, in acquired
    response = self._opensearch.request(
  File "/var/lib/juju/agents/unit-opensearch-2/charm/lib/charms/opensearch/v0/opensearch_distro.py", line 301, in request
    raise OpenSearchHttpError(response_text=str(e))
charms.opensearch.v0.opensearch_exceptions.OpenSearchHttpError: HTTP error self.response_code=None
self.response_text="HTTPSConnectionPool(host='10.95.177.12', port=9200): Read timed out. (read timeout=5)"
unit-opensearch-2: 02:25:16 ERROR unit.opensearch/2.juju-log Uncaught exception while in charm code:
Traceback (most recent call last):
  File "/var/lib/juju/agents/unit-opensearch-2/charm/./src/charm.py", line 213, in <module>
    main(OpenSearchOperatorCharm)
  File "/var/lib/juju/agents/unit-opensearch-2/charm/venv/ops/main.py", line 551, in main
    manager.run()
  File "/var/lib/juju/agents/unit-opensearch-2/charm/venv/ops/main.py", line 530, in run
    self._emit()
  File "/var/lib/juju/agents/unit-opensearch-2/charm/venv/ops/main.py", line 519, in _emit
    _emit_charm_event(self.charm, self.dispatcher.event_name)
  File "/var/lib/juju/agents/unit-opensearch-2/charm/venv/ops/main.py", line 147, in _emit_charm_event
    event_to_emit.emit(*args, **kwargs)
  File "/var/lib/juju/agents/unit-opensearch-2/charm/venv/ops/framework.py", line 348, in emit
    framework._emit(event)
  File "/var/lib/juju/agents/unit-opensearch-2/charm/venv/ops/framework.py", line 860, in _emit
    self._reemit(event_path)
  File "/var/lib/juju/agents/unit-opensearch-2/charm/venv/ops/framework.py", line 950, in _reemit
    custom_handler(event)
  File "/var/lib/juju/agents/unit-opensearch-2/charm/lib/charms/opensearch/v0/opensearch_base_charm.py", line 477, in _on_opensearch_data_storage_detaching
    raise Exception("Unable to acquire lock: Another unit is starting or stopping.")
Exception: Unable to acquire lock: Another unit is starting or stopping.
unit-opensearch-0: 02:25:16 ERROR unit.opensearch/0.juju-log Error creating OpenSearch lock document
Traceback (most recent call last):
  File "/var/lib/juju/agents/unit-opensearch-0/charm/venv/urllib3/connectionpool.py", line 536, in _make_request
    response = conn.getresponse()
  File "/var/lib/juju/agents/unit-opensearch-0/charm/venv/urllib3/connection.py", line 464, in getresponse
    httplib_response = super().getresponse()
  File "/usr/lib/python3.10/http/client.py", line 1375, in getresponse
    response.begin()
  File "/usr/lib/python3.10/http/client.py", line 318, in begin
    version, status, reason = self._read_status()
  File "/usr/lib/python3.10/http/client.py", line 279, in _read_status
    line = str(self.fp.readline(_MAXLINE + 1), "iso-8859-1")
  File "/usr/lib/python3.10/socket.py", line 705, in readinto
    return self._sock.recv_into(b)
  File "/usr/lib/python3.10/ssl.py", line 1303, in recv_into
    return self.read(nbytes, buffer)
  File "/usr/lib/python3.10/ssl.py", line 1159, in read
    return self._sslobj.read(len, buffer)
TimeoutError: The read operation timed out

The above exception was the direct cause of the following exception:

Traceback (most recent call last):
  File "/var/lib/juju/agents/unit-opensearch-0/charm/venv/requests/adapters.py", line 667, in send
    resp = conn.urlopen(
  File "/var/lib/juju/agents/unit-opensearch-0/charm/venv/urllib3/connectionpool.py", line 843, in urlopen
    retries = retries.increment(
  File "/var/lib/juju/agents/unit-opensearch-0/charm/venv/urllib3/util/retry.py", line 474, in increment
    raise reraise(type(error), error, _stacktrace)
  File "/var/lib/juju/agents/unit-opensearch-0/charm/venv/urllib3/util/util.py", line 39, in reraise
    raise value
  File "/var/lib/juju/agents/unit-opensearch-0/charm/venv/urllib3/connectionpool.py", line 789, in urlopen
    response = self._make_request(
  File "/var/lib/juju/agents/unit-opensearch-0/charm/venv/urllib3/connectionpool.py", line 538, in _make_request
    self._raise_timeout(err=e, url=url, timeout_value=read_timeout)
  File "/var/lib/juju/agents/unit-opensearch-0/charm/venv/urllib3/connectionpool.py", line 369, in _raise_timeout
    raise ReadTimeoutError(
urllib3.exceptions.ReadTimeoutError: HTTPSConnectionPool(host='10.95.177.75', port=9200): Read timed out. (read timeout=5)

During handling of the above exception, another exception occurred:

Traceback (most recent call last):
  File "/var/lib/juju/agents/unit-opensearch-0/charm/lib/charms/opensearch/v0/opensearch_distro.py", line 290, in request
    resp = call(urls[0])
  File "/var/lib/juju/agents/unit-opensearch-0/charm/lib/charms/opensearch/v0/opensearch_distro.py", line 232, in call
    for attempt in Retrying(
  File "/var/lib/juju/agents/unit-opensearch-0/charm/venv/tenacity/__init__.py", line 443, in __iter__
    do = self.iter(retry_state=retry_state)
  File "/var/lib/juju/agents/unit-opensearch-0/charm/venv/tenacity/__init__.py", line 376, in iter
    result = action(retry_state)
  File "/var/lib/juju/agents/unit-opensearch-0/charm/venv/tenacity/__init__.py", line 418, in exc_check
    raise retry_exc.reraise()
  File "/var/lib/juju/agents/unit-opensearch-0/charm/venv/tenacity/__init__.py", line 185, in reraise
    raise self.last_attempt.result()
  File "/usr/lib/python3.10/concurrent/futures/_base.py", line 451, in result
    return self.__get_result()
  File "/usr/lib/python3.10/concurrent/futures/_base.py", line 403, in __get_result
    raise self._exception
  File "/var/lib/juju/agents/unit-opensearch-0/charm/lib/charms/opensearch/v0/opensearch_distro.py", line 259, in call
    response = s.request(**request_kwargs)
  File "/var/lib/juju/agents/unit-opensearch-0/charm/venv/requests/sessions.py", line 589, in request
    resp = self.send(prep, **send_kwargs)
  File "/var/lib/juju/agents/unit-opensearch-0/charm/venv/requests/sessions.py", line 703, in send
    r = adapter.send(request, **kwargs)
  File "/var/lib/juju/agents/unit-opensearch-0/charm/venv/requests/adapters.py", line 713, in send
    raise ReadTimeout(e, request=request)
requests.exceptions.ReadTimeout: HTTPSConnectionPool(host='10.95.177.75', port=9200): Read timed out. (read timeout=5)

During handling of the above exception, another exception occurred:

Traceback (most recent call last):
  File "/var/lib/juju/agents/unit-opensearch-0/charm/lib/charms/opensearch/v0/opensearch_locking.py", line 287, in acquired
    response = self._opensearch.request(
  File "/var/lib/juju/agents/unit-opensearch-0/charm/lib/charms/opensearch/v0/opensearch_distro.py", line 301, in request
    raise OpenSearchHttpError(response_text=str(e))
charms.opensearch.v0.opensearch_exceptions.OpenSearchHttpError: HTTP error self.response_code=None
self.response_text="HTTPSConnectionPool(host='10.95.177.75', port=9200): Read timed out. (read timeout=5)"
unit-opensearch-0: 02:25:16 ERROR unit.opensearch/0.juju-log Uncaught exception while in charm code:
Traceback (most recent call last):
  File "/var/lib/juju/agents/unit-opensearch-0/charm/./src/charm.py", line 213, in <module>
    main(OpenSearchOperatorCharm)
  File "/var/lib/juju/agents/unit-opensearch-0/charm/venv/ops/main.py", line 551, in main
    manager.run()
  File "/var/lib/juju/agents/unit-opensearch-0/charm/venv/ops/main.py", line 530, in run
    self._emit()
  File "/var/lib/juju/agents/unit-opensearch-0/charm/venv/ops/main.py", line 519, in _emit
    _emit_charm_event(self.charm, self.dispatcher.event_name)
  File "/var/lib/juju/agents/unit-opensearch-0/charm/venv/ops/main.py", line 147, in _emit_charm_event
    event_to_emit.emit(*args, **kwargs)
  File "/var/lib/juju/agents/unit-opensearch-0/charm/venv/ops/framework.py", line 348, in emit
    framework._emit(event)
  File "/var/lib/juju/agents/unit-opensearch-0/charm/venv/ops/framework.py", line 860, in _emit
    self._reemit(event_path)
  File "/var/lib/juju/agents/unit-opensearch-0/charm/venv/ops/framework.py", line 950, in _reemit
    custom_handler(event)
  File "/var/lib/juju/agents/unit-opensearch-0/charm/lib/charms/opensearch/v0/opensearch_base_charm.py", line 477, in _on_opensearch_data_storage_detaching
    raise Exception("Unable to acquire lock: Another unit is starting or stopping.")
Exception: Unable to acquire lock: Another unit is starting or stopping.
unit-opensearch-1: 02:25:16 ERROR unit.opensearch/1.juju-log certificates:4: [Errno 111] Connection refused
unit-opensearch-1: 02:25:16 ERROR unit.opensearch/1.juju-log certificates:4: [Errno 111] Connection refused
unit-opensearch-1: 02:25:16 ERROR unit.opensearch/1.juju-log certificates:4: failed to get root endpoint, implying that this node is offline. Retry once node is online.
unit-opensearch-2: 02:25:16 ERROR juju.worker.uniter.operation hook "opensearch-data-storage-detaching" (via hook dispatching script: dispatch) failed: exit status 1
unit-opensearch-0: 02:25:16 ERROR juju.worker.uniter.operation hook "opensearch-data-storage-detaching" (via hook dispatching script: dispatch) failed: exit status 1
unit-opensearch-1: 02:25:17 ERROR unit.opensearch/1.juju-log opensearch-peers:1: [Errno 111] Connection refused
unit-opensearch-1: 02:25:17 ERROR unit.opensearch/1.juju-log opensearch-peers:1: [Errno 111] Connection refused
unit-opensearch-1: 02:25:17 ERROR unit.opensearch/1.juju-log opensearch-peers:1: failed to get root endpoint, implying that this node is offline. Retry once node is online.
unit-opensearch-1: 02:25:17 ERROR unit.opensearch/1.juju-log opensearch-peers:1: [Errno 111] Connection refused
unit-opensearch-1: 02:25:18 ERROR unit.opensearch/1.juju-log opensearch-peers:1: [Errno 111] Connection refused
unit-opensearch-1: 02:25:18 ERROR unit.opensearch/1.juju-log opensearch-peers:1: [Errno 111] Connection refused
unit-opensearch-1: 02:25:18 ERROR unit.opensearch/1.juju-log opensearch-peers:1: failed to get root endpoint, implying that this node is offline. Retry once node is online.
unit-opensearch-1: 02:25:18 ERROR unit.opensearch/1.juju-log opensearch-peers:1: [Errno 111] Connection refused
unit-opensearch-1: 02:25:19 ERROR unit.opensearch/1.juju-log upgrade-version-a:3: [Errno 111] Connection refused
unit-opensearch-1: 02:25:19 ERROR unit.opensearch/1.juju-log upgrade-version-a:3: [Errno 111] Connection refused
unit-opensearch-1: 02:25:19 ERROR unit.opensearch/1.juju-log upgrade-version-a:3: failed to get root endpoint, implying that this node is offline. Retry once node is online.
unit-opensearch-1: 02:25:20 ERROR unit.opensearch/1.juju-log [Errno 111] Connection refused
unit-opensearch-1: 02:25:20 ERROR unit.opensearch/1.juju-log [Errno 111] Connection refused
unit-opensearch-1: 02:25:20 ERROR unit.opensearch/1.juju-log failed to get root endpoint, implying that this node is offline. Retry once node is online.
unit-opensearch-1: 02:25:21 ERROR unit.opensearch/1.juju-log [Errno 111] Connection refused
unit-opensearch-1: 02:25:21 ERROR unit.opensearch/1.juju-log [Errno 111] Connection refused
unit-opensearch-1: 02:25:21 ERROR unit.opensearch/1.juju-log failed to get root endpoint, implying that this node is offline. Retry once node is online.
unit-opensearch-2: 02:25:33 ERROR unit.opensearch/2.juju-log timed out
unit-opensearch-0: 02:25:33 ERROR unit.opensearch/0.juju-log timed out
unit-opensearch-2: 02:25:38 ERROR unit.opensearch/2.juju-log timed out
unit-opensearch-0: 02:25:38 ERROR unit.opensearch/0.juju-log timed out
unit-opensearch-2: 02:25:39 ERROR unit.opensearch/2.juju-log [Errno 113] No route to host
unit-opensearch-0: 02:25:43 ERROR unit.opensearch/0.juju-log timed out
unit-opensearch-2: 02:25:44 ERROR unit.opensearch/2.juju-log Error creating OpenSearch lock document
Traceback (most recent call last):
  File "/var/lib/juju/agents/unit-opensearch-2/charm/venv/urllib3/connectionpool.py", line 536, in _make_request
    response = conn.getresponse()
  File "/var/lib/juju/agents/unit-opensearch-2/charm/venv/urllib3/connection.py", line 464, in getresponse
    httplib_response = super().getresponse()
  File "/usr/lib/python3.10/http/client.py", line 1375, in getresponse
    response.begin()
  File "/usr/lib/python3.10/http/client.py", line 318, in begin
    version, status, reason = self._read_status()
  File "/usr/lib/python3.10/http/client.py", line 279, in _read_status
    line = str(self.fp.readline(_MAXLINE + 1), "iso-8859-1")
  File "/usr/lib/python3.10/socket.py", line 705, in readinto
    return self._sock.recv_into(b)
  File "/usr/lib/python3.10/ssl.py", line 1303, in recv_into
    return self.read(nbytes, buffer)
  File "/usr/lib/python3.10/ssl.py", line 1159, in read
    return self._sslobj.read(len, buffer)
TimeoutError: The read operation timed out

The above exception was the direct cause of the following exception:

Traceback (most recent call last):
  File "/var/lib/juju/agents/unit-opensearch-2/charm/venv/requests/adapters.py", line 667, in send
    resp = conn.urlopen(
  File "/var/lib/juju/agents/unit-opensearch-2/charm/venv/urllib3/connectionpool.py", line 843, in urlopen
    retries = retries.increment(
  File "/var/lib/juju/agents/unit-opensearch-2/charm/venv/urllib3/util/retry.py", line 474, in increment
    raise reraise(type(error), error, _stacktrace)
  File "/var/lib/juju/agents/unit-opensearch-2/charm/venv/urllib3/util/util.py", line 39, in reraise
    raise value
  File "/var/lib/juju/agents/unit-opensearch-2/charm/venv/urllib3/connectionpool.py", line 789, in urlopen
    response = self._make_request(
  File "/var/lib/juju/agents/unit-opensearch-2/charm/venv/urllib3/connectionpool.py", line 538, in _make_request
    self._raise_timeout(err=e, url=url, timeout_value=read_timeout)
  File "/var/lib/juju/agents/unit-opensearch-2/charm/venv/urllib3/connectionpool.py", line 369, in _raise_timeout
    raise ReadTimeoutError(
urllib3.exceptions.ReadTimeoutError: HTTPSConnectionPool(host='10.95.177.12', port=9200): Read timed out. (read timeout=5)

During handling of the above exception, another exception occurred:

Traceback (most recent call last):
  File "/var/lib/juju/agents/unit-opensearch-2/charm/lib/charms/opensearch/v0/opensearch_distro.py", line 290, in request
    resp = call(urls[0])
  File "/var/lib/juju/agents/unit-opensearch-2/charm/lib/charms/opensearch/v0/opensearch_distro.py", line 232, in call
    for attempt in Retrying(
  File "/var/lib/juju/agents/unit-opensearch-2/charm/venv/tenacity/__init__.py", line 443, in __iter__
    do = self.iter(retry_state=retry_state)
  File "/var/lib/juju/agents/unit-opensearch-2/charm/venv/tenacity/__init__.py", line 376, in iter
    result = action(retry_state)
  File "/var/lib/juju/agents/unit-opensearch-2/charm/venv/tenacity/__init__.py", line 418, in exc_check
    raise retry_exc.reraise()
  File "/var/lib/juju/agents/unit-opensearch-2/charm/venv/tenacity/__init__.py", line 185, in reraise
    raise self.last_attempt.result()
  File "/usr/lib/python3.10/concurrent/futures/_base.py", line 451, in result
    return self.__get_result()
  File "/usr/lib/python3.10/concurrent/futures/_base.py", line 403, in __get_result
    raise self._exception
  File "/var/lib/juju/agents/unit-opensearch-2/charm/lib/charms/opensearch/v0/opensearch_distro.py", line 259, in call
    response = s.request(**request_kwargs)
  File "/var/lib/juju/agents/unit-opensearch-2/charm/venv/requests/sessions.py", line 589, in request
    resp = self.send(prep, **send_kwargs)
  File "/var/lib/juju/agents/unit-opensearch-2/charm/venv/requests/sessions.py", line 703, in send
    r = adapter.send(request, **kwargs)
  File "/var/lib/juju/agents/unit-opensearch-2/charm/venv/requests/adapters.py", line 713, in send
    raise ReadTimeout(e, request=request)
requests.exceptions.ReadTimeout: HTTPSConnectionPool(host='10.95.177.12', port=9200): Read timed out. (read timeout=5)

During handling of the above exception, another exception occurred:

Traceback (most recent call last):
  File "/var/lib/juju/agents/unit-opensearch-2/charm/lib/charms/opensearch/v0/opensearch_locking.py", line 287, in acquired
    response = self._opensearch.request(
  File "/var/lib/juju/agents/unit-opensearch-2/charm/lib/charms/opensearch/v0/opensearch_distro.py", line 301, in request
    raise OpenSearchHttpError(response_text=str(e))
charms.opensearch.v0.opensearch_exceptions.OpenSearchHttpError: HTTP error self.response_code=None
self.response_text="HTTPSConnectionPool(host='10.95.177.12', port=9200): Read timed out. (read timeout=5)"
unit-opensearch-2: 02:25:44 ERROR unit.opensearch/2.juju-log Uncaught exception while in charm code:
Traceback (most recent call last):
  File "/var/lib/juju/agents/unit-opensearch-2/charm/./src/charm.py", line 213, in <module>
    main(OpenSearchOperatorCharm)
  File "/var/lib/juju/agents/unit-opensearch-2/charm/venv/ops/main.py", line 551, in main
    manager.run()
  File "/var/lib/juju/agents/unit-opensearch-2/charm/venv/ops/main.py", line 530, in run
    self._emit()
  File "/var/lib/juju/agents/unit-opensearch-2/charm/venv/ops/main.py", line 519, in _emit
    _emit_charm_event(self.charm, self.dispatcher.event_name)
  File "/var/lib/juju/agents/unit-opensearch-2/charm/venv/ops/main.py", line 147, in _emit_charm_event
    event_to_emit.emit(*args, **kwargs)
  File "/var/lib/juju/agents/unit-opensearch-2/charm/venv/ops/framework.py", line 348, in emit
    framework._emit(event)
  File "/var/lib/juju/agents/unit-opensearch-2/charm/venv/ops/framework.py", line 860, in _emit
    self._reemit(event_path)
  File "/var/lib/juju/agents/unit-opensearch-2/charm/venv/ops/framework.py", line 950, in _reemit
    custom_handler(event)
  File "/var/lib/juju/agents/unit-opensearch-2/charm/lib/charms/opensearch/v0/opensearch_base_charm.py", line 477, in _on_opensearch_data_storage_detaching
    raise Exception("Unable to acquire lock: Another unit is starting or stopping.")
Exception: Unable to acquire lock: Another unit is starting or stopping.
unit-opensearch-2: 02:25:44 ERROR juju.worker.uniter.operation hook "opensearch-data-storage-detaching" (via hook dispatching script: dispatch) failed: exit status 1
unit-opensearch-0: 02:25:48 ERROR unit.opensearch/0.juju-log Error creating OpenSearch lock document
Traceback (most recent call last):
  File "/var/lib/juju/agents/unit-opensearch-0/charm/venv/urllib3/connectionpool.py", line 536, in _make_request
    response = conn.getresponse()
  File "/var/lib/juju/agents/unit-opensearch-0/charm/venv/urllib3/connection.py", line 464, in getresponse
    httplib_response = super().getresponse()
  File "/usr/lib/python3.10/http/client.py", line 1375, in getresponse
    response.begin()
  File "/usr/lib/python3.10/http/client.py", line 318, in begin
    version, status, reason = self._read_status()
  File "/usr/lib/python3.10/http/client.py", line 279, in _read_status
    line = str(self.fp.readline(_MAXLINE + 1), "iso-8859-1")
  File "/usr/lib/python3.10/socket.py", line 705, in readinto
    return self._sock.recv_into(b)
  File "/usr/lib/python3.10/ssl.py", line 1303, in recv_into
    return self.read(nbytes, buffer)
  File "/usr/lib/python3.10/ssl.py", line 1159, in read
    return self._sslobj.read(len, buffer)
TimeoutError: The read operation timed out

The above exception was the direct cause of the following exception:

Traceback (most recent call last):
  File "/var/lib/juju/agents/unit-opensearch-0/charm/venv/requests/adapters.py", line 667, in send
    resp = conn.urlopen(
  File "/var/lib/juju/agents/unit-opensearch-0/charm/venv/urllib3/connectionpool.py", line 843, in urlopen
    retries = retries.increment(
  File "/var/lib/juju/agents/unit-opensearch-0/charm/venv/urllib3/util/retry.py", line 474, in increment
    raise reraise(type(error), error, _stacktrace)
  File "/var/lib/juju/agents/unit-opensearch-0/charm/venv/urllib3/util/util.py", line 39, in reraise
    raise value
  File "/var/lib/juju/agents/unit-opensearch-0/charm/venv/urllib3/connectionpool.py", line 789, in urlopen
    response = self._make_request(
  File "/var/lib/juju/agents/unit-opensearch-0/charm/venv/urllib3/connectionpool.py", line 538, in _make_request
    self._raise_timeout(err=e, url=url, timeout_value=read_timeout)
  File "/var/lib/juju/agents/unit-opensearch-0/charm/venv/urllib3/connectionpool.py", line 369, in _raise_timeout
    raise ReadTimeoutError(
urllib3.exceptions.ReadTimeoutError: HTTPSConnectionPool(host='10.95.177.75', port=9200): Read timed out. (read timeout=5)

During handling of the above exception, another exception occurred:

Traceback (most recent call last):
  File "/var/lib/juju/agents/unit-opensearch-0/charm/lib/charms/opensearch/v0/opensearch_distro.py", line 290, in request
    resp = call(urls[0])
  File "/var/lib/juju/agents/unit-opensearch-0/charm/lib/charms/opensearch/v0/opensearch_distro.py", line 232, in call
    for attempt in Retrying(
  File "/var/lib/juju/agents/unit-opensearch-0/charm/venv/tenacity/__init__.py", line 443, in __iter__
    do = self.iter(retry_state=retry_state)
  File "/var/lib/juju/agents/unit-opensearch-0/charm/venv/tenacity/__init__.py", line 376, in iter
    result = action(retry_state)
  File "/var/lib/juju/agents/unit-opensearch-0/charm/venv/tenacity/__init__.py", line 418, in exc_check
    raise retry_exc.reraise()
  File "/var/lib/juju/agents/unit-opensearch-0/charm/venv/tenacity/__init__.py", line 185, in reraise
    raise self.last_attempt.result()
  File "/usr/lib/python3.10/concurrent/futures/_base.py", line 451, in result
    return self.__get_result()
  File "/usr/lib/python3.10/concurrent/futures/_base.py", line 403, in __get_result
    raise self._exception
  File "/var/lib/juju/agents/unit-opensearch-0/charm/lib/charms/opensearch/v0/opensearch_distro.py", line 259, in call
    response = s.request(**request_kwargs)
  File "/var/lib/juju/agents/unit-opensearch-0/charm/venv/requests/sessions.py", line 589, in request
    resp = self.send(prep, **send_kwargs)
  File "/var/lib/juju/agents/unit-opensearch-0/charm/venv/requests/sessions.py", line 703, in send
    r = adapter.send(request, **kwargs)
  File "/var/lib/juju/agents/unit-opensearch-0/charm/venv/requests/adapters.py", line 713, in send
    raise ReadTimeout(e, request=request)
requests.exceptions.ReadTimeout: HTTPSConnectionPool(host='10.95.177.75', port=9200): Read timed out. (read timeout=5)

During handling of the above exception, another exception occurred:

Traceback (most recent call last):
  File "/var/lib/juju/agents/unit-opensearch-0/charm/lib/charms/opensearch/v0/opensearch_locking.py", line 287, in acquired
    response = self._opensearch.request(
  File "/var/lib/juju/agents/unit-opensearch-0/charm/lib/charms/opensearch/v0/opensearch_distro.py", line 301, in request
    raise OpenSearchHttpError(response_text=str(e))
charms.opensearch.v0.opensearch_exceptions.OpenSearchHttpError: HTTP error self.response_code=None
self.response_text="HTTPSConnectionPool(host='10.95.177.75', port=9200): Read timed out. (read timeout=5)"
unit-opensearch-0: 02:25:54 ERROR unit.opensearch/0.juju-log timed out
unit-opensearch-0: 02:25:59 ERROR unit.opensearch/0.juju-log timed out
unit-opensearch-0: 02:26:01 ERROR unit.opensearch/0.juju-log [Errno 113] No route to host
unit-opensearch-0: 02:26:04 ERROR unit.opensearch/0.juju-log [Errno 113] No route to host
unit-opensearch-0: 02:26:07 ERROR unit.opensearch/0.juju-log [Errno 113] No route to host
unit-opensearch-0: 02:26:08 ERROR unit.opensearch/0.juju-log [Errno 111] Connection refused
unit-opensearch-0: 02:26:08 ERROR unit.opensearch/0.juju-log Cannot connect to the OpenSearch server...
unit-opensearch-2: 02:26:09 ERROR unit.opensearch/2.juju-log [Errno 113] No route to host
unit-opensearch-2: 02:26:09 ERROR unit.opensearch/2.juju-log [Errno 111] Connection refused
unit-opensearch-2: 02:26:09 ERROR unit.opensearch/2.juju-log [Errno 111] Connection refused
unit-opensearch-0: 02:26:10 ERROR unit.opensearch/0.juju-log [Errno 113] No route to host
unit-opensearch-0: 02:26:10 ERROR unit.opensearch/0.juju-log [Errno 111] Connection refused
unit-opensearch-2: 02:26:12 ERROR unit.opensearch/2.juju-log [Errno 113] No route to host
unit-opensearch-0: 02:26:13 ERROR unit.opensearch/0.juju-log [Errno 113] No route to host
unit-opensearch-0: 02:26:13 ERROR unit.opensearch/0.juju-log [Errno 111] Connection refused
unit-opensearch-2: 02:26:15 ERROR unit.opensearch/2.juju-log [Errno 113] No route to host
unit-opensearch-2: 02:26:15 ERROR unit.opensearch/2.juju-log [Errno 111] Connection refused
unit-opensearch-2: 02:26:16 ERROR unit.opensearch/2.juju-log [Errno 111] Connection refused
unit-opensearch-2: 02:26:16 ERROR unit.opensearch/2.juju-log Cannot connect to the OpenSearch server...
unit-opensearch-2: 02:26:16 ERROR unit.opensearch/2.juju-log [Errno 111] Connection refused
unit-opensearch-2: 02:26:16 ERROR unit.opensearch/2.juju-log [Errno 111] Connection refused
unit-opensearch-0: 02:26:17 ERROR unit.opensearch/0.juju-log [Errno 113] No route to host
unit-opensearch-0: 02:26:17 ERROR unit.opensearch/0.juju-log [Errno 111] Connection refused
unit-opensearch-0: 02:26:17 ERROR unit.opensearch/0.juju-log [Errno 111] Connection refused
unit-opensearch-0: 02:26:17 ERROR unit.opensearch/0.juju-log [Errno 111] Connection refused
unit-opensearch-2: 02:26:19 ERROR unit.opensearch/2.juju-log [Errno 113] No route to host
unit-opensearch-2: 02:26:19 ERROR unit.opensearch/2.juju-log [Errno 111] Connection refused
unit-opensearch-0: 02:26:20 ERROR unit.opensearch/0.juju-log [Errno 113] No route to host
unit-opensearch-0: 02:26:20 ERROR unit.opensearch/0.juju-log [Errno 111] Connection refused
unit-opensearch-0: 02:26:21 ERROR unit.opensearch/0.juju-log s3-credentials:6: [Errno 111] Connection refused
unit-opensearch-0: 02:26:21 ERROR unit.opensearch/0.juju-log s3-credentials:6: [Errno 111] Connection refused
unit-opensearch-0: 02:26:21 ERROR unit.opensearch/0.juju-log s3-credentials:6: failed to get root endpoint, implying that this node is offline. Retry once node is online.
unit-opensearch-0: 02:26:22 ERROR unit.opensearch/0.juju-log upgrade-version-a:3: [Errno 111] Connection refused
unit-opensearch-0: 02:26:22 ERROR unit.opensearch/0.juju-log upgrade-version-a:3: [Errno 111] Connection refused
unit-opensearch-0: 02:26:22 ERROR unit.opensearch/0.juju-log upgrade-version-a:3: failed to get root endpoint, implying that this node is offline. Retry once node is online.
unit-opensearch-2: 02:26:22 ERROR unit.opensearch/2.juju-log [Errno 113] No route to host
unit-opensearch-2: 02:26:22 ERROR unit.opensearch/2.juju-log [Errno 111] Connection refused
unit-opensearch-2: 02:26:22 ERROR unit.opensearch/2.juju-log [Errno 111] Connection refused
unit-opensearch-2: 02:26:22 ERROR unit.opensearch/2.juju-log [Errno 111] Connection refused
unit-opensearch-0: 02:26:23 ERROR unit.opensearch/0.juju-log certificates:4: [Errno 111] Connection refused
unit-opensearch-0: 02:26:23 ERROR unit.opensearch/0.juju-log certificates:4: [Errno 111] Connection refused
unit-opensearch-0: 02:26:23 ERROR unit.opensearch/0.juju-log certificates:4: failed to get root endpoint, implying that this node is offline. Retry once node is online.
unit-opensearch-0: 02:26:24 ERROR unit.opensearch/0.juju-log opensearch-peers:1: [Errno 111] Connection refused
unit-opensearch-0: 02:26:24 ERROR unit.opensearch/0.juju-log opensearch-peers:1: [Errno 111] Connection refused
unit-opensearch-0: 02:26:24 ERROR unit.opensearch/0.juju-log opensearch-peers:1: failed to get root endpoint, implying that this node is offline. Retry once node is online.
unit-opensearch-0: 02:26:24 ERROR unit.opensearch/0.juju-log opensearch-peers:1: [Errno 111] Connection refused
unit-opensearch-0: 02:26:25 ERROR unit.opensearch/0.juju-log opensearch-peers:1: [Errno 111] Connection refused
unit-opensearch-0: 02:26:25 ERROR unit.opensearch/0.juju-log opensearch-peers:1: [Errno 111] Connection refused
unit-opensearch-0: 02:26:25 ERROR unit.opensearch/0.juju-log opensearch-peers:1: failed to get root endpoint, implying that this node is offline. Retry once node is online.
unit-opensearch-0: 02:26:25 ERROR unit.opensearch/0.juju-log opensearch-peers:1: [Errno 111] Connection refused
unit-opensearch-2: 02:26:25 ERROR unit.opensearch/2.juju-log [Errno 113] No route to host
unit-opensearch-2: 02:26:25 ERROR unit.opensearch/2.juju-log [Errno 111] Connection refused
unit-opensearch-2: 02:26:25 ERROR unit.opensearch/2.juju-log [Errno 111] Connection refused
unit-opensearch-2: 02:26:25 ERROR unit.opensearch/2.juju-log [Errno 111] Connection refused
unit-opensearch-0: 02:26:26 ERROR unit.opensearch/0.juju-log node-lock-fallback:2: [Errno 111] Connection refused
unit-opensearch-0: 02:26:26 ERROR unit.opensearch/0.juju-log node-lock-fallback:2: [Errno 111] Connection refused
unit-opensearch-0: 02:26:26 ERROR unit.opensearch/0.juju-log node-lock-fallback:2: failed to get root endpoint, implying that this node is offline. Retry once node is online.
unit-opensearch-0: 02:26:27 ERROR unit.opensearch/0.juju-log node-lock-fallback:2: [Errno 111] Connection refused
unit-opensearch-0: 02:26:27 ERROR unit.opensearch/0.juju-log node-lock-fallback:2: [Errno 111] Connection refused
unit-opensearch-0: 02:26:27 ERROR unit.opensearch/0.juju-log node-lock-fallback:2: failed to get root endpoint, implying that this node is offline. Retry once node is online.
unit-opensearch-0: 02:26:28 ERROR unit.opensearch/0.juju-log upgrade-version-a:3: [Errno 111] Connection refused
unit-opensearch-0: 02:26:28 ERROR unit.opensearch/0.juju-log upgrade-version-a:3: [Errno 111] Connection refused
unit-opensearch-0: 02:26:28 ERROR unit.opensearch/0.juju-log upgrade-version-a:3: failed to get root endpoint, implying that this node is offline. Retry once node is online.
unit-opensearch-2: 02:26:28 ERROR unit.opensearch/2.juju-log [Errno 113] No route to host
unit-opensearch-0: 02:26:29 ERROR unit.opensearch/0.juju-log certificates:4: [Errno 111] Connection refused
unit-opensearch-0: 02:26:29 ERROR unit.opensearch/0.juju-log certificates:4: [Errno 111] Connection refused
unit-opensearch-0: 02:26:29 ERROR unit.opensearch/0.juju-log certificates:4: failed to get root endpoint, implying that this node is offline. Retry once node is online.
unit-opensearch-0: 02:26:30 ERROR unit.opensearch/0.juju-log [Errno 111] Connection refused
unit-opensearch-0: 02:26:30 ERROR unit.opensearch/0.juju-log [Errno 111] Connection refused
unit-opensearch-0: 02:26:30 ERROR unit.opensearch/0.juju-log failed to get root endpoint, implying that this node is offline. Retry once node is online.
unit-opensearch-0: 02:26:31 ERROR unit.opensearch/0.juju-log [Errno 111] Connection refused
unit-opensearch-0: 02:26:31 ERROR unit.opensearch/0.juju-log [Errno 111] Connection refused
unit-opensearch-0: 02:26:31 ERROR unit.opensearch/0.juju-log failed to get root endpoint, implying that this node is offline. Retry once node is online.
unit-opensearch-2: 02:26:34 ERROR unit.opensearch/2.juju-log opensearch-peers:1: [Errno 111] Connection refused
unit-opensearch-2: 02:26:37 ERROR unit.opensearch/2.juju-log s3-credentials:6: [Errno 111] Connection refused
unit-opensearch-2: 02:26:37 ERROR unit.opensearch/2.juju-log s3-credentials:6: [Errno 111] Connection refused
unit-opensearch-2: 02:26:37 ERROR unit.opensearch/2.juju-log s3-credentials:6: failed to get root endpoint, implying that this node is offline. Retry once node is online.
unit-opensearch-2: 02:26:38 ERROR unit.opensearch/2.juju-log opensearch-peers:1: [Errno 111] Connection refused
unit-opensearch-2: 02:26:38 ERROR unit.opensearch/2.juju-log opensearch-peers:1: [Errno 111] Connection refused
unit-opensearch-2: 02:26:38 ERROR unit.opensearch/2.juju-log opensearch-peers:1: failed to get root endpoint, implying that this node is offline. Retry once node is online.
unit-opensearch-2: 02:26:38 ERROR unit.opensearch/2.juju-log opensearch-peers:1: [Errno 111] Connection refused
unit-opensearch-2: 02:26:39 ERROR unit.opensearch/2.juju-log [Errno 111] Connection refused
unit-opensearch-2: 02:26:39 ERROR unit.opensearch/2.juju-log [Errno 111] Connection refused
unit-opensearch-2: 02:26:39 ERROR unit.opensearch/2.juju-log failed to get root endpoint, implying that this node is offline. Retry once node is online.
unit-opensearch-2: 02:26:40 ERROR unit.opensearch/2.juju-log [Errno 111] Connection refused
unit-opensearch-2: 02:26:40 ERROR unit.opensearch/2.juju-log [Errno 111] Connection refused
unit-opensearch-2: 02:26:40 ERROR unit.opensearch/2.juju-log failed to get root endpoint, implying that this node is offline. Retry once node is online.
machine-5: 02:29:39 ERROR juju.worker.dependency "kvm-container-provisioner" manifold worker returned unexpected error: container types not yet available
machine-5: 02:29:39 ERROR juju.worker.dependency "lxd-container-provisioner" manifold worker returned unexpected error: container types not yet available
machine-6: 02:29:39 ERROR juju.worker.dependency "lxd-container-provisioner" manifold worker returned unexpected error: container types not yet available
unit-self-signed-certificates-1: 02:29:40 ERROR juju.worker.meterstatus error running "meter-status-changed": charm missing from disk
machine-6: 02:29:40 ERROR juju.worker.dependency "kvm-container-provisioner" manifold worker returned unexpected error: container types not yet available
unit-s3-integrator-1: 02:29:40 ERROR juju.worker.meterstatus error running "meter-status-changed": charm missing from disk
machine-7: 02:29:50 ERROR juju.worker.dependency "lxd-container-provisioner" manifold worker returned unexpected error: container types not yet available
machine-7: 02:29:50 ERROR juju.worker.dependency "kvm-container-provisioner" manifold worker returned unexpected error: container types not yet available
unit-opensearch-3: 02:29:50 ERROR juju.worker.meterstatus error running "meter-status-changed": charm missing from disk
machine-8: 02:29:55 ERROR juju.worker.dependency "kvm-container-provisioner" manifold worker returned unexpected error: container types not yet available
machine-8: 02:29:55 ERROR juju.worker.dependency "lxd-container-provisioner" manifold worker returned unexpected error: container types not yet available
unit-opensearch-4: 02:29:55 ERROR juju.worker.meterstatus error running "meter-status-changed": charm missing from disk
machine-9: 02:29:59 ERROR juju.worker.dependency "kvm-container-provisioner" manifold worker returned unexpected error: container types not yet available
machine-9: 02:29:59 ERROR juju.worker.dependency "lxd-container-provisioner" manifold worker returned unexpected error: container types not yet available
unit-opensearch-5: 02:29:59 ERROR juju.worker.meterstatus error running "meter-status-changed": charm missing from disk
unit-opensearch-5: 02:32:58 ERROR unit.opensearch/5.juju-log [Errno 111] Connection refused
unit-opensearch-4: 02:32:59 ERROR unit.opensearch/4.juju-log [Errno 111] Connection refused
unit-opensearch-5: 02:32:59 ERROR unit.opensearch/5.juju-log node-lock-fallback:9: [Errno 111] Connection refused
unit-opensearch-4: 02:33:00 ERROR unit.opensearch/4.juju-log certificates:11: [Errno 111] Connection refused
unit-opensearch-5: 02:33:00 ERROR unit.opensearch/5.juju-log certificates:11: [Errno 111] Connection refused
unit-opensearch-4: 02:33:00 ERROR unit.opensearch/4.juju-log certificates:11: CA cert not found, quitting.
unit-opensearch-5: 02:33:00 ERROR unit.opensearch/5.juju-log certificates:11: CA cert not found, quitting.
unit-opensearch-4: 02:33:00 ERROR unit.opensearch/4.juju-log certificates:11: CA cert not found, quitting.
unit-opensearch-5: 02:33:00 ERROR unit.opensearch/5.juju-log certificates:11: CA cert not found, quitting.
unit-opensearch-4: 02:33:01 ERROR unit.opensearch/4.juju-log [Errno 111] Connection refused
unit-opensearch-5: 02:33:01 ERROR unit.opensearch/5.juju-log [Errno 111] Connection refused
unit-opensearch-4: 02:33:01 ERROR unit.opensearch/4.juju-log CA cert not found, quitting.
unit-opensearch-5: 02:33:01 ERROR unit.opensearch/5.juju-log CA cert not found, quitting.
unit-opensearch-4: 02:33:01 ERROR unit.opensearch/4.juju-log CA cert not found, quitting.
unit-opensearch-5: 02:33:01 ERROR unit.opensearch/5.juju-log CA cert not found, quitting.
unit-opensearch-4: 02:33:02 ERROR unit.opensearch/4.juju-log [Errno 111] Connection refused
unit-opensearch-5: 02:33:02 ERROR unit.opensearch/5.juju-log [Errno 111] Connection refused
unit-opensearch-4: 02:33:02 ERROR unit.opensearch/4.juju-log CA cert not found, quitting.
unit-opensearch-5: 02:33:02 ERROR unit.opensearch/5.juju-log CA cert not found, quitting.
unit-opensearch-3: 02:33:02 ERROR unit.opensearch/3.juju-log [Errno 111] Connection refused
unit-opensearch-4: 02:33:02 ERROR unit.opensearch/4.juju-log CA cert not found, quitting.
unit-opensearch-5: 02:33:02 ERROR unit.opensearch/5.juju-log CA cert not found, quitting.
unit-opensearch-3: 02:33:03 ERROR unit.opensearch/3.juju-log certificates:11: [Errno 111] Connection refused
unit-opensearch-4: 02:33:03 ERROR unit.opensearch/4.juju-log [Errno 111] Connection refused
unit-opensearch-5: 02:33:04 ERROR unit.opensearch/5.juju-log [Errno 111] Connection refused
unit-opensearch-3: 02:33:05 ERROR unit.opensearch/3.juju-log opensearch-peers:8: [Errno 111] Connection refused
unit-opensearch-3: 02:33:05 ERROR unit.opensearch/3.juju-log opensearch-peers:8: [Errno 111] Connection refused
unit-opensearch-3: 02:33:05 ERROR unit.opensearch/3.juju-log opensearch-peers:8: [Errno 111] Connection refused
unit-opensearch-3: 02:33:06 ERROR unit.opensearch/3.juju-log opensearch-peers:8: [Errno 111] Connection refused
unit-opensearch-3: 02:33:07 ERROR unit.opensearch/3.juju-log node-lock-fallback:9: [Errno 111] Connection refused
unit-opensearch-4: 02:33:08 ERROR unit.opensearch/4.juju-log [Errno 111] Connection refused
unit-opensearch-3: 02:33:08 ERROR unit.opensearch/3.juju-log certificates:11: [Errno 111] Connection refused
unit-opensearch-5: 02:33:08 ERROR unit.opensearch/5.juju-log [Errno 111] Connection refused
unit-opensearch-4: 02:33:09 ERROR unit.opensearch/4.juju-log [Errno 111] Connection refused
unit-opensearch-5: 02:33:09 ERROR unit.opensearch/5.juju-log [Errno 111] Connection refused
unit-opensearch-4: 02:33:10 ERROR unit.opensearch/4.juju-log [Errno 111] Connection refused
unit-opensearch-5: 02:33:10 ERROR unit.opensearch/5.juju-log [Errno 111] Connection refused
unit-opensearch-4: 02:33:11 ERROR unit.opensearch/4.juju-log [Errno 111] Connection refused
unit-opensearch-5: 02:33:11 ERROR unit.opensearch/5.juju-log [Errno 111] Connection refused
unit-opensearch-3: 02:33:12 ERROR unit.opensearch/3.juju-log [Errno 111] Connection refused
unit-opensearch-4: 02:33:12 ERROR unit.opensearch/4.juju-log [Errno 111] Connection refused
unit-opensearch-5: 02:33:12 ERROR unit.opensearch/5.juju-log [Errno 111] Connection refused
unit-opensearch-3: 02:33:13 ERROR unit.opensearch/3.juju-log [Errno 111] Connection refused
unit-opensearch-4: 02:33:13 ERROR unit.opensearch/4.juju-log [Errno 111] Connection refused
unit-opensearch-5: 02:33:13 ERROR unit.opensearch/5.juju-log [Errno 111] Connection refused
unit-opensearch-4: 02:33:13 ERROR unit.opensearch/4.juju-log [Errno 111] Connection refused
unit-opensearch-4: 02:33:13 ERROR unit.opensearch/4.juju-log Cannot connect to the OpenSearch server...
unit-opensearch-4: 02:33:13 ERROR unit.opensearch/4.juju-log [Errno 111] Connection refused
unit-opensearch-5: 02:33:13 ERROR unit.opensearch/5.juju-log [Errno 111] Connection refused
unit-opensearch-5: 02:33:13 ERROR unit.opensearch/5.juju-log Cannot connect to the OpenSearch server...
unit-opensearch-5: 02:33:13 ERROR unit.opensearch/5.juju-log [Errno 111] Connection refused
unit-opensearch-3: 02:33:14 ERROR unit.opensearch/3.juju-log [Errno 111] Connection refused
unit-opensearch-4: 02:33:14 ERROR unit.opensearch/4.juju-log [Errno 111] Connection refused
unit-opensearch-4: 02:33:14 ERROR unit.opensearch/4.juju-log Cannot connect to the OpenSearch server...
unit-opensearch-4: 02:33:14 ERROR unit.opensearch/4.juju-log [Errno 111] Connection refused
unit-opensearch-5: 02:33:14 ERROR unit.opensearch/5.juju-log [Errno 111] Connection refused
unit-opensearch-5: 02:33:14 ERROR unit.opensearch/5.juju-log Cannot connect to the OpenSearch server...
unit-opensearch-5: 02:33:14 ERROR unit.opensearch/5.juju-log [Errno 111] Connection refused
unit-opensearch-3: 02:33:15 ERROR unit.opensearch/3.juju-log upgrade-version-a:10: [Errno 111] Connection refused
unit-opensearch-3: 02:33:15 ERROR unit.opensearch/3.juju-log upgrade-version-a:10: [Errno 111] Connection refused
unit-opensearch-3: 02:33:15 ERROR unit.opensearch/3.juju-log upgrade-version-a:10: Cannot connect to the OpenSearch server...
unit-opensearch-3: 02:33:15 ERROR unit.opensearch/3.juju-log upgrade-version-a:10: [Errno 111] Connection refused
unit-opensearch-4: 02:33:15 ERROR unit.opensearch/4.juju-log [Errno 111] Connection refused
unit-opensearch-4: 02:33:15 ERROR unit.opensearch/4.juju-log Cannot connect to the OpenSearch server...
unit-opensearch-4: 02:33:15 ERROR unit.opensearch/4.juju-log [Errno 111] Connection refused
unit-opensearch-5: 02:33:15 ERROR unit.opensearch/5.juju-log [Errno 111] Connection refused
unit-opensearch-5: 02:33:15 ERROR unit.opensearch/5.juju-log Cannot connect to the OpenSearch server...
unit-opensearch-5: 02:33:15 ERROR unit.opensearch/5.juju-log [Errno 111] Connection refused
unit-opensearch-3: 02:33:16 ERROR unit.opensearch/3.juju-log [Errno 111] Connection refused
unit-opensearch-3: 02:33:16 ERROR unit.opensearch/3.juju-log Cannot connect to the OpenSearch server...
unit-opensearch-3: 02:33:16 ERROR unit.opensearch/3.juju-log [Errno 111] Connection refused
unit-opensearch-4: 02:33:16 ERROR unit.opensearch/4.juju-log [Errno 111] Connection refused
unit-opensearch-4: 02:33:16 ERROR unit.opensearch/4.juju-log Cannot connect to the OpenSearch server...
unit-opensearch-4: 02:33:16 ERROR unit.opensearch/4.juju-log [Errno 111] Connection refused
unit-opensearch-5: 02:33:16 ERROR unit.opensearch/5.juju-log [Errno 111] Connection refused
unit-opensearch-5: 02:33:16 ERROR unit.opensearch/5.juju-log Cannot connect to the OpenSearch server...
unit-opensearch-5: 02:33:16 ERROR unit.opensearch/5.juju-log [Errno 111] Connection refused
unit-opensearch-3: 02:33:16 ERROR unit.opensearch/3.juju-log [Errno 111] Connection refused
unit-opensearch-3: 02:33:16 ERROR unit.opensearch/3.juju-log Cannot connect to the OpenSearch server...
unit-opensearch-3: 02:33:16 ERROR unit.opensearch/3.juju-log [Errno 111] Connection refused
unit-opensearch-3: 02:33:16 ERROR unit.opensearch/3.juju-log Cannot connect to the OpenSearch server...
unit-opensearch-4: 02:33:17 ERROR unit.opensearch/4.juju-log [Errno 111] Connection refused
unit-opensearch-4: 02:33:17 ERROR unit.opensearch/4.juju-log Cannot connect to the OpenSearch server...
unit-opensearch-4: 02:33:17 ERROR unit.opensearch/4.juju-log [Errno 111] Connection refused
unit-opensearch-5: 02:33:17 ERROR unit.opensearch/5.juju-log [Errno 111] Connection refused
unit-opensearch-5: 02:33:17 ERROR unit.opensearch/5.juju-log Cannot connect to the OpenSearch server...
unit-opensearch-5: 02:33:18 ERROR unit.opensearch/5.juju-log [Errno 111] Connection refused
unit-opensearch-3: 02:33:20 ERROR unit.opensearch/3.juju-log [Errno 111] Connection refused
unit-opensearch-3: 02:33:21 ERROR unit.opensearch/3.juju-log Cannot connect to the OpenSearch server...
unit-opensearch-3: 02:33:24 ERROR unit.opensearch/3.juju-log [Errno 111] Connection refused
unit-opensearch-3: 02:33:24 ERROR unit.opensearch/3.juju-log Cannot connect to the OpenSearch server...
unit-opensearch-4: 02:33:24 ERROR unit.opensearch/4.juju-log [Errno 111] Connection refused
unit-opensearch-4: 02:33:24 ERROR unit.opensearch/4.juju-log Cannot connect to the OpenSearch server...
unit-opensearch-4: 02:33:24 ERROR unit.opensearch/4.juju-log [Errno 111] Connection refused
unit-opensearch-5: 02:33:27 ERROR unit.opensearch/5.juju-log [Errno 111] Connection refused
unit-opensearch-5: 02:33:27 ERROR unit.opensearch/5.juju-log Cannot connect to the OpenSearch server...
unit-opensearch-3: 02:33:27 ERROR unit.opensearch/3.juju-log [Errno 111] Connection refused
unit-opensearch-3: 02:33:27 ERROR unit.opensearch/3.juju-log Cannot connect to the OpenSearch server...
unit-opensearch-5: 02:33:27 ERROR unit.opensearch/5.juju-log [Errno 111] Connection refused
unit-opensearch-3: 02:33:30 ERROR unit.opensearch/3.juju-log [Errno 111] Connection refused
unit-opensearch-3: 02:33:31 ERROR unit.opensearch/3.juju-log Cannot connect to the OpenSearch server...
unit-opensearch-4: 02:33:34 ERROR unit.opensearch/4.juju-log opensearch-peers:8: [Errno 111] Connection refused
unit-opensearch-4: 02:33:34 ERROR unit.opensearch/4.juju-log opensearch-peers:8: Cannot connect to the OpenSearch server...
unit-opensearch-4: 02:33:34 ERROR unit.opensearch/4.juju-log opensearch-peers:8: [Errno 111] Connection refused
unit-opensearch-3: 02:33:34 ERROR unit.opensearch/3.juju-log [Errno 111] Connection refused
unit-opensearch-3: 02:33:34 ERROR unit.opensearch/3.juju-log Cannot connect to the OpenSearch server...
unit-opensearch-4: 02:33:35 ERROR unit.opensearch/4.juju-log opensearch-peers:8: [Errno 111] Connection refused
unit-opensearch-5: 02:33:35 ERROR unit.opensearch/5.juju-log node-lock-fallback:9: [Errno 111] Connection refused
unit-opensearch-5: 02:33:35 ERROR unit.opensearch/5.juju-log node-lock-fallback:9: Cannot connect to the OpenSearch server...
unit-opensearch-5: 02:33:35 ERROR unit.opensearch/5.juju-log node-lock-fallback:9: [Errno 111] Connection refused
unit-opensearch-4: 02:33:35 ERROR unit.opensearch/4.juju-log opensearch-peers:8: [Errno 111] Connection refused
unit-opensearch-4: 02:33:36 ERROR unit.opensearch/4.juju-log opensearch-peers:8: Cannot connect to the OpenSearch server...
unit-opensearch-4: 02:33:36 ERROR unit.opensearch/4.juju-log opensearch-peers:8: [Errno 111] Connection refused
unit-opensearch-4: 02:33:36 ERROR unit.opensearch/4.juju-log opensearch-peers:8: [Errno 111] Connection refused
unit-opensearch-5: 02:33:36 ERROR unit.opensearch/5.juju-log certificates:11: [Errno 111] Connection refused
unit-opensearch-5: 02:33:36 ERROR unit.opensearch/5.juju-log certificates:11: Cannot connect to the OpenSearch server...
unit-opensearch-5: 02:33:36 ERROR unit.opensearch/5.juju-log certificates:11: [Errno 111] Connection refused
unit-opensearch-3: 02:33:37 ERROR unit.opensearch/3.juju-log [Errno 111] Connection refused
unit-opensearch-3: 02:33:37 ERROR unit.opensearch/3.juju-log Cannot connect to the OpenSearch server...
unit-opensearch-4: 02:33:38 ERROR unit.opensearch/4.juju-log upgrade-version-a:10: [Errno 111] Connection refused
unit-opensearch-4: 02:33:38 ERROR unit.opensearch/4.juju-log upgrade-version-a:10: Cannot connect to the OpenSearch server...
unit-opensearch-4: 02:33:38 ERROR unit.opensearch/4.juju-log upgrade-version-a:10: [Errno 111] Connection refused
unit-opensearch-4: 02:33:38 ERROR unit.opensearch/4.juju-log upgrade-version-a:10: [Errno 111] Connection refused
unit-opensearch-5: 02:33:39 ERROR unit.opensearch/5.juju-log [Errno 111] Connection refused
unit-opensearch-5: 02:33:39 ERROR unit.opensearch/5.juju-log Cannot connect to the OpenSearch server...
unit-opensearch-5: 02:33:39 ERROR unit.opensearch/5.juju-log [Errno 111] Connection refused
unit-opensearch-4: 02:33:39 ERROR unit.opensearch/4.juju-log certificates:11: [Errno 111] Connection refused
unit-opensearch-4: 02:33:39 ERROR unit.opensearch/4.juju-log certificates:11: Cannot connect to the OpenSearch server...
unit-opensearch-4: 02:33:39 ERROR unit.opensearch/4.juju-log certificates:11: [Errno 111] Connection refused
unit-opensearch-4: 02:33:39 ERROR unit.opensearch/4.juju-log certificates:11: [Errno 111] Connection refused
unit-opensearch-5: 02:33:40 ERROR unit.opensearch/5.juju-log [Errno 111] Connection refused
unit-opensearch-5: 02:33:40 ERROR unit.opensearch/5.juju-log Cannot connect to the OpenSearch server...
unit-opensearch-5: 02:33:40 ERROR unit.opensearch/5.juju-log [Errno 111] Connection refused
unit-opensearch-3: 02:33:40 ERROR unit.opensearch/3.juju-log [Errno 111] Connection refused
unit-opensearch-3: 02:33:40 ERROR unit.opensearch/3.juju-log Cannot connect to the OpenSearch server...
unit-opensearch-4: 02:33:41 ERROR unit.opensearch/4.juju-log [Errno 111] Connection refused
unit-opensearch-4: 02:33:41 ERROR unit.opensearch/4.juju-log Cannot connect to the OpenSearch server...
unit-opensearch-4: 02:33:41 ERROR unit.opensearch/4.juju-log [Errno 111] Connection refused
unit-opensearch-4: 02:33:41 ERROR unit.opensearch/4.juju-log [Errno 111] Connection refused
unit-opensearch-5: 02:33:41 ERROR unit.opensearch/5.juju-log [Errno 111] Connection refused
unit-opensearch-5: 02:33:41 ERROR unit.opensearch/5.juju-log Cannot connect to the OpenSearch server...
unit-opensearch-5: 02:33:41 ERROR unit.opensearch/5.juju-log [Errno 111] Connection refused
unit-opensearch-4: 02:33:42 ERROR unit.opensearch/4.juju-log [Errno 111] Connection refused
unit-opensearch-4: 02:33:42 ERROR unit.opensearch/4.juju-log Cannot connect to the OpenSearch server...
unit-opensearch-4: 02:33:42 ERROR unit.opensearch/4.juju-log [Errno 111] Connection refused
unit-opensearch-4: 02:33:42 ERROR unit.opensearch/4.juju-log [Errno 111] Connection refused
unit-opensearch-5: 02:33:42 ERROR unit.opensearch/5.juju-log [Errno 111] Connection refused
unit-opensearch-5: 02:33:42 ERROR unit.opensearch/5.juju-log Cannot connect to the OpenSearch server...
unit-opensearch-5: 02:33:42 ERROR unit.opensearch/5.juju-log [Errno 111] Connection refused
unit-opensearch-4: 02:33:43 ERROR unit.opensearch/4.juju-log opensearch-peers:8: [Errno 111] Connection refused
unit-opensearch-4: 02:33:43 ERROR unit.opensearch/4.juju-log opensearch-peers:8: Cannot connect to the OpenSearch server...
unit-opensearch-5: 02:33:43 ERROR unit.opensearch/5.juju-log certificates:11: [Errno 111] Connection refused
unit-opensearch-5: 02:33:43 ERROR unit.opensearch/5.juju-log certificates:11: Cannot connect to the OpenSearch server...
unit-opensearch-5: 02:33:43 ERROR unit.opensearch/5.juju-log certificates:11: [Errno 111] Connection refused
unit-opensearch-4: 02:33:43 ERROR unit.opensearch/4.juju-log opensearch-peers:8: [Errno 111] Connection refused
unit-opensearch-4: 02:33:43 ERROR unit.opensearch/4.juju-log opensearch-peers:8: [Errno 111] Connection refused
unit-opensearch-3: 02:33:43 ERROR unit.opensearch/3.juju-log [Errno 111] Connection refused
unit-opensearch-3: 02:33:43 ERROR unit.opensearch/3.juju-log Cannot connect to the OpenSearch server...
unit-opensearch-4: 02:33:43 ERROR unit.opensearch/4.juju-log opensearch-peers:8: [Errno 111] Connection refused
unit-opensearch-4: 02:33:43 ERROR unit.opensearch/4.juju-log opensearch-peers:8: [Errno 111] Connection refused
unit-opensearch-4: 02:33:43 ERROR unit.opensearch/4.juju-log opensearch-peers:8: [Errno 111] Connection refused
unit-opensearch-4: 02:33:43 ERROR unit.opensearch/4.juju-log opensearch-peers:8: [Errno 111] Connection refused
unit-opensearch-4: 02:33:43 ERROR unit.opensearch/4.juju-log opensearch-peers:8: [Errno 111] Connection refused
unit-opensearch-4: 02:33:43 ERROR unit.opensearch/4.juju-log opensearch-peers:8: [Errno 111] Connection refused
unit-opensearch-5: 02:33:44 ERROR unit.opensearch/5.juju-log node-lock-fallback:9: [Errno 111] Connection refused
unit-opensearch-5: 02:33:44 ERROR unit.opensearch/5.juju-log node-lock-fallback:9: Cannot connect to the OpenSearch server...
unit-opensearch-5: 02:33:44 ERROR unit.opensearch/5.juju-log node-lock-fallback:9: [Errno 111] Connection refused
unit-opensearch-4: 02:33:44 ERROR unit.opensearch/4.juju-log [Errno 111] Connection refused
unit-opensearch-4: 02:33:44 ERROR unit.opensearch/4.juju-log Cannot connect to the OpenSearch server...
unit-opensearch-4: 02:33:44 ERROR unit.opensearch/4.juju-log [Errno 111] Connection refused
unit-opensearch-4: 02:33:44 ERROR unit.opensearch/4.juju-log [Errno 111] Connection refused
unit-opensearch-5: 02:33:45 ERROR unit.opensearch/5.juju-log upgrade-version-a:10: [Errno 111] Connection refused
unit-opensearch-5: 02:33:45 ERROR unit.opensearch/5.juju-log upgrade-version-a:10: Cannot connect to the OpenSearch server...
unit-opensearch-5: 02:33:45 ERROR unit.opensearch/5.juju-log upgrade-version-a:10: [Errno 111] Connection refused
unit-opensearch-4: 02:33:45 ERROR unit.opensearch/4.juju-log [Errno 111] Connection refused
unit-opensearch-4: 02:33:45 ERROR unit.opensearch/4.juju-log Cannot connect to the OpenSearch server...
unit-opensearch-4: 02:33:45 ERROR unit.opensearch/4.juju-log [Errno 111] Connection refused
unit-opensearch-4: 02:33:45 ERROR unit.opensearch/4.juju-log [Errno 111] Connection refused
unit-opensearch-5: 02:33:46 ERROR unit.opensearch/5.juju-log node-lock-fallback:9: [Errno 111] Connection refused
unit-opensearch-5: 02:33:46 ERROR unit.opensearch/5.juju-log node-lock-fallback:9: Cannot connect to the OpenSearch server...
unit-opensearch-3: 02:33:46 ERROR unit.opensearch/3.juju-log [Errno 111] Connection refused
unit-opensearch-3: 02:33:46 ERROR unit.opensearch/3.juju-log Cannot connect to the OpenSearch server...
unit-opensearch-5: 02:33:46 ERROR unit.opensearch/5.juju-log node-lock-fallback:9: [Errno 111] Connection refused
unit-opensearch-4: 02:33:46 ERROR unit.opensearch/4.juju-log opensearch-peers:8: [Errno 111] Connection refused
unit-opensearch-4: 02:33:46 ERROR unit.opensearch/4.juju-log opensearch-peers:8: Cannot connect to the OpenSearch server...
unit-opensearch-4: 02:33:46 ERROR unit.opensearch/4.juju-log opensearch-peers:8: [Errno 111] Connection refused
unit-opensearch-4: 02:33:46 ERROR unit.opensearch/4.juju-log opensearch-peers:8: [Errno 111] Connection refused
unit-opensearch-4: 02:33:46 ERROR unit.opensearch/4.juju-log opensearch-peers:8: [Errno 111] Connection refused
unit-opensearch-5: 02:33:47 ERROR unit.opensearch/5.juju-log opensearch-peers:8: [Errno 111] Connection refused
unit-opensearch-5: 02:33:47 ERROR unit.opensearch/5.juju-log opensearch-peers:8: Cannot connect to the OpenSearch server...
unit-opensearch-5: 02:33:47 ERROR unit.opensearch/5.juju-log opensearch-peers:8: [Errno 111] Connection refused
unit-opensearch-5: 02:33:47 ERROR unit.opensearch/5.juju-log opensearch-peers:8: [Errno 111] Connection refused
unit-opensearch-4: 02:33:47 ERROR unit.opensearch/4.juju-log opensearch-peers:8: [Errno 111] Connection refused
unit-opensearch-4: 02:33:47 ERROR unit.opensearch/4.juju-log opensearch-peers:8: Cannot connect to the OpenSearch server...
unit-opensearch-4: 02:33:47 ERROR unit.opensearch/4.juju-log opensearch-peers:8: [Errno 111] Connection refused
unit-opensearch-4: 02:33:48 ERROR unit.opensearch/4.juju-log opensearch-peers:8: [Errno 111] Connection refused
unit-opensearch-4: 02:33:48 ERROR unit.opensearch/4.juju-log opensearch-peers:8: [Errno 111] Connection refused
unit-opensearch-4: 02:33:48 ERROR unit.opensearch/4.juju-log opensearch-peers:8: [Errno 111] Connection refused
unit-opensearch-4: 02:33:48 ERROR unit.opensearch/4.juju-log opensearch-peers:8: [Errno 111] Connection refused
unit-opensearch-4: 02:33:48 ERROR unit.opensearch/4.juju-log opensearch-peers:8: [Errno 111] Connection refused
unit-opensearch-4: 02:33:48 ERROR unit.opensearch/4.juju-log opensearch-peers:8: [Errno 111] Connection refused
unit-opensearch-4: 02:33:48 ERROR unit.opensearch/4.juju-log opensearch-peers:8: [Errno 111] Connection refused
unit-opensearch-4: 02:33:48 ERROR unit.opensearch/4.juju-log opensearch-peers:8: [Errno 111] Connection refused
unit-opensearch-4: 02:33:48 ERROR unit.opensearch/4.juju-log opensearch-peers:8: [Errno 111] Connection refused
unit-opensearch-4: 02:33:48 ERROR unit.opensearch/4.juju-log opensearch-peers:8: [Errno 111] Connection refused
unit-opensearch-4: 02:33:48 ERROR unit.opensearch/4.juju-log opensearch-peers:8: [Errno 111] Connection refused
unit-opensearch-5: 02:33:48 ERROR unit.opensearch/5.juju-log node-lock-fallback:9: [Errno 111] Connection refused
unit-opensearch-5: 02:33:48 ERROR unit.opensearch/5.juju-log node-lock-fallback:9: Cannot connect to the OpenSearch server...
unit-opensearch-5: 02:33:48 ERROR unit.opensearch/5.juju-log node-lock-fallback:9: [Errno 111] Connection refused
unit-opensearch-4: 02:33:49 ERROR unit.opensearch/4.juju-log node-lock-fallback:9: [Errno 111] Connection refused
unit-opensearch-4: 02:33:49 ERROR unit.opensearch/4.juju-log node-lock-fallback:9: Cannot connect to the OpenSearch server...
unit-opensearch-4: 02:33:49 ERROR unit.opensearch/4.juju-log node-lock-fallback:9: [Errno 111] Connection refused
unit-opensearch-4: 02:33:49 ERROR unit.opensearch/4.juju-log node-lock-fallback:9: [Errno 111] Connection refused
unit-opensearch-4: 02:33:49 ERROR unit.opensearch/4.juju-log node-lock-fallback:9: [Errno 111] Connection refused
unit-opensearch-5: 02:33:49 ERROR unit.opensearch/5.juju-log certificates:11: [Errno 111] Connection refused
unit-opensearch-5: 02:33:49 ERROR unit.opensearch/5.juju-log certificates:11: Cannot connect to the OpenSearch server...
unit-opensearch-5: 02:33:49 ERROR unit.opensearch/5.juju-log certificates:11: [Errno 111] Connection refused
unit-opensearch-4: 02:33:50 ERROR unit.opensearch/4.juju-log upgrade-version-a:10: [Errno 111] Connection refused
unit-opensearch-4: 02:33:50 ERROR unit.opensearch/4.juju-log upgrade-version-a:10: Cannot connect to the OpenSearch server...
unit-opensearch-4: 02:33:50 ERROR unit.opensearch/4.juju-log upgrade-version-a:10: [Errno 111] Connection refused
unit-opensearch-4: 02:33:50 ERROR unit.opensearch/4.juju-log upgrade-version-a:10: [Errno 111] Connection refused
unit-opensearch-4: 02:33:51 ERROR unit.opensearch/4.juju-log opensearch-peers:8: [Errno 111] Connection refused
unit-opensearch-4: 02:33:51 ERROR unit.opensearch/4.juju-log opensearch-peers:8: Cannot connect to the OpenSearch server...
unit-opensearch-4: 02:33:52 ERROR unit.opensearch/4.juju-log opensearch-peers:8: [Errno 111] Connection refused
unit-opensearch-4: 02:33:52 ERROR unit.opensearch/4.juju-log opensearch-peers:8: [Errno 111] Connection refused
unit-opensearch-5: 02:33:52 ERROR unit.opensearch/5.juju-log [Errno 111] Connection refused
unit-opensearch-5: 02:33:52 ERROR unit.opensearch/5.juju-log Cannot connect to the OpenSearch server...
unit-opensearch-4: 02:33:52 ERROR unit.opensearch/4.juju-log opensearch-peers:8: [Errno 111] Connection refused
unit-opensearch-5: 02:33:52 ERROR unit.opensearch/5.juju-log [Errno 111] Connection refused
unit-opensearch-4: 02:33:52 ERROR unit.opensearch/4.juju-log opensearch-peers:8: [Errno 111] Connection refused
unit-opensearch-4: 02:33:53 ERROR unit.opensearch/4.juju-log node-lock-fallback:9: [Errno 111] Connection refused
unit-opensearch-4: 02:33:53 ERROR unit.opensearch/4.juju-log node-lock-fallback:9: Cannot connect to the OpenSearch server...
unit-opensearch-4: 02:33:53 ERROR unit.opensearch/4.juju-log node-lock-fallback:9: [Errno 111] Connection refused
unit-opensearch-5: 02:33:53 ERROR unit.opensearch/5.juju-log [Errno 111] Connection refused
unit-opensearch-5: 02:33:53 ERROR unit.opensearch/5.juju-log Cannot connect to the OpenSearch server...
unit-opensearch-5: 02:33:53 ERROR unit.opensearch/5.juju-log [Errno 111] Connection refused
unit-opensearch-4: 02:33:53 ERROR unit.opensearch/4.juju-log node-lock-fallback:9: [Errno 111] Connection refused
unit-opensearch-5: 02:33:54 ERROR unit.opensearch/5.juju-log node-lock-fallback:9: [Errno 111] Connection refused
unit-opensearch-5: 02:33:54 ERROR unit.opensearch/5.juju-log node-lock-fallback:9: Cannot connect to the OpenSearch server...
unit-opensearch-4: 02:33:54 ERROR unit.opensearch/4.juju-log opensearch-peers:8: [Errno 111] Connection refused
unit-opensearch-4: 02:33:54 ERROR unit.opensearch/4.juju-log opensearch-peers:8: Cannot connect to the OpenSearch server...
unit-opensearch-5: 02:33:54 ERROR unit.opensearch/5.juju-log node-lock-fallback:9: [Errno 111] Connection refused
unit-opensearch-4: 02:33:54 ERROR unit.opensearch/4.juju-log opensearch-peers:8: [Errno 111] Connection refused
unit-opensearch-4: 02:33:54 ERROR unit.opensearch/4.juju-log opensearch-peers:8: [Errno 111] Connection refused
unit-opensearch-4: 02:33:54 ERROR unit.opensearch/4.juju-log opensearch-peers:8: [Errno 111] Connection refused
unit-opensearch-4: 02:33:54 ERROR unit.opensearch/4.juju-log opensearch-peers:8: [Errno 111] Connection refused
unit-opensearch-4: 02:33:54 ERROR unit.opensearch/4.juju-log opensearch-peers:8: [Errno 111] Connection refused
unit-opensearch-4: 02:33:54 ERROR unit.opensearch/4.juju-log opensearch-peers:8: [Errno 111] Connection refused
unit-opensearch-4: 02:33:54 ERROR unit.opensearch/4.juju-log opensearch-peers:8: [Errno 111] Connection refused
unit-opensearch-4: 02:33:54 ERROR unit.opensearch/4.juju-log opensearch-peers:8: [Errno 111] Connection refused
unit-opensearch-5: 02:33:55 ERROR unit.opensearch/5.juju-log [Errno 111] Connection refused
unit-opensearch-5: 02:33:55 ERROR unit.opensearch/5.juju-log Cannot connect to the OpenSearch server...
unit-opensearch-5: 02:33:55 ERROR unit.opensearch/5.juju-log [Errno 111] Connection refused
unit-opensearch-4: 02:33:55 ERROR unit.opensearch/4.juju-log node-lock-fallback:9: [Errno 111] Connection refused
unit-opensearch-4: 02:33:55 ERROR unit.opensearch/4.juju-log node-lock-fallback:9: Cannot connect to the OpenSearch server...
unit-opensearch-4: 02:33:55 ERROR unit.opensearch/4.juju-log node-lock-fallback:9: [Errno 111] Connection refused
unit-opensearch-4: 02:33:55 ERROR unit.opensearch/4.juju-log node-lock-fallback:9: [Errno 111] Connection refused
unit-opensearch-5: 02:33:56 ERROR unit.opensearch/5.juju-log [Errno 111] Connection refused
unit-opensearch-5: 02:33:56 ERROR unit.opensearch/5.juju-log Cannot connect to the OpenSearch server...
unit-opensearch-5: 02:33:56 ERROR unit.opensearch/5.juju-log [Errno 111] Connection refused
unit-opensearch-4: 02:33:56 ERROR unit.opensearch/4.juju-log opensearch-peers:8: [Errno 111] Connection refused
unit-opensearch-4: 02:33:56 ERROR unit.opensearch/4.juju-log opensearch-peers:8: Cannot connect to the OpenSearch server...
unit-opensearch-4: 02:33:56 ERROR unit.opensearch/4.juju-log opensearch-peers:8: [Errno 111] Connection refused
unit-opensearch-4: 02:33:56 ERROR unit.opensearch/4.juju-log opensearch-peers:8: [Errno 111] Connection refused
unit-opensearch-4: 02:33:56 ERROR unit.opensearch/4.juju-log opensearch-peers:8: [Errno 111] Connection refused
unit-opensearch-4: 02:33:57 ERROR unit.opensearch/4.juju-log opensearch-peers:8: [Errno 111] Connection refused
unit-opensearch-5: 02:33:57 ERROR unit.opensearch/5.juju-log upgrade-version-a:10: [Errno 111] Connection refused
unit-opensearch-5: 02:33:57 ERROR unit.opensearch/5.juju-log upgrade-version-a:10: Cannot connect to the OpenSearch server...
unit-opensearch-5: 02:33:57 ERROR unit.opensearch/5.juju-log upgrade-version-a:10: [Errno 111] Connection refused
unit-opensearch-4: 02:33:57 ERROR unit.opensearch/4.juju-log certificates:11: [Errno 111] Connection refused
unit-opensearch-4: 02:33:57 ERROR unit.opensearch/4.juju-log certificates:11: Cannot connect to the OpenSearch server...
unit-opensearch-4: 02:33:57 ERROR unit.opensearch/4.juju-log certificates:11: [Errno 111] Connection refused
unit-opensearch-4: 02:33:58 ERROR unit.opensearch/4.juju-log certificates:11: [Errno 111] Connection refused
unit-opensearch-5: 02:33:58 ERROR unit.opensearch/5.juju-log node-lock-fallback:9: [Errno 111] Connection refused
unit-opensearch-5: 02:33:58 ERROR unit.opensearch/5.juju-log node-lock-fallback:9: Cannot connect to the OpenSearch server...
unit-opensearch-5: 02:33:58 ERROR unit.opensearch/5.juju-log node-lock-fallback:9: [Errno 111] Connection refused
unit-opensearch-4: 02:33:58 ERROR unit.opensearch/4.juju-log upgrade-version-a:10: [Errno 111] Connection refused
unit-opensearch-4: 02:33:58 ERROR unit.opensearch/4.juju-log upgrade-version-a:10: Cannot connect to the OpenSearch server...
unit-opensearch-4: 02:33:58 ERROR unit.opensearch/4.juju-log upgrade-version-a:10: [Errno 111] Connection refused
unit-opensearch-4: 02:33:58 ERROR unit.opensearch/4.juju-log upgrade-version-a:10: [Errno 111] Connection refused
unit-opensearch-5: 02:33:59 ERROR unit.opensearch/5.juju-log opensearch-peers:8: [Errno 111] Connection refused
unit-opensearch-5: 02:33:59 ERROR unit.opensearch/5.juju-log opensearch-peers:8: Cannot connect to the OpenSearch server...
unit-opensearch-5: 02:33:59 ERROR unit.opensearch/5.juju-log opensearch-peers:8: [Errno 111] Connection refused
unit-opensearch-5: 02:33:59 ERROR unit.opensearch/5.juju-log opensearch-peers:8: [Errno 111] Connection refused
unit-opensearch-4: 02:34:00 ERROR unit.opensearch/4.juju-log upgrade-version-a:10: [Errno 111] Connection refused
unit-opensearch-4: 02:34:00 ERROR unit.opensearch/4.juju-log upgrade-version-a:10: Cannot connect to the OpenSearch server...
unit-opensearch-4: 02:34:00 ERROR unit.opensearch/4.juju-log upgrade-version-a:10: [Errno 111] Connection refused
unit-opensearch-4: 02:34:00 ERROR unit.opensearch/4.juju-log upgrade-version-a:10: [Errno 111] Connection refused
unit-opensearch-5: 02:34:00 ERROR unit.opensearch/5.juju-log opensearch-peers:8: [Errno 111] Connection refused
unit-opensearch-5: 02:34:00 ERROR unit.opensearch/5.juju-log opensearch-peers:8: Cannot connect to the OpenSearch server...
unit-opensearch-5: 02:34:00 ERROR unit.opensearch/5.juju-log opensearch-peers:8: [Errno 111] Connection refused
unit-opensearch-4: 02:34:01 ERROR unit.opensearch/4.juju-log [Errno 111] Connection refused
unit-opensearch-4: 02:34:01 ERROR unit.opensearch/4.juju-log Cannot connect to the OpenSearch server...
unit-opensearch-4: 02:34:01 ERROR unit.opensearch/4.juju-log [Errno 111] Connection refused
unit-opensearch-4: 02:34:01 ERROR unit.opensearch/4.juju-log [Errno 111] Connection refused
unit-opensearch-5: 02:34:01 ERROR unit.opensearch/5.juju-log [Errno 111] Connection refused
unit-opensearch-5: 02:34:01 ERROR unit.opensearch/5.juju-log Cannot connect to the OpenSearch server...
unit-opensearch-5: 02:34:01 ERROR unit.opensearch/5.juju-log [Errno 111] Connection refused
unit-opensearch-4: 02:34:02 ERROR unit.opensearch/4.juju-log upgrade-version-a:10: [Errno 111] Connection refused
unit-opensearch-4: 02:34:02 ERROR unit.opensearch/4.juju-log upgrade-version-a:10: Cannot connect to the OpenSearch server...
unit-opensearch-4: 02:34:02 ERROR unit.opensearch/4.juju-log upgrade-version-a:10: [Errno 111] Connection refused
unit-opensearch-4: 02:34:02 ERROR unit.opensearch/4.juju-log upgrade-version-a:10: [Errno 111] Connection refused
unit-opensearch-5: 02:34:02 ERROR unit.opensearch/5.juju-log opensearch-peers:8: [Errno 111] Connection refused
unit-opensearch-5: 02:34:02 ERROR unit.opensearch/5.juju-log opensearch-peers:8: Cannot connect to the OpenSearch server...
unit-opensearch-5: 02:34:02 ERROR unit.opensearch/5.juju-log opensearch-peers:8: [Errno 111] Connection refused
unit-opensearch-5: 02:34:02 ERROR unit.opensearch/5.juju-log opensearch-peers:8: [Errno 111] Connection refused
unit-opensearch-5: 02:34:02 ERROR unit.opensearch/5.juju-log opensearch-peers:8: [Errno 111] Connection refused
unit-opensearch-5: 02:34:02 ERROR unit.opensearch/5.juju-log opensearch-peers:8: [Errno 111] Connection refused
unit-opensearch-4: 02:34:03 ERROR unit.opensearch/4.juju-log certificates:11: [Errno 111] Connection refused
unit-opensearch-4: 02:34:03 ERROR unit.opensearch/4.juju-log certificates:11: Cannot connect to the OpenSearch server...
unit-opensearch-4: 02:34:03 ERROR unit.opensearch/4.juju-log certificates:11: [Errno 111] Connection refused
unit-opensearch-4: 02:34:03 ERROR unit.opensearch/4.juju-log certificates:11: [Errno 111] Connection refused
unit-opensearch-5: 02:34:03 ERROR unit.opensearch/5.juju-log opensearch-peers:8: [Errno 111] Connection refused
unit-opensearch-5: 02:34:03 ERROR unit.opensearch/5.juju-log opensearch-peers:8: Cannot connect to the OpenSearch server...
unit-opensearch-5: 02:34:03 ERROR unit.opensearch/5.juju-log opensearch-peers:8: [Errno 111] Connection refused
unit-opensearch-5: 02:34:04 ERROR unit.opensearch/5.juju-log opensearch-peers:8: [Errno 111] Connection refused
unit-opensearch-5: 02:34:04 ERROR unit.opensearch/5.juju-log opensearch-peers:8: [Errno 111] Connection refused
unit-opensearch-5: 02:34:04 ERROR unit.opensearch/5.juju-log opensearch-peers:8: [Errno 111] Connection refused
unit-opensearch-5: 02:34:04 ERROR unit.opensearch/5.juju-log opensearch-peers:8: [Errno 111] Connection refused
unit-opensearch-5: 02:34:04 ERROR unit.opensearch/5.juju-log opensearch-peers:8: [Errno 111] Connection refused
unit-opensearch-5: 02:34:04 ERROR unit.opensearch/5.juju-log opensearch-peers:8: [Errno 111] Connection refused
unit-opensearch-5: 02:34:04 ERROR unit.opensearch/5.juju-log opensearch-peers:8: [Errno 111] Connection refused
unit-opensearch-5: 02:34:04 ERROR unit.opensearch/5.juju-log opensearch-peers:8: [Errno 111] Connection refused
unit-opensearch-5: 02:34:04 ERROR unit.opensearch/5.juju-log opensearch-peers:8: [Errno 111] Connection refused
unit-opensearch-5: 02:34:04 ERROR unit.opensearch/5.juju-log opensearch-peers:8: [Errno 111] Connection refused
unit-opensearch-5: 02:34:04 ERROR unit.opensearch/5.juju-log opensearch-peers:8: [Errno 111] Connection refused
unit-opensearch-4: 02:34:05 ERROR unit.opensearch/4.juju-log [Errno 111] Connection refused
unit-opensearch-4: 02:34:05 ERROR unit.opensearch/4.juju-log Cannot connect to the OpenSearch server...
unit-opensearch-4: 02:34:05 ERROR unit.opensearch/4.juju-log [Errno 111] Connection refused
unit-opensearch-4: 02:34:05 ERROR unit.opensearch/4.juju-log [Errno 111] Connection refused
unit-opensearch-4: 02:34:05 ERROR unit.opensearch/4.juju-log [Errno 111] Connection refused
unit-opensearch-4: 02:34:05 ERROR unit.opensearch/4.juju-log [Errno 111] Connection refused
unit-opensearch-5: 02:34:05 ERROR unit.opensearch/5.juju-log opensearch-peers:8: [Errno 111] Connection refused
unit-opensearch-5: 02:34:05 ERROR unit.opensearch/5.juju-log opensearch-peers:8: Cannot connect to the OpenSearch server...
unit-opensearch-4: 02:34:05 ERROR unit.opensearch/4.juju-log [Errno 111] Connection refused
unit-opensearch-4: 02:34:05 ERROR unit.opensearch/4.juju-log [Errno 111] Connection refused
unit-opensearch-4: 02:34:05 ERROR unit.opensearch/4.juju-log [Errno 111] Connection refused
unit-opensearch-5: 02:34:05 ERROR unit.opensearch/5.juju-log opensearch-peers:8: [Errno 111] Connection refused
unit-opensearch-4: 02:34:05 ERROR unit.opensearch/4.juju-log [Errno 111] Connection refused
unit-opensearch-4: 02:34:05 ERROR unit.opensearch/4.juju-log [Errno 111] Connection refused
unit-opensearch-4: 02:34:05 ERROR unit.opensearch/4.juju-log [Errno 111] Connection refused
unit-opensearch-4: 02:34:05 ERROR unit.opensearch/4.juju-log [Errno 111] Connection refused
unit-opensearch-4: 02:34:05 ERROR unit.opensearch/4.juju-log [Errno 111] Connection refused
unit-opensearch-4: 02:34:06 ERROR unit.opensearch/4.juju-log [Errno 111] Connection refused
unit-opensearch-4: 02:34:06 ERROR unit.opensearch/4.juju-log [Errno 111] Connection refused
unit-opensearch-4: 02:34:06 ERROR unit.opensearch/4.juju-log Cannot connect to the OpenSearch server...
unit-opensearch-4: 02:34:06 ERROR unit.opensearch/4.juju-log [Errno 111] Connection refused
unit-opensearch-5: 02:34:09 ERROR unit.opensearch/5.juju-log opensearch-peers:8: [Errno 111] Connection refused
unit-opensearch-4: 02:34:10 ERROR unit.opensearch/4.juju-log [Errno 111] Connection refused
unit-opensearch-5: 02:34:12 ERROR unit.opensearch/5.juju-log opensearch-peers:8: [Errno 111] Connection refused
unit-opensearch-4: 02:34:13 ERROR unit.opensearch/4.juju-log [Errno 111] Connection refused
unit-opensearch-5: 02:34:15 ERROR unit.opensearch/5.juju-log opensearch-peers:8: [Errno 111] Connection refused
unit-opensearch-4: 02:34:16 ERROR unit.opensearch/4.juju-log [Errno 111] Connection refused
unit-opensearch-5: 02:34:18 ERROR unit.opensearch/5.juju-log opensearch-peers:8: [Errno 111] Connection refused
unit-opensearch-4: 02:34:19 ERROR unit.opensearch/4.juju-log [Errno 111] Connection refused
unit-opensearch-5: 02:34:21 ERROR unit.opensearch/5.juju-log opensearch-peers:8: [Errno 111] Connection refused
unit-opensearch-4: 02:34:22 ERROR unit.opensearch/4.juju-log [Errno 111] Connection refused
unit-opensearch-3: 02:34:23 ERROR unit.opensearch/3.juju-log opensearch-peers:8: [Errno 111] Connection refused
unit-opensearch-3: 02:34:23 ERROR unit.opensearch/3.juju-log opensearch-peers:8: [Errno 111] Connection refused
unit-opensearch-3: 02:34:23 ERROR unit.opensearch/3.juju-log opensearch-peers:8: [Errno 111] Connection refused
unit-opensearch-3: 02:34:23 ERROR unit.opensearch/3.juju-log opensearch-peers:8: [Errno 111] Connection refused
unit-opensearch-3: 02:34:23 ERROR unit.opensearch/3.juju-log opensearch-peers:8: [Errno 111] Connection refused
unit-opensearch-5: 02:34:24 ERROR unit.opensearch/5.juju-log opensearch-peers:8: [Errno 111] Connection refused
unit-opensearch-4: 02:34:25 ERROR unit.opensearch/4.juju-log [Errno 111] Connection refused
unit-opensearch-3: 02:34:25 ERROR unit.opensearch/3.juju-log opensearch-peers:8: [Errno 111] Connection refused
unit-opensearch-3: 02:34:25 ERROR unit.opensearch/3.juju-log opensearch-peers:8: [Errno 111] Connection refused
unit-opensearch-3: 02:34:25 ERROR unit.opensearch/3.juju-log opensearch-peers:8: [Errno 111] Connection refused
unit-opensearch-3: 02:34:25 ERROR unit.opensearch/3.juju-log opensearch-peers:8: [Errno 111] Connection refused
unit-opensearch-3: 02:34:26 ERROR unit.opensearch/3.juju-log opensearch-peers:8: [Errno 111] Connection refused
unit-opensearch-3: 02:34:26 ERROR unit.opensearch/3.juju-log opensearch-peers:8: [Errno 111] Connection refused
unit-opensearch-3: 02:34:26 ERROR unit.opensearch/3.juju-log opensearch-peers:8: [Errno 111] Connection refused
unit-opensearch-3: 02:34:26 ERROR unit.opensearch/3.juju-log opensearch-peers:8: [Errno 111] Connection refused
unit-opensearch-3: 02:34:26 ERROR unit.opensearch/3.juju-log opensearch-peers:8: [Errno 111] Connection refused
unit-opensearch-3: 02:34:26 ERROR unit.opensearch/3.juju-log opensearch-peers:8: [Errno 111] Connection refused
unit-opensearch-5: 02:34:27 ERROR unit.opensearch/5.juju-log opensearch-peers:8: [Errno 111] Connection refused
unit-opensearch-4: 02:34:28 ERROR unit.opensearch/4.juju-log [Errno 111] Connection refused
unit-opensearch-4: 02:34:31 ERROR unit.opensearch/4.juju-log [Errno 111] Connection refused

[32mINFO    [0m pytest_operator.plugin:plugin.py:947 Forgetting model main...
[32mINFO    [0m integration.ha.test_backups:test_backups.py:173 Cleaning backups from cloud buckets