[32mINFO    [0m integration.helpers_deployments:helpers_deployments.py:329 



[32mINFO    [0m integration.helpers_deployments:helpers_deployments.py:330 Model  Controller           Cloud/Region         Version  SLA          Timestamp
test   localhost-localhost  localhost/localhost  3.5.3    unsupported  02:03:48Z

App                       Version  Status   Scale  Charm                     Channel        Rev  Exposed  Message
failover                           active       2  opensearch                                 2  no       
grafana-agent                      blocked      4  grafana-agent             latest/edge    286  no       Missing ['grafana-cloud-config']|['grafana-dashboards-provider']|['logging-consumer']|['send-remote-write'] for cos-a...
main                               active       1  opensearch                                 0  no       
opensearch                         active       1  opensearch                                 1  no       
self-signed-certificates           active       1  self-signed-certificates  latest/stable  155  no       

Unit                         Workload  Agent      Machine  Public address  Ports     Message
failover/0                   active    executing  3        10.172.219.175  9200/tcp  
  grafana-agent/1            blocked   idle                10.172.219.175            Missing ['grafana-cloud-config']|['grafana-dashboards-provider']|['logging-consumer']|['send-remote-write'] for cos-a...
failover/1*                  active    executing  4        10.172.219.54   9200/tcp  
  grafana-agent/0*           blocked   idle                10.172.219.54             Missing ['grafana-cloud-config']|['grafana-dashboards-provider']|['logging-consumer']|['send-remote-write'] for cos-a...
main/0*                      active    executing  2        10.172.219.32   9200/tcp  (set-password) 
  grafana-agent/2            blocked   executing           10.172.219.32             Missing ['grafana-cloud-config']|['grafana-dashboards-provider']|['logging-consumer']|['send-remote-write'] for cos-a...
opensearch/0*                active    executing  1        10.172.219.232  9200/tcp  
  grafana-agent/3            blocked   idle                10.172.219.232            Missing ['grafana-cloud-config']|['grafana-dashboards-provider']|['logging-consumer']|['send-remote-write'] for cos-a...
self-signed-certificates/0*  active    idle       0        10.172.219.201            

Machine  State    Address         Inst id        Base          AZ  Message
0        started  10.172.219.201  juju-1dc5c4-0  ubuntu@22.04      Running
1        started  10.172.219.232  juju-1dc5c4-1  ubuntu@22.04      Running
2        started  10.172.219.32   juju-1dc5c4-2  ubuntu@22.04      Running
3        started  10.172.219.175  juju-1dc5c4-3  ubuntu@22.04      Running
4        started  10.172.219.54   juju-1dc5c4-4  ubuntu@22.04      Running

[32mINFO    [0m integration.helpers_deployments:helpers_deployments.py:337 


02:03:48 -- Waiting for model...
[32mINFO    [0m integration.helpers_deployments:helpers_deployments.py:277 	App: main - Units - conditions unmet.
[32mINFO    [0m integration.helpers_deployments:helpers_deployments.py:278 
	app: main active -- message: None
		main-0.2b2* -- (10.172.219.32) -- [executing (since: 02:03:44)] active: 

[32mINFO    [0m integration.helpers_deployments:helpers_deployments.py:337 


02:04:00 -- Waiting for model...
[32mINFO    [0m integration.helpers_deployments:helpers_deployments.py:277 	App: main - Units - conditions unmet.
[32mINFO    [0m integration.helpers_deployments:helpers_deployments.py:278 
	app: main active -- message: None
		main-0.2b2* -- (10.172.219.32) -- [idle (since: 02:03:53)] active: 

[32mINFO    [0m integration.helpers_deployments:helpers_deployments.py:337 


02:04:11 -- Waiting for model...
[32mINFO    [0m integration.helpers_deployments:helpers_deployments.py:277 	App: main - Units - conditions unmet.
[32mINFO    [0m integration.helpers_deployments:helpers_deployments.py:278 
	app: main active -- message: None
		main-0.2b2* -- (10.172.219.32) -- [idle (since: 02:03:53)] active: 

[32mINFO    [0m integration.helpers_deployments:helpers_deployments.py:337 


02:04:23 -- Waiting for model...
[32mINFO    [0m integration.helpers_deployments:helpers_deployments.py:277 	App: main - Units - conditions unmet.
[32mINFO    [0m integration.helpers_deployments:helpers_deployments.py:278 
	app: main active -- message: None
		main-0.2b2* -- (10.172.219.32) -- [idle (since: 02:03:53)] active: 

[32mINFO    [0m integration.helpers_deployments:helpers_deployments.py:337 


02:04:34 -- Waiting for model...
[32mINFO    [0m integration.helpers_deployments:helpers_deployments.py:277 	App: main - Units - conditions unmet.
[32mINFO    [0m integration.helpers_deployments:helpers_deployments.py:278 
	app: main active -- message: None
		main-0.2b2* -- (10.172.219.32) -- [idle (since: 02:03:53)] active: 

[32mINFO    [0m integration.helpers_deployments:helpers_deployments.py:337 


02:04:45 -- Waiting for model...
[32mINFO    [0m integration.helpers_deployments:helpers_deployments.py:277 	App: main - Units - conditions unmet.
[32mINFO    [0m integration.helpers_deployments:helpers_deployments.py:278 
	app: main active -- message: None
		main-0.2b2* -- (10.172.219.32) -- [idle (since: 02:03:53)] active: 

[32mINFO    [0m integration.helpers_deployments:helpers_deployments.py:337 


02:04:57 -- Waiting for model...
[32mINFO    [0m integration.helpers_deployments:helpers_deployments.py:277 	App: main - Units - conditions unmet.
[32mINFO    [0m integration.helpers_deployments:helpers_deployments.py:278 
	app: main active -- message: None
		main-0.2b2* -- (10.172.219.32) -- [idle (since: 02:03:53)] active: 

[32mINFO    [0m integration.helpers_deployments:helpers_deployments.py:337 


02:05:08 -- Waiting for model...
[32mINFO    [0m integration.helpers_deployments:helpers_deployments.py:277 	App: failover - Units - conditions unmet.
[32mINFO    [0m integration.helpers_deployments:helpers_deployments.py:278 
	app: failover active -- message: None
		failover-0.e67  -- (10.172.219.175) -- [idle (since: 02:04:04)] active: 
		failover-1.e67* -- (10.172.219.54) -- [idle (since: 02:04:05)] active: 

[32mINFO    [0m integration.helpers_deployments:helpers_deployments.py:337 


02:05:21 -- Waiting for model...
[32mINFO    [0m integration.helpers_deployments:helpers_deployments.py:277 	App: opensearch - Units - conditions unmet.
[32mINFO    [0m integration.helpers_deployments:helpers_deployments.py:278 
	app: opensearch active -- message: None
		opensearch-0.11b* -- (10.172.219.232) -- [idle (since: 02:04:12)] active: 

[32mINFO    [0m integration.helpers_deployments:helpers_deployments.py:337 


02:05:34 -- Waiting for model...
[32mINFO    [0m integration.helpers_deployments:helpers_deployments.py:348 02:05:37 -- Waiting for model: complete.
[32mINFO    [0m pytest_operator.plugin:plugin.py:862 Model status:

Model  Controller           Cloud/Region         Version  SLA          Timestamp
test   localhost-localhost  localhost/localhost  3.5.3    unsupported  02:05:39Z

App                       Version  Status   Scale  Charm                     Channel        Rev  Exposed  Message
failover                           active       2  opensearch                                 2  no       
grafana-agent                      blocked      4  grafana-agent             latest/edge    286  no       Missing ['grafana-cloud-config']|['grafana-dashboards-provider']|['logging-consumer']|['send-remote-write'] for cos-a...
main                               active       1  opensearch                                 0  no       
opensearch                         active       1  opensearch                                 1  no       
self-signed-certificates           active       1  self-signed-certificates  latest/stable  155  no       

Unit                         Workload  Agent  Machine  Public address  Ports     Message
failover/0                   active    idle   3        10.172.219.175  9200/tcp  
  grafana-agent/1            blocked   idle            10.172.219.175            Missing ['grafana-cloud-config']|['grafana-dashboards-provider']|['logging-consumer']|['send-remote-write'] for cos-a...
failover/1*                  active    idle   4        10.172.219.54   9200/tcp  
  grafana-agent/0*           blocked   idle            10.172.219.54             Missing ['grafana-cloud-config']|['grafana-dashboards-provider']|['logging-consumer']|['send-remote-write'] for cos-a...
main/0*                      active    idle   2        10.172.219.32   9200/tcp  
  grafana-agent/2            blocked   idle            10.172.219.32             Missing ['grafana-cloud-config']|['grafana-dashboards-provider']|['logging-consumer']|['send-remote-write'] for cos-a...
opensearch/0*                active    idle   1        10.172.219.232  9200/tcp  
  grafana-agent/3            blocked   idle            10.172.219.232            Missing ['grafana-cloud-config']|['grafana-dashboards-provider']|['logging-consumer']|['send-remote-write'] for cos-a...
self-signed-certificates/0*  active    idle   0        10.172.219.201            

Machine  State    Address         Inst id        Base          AZ  Message
0        started  10.172.219.201  juju-1dc5c4-0  ubuntu@22.04      Running
1        started  10.172.219.232  juju-1dc5c4-1  ubuntu@22.04      Running
2        started  10.172.219.32   juju-1dc5c4-2  ubuntu@22.04      Running
3        started  10.172.219.175  juju-1dc5c4-3  ubuntu@22.04      Running
4        started  10.172.219.54   juju-1dc5c4-4  ubuntu@22.04      Running

[32mINFO    [0m pytest_operator.plugin:plugin.py:868 Juju error logs:

machine-4: 01:50:59 ERROR juju.worker.dependency "lxd-container-provisioner" manifold worker returned unexpected error: container types not yet available
machine-4: 01:50:59 ERROR juju.worker.dependency "kvm-container-provisioner" manifold worker returned unexpected error: container types not yet available
unit-failover-1: 01:50:59 ERROR juju.worker.meterstatus error running "meter-status-changed": charm missing from disk
machine-3: 01:51:02 ERROR juju.worker.dependency "lxd-container-provisioner" manifold worker returned unexpected error: container types not yet available
machine-3: 01:51:02 ERROR juju.worker.dependency "kvm-container-provisioner" manifold worker returned unexpected error: container types not yet available
unit-failover-0: 01:51:02 ERROR juju.worker.meterstatus error running "meter-status-changed": charm missing from disk
machine-1: 01:51:03 ERROR juju.worker.dependency "kvm-container-provisioner" manifold worker returned unexpected error: container types not yet available
machine-1: 01:51:03 ERROR juju.worker.dependency "lxd-container-provisioner" manifold worker returned unexpected error: container types not yet available
unit-opensearch-0: 01:51:03 ERROR juju.worker.meterstatus error running "meter-status-changed": charm missing from disk
machine-2: 01:51:21 ERROR juju.worker.dependency "lxd-container-provisioner" manifold worker returned unexpected error: container types not yet available
machine-2: 01:51:21 ERROR juju.worker.dependency "kvm-container-provisioner" manifold worker returned unexpected error: container types not yet available
unit-main-0: 01:51:21 ERROR juju.worker.meterstatus error running "meter-status-changed": charm missing from disk
machine-0: 01:51:29 ERROR juju.worker.dependency "lxd-container-provisioner" manifold worker returned unexpected error: container types not yet available
machine-0: 01:51:29 ERROR juju.worker.dependency "kvm-container-provisioner" manifold worker returned unexpected error: container types not yet available
unit-self-signed-certificates-0: 01:51:29 ERROR juju.worker.meterstatus error running "meter-status-changed": charm missing from disk
unit-main-0: 01:57:58 ERROR unit.main/0.juju-log certificates:12: err:  / out: keytool error: java.lang.Exception: Keystore file does not exist: /var/snap/opensearch/current/etc/opensearch/certificates/ca.p12

unit-main-0: 01:58:03 ERROR unit.main/0.juju-log peer-cluster-orchestrator:10: Cannot connect to the OpenSearch server...
unit-main-0: 01:58:04 ERROR unit.main/0.juju-log peer-cluster-orchestrator:10: Cannot connect to the OpenSearch server...
unit-main-0: 01:58:04 ERROR unit.main/0.juju-log peer-cluster-orchestrator:10: Cannot connect to the OpenSearch server...
unit-main-0: 01:58:07 ERROR unit.main/0.juju-log peer-cluster-orchestrator:10: Cannot connect to the OpenSearch server...
unit-main-0: 01:58:10 ERROR unit.main/0.juju-log peer-cluster-orchestrator:10: Cannot connect to the OpenSearch server...
unit-main-0: 01:58:13 ERROR unit.main/0.juju-log peer-cluster-orchestrator:10: Cannot connect to the OpenSearch server...
unit-main-0: 01:58:16 ERROR unit.main/0.juju-log peer-cluster-orchestrator:10: Cannot connect to the OpenSearch server...
unit-opensearch-0: 01:58:35 ERROR unit.opensearch/0.juju-log certificates:14: err:  / out: keytool error: java.lang.Exception: Keystore file does not exist: /var/snap/opensearch/current/etc/opensearch/certificates/ca.p12

unit-opensearch-0: 01:58:39 ERROR unit.opensearch/0.juju-log peer-cluster:10: Cannot connect to the OpenSearch server...
unit-opensearch-0: 01:58:39 ERROR unit.opensearch/0.juju-log peer-cluster:10: Cannot connect to the OpenSearch server...
unit-opensearch-0: 01:58:39 ERROR unit.opensearch/0.juju-log peer-cluster:10: Cannot connect to the OpenSearch server...
unit-opensearch-0: 01:58:42 ERROR unit.opensearch/0.juju-log peer-cluster:10: Cannot connect to the OpenSearch server...
unit-failover-0: 01:58:43 ERROR unit.failover/0.juju-log certificates:13: err:  / out: keytool error: java.lang.Exception: Keystore file does not exist: /var/snap/opensearch/current/etc/opensearch/certificates/ca.p12

unit-opensearch-0: 01:58:45 ERROR unit.opensearch/0.juju-log peer-cluster:10: Cannot connect to the OpenSearch server...
unit-opensearch-0: 01:58:48 ERROR unit.opensearch/0.juju-log peer-cluster:10: Cannot connect to the OpenSearch server...
unit-failover-0: 01:58:49 ERROR unit.failover/0.juju-log Cannot connect to the OpenSearch server...
unit-failover-0: 01:58:51 ERROR unit.failover/0.juju-log Cannot connect to the OpenSearch server...
unit-opensearch-0: 01:58:51 ERROR unit.opensearch/0.juju-log peer-cluster:10: Cannot connect to the OpenSearch server...
unit-failover-0: 01:58:53 ERROR unit.failover/0.juju-log Cannot connect to the OpenSearch server...
unit-failover-1: 01:58:54 ERROR unit.failover/1.juju-log certificates:13: err:  / out: keytool error: java.lang.Exception: Keystore file does not exist: /var/snap/opensearch/current/etc/opensearch/certificates/ca.p12

unit-failover-1: 01:59:00 ERROR unit.failover/1.juju-log Cannot connect to the OpenSearch server...
unit-failover-1: 01:59:01 ERROR unit.failover/1.juju-log Cannot connect to the OpenSearch server...
unit-grafana-agent-0: 02:01:07 ERROR juju.worker.dependency "uniter" manifold worker returned unexpected error: preparing operation "install ch:amd64/jammy/grafana-agent-286" for grafana-agent/0: failed to download charm "ch:amd64/jammy/grafana-agent-286" from API server: download request with archiveSha256 length 0 not valid
unit-grafana-agent-1: 02:01:07 ERROR juju.worker.dependency "uniter" manifold worker returned unexpected error: preparing operation "install ch:amd64/jammy/grafana-agent-286" for grafana-agent/1: failed to download charm "ch:amd64/jammy/grafana-agent-286" from API server: download request with archiveSha256 length 0 not valid
unit-grafana-agent-2: 02:01:07 ERROR juju.worker.dependency "uniter" manifold worker returned unexpected error: preparing operation "install ch:amd64/jammy/grafana-agent-286" for grafana-agent/2: failed to download charm "ch:amd64/jammy/grafana-agent-286" from API server: download request with archiveSha256 length 0 not valid
unit-grafana-agent-3: 02:01:07 ERROR juju.worker.dependency "uniter" manifold worker returned unexpected error: preparing operation "install ch:amd64/jammy/grafana-agent-286" for grafana-agent/3: failed to download charm "ch:amd64/jammy/grafana-agent-286" from API server: download request with archiveSha256 length 0 not valid
unit-grafana-agent-0: 02:01:08 ERROR juju.worker.meterstatus error running "meter-status-changed": charm missing from disk
unit-grafana-agent-2: 02:01:08 ERROR juju.worker.meterstatus error running "meter-status-changed": charm missing from disk
unit-grafana-agent-1: 02:01:08 ERROR juju.worker.meterstatus error running "meter-status-changed": charm missing from disk
unit-grafana-agent-3: 02:01:08 ERROR juju.worker.meterstatus error running "meter-status-changed": charm missing from disk

[32mINFO    [0m pytest_operator.plugin:plugin.py:947 Forgetting model main...