[32mINFO    [0m integration.helpers_deployments:helpers_deployments.py:393 



[32mINFO    [0m integration.helpers_deployments:helpers_deployments.py:394 Model  Controller           Cloud/Region         Version  SLA          Timestamp
test   localhost-localhost  localhost/localhost  3.5.3    unsupported  02:22:51Z

App                       Version  Status   Scale  Charm                     Channel        Rev  Exposed  Message
failover                           active       2  opensearch                                 1  no       
grafana-agent                      blocked      4  grafana-agent             latest/edge    286  no       Missing ['grafana-cloud-config']|['grafana-dashboards-provider']|['logging-consumer']|['send-remote-write'] for cos-a...
main                               active       1  opensearch                                 2  no       
opensearch                         active       1  opensearch                                 0  no       
self-signed-certificates           active       1  self-signed-certificates  latest/stable  155  no       

Unit                         Workload     Agent      Machine  Public address  Ports     Message
failover/0                   active       executing  1        10.0.67.133     9200/tcp  
  grafana-agent/2            blocked      idle                10.0.67.133               Missing ['grafana-cloud-config']|['grafana-dashboards-provider']|['logging-consumer']|['send-remote-write'] for cos-a...
failover/1*                  active       idle       2        10.0.67.241     9200/tcp  
  grafana-agent/1*           maintenance  executing           10.0.67.241               (install) Installing grafana-agent snap
main/0*                      active       executing  4        10.0.67.37      9200/tcp  (set-password) 
  grafana-agent/3            blocked      executing           10.0.67.37                Missing ['grafana-cloud-config']|['grafana-dashboards-provider']|['logging-consumer']|['send-remote-write'] for cos-a...
opensearch/0*                active       executing  3        10.0.67.222     9200/tcp  
  grafana-agent/4            blocked      idle                10.0.67.222               Missing ['grafana-cloud-config']|['grafana-dashboards-provider']|['logging-consumer']|['send-remote-write'] for cos-a...
self-signed-certificates/0*  active       idle       0        10.0.67.225               

Machine  State    Address      Inst id        Base          AZ  Message
0        started  10.0.67.225  juju-0eb609-0  ubuntu@22.04      Running
1        started  10.0.67.133  juju-0eb609-1  ubuntu@22.04      Running
2        started  10.0.67.241  juju-0eb609-2  ubuntu@22.04      Running
3        started  10.0.67.222  juju-0eb609-3  ubuntu@22.04      Running
4        started  10.0.67.37   juju-0eb609-4  ubuntu@22.04      Running

[32mINFO    [0m integration.helpers_deployments:helpers_deployments.py:401 


02:22:51 -- Waiting for model...
[32mINFO    [0m integration.helpers_deployments:helpers_deployments.py:341 	App: main - Units - conditions unmet.
[32mINFO    [0m integration.helpers_deployments:helpers_deployments.py:342 
	app: main active -- message: None
		main-0.aa7* -- (10.0.67.37) -- [executing (since: 02:22:48)] active: 

[32mINFO    [0m integration.helpers_deployments:helpers_deployments.py:401 


02:23:04 -- Waiting for model...
[32mINFO    [0m integration.helpers_deployments:helpers_deployments.py:341 	App: main - Units - conditions unmet.
[32mINFO    [0m integration.helpers_deployments:helpers_deployments.py:342 
	app: main active -- message: None
		main-0.aa7* -- (10.0.67.37) -- [idle (since: 02:22:56)] active: 

[32mINFO    [0m integration.helpers_deployments:helpers_deployments.py:401 


02:23:16 -- Waiting for model...
[32mINFO    [0m integration.helpers_deployments:helpers_deployments.py:341 	App: main - Units - conditions unmet.
[32mINFO    [0m integration.helpers_deployments:helpers_deployments.py:342 
	app: main active -- message: None
		main-0.aa7* -- (10.0.67.37) -- [idle (since: 02:22:56)] active: 

[32mINFO    [0m integration.helpers_deployments:helpers_deployments.py:401 


02:23:28 -- Waiting for model...
[32mINFO    [0m integration.helpers_deployments:helpers_deployments.py:341 	App: main - Units - conditions unmet.
[32mINFO    [0m integration.helpers_deployments:helpers_deployments.py:342 
	app: main active -- message: None
		main-0.aa7* -- (10.0.67.37) -- [idle (since: 02:22:56)] active: 

[32mINFO    [0m integration.helpers_deployments:helpers_deployments.py:401 


02:23:40 -- Waiting for model...
[32mINFO    [0m integration.helpers_deployments:helpers_deployments.py:341 	App: main - Units - conditions unmet.
[32mINFO    [0m integration.helpers_deployments:helpers_deployments.py:342 
	app: main active -- message: None
		main-0.aa7* -- (10.0.67.37) -- [idle (since: 02:22:56)] active: 

[32mINFO    [0m integration.helpers_deployments:helpers_deployments.py:401 


02:23:52 -- Waiting for model...
[32mINFO    [0m integration.helpers_deployments:helpers_deployments.py:341 	App: main - Units - conditions unmet.
[32mINFO    [0m integration.helpers_deployments:helpers_deployments.py:342 
	app: main active -- message: None
		main-0.aa7* -- (10.0.67.37) -- [idle (since: 02:22:56)] active: 

[32mINFO    [0m integration.helpers_deployments:helpers_deployments.py:401 


02:24:04 -- Waiting for model...
[32mINFO    [0m integration.helpers_deployments:helpers_deployments.py:341 	App: main - Units - conditions unmet.
[32mINFO    [0m integration.helpers_deployments:helpers_deployments.py:342 
	app: main active -- message: None
		main-0.aa7* -- (10.0.67.37) -- [idle (since: 02:22:56)] active: 

[32mINFO    [0m integration.helpers_deployments:helpers_deployments.py:401 


02:24:16 -- Waiting for model...
[32mINFO    [0m integration.helpers_deployments:helpers_deployments.py:341 	App: opensearch - Units - conditions unmet.
[32mINFO    [0m integration.helpers_deployments:helpers_deployments.py:342 
	app: opensearch active -- message: None
		opensearch-0.270* -- (10.0.67.222) -- [idle (since: 02:23:08)] active: 

[32mINFO    [0m integration.helpers_deployments:helpers_deployments.py:401 


02:24:31 -- Waiting for model...
[32mINFO    [0m integration.helpers_deployments:helpers_deployments.py:412 02:24:36 -- Waiting for model: complete.



[32mINFO    [0m integration.helpers_deployments:helpers_deployments.py:393 



[32mINFO    [0m integration.helpers_deployments:helpers_deployments.py:394 Model  Controller           Cloud/Region         Version  SLA          Timestamp
test   localhost-localhost  localhost/localhost  3.5.3    unsupported  02:24:36Z

App                       Version  Status   Scale  Charm                     Channel        Rev  Exposed  Message
failover                           active       2  opensearch                                 1  no       
grafana-agent                      blocked      4  grafana-agent             latest/edge    286  no       Missing ['grafana-cloud-config']|['grafana-dashboards-provider']|['logging-consumer']|['send-remote-write'] for cos-a...
main                               active       1  opensearch                                 2  no       
opensearch                         active       1  opensearch                                 0  no       
self-signed-certificates           active       1  self-signed-certificates  latest/stable  155  no       

Unit                         Workload     Agent      Machine  Public address  Ports     Message
failover/0                   active       idle       1        10.0.67.133     9200/tcp  
  grafana-agent/2            blocked      idle                10.0.67.133               Missing ['grafana-cloud-config']|['grafana-dashboards-provider']|['logging-consumer']|['send-remote-write'] for cos-a...
failover/1*                  active       idle       2        10.0.67.241     9200/tcp  
  grafana-agent/1*           maintenance  executing           10.0.67.241               (install) Installing grafana-agent snap
main/0*                      active       idle       4        10.0.67.37      9200/tcp  
  grafana-agent/3            blocked      idle                10.0.67.37                Missing ['grafana-cloud-config']|['grafana-dashboards-provider']|['logging-consumer']|['send-remote-write'] for cos-a...
opensearch/0*                active       idle       3        10.0.67.222     9200/tcp  
  grafana-agent/4            blocked      idle                10.0.67.222               Missing ['grafana-cloud-config']|['grafana-dashboards-provider']|['logging-consumer']|['send-remote-write'] for cos-a...
self-signed-certificates/0*  active       idle       0        10.0.67.225               

Machine  State    Address      Inst id        Base          AZ  Message
0        started  10.0.67.225  juju-0eb609-0  ubuntu@22.04      Running
1        started  10.0.67.133  juju-0eb609-1  ubuntu@22.04      Running
2        started  10.0.67.241  juju-0eb609-2  ubuntu@22.04      Running
3        started  10.0.67.222  juju-0eb609-3  ubuntu@22.04      Running
4        started  10.0.67.37   juju-0eb609-4  ubuntu@22.04      Running

[32mINFO    [0m integration.helpers_deployments:helpers_deployments.py:401 


02:24:36 -- Waiting for model...
[32mINFO    [0m integration.helpers_deployments:helpers_deployments.py:412 02:24:37 -- Waiting for model: complete.
[32mINFO    [0m pytest_operator.plugin:plugin.py:862 Model status:

Model  Controller           Cloud/Region         Version  SLA          Timestamp
test   localhost-localhost  localhost/localhost  3.5.3    unsupported  02:24:40Z

App                       Version  Status   Scale  Charm                     Channel        Rev  Exposed  Message
failover                           active       2  opensearch                                 1  no       
grafana-agent                      blocked      4  grafana-agent             latest/edge    286  no       Missing ['grafana-cloud-config']|['grafana-dashboards-provider']|['logging-consumer']|['send-remote-write'] for cos-a...
main                               active       1  opensearch                                 2  no       
opensearch                         active       1  opensearch                                 0  no       
self-signed-certificates           active       1  self-signed-certificates  latest/stable  155  no       

Unit                         Workload     Agent      Machine  Public address  Ports     Message
failover/0                   active       idle       1        10.0.67.133     9200/tcp  
  grafana-agent/2            blocked      idle                10.0.67.133               Missing ['grafana-cloud-config']|['grafana-dashboards-provider']|['logging-consumer']|['send-remote-write'] for cos-a...
failover/1*                  active       idle       2        10.0.67.241     9200/tcp  
  grafana-agent/1*           maintenance  executing           10.0.67.241               (install) Installing grafana-agent snap
main/0*                      active       idle       4        10.0.67.37      9200/tcp  
  grafana-agent/3            blocked      idle                10.0.67.37                Missing ['grafana-cloud-config']|['grafana-dashboards-provider']|['logging-consumer']|['send-remote-write'] for cos-a...
opensearch/0*                active       idle       3        10.0.67.222     9200/tcp  
  grafana-agent/4            blocked      idle                10.0.67.222               Missing ['grafana-cloud-config']|['grafana-dashboards-provider']|['logging-consumer']|['send-remote-write'] for cos-a...
self-signed-certificates/0*  active       idle       0        10.0.67.225               

Machine  State    Address      Inst id        Base          AZ  Message
0        started  10.0.67.225  juju-0eb609-0  ubuntu@22.04      Running
1        started  10.0.67.133  juju-0eb609-1  ubuntu@22.04      Running
2        started  10.0.67.241  juju-0eb609-2  ubuntu@22.04      Running
3        started  10.0.67.222  juju-0eb609-3  ubuntu@22.04      Running
4        started  10.0.67.37   juju-0eb609-4  ubuntu@22.04      Running

[32mINFO    [0m pytest_operator.plugin:plugin.py:868 Juju error logs:

machine-0: 02:11:35 ERROR juju.worker.dependency "lxd-container-provisioner" manifold worker returned unexpected error: container types not yet available
machine-0: 02:11:35 ERROR juju.worker.dependency "kvm-container-provisioner" manifold worker returned unexpected error: container types not yet available
unit-self-signed-certificates-0: 02:11:35 ERROR juju.worker.meterstatus error running "meter-status-changed": charm missing from disk
machine-2: 02:11:47 ERROR juju.worker.dependency "kvm-container-provisioner" manifold worker returned unexpected error: container types not yet available
machine-2: 02:11:47 ERROR juju.worker.dependency "lxd-container-provisioner" manifold worker returned unexpected error: container types not yet available
unit-failover-1: 02:11:47 ERROR juju.worker.meterstatus error running "meter-status-changed": charm missing from disk
machine-4: 02:11:49 ERROR juju.worker.dependency "kvm-container-provisioner" manifold worker returned unexpected error: container types not yet available
machine-4: 02:11:49 ERROR juju.worker.dependency "lxd-container-provisioner" manifold worker returned unexpected error: container types not yet available
unit-main-0: 02:11:49 ERROR juju.worker.meterstatus error running "meter-status-changed": charm missing from disk
machine-1: 02:12:23 ERROR juju.worker.dependency "lxd-container-provisioner" manifold worker returned unexpected error: container types not yet available
machine-1: 02:12:23 ERROR juju.worker.dependency "kvm-container-provisioner" manifold worker returned unexpected error: container types not yet available
unit-failover-0: 02:12:23 ERROR juju.worker.meterstatus error running "meter-status-changed": charm missing from disk
machine-3: 02:13:48 ERROR juju.worker.dependency "kvm-container-provisioner" manifold worker returned unexpected error: container types not yet available
machine-3: 02:13:48 ERROR juju.worker.dependency "lxd-container-provisioner" manifold worker returned unexpected error: container types not yet available
unit-opensearch-0: 02:13:48 ERROR juju.worker.meterstatus error running "meter-status-changed": charm missing from disk
unit-main-0: 02:14:42 ERROR unit.main/0.juju-log certificates:12: err:  / out: keytool error: java.lang.Exception: Keystore file does not exist: /var/snap/opensearch/current/etc/opensearch/certificates/ca.p12

unit-main-0: 02:14:49 ERROR unit.main/0.juju-log Cannot connect to the OpenSearch server...
unit-main-0: 02:14:50 ERROR unit.main/0.juju-log Cannot connect to the OpenSearch server...
unit-main-0: 02:14:50 ERROR unit.main/0.juju-log Cannot connect to the OpenSearch server...
unit-main-0: 02:14:53 ERROR unit.main/0.juju-log Cannot connect to the OpenSearch server...
unit-main-0: 02:14:56 ERROR unit.main/0.juju-log Cannot connect to the OpenSearch server...
unit-main-0: 02:14:59 ERROR unit.main/0.juju-log Cannot connect to the OpenSearch server...
unit-main-0: 02:15:02 ERROR unit.main/0.juju-log Cannot connect to the OpenSearch server...
unit-main-0: 02:15:05 ERROR unit.main/0.juju-log Cannot connect to the OpenSearch server...
unit-failover-0: 02:15:54 ERROR unit.failover/0.juju-log certificates:13: err:  / out: keytool error: java.lang.Exception: Keystore file does not exist: /var/snap/opensearch/current/etc/opensearch/certificates/ca.p12

unit-failover-1: 02:16:00 ERROR unit.failover/1.juju-log certificates:13: err:  / out: keytool error: java.lang.Exception: Keystore file does not exist: /var/snap/opensearch/current/etc/opensearch/certificates/ca.p12

unit-failover-0: 02:16:00 ERROR unit.failover/0.juju-log Cannot connect to the OpenSearch server...
unit-failover-0: 02:16:02 ERROR unit.failover/0.juju-log Cannot connect to the OpenSearch server...
unit-failover-1: 02:16:06 ERROR unit.failover/1.juju-log Cannot connect to the OpenSearch server...
unit-failover-1: 02:16:08 ERROR unit.failover/1.juju-log Cannot connect to the OpenSearch server...
unit-failover-1: 02:16:09 ERROR unit.failover/1.juju-log peer-cluster-orchestrator:11: Cannot connect to the OpenSearch server...
unit-failover-1: 02:16:11 ERROR unit.failover/1.juju-log peer-cluster-orchestrator:11: Cannot connect to the OpenSearch server...
unit-failover-1: 02:16:12 ERROR unit.failover/1.juju-log opensearch-peers:2: Cannot connect to the OpenSearch server...
unit-failover-1: 02:16:14 ERROR unit.failover/1.juju-log opensearch-peers:2: Cannot connect to the OpenSearch server...
unit-failover-1: 02:16:20 ERROR unit.failover/1.juju-log peer-cluster:9: Cannot connect to the OpenSearch server...
unit-failover-1: 02:16:23 ERROR unit.failover/1.juju-log opensearch-peers:2: Cannot connect to the OpenSearch server...
unit-failover-1: 02:16:26 ERROR unit.failover/1.juju-log opensearch-peers:2: Cannot connect to the OpenSearch server...
unit-opensearch-0: 02:16:58 ERROR unit.opensearch/0.juju-log certificates:14: err:  / out: keytool error: java.lang.Exception: Keystore file does not exist: /var/snap/opensearch/current/etc/opensearch/certificates/ca.p12

unit-opensearch-0: 02:17:05 ERROR unit.opensearch/0.juju-log Cannot connect to the OpenSearch server...
unit-opensearch-0: 02:17:07 ERROR unit.opensearch/0.juju-log Cannot connect to the OpenSearch server...
unit-grafana-agent-1: 02:19:36 ERROR juju.worker.dependency "uniter" manifold worker returned unexpected error: preparing operation "install ch:amd64/jammy/grafana-agent-286" for grafana-agent/1: failed to download charm "ch:amd64/jammy/grafana-agent-286" from API server: download request with archiveSha256 length 0 not valid
unit-grafana-agent-2: 02:19:36 ERROR juju.worker.dependency "uniter" manifold worker returned unexpected error: preparing operation "install ch:amd64/jammy/grafana-agent-286" for grafana-agent/2: failed to download charm "ch:amd64/jammy/grafana-agent-286" from API server: download request with archiveSha256 length 0 not valid
unit-grafana-agent-3: 02:19:36 ERROR juju.worker.dependency "uniter" manifold worker returned unexpected error: preparing operation "install ch:amd64/jammy/grafana-agent-286" for grafana-agent/3: failed to download charm "ch:amd64/jammy/grafana-agent-286" from API server: download request with archiveSha256 length 0 not valid
unit-grafana-agent-4: 02:19:36 ERROR juju.worker.dependency "uniter" manifold worker returned unexpected error: preparing operation "install ch:amd64/jammy/grafana-agent-286" for grafana-agent/4: failed to download charm "ch:amd64/jammy/grafana-agent-286" from API server: download request with archiveSha256 length 0 not valid
unit-grafana-agent-2: 02:19:36 ERROR juju.worker.meterstatus error running "meter-status-changed": charm missing from disk
unit-grafana-agent-1: 02:19:36 ERROR juju.worker.meterstatus error running "meter-status-changed": charm missing from disk
unit-grafana-agent-3: 02:19:36 ERROR juju.worker.meterstatus error running "meter-status-changed": charm missing from disk
unit-grafana-agent-4: 02:19:36 ERROR juju.worker.meterstatus error running "meter-status-changed": charm missing from disk

[32mINFO    [0m pytest_operator.plugin:plugin.py:947 Forgetting model main...