[32mINFO    [0m juju.model:model.py:2097 Deploying local:opensearch-0
[32mINFO    [0m integration.helpers_deployments:helpers_deployments.py:329 



[32mINFO    [0m integration.helpers_deployments:helpers_deployments.py:330 Model  Controller           Cloud/Region         Version  SLA          Timestamp
test   localhost-localhost  localhost/localhost  3.5.3    unsupported  01:40:31Z

App                       Version  Status   Scale  Charm                     Channel        Rev  Exposed  Message
opensearch                         active       2  opensearch                                 0  no       
second-opensearch                  waiting    0/1  opensearch                                 0  no       waiting for machine
self-signed-certificates           active       1  self-signed-certificates  latest/stable  155  no       

Unit                         Workload  Agent       Machine  Public address  Ports     Message
opensearch/0*                active    idle        1        10.157.122.254  9200/tcp  
opensearch/1                 active    idle        2        10.157.122.29   9200/tcp  
second-opensearch/0          waiting   allocating  3                                  waiting for machine
self-signed-certificates/0*  active    executing   0        10.157.122.99             

Machine  State    Address         Inst id        Base          AZ  Message
0        started  10.157.122.99   juju-a8c34a-0  ubuntu@22.04      Running
1        started  10.157.122.254  juju-a8c34a-1  ubuntu@22.04      Running
2        started  10.157.122.29   juju-a8c34a-2  ubuntu@22.04      Running
3        pending                  pending        ubuntu@22.04      

[32mINFO    [0m integration.helpers_deployments:helpers_deployments.py:337 


01:40:31 -- Waiting for model...
[32mINFO    [0m integration.helpers_deployments:helpers_deployments.py:277 	App: opensearch - Units - conditions unmet.
[32mINFO    [0m integration.helpers_deployments:helpers_deployments.py:278 
	app: opensearch active -- message: None
		opensearch-0.204* -- (10.157.122.254) -- [idle (since: 01:40:19)] active: 
		opensearch-1.204  -- (10.157.122.29) -- [idle (since: 01:39:00)] active: 

[32mINFO    [0m integration.helpers_deployments:helpers_deployments.py:337 


01:40:43 -- Waiting for model...
[32mINFO    [0m integration.helpers_deployments:helpers_deployments.py:277 	App: opensearch - Units - conditions unmet.
[32mINFO    [0m integration.helpers_deployments:helpers_deployments.py:278 
	app: opensearch active -- message: None
		opensearch-0.204* -- (10.157.122.254) -- [idle (since: 01:40:19)] active: 
		opensearch-1.204  -- (10.157.122.29) -- [idle (since: 01:39:00)] active: 

[32mINFO    [0m integration.helpers_deployments:helpers_deployments.py:337 


01:40:54 -- Waiting for model...
[32mINFO    [0m integration.helpers_deployments:helpers_deployments.py:277 	App: opensearch - Units - conditions unmet.
[32mINFO    [0m integration.helpers_deployments:helpers_deployments.py:278 
	app: opensearch active -- message: None
		opensearch-0.204* -- (10.157.122.254) -- [idle (since: 01:40:19)] active: 
		opensearch-1.204  -- (10.157.122.29) -- [idle (since: 01:39:00)] active: 

[32mINFO    [0m integration.helpers_deployments:helpers_deployments.py:337 


01:41:05 -- Waiting for model...
[32mINFO    [0m integration.helpers_deployments:helpers_deployments.py:277 	App: opensearch - Units - conditions unmet.
[32mINFO    [0m integration.helpers_deployments:helpers_deployments.py:278 
	app: opensearch active -- message: None
		opensearch-0.204* -- (10.157.122.254) -- [idle (since: 01:40:19)] active: 
		opensearch-1.204  -- (10.157.122.29) -- [idle (since: 01:39:00)] active: 

[32mINFO    [0m integration.helpers_deployments:helpers_deployments.py:337 


01:41:16 -- Waiting for model...
[32mINFO    [0m integration.helpers_deployments:helpers_deployments.py:277 	App: opensearch - Units - conditions unmet.
[32mINFO    [0m integration.helpers_deployments:helpers_deployments.py:278 
	app: opensearch active -- message: None
		opensearch-0.204* -- (10.157.122.254) -- [idle (since: 01:40:19)] active: 
		opensearch-1.204  -- (10.157.122.29) -- [idle (since: 01:39:00)] active: 

[32mINFO    [0m integration.helpers_deployments:helpers_deployments.py:337 


01:41:27 -- Waiting for model...
[32mINFO    [0m integration.helpers_deployments:helpers_deployments.py:277 	App: opensearch - Units - conditions unmet.
[32mINFO    [0m integration.helpers_deployments:helpers_deployments.py:278 
	app: opensearch active -- message: None
		opensearch-0.204* -- (10.157.122.254) -- [idle (since: 01:40:19)] active: 
		opensearch-1.204  -- (10.157.122.29) -- [idle (since: 01:39:00)] active: 

[32mINFO    [0m integration.helpers_deployments:helpers_deployments.py:337 


01:41:39 -- Waiting for model...
[32mINFO    [0m integration.helpers_deployments:helpers_deployments.py:261 	App: second-opensearch - conditions unmet.
[32mINFO    [0m integration.helpers_deployments:helpers_deployments.py:262 
	app: second waiting -- message: agent initialising
		second-opensearch-0.6ad* -- (10.157.122.7) -- [allocating (since: 01:40:31)] waiting: agent initialising

[32mINFO    [0m integration.helpers_deployments:helpers_deployments.py:337 


01:41:52 -- Waiting for model...
[32mINFO    [0m integration.helpers_deployments:helpers_deployments.py:261 	App: second-opensearch - conditions unmet.
[32mINFO    [0m integration.helpers_deployments:helpers_deployments.py:262 
	app: second maintenance -- message: Installing OpenSearch...
		second-opensearch-0.6ad* -- (10.157.122.7) -- [executing (since: 01:41:51)] maintenance: Installing OpenSearch...

[32mINFO    [0m integration.helpers_deployments:helpers_deployments.py:337 


01:42:03 -- Waiting for model...
[32mINFO    [0m integration.helpers_deployments:helpers_deployments.py:261 	App: second-opensearch - conditions unmet.
[32mINFO    [0m integration.helpers_deployments:helpers_deployments.py:262 
	app: second maintenance -- message: Installing OpenSearch...
		second-opensearch-0.6ad* -- (10.157.122.7) -- [executing (since: 01:41:51)] maintenance: Installing OpenSearch...

[32mINFO    [0m integration.helpers_deployments:helpers_deployments.py:337 


01:42:15 -- Waiting for model...
[32mINFO    [0m integration.helpers_deployments:helpers_deployments.py:277 	App: opensearch - Units - conditions unmet.
[32mINFO    [0m integration.helpers_deployments:helpers_deployments.py:278 
	app: opensearch active -- message: None
		opensearch-0.204* -- (10.157.122.254) -- [idle (since: 01:42:07)] active: 
		opensearch-1.204  -- (10.157.122.29) -- [idle (since: 01:42:07)] active: 

[32mINFO    [0m integration.helpers_deployments:helpers_deployments.py:337 


01:42:27 -- Waiting for model...
[32mINFO    [0m integration.helpers_deployments:helpers_deployments.py:277 	App: opensearch - Units - conditions unmet.
[32mINFO    [0m integration.helpers_deployments:helpers_deployments.py:278 
	app: opensearch active -- message: None
		opensearch-0.204* -- (10.157.122.254) -- [idle (since: 01:42:07)] active: 
		opensearch-1.204  -- (10.157.122.29) -- [idle (since: 01:42:07)] active: 

[32mINFO    [0m integration.helpers_deployments:helpers_deployments.py:337 


01:42:38 -- Waiting for model...
[32mINFO    [0m integration.helpers_deployments:helpers_deployments.py:277 	App: opensearch - Units - conditions unmet.
[32mINFO    [0m integration.helpers_deployments:helpers_deployments.py:278 
	app: opensearch active -- message: None
		opensearch-0.204* -- (10.157.122.254) -- [idle (since: 01:42:07)] active: 
		opensearch-1.204  -- (10.157.122.29) -- [idle (since: 01:42:07)] active: 

[32mINFO    [0m integration.helpers_deployments:helpers_deployments.py:337 


01:42:49 -- Waiting for model...
[32mINFO    [0m integration.helpers_deployments:helpers_deployments.py:277 	App: opensearch - Units - conditions unmet.
[32mINFO    [0m integration.helpers_deployments:helpers_deployments.py:278 
	app: opensearch active -- message: None
		opensearch-0.204* -- (10.157.122.254) -- [idle (since: 01:42:07)] active: 
		opensearch-1.204  -- (10.157.122.29) -- [idle (since: 01:42:07)] active: 

[32mINFO    [0m integration.helpers_deployments:helpers_deployments.py:337 


01:43:00 -- Waiting for model...
[32mINFO    [0m integration.helpers_deployments:helpers_deployments.py:277 	App: opensearch - Units - conditions unmet.
[32mINFO    [0m integration.helpers_deployments:helpers_deployments.py:278 
	app: opensearch active -- message: None
		opensearch-0.204* -- (10.157.122.254) -- [idle (since: 01:42:07)] active: 
		opensearch-1.204  -- (10.157.122.29) -- [idle (since: 01:42:07)] active: 

[32mINFO    [0m integration.helpers_deployments:helpers_deployments.py:337 


01:43:12 -- Waiting for model...
[32mINFO    [0m integration.helpers_deployments:helpers_deployments.py:277 	App: opensearch - Units - conditions unmet.
[32mINFO    [0m integration.helpers_deployments:helpers_deployments.py:278 
	app: opensearch active -- message: None
		opensearch-0.204* -- (10.157.122.254) -- [idle (since: 01:42:07)] active: 
		opensearch-1.204  -- (10.157.122.29) -- [idle (since: 01:42:07)] active: 

[32mINFO    [0m integration.helpers_deployments:helpers_deployments.py:337 


01:43:23 -- Waiting for model...
[32mINFO    [0m integration.helpers_deployments:helpers_deployments.py:277 	App: second-opensearch - Units - conditions unmet.
[32mINFO    [0m integration.helpers_deployments:helpers_deployments.py:278 
	app: second active -- message: None
		second-opensearch-0.6ad* -- (10.157.122.7) -- [idle (since: 01:43:21)] active: 

[32mINFO    [0m integration.helpers_deployments:helpers_deployments.py:337 


01:43:35 -- Waiting for model...
[32mINFO    [0m integration.helpers_deployments:helpers_deployments.py:277 	App: second-opensearch - Units - conditions unmet.
[32mINFO    [0m integration.helpers_deployments:helpers_deployments.py:278 
	app: second active -- message: None
		second-opensearch-0.6ad* -- (10.157.122.7) -- [idle (since: 01:43:21)] active: 

[32mINFO    [0m integration.helpers_deployments:helpers_deployments.py:337 


01:43:46 -- Waiting for model...
[32mINFO    [0m integration.helpers_deployments:helpers_deployments.py:277 	App: second-opensearch - Units - conditions unmet.
[32mINFO    [0m integration.helpers_deployments:helpers_deployments.py:278 
	app: second active -- message: None
		second-opensearch-0.6ad* -- (10.157.122.7) -- [idle (since: 01:43:21)] active: 

[32mINFO    [0m integration.helpers_deployments:helpers_deployments.py:337 


01:43:59 -- Waiting for model...
[32mINFO    [0m integration.helpers_deployments:helpers_deployments.py:277 	App: second-opensearch - Units - conditions unmet.
[32mINFO    [0m integration.helpers_deployments:helpers_deployments.py:278 
	app: second active -- message: None
		second-opensearch-0.6ad* -- (10.157.122.7) -- [idle (since: 01:43:21)] active: 

[32mINFO    [0m integration.helpers_deployments:helpers_deployments.py:337 


01:44:10 -- Waiting for model...
[32mINFO    [0m integration.helpers_deployments:helpers_deployments.py:277 	App: second-opensearch - Units - conditions unmet.
[32mINFO    [0m integration.helpers_deployments:helpers_deployments.py:278 
	app: second active -- message: None
		second-opensearch-0.6ad* -- (10.157.122.7) -- [idle (since: 01:43:21)] active: 

[32mINFO    [0m integration.helpers_deployments:helpers_deployments.py:337 


01:44:22 -- Waiting for model...
[32mINFO    [0m integration.helpers_deployments:helpers_deployments.py:277 	App: second-opensearch - Units - conditions unmet.
[32mINFO    [0m integration.helpers_deployments:helpers_deployments.py:278 
	app: second active -- message: None
		second-opensearch-0.6ad* -- (10.157.122.7) -- [idle (since: 01:43:21)] active: 

[32mINFO    [0m integration.helpers_deployments:helpers_deployments.py:337 


01:44:34 -- Waiting for model...
[32mINFO    [0m integration.helpers_deployments:helpers_deployments.py:348 01:44:36 -- Waiting for model: complete.



[32mINFO    [0m integration.helpers:helpers.py:347 Calling: PUT -- https://10.157.122.254:9200/test_index_unique_cluster_dbs/_doc/1
[32mINFO    [0m integration.helpers:helpers.py:347 Calling: POST -- https://10.157.122.254:9200/test_index_unique_cluster_dbs/_refresh
[32mINFO    [0m integration.helpers:helpers.py:347 Calling: PUT -- https://10.157.122.7:9200/test_index_unique_cluster_dbs/_doc/2
[32mINFO    [0m integration.helpers:helpers.py:347 Calling: POST -- https://10.157.122.7:9200/test_index_unique_cluster_dbs/_refresh
[32mINFO    [0m integration.helpers:helpers.py:347 Calling: GET -- https://10.157.122.254:9200/test_index_unique_cluster_dbs/_search
[32mINFO    [0m integration.helpers:helpers.py:347 Calling: GET -- https://10.157.122.7:9200/test_index_unique_cluster_dbs/_search
[32mINFO    [0m integration.helpers:helpers.py:347 Calling: DELETE -- https://10.157.122.254:9200/test_index_unique_cluster_dbs/
[32mINFO    [0m integration.ha.helpers:helpers.py:247 Continuous writes result: namespace(max_stored_id=363, count=364, last_expected_id=363)
[32mINFO    [0m integration.helpers:helpers.py:347 Calling: GET -- https://10.157.122.254:9200/series_index/_search_shards
[32mINFO    [0m integration.ha.conftest:conftest.py:39 



The writes have been cleared.




[32mINFO    [0m pytest_operator.plugin:plugin.py:862 Model status:

Model  Controller           Cloud/Region         Version  SLA          Timestamp
test   localhost-localhost  localhost/localhost  3.5.3    unsupported  01:45:09Z

App                       Version  Status  Scale  Charm                     Channel        Rev  Exposed  Message
opensearch                         active      2  opensearch                                 0  no       
second-opensearch                  error       1  opensearch                                 0  no       hook failed: "storage-detaching"
self-signed-certificates           active      1  self-signed-certificates  latest/stable  155  no       

Unit                         Workload  Agent  Machine  Public address  Ports     Message
opensearch/0*                active    idle   1        10.157.122.254  9200/tcp  
opensearch/1                 active    idle   2        10.157.122.29   9200/tcp  
second-opensearch/0*         error     idle   3        10.157.122.7    9200/tcp  hook failed: "storage-detaching"
self-signed-certificates/0*  active    idle   0        10.157.122.99             

Machine  State    Address         Inst id        Base          AZ  Message
0        started  10.157.122.99   juju-a8c34a-0  ubuntu@22.04      Running
1        started  10.157.122.254  juju-a8c34a-1  ubuntu@22.04      Running
2        started  10.157.122.29   juju-a8c34a-2  ubuntu@22.04      Running
3        started  10.157.122.7    juju-a8c34a-3  ubuntu@22.04      Running

[32mINFO    [0m pytest_operator.plugin:plugin.py:868 Juju error logs:

machine-0: 01:34:14 ERROR juju.worker.dependency "kvm-container-provisioner" manifold worker returned unexpected error: container types not yet available
machine-0: 01:34:14 ERROR juju.worker.dependency "lxd-container-provisioner" manifold worker returned unexpected error: container types not yet available
unit-self-signed-certificates-0: 01:34:14 ERROR juju.worker.meterstatus error running "meter-status-changed": charm missing from disk
machine-1: 01:36:02 ERROR juju.worker.dependency "kvm-container-provisioner" manifold worker returned unexpected error: container types not yet available
machine-1: 01:36:02 ERROR juju.worker.dependency "lxd-container-provisioner" manifold worker returned unexpected error: container types not yet available
unit-opensearch-0: 01:36:02 ERROR juju.worker.meterstatus error running "meter-status-changed": charm missing from disk
machine-2: 01:36:14 ERROR juju.worker.dependency "kvm-container-provisioner" manifold worker returned unexpected error: container types not yet available
machine-2: 01:36:14 ERROR juju.worker.dependency "lxd-container-provisioner" manifold worker returned unexpected error: container types not yet available
unit-opensearch-1: 01:36:14 ERROR juju.worker.meterstatus error running "meter-status-changed": charm missing from disk
unit-opensearch-0: 01:37:35 ERROR unit.opensearch/0.juju-log opensearch-peers:0: Cannot connect to the OpenSearch server...
unit-opensearch-0: 01:37:35 ERROR unit.opensearch/0.juju-log Cannot connect to the OpenSearch server...
unit-opensearch-0: 01:37:36 ERROR unit.opensearch/0.juju-log Cannot connect to the OpenSearch server...
unit-opensearch-0: 01:37:36 ERROR unit.opensearch/0.juju-log Cannot connect to the OpenSearch server...
unit-opensearch-0: 01:37:39 ERROR unit.opensearch/0.juju-log Cannot connect to the OpenSearch server...
unit-opensearch-0: 01:37:42 ERROR unit.opensearch/0.juju-log Cannot connect to the OpenSearch server...
unit-opensearch-0: 01:37:45 ERROR unit.opensearch/0.juju-log Cannot connect to the OpenSearch server...
unit-opensearch-0: 01:37:48 ERROR unit.opensearch/0.juju-log Cannot connect to the OpenSearch server...
unit-opensearch-1: 01:38:19 ERROR unit.opensearch/1.juju-log upgrade-version-a:2: Cannot connect to the OpenSearch server...
unit-opensearch-1: 01:38:20 ERROR unit.opensearch/1.juju-log Cannot connect to the OpenSearch server...
unit-opensearch-1: 01:38:21 ERROR unit.opensearch/1.juju-log Cannot connect to the OpenSearch server...
unit-opensearch-1: 01:38:22 ERROR unit.opensearch/1.juju-log Cannot connect to the OpenSearch server...
unit-opensearch-1: 01:38:23 ERROR unit.opensearch/1.juju-log node-lock-fallback:1: Cannot connect to the OpenSearch server...
unit-opensearch-1: 01:38:24 ERROR unit.opensearch/1.juju-log node-lock-fallback:1: Cannot connect to the OpenSearch server...
unit-opensearch-1: 01:38:25 ERROR unit.opensearch/1.juju-log node-lock-fallback:1: Cannot connect to the OpenSearch server...
unit-opensearch-1: 01:38:26 ERROR unit.opensearch/1.juju-log node-lock-fallback:1: Cannot connect to the OpenSearch server...
unit-opensearch-1: 01:38:27 ERROR unit.opensearch/1.juju-log certificates:3: Cannot connect to the OpenSearch server...
unit-opensearch-1: 01:38:28 ERROR unit.opensearch/1.juju-log certificates:3: Cannot connect to the OpenSearch server...
unit-opensearch-1: 01:38:29 ERROR unit.opensearch/1.juju-log Cannot connect to the OpenSearch server...
unit-opensearch-1: 01:38:30 ERROR unit.opensearch/1.juju-log Cannot connect to the OpenSearch server...
unit-opensearch-1: 01:38:31 ERROR unit.opensearch/1.juju-log upgrade-version-a:2: Cannot connect to the OpenSearch server...
unit-opensearch-1: 01:38:32 ERROR unit.opensearch/1.juju-log Cannot connect to the OpenSearch server...
unit-opensearch-1: 01:38:33 ERROR unit.opensearch/1.juju-log Cannot connect to the OpenSearch server...
unit-opensearch-1: 01:38:34 ERROR unit.opensearch/1.juju-log node-lock-fallback:1: Cannot connect to the OpenSearch server...
unit-opensearch-1: 01:38:35 ERROR unit.opensearch/1.juju-log node-lock-fallback:1: Cannot connect to the OpenSearch server...
unit-opensearch-1: 01:38:35 ERROR unit.opensearch/1.juju-log opensearch-peers:0: Cannot connect to the OpenSearch server...
unit-opensearch-1: 01:38:36 ERROR unit.opensearch/1.juju-log upgrade-version-a:2: Cannot connect to the OpenSearch server...
unit-opensearch-1: 01:38:37 ERROR unit.opensearch/1.juju-log opensearch-peers:0: Cannot connect to the OpenSearch server...
unit-opensearch-1: 01:38:38 ERROR unit.opensearch/1.juju-log opensearch-peers:0: Cannot connect to the OpenSearch server...
machine-3: 01:41:39 ERROR juju.worker.dependency "kvm-container-provisioner" manifold worker returned unexpected error: container types not yet available
machine-3: 01:41:39 ERROR juju.worker.dependency "lxd-container-provisioner" manifold worker returned unexpected error: container types not yet available
unit-second-opensearch-0: 01:41:39 ERROR juju.worker.meterstatus error running "meter-status-changed": charm missing from disk
unit-second-opensearch-0: 01:42:50 ERROR unit.second-opensearch/0.juju-log certificates:7: Cannot connect to the OpenSearch server...
unit-second-opensearch-0: 01:42:51 ERROR unit.second-opensearch/0.juju-log certificates:7: Cannot connect to the OpenSearch server...
unit-second-opensearch-0: 01:42:51 ERROR unit.second-opensearch/0.juju-log certificates:7: Cannot connect to the OpenSearch server...
unit-second-opensearch-0: 01:42:54 ERROR unit.second-opensearch/0.juju-log certificates:7: Cannot connect to the OpenSearch server...
unit-second-opensearch-0: 01:42:57 ERROR unit.second-opensearch/0.juju-log certificates:7: Cannot connect to the OpenSearch server...
unit-second-opensearch-0: 01:43:00 ERROR unit.second-opensearch/0.juju-log certificates:7: Cannot connect to the OpenSearch server...
unit-second-opensearch-0: 01:43:03 ERROR unit.second-opensearch/0.juju-log certificates:7: Cannot connect to the OpenSearch server...
unit-second-opensearch-0: 01:44:51 ERROR juju.worker.uniter resolver loop error: preparing operation "run relation-departed (7; unit: self-signed-certificates/0, departee: second-opensearch/0) hook" for second-opensearch/0: secret "secret:crp1i54riv3214euc080" not found (not found)
unit-second-opensearch-0: 01:44:51 ERROR juju.worker.dependency "uniter" manifold worker returned unexpected error: preparing operation "run relation-departed (7; unit: self-signed-certificates/0, departee: second-opensearch/0) hook" for second-opensearch/0: secret "secret:crp1i54riv3214euc080" not found (not found)
unit-second-opensearch-0: 01:44:55 ERROR unit.second-opensearch/0.juju-log Uncaught exception while in charm code:
Traceback (most recent call last):
  File "/var/lib/juju/agents/unit-second-opensearch-0/charm/./src/charm.py", line 213, in <module>
    main(OpenSearchOperatorCharm)
  File "/var/lib/juju/agents/unit-second-opensearch-0/charm/venv/ops/main.py", line 551, in main
    manager.run()
  File "/var/lib/juju/agents/unit-second-opensearch-0/charm/venv/ops/main.py", line 530, in run
    self._emit()
  File "/var/lib/juju/agents/unit-second-opensearch-0/charm/venv/ops/main.py", line 519, in _emit
    _emit_charm_event(self.charm, self.dispatcher.event_name)
  File "/var/lib/juju/agents/unit-second-opensearch-0/charm/venv/ops/main.py", line 147, in _emit_charm_event
    event_to_emit.emit(*args, **kwargs)
  File "/var/lib/juju/agents/unit-second-opensearch-0/charm/venv/ops/framework.py", line 348, in emit
    framework._emit(event)
  File "/var/lib/juju/agents/unit-second-opensearch-0/charm/venv/ops/framework.py", line 860, in _emit
    self._reemit(event_path)
  File "/var/lib/juju/agents/unit-second-opensearch-0/charm/venv/ops/framework.py", line 950, in _reemit
    custom_handler(event)
  File "/var/lib/juju/agents/unit-second-opensearch-0/charm/lib/charms/opensearch/v0/opensearch_base_charm.py", line 561, in _on_opensearch_data_storage_detaching
    self._stop_opensearch()
  File "/var/lib/juju/agents/unit-second-opensearch-0/charm/lib/charms/opensearch/v0/opensearch_base_charm.py", line 1099, in _stop_opensearch
    nodes = self._get_nodes(True)
  File "/var/lib/juju/agents/unit-second-opensearch-0/charm/lib/charms/opensearch/v0/opensearch_base_charm.py", line 1330, in _get_nodes
    if self.opensearch_peer_cm.deployment_desc().start == StartMode.WITH_PROVIDED_ROLES:
AttributeError: 'NoneType' object has no attribute 'start'
unit-second-opensearch-0: 01:44:55 ERROR juju.worker.uniter.operation hook "opensearch-data-storage-detaching" (via hook dispatching script: dispatch) failed: exit status 1
unit-second-opensearch-0: 01:45:01 ERROR unit.second-opensearch/0.juju-log Uncaught exception while in charm code:
Traceback (most recent call last):
  File "/var/lib/juju/agents/unit-second-opensearch-0/charm/./src/charm.py", line 213, in <module>
    main(OpenSearchOperatorCharm)
  File "/var/lib/juju/agents/unit-second-opensearch-0/charm/venv/ops/main.py", line 551, in main
    manager.run()
  File "/var/lib/juju/agents/unit-second-opensearch-0/charm/venv/ops/main.py", line 530, in run
    self._emit()
  File "/var/lib/juju/agents/unit-second-opensearch-0/charm/venv/ops/main.py", line 519, in _emit
    _emit_charm_event(self.charm, self.dispatcher.event_name)
  File "/var/lib/juju/agents/unit-second-opensearch-0/charm/venv/ops/main.py", line 147, in _emit_charm_event
    event_to_emit.emit(*args, **kwargs)
  File "/var/lib/juju/agents/unit-second-opensearch-0/charm/venv/ops/framework.py", line 348, in emit
    framework._emit(event)
  File "/var/lib/juju/agents/unit-second-opensearch-0/charm/venv/ops/framework.py", line 860, in _emit
    self._reemit(event_path)
  File "/var/lib/juju/agents/unit-second-opensearch-0/charm/venv/ops/framework.py", line 950, in _reemit
    custom_handler(event)
  File "/var/lib/juju/agents/unit-second-opensearch-0/charm/lib/charms/opensearch/v0/opensearch_base_charm.py", line 561, in _on_opensearch_data_storage_detaching
    self._stop_opensearch()
  File "/var/lib/juju/agents/unit-second-opensearch-0/charm/lib/charms/opensearch/v0/opensearch_base_charm.py", line 1099, in _stop_opensearch
    nodes = self._get_nodes(True)
  File "/var/lib/juju/agents/unit-second-opensearch-0/charm/lib/charms/opensearch/v0/opensearch_base_charm.py", line 1330, in _get_nodes
    if self.opensearch_peer_cm.deployment_desc().start == StartMode.WITH_PROVIDED_ROLES:
AttributeError: 'NoneType' object has no attribute 'start'
unit-second-opensearch-0: 01:45:01 ERROR juju.worker.uniter.operation hook "opensearch-data-storage-detaching" (via hook dispatching script: dispatch) failed: exit status 1

[32mINFO    [0m pytest_operator.plugin:plugin.py:947 Forgetting model main...