[32mINFO    [0m pytest_operator.plugin:plugin.py:862 Model status:

Model  Controller           Cloud/Region         Version  SLA          Timestamp
test   localhost-localhost  localhost/localhost  3.5.3    unsupported  03:26:15Z

App                       Version  Status  Scale  Charm                     Channel        Rev  Exposed  Message
opensearch                         active      3  opensearch                                 0  no       
self-signed-certificates           active      1  self-signed-certificates  latest/stable  155  no       

Unit                         Workload  Agent  Machine  Public address  Ports     Message
opensearch/0*                error     idle   0        10.99.237.249   9200/tcp  hook failed: "upgrade-charm"
opensearch/1                 error     idle   1        10.99.237.18    9200/tcp  hook failed: "upgrade-charm"
opensearch/2                 error     idle   2        10.99.237.127   9200/tcp  hook failed: "upgrade-charm"
self-signed-certificates/0*  active    idle   3        10.99.237.192             

Machine  State    Address        Inst id        Base          AZ  Message
0        started  10.99.237.249  juju-d7ccf1-0  ubuntu@22.04      Running
1        started  10.99.237.18   juju-d7ccf1-1  ubuntu@22.04      Running
2        started  10.99.237.127  juju-d7ccf1-2  ubuntu@22.04      Running
3        started  10.99.237.192  juju-d7ccf1-3  ubuntu@22.04      Running

[32mINFO    [0m pytest_operator.plugin:plugin.py:868 Juju error logs:

machine-3: 02:24:40 ERROR juju.worker.dependency "lxd-container-provisioner" manifold worker returned unexpected error: container types not yet available
machine-3: 02:24:40 ERROR juju.worker.dependency "kvm-container-provisioner" manifold worker returned unexpected error: container types not yet available
unit-self-signed-certificates-0: 02:24:40 ERROR juju.worker.meterstatus error running "meter-status-changed": charm missing from disk
machine-0: 02:24:49 ERROR juju.worker.dependency "kvm-container-provisioner" manifold worker returned unexpected error: container types not yet available
machine-0: 02:24:49 ERROR juju.worker.dependency "lxd-container-provisioner" manifold worker returned unexpected error: container types not yet available
unit-opensearch-0: 02:24:49 ERROR juju.worker.meterstatus error running "meter-status-changed": charm missing from disk
machine-1: 02:25:00 ERROR juju.worker.dependency "kvm-container-provisioner" manifold worker returned unexpected error: container types not yet available
machine-1: 02:25:00 ERROR juju.worker.dependency "lxd-container-provisioner" manifold worker returned unexpected error: container types not yet available
unit-opensearch-1: 02:25:00 ERROR juju.worker.meterstatus error running "meter-status-changed": charm missing from disk
machine-2: 02:26:22 ERROR juju.worker.dependency "kvm-container-provisioner" manifold worker returned unexpected error: container types not yet available
machine-2: 02:26:22 ERROR juju.worker.dependency "lxd-container-provisioner" manifold worker returned unexpected error: container types not yet available
unit-opensearch-2: 02:26:22 ERROR juju.worker.meterstatus error running "meter-status-changed": charm missing from disk
unit-opensearch-0: 02:27:02 ERROR unit.opensearch/0.juju-log [Errno 111] Connection refused
unit-opensearch-0: 02:27:03 ERROR unit.opensearch/0.juju-log certificates:3: [Errno 111] Connection refused
unit-opensearch-0: 02:27:04 ERROR unit.opensearch/0.juju-log certificates:3: [Errno 111] Connection refused
unit-opensearch-0: 02:27:05 ERROR unit.opensearch/0.juju-log certificates:3: [Errno 111] Connection refused
unit-opensearch-0: 02:27:06 ERROR unit.opensearch/0.juju-log [Errno 111] Connection refused
unit-opensearch-0: 02:27:07 ERROR unit.opensearch/0.juju-log [Errno 111] Connection refused
unit-opensearch-0: 02:27:09 ERROR unit.opensearch/0.juju-log [Errno 111] Connection refused
unit-opensearch-0: 02:27:10 ERROR unit.opensearch/0.juju-log [Errno 111] Connection refused
unit-opensearch-0: 02:27:10 ERROR unit.opensearch/0.juju-log [Errno 111] Connection refused
unit-opensearch-0: 02:27:10 ERROR unit.opensearch/0.juju-log Cannot connect to the OpenSearch server...
unit-opensearch-0: 02:27:10 ERROR unit.opensearch/0.juju-log [Errno 111] Connection refused
unit-opensearch-0: 02:27:11 ERROR unit.opensearch/0.juju-log [Errno 111] Connection refused
unit-opensearch-0: 02:27:11 ERROR unit.opensearch/0.juju-log Cannot connect to the OpenSearch server...
unit-opensearch-0: 02:27:11 ERROR unit.opensearch/0.juju-log [Errno 111] Connection refused
unit-opensearch-0: 02:27:12 ERROR unit.opensearch/0.juju-log [Errno 111] Connection refused
unit-opensearch-0: 02:27:12 ERROR unit.opensearch/0.juju-log Cannot connect to the OpenSearch server...
unit-opensearch-0: 02:27:12 ERROR unit.opensearch/0.juju-log [Errno 111] Connection refused
unit-opensearch-0: 02:27:12 ERROR unit.opensearch/0.juju-log Cannot connect to the OpenSearch server...
unit-opensearch-0: 02:27:15 ERROR unit.opensearch/0.juju-log [Errno 111] Connection refused
unit-opensearch-0: 02:27:15 ERROR unit.opensearch/0.juju-log Cannot connect to the OpenSearch server...
unit-opensearch-1: 02:27:16 ERROR unit.opensearch/1.juju-log [Errno 111] Connection refused
unit-opensearch-1: 02:27:17 ERROR unit.opensearch/1.juju-log opensearch-peers:1: [Errno 111] Connection refused
unit-opensearch-1: 02:27:18 ERROR unit.opensearch/1.juju-log opensearch-peers:1: [Errno 111] Connection refused
unit-opensearch-0: 02:27:18 ERROR unit.opensearch/0.juju-log [Errno 111] Connection refused
unit-opensearch-0: 02:27:18 ERROR unit.opensearch/0.juju-log Cannot connect to the OpenSearch server...
unit-opensearch-1: 02:27:19 ERROR unit.opensearch/1.juju-log certificates:3: [Errno 111] Connection refused
unit-opensearch-1: 02:27:20 ERROR unit.opensearch/1.juju-log [Errno 111] Connection refused
unit-opensearch-0: 02:27:21 ERROR unit.opensearch/0.juju-log [Errno 111] Connection refused
unit-opensearch-0: 02:27:21 ERROR unit.opensearch/0.juju-log Cannot connect to the OpenSearch server...
unit-opensearch-1: 02:27:21 ERROR unit.opensearch/1.juju-log [Errno 111] Connection refused
unit-opensearch-1: 02:27:22 ERROR unit.opensearch/1.juju-log [Errno 111] Connection refused
unit-opensearch-1: 02:27:23 ERROR unit.opensearch/1.juju-log [Errno 111] Connection refused
unit-opensearch-1: 02:27:23 ERROR unit.opensearch/1.juju-log Cannot connect to the OpenSearch server...
unit-opensearch-1: 02:27:23 ERROR unit.opensearch/1.juju-log [Errno 111] Connection refused
unit-opensearch-1: 02:27:24 ERROR unit.opensearch/1.juju-log [Errno 111] Connection refused
unit-opensearch-1: 02:27:24 ERROR unit.opensearch/1.juju-log Cannot connect to the OpenSearch server...
unit-opensearch-1: 02:27:24 ERROR unit.opensearch/1.juju-log [Errno 111] Connection refused
unit-opensearch-0: 02:27:24 ERROR unit.opensearch/0.juju-log [Errno 111] Connection refused
unit-opensearch-0: 02:27:24 ERROR unit.opensearch/0.juju-log Cannot connect to the OpenSearch server...
unit-opensearch-1: 02:27:25 ERROR unit.opensearch/1.juju-log certificates:3: [Errno 111] Connection refused
unit-opensearch-1: 02:27:25 ERROR unit.opensearch/1.juju-log certificates:3: Cannot connect to the OpenSearch server...
unit-opensearch-1: 02:27:25 ERROR unit.opensearch/1.juju-log certificates:3: [Errno 111] Connection refused
unit-opensearch-1: 02:27:26 ERROR unit.opensearch/1.juju-log opensearch-peers:1: [Errno 111] Connection refused
unit-opensearch-1: 02:27:26 ERROR unit.opensearch/1.juju-log opensearch-peers:1: Cannot connect to the OpenSearch server...
unit-opensearch-1: 02:27:26 ERROR unit.opensearch/1.juju-log opensearch-peers:1: [Errno 111] Connection refused
unit-opensearch-1: 02:27:26 ERROR unit.opensearch/1.juju-log opensearch-peers:1: [Errno 111] Connection refused
unit-opensearch-0: 02:27:27 ERROR unit.opensearch/0.juju-log [Errno 111] Connection refused
unit-opensearch-0: 02:27:27 ERROR unit.opensearch/0.juju-log Cannot connect to the OpenSearch server...
unit-opensearch-1: 02:27:27 ERROR unit.opensearch/1.juju-log certificates:3: [Errno 111] Connection refused
unit-opensearch-1: 02:27:27 ERROR unit.opensearch/1.juju-log certificates:3: Cannot connect to the OpenSearch server...
unit-opensearch-1: 02:27:28 ERROR unit.opensearch/1.juju-log certificates:3: [Errno 111] Connection refused
unit-opensearch-1: 02:27:28 ERROR unit.opensearch/1.juju-log certificates:3: [Errno 111] Connection refused
unit-opensearch-1: 02:27:29 ERROR unit.opensearch/1.juju-log [Errno 111] Connection refused
unit-opensearch-1: 02:27:29 ERROR unit.opensearch/1.juju-log Cannot connect to the OpenSearch server...
unit-opensearch-1: 02:27:29 ERROR unit.opensearch/1.juju-log [Errno 111] Connection refused
unit-opensearch-1: 02:27:29 ERROR unit.opensearch/1.juju-log [Errno 111] Connection refused
unit-opensearch-1: 02:27:30 ERROR unit.opensearch/1.juju-log [Errno 111] Connection refused
unit-opensearch-1: 02:27:30 ERROR unit.opensearch/1.juju-log Cannot connect to the OpenSearch server...
unit-opensearch-1: 02:27:30 ERROR unit.opensearch/1.juju-log [Errno 111] Connection refused
unit-opensearch-1: 02:27:32 ERROR unit.opensearch/1.juju-log [Errno 111] Connection refused
unit-opensearch-1: 02:27:32 ERROR unit.opensearch/1.juju-log Cannot connect to the OpenSearch server...
unit-opensearch-1: 02:27:32 ERROR unit.opensearch/1.juju-log [Errno 111] Connection refused
unit-opensearch-1: 02:27:33 ERROR unit.opensearch/1.juju-log [Errno 111] Connection refused
unit-opensearch-1: 02:27:33 ERROR unit.opensearch/1.juju-log Cannot connect to the OpenSearch server...
unit-opensearch-1: 02:27:33 ERROR unit.opensearch/1.juju-log [Errno 111] Connection refused
unit-opensearch-1: 02:27:34 ERROR unit.opensearch/1.juju-log opensearch-peers:1: [Errno 111] Connection refused
unit-opensearch-1: 02:27:34 ERROR unit.opensearch/1.juju-log opensearch-peers:1: Cannot connect to the OpenSearch server...
unit-opensearch-1: 02:27:34 ERROR unit.opensearch/1.juju-log opensearch-peers:1: [Errno 111] Connection refused
unit-opensearch-1: 02:27:34 ERROR unit.opensearch/1.juju-log opensearch-peers:1: [Errno 111] Connection refused
unit-opensearch-1: 02:27:35 ERROR unit.opensearch/1.juju-log node-lock-fallback:0: [Errno 111] Connection refused
unit-opensearch-1: 02:27:35 ERROR unit.opensearch/1.juju-log node-lock-fallback:0: Cannot connect to the OpenSearch server...
unit-opensearch-1: 02:27:35 ERROR unit.opensearch/1.juju-log node-lock-fallback:0: [Errno 111] Connection refused
unit-opensearch-1: 02:27:36 ERROR unit.opensearch/1.juju-log node-lock-fallback:0: [Errno 111] Connection refused
unit-opensearch-1: 02:27:37 ERROR unit.opensearch/1.juju-log node-lock-fallback:0: Cannot connect to the OpenSearch server...
unit-opensearch-1: 02:27:37 ERROR unit.opensearch/1.juju-log node-lock-fallback:0: [Errno 111] Connection refused
unit-opensearch-1: 02:27:38 ERROR unit.opensearch/1.juju-log upgrade-version-a:2: [Errno 111] Connection refused
unit-opensearch-1: 02:27:38 ERROR unit.opensearch/1.juju-log upgrade-version-a:2: Cannot connect to the OpenSearch server...
unit-opensearch-1: 02:27:38 ERROR unit.opensearch/1.juju-log upgrade-version-a:2: [Errno 111] Connection refused
unit-opensearch-1: 02:27:39 ERROR unit.opensearch/1.juju-log [Errno 111] Connection refused
unit-opensearch-1: 02:27:39 ERROR unit.opensearch/1.juju-log Cannot connect to the OpenSearch server...
unit-opensearch-1: 02:27:39 ERROR unit.opensearch/1.juju-log [Errno 111] Connection refused
unit-opensearch-1: 02:27:40 ERROR unit.opensearch/1.juju-log opensearch-peers:1: [Errno 111] Connection refused
unit-opensearch-1: 02:27:40 ERROR unit.opensearch/1.juju-log opensearch-peers:1: Cannot connect to the OpenSearch server...
unit-opensearch-1: 02:27:40 ERROR unit.opensearch/1.juju-log opensearch-peers:1: [Errno 111] Connection refused
unit-opensearch-1: 02:27:40 ERROR unit.opensearch/1.juju-log opensearch-peers:1: [Errno 111] Connection refused
unit-opensearch-1: 02:27:41 ERROR unit.opensearch/1.juju-log upgrade-version-a:2: [Errno 111] Connection refused
unit-opensearch-1: 02:27:41 ERROR unit.opensearch/1.juju-log upgrade-version-a:2: Cannot connect to the OpenSearch server...
unit-opensearch-1: 02:27:41 ERROR unit.opensearch/1.juju-log upgrade-version-a:2: [Errno 111] Connection refused
unit-opensearch-1: 02:27:42 ERROR unit.opensearch/1.juju-log upgrade-version-a:2: [Errno 111] Connection refused
unit-opensearch-1: 02:27:42 ERROR unit.opensearch/1.juju-log upgrade-version-a:2: Cannot connect to the OpenSearch server...
unit-opensearch-1: 02:27:42 ERROR unit.opensearch/1.juju-log upgrade-version-a:2: [Errno 111] Connection refused
unit-opensearch-1: 02:27:44 ERROR unit.opensearch/1.juju-log node-lock-fallback:0: [Errno 111] Connection refused
unit-opensearch-1: 02:27:44 ERROR unit.opensearch/1.juju-log node-lock-fallback:0: Cannot connect to the OpenSearch server...
unit-opensearch-1: 02:27:44 ERROR unit.opensearch/1.juju-log node-lock-fallback:0: [Errno 111] Connection refused
unit-opensearch-0: 02:27:46 ERROR unit.opensearch/0.juju-log node-lock-fallback:0: Request GET to https://10.99.237.249:9200/.charm_node_lock/_source/0 with payload: None failed.(Attempts left: 2)
	Error: 404 Client Error: Not Found for url: https://10.99.237.249:9200/.charm_node_lock/_source/0
unit-opensearch-0: 02:27:47 ERROR unit.opensearch/0.juju-log node-lock-fallback:0: Request GET to https://10.99.237.249:9200/.charm_node_lock/_source/0 with payload: None failed.(Attempts left: 1)
	Error: 404 Client Error: Not Found for url: https://10.99.237.249:9200/.charm_node_lock/_source/0
unit-opensearch-1: 02:27:51 ERROR unit.opensearch/1.juju-log node-lock-fallback:0: [Errno 111] Connection refused
unit-opensearch-1: 02:27:51 ERROR unit.opensearch/1.juju-log node-lock-fallback:0: Cannot connect to the OpenSearch server...
unit-opensearch-1: 02:27:51 ERROR unit.opensearch/1.juju-log node-lock-fallback:0: [Errno 111] Connection refused
unit-opensearch-1: 02:27:51 ERROR unit.opensearch/1.juju-log node-lock-fallback:0: [Errno 111] Connection refused
unit-opensearch-1: 02:27:51 ERROR unit.opensearch/1.juju-log node-lock-fallback:0: Request GET to https://10.99.237.249:9200/.charm_node_lock/_source/0 with payload: None failed.(Attempts left: 2)
	Error: 404 Client Error: Not Found for url: https://10.99.237.249:9200/.charm_node_lock/_source/0
unit-opensearch-1: 02:27:52 ERROR unit.opensearch/1.juju-log node-lock-fallback:0: Request GET to https://10.99.237.249:9200/.charm_node_lock/_source/0 with payload: None failed.(Attempts left: 1)
	Error: 404 Client Error: Not Found for url: https://10.99.237.249:9200/.charm_node_lock/_source/0
unit-opensearch-1: 02:27:53 ERROR unit.opensearch/1.juju-log node-lock-fallback:0: [Errno 111] Connection refused
unit-opensearch-1: 02:27:53 ERROR unit.opensearch/1.juju-log node-lock-fallback:0: [Errno 111] Connection refused
unit-opensearch-1: 02:27:53 ERROR unit.opensearch/1.juju-log node-lock-fallback:0: [Errno 111] Connection refused
unit-opensearch-1: 02:27:54 ERROR unit.opensearch/1.juju-log node-lock-fallback:0: [Errno 111] Connection refused
unit-opensearch-1: 02:27:54 ERROR unit.opensearch/1.juju-log node-lock-fallback:0: [Errno 111] Connection refused
unit-opensearch-1: 02:27:54 ERROR unit.opensearch/1.juju-log node-lock-fallback:0: Cannot connect to the OpenSearch server...
unit-opensearch-1: 02:27:54 ERROR unit.opensearch/1.juju-log node-lock-fallback:0: [Errno 111] Connection refused
unit-opensearch-0: 02:27:56 ERROR unit.opensearch/0.juju-log opensearch-peers:1: [Errno 111] Connection refused
unit-opensearch-0: 02:27:56 ERROR unit.opensearch/0.juju-log opensearch-peers:1: [Errno 111] Connection refused
unit-opensearch-0: 02:27:56 ERROR unit.opensearch/0.juju-log opensearch-peers:1: [Errno 111] Connection refused
unit-opensearch-0: 02:27:56 ERROR unit.opensearch/0.juju-log opensearch-peers:1: [Errno 111] Connection refused
unit-opensearch-1: 02:27:57 ERROR unit.opensearch/1.juju-log node-lock-fallback:0: [Errno 111] Connection refused
unit-opensearch-0: 02:27:58 ERROR unit.opensearch/0.juju-log opensearch-peers:1: [Errno 111] Connection refused
unit-opensearch-0: 02:27:58 ERROR unit.opensearch/0.juju-log opensearch-peers:1: [Errno 111] Connection refused
unit-opensearch-0: 02:27:58 ERROR unit.opensearch/0.juju-log opensearch-peers:1: [Errno 111] Connection refused
unit-opensearch-0: 02:27:58 ERROR unit.opensearch/0.juju-log opensearch-peers:1: [Errno 111] Connection refused
unit-opensearch-0: 02:27:58 ERROR unit.opensearch/0.juju-log opensearch-peers:1: [Errno 111] Connection refused
unit-opensearch-0: 02:27:58 ERROR unit.opensearch/0.juju-log opensearch-peers:1: [Errno 111] Connection refused
unit-opensearch-0: 02:27:58 ERROR unit.opensearch/0.juju-log opensearch-peers:1: [Errno 111] Connection refused
unit-opensearch-0: 02:27:59 ERROR unit.opensearch/0.juju-log node-lock-fallback:0: [Errno 111] Connection refused
unit-opensearch-0: 02:27:59 ERROR unit.opensearch/0.juju-log node-lock-fallback:0: [Errno 111] Connection refused
unit-opensearch-0: 02:28:00 ERROR unit.opensearch/0.juju-log node-lock-fallback:0: [Errno 111] Connection refused
unit-opensearch-0: 02:28:00 ERROR unit.opensearch/0.juju-log node-lock-fallback:0: [Errno 111] Connection refused
unit-opensearch-1: 02:28:00 ERROR unit.opensearch/1.juju-log node-lock-fallback:0: [Errno 111] Connection refused
unit-opensearch-0: 02:28:01 ERROR unit.opensearch/0.juju-log upgrade-version-a:2: [Errno 111] Connection refused
unit-opensearch-0: 02:28:01 ERROR unit.opensearch/0.juju-log upgrade-version-a:2: [Errno 111] Connection refused
unit-opensearch-0: 02:28:01 ERROR unit.opensearch/0.juju-log upgrade-version-a:2: [Errno 111] Connection refused
unit-opensearch-0: 02:28:01 ERROR unit.opensearch/0.juju-log upgrade-version-a:2: [Errno 111] Connection refused
unit-opensearch-0: 02:28:02 ERROR unit.opensearch/0.juju-log node-lock-fallback:0: [Errno 111] Connection refused
unit-opensearch-0: 02:28:02 ERROR unit.opensearch/0.juju-log node-lock-fallback:0: [Errno 111] Connection refused
unit-opensearch-0: 02:28:02 ERROR unit.opensearch/0.juju-log node-lock-fallback:0: [Errno 111] Connection refused
unit-opensearch-0: 02:28:03 ERROR unit.opensearch/0.juju-log node-lock-fallback:0: [Errno 111] Connection refused
unit-opensearch-1: 02:28:03 ERROR unit.opensearch/1.juju-log node-lock-fallback:0: [Errno 111] Connection refused
unit-opensearch-0: 02:28:04 ERROR unit.opensearch/0.juju-log node-lock-fallback:0: [Errno 111] Connection refused
unit-opensearch-0: 02:28:04 ERROR unit.opensearch/0.juju-log node-lock-fallback:0: [Errno 111] Connection refused
unit-opensearch-0: 02:28:04 ERROR unit.opensearch/0.juju-log node-lock-fallback:0: [Errno 111] Connection refused
unit-opensearch-0: 02:28:04 ERROR unit.opensearch/0.juju-log node-lock-fallback:0: [Errno 111] Connection refused
unit-opensearch-0: 02:28:05 ERROR unit.opensearch/0.juju-log node-lock-fallback:0: [Errno 111] Connection refused
unit-opensearch-0: 02:28:05 ERROR unit.opensearch/0.juju-log node-lock-fallback:0: [Errno 111] Connection refused
unit-opensearch-0: 02:28:05 ERROR unit.opensearch/0.juju-log node-lock-fallback:0: [Errno 111] Connection refused
unit-opensearch-0: 02:28:05 ERROR unit.opensearch/0.juju-log node-lock-fallback:0: [Errno 111] Connection refused
unit-opensearch-1: 02:28:06 ERROR unit.opensearch/1.juju-log node-lock-fallback:0: [Errno 111] Connection refused
unit-opensearch-0: 02:28:06 ERROR unit.opensearch/0.juju-log node-lock-fallback:0: [Errno 111] Connection refused
unit-opensearch-0: 02:28:06 ERROR unit.opensearch/0.juju-log node-lock-fallback:0: [Errno 111] Connection refused
unit-opensearch-0: 02:28:07 ERROR unit.opensearch/0.juju-log node-lock-fallback:0: [Errno 111] Connection refused
unit-opensearch-0: 02:28:07 ERROR unit.opensearch/0.juju-log node-lock-fallback:0: [Errno 111] Connection refused
unit-opensearch-0: 02:28:08 ERROR unit.opensearch/0.juju-log opensearch-peers:1: [Errno 111] Connection refused
unit-opensearch-0: 02:28:08 ERROR unit.opensearch/0.juju-log opensearch-peers:1: [Errno 111] Connection refused
unit-opensearch-0: 02:28:08 ERROR unit.opensearch/0.juju-log opensearch-peers:1: [Errno 111] Connection refused
unit-opensearch-0: 02:28:08 ERROR unit.opensearch/0.juju-log opensearch-peers:1: [Errno 111] Connection refused
unit-opensearch-0: 02:28:08 ERROR unit.opensearch/0.juju-log opensearch-peers:1: [Errno 111] Connection refused
unit-opensearch-0: 02:28:08 ERROR unit.opensearch/0.juju-log opensearch-peers:1: [Errno 111] Connection refused
unit-opensearch-0: 02:28:08 ERROR unit.opensearch/0.juju-log opensearch-peers:1: [Errno 111] Connection refused
unit-opensearch-0: 02:28:08 ERROR unit.opensearch/0.juju-log opensearch-peers:1: [Errno 111] Connection refused
unit-opensearch-0: 02:28:09 ERROR unit.opensearch/0.juju-log opensearch-peers:1: [Errno 111] Connection refused
unit-opensearch-0: 02:28:09 ERROR unit.opensearch/0.juju-log opensearch-peers:1: [Errno 111] Connection refused
unit-opensearch-0: 02:28:09 ERROR unit.opensearch/0.juju-log opensearch-peers:1: [Errno 111] Connection refused
unit-opensearch-0: 02:28:09 ERROR unit.opensearch/0.juju-log opensearch-peers:1: [Errno 111] Connection refused
unit-opensearch-0: 02:28:09 ERROR unit.opensearch/0.juju-log opensearch-peers:1: [Errno 111] Connection refused
unit-opensearch-0: 02:28:09 ERROR unit.opensearch/0.juju-log opensearch-peers:1: [Errno 111] Connection refused
unit-opensearch-1: 02:28:09 ERROR unit.opensearch/1.juju-log node-lock-fallback:0: [Errno 111] Connection refused
unit-opensearch-0: 02:28:09 ERROR unit.opensearch/0.juju-log opensearch-peers:1: [Errno 111] Connection refused
unit-opensearch-0: 02:28:10 ERROR unit.opensearch/0.juju-log opensearch-peers:1: [Errno 111] Connection refused
unit-opensearch-0: 02:28:10 ERROR unit.opensearch/0.juju-log opensearch-peers:1: [Errno 111] Connection refused
unit-opensearch-0: 02:28:10 ERROR unit.opensearch/0.juju-log opensearch-peers:1: [Errno 111] Connection refused
unit-opensearch-0: 02:28:10 ERROR unit.opensearch/0.juju-log opensearch-peers:1: [Errno 111] Connection refused
unit-opensearch-0: 02:28:10 ERROR unit.opensearch/0.juju-log opensearch-peers:1: [Errno 111] Connection refused
unit-opensearch-0: 02:28:10 ERROR unit.opensearch/0.juju-log opensearch-peers:1: [Errno 111] Connection refused
unit-opensearch-0: 02:28:10 ERROR unit.opensearch/0.juju-log opensearch-peers:1: [Errno 111] Connection refused
unit-opensearch-0: 02:28:11 ERROR unit.opensearch/0.juju-log upgrade-version-a:2: [Errno 111] Connection refused
unit-opensearch-0: 02:28:11 ERROR unit.opensearch/0.juju-log upgrade-version-a:2: [Errno 111] Connection refused
unit-opensearch-0: 02:28:11 ERROR unit.opensearch/0.juju-log upgrade-version-a:2: [Errno 111] Connection refused
unit-opensearch-0: 02:28:11 ERROR unit.opensearch/0.juju-log upgrade-version-a:2: [Errno 111] Connection refused
unit-opensearch-0: 02:28:11 ERROR unit.opensearch/0.juju-log upgrade-version-a:2: [Errno 111] Connection refused
unit-opensearch-0: 02:28:11 ERROR unit.opensearch/0.juju-log upgrade-version-a:2: [Errno 111] Connection refused
unit-opensearch-0: 02:28:11 ERROR unit.opensearch/0.juju-log upgrade-version-a:2: [Errno 111] Connection refused
unit-opensearch-0: 02:28:11 ERROR unit.opensearch/0.juju-log upgrade-version-a:2: [Errno 111] Connection refused
unit-opensearch-0: 02:28:13 ERROR unit.opensearch/0.juju-log upgrade-version-a:2: [Errno 111] Connection refused
unit-opensearch-0: 02:28:13 ERROR unit.opensearch/0.juju-log upgrade-version-a:2: [Errno 111] Connection refused
unit-opensearch-0: 02:28:13 ERROR unit.opensearch/0.juju-log upgrade-version-a:2: [Errno 111] Connection refused
unit-opensearch-0: 02:28:14 ERROR unit.opensearch/0.juju-log upgrade-version-a:2: [Errno 111] Connection refused
unit-opensearch-0: 02:28:14 ERROR unit.opensearch/0.juju-log upgrade-version-a:2: [Errno 111] Connection refused
unit-opensearch-0: 02:28:15 ERROR unit.opensearch/0.juju-log node-lock-fallback:0: [Errno 111] Connection refused
unit-opensearch-0: 02:28:15 ERROR unit.opensearch/0.juju-log node-lock-fallback:0: [Errno 111] Connection refused
unit-opensearch-0: 02:28:15 ERROR unit.opensearch/0.juju-log node-lock-fallback:0: [Errno 111] Connection refused
unit-opensearch-0: 02:28:16 ERROR unit.opensearch/0.juju-log node-lock-fallback:0: [Errno 111] Connection refused
unit-opensearch-0: 02:28:16 ERROR unit.opensearch/0.juju-log node-lock-fallback:0: [Errno 111] Connection refused
unit-opensearch-0: 02:28:17 ERROR unit.opensearch/0.juju-log node-lock-fallback:0: [Errno 111] Connection refused
unit-opensearch-0: 02:28:17 ERROR unit.opensearch/0.juju-log node-lock-fallback:0: [Errno 111] Connection refused
unit-opensearch-0: 02:28:17 ERROR unit.opensearch/0.juju-log node-lock-fallback:0: [Errno 111] Connection refused
unit-opensearch-0: 02:28:17 ERROR unit.opensearch/0.juju-log node-lock-fallback:0: [Errno 111] Connection refused
unit-opensearch-0: 02:28:18 ERROR unit.opensearch/0.juju-log node-lock-fallback:0: [Errno 111] Connection refused
unit-opensearch-0: 02:28:19 ERROR unit.opensearch/0.juju-log opensearch-peers:1: [Errno 111] Connection refused
unit-opensearch-0: 02:28:19 ERROR unit.opensearch/0.juju-log opensearch-peers:1: [Errno 111] Connection refused
unit-opensearch-0: 02:28:19 ERROR unit.opensearch/0.juju-log opensearch-peers:1: [Errno 111] Connection refused
unit-opensearch-0: 02:28:19 ERROR unit.opensearch/0.juju-log opensearch-peers:1: [Errno 111] Connection refused
unit-opensearch-0: 02:28:20 ERROR unit.opensearch/0.juju-log opensearch-peers:1: [Errno 111] Connection refused
unit-opensearch-0: 02:28:20 ERROR unit.opensearch/0.juju-log opensearch-peers:1: [Errno 111] Connection refused
unit-opensearch-0: 02:28:20 ERROR unit.opensearch/0.juju-log opensearch-peers:1: [Errno 111] Connection refused
unit-opensearch-0: 02:28:20 ERROR unit.opensearch/0.juju-log opensearch-peers:1: [Errno 111] Connection refused
unit-opensearch-0: 02:28:21 ERROR unit.opensearch/0.juju-log upgrade-version-a:2: [Errno 111] Connection refused
unit-opensearch-0: 02:28:21 ERROR unit.opensearch/0.juju-log upgrade-version-a:2: [Errno 111] Connection refused
unit-opensearch-0: 02:28:21 ERROR unit.opensearch/0.juju-log upgrade-version-a:2: [Errno 111] Connection refused
unit-opensearch-0: 02:28:22 ERROR unit.opensearch/0.juju-log upgrade-version-a:2: [Errno 111] Connection refused
unit-opensearch-0: 02:28:22 ERROR unit.opensearch/0.juju-log upgrade-version-a:2: [Errno 111] Connection refused
unit-opensearch-1: 02:28:22 ERROR unit.opensearch/1.juju-log opensearch-peers:1: [Errno 111] Connection refused
unit-opensearch-1: 02:28:24 ERROR unit.opensearch/1.juju-log opensearch-peers:1: [Errno 111] Connection refused
unit-opensearch-1: 02:28:32 ERROR unit.opensearch/1.juju-log opensearch-peers:1: [Errno 111] Connection refused
unit-opensearch-0: 02:28:32 ERROR unit.opensearch/0.juju-log opensearch-peers:1: [Errno 111] Connection refused
unit-opensearch-0: 02:28:32 ERROR unit.opensearch/0.juju-log opensearch-peers:1: [Errno 111] Connection refused
unit-opensearch-0: 02:28:33 ERROR unit.opensearch/0.juju-log opensearch-peers:1: [Errno 111] Connection refused
unit-opensearch-0: 02:28:33 ERROR unit.opensearch/0.juju-log opensearch-peers:1: [Errno 111] Connection refused
unit-opensearch-0: 02:28:33 ERROR unit.opensearch/0.juju-log opensearch-peers:1: [Errno 111] Connection refused
unit-opensearch-0: 02:28:33 ERROR unit.opensearch/0.juju-log opensearch-peers:1: [Errno 111] Connection refused
unit-opensearch-0: 02:28:33 ERROR unit.opensearch/0.juju-log opensearch-peers:1: [Errno 111] Connection refused
unit-opensearch-0: 02:28:33 ERROR unit.opensearch/0.juju-log opensearch-peers:1: [Errno 111] Connection refused
unit-opensearch-2: 02:28:34 ERROR unit.opensearch/2.juju-log [Errno 111] Connection refused
unit-opensearch-0: 02:28:34 ERROR unit.opensearch/0.juju-log certificates:3: [Errno 111] Connection refused
unit-opensearch-0: 02:28:35 ERROR unit.opensearch/0.juju-log certificates:3: [Errno 111] Connection refused
unit-opensearch-0: 02:28:35 ERROR unit.opensearch/0.juju-log certificates:3: [Errno 111] Connection refused
unit-opensearch-0: 02:28:35 ERROR unit.opensearch/0.juju-log certificates:3: [Errno 111] Connection refused
unit-opensearch-0: 02:28:35 ERROR unit.opensearch/0.juju-log certificates:3: [Errno 111] Connection refused
unit-opensearch-2: 02:28:36 ERROR unit.opensearch/2.juju-log [Errno 111] Connection refused
unit-opensearch-2: 02:28:36 ERROR unit.opensearch/2.juju-log [Errno 111] Connection refused
unit-opensearch-0: 02:28:37 ERROR unit.opensearch/0.juju-log [Errno 111] Connection refused
unit-opensearch-0: 02:28:37 ERROR unit.opensearch/0.juju-log [Errno 111] Connection refused
unit-opensearch-0: 02:28:37 ERROR unit.opensearch/0.juju-log [Errno 111] Connection refused
unit-opensearch-0: 02:28:37 ERROR unit.opensearch/0.juju-log [Errno 111] Connection refused
unit-opensearch-0: 02:28:37 ERROR unit.opensearch/0.juju-log [Errno 111] Connection refused
unit-opensearch-2: 02:28:38 ERROR unit.opensearch/2.juju-log certificates:3: [Errno 111] Connection refused
unit-opensearch-0: 02:28:38 ERROR unit.opensearch/0.juju-log [Errno 111] Connection refused
unit-opensearch-0: 02:28:38 ERROR unit.opensearch/0.juju-log [Errno 111] Connection refused
unit-opensearch-0: 02:28:39 ERROR unit.opensearch/0.juju-log [Errno 111] Connection refused
unit-opensearch-0: 02:28:39 ERROR unit.opensearch/0.juju-log [Errno 111] Connection refused
unit-opensearch-2: 02:28:39 ERROR unit.opensearch/2.juju-log [Errno 111] Connection refused
unit-opensearch-0: 02:28:39 ERROR unit.opensearch/0.juju-log [Errno 111] Connection refused
unit-opensearch-2: 02:28:40 ERROR unit.opensearch/2.juju-log [Errno 111] Connection refused
unit-opensearch-0: 02:28:40 ERROR unit.opensearch/0.juju-log [Errno 111] Connection refused
unit-opensearch-0: 02:28:40 ERROR unit.opensearch/0.juju-log [Errno 111] Connection refused
unit-opensearch-0: 02:28:40 ERROR unit.opensearch/0.juju-log [Errno 111] Connection refused
unit-opensearch-0: 02:28:40 ERROR unit.opensearch/0.juju-log [Errno 111] Connection refused
unit-opensearch-0: 02:28:40 ERROR unit.opensearch/0.juju-log [Errno 111] Connection refused
unit-opensearch-2: 02:28:41 ERROR unit.opensearch/2.juju-log opensearch-peers:1: [Errno 111] Connection refused
unit-opensearch-2: 02:28:41 ERROR unit.opensearch/2.juju-log opensearch-peers:1: [Errno 111] Connection refused
unit-opensearch-2: 02:28:41 ERROR unit.opensearch/2.juju-log opensearch-peers:1: Cannot connect to the OpenSearch server...
unit-opensearch-2: 02:28:41 ERROR unit.opensearch/2.juju-log opensearch-peers:1: [Errno 111] Connection refused
unit-opensearch-2: 02:28:41 ERROR unit.opensearch/2.juju-log opensearch-peers:1: [Errno 111] Connection refused
unit-opensearch-0: 02:28:41 ERROR unit.opensearch/0.juju-log [Errno 111] Connection refused
unit-opensearch-0: 02:28:42 ERROR unit.opensearch/0.juju-log [Errno 111] Connection refused
unit-opensearch-0: 02:28:42 ERROR unit.opensearch/0.juju-log [Errno 111] Connection refused
unit-opensearch-0: 02:28:42 ERROR unit.opensearch/0.juju-log [Errno 111] Connection refused
unit-opensearch-0: 02:28:42 ERROR unit.opensearch/0.juju-log [Errno 111] Connection refused
unit-opensearch-2: 02:28:42 ERROR unit.opensearch/2.juju-log [Errno 111] Connection refused
unit-opensearch-2: 02:28:42 ERROR unit.opensearch/2.juju-log Cannot connect to the OpenSearch server...
unit-opensearch-2: 02:28:42 ERROR unit.opensearch/2.juju-log [Errno 111] Connection refused
unit-opensearch-1: 02:28:42 ERROR unit.opensearch/1.juju-log opensearch-peers:1: [Errno 111] Connection refused
unit-opensearch-0: 02:28:43 ERROR unit.opensearch/0.juju-log [Errno 111] Connection refused
unit-opensearch-0: 02:28:43 ERROR unit.opensearch/0.juju-log [Errno 111] Connection refused
unit-opensearch-2: 02:28:43 ERROR unit.opensearch/2.juju-log [Errno 111] Connection refused
unit-opensearch-2: 02:28:43 ERROR unit.opensearch/2.juju-log Cannot connect to the OpenSearch server...
unit-opensearch-2: 02:28:43 ERROR unit.opensearch/2.juju-log [Errno 111] Connection refused
unit-opensearch-0: 02:28:43 ERROR unit.opensearch/0.juju-log [Errno 111] Connection refused
unit-opensearch-0: 02:28:43 ERROR unit.opensearch/0.juju-log [Errno 111] Connection refused
unit-opensearch-0: 02:28:44 ERROR unit.opensearch/0.juju-log [Errno 111] Connection refused
unit-opensearch-2: 02:28:44 ERROR unit.opensearch/2.juju-log certificates:3: [Errno 111] Connection refused
unit-opensearch-2: 02:28:44 ERROR unit.opensearch/2.juju-log certificates:3: Cannot connect to the OpenSearch server...
unit-opensearch-2: 02:28:44 ERROR unit.opensearch/2.juju-log certificates:3: [Errno 111] Connection refused
unit-opensearch-0: 02:28:45 ERROR unit.opensearch/0.juju-log [Errno 111] Connection refused
unit-opensearch-0: 02:28:45 ERROR unit.opensearch/0.juju-log [Errno 111] Connection refused
unit-opensearch-0: 02:28:45 ERROR unit.opensearch/0.juju-log [Errno 111] Connection refused
unit-opensearch-0: 02:28:45 ERROR unit.opensearch/0.juju-log [Errno 111] Connection refused
unit-opensearch-2: 02:28:45 ERROR unit.opensearch/2.juju-log opensearch-peers:1: [Errno 111] Connection refused
unit-opensearch-2: 02:28:45 ERROR unit.opensearch/2.juju-log opensearch-peers:1: Cannot connect to the OpenSearch server...
unit-opensearch-2: 02:28:45 ERROR unit.opensearch/2.juju-log opensearch-peers:1: [Errno 111] Connection refused
unit-opensearch-0: 02:28:45 ERROR unit.opensearch/0.juju-log [Errno 111] Connection refused
unit-opensearch-2: 02:28:45 ERROR unit.opensearch/2.juju-log opensearch-peers:1: [Errno 111] Connection refused
unit-opensearch-2: 02:28:45 ERROR unit.opensearch/2.juju-log opensearch-peers:1: Request GET to https://10.99.237.249:9200/.charm_node_lock/_source/0 with payload: None failed.(Attempts left: 2)
	Error: 404 Client Error: Not Found for url: https://10.99.237.249:9200/.charm_node_lock/_source/0
unit-opensearch-0: 02:28:46 ERROR unit.opensearch/0.juju-log node-lock-fallback:0: [Errno 111] Connection refused
unit-opensearch-0: 02:28:46 ERROR unit.opensearch/0.juju-log node-lock-fallback:0: [Errno 111] Connection refused
unit-opensearch-2: 02:28:46 ERROR unit.opensearch/2.juju-log opensearch-peers:1: Request GET to https://10.99.237.249:9200/.charm_node_lock/_source/0 with payload: None failed.(Attempts left: 1)
	Error: 404 Client Error: Not Found for url: https://10.99.237.249:9200/.charm_node_lock/_source/0
unit-opensearch-0: 02:28:47 ERROR unit.opensearch/0.juju-log node-lock-fallback:0: [Errno 111] Connection refused
unit-opensearch-0: 02:28:47 ERROR unit.opensearch/0.juju-log node-lock-fallback:0: [Errno 111] Connection refused
unit-opensearch-0: 02:28:47 ERROR unit.opensearch/0.juju-log node-lock-fallback:0: [Errno 111] Connection refused
unit-opensearch-2: 02:28:47 ERROR unit.opensearch/2.juju-log opensearch-peers:1: [Errno 111] Connection refused
unit-opensearch-2: 02:28:48 ERROR unit.opensearch/2.juju-log opensearch-peers:1: [Errno 111] Connection refused
unit-opensearch-2: 02:28:48 ERROR unit.opensearch/2.juju-log opensearch-peers:1: [Errno 111] Connection refused
unit-opensearch-2: 02:28:48 ERROR unit.opensearch/2.juju-log opensearch-peers:1: Request PUT to https://10.99.237.249:9200/.charm_node_lock?wait_for_active_shards=all with payload: {'settings': {'index': {'auto_expand_replicas': '0-all'}}} failed.(Attempts left: 2)
	Error: 400 Client Error: Bad Request for url: https://10.99.237.249:9200/.charm_node_lock?wait_for_active_shards=all
unit-opensearch-0: 02:28:48 ERROR unit.opensearch/0.juju-log node-lock-fallback:0: [Errno 111] Connection refused
unit-opensearch-0: 02:28:48 ERROR unit.opensearch/0.juju-log node-lock-fallback:0: [Errno 111] Connection refused
unit-opensearch-0: 02:28:48 ERROR unit.opensearch/0.juju-log node-lock-fallback:0: [Errno 111] Connection refused
unit-opensearch-0: 02:28:48 ERROR unit.opensearch/0.juju-log node-lock-fallback:0: [Errno 111] Connection refused
unit-opensearch-0: 02:28:49 ERROR unit.opensearch/0.juju-log node-lock-fallback:0: [Errno 111] Connection refused
unit-opensearch-2: 02:28:49 ERROR unit.opensearch/2.juju-log opensearch-peers:1: Request PUT to https://10.99.237.249:9200/.charm_node_lock?wait_for_active_shards=all with payload: {'settings': {'index': {'auto_expand_replicas': '0-all'}}} failed.(Attempts left: 1)
	Error: 400 Client Error: Bad Request for url: https://10.99.237.249:9200/.charm_node_lock?wait_for_active_shards=all
unit-opensearch-0: 02:28:49 ERROR unit.opensearch/0.juju-log opensearch-peers:1: [Errno 111] Connection refused
unit-opensearch-0: 02:28:50 ERROR unit.opensearch/0.juju-log opensearch-peers:1: [Errno 111] Connection refused
unit-opensearch-2: 02:28:50 ERROR unit.opensearch/2.juju-log opensearch-peers:1: [Errno 111] Connection refused
unit-opensearch-0: 02:28:50 ERROR unit.opensearch/0.juju-log opensearch-peers:1: [Errno 111] Connection refused
unit-opensearch-2: 02:28:50 ERROR unit.opensearch/2.juju-log opensearch-peers:1: [Errno 111] Connection refused
unit-opensearch-0: 02:28:50 ERROR unit.opensearch/0.juju-log opensearch-peers:1: [Errno 111] Connection refused
unit-opensearch-0: 02:28:50 ERROR unit.opensearch/0.juju-log opensearch-peers:1: [Errno 111] Connection refused
unit-opensearch-0: 02:28:50 ERROR unit.opensearch/0.juju-log opensearch-peers:1: [Errno 111] Connection refused
unit-opensearch-0: 02:28:50 ERROR unit.opensearch/0.juju-log opensearch-peers:1: [Errno 111] Connection refused
unit-opensearch-2: 02:28:50 ERROR unit.opensearch/2.juju-log opensearch-peers:1: [Errno 111] Connection refused
unit-opensearch-2: 02:28:50 ERROR unit.opensearch/2.juju-log opensearch-peers:1: Cannot connect to the OpenSearch server...
unit-opensearch-0: 02:28:50 ERROR unit.opensearch/0.juju-log opensearch-peers:1: [Errno 111] Connection refused
unit-opensearch-2: 02:28:51 ERROR unit.opensearch/2.juju-log opensearch-peers:1: [Errno 111] Connection refused
unit-opensearch-2: 02:28:54 ERROR unit.opensearch/2.juju-log opensearch-peers:1: [Errno 111] Connection refused
unit-opensearch-2: 02:28:57 ERROR unit.opensearch/2.juju-log opensearch-peers:1: [Errno 111] Connection refused
unit-opensearch-2: 02:29:00 ERROR unit.opensearch/2.juju-log opensearch-peers:1: [Errno 111] Connection refused
unit-opensearch-2: 02:29:03 ERROR unit.opensearch/2.juju-log opensearch-peers:1: [Errno 111] Connection refused
unit-opensearch-2: 02:29:06 ERROR unit.opensearch/2.juju-log opensearch-peers:1: [Errno 111] Connection refused
unit-opensearch-0: 02:30:33 ERROR unit.opensearch/0.juju-log Request GET to https://10.99.237.249:9200/_snapshot/s3-repository with payload: None failed.(Attempts left: 5)
	Error: 404 Client Error: Not Found for url: https://10.99.237.249:9200/_snapshot/s3-repository
unit-opensearch-0: 02:30:34 ERROR unit.opensearch/0.juju-log Request GET to https://10.99.237.249:9200/_snapshot/s3-repository with payload: None failed.(Attempts left: 4)
	Error: 404 Client Error: Not Found for url: https://10.99.237.249:9200/_snapshot/s3-repository
unit-opensearch-0: 02:30:35 ERROR unit.opensearch/0.juju-log Request GET to https://10.99.237.249:9200/_snapshot/s3-repository with payload: None failed.(Attempts left: 3)
	Error: 404 Client Error: Not Found for url: https://10.99.237.249:9200/_snapshot/s3-repository
unit-opensearch-0: 02:30:36 ERROR unit.opensearch/0.juju-log Request GET to https://10.99.237.249:9200/_snapshot/s3-repository with payload: None failed.(Attempts left: 2)
	Error: 404 Client Error: Not Found for url: https://10.99.237.249:9200/_snapshot/s3-repository
unit-opensearch-0: 02:30:37 ERROR unit.opensearch/0.juju-log Request GET to https://10.99.237.249:9200/_snapshot/s3-repository with payload: None failed.(Attempts left: 1)
	Error: 404 Client Error: Not Found for url: https://10.99.237.249:9200/_snapshot/s3-repository
unit-opensearch-1: 02:31:25 ERROR unit.opensearch/1.juju-log Uncaught exception while in charm code:
Traceback (most recent call last):
  File "/var/lib/juju/agents/unit-opensearch-1/charm/./src/charm.py", line 213, in <module>
    main(OpenSearchOperatorCharm)
  File "/var/lib/juju/agents/unit-opensearch-1/charm/venv/ops/main.py", line 549, in main
    manager = _Manager(charm_class, use_juju_for_storage=use_juju_for_storage)
  File "/var/lib/juju/agents/unit-opensearch-1/charm/venv/ops/main.py", line 432, in __init__
    self.charm = self._make_charm(self.framework, self.dispatcher)
  File "/var/lib/juju/agents/unit-opensearch-1/charm/venv/ops/main.py", line 435, in _make_charm
    charm = self._charm_class(framework)
  File "/var/lib/juju/agents/unit-opensearch-1/charm/./src/charm.py", line 29, in __init__
    super().__init__(*args, distro=OpenSearchSnap)  # OpenSearchTarball
  File "/var/lib/juju/agents/unit-opensearch-1/charm/lib/charms/opensearch/v0/opensearch_base_charm.py", line 197, in __init__
    self.backup = backup(self)
  File "/var/lib/juju/agents/unit-opensearch-1/charm/lib/charms/opensearch/v0/opensearch_backups.py", line 1080, in backup
    if not charm.opensearch_peer_cm.deployment_desc():
  File "/var/lib/juju/agents/unit-opensearch-1/charm/lib/charms/opensearch/v0/opensearch_peer_clusters.py", line 358, in deployment_desc
    return DeploymentDescription.from_dict(current_deployment_desc)
  File "/var/lib/juju/agents/unit-opensearch-1/charm/lib/charms/opensearch/v0/models.py", line 47, in from_dict
    return cls(**input_dict)
  File "/var/lib/juju/agents/unit-opensearch-1/charm/lib/charms/opensearch/v0/models.py", line 32, in __init__
    super().__init__(**data)
  File "/var/lib/juju/agents/unit-opensearch-1/charm/venv/pydantic/main.py", line 341, in __init__
    raise validation_error
pydantic.error_wrappers.ValidationError: 1 validation error for DeploymentDescription
app
  value is not a valid dict (type=type_error.dict)
unit-opensearch-0: 02:31:25 ERROR unit.opensearch/0.juju-log Uncaught exception while in charm code:
Traceback (most recent call last):
  File "/var/lib/juju/agents/unit-opensearch-0/charm/./src/charm.py", line 213, in <module>
    main(OpenSearchOperatorCharm)
  File "/var/lib/juju/agents/unit-opensearch-0/charm/venv/ops/main.py", line 549, in main
    manager = _Manager(charm_class, use_juju_for_storage=use_juju_for_storage)
  File "/var/lib/juju/agents/unit-opensearch-0/charm/venv/ops/main.py", line 432, in __init__
    self.charm = self._make_charm(self.framework, self.dispatcher)
  File "/var/lib/juju/agents/unit-opensearch-0/charm/venv/ops/main.py", line 435, in _make_charm
    charm = self._charm_class(framework)
  File "/var/lib/juju/agents/unit-opensearch-0/charm/./src/charm.py", line 29, in __init__
    super().__init__(*args, distro=OpenSearchSnap)  # OpenSearchTarball
  File "/var/lib/juju/agents/unit-opensearch-0/charm/lib/charms/opensearch/v0/opensearch_base_charm.py", line 197, in __init__
    self.backup = backup(self)
  File "/var/lib/juju/agents/unit-opensearch-0/charm/lib/charms/opensearch/v0/opensearch_backups.py", line 1080, in backup
    if not charm.opensearch_peer_cm.deployment_desc():
  File "/var/lib/juju/agents/unit-opensearch-0/charm/lib/charms/opensearch/v0/opensearch_peer_clusters.py", line 358, in deployment_desc
    return DeploymentDescription.from_dict(current_deployment_desc)
  File "/var/lib/juju/agents/unit-opensearch-0/charm/lib/charms/opensearch/v0/models.py", line 47, in from_dict
    return cls(**input_dict)
  File "/var/lib/juju/agents/unit-opensearch-0/charm/lib/charms/opensearch/v0/models.py", line 32, in __init__
    super().__init__(**data)
  File "/var/lib/juju/agents/unit-opensearch-0/charm/venv/pydantic/main.py", line 341, in __init__
    raise validation_error
pydantic.error_wrappers.ValidationError: 1 validation error for DeploymentDescription
app
  value is not a valid dict (type=type_error.dict)
unit-opensearch-2: 02:31:25 ERROR unit.opensearch/2.juju-log Uncaught exception while in charm code:
Traceback (most recent call last):
  File "/var/lib/juju/agents/unit-opensearch-2/charm/./src/charm.py", line 213, in <module>
    main(OpenSearchOperatorCharm)
  File "/var/lib/juju/agents/unit-opensearch-2/charm/venv/ops/main.py", line 549, in main
    manager = _Manager(charm_class, use_juju_for_storage=use_juju_for_storage)
  File "/var/lib/juju/agents/unit-opensearch-2/charm/venv/ops/main.py", line 432, in __init__
    self.charm = self._make_charm(self.framework, self.dispatcher)
  File "/var/lib/juju/agents/unit-opensearch-2/charm/venv/ops/main.py", line 435, in _make_charm
    charm = self._charm_class(framework)
  File "/var/lib/juju/agents/unit-opensearch-2/charm/./src/charm.py", line 29, in __init__
    super().__init__(*args, distro=OpenSearchSnap)  # OpenSearchTarball
  File "/var/lib/juju/agents/unit-opensearch-2/charm/lib/charms/opensearch/v0/opensearch_base_charm.py", line 197, in __init__
    self.backup = backup(self)
  File "/var/lib/juju/agents/unit-opensearch-2/charm/lib/charms/opensearch/v0/opensearch_backups.py", line 1080, in backup
    if not charm.opensearch_peer_cm.deployment_desc():
  File "/var/lib/juju/agents/unit-opensearch-2/charm/lib/charms/opensearch/v0/opensearch_peer_clusters.py", line 358, in deployment_desc
    return DeploymentDescription.from_dict(current_deployment_desc)
  File "/var/lib/juju/agents/unit-opensearch-2/charm/lib/charms/opensearch/v0/models.py", line 47, in from_dict
    return cls(**input_dict)
  File "/var/lib/juju/agents/unit-opensearch-2/charm/lib/charms/opensearch/v0/models.py", line 32, in __init__
    super().__init__(**data)
  File "/var/lib/juju/agents/unit-opensearch-2/charm/venv/pydantic/main.py", line 341, in __init__
    raise validation_error
pydantic.error_wrappers.ValidationError: 1 validation error for DeploymentDescription
app
  value is not a valid dict (type=type_error.dict)
unit-opensearch-1: 02:31:26 ERROR juju.worker.uniter.operation hook "upgrade-charm" (via hook dispatching script: dispatch) failed: exit status 1
unit-opensearch-0: 02:31:26 ERROR juju.worker.uniter.operation hook "upgrade-charm" (via hook dispatching script: dispatch) failed: exit status 1
unit-opensearch-2: 02:31:26 ERROR juju.worker.uniter.operation hook "upgrade-charm" (via hook dispatching script: dispatch) failed: exit status 1
unit-opensearch-1: 02:31:32 ERROR unit.opensearch/1.juju-log Uncaught exception while in charm code:
Traceback (most recent call last):
  File "/var/lib/juju/agents/unit-opensearch-1/charm/./src/charm.py", line 213, in <module>
    main(OpenSearchOperatorCharm)
  File "/var/lib/juju/agents/unit-opensearch-1/charm/venv/ops/main.py", line 549, in main
    manager = _Manager(charm_class, use_juju_for_storage=use_juju_for_storage)
  File "/var/lib/juju/agents/unit-opensearch-1/charm/venv/ops/main.py", line 432, in __init__
    self.charm = self._make_charm(self.framework, self.dispatcher)
  File "/var/lib/juju/agents/unit-opensearch-1/charm/venv/ops/main.py", line 435, in _make_charm
    charm = self._charm_class(framework)
  File "/var/lib/juju/agents/unit-opensearch-1/charm/./src/charm.py", line 29, in __init__
    super().__init__(*args, distro=OpenSearchSnap)  # OpenSearchTarball
  File "/var/lib/juju/agents/unit-opensearch-1/charm/lib/charms/opensearch/v0/opensearch_base_charm.py", line 197, in __init__
    self.backup = backup(self)
  File "/var/lib/juju/agents/unit-opensearch-1/charm/lib/charms/opensearch/v0/opensearch_backups.py", line 1080, in backup
    if not charm.opensearch_peer_cm.deployment_desc():
  File "/var/lib/juju/agents/unit-opensearch-1/charm/lib/charms/opensearch/v0/opensearch_peer_clusters.py", line 358, in deployment_desc
    return DeploymentDescription.from_dict(current_deployment_desc)
  File "/var/lib/juju/agents/unit-opensearch-1/charm/lib/charms/opensearch/v0/models.py", line 47, in from_dict
    return cls(**input_dict)
  File "/var/lib/juju/agents/unit-opensearch-1/charm/lib/charms/opensearch/v0/models.py", line 32, in __init__
    super().__init__(**data)
  File "/var/lib/juju/agents/unit-opensearch-1/charm/venv/pydantic/main.py", line 341, in __init__
    raise validation_error
pydantic.error_wrappers.ValidationError: 1 validation error for DeploymentDescription
app
  value is not a valid dict (type=type_error.dict)
unit-opensearch-0: 02:31:32 ERROR unit.opensearch/0.juju-log Uncaught exception while in charm code:
Traceback (most recent call last):
  File "/var/lib/juju/agents/unit-opensearch-0/charm/./src/charm.py", line 213, in <module>
    main(OpenSearchOperatorCharm)
  File "/var/lib/juju/agents/unit-opensearch-0/charm/venv/ops/main.py", line 549, in main
    manager = _Manager(charm_class, use_juju_for_storage=use_juju_for_storage)
  File "/var/lib/juju/agents/unit-opensearch-0/charm/venv/ops/main.py", line 432, in __init__
    self.charm = self._make_charm(self.framework, self.dispatcher)
  File "/var/lib/juju/agents/unit-opensearch-0/charm/venv/ops/main.py", line 435, in _make_charm
    charm = self._charm_class(framework)
  File "/var/lib/juju/agents/unit-opensearch-0/charm/./src/charm.py", line 29, in __init__
    super().__init__(*args, distro=OpenSearchSnap)  # OpenSearchTarball
  File "/var/lib/juju/agents/unit-opensearch-0/charm/lib/charms/opensearch/v0/opensearch_base_charm.py", line 197, in __init__
    self.backup = backup(self)
  File "/var/lib/juju/agents/unit-opensearch-0/charm/lib/charms/opensearch/v0/opensearch_backups.py", line 1080, in backup
    if not charm.opensearch_peer_cm.deployment_desc():
  File "/var/lib/juju/agents/unit-opensearch-0/charm/lib/charms/opensearch/v0/opensearch_peer_clusters.py", line 358, in deployment_desc
    return DeploymentDescription.from_dict(current_deployment_desc)
  File "/var/lib/juju/agents/unit-opensearch-0/charm/lib/charms/opensearch/v0/models.py", line 47, in from_dict
    return cls(**input_dict)
  File "/var/lib/juju/agents/unit-opensearch-0/charm/lib/charms/opensearch/v0/models.py", line 32, in __init__
    super().__init__(**data)
  File "/var/lib/juju/agents/unit-opensearch-0/charm/venv/pydantic/main.py", line 341, in __init__
    raise validation_error
pydantic.error_wrappers.ValidationError: 1 validation error for DeploymentDescription
app
  value is not a valid dict (type=type_error.dict)
unit-opensearch-2: 02:31:32 ERROR unit.opensearch/2.juju-log Uncaught exception while in charm code:
Traceback (most recent call last):
  File "/var/lib/juju/agents/unit-opensearch-2/charm/./src/charm.py", line 213, in <module>
    main(OpenSearchOperatorCharm)
  File "/var/lib/juju/agents/unit-opensearch-2/charm/venv/ops/main.py", line 549, in main
    manager = _Manager(charm_class, use_juju_for_storage=use_juju_for_storage)
  File "/var/lib/juju/agents/unit-opensearch-2/charm/venv/ops/main.py", line 432, in __init__
    self.charm = self._make_charm(self.framework, self.dispatcher)
  File "/var/lib/juju/agents/unit-opensearch-2/charm/venv/ops/main.py", line 435, in _make_charm
    charm = self._charm_class(framework)
  File "/var/lib/juju/agents/unit-opensearch-2/charm/./src/charm.py", line 29, in __init__
    super().__init__(*args, distro=OpenSearchSnap)  # OpenSearchTarball
  File "/var/lib/juju/agents/unit-opensearch-2/charm/lib/charms/opensearch/v0/opensearch_base_charm.py", line 197, in __init__
    self.backup = backup(self)
  File "/var/lib/juju/agents/unit-opensearch-2/charm/lib/charms/opensearch/v0/opensearch_backups.py", line 1080, in backup
    if not charm.opensearch_peer_cm.deployment_desc():
  File "/var/lib/juju/agents/unit-opensearch-2/charm/lib/charms/opensearch/v0/opensearch_peer_clusters.py", line 358, in deployment_desc
    return DeploymentDescription.from_dict(current_deployment_desc)
  File "/var/lib/juju/agents/unit-opensearch-2/charm/lib/charms/opensearch/v0/models.py", line 47, in from_dict
    return cls(**input_dict)
  File "/var/lib/juju/agents/unit-opensearch-2/charm/lib/charms/opensearch/v0/models.py", line 32, in __init__
    super().__init__(**data)
  File "/var/lib/juju/agents/unit-opensearch-2/charm/venv/pydantic/main.py", line 341, in __init__
    raise validation_error
pydantic.error_wrappers.ValidationError: 1 validation error for DeploymentDescription
app
  value is not a valid dict (type=type_error.dict)
unit-opensearch-1: 02:31:32 ERROR juju.worker.uniter.operation hook "upgrade-charm" (via hook dispatching script: dispatch) failed: exit status 1
unit-opensearch-0: 02:31:32 ERROR juju.worker.uniter.operation hook "upgrade-charm" (via hook dispatching script: dispatch) failed: exit status 1
unit-opensearch-2: 02:31:32 ERROR juju.worker.uniter.operation hook "upgrade-charm" (via hook dispatching script: dispatch) failed: exit status 1
unit-opensearch-2: 02:31:43 ERROR unit.opensearch/2.juju-log Uncaught exception while in charm code:
Traceback (most recent call last):
  File "/var/lib/juju/agents/unit-opensearch-2/charm/./src/charm.py", line 213, in <module>
    main(OpenSearchOperatorCharm)
  File "/var/lib/juju/agents/unit-opensearch-2/charm/venv/ops/main.py", line 549, in main
    manager = _Manager(charm_class, use_juju_for_storage=use_juju_for_storage)
  File "/var/lib/juju/agents/unit-opensearch-2/charm/venv/ops/main.py", line 432, in __init__
    self.charm = self._make_charm(self.framework, self.dispatcher)
  File "/var/lib/juju/agents/unit-opensearch-2/charm/venv/ops/main.py", line 435, in _make_charm
    charm = self._charm_class(framework)
  File "/var/lib/juju/agents/unit-opensearch-2/charm/./src/charm.py", line 29, in __init__
    super().__init__(*args, distro=OpenSearchSnap)  # OpenSearchTarball
  File "/var/lib/juju/agents/unit-opensearch-2/charm/lib/charms/opensearch/v0/opensearch_base_charm.py", line 197, in __init__
    self.backup = backup(self)
  File "/var/lib/juju/agents/unit-opensearch-2/charm/lib/charms/opensearch/v0/opensearch_backups.py", line 1080, in backup
    if not charm.opensearch_peer_cm.deployment_desc():
  File "/var/lib/juju/agents/unit-opensearch-2/charm/lib/charms/opensearch/v0/opensearch_peer_clusters.py", line 358, in deployment_desc
    return DeploymentDescription.from_dict(current_deployment_desc)
  File "/var/lib/juju/agents/unit-opensearch-2/charm/lib/charms/opensearch/v0/models.py", line 47, in from_dict
    return cls(**input_dict)
  File "/var/lib/juju/agents/unit-opensearch-2/charm/lib/charms/opensearch/v0/models.py", line 32, in __init__
    super().__init__(**data)
  File "/var/lib/juju/agents/unit-opensearch-2/charm/venv/pydantic/main.py", line 341, in __init__
    raise validation_error
pydantic.error_wrappers.ValidationError: 1 validation error for DeploymentDescription
app
  value is not a valid dict (type=type_error.dict)
unit-opensearch-1: 02:31:43 ERROR unit.opensearch/1.juju-log Uncaught exception while in charm code:
Traceback (most recent call last):
  File "/var/lib/juju/agents/unit-opensearch-1/charm/./src/charm.py", line 213, in <module>
    main(OpenSearchOperatorCharm)
  File "/var/lib/juju/agents/unit-opensearch-1/charm/venv/ops/main.py", line 549, in main
    manager = _Manager(charm_class, use_juju_for_storage=use_juju_for_storage)
  File "/var/lib/juju/agents/unit-opensearch-1/charm/venv/ops/main.py", line 432, in __init__
    self.charm = self._make_charm(self.framework, self.dispatcher)
  File "/var/lib/juju/agents/unit-opensearch-1/charm/venv/ops/main.py", line 435, in _make_charm
    charm = self._charm_class(framework)
  File "/var/lib/juju/agents/unit-opensearch-1/charm/./src/charm.py", line 29, in __init__
    super().__init__(*args, distro=OpenSearchSnap)  # OpenSearchTarball
  File "/var/lib/juju/agents/unit-opensearch-1/charm/lib/charms/opensearch/v0/opensearch_base_charm.py", line 197, in __init__
    self.backup = backup(self)
  File "/var/lib/juju/agents/unit-opensearch-1/charm/lib/charms/opensearch/v0/opensearch_backups.py", line 1080, in backup
    if not charm.opensearch_peer_cm.deployment_desc():
  File "/var/lib/juju/agents/unit-opensearch-1/charm/lib/charms/opensearch/v0/opensearch_peer_clusters.py", line 358, in deployment_desc
    return DeploymentDescription.from_dict(current_deployment_desc)
  File "/var/lib/juju/agents/unit-opensearch-1/charm/lib/charms/opensearch/v0/models.py", line 47, in from_dict
    return cls(**input_dict)
  File "/var/lib/juju/agents/unit-opensearch-1/charm/lib/charms/opensearch/v0/models.py", line 32, in __init__
    super().__init__(**data)
  File "/var/lib/juju/agents/unit-opensearch-1/charm/venv/pydantic/main.py", line 341, in __init__
    raise validation_error
pydantic.error_wrappers.ValidationError: 1 validation error for DeploymentDescription
app
  value is not a valid dict (type=type_error.dict)
unit-opensearch-0: 02:31:44 ERROR unit.opensearch/0.juju-log Uncaught exception while in charm code:
Traceback (most recent call last):
  File "/var/lib/juju/agents/unit-opensearch-0/charm/./src/charm.py", line 213, in <module>
    main(OpenSearchOperatorCharm)
  File "/var/lib/juju/agents/unit-opensearch-0/charm/venv/ops/main.py", line 549, in main
    manager = _Manager(charm_class, use_juju_for_storage=use_juju_for_storage)
  File "/var/lib/juju/agents/unit-opensearch-0/charm/venv/ops/main.py", line 432, in __init__
    self.charm = self._make_charm(self.framework, self.dispatcher)
  File "/var/lib/juju/agents/unit-opensearch-0/charm/venv/ops/main.py", line 435, in _make_charm
    charm = self._charm_class(framework)
  File "/var/lib/juju/agents/unit-opensearch-0/charm/./src/charm.py", line 29, in __init__
    super().__init__(*args, distro=OpenSearchSnap)  # OpenSearchTarball
  File "/var/lib/juju/agents/unit-opensearch-0/charm/lib/charms/opensearch/v0/opensearch_base_charm.py", line 197, in __init__
    self.backup = backup(self)
  File "/var/lib/juju/agents/unit-opensearch-0/charm/lib/charms/opensearch/v0/opensearch_backups.py", line 1080, in backup
    if not charm.opensearch_peer_cm.deployment_desc():
  File "/var/lib/juju/agents/unit-opensearch-0/charm/lib/charms/opensearch/v0/opensearch_peer_clusters.py", line 358, in deployment_desc
    return DeploymentDescription.from_dict(current_deployment_desc)
  File "/var/lib/juju/agents/unit-opensearch-0/charm/lib/charms/opensearch/v0/models.py", line 47, in from_dict
    return cls(**input_dict)
  File "/var/lib/juju/agents/unit-opensearch-0/charm/lib/charms/opensearch/v0/models.py", line 32, in __init__
    super().__init__(**data)
  File "/var/lib/juju/agents/unit-opensearch-0/charm/venv/pydantic/main.py", line 341, in __init__
    raise validation_error
pydantic.error_wrappers.ValidationError: 1 validation error for DeploymentDescription
app
  value is not a valid dict (type=type_error.dict)
unit-opensearch-2: 02:31:44 ERROR juju.worker.uniter.operation hook "upgrade-charm" (via hook dispatching script: dispatch) failed: exit status 1
unit-opensearch-1: 02:31:44 ERROR juju.worker.uniter.operation hook "upgrade-charm" (via hook dispatching script: dispatch) failed: exit status 1
unit-opensearch-0: 02:31:44 ERROR juju.worker.uniter.operation hook "upgrade-charm" (via hook dispatching script: dispatch) failed: exit status 1
unit-opensearch-2: 02:32:04 ERROR unit.opensearch/2.juju-log Uncaught exception while in charm code:
Traceback (most recent call last):
  File "/var/lib/juju/agents/unit-opensearch-2/charm/./src/charm.py", line 213, in <module>
    main(OpenSearchOperatorCharm)
  File "/var/lib/juju/agents/unit-opensearch-2/charm/venv/ops/main.py", line 549, in main
    manager = _Manager(charm_class, use_juju_for_storage=use_juju_for_storage)
  File "/var/lib/juju/agents/unit-opensearch-2/charm/venv/ops/main.py", line 432, in __init__
    self.charm = self._make_charm(self.framework, self.dispatcher)
  File "/var/lib/juju/agents/unit-opensearch-2/charm/venv/ops/main.py", line 435, in _make_charm
    charm = self._charm_class(framework)
  File "/var/lib/juju/agents/unit-opensearch-2/charm/./src/charm.py", line 29, in __init__
    super().__init__(*args, distro=OpenSearchSnap)  # OpenSearchTarball
  File "/var/lib/juju/agents/unit-opensearch-2/charm/lib/charms/opensearch/v0/opensearch_base_charm.py", line 197, in __init__
    self.backup = backup(self)
  File "/var/lib/juju/agents/unit-opensearch-2/charm/lib/charms/opensearch/v0/opensearch_backups.py", line 1080, in backup
    if not charm.opensearch_peer_cm.deployment_desc():
  File "/var/lib/juju/agents/unit-opensearch-2/charm/lib/charms/opensearch/v0/opensearch_peer_clusters.py", line 358, in deployment_desc
    return DeploymentDescription.from_dict(current_deployment_desc)
  File "/var/lib/juju/agents/unit-opensearch-2/charm/lib/charms/opensearch/v0/models.py", line 47, in from_dict
    return cls(**input_dict)
  File "/var/lib/juju/agents/unit-opensearch-2/charm/lib/charms/opensearch/v0/models.py", line 32, in __init__
    super().__init__(**data)
  File "/var/lib/juju/agents/unit-opensearch-2/charm/venv/pydantic/main.py", line 341, in __init__
    raise validation_error
pydantic.error_wrappers.ValidationError: 1 validation error for DeploymentDescription
app
  value is not a valid dict (type=type_error.dict)
unit-opensearch-2: 02:32:04 ERROR juju.worker.uniter.operation hook "upgrade-charm" (via hook dispatching script: dispatch) failed: exit status 1
unit-opensearch-0: 02:32:05 ERROR unit.opensearch/0.juju-log Uncaught exception while in charm code:
Traceback (most recent call last):
  File "/var/lib/juju/agents/unit-opensearch-0/charm/./src/charm.py", line 213, in <module>
    main(OpenSearchOperatorCharm)
  File "/var/lib/juju/agents/unit-opensearch-0/charm/venv/ops/main.py", line 549, in main
    manager = _Manager(charm_class, use_juju_for_storage=use_juju_for_storage)
  File "/var/lib/juju/agents/unit-opensearch-0/charm/venv/ops/main.py", line 432, in __init__
    self.charm = self._make_charm(self.framework, self.dispatcher)
  File "/var/lib/juju/agents/unit-opensearch-0/charm/venv/ops/main.py", line 435, in _make_charm
    charm = self._charm_class(framework)
  File "/var/lib/juju/agents/unit-opensearch-0/charm/./src/charm.py", line 29, in __init__
    super().__init__(*args, distro=OpenSearchSnap)  # OpenSearchTarball
  File "/var/lib/juju/agents/unit-opensearch-0/charm/lib/charms/opensearch/v0/opensearch_base_charm.py", line 197, in __init__
    self.backup = backup(self)
  File "/var/lib/juju/agents/unit-opensearch-0/charm/lib/charms/opensearch/v0/opensearch_backups.py", line 1080, in backup
    if not charm.opensearch_peer_cm.deployment_desc():
  File "/var/lib/juju/agents/unit-opensearch-0/charm/lib/charms/opensearch/v0/opensearch_peer_clusters.py", line 358, in deployment_desc
    return DeploymentDescription.from_dict(current_deployment_desc)
  File "/var/lib/juju/agents/unit-opensearch-0/charm/lib/charms/opensearch/v0/models.py", line 47, in from_dict
    return cls(**input_dict)
  File "/var/lib/juju/agents/unit-opensearch-0/charm/lib/charms/opensearch/v0/models.py", line 32, in __init__
    super().__init__(**data)
  File "/var/lib/juju/agents/unit-opensearch-0/charm/venv/pydantic/main.py", line 341, in __init__
    raise validation_error
pydantic.error_wrappers.ValidationError: 1 validation error for DeploymentDescription
app
  value is not a valid dict (type=type_error.dict)
unit-opensearch-1: 02:32:05 ERROR unit.opensearch/1.juju-log Uncaught exception while in charm code:
Traceback (most recent call last):
  File "/var/lib/juju/agents/unit-opensearch-1/charm/./src/charm.py", line 213, in <module>
    main(OpenSearchOperatorCharm)
  File "/var/lib/juju/agents/unit-opensearch-1/charm/venv/ops/main.py", line 549, in main
    manager = _Manager(charm_class, use_juju_for_storage=use_juju_for_storage)
  File "/var/lib/juju/agents/unit-opensearch-1/charm/venv/ops/main.py", line 432, in __init__
    self.charm = self._make_charm(self.framework, self.dispatcher)
  File "/var/lib/juju/agents/unit-opensearch-1/charm/venv/ops/main.py", line 435, in _make_charm
    charm = self._charm_class(framework)
  File "/var/lib/juju/agents/unit-opensearch-1/charm/./src/charm.py", line 29, in __init__
    super().__init__(*args, distro=OpenSearchSnap)  # OpenSearchTarball
  File "/var/lib/juju/agents/unit-opensearch-1/charm/lib/charms/opensearch/v0/opensearch_base_charm.py", line 197, in __init__
    self.backup = backup(self)
  File "/var/lib/juju/agents/unit-opensearch-1/charm/lib/charms/opensearch/v0/opensearch_backups.py", line 1080, in backup
    if not charm.opensearch_peer_cm.deployment_desc():
  File "/var/lib/juju/agents/unit-opensearch-1/charm/lib/charms/opensearch/v0/opensearch_peer_clusters.py", line 358, in deployment_desc
    return DeploymentDescription.from_dict(current_deployment_desc)
  File "/var/lib/juju/agents/unit-opensearch-1/charm/lib/charms/opensearch/v0/models.py", line 47, in from_dict
    return cls(**input_dict)
  File "/var/lib/juju/agents/unit-opensearch-1/charm/lib/charms/opensearch/v0/models.py", line 32, in __init__
    super().__init__(**data)
  File "/var/lib/juju/agents/unit-opensearch-1/charm/venv/pydantic/main.py", line 341, in __init__
    raise validation_error
pydantic.error_wrappers.ValidationError: 1 validation error for DeploymentDescription
app
  value is not a valid dict (type=type_error.dict)
unit-opensearch-0: 02:32:05 ERROR juju.worker.uniter.operation hook "upgrade-charm" (via hook dispatching script: dispatch) failed: exit status 1
unit-opensearch-1: 02:32:05 ERROR juju.worker.uniter.operation hook "upgrade-charm" (via hook dispatching script: dispatch) failed: exit status 1
unit-opensearch-2: 02:32:44 ERROR unit.opensearch/2.juju-log Uncaught exception while in charm code:
Traceback (most recent call last):
  File "/var/lib/juju/agents/unit-opensearch-2/charm/./src/charm.py", line 213, in <module>
    main(OpenSearchOperatorCharm)
  File "/var/lib/juju/agents/unit-opensearch-2/charm/venv/ops/main.py", line 549, in main
    manager = _Manager(charm_class, use_juju_for_storage=use_juju_for_storage)
  File "/var/lib/juju/agents/unit-opensearch-2/charm/venv/ops/main.py", line 432, in __init__
    self.charm = self._make_charm(self.framework, self.dispatcher)
  File "/var/lib/juju/agents/unit-opensearch-2/charm/venv/ops/main.py", line 435, in _make_charm
    charm = self._charm_class(framework)
  File "/var/lib/juju/agents/unit-opensearch-2/charm/./src/charm.py", line 29, in __init__
    super().__init__(*args, distro=OpenSearchSnap)  # OpenSearchTarball
  File "/var/lib/juju/agents/unit-opensearch-2/charm/lib/charms/opensearch/v0/opensearch_base_charm.py", line 197, in __init__
    self.backup = backup(self)
  File "/var/lib/juju/agents/unit-opensearch-2/charm/lib/charms/opensearch/v0/opensearch_backups.py", line 1080, in backup
    if not charm.opensearch_peer_cm.deployment_desc():
  File "/var/lib/juju/agents/unit-opensearch-2/charm/lib/charms/opensearch/v0/opensearch_peer_clusters.py", line 358, in deployment_desc
    return DeploymentDescription.from_dict(current_deployment_desc)
  File "/var/lib/juju/agents/unit-opensearch-2/charm/lib/charms/opensearch/v0/models.py", line 47, in from_dict
    return cls(**input_dict)
  File "/var/lib/juju/agents/unit-opensearch-2/charm/lib/charms/opensearch/v0/models.py", line 32, in __init__
    super().__init__(**data)
  File "/var/lib/juju/agents/unit-opensearch-2/charm/venv/pydantic/main.py", line 341, in __init__
    raise validation_error
pydantic.error_wrappers.ValidationError: 1 validation error for DeploymentDescription
app
  value is not a valid dict (type=type_error.dict)
unit-opensearch-2: 02:32:44 ERROR juju.worker.uniter.operation hook "upgrade-charm" (via hook dispatching script: dispatch) failed: exit status 1
unit-opensearch-0: 02:32:47 ERROR unit.opensearch/0.juju-log Uncaught exception while in charm code:
Traceback (most recent call last):
  File "/var/lib/juju/agents/unit-opensearch-0/charm/./src/charm.py", line 213, in <module>
    main(OpenSearchOperatorCharm)
  File "/var/lib/juju/agents/unit-opensearch-0/charm/venv/ops/main.py", line 549, in main
    manager = _Manager(charm_class, use_juju_for_storage=use_juju_for_storage)
  File "/var/lib/juju/agents/unit-opensearch-0/charm/venv/ops/main.py", line 432, in __init__
    self.charm = self._make_charm(self.framework, self.dispatcher)
  File "/var/lib/juju/agents/unit-opensearch-0/charm/venv/ops/main.py", line 435, in _make_charm
    charm = self._charm_class(framework)
  File "/var/lib/juju/agents/unit-opensearch-0/charm/./src/charm.py", line 29, in __init__
    super().__init__(*args, distro=OpenSearchSnap)  # OpenSearchTarball
  File "/var/lib/juju/agents/unit-opensearch-0/charm/lib/charms/opensearch/v0/opensearch_base_charm.py", line 197, in __init__
    self.backup = backup(self)
  File "/var/lib/juju/agents/unit-opensearch-0/charm/lib/charms/opensearch/v0/opensearch_backups.py", line 1080, in backup
    if not charm.opensearch_peer_cm.deployment_desc():
  File "/var/lib/juju/agents/unit-opensearch-0/charm/lib/charms/opensearch/v0/opensearch_peer_clusters.py", line 358, in deployment_desc
    return DeploymentDescription.from_dict(current_deployment_desc)
  File "/var/lib/juju/agents/unit-opensearch-0/charm/lib/charms/opensearch/v0/models.py", line 47, in from_dict
    return cls(**input_dict)
  File "/var/lib/juju/agents/unit-opensearch-0/charm/lib/charms/opensearch/v0/models.py", line 32, in __init__
    super().__init__(**data)
  File "/var/lib/juju/agents/unit-opensearch-0/charm/venv/pydantic/main.py", line 341, in __init__
    raise validation_error
pydantic.error_wrappers.ValidationError: 1 validation error for DeploymentDescription
app
  value is not a valid dict (type=type_error.dict)
unit-opensearch-0: 02:32:47 ERROR juju.worker.uniter.operation hook "upgrade-charm" (via hook dispatching script: dispatch) failed: exit status 1
unit-opensearch-1: 02:32:47 ERROR unit.opensearch/1.juju-log Uncaught exception while in charm code:
Traceback (most recent call last):
  File "/var/lib/juju/agents/unit-opensearch-1/charm/./src/charm.py", line 213, in <module>
    main(OpenSearchOperatorCharm)
  File "/var/lib/juju/agents/unit-opensearch-1/charm/venv/ops/main.py", line 549, in main
    manager = _Manager(charm_class, use_juju_for_storage=use_juju_for_storage)
  File "/var/lib/juju/agents/unit-opensearch-1/charm/venv/ops/main.py", line 432, in __init__
    self.charm = self._make_charm(self.framework, self.dispatcher)
  File "/var/lib/juju/agents/unit-opensearch-1/charm/venv/ops/main.py", line 435, in _make_charm
    charm = self._charm_class(framework)
  File "/var/lib/juju/agents/unit-opensearch-1/charm/./src/charm.py", line 29, in __init__
    super().__init__(*args, distro=OpenSearchSnap)  # OpenSearchTarball
  File "/var/lib/juju/agents/unit-opensearch-1/charm/lib/charms/opensearch/v0/opensearch_base_charm.py", line 197, in __init__
    self.backup = backup(self)
  File "/var/lib/juju/agents/unit-opensearch-1/charm/lib/charms/opensearch/v0/opensearch_backups.py", line 1080, in backup
    if not charm.opensearch_peer_cm.deployment_desc():
  File "/var/lib/juju/agents/unit-opensearch-1/charm/lib/charms/opensearch/v0/opensearch_peer_clusters.py", line 358, in deployment_desc
    return DeploymentDescription.from_dict(current_deployment_desc)
  File "/var/lib/juju/agents/unit-opensearch-1/charm/lib/charms/opensearch/v0/models.py", line 47, in from_dict
    return cls(**input_dict)
  File "/var/lib/juju/agents/unit-opensearch-1/charm/lib/charms/opensearch/v0/models.py", line 32, in __init__
    super().__init__(**data)
  File "/var/lib/juju/agents/unit-opensearch-1/charm/venv/pydantic/main.py", line 341, in __init__
    raise validation_error
pydantic.error_wrappers.ValidationError: 1 validation error for DeploymentDescription
app
  value is not a valid dict (type=type_error.dict)
unit-opensearch-1: 02:32:48 ERROR juju.worker.uniter.operation hook "upgrade-charm" (via hook dispatching script: dispatch) failed: exit status 1
unit-opensearch-2: 02:34:04 ERROR unit.opensearch/2.juju-log Uncaught exception while in charm code:
Traceback (most recent call last):
  File "/var/lib/juju/agents/unit-opensearch-2/charm/./src/charm.py", line 213, in <module>
    main(OpenSearchOperatorCharm)
  File "/var/lib/juju/agents/unit-opensearch-2/charm/venv/ops/main.py", line 549, in main
    manager = _Manager(charm_class, use_juju_for_storage=use_juju_for_storage)
  File "/var/lib/juju/agents/unit-opensearch-2/charm/venv/ops/main.py", line 432, in __init__
    self.charm = self._make_charm(self.framework, self.dispatcher)
  File "/var/lib/juju/agents/unit-opensearch-2/charm/venv/ops/main.py", line 435, in _make_charm
    charm = self._charm_class(framework)
  File "/var/lib/juju/agents/unit-opensearch-2/charm/./src/charm.py", line 29, in __init__
    super().__init__(*args, distro=OpenSearchSnap)  # OpenSearchTarball
  File "/var/lib/juju/agents/unit-opensearch-2/charm/lib/charms/opensearch/v0/opensearch_base_charm.py", line 197, in __init__
    self.backup = backup(self)
  File "/var/lib/juju/agents/unit-opensearch-2/charm/lib/charms/opensearch/v0/opensearch_backups.py", line 1080, in backup
    if not charm.opensearch_peer_cm.deployment_desc():
  File "/var/lib/juju/agents/unit-opensearch-2/charm/lib/charms/opensearch/v0/opensearch_peer_clusters.py", line 358, in deployment_desc
    return DeploymentDescription.from_dict(current_deployment_desc)
  File "/var/lib/juju/agents/unit-opensearch-2/charm/lib/charms/opensearch/v0/models.py", line 47, in from_dict
    return cls(**input_dict)
  File "/var/lib/juju/agents/unit-opensearch-2/charm/lib/charms/opensearch/v0/models.py", line 32, in __init__
    super().__init__(**data)
  File "/var/lib/juju/agents/unit-opensearch-2/charm/venv/pydantic/main.py", line 341, in __init__
    raise validation_error
pydantic.error_wrappers.ValidationError: 1 validation error for DeploymentDescription
app
  value is not a valid dict (type=type_error.dict)
unit-opensearch-2: 02:34:05 ERROR juju.worker.uniter.operation hook "upgrade-charm" (via hook dispatching script: dispatch) failed: exit status 1
unit-opensearch-1: 02:34:10 ERROR unit.opensearch/1.juju-log Uncaught exception while in charm code:
Traceback (most recent call last):
  File "/var/lib/juju/agents/unit-opensearch-1/charm/./src/charm.py", line 213, in <module>
    main(OpenSearchOperatorCharm)
  File "/var/lib/juju/agents/unit-opensearch-1/charm/venv/ops/main.py", line 549, in main
    manager = _Manager(charm_class, use_juju_for_storage=use_juju_for_storage)
  File "/var/lib/juju/agents/unit-opensearch-1/charm/venv/ops/main.py", line 432, in __init__
    self.charm = self._make_charm(self.framework, self.dispatcher)
  File "/var/lib/juju/agents/unit-opensearch-1/charm/venv/ops/main.py", line 435, in _make_charm
    charm = self._charm_class(framework)
  File "/var/lib/juju/agents/unit-opensearch-1/charm/./src/charm.py", line 29, in __init__
    super().__init__(*args, distro=OpenSearchSnap)  # OpenSearchTarball
  File "/var/lib/juju/agents/unit-opensearch-1/charm/lib/charms/opensearch/v0/opensearch_base_charm.py", line 197, in __init__
    self.backup = backup(self)
  File "/var/lib/juju/agents/unit-opensearch-1/charm/lib/charms/opensearch/v0/opensearch_backups.py", line 1080, in backup
    if not charm.opensearch_peer_cm.deployment_desc():
  File "/var/lib/juju/agents/unit-opensearch-1/charm/lib/charms/opensearch/v0/opensearch_peer_clusters.py", line 358, in deployment_desc
    return DeploymentDescription.from_dict(current_deployment_desc)
  File "/var/lib/juju/agents/unit-opensearch-1/charm/lib/charms/opensearch/v0/models.py", line 47, in from_dict
    return cls(**input_dict)
  File "/var/lib/juju/agents/unit-opensearch-1/charm/lib/charms/opensearch/v0/models.py", line 32, in __init__
    super().__init__(**data)
  File "/var/lib/juju/agents/unit-opensearch-1/charm/venv/pydantic/main.py", line 341, in __init__
    raise validation_error
pydantic.error_wrappers.ValidationError: 1 validation error for DeploymentDescription
app
  value is not a valid dict (type=type_error.dict)
unit-opensearch-1: 02:34:10 ERROR juju.worker.uniter.operation hook "upgrade-charm" (via hook dispatching script: dispatch) failed: exit status 1
unit-opensearch-0: 02:34:11 ERROR unit.opensearch/0.juju-log Uncaught exception while in charm code:
Traceback (most recent call last):
  File "/var/lib/juju/agents/unit-opensearch-0/charm/./src/charm.py", line 213, in <module>
    main(OpenSearchOperatorCharm)
  File "/var/lib/juju/agents/unit-opensearch-0/charm/venv/ops/main.py", line 549, in main
    manager = _Manager(charm_class, use_juju_for_storage=use_juju_for_storage)
  File "/var/lib/juju/agents/unit-opensearch-0/charm/venv/ops/main.py", line 432, in __init__
    self.charm = self._make_charm(self.framework, self.dispatcher)
  File "/var/lib/juju/agents/unit-opensearch-0/charm/venv/ops/main.py", line 435, in _make_charm
    charm = self._charm_class(framework)
  File "/var/lib/juju/agents/unit-opensearch-0/charm/./src/charm.py", line 29, in __init__
    super().__init__(*args, distro=OpenSearchSnap)  # OpenSearchTarball
  File "/var/lib/juju/agents/unit-opensearch-0/charm/lib/charms/opensearch/v0/opensearch_base_charm.py", line 197, in __init__
    self.backup = backup(self)
  File "/var/lib/juju/agents/unit-opensearch-0/charm/lib/charms/opensearch/v0/opensearch_backups.py", line 1080, in backup
    if not charm.opensearch_peer_cm.deployment_desc():
  File "/var/lib/juju/agents/unit-opensearch-0/charm/lib/charms/opensearch/v0/opensearch_peer_clusters.py", line 358, in deployment_desc
    return DeploymentDescription.from_dict(current_deployment_desc)
  File "/var/lib/juju/agents/unit-opensearch-0/charm/lib/charms/opensearch/v0/models.py", line 47, in from_dict
    return cls(**input_dict)
  File "/var/lib/juju/agents/unit-opensearch-0/charm/lib/charms/opensearch/v0/models.py", line 32, in __init__
    super().__init__(**data)
  File "/var/lib/juju/agents/unit-opensearch-0/charm/venv/pydantic/main.py", line 341, in __init__
    raise validation_error
pydantic.error_wrappers.ValidationError: 1 validation error for DeploymentDescription
app
  value is not a valid dict (type=type_error.dict)
unit-opensearch-0: 02:34:11 ERROR juju.worker.uniter.operation hook "upgrade-charm" (via hook dispatching script: dispatch) failed: exit status 1
unit-opensearch-2: 02:36:44 ERROR unit.opensearch/2.juju-log Uncaught exception while in charm code:
Traceback (most recent call last):
  File "/var/lib/juju/agents/unit-opensearch-2/charm/./src/charm.py", line 213, in <module>
    main(OpenSearchOperatorCharm)
  File "/var/lib/juju/agents/unit-opensearch-2/charm/venv/ops/main.py", line 549, in main
    manager = _Manager(charm_class, use_juju_for_storage=use_juju_for_storage)
  File "/var/lib/juju/agents/unit-opensearch-2/charm/venv/ops/main.py", line 432, in __init__
    self.charm = self._make_charm(self.framework, self.dispatcher)
  File "/var/lib/juju/agents/unit-opensearch-2/charm/venv/ops/main.py", line 435, in _make_charm
    charm = self._charm_class(framework)
  File "/var/lib/juju/agents/unit-opensearch-2/charm/./src/charm.py", line 29, in __init__
    super().__init__(*args, distro=OpenSearchSnap)  # OpenSearchTarball
  File "/var/lib/juju/agents/unit-opensearch-2/charm/lib/charms/opensearch/v0/opensearch_base_charm.py", line 197, in __init__
    self.backup = backup(self)
  File "/var/lib/juju/agents/unit-opensearch-2/charm/lib/charms/opensearch/v0/opensearch_backups.py", line 1080, in backup
    if not charm.opensearch_peer_cm.deployment_desc():
  File "/var/lib/juju/agents/unit-opensearch-2/charm/lib/charms/opensearch/v0/opensearch_peer_clusters.py", line 358, in deployment_desc
    return DeploymentDescription.from_dict(current_deployment_desc)
  File "/var/lib/juju/agents/unit-opensearch-2/charm/lib/charms/opensearch/v0/models.py", line 47, in from_dict
    return cls(**input_dict)
  File "/var/lib/juju/agents/unit-opensearch-2/charm/lib/charms/opensearch/v0/models.py", line 32, in __init__
    super().__init__(**data)
  File "/var/lib/juju/agents/unit-opensearch-2/charm/venv/pydantic/main.py", line 341, in __init__
    raise validation_error
pydantic.error_wrappers.ValidationError: 1 validation error for DeploymentDescription
app
  value is not a valid dict (type=type_error.dict)
unit-opensearch-2: 02:36:45 ERROR juju.worker.uniter.operation hook "upgrade-charm" (via hook dispatching script: dispatch) failed: exit status 1
unit-opensearch-1: 02:36:56 ERROR unit.opensearch/1.juju-log Uncaught exception while in charm code:
Traceback (most recent call last):
  File "/var/lib/juju/agents/unit-opensearch-1/charm/./src/charm.py", line 213, in <module>
    main(OpenSearchOperatorCharm)
  File "/var/lib/juju/agents/unit-opensearch-1/charm/venv/ops/main.py", line 549, in main
    manager = _Manager(charm_class, use_juju_for_storage=use_juju_for_storage)
  File "/var/lib/juju/agents/unit-opensearch-1/charm/venv/ops/main.py", line 432, in __init__
    self.charm = self._make_charm(self.framework, self.dispatcher)
  File "/var/lib/juju/agents/unit-opensearch-1/charm/venv/ops/main.py", line 435, in _make_charm
    charm = self._charm_class(framework)
  File "/var/lib/juju/agents/unit-opensearch-1/charm/./src/charm.py", line 29, in __init__
    super().__init__(*args, distro=OpenSearchSnap)  # OpenSearchTarball
  File "/var/lib/juju/agents/unit-opensearch-1/charm/lib/charms/opensearch/v0/opensearch_base_charm.py", line 197, in __init__
    self.backup = backup(self)
  File "/var/lib/juju/agents/unit-opensearch-1/charm/lib/charms/opensearch/v0/opensearch_backups.py", line 1080, in backup
    if not charm.opensearch_peer_cm.deployment_desc():
  File "/var/lib/juju/agents/unit-opensearch-1/charm/lib/charms/opensearch/v0/opensearch_peer_clusters.py", line 358, in deployment_desc
    return DeploymentDescription.from_dict(current_deployment_desc)
  File "/var/lib/juju/agents/unit-opensearch-1/charm/lib/charms/opensearch/v0/models.py", line 47, in from_dict
    return cls(**input_dict)
  File "/var/lib/juju/agents/unit-opensearch-1/charm/lib/charms/opensearch/v0/models.py", line 32, in __init__
    super().__init__(**data)
  File "/var/lib/juju/agents/unit-opensearch-1/charm/venv/pydantic/main.py", line 341, in __init__
    raise validation_error
pydantic.error_wrappers.ValidationError: 1 validation error for DeploymentDescription
app
  value is not a valid dict (type=type_error.dict)
unit-opensearch-1: 02:36:56 ERROR juju.worker.uniter.operation hook "upgrade-charm" (via hook dispatching script: dispatch) failed: exit status 1
unit-opensearch-0: 02:36:56 ERROR unit.opensearch/0.juju-log Uncaught exception while in charm code:
Traceback (most recent call last):
  File "/var/lib/juju/agents/unit-opensearch-0/charm/./src/charm.py", line 213, in <module>
    main(OpenSearchOperatorCharm)
  File "/var/lib/juju/agents/unit-opensearch-0/charm/venv/ops/main.py", line 549, in main
    manager = _Manager(charm_class, use_juju_for_storage=use_juju_for_storage)
  File "/var/lib/juju/agents/unit-opensearch-0/charm/venv/ops/main.py", line 432, in __init__
    self.charm = self._make_charm(self.framework, self.dispatcher)
  File "/var/lib/juju/agents/unit-opensearch-0/charm/venv/ops/main.py", line 435, in _make_charm
    charm = self._charm_class(framework)
  File "/var/lib/juju/agents/unit-opensearch-0/charm/./src/charm.py", line 29, in __init__
    super().__init__(*args, distro=OpenSearchSnap)  # OpenSearchTarball
  File "/var/lib/juju/agents/unit-opensearch-0/charm/lib/charms/opensearch/v0/opensearch_base_charm.py", line 197, in __init__
    self.backup = backup(self)
  File "/var/lib/juju/agents/unit-opensearch-0/charm/lib/charms/opensearch/v0/opensearch_backups.py", line 1080, in backup
    if not charm.opensearch_peer_cm.deployment_desc():
  File "/var/lib/juju/agents/unit-opensearch-0/charm/lib/charms/opensearch/v0/opensearch_peer_clusters.py", line 358, in deployment_desc
    return DeploymentDescription.from_dict(current_deployment_desc)
  File "/var/lib/juju/agents/unit-opensearch-0/charm/lib/charms/opensearch/v0/models.py", line 47, in from_dict
    return cls(**input_dict)
  File "/var/lib/juju/agents/unit-opensearch-0/charm/lib/charms/opensearch/v0/models.py", line 32, in __init__
    super().__init__(**data)
  File "/var/lib/juju/agents/unit-opensearch-0/charm/venv/pydantic/main.py", line 341, in __init__
    raise validation_error
pydantic.error_wrappers.ValidationError: 1 validation error for DeploymentDescription
app
  value is not a valid dict (type=type_error.dict)
unit-opensearch-0: 02:36:56 ERROR juju.worker.uniter.operation hook "upgrade-charm" (via hook dispatching script: dispatch) failed: exit status 1
unit-opensearch-2: 02:41:46 ERROR unit.opensearch/2.juju-log Uncaught exception while in charm code:
Traceback (most recent call last):
  File "/var/lib/juju/agents/unit-opensearch-2/charm/./src/charm.py", line 213, in <module>
    main(OpenSearchOperatorCharm)
  File "/var/lib/juju/agents/unit-opensearch-2/charm/venv/ops/main.py", line 549, in main
    manager = _Manager(charm_class, use_juju_for_storage=use_juju_for_storage)
  File "/var/lib/juju/agents/unit-opensearch-2/charm/venv/ops/main.py", line 432, in __init__
    self.charm = self._make_charm(self.framework, self.dispatcher)
  File "/var/lib/juju/agents/unit-opensearch-2/charm/venv/ops/main.py", line 435, in _make_charm
    charm = self._charm_class(framework)
  File "/var/lib/juju/agents/unit-opensearch-2/charm/./src/charm.py", line 29, in __init__
    super().__init__(*args, distro=OpenSearchSnap)  # OpenSearchTarball
  File "/var/lib/juju/agents/unit-opensearch-2/charm/lib/charms/opensearch/v0/opensearch_base_charm.py", line 197, in __init__
    self.backup = backup(self)
  File "/var/lib/juju/agents/unit-opensearch-2/charm/lib/charms/opensearch/v0/opensearch_backups.py", line 1080, in backup
    if not charm.opensearch_peer_cm.deployment_desc():
  File "/var/lib/juju/agents/unit-opensearch-2/charm/lib/charms/opensearch/v0/opensearch_peer_clusters.py", line 358, in deployment_desc
    return DeploymentDescription.from_dict(current_deployment_desc)
  File "/var/lib/juju/agents/unit-opensearch-2/charm/lib/charms/opensearch/v0/models.py", line 47, in from_dict
    return cls(**input_dict)
  File "/var/lib/juju/agents/unit-opensearch-2/charm/lib/charms/opensearch/v0/models.py", line 32, in __init__
    super().__init__(**data)
  File "/var/lib/juju/agents/unit-opensearch-2/charm/venv/pydantic/main.py", line 341, in __init__
    raise validation_error
pydantic.error_wrappers.ValidationError: 1 validation error for DeploymentDescription
app
  value is not a valid dict (type=type_error.dict)
unit-opensearch-2: 02:41:46 ERROR juju.worker.uniter.operation hook "upgrade-charm" (via hook dispatching script: dispatch) failed: exit status 1
unit-opensearch-1: 02:41:57 ERROR unit.opensearch/1.juju-log Uncaught exception while in charm code:
Traceback (most recent call last):
  File "/var/lib/juju/agents/unit-opensearch-1/charm/./src/charm.py", line 213, in <module>
    main(OpenSearchOperatorCharm)
  File "/var/lib/juju/agents/unit-opensearch-1/charm/venv/ops/main.py", line 549, in main
    manager = _Manager(charm_class, use_juju_for_storage=use_juju_for_storage)
  File "/var/lib/juju/agents/unit-opensearch-1/charm/venv/ops/main.py", line 432, in __init__
    self.charm = self._make_charm(self.framework, self.dispatcher)
  File "/var/lib/juju/agents/unit-opensearch-1/charm/venv/ops/main.py", line 435, in _make_charm
    charm = self._charm_class(framework)
  File "/var/lib/juju/agents/unit-opensearch-1/charm/./src/charm.py", line 29, in __init__
    super().__init__(*args, distro=OpenSearchSnap)  # OpenSearchTarball
  File "/var/lib/juju/agents/unit-opensearch-1/charm/lib/charms/opensearch/v0/opensearch_base_charm.py", line 197, in __init__
    self.backup = backup(self)
  File "/var/lib/juju/agents/unit-opensearch-1/charm/lib/charms/opensearch/v0/opensearch_backups.py", line 1080, in backup
    if not charm.opensearch_peer_cm.deployment_desc():
  File "/var/lib/juju/agents/unit-opensearch-1/charm/lib/charms/opensearch/v0/opensearch_peer_clusters.py", line 358, in deployment_desc
    return DeploymentDescription.from_dict(current_deployment_desc)
  File "/var/lib/juju/agents/unit-opensearch-1/charm/lib/charms/opensearch/v0/models.py", line 47, in from_dict
    return cls(**input_dict)
  File "/var/lib/juju/agents/unit-opensearch-1/charm/lib/charms/opensearch/v0/models.py", line 32, in __init__
    super().__init__(**data)
  File "/var/lib/juju/agents/unit-opensearch-1/charm/venv/pydantic/main.py", line 341, in __init__
    raise validation_error
pydantic.error_wrappers.ValidationError: 1 validation error for DeploymentDescription
app
  value is not a valid dict (type=type_error.dict)
unit-opensearch-1: 02:41:57 ERROR juju.worker.uniter.operation hook "upgrade-charm" (via hook dispatching script: dispatch) failed: exit status 1
unit-opensearch-0: 02:41:58 ERROR unit.opensearch/0.juju-log Uncaught exception while in charm code:
Traceback (most recent call last):
  File "/var/lib/juju/agents/unit-opensearch-0/charm/./src/charm.py", line 213, in <module>
    main(OpenSearchOperatorCharm)
  File "/var/lib/juju/agents/unit-opensearch-0/charm/venv/ops/main.py", line 549, in main
    manager = _Manager(charm_class, use_juju_for_storage=use_juju_for_storage)
  File "/var/lib/juju/agents/unit-opensearch-0/charm/venv/ops/main.py", line 432, in __init__
    self.charm = self._make_charm(self.framework, self.dispatcher)
  File "/var/lib/juju/agents/unit-opensearch-0/charm/venv/ops/main.py", line 435, in _make_charm
    charm = self._charm_class(framework)
  File "/var/lib/juju/agents/unit-opensearch-0/charm/./src/charm.py", line 29, in __init__
    super().__init__(*args, distro=OpenSearchSnap)  # OpenSearchTarball
  File "/var/lib/juju/agents/unit-opensearch-0/charm/lib/charms/opensearch/v0/opensearch_base_charm.py", line 197, in __init__
    self.backup = backup(self)
  File "/var/lib/juju/agents/unit-opensearch-0/charm/lib/charms/opensearch/v0/opensearch_backups.py", line 1080, in backup
    if not charm.opensearch_peer_cm.deployment_desc():
  File "/var/lib/juju/agents/unit-opensearch-0/charm/lib/charms/opensearch/v0/opensearch_peer_clusters.py", line 358, in deployment_desc
    return DeploymentDescription.from_dict(current_deployment_desc)
  File "/var/lib/juju/agents/unit-opensearch-0/charm/lib/charms/opensearch/v0/models.py", line 47, in from_dict
    return cls(**input_dict)
  File "/var/lib/juju/agents/unit-opensearch-0/charm/lib/charms/opensearch/v0/models.py", line 32, in __init__
    super().__init__(**data)
  File "/var/lib/juju/agents/unit-opensearch-0/charm/venv/pydantic/main.py", line 341, in __init__
    raise validation_error
pydantic.error_wrappers.ValidationError: 1 validation error for DeploymentDescription
app
  value is not a valid dict (type=type_error.dict)
unit-opensearch-0: 02:41:58 ERROR juju.worker.uniter.operation hook "upgrade-charm" (via hook dispatching script: dispatch) failed: exit status 1
unit-opensearch-2: 02:46:47 ERROR unit.opensearch/2.juju-log Uncaught exception while in charm code:
Traceback (most recent call last):
  File "/var/lib/juju/agents/unit-opensearch-2/charm/./src/charm.py", line 213, in <module>
    main(OpenSearchOperatorCharm)
  File "/var/lib/juju/agents/unit-opensearch-2/charm/venv/ops/main.py", line 549, in main
    manager = _Manager(charm_class, use_juju_for_storage=use_juju_for_storage)
  File "/var/lib/juju/agents/unit-opensearch-2/charm/venv/ops/main.py", line 432, in __init__
    self.charm = self._make_charm(self.framework, self.dispatcher)
  File "/var/lib/juju/agents/unit-opensearch-2/charm/venv/ops/main.py", line 435, in _make_charm
    charm = self._charm_class(framework)
  File "/var/lib/juju/agents/unit-opensearch-2/charm/./src/charm.py", line 29, in __init__
    super().__init__(*args, distro=OpenSearchSnap)  # OpenSearchTarball
  File "/var/lib/juju/agents/unit-opensearch-2/charm/lib/charms/opensearch/v0/opensearch_base_charm.py", line 197, in __init__
    self.backup = backup(self)
  File "/var/lib/juju/agents/unit-opensearch-2/charm/lib/charms/opensearch/v0/opensearch_backups.py", line 1080, in backup
    if not charm.opensearch_peer_cm.deployment_desc():
  File "/var/lib/juju/agents/unit-opensearch-2/charm/lib/charms/opensearch/v0/opensearch_peer_clusters.py", line 358, in deployment_desc
    return DeploymentDescription.from_dict(current_deployment_desc)
  File "/var/lib/juju/agents/unit-opensearch-2/charm/lib/charms/opensearch/v0/models.py", line 47, in from_dict
    return cls(**input_dict)
  File "/var/lib/juju/agents/unit-opensearch-2/charm/lib/charms/opensearch/v0/models.py", line 32, in __init__
    super().__init__(**data)
  File "/var/lib/juju/agents/unit-opensearch-2/charm/venv/pydantic/main.py", line 341, in __init__
    raise validation_error
pydantic.error_wrappers.ValidationError: 1 validation error for DeploymentDescription
app
  value is not a valid dict (type=type_error.dict)
unit-opensearch-2: 02:46:48 ERROR juju.worker.uniter.operation hook "upgrade-charm" (via hook dispatching script: dispatch) failed: exit status 1
unit-opensearch-1: 02:46:59 ERROR unit.opensearch/1.juju-log Uncaught exception while in charm code:
Traceback (most recent call last):
  File "/var/lib/juju/agents/unit-opensearch-1/charm/./src/charm.py", line 213, in <module>
    main(OpenSearchOperatorCharm)
  File "/var/lib/juju/agents/unit-opensearch-1/charm/venv/ops/main.py", line 549, in main
    manager = _Manager(charm_class, use_juju_for_storage=use_juju_for_storage)
  File "/var/lib/juju/agents/unit-opensearch-1/charm/venv/ops/main.py", line 432, in __init__
    self.charm = self._make_charm(self.framework, self.dispatcher)
  File "/var/lib/juju/agents/unit-opensearch-1/charm/venv/ops/main.py", line 435, in _make_charm
    charm = self._charm_class(framework)
  File "/var/lib/juju/agents/unit-opensearch-1/charm/./src/charm.py", line 29, in __init__
    super().__init__(*args, distro=OpenSearchSnap)  # OpenSearchTarball
  File "/var/lib/juju/agents/unit-opensearch-1/charm/lib/charms/opensearch/v0/opensearch_base_charm.py", line 197, in __init__
    self.backup = backup(self)
  File "/var/lib/juju/agents/unit-opensearch-1/charm/lib/charms/opensearch/v0/opensearch_backups.py", line 1080, in backup
    if not charm.opensearch_peer_cm.deployment_desc():
  File "/var/lib/juju/agents/unit-opensearch-1/charm/lib/charms/opensearch/v0/opensearch_peer_clusters.py", line 358, in deployment_desc
    return DeploymentDescription.from_dict(current_deployment_desc)
  File "/var/lib/juju/agents/unit-opensearch-1/charm/lib/charms/opensearch/v0/models.py", line 47, in from_dict
    return cls(**input_dict)
  File "/var/lib/juju/agents/unit-opensearch-1/charm/lib/charms/opensearch/v0/models.py", line 32, in __init__
    super().__init__(**data)
  File "/var/lib/juju/agents/unit-opensearch-1/charm/venv/pydantic/main.py", line 341, in __init__
    raise validation_error
pydantic.error_wrappers.ValidationError: 1 validation error for DeploymentDescription
app
  value is not a valid dict (type=type_error.dict)
unit-opensearch-1: 02:46:59 ERROR juju.worker.uniter.operation hook "upgrade-charm" (via hook dispatching script: dispatch) failed: exit status 1
unit-opensearch-0: 02:46:59 ERROR unit.opensearch/0.juju-log Uncaught exception while in charm code:
Traceback (most recent call last):
  File "/var/lib/juju/agents/unit-opensearch-0/charm/./src/charm.py", line 213, in <module>
    main(OpenSearchOperatorCharm)
  File "/var/lib/juju/agents/unit-opensearch-0/charm/venv/ops/main.py", line 549, in main
    manager = _Manager(charm_class, use_juju_for_storage=use_juju_for_storage)
  File "/var/lib/juju/agents/unit-opensearch-0/charm/venv/ops/main.py", line 432, in __init__
    self.charm = self._make_charm(self.framework, self.dispatcher)
  File "/var/lib/juju/agents/unit-opensearch-0/charm/venv/ops/main.py", line 435, in _make_charm
    charm = self._charm_class(framework)
  File "/var/lib/juju/agents/unit-opensearch-0/charm/./src/charm.py", line 29, in __init__
    super().__init__(*args, distro=OpenSearchSnap)  # OpenSearchTarball
  File "/var/lib/juju/agents/unit-opensearch-0/charm/lib/charms/opensearch/v0/opensearch_base_charm.py", line 197, in __init__
    self.backup = backup(self)
  File "/var/lib/juju/agents/unit-opensearch-0/charm/lib/charms/opensearch/v0/opensearch_backups.py", line 1080, in backup
    if not charm.opensearch_peer_cm.deployment_desc():
  File "/var/lib/juju/agents/unit-opensearch-0/charm/lib/charms/opensearch/v0/opensearch_peer_clusters.py", line 358, in deployment_desc
    return DeploymentDescription.from_dict(current_deployment_desc)
  File "/var/lib/juju/agents/unit-opensearch-0/charm/lib/charms/opensearch/v0/models.py", line 47, in from_dict
    return cls(**input_dict)
  File "/var/lib/juju/agents/unit-opensearch-0/charm/lib/charms/opensearch/v0/models.py", line 32, in __init__
    super().__init__(**data)
  File "/var/lib/juju/agents/unit-opensearch-0/charm/venv/pydantic/main.py", line 341, in __init__
    raise validation_error
pydantic.error_wrappers.ValidationError: 1 validation error for DeploymentDescription
app
  value is not a valid dict (type=type_error.dict)
unit-opensearch-0: 02:47:00 ERROR juju.worker.uniter.operation hook "upgrade-charm" (via hook dispatching script: dispatch) failed: exit status 1
unit-opensearch-2: 02:51:49 ERROR unit.opensearch/2.juju-log Uncaught exception while in charm code:
Traceback (most recent call last):
  File "/var/lib/juju/agents/unit-opensearch-2/charm/./src/charm.py", line 213, in <module>
    main(OpenSearchOperatorCharm)
  File "/var/lib/juju/agents/unit-opensearch-2/charm/venv/ops/main.py", line 549, in main
    manager = _Manager(charm_class, use_juju_for_storage=use_juju_for_storage)
  File "/var/lib/juju/agents/unit-opensearch-2/charm/venv/ops/main.py", line 432, in __init__
    self.charm = self._make_charm(self.framework, self.dispatcher)
  File "/var/lib/juju/agents/unit-opensearch-2/charm/venv/ops/main.py", line 435, in _make_charm
    charm = self._charm_class(framework)
  File "/var/lib/juju/agents/unit-opensearch-2/charm/./src/charm.py", line 29, in __init__
    super().__init__(*args, distro=OpenSearchSnap)  # OpenSearchTarball
  File "/var/lib/juju/agents/unit-opensearch-2/charm/lib/charms/opensearch/v0/opensearch_base_charm.py", line 197, in __init__
    self.backup = backup(self)
  File "/var/lib/juju/agents/unit-opensearch-2/charm/lib/charms/opensearch/v0/opensearch_backups.py", line 1080, in backup
    if not charm.opensearch_peer_cm.deployment_desc():
  File "/var/lib/juju/agents/unit-opensearch-2/charm/lib/charms/opensearch/v0/opensearch_peer_clusters.py", line 358, in deployment_desc
    return DeploymentDescription.from_dict(current_deployment_desc)
  File "/var/lib/juju/agents/unit-opensearch-2/charm/lib/charms/opensearch/v0/models.py", line 47, in from_dict
    return cls(**input_dict)
  File "/var/lib/juju/agents/unit-opensearch-2/charm/lib/charms/opensearch/v0/models.py", line 32, in __init__
    super().__init__(**data)
  File "/var/lib/juju/agents/unit-opensearch-2/charm/venv/pydantic/main.py", line 341, in __init__
    raise validation_error
pydantic.error_wrappers.ValidationError: 1 validation error for DeploymentDescription
app
  value is not a valid dict (type=type_error.dict)
unit-opensearch-2: 02:51:49 ERROR juju.worker.uniter.operation hook "upgrade-charm" (via hook dispatching script: dispatch) failed: exit status 1
unit-opensearch-1: 02:52:01 ERROR unit.opensearch/1.juju-log Uncaught exception while in charm code:
Traceback (most recent call last):
  File "/var/lib/juju/agents/unit-opensearch-1/charm/./src/charm.py", line 213, in <module>
    main(OpenSearchOperatorCharm)
  File "/var/lib/juju/agents/unit-opensearch-1/charm/venv/ops/main.py", line 549, in main
    manager = _Manager(charm_class, use_juju_for_storage=use_juju_for_storage)
  File "/var/lib/juju/agents/unit-opensearch-1/charm/venv/ops/main.py", line 432, in __init__
    self.charm = self._make_charm(self.framework, self.dispatcher)
  File "/var/lib/juju/agents/unit-opensearch-1/charm/venv/ops/main.py", line 435, in _make_charm
    charm = self._charm_class(framework)
  File "/var/lib/juju/agents/unit-opensearch-1/charm/./src/charm.py", line 29, in __init__
    super().__init__(*args, distro=OpenSearchSnap)  # OpenSearchTarball
  File "/var/lib/juju/agents/unit-opensearch-1/charm/lib/charms/opensearch/v0/opensearch_base_charm.py", line 197, in __init__
    self.backup = backup(self)
  File "/var/lib/juju/agents/unit-opensearch-1/charm/lib/charms/opensearch/v0/opensearch_backups.py", line 1080, in backup
    if not charm.opensearch_peer_cm.deployment_desc():
  File "/var/lib/juju/agents/unit-opensearch-1/charm/lib/charms/opensearch/v0/opensearch_peer_clusters.py", line 358, in deployment_desc
    return DeploymentDescription.from_dict(current_deployment_desc)
  File "/var/lib/juju/agents/unit-opensearch-1/charm/lib/charms/opensearch/v0/models.py", line 47, in from_dict
    return cls(**input_dict)
  File "/var/lib/juju/agents/unit-opensearch-1/charm/lib/charms/opensearch/v0/models.py", line 32, in __init__
    super().__init__(**data)
  File "/var/lib/juju/agents/unit-opensearch-1/charm/venv/pydantic/main.py", line 341, in __init__
    raise validation_error
pydantic.error_wrappers.ValidationError: 1 validation error for DeploymentDescription
app
  value is not a valid dict (type=type_error.dict)
unit-opensearch-1: 02:52:01 ERROR juju.worker.uniter.operation hook "upgrade-charm" (via hook dispatching script: dispatch) failed: exit status 1
unit-opensearch-0: 02:52:01 ERROR unit.opensearch/0.juju-log Uncaught exception while in charm code:
Traceback (most recent call last):
  File "/var/lib/juju/agents/unit-opensearch-0/charm/./src/charm.py", line 213, in <module>
    main(OpenSearchOperatorCharm)
  File "/var/lib/juju/agents/unit-opensearch-0/charm/venv/ops/main.py", line 549, in main
    manager = _Manager(charm_class, use_juju_for_storage=use_juju_for_storage)
  File "/var/lib/juju/agents/unit-opensearch-0/charm/venv/ops/main.py", line 432, in __init__
    self.charm = self._make_charm(self.framework, self.dispatcher)
  File "/var/lib/juju/agents/unit-opensearch-0/charm/venv/ops/main.py", line 435, in _make_charm
    charm = self._charm_class(framework)
  File "/var/lib/juju/agents/unit-opensearch-0/charm/./src/charm.py", line 29, in __init__
    super().__init__(*args, distro=OpenSearchSnap)  # OpenSearchTarball
  File "/var/lib/juju/agents/unit-opensearch-0/charm/lib/charms/opensearch/v0/opensearch_base_charm.py", line 197, in __init__
    self.backup = backup(self)
  File "/var/lib/juju/agents/unit-opensearch-0/charm/lib/charms/opensearch/v0/opensearch_backups.py", line 1080, in backup
    if not charm.opensearch_peer_cm.deployment_desc():
  File "/var/lib/juju/agents/unit-opensearch-0/charm/lib/charms/opensearch/v0/opensearch_peer_clusters.py", line 358, in deployment_desc
    return DeploymentDescription.from_dict(current_deployment_desc)
  File "/var/lib/juju/agents/unit-opensearch-0/charm/lib/charms/opensearch/v0/models.py", line 47, in from_dict
    return cls(**input_dict)
  File "/var/lib/juju/agents/unit-opensearch-0/charm/lib/charms/opensearch/v0/models.py", line 32, in __init__
    super().__init__(**data)
  File "/var/lib/juju/agents/unit-opensearch-0/charm/venv/pydantic/main.py", line 341, in __init__
    raise validation_error
pydantic.error_wrappers.ValidationError: 1 validation error for DeploymentDescription
app
  value is not a valid dict (type=type_error.dict)
unit-opensearch-0: 02:52:02 ERROR juju.worker.uniter.operation hook "upgrade-charm" (via hook dispatching script: dispatch) failed: exit status 1
unit-opensearch-2: 02:56:51 ERROR unit.opensearch/2.juju-log Uncaught exception while in charm code:
Traceback (most recent call last):
  File "/var/lib/juju/agents/unit-opensearch-2/charm/./src/charm.py", line 213, in <module>
    main(OpenSearchOperatorCharm)
  File "/var/lib/juju/agents/unit-opensearch-2/charm/venv/ops/main.py", line 549, in main
    manager = _Manager(charm_class, use_juju_for_storage=use_juju_for_storage)
  File "/var/lib/juju/agents/unit-opensearch-2/charm/venv/ops/main.py", line 432, in __init__
    self.charm = self._make_charm(self.framework, self.dispatcher)
  File "/var/lib/juju/agents/unit-opensearch-2/charm/venv/ops/main.py", line 435, in _make_charm
    charm = self._charm_class(framework)
  File "/var/lib/juju/agents/unit-opensearch-2/charm/./src/charm.py", line 29, in __init__
    super().__init__(*args, distro=OpenSearchSnap)  # OpenSearchTarball
  File "/var/lib/juju/agents/unit-opensearch-2/charm/lib/charms/opensearch/v0/opensearch_base_charm.py", line 197, in __init__
    self.backup = backup(self)
  File "/var/lib/juju/agents/unit-opensearch-2/charm/lib/charms/opensearch/v0/opensearch_backups.py", line 1080, in backup
    if not charm.opensearch_peer_cm.deployment_desc():
  File "/var/lib/juju/agents/unit-opensearch-2/charm/lib/charms/opensearch/v0/opensearch_peer_clusters.py", line 358, in deployment_desc
    return DeploymentDescription.from_dict(current_deployment_desc)
  File "/var/lib/juju/agents/unit-opensearch-2/charm/lib/charms/opensearch/v0/models.py", line 47, in from_dict
    return cls(**input_dict)
  File "/var/lib/juju/agents/unit-opensearch-2/charm/lib/charms/opensearch/v0/models.py", line 32, in __init__
    super().__init__(**data)
  File "/var/lib/juju/agents/unit-opensearch-2/charm/venv/pydantic/main.py", line 341, in __init__
    raise validation_error
pydantic.error_wrappers.ValidationError: 1 validation error for DeploymentDescription
app
  value is not a valid dict (type=type_error.dict)
unit-opensearch-2: 02:56:51 ERROR juju.worker.uniter.operation hook "upgrade-charm" (via hook dispatching script: dispatch) failed: exit status 1
unit-opensearch-1: 02:57:02 ERROR unit.opensearch/1.juju-log Uncaught exception while in charm code:
Traceback (most recent call last):
  File "/var/lib/juju/agents/unit-opensearch-1/charm/./src/charm.py", line 213, in <module>
    main(OpenSearchOperatorCharm)
  File "/var/lib/juju/agents/unit-opensearch-1/charm/venv/ops/main.py", line 549, in main
    manager = _Manager(charm_class, use_juju_for_storage=use_juju_for_storage)
  File "/var/lib/juju/agents/unit-opensearch-1/charm/venv/ops/main.py", line 432, in __init__
    self.charm = self._make_charm(self.framework, self.dispatcher)
  File "/var/lib/juju/agents/unit-opensearch-1/charm/venv/ops/main.py", line 435, in _make_charm
    charm = self._charm_class(framework)
  File "/var/lib/juju/agents/unit-opensearch-1/charm/./src/charm.py", line 29, in __init__
    super().__init__(*args, distro=OpenSearchSnap)  # OpenSearchTarball
  File "/var/lib/juju/agents/unit-opensearch-1/charm/lib/charms/opensearch/v0/opensearch_base_charm.py", line 197, in __init__
    self.backup = backup(self)
  File "/var/lib/juju/agents/unit-opensearch-1/charm/lib/charms/opensearch/v0/opensearch_backups.py", line 1080, in backup
    if not charm.opensearch_peer_cm.deployment_desc():
  File "/var/lib/juju/agents/unit-opensearch-1/charm/lib/charms/opensearch/v0/opensearch_peer_clusters.py", line 358, in deployment_desc
    return DeploymentDescription.from_dict(current_deployment_desc)
  File "/var/lib/juju/agents/unit-opensearch-1/charm/lib/charms/opensearch/v0/models.py", line 47, in from_dict
    return cls(**input_dict)
  File "/var/lib/juju/agents/unit-opensearch-1/charm/lib/charms/opensearch/v0/models.py", line 32, in __init__
    super().__init__(**data)
  File "/var/lib/juju/agents/unit-opensearch-1/charm/venv/pydantic/main.py", line 341, in __init__
    raise validation_error
pydantic.error_wrappers.ValidationError: 1 validation error for DeploymentDescription
app
  value is not a valid dict (type=type_error.dict)
unit-opensearch-1: 02:57:03 ERROR juju.worker.uniter.operation hook "upgrade-charm" (via hook dispatching script: dispatch) failed: exit status 1
unit-opensearch-0: 02:57:03 ERROR unit.opensearch/0.juju-log Uncaught exception while in charm code:
Traceback (most recent call last):
  File "/var/lib/juju/agents/unit-opensearch-0/charm/./src/charm.py", line 213, in <module>
    main(OpenSearchOperatorCharm)
  File "/var/lib/juju/agents/unit-opensearch-0/charm/venv/ops/main.py", line 549, in main
    manager = _Manager(charm_class, use_juju_for_storage=use_juju_for_storage)
  File "/var/lib/juju/agents/unit-opensearch-0/charm/venv/ops/main.py", line 432, in __init__
    self.charm = self._make_charm(self.framework, self.dispatcher)
  File "/var/lib/juju/agents/unit-opensearch-0/charm/venv/ops/main.py", line 435, in _make_charm
    charm = self._charm_class(framework)
  File "/var/lib/juju/agents/unit-opensearch-0/charm/./src/charm.py", line 29, in __init__
    super().__init__(*args, distro=OpenSearchSnap)  # OpenSearchTarball
  File "/var/lib/juju/agents/unit-opensearch-0/charm/lib/charms/opensearch/v0/opensearch_base_charm.py", line 197, in __init__
    self.backup = backup(self)
  File "/var/lib/juju/agents/unit-opensearch-0/charm/lib/charms/opensearch/v0/opensearch_backups.py", line 1080, in backup
    if not charm.opensearch_peer_cm.deployment_desc():
  File "/var/lib/juju/agents/unit-opensearch-0/charm/lib/charms/opensearch/v0/opensearch_peer_clusters.py", line 358, in deployment_desc
    return DeploymentDescription.from_dict(current_deployment_desc)
  File "/var/lib/juju/agents/unit-opensearch-0/charm/lib/charms/opensearch/v0/models.py", line 47, in from_dict
    return cls(**input_dict)
  File "/var/lib/juju/agents/unit-opensearch-0/charm/lib/charms/opensearch/v0/models.py", line 32, in __init__
    super().__init__(**data)
  File "/var/lib/juju/agents/unit-opensearch-0/charm/venv/pydantic/main.py", line 341, in __init__
    raise validation_error
pydantic.error_wrappers.ValidationError: 1 validation error for DeploymentDescription
app
  value is not a valid dict (type=type_error.dict)
unit-opensearch-0: 02:57:03 ERROR juju.worker.uniter.operation hook "upgrade-charm" (via hook dispatching script: dispatch) failed: exit status 1
unit-opensearch-2: 03:01:52 ERROR unit.opensearch/2.juju-log Uncaught exception while in charm code:
Traceback (most recent call last):
  File "/var/lib/juju/agents/unit-opensearch-2/charm/./src/charm.py", line 213, in <module>
    main(OpenSearchOperatorCharm)
  File "/var/lib/juju/agents/unit-opensearch-2/charm/venv/ops/main.py", line 549, in main
    manager = _Manager(charm_class, use_juju_for_storage=use_juju_for_storage)
  File "/var/lib/juju/agents/unit-opensearch-2/charm/venv/ops/main.py", line 432, in __init__
    self.charm = self._make_charm(self.framework, self.dispatcher)
  File "/var/lib/juju/agents/unit-opensearch-2/charm/venv/ops/main.py", line 435, in _make_charm
    charm = self._charm_class(framework)
  File "/var/lib/juju/agents/unit-opensearch-2/charm/./src/charm.py", line 29, in __init__
    super().__init__(*args, distro=OpenSearchSnap)  # OpenSearchTarball
  File "/var/lib/juju/agents/unit-opensearch-2/charm/lib/charms/opensearch/v0/opensearch_base_charm.py", line 197, in __init__
    self.backup = backup(self)
  File "/var/lib/juju/agents/unit-opensearch-2/charm/lib/charms/opensearch/v0/opensearch_backups.py", line 1080, in backup
    if not charm.opensearch_peer_cm.deployment_desc():
  File "/var/lib/juju/agents/unit-opensearch-2/charm/lib/charms/opensearch/v0/opensearch_peer_clusters.py", line 358, in deployment_desc
    return DeploymentDescription.from_dict(current_deployment_desc)
  File "/var/lib/juju/agents/unit-opensearch-2/charm/lib/charms/opensearch/v0/models.py", line 47, in from_dict
    return cls(**input_dict)
  File "/var/lib/juju/agents/unit-opensearch-2/charm/lib/charms/opensearch/v0/models.py", line 32, in __init__
    super().__init__(**data)
  File "/var/lib/juju/agents/unit-opensearch-2/charm/venv/pydantic/main.py", line 341, in __init__
    raise validation_error
pydantic.error_wrappers.ValidationError: 1 validation error for DeploymentDescription
app
  value is not a valid dict (type=type_error.dict)
unit-opensearch-2: 03:01:52 ERROR juju.worker.uniter.operation hook "upgrade-charm" (via hook dispatching script: dispatch) failed: exit status 1
unit-opensearch-1: 03:02:04 ERROR unit.opensearch/1.juju-log Uncaught exception while in charm code:
Traceback (most recent call last):
  File "/var/lib/juju/agents/unit-opensearch-1/charm/./src/charm.py", line 213, in <module>
    main(OpenSearchOperatorCharm)
  File "/var/lib/juju/agents/unit-opensearch-1/charm/venv/ops/main.py", line 549, in main
    manager = _Manager(charm_class, use_juju_for_storage=use_juju_for_storage)
  File "/var/lib/juju/agents/unit-opensearch-1/charm/venv/ops/main.py", line 432, in __init__
    self.charm = self._make_charm(self.framework, self.dispatcher)
  File "/var/lib/juju/agents/unit-opensearch-1/charm/venv/ops/main.py", line 435, in _make_charm
    charm = self._charm_class(framework)
  File "/var/lib/juju/agents/unit-opensearch-1/charm/./src/charm.py", line 29, in __init__
    super().__init__(*args, distro=OpenSearchSnap)  # OpenSearchTarball
  File "/var/lib/juju/agents/unit-opensearch-1/charm/lib/charms/opensearch/v0/opensearch_base_charm.py", line 197, in __init__
    self.backup = backup(self)
  File "/var/lib/juju/agents/unit-opensearch-1/charm/lib/charms/opensearch/v0/opensearch_backups.py", line 1080, in backup
    if not charm.opensearch_peer_cm.deployment_desc():
  File "/var/lib/juju/agents/unit-opensearch-1/charm/lib/charms/opensearch/v0/opensearch_peer_clusters.py", line 358, in deployment_desc
    return DeploymentDescription.from_dict(current_deployment_desc)
  File "/var/lib/juju/agents/unit-opensearch-1/charm/lib/charms/opensearch/v0/models.py", line 47, in from_dict
    return cls(**input_dict)
  File "/var/lib/juju/agents/unit-opensearch-1/charm/lib/charms/opensearch/v0/models.py", line 32, in __init__
    super().__init__(**data)
  File "/var/lib/juju/agents/unit-opensearch-1/charm/venv/pydantic/main.py", line 341, in __init__
    raise validation_error
pydantic.error_wrappers.ValidationError: 1 validation error for DeploymentDescription
app
  value is not a valid dict (type=type_error.dict)
unit-opensearch-1: 03:02:04 ERROR juju.worker.uniter.operation hook "upgrade-charm" (via hook dispatching script: dispatch) failed: exit status 1
unit-opensearch-0: 03:02:05 ERROR unit.opensearch/0.juju-log Uncaught exception while in charm code:
Traceback (most recent call last):
  File "/var/lib/juju/agents/unit-opensearch-0/charm/./src/charm.py", line 213, in <module>
    main(OpenSearchOperatorCharm)
  File "/var/lib/juju/agents/unit-opensearch-0/charm/venv/ops/main.py", line 549, in main
    manager = _Manager(charm_class, use_juju_for_storage=use_juju_for_storage)
  File "/var/lib/juju/agents/unit-opensearch-0/charm/venv/ops/main.py", line 432, in __init__
    self.charm = self._make_charm(self.framework, self.dispatcher)
  File "/var/lib/juju/agents/unit-opensearch-0/charm/venv/ops/main.py", line 435, in _make_charm
    charm = self._charm_class(framework)
  File "/var/lib/juju/agents/unit-opensearch-0/charm/./src/charm.py", line 29, in __init__
    super().__init__(*args, distro=OpenSearchSnap)  # OpenSearchTarball
  File "/var/lib/juju/agents/unit-opensearch-0/charm/lib/charms/opensearch/v0/opensearch_base_charm.py", line 197, in __init__
    self.backup = backup(self)
  File "/var/lib/juju/agents/unit-opensearch-0/charm/lib/charms/opensearch/v0/opensearch_backups.py", line 1080, in backup
    if not charm.opensearch_peer_cm.deployment_desc():
  File "/var/lib/juju/agents/unit-opensearch-0/charm/lib/charms/opensearch/v0/opensearch_peer_clusters.py", line 358, in deployment_desc
    return DeploymentDescription.from_dict(current_deployment_desc)
  File "/var/lib/juju/agents/unit-opensearch-0/charm/lib/charms/opensearch/v0/models.py", line 47, in from_dict
    return cls(**input_dict)
  File "/var/lib/juju/agents/unit-opensearch-0/charm/lib/charms/opensearch/v0/models.py", line 32, in __init__
    super().__init__(**data)
  File "/var/lib/juju/agents/unit-opensearch-0/charm/venv/pydantic/main.py", line 341, in __init__
    raise validation_error
pydantic.error_wrappers.ValidationError: 1 validation error for DeploymentDescription
app
  value is not a valid dict (type=type_error.dict)
unit-opensearch-0: 03:02:05 ERROR juju.worker.uniter.operation hook "upgrade-charm" (via hook dispatching script: dispatch) failed: exit status 1
unit-opensearch-2: 03:06:54 ERROR unit.opensearch/2.juju-log Uncaught exception while in charm code:
Traceback (most recent call last):
  File "/var/lib/juju/agents/unit-opensearch-2/charm/./src/charm.py", line 213, in <module>
    main(OpenSearchOperatorCharm)
  File "/var/lib/juju/agents/unit-opensearch-2/charm/venv/ops/main.py", line 549, in main
    manager = _Manager(charm_class, use_juju_for_storage=use_juju_for_storage)
  File "/var/lib/juju/agents/unit-opensearch-2/charm/venv/ops/main.py", line 432, in __init__
    self.charm = self._make_charm(self.framework, self.dispatcher)
  File "/var/lib/juju/agents/unit-opensearch-2/charm/venv/ops/main.py", line 435, in _make_charm
    charm = self._charm_class(framework)
  File "/var/lib/juju/agents/unit-opensearch-2/charm/./src/charm.py", line 29, in __init__
    super().__init__(*args, distro=OpenSearchSnap)  # OpenSearchTarball
  File "/var/lib/juju/agents/unit-opensearch-2/charm/lib/charms/opensearch/v0/opensearch_base_charm.py", line 197, in __init__
    self.backup = backup(self)
  File "/var/lib/juju/agents/unit-opensearch-2/charm/lib/charms/opensearch/v0/opensearch_backups.py", line 1080, in backup
    if not charm.opensearch_peer_cm.deployment_desc():
  File "/var/lib/juju/agents/unit-opensearch-2/charm/lib/charms/opensearch/v0/opensearch_peer_clusters.py", line 358, in deployment_desc
    return DeploymentDescription.from_dict(current_deployment_desc)
  File "/var/lib/juju/agents/unit-opensearch-2/charm/lib/charms/opensearch/v0/models.py", line 47, in from_dict
    return cls(**input_dict)
  File "/var/lib/juju/agents/unit-opensearch-2/charm/lib/charms/opensearch/v0/models.py", line 32, in __init__
    super().__init__(**data)
  File "/var/lib/juju/agents/unit-opensearch-2/charm/venv/pydantic/main.py", line 341, in __init__
    raise validation_error
pydantic.error_wrappers.ValidationError: 1 validation error for DeploymentDescription
app
  value is not a valid dict (type=type_error.dict)
unit-opensearch-2: 03:06:54 ERROR juju.worker.uniter.operation hook "upgrade-charm" (via hook dispatching script: dispatch) failed: exit status 1
unit-opensearch-1: 03:07:06 ERROR unit.opensearch/1.juju-log Uncaught exception while in charm code:
Traceback (most recent call last):
  File "/var/lib/juju/agents/unit-opensearch-1/charm/./src/charm.py", line 213, in <module>
    main(OpenSearchOperatorCharm)
  File "/var/lib/juju/agents/unit-opensearch-1/charm/venv/ops/main.py", line 549, in main
    manager = _Manager(charm_class, use_juju_for_storage=use_juju_for_storage)
  File "/var/lib/juju/agents/unit-opensearch-1/charm/venv/ops/main.py", line 432, in __init__
    self.charm = self._make_charm(self.framework, self.dispatcher)
  File "/var/lib/juju/agents/unit-opensearch-1/charm/venv/ops/main.py", line 435, in _make_charm
    charm = self._charm_class(framework)
  File "/var/lib/juju/agents/unit-opensearch-1/charm/./src/charm.py", line 29, in __init__
    super().__init__(*args, distro=OpenSearchSnap)  # OpenSearchTarball
  File "/var/lib/juju/agents/unit-opensearch-1/charm/lib/charms/opensearch/v0/opensearch_base_charm.py", line 197, in __init__
    self.backup = backup(self)
  File "/var/lib/juju/agents/unit-opensearch-1/charm/lib/charms/opensearch/v0/opensearch_backups.py", line 1080, in backup
    if not charm.opensearch_peer_cm.deployment_desc():
  File "/var/lib/juju/agents/unit-opensearch-1/charm/lib/charms/opensearch/v0/opensearch_peer_clusters.py", line 358, in deployment_desc
    return DeploymentDescription.from_dict(current_deployment_desc)
  File "/var/lib/juju/agents/unit-opensearch-1/charm/lib/charms/opensearch/v0/models.py", line 47, in from_dict
    return cls(**input_dict)
  File "/var/lib/juju/agents/unit-opensearch-1/charm/lib/charms/opensearch/v0/models.py", line 32, in __init__
    super().__init__(**data)
  File "/var/lib/juju/agents/unit-opensearch-1/charm/venv/pydantic/main.py", line 341, in __init__
    raise validation_error
pydantic.error_wrappers.ValidationError: 1 validation error for DeploymentDescription
app
  value is not a valid dict (type=type_error.dict)
unit-opensearch-0: 03:07:06 ERROR unit.opensearch/0.juju-log Uncaught exception while in charm code:
Traceback (most recent call last):
  File "/var/lib/juju/agents/unit-opensearch-0/charm/./src/charm.py", line 213, in <module>
    main(OpenSearchOperatorCharm)
  File "/var/lib/juju/agents/unit-opensearch-0/charm/venv/ops/main.py", line 549, in main
    manager = _Manager(charm_class, use_juju_for_storage=use_juju_for_storage)
  File "/var/lib/juju/agents/unit-opensearch-0/charm/venv/ops/main.py", line 432, in __init__
    self.charm = self._make_charm(self.framework, self.dispatcher)
  File "/var/lib/juju/agents/unit-opensearch-0/charm/venv/ops/main.py", line 435, in _make_charm
    charm = self._charm_class(framework)
  File "/var/lib/juju/agents/unit-opensearch-0/charm/./src/charm.py", line 29, in __init__
    super().__init__(*args, distro=OpenSearchSnap)  # OpenSearchTarball
  File "/var/lib/juju/agents/unit-opensearch-0/charm/lib/charms/opensearch/v0/opensearch_base_charm.py", line 197, in __init__
    self.backup = backup(self)
  File "/var/lib/juju/agents/unit-opensearch-0/charm/lib/charms/opensearch/v0/opensearch_backups.py", line 1080, in backup
    if not charm.opensearch_peer_cm.deployment_desc():
  File "/var/lib/juju/agents/unit-opensearch-0/charm/lib/charms/opensearch/v0/opensearch_peer_clusters.py", line 358, in deployment_desc
    return DeploymentDescription.from_dict(current_deployment_desc)
  File "/var/lib/juju/agents/unit-opensearch-0/charm/lib/charms/opensearch/v0/models.py", line 47, in from_dict
    return cls(**input_dict)
  File "/var/lib/juju/agents/unit-opensearch-0/charm/lib/charms/opensearch/v0/models.py", line 32, in __init__
    super().__init__(**data)
  File "/var/lib/juju/agents/unit-opensearch-0/charm/venv/pydantic/main.py", line 341, in __init__
    raise validation_error
pydantic.error_wrappers.ValidationError: 1 validation error for DeploymentDescription
app
  value is not a valid dict (type=type_error.dict)
unit-opensearch-1: 03:07:06 ERROR juju.worker.uniter.operation hook "upgrade-charm" (via hook dispatching script: dispatch) failed: exit status 1
unit-opensearch-0: 03:07:06 ERROR juju.worker.uniter.operation hook "upgrade-charm" (via hook dispatching script: dispatch) failed: exit status 1
unit-opensearch-2: 03:11:55 ERROR unit.opensearch/2.juju-log Uncaught exception while in charm code:
Traceback (most recent call last):
  File "/var/lib/juju/agents/unit-opensearch-2/charm/./src/charm.py", line 213, in <module>
    main(OpenSearchOperatorCharm)
  File "/var/lib/juju/agents/unit-opensearch-2/charm/venv/ops/main.py", line 549, in main
    manager = _Manager(charm_class, use_juju_for_storage=use_juju_for_storage)
  File "/var/lib/juju/agents/unit-opensearch-2/charm/venv/ops/main.py", line 432, in __init__
    self.charm = self._make_charm(self.framework, self.dispatcher)
  File "/var/lib/juju/agents/unit-opensearch-2/charm/venv/ops/main.py", line 435, in _make_charm
    charm = self._charm_class(framework)
  File "/var/lib/juju/agents/unit-opensearch-2/charm/./src/charm.py", line 29, in __init__
    super().__init__(*args, distro=OpenSearchSnap)  # OpenSearchTarball
  File "/var/lib/juju/agents/unit-opensearch-2/charm/lib/charms/opensearch/v0/opensearch_base_charm.py", line 197, in __init__
    self.backup = backup(self)
  File "/var/lib/juju/agents/unit-opensearch-2/charm/lib/charms/opensearch/v0/opensearch_backups.py", line 1080, in backup
    if not charm.opensearch_peer_cm.deployment_desc():
  File "/var/lib/juju/agents/unit-opensearch-2/charm/lib/charms/opensearch/v0/opensearch_peer_clusters.py", line 358, in deployment_desc
    return DeploymentDescription.from_dict(current_deployment_desc)
  File "/var/lib/juju/agents/unit-opensearch-2/charm/lib/charms/opensearch/v0/models.py", line 47, in from_dict
    return cls(**input_dict)
  File "/var/lib/juju/agents/unit-opensearch-2/charm/lib/charms/opensearch/v0/models.py", line 32, in __init__
    super().__init__(**data)
  File "/var/lib/juju/agents/unit-opensearch-2/charm/venv/pydantic/main.py", line 341, in __init__
    raise validation_error
pydantic.error_wrappers.ValidationError: 1 validation error for DeploymentDescription
app
  value is not a valid dict (type=type_error.dict)
unit-opensearch-2: 03:11:56 ERROR juju.worker.uniter.operation hook "upgrade-charm" (via hook dispatching script: dispatch) failed: exit status 1
unit-opensearch-2: 03:11:58 ERROR unit.opensearch/2.juju-log Uncaught exception while in charm code:
Traceback (most recent call last):
  File "/var/lib/juju/agents/unit-opensearch-2/charm/./src/charm.py", line 213, in <module>
    main(OpenSearchOperatorCharm)
  File "/var/lib/juju/agents/unit-opensearch-2/charm/venv/ops/main.py", line 549, in main
    manager = _Manager(charm_class, use_juju_for_storage=use_juju_for_storage)
  File "/var/lib/juju/agents/unit-opensearch-2/charm/venv/ops/main.py", line 432, in __init__
    self.charm = self._make_charm(self.framework, self.dispatcher)
  File "/var/lib/juju/agents/unit-opensearch-2/charm/venv/ops/main.py", line 435, in _make_charm
    charm = self._charm_class(framework)
  File "/var/lib/juju/agents/unit-opensearch-2/charm/./src/charm.py", line 29, in __init__
    super().__init__(*args, distro=OpenSearchSnap)  # OpenSearchTarball
  File "/var/lib/juju/agents/unit-opensearch-2/charm/lib/charms/opensearch/v0/opensearch_base_charm.py", line 197, in __init__
    self.backup = backup(self)
  File "/var/lib/juju/agents/unit-opensearch-2/charm/lib/charms/opensearch/v0/opensearch_backups.py", line 1080, in backup
    if not charm.opensearch_peer_cm.deployment_desc():
  File "/var/lib/juju/agents/unit-opensearch-2/charm/lib/charms/opensearch/v0/opensearch_peer_clusters.py", line 358, in deployment_desc
    return DeploymentDescription.from_dict(current_deployment_desc)
  File "/var/lib/juju/agents/unit-opensearch-2/charm/lib/charms/opensearch/v0/models.py", line 47, in from_dict
    return cls(**input_dict)
  File "/var/lib/juju/agents/unit-opensearch-2/charm/lib/charms/opensearch/v0/models.py", line 32, in __init__
    super().__init__(**data)
  File "/var/lib/juju/agents/unit-opensearch-2/charm/venv/pydantic/main.py", line 341, in __init__
    raise validation_error
pydantic.error_wrappers.ValidationError: 1 validation error for DeploymentDescription
app
  value is not a valid dict (type=type_error.dict)
unit-opensearch-1: 03:12:08 ERROR unit.opensearch/1.juju-log Uncaught exception while in charm code:
Traceback (most recent call last):
  File "/var/lib/juju/agents/unit-opensearch-1/charm/./src/charm.py", line 213, in <module>
    main(OpenSearchOperatorCharm)
  File "/var/lib/juju/agents/unit-opensearch-1/charm/venv/ops/main.py", line 549, in main
    manager = _Manager(charm_class, use_juju_for_storage=use_juju_for_storage)
  File "/var/lib/juju/agents/unit-opensearch-1/charm/venv/ops/main.py", line 432, in __init__
    self.charm = self._make_charm(self.framework, self.dispatcher)
  File "/var/lib/juju/agents/unit-opensearch-1/charm/venv/ops/main.py", line 435, in _make_charm
    charm = self._charm_class(framework)
  File "/var/lib/juju/agents/unit-opensearch-1/charm/./src/charm.py", line 29, in __init__
    super().__init__(*args, distro=OpenSearchSnap)  # OpenSearchTarball
  File "/var/lib/juju/agents/unit-opensearch-1/charm/lib/charms/opensearch/v0/opensearch_base_charm.py", line 197, in __init__
    self.backup = backup(self)
  File "/var/lib/juju/agents/unit-opensearch-1/charm/lib/charms/opensearch/v0/opensearch_backups.py", line 1080, in backup
    if not charm.opensearch_peer_cm.deployment_desc():
  File "/var/lib/juju/agents/unit-opensearch-1/charm/lib/charms/opensearch/v0/opensearch_peer_clusters.py", line 358, in deployment_desc
    return DeploymentDescription.from_dict(current_deployment_desc)
  File "/var/lib/juju/agents/unit-opensearch-1/charm/lib/charms/opensearch/v0/models.py", line 47, in from_dict
    return cls(**input_dict)
  File "/var/lib/juju/agents/unit-opensearch-1/charm/lib/charms/opensearch/v0/models.py", line 32, in __init__
    super().__init__(**data)
  File "/var/lib/juju/agents/unit-opensearch-1/charm/venv/pydantic/main.py", line 341, in __init__
    raise validation_error
pydantic.error_wrappers.ValidationError: 1 validation error for DeploymentDescription
app
  value is not a valid dict (type=type_error.dict)
unit-opensearch-0: 03:12:08 ERROR unit.opensearch/0.juju-log Uncaught exception while in charm code:
Traceback (most recent call last):
  File "/var/lib/juju/agents/unit-opensearch-0/charm/./src/charm.py", line 213, in <module>
    main(OpenSearchOperatorCharm)
  File "/var/lib/juju/agents/unit-opensearch-0/charm/venv/ops/main.py", line 549, in main
    manager = _Manager(charm_class, use_juju_for_storage=use_juju_for_storage)
  File "/var/lib/juju/agents/unit-opensearch-0/charm/venv/ops/main.py", line 432, in __init__
    self.charm = self._make_charm(self.framework, self.dispatcher)
  File "/var/lib/juju/agents/unit-opensearch-0/charm/venv/ops/main.py", line 435, in _make_charm
    charm = self._charm_class(framework)
  File "/var/lib/juju/agents/unit-opensearch-0/charm/./src/charm.py", line 29, in __init__
    super().__init__(*args, distro=OpenSearchSnap)  # OpenSearchTarball
  File "/var/lib/juju/agents/unit-opensearch-0/charm/lib/charms/opensearch/v0/opensearch_base_charm.py", line 197, in __init__
    self.backup = backup(self)
  File "/var/lib/juju/agents/unit-opensearch-0/charm/lib/charms/opensearch/v0/opensearch_backups.py", line 1080, in backup
    if not charm.opensearch_peer_cm.deployment_desc():
  File "/var/lib/juju/agents/unit-opensearch-0/charm/lib/charms/opensearch/v0/opensearch_peer_clusters.py", line 358, in deployment_desc
    return DeploymentDescription.from_dict(current_deployment_desc)
  File "/var/lib/juju/agents/unit-opensearch-0/charm/lib/charms/opensearch/v0/models.py", line 47, in from_dict
    return cls(**input_dict)
  File "/var/lib/juju/agents/unit-opensearch-0/charm/lib/charms/opensearch/v0/models.py", line 32, in __init__
    super().__init__(**data)
  File "/var/lib/juju/agents/unit-opensearch-0/charm/venv/pydantic/main.py", line 341, in __init__
    raise validation_error
pydantic.error_wrappers.ValidationError: 1 validation error for DeploymentDescription
app
  value is not a valid dict (type=type_error.dict)
unit-opensearch-1: 03:12:08 ERROR juju.worker.uniter.operation hook "upgrade-charm" (via hook dispatching script: dispatch) failed: exit status 1
unit-opensearch-0: 03:12:08 ERROR juju.worker.uniter.operation hook "upgrade-charm" (via hook dispatching script: dispatch) failed: exit status 1
unit-opensearch-2: 03:16:57 ERROR unit.opensearch/2.juju-log Uncaught exception while in charm code:
Traceback (most recent call last):
  File "/var/lib/juju/agents/unit-opensearch-2/charm/./src/charm.py", line 213, in <module>
    main(OpenSearchOperatorCharm)
  File "/var/lib/juju/agents/unit-opensearch-2/charm/venv/ops/main.py", line 549, in main
    manager = _Manager(charm_class, use_juju_for_storage=use_juju_for_storage)
  File "/var/lib/juju/agents/unit-opensearch-2/charm/venv/ops/main.py", line 432, in __init__
    self.charm = self._make_charm(self.framework, self.dispatcher)
  File "/var/lib/juju/agents/unit-opensearch-2/charm/venv/ops/main.py", line 435, in _make_charm
    charm = self._charm_class(framework)
  File "/var/lib/juju/agents/unit-opensearch-2/charm/./src/charm.py", line 29, in __init__
    super().__init__(*args, distro=OpenSearchSnap)  # OpenSearchTarball
  File "/var/lib/juju/agents/unit-opensearch-2/charm/lib/charms/opensearch/v0/opensearch_base_charm.py", line 197, in __init__
    self.backup = backup(self)
  File "/var/lib/juju/agents/unit-opensearch-2/charm/lib/charms/opensearch/v0/opensearch_backups.py", line 1080, in backup
    if not charm.opensearch_peer_cm.deployment_desc():
  File "/var/lib/juju/agents/unit-opensearch-2/charm/lib/charms/opensearch/v0/opensearch_peer_clusters.py", line 358, in deployment_desc
    return DeploymentDescription.from_dict(current_deployment_desc)
  File "/var/lib/juju/agents/unit-opensearch-2/charm/lib/charms/opensearch/v0/models.py", line 47, in from_dict
    return cls(**input_dict)
  File "/var/lib/juju/agents/unit-opensearch-2/charm/lib/charms/opensearch/v0/models.py", line 32, in __init__
    super().__init__(**data)
  File "/var/lib/juju/agents/unit-opensearch-2/charm/venv/pydantic/main.py", line 341, in __init__
    raise validation_error
pydantic.error_wrappers.ValidationError: 1 validation error for DeploymentDescription
app
  value is not a valid dict (type=type_error.dict)
unit-opensearch-2: 03:16:57 ERROR juju.worker.uniter.operation hook "upgrade-charm" (via hook dispatching script: dispatch) failed: exit status 1
unit-opensearch-0: 03:17:09 ERROR unit.opensearch/0.juju-log Uncaught exception while in charm code:
Traceback (most recent call last):
  File "/var/lib/juju/agents/unit-opensearch-0/charm/./src/charm.py", line 213, in <module>
    main(OpenSearchOperatorCharm)
  File "/var/lib/juju/agents/unit-opensearch-0/charm/venv/ops/main.py", line 549, in main
    manager = _Manager(charm_class, use_juju_for_storage=use_juju_for_storage)
  File "/var/lib/juju/agents/unit-opensearch-0/charm/venv/ops/main.py", line 432, in __init__
    self.charm = self._make_charm(self.framework, self.dispatcher)
  File "/var/lib/juju/agents/unit-opensearch-0/charm/venv/ops/main.py", line 435, in _make_charm
    charm = self._charm_class(framework)
  File "/var/lib/juju/agents/unit-opensearch-0/charm/./src/charm.py", line 29, in __init__
    super().__init__(*args, distro=OpenSearchSnap)  # OpenSearchTarball
  File "/var/lib/juju/agents/unit-opensearch-0/charm/lib/charms/opensearch/v0/opensearch_base_charm.py", line 197, in __init__
    self.backup = backup(self)
  File "/var/lib/juju/agents/unit-opensearch-0/charm/lib/charms/opensearch/v0/opensearch_backups.py", line 1080, in backup
    if not charm.opensearch_peer_cm.deployment_desc():
  File "/var/lib/juju/agents/unit-opensearch-0/charm/lib/charms/opensearch/v0/opensearch_peer_clusters.py", line 358, in deployment_desc
    return DeploymentDescription.from_dict(current_deployment_desc)
  File "/var/lib/juju/agents/unit-opensearch-0/charm/lib/charms/opensearch/v0/models.py", line 47, in from_dict
    return cls(**input_dict)
  File "/var/lib/juju/agents/unit-opensearch-0/charm/lib/charms/opensearch/v0/models.py", line 32, in __init__
    super().__init__(**data)
  File "/var/lib/juju/agents/unit-opensearch-0/charm/venv/pydantic/main.py", line 341, in __init__
    raise validation_error
pydantic.error_wrappers.ValidationError: 1 validation error for DeploymentDescription
app
  value is not a valid dict (type=type_error.dict)
unit-opensearch-1: 03:17:09 ERROR unit.opensearch/1.juju-log Uncaught exception while in charm code:
Traceback (most recent call last):
  File "/var/lib/juju/agents/unit-opensearch-1/charm/./src/charm.py", line 213, in <module>
    main(OpenSearchOperatorCharm)
  File "/var/lib/juju/agents/unit-opensearch-1/charm/venv/ops/main.py", line 549, in main
    manager = _Manager(charm_class, use_juju_for_storage=use_juju_for_storage)
  File "/var/lib/juju/agents/unit-opensearch-1/charm/venv/ops/main.py", line 432, in __init__
    self.charm = self._make_charm(self.framework, self.dispatcher)
  File "/var/lib/juju/agents/unit-opensearch-1/charm/venv/ops/main.py", line 435, in _make_charm
    charm = self._charm_class(framework)
  File "/var/lib/juju/agents/unit-opensearch-1/charm/./src/charm.py", line 29, in __init__
    super().__init__(*args, distro=OpenSearchSnap)  # OpenSearchTarball
  File "/var/lib/juju/agents/unit-opensearch-1/charm/lib/charms/opensearch/v0/opensearch_base_charm.py", line 197, in __init__
    self.backup = backup(self)
  File "/var/lib/juju/agents/unit-opensearch-1/charm/lib/charms/opensearch/v0/opensearch_backups.py", line 1080, in backup
    if not charm.opensearch_peer_cm.deployment_desc():
  File "/var/lib/juju/agents/unit-opensearch-1/charm/lib/charms/opensearch/v0/opensearch_peer_clusters.py", line 358, in deployment_desc
    return DeploymentDescription.from_dict(current_deployment_desc)
  File "/var/lib/juju/agents/unit-opensearch-1/charm/lib/charms/opensearch/v0/models.py", line 47, in from_dict
    return cls(**input_dict)
  File "/var/lib/juju/agents/unit-opensearch-1/charm/lib/charms/opensearch/v0/models.py", line 32, in __init__
    super().__init__(**data)
  File "/var/lib/juju/agents/unit-opensearch-1/charm/venv/pydantic/main.py", line 341, in __init__
    raise validation_error
pydantic.error_wrappers.ValidationError: 1 validation error for DeploymentDescription
app
  value is not a valid dict (type=type_error.dict)
unit-opensearch-0: 03:17:09 ERROR juju.worker.uniter.operation hook "upgrade-charm" (via hook dispatching script: dispatch) failed: exit status 1
unit-opensearch-1: 03:17:09 ERROR juju.worker.uniter.operation hook "upgrade-charm" (via hook dispatching script: dispatch) failed: exit status 1
unit-opensearch-2: 03:21:58 ERROR unit.opensearch/2.juju-log Uncaught exception while in charm code:
Traceback (most recent call last):
  File "/var/lib/juju/agents/unit-opensearch-2/charm/./src/charm.py", line 213, in <module>
    main(OpenSearchOperatorCharm)
  File "/var/lib/juju/agents/unit-opensearch-2/charm/venv/ops/main.py", line 549, in main
    manager = _Manager(charm_class, use_juju_for_storage=use_juju_for_storage)
  File "/var/lib/juju/agents/unit-opensearch-2/charm/venv/ops/main.py", line 432, in __init__
    self.charm = self._make_charm(self.framework, self.dispatcher)
  File "/var/lib/juju/agents/unit-opensearch-2/charm/venv/ops/main.py", line 435, in _make_charm
    charm = self._charm_class(framework)
  File "/var/lib/juju/agents/unit-opensearch-2/charm/./src/charm.py", line 29, in __init__
    super().__init__(*args, distro=OpenSearchSnap)  # OpenSearchTarball
  File "/var/lib/juju/agents/unit-opensearch-2/charm/lib/charms/opensearch/v0/opensearch_base_charm.py", line 197, in __init__
    self.backup = backup(self)
  File "/var/lib/juju/agents/unit-opensearch-2/charm/lib/charms/opensearch/v0/opensearch_backups.py", line 1080, in backup
    if not charm.opensearch_peer_cm.deployment_desc():
  File "/var/lib/juju/agents/unit-opensearch-2/charm/lib/charms/opensearch/v0/opensearch_peer_clusters.py", line 358, in deployment_desc
    return DeploymentDescription.from_dict(current_deployment_desc)
  File "/var/lib/juju/agents/unit-opensearch-2/charm/lib/charms/opensearch/v0/models.py", line 47, in from_dict
    return cls(**input_dict)
  File "/var/lib/juju/agents/unit-opensearch-2/charm/lib/charms/opensearch/v0/models.py", line 32, in __init__
    super().__init__(**data)
  File "/var/lib/juju/agents/unit-opensearch-2/charm/venv/pydantic/main.py", line 341, in __init__
    raise validation_error
pydantic.error_wrappers.ValidationError: 1 validation error for DeploymentDescription
app
  value is not a valid dict (type=type_error.dict)
unit-opensearch-2: 03:21:59 ERROR juju.worker.uniter.operation hook "upgrade-charm" (via hook dispatching script: dispatch) failed: exit status 1
unit-opensearch-2: 03:22:02 ERROR unit.opensearch/2.juju-log Uncaught exception while in charm code:
Traceback (most recent call last):
  File "/var/lib/juju/agents/unit-opensearch-2/charm/./src/charm.py", line 213, in <module>
    main(OpenSearchOperatorCharm)
  File "/var/lib/juju/agents/unit-opensearch-2/charm/venv/ops/main.py", line 549, in main
    manager = _Manager(charm_class, use_juju_for_storage=use_juju_for_storage)
  File "/var/lib/juju/agents/unit-opensearch-2/charm/venv/ops/main.py", line 432, in __init__
    self.charm = self._make_charm(self.framework, self.dispatcher)
  File "/var/lib/juju/agents/unit-opensearch-2/charm/venv/ops/main.py", line 435, in _make_charm
    charm = self._charm_class(framework)
  File "/var/lib/juju/agents/unit-opensearch-2/charm/./src/charm.py", line 29, in __init__
    super().__init__(*args, distro=OpenSearchSnap)  # OpenSearchTarball
  File "/var/lib/juju/agents/unit-opensearch-2/charm/lib/charms/opensearch/v0/opensearch_base_charm.py", line 197, in __init__
    self.backup = backup(self)
  File "/var/lib/juju/agents/unit-opensearch-2/charm/lib/charms/opensearch/v0/opensearch_backups.py", line 1080, in backup
    if not charm.opensearch_peer_cm.deployment_desc():
  File "/var/lib/juju/agents/unit-opensearch-2/charm/lib/charms/opensearch/v0/opensearch_peer_clusters.py", line 358, in deployment_desc
    return DeploymentDescription.from_dict(current_deployment_desc)
  File "/var/lib/juju/agents/unit-opensearch-2/charm/lib/charms/opensearch/v0/models.py", line 47, in from_dict
    return cls(**input_dict)
  File "/var/lib/juju/agents/unit-opensearch-2/charm/lib/charms/opensearch/v0/models.py", line 32, in __init__
    super().__init__(**data)
  File "/var/lib/juju/agents/unit-opensearch-2/charm/venv/pydantic/main.py", line 341, in __init__
    raise validation_error
pydantic.error_wrappers.ValidationError: 1 validation error for DeploymentDescription
app
  value is not a valid dict (type=type_error.dict)
unit-opensearch-0: 03:22:11 ERROR unit.opensearch/0.juju-log Uncaught exception while in charm code:
Traceback (most recent call last):
  File "/var/lib/juju/agents/unit-opensearch-0/charm/./src/charm.py", line 213, in <module>
    main(OpenSearchOperatorCharm)
  File "/var/lib/juju/agents/unit-opensearch-0/charm/venv/ops/main.py", line 549, in main
    manager = _Manager(charm_class, use_juju_for_storage=use_juju_for_storage)
  File "/var/lib/juju/agents/unit-opensearch-0/charm/venv/ops/main.py", line 432, in __init__
    self.charm = self._make_charm(self.framework, self.dispatcher)
  File "/var/lib/juju/agents/unit-opensearch-0/charm/venv/ops/main.py", line 435, in _make_charm
    charm = self._charm_class(framework)
  File "/var/lib/juju/agents/unit-opensearch-0/charm/./src/charm.py", line 29, in __init__
    super().__init__(*args, distro=OpenSearchSnap)  # OpenSearchTarball
  File "/var/lib/juju/agents/unit-opensearch-0/charm/lib/charms/opensearch/v0/opensearch_base_charm.py", line 197, in __init__
    self.backup = backup(self)
  File "/var/lib/juju/agents/unit-opensearch-0/charm/lib/charms/opensearch/v0/opensearch_backups.py", line 1080, in backup
    if not charm.opensearch_peer_cm.deployment_desc():
  File "/var/lib/juju/agents/unit-opensearch-0/charm/lib/charms/opensearch/v0/opensearch_peer_clusters.py", line 358, in deployment_desc
    return DeploymentDescription.from_dict(current_deployment_desc)
  File "/var/lib/juju/agents/unit-opensearch-0/charm/lib/charms/opensearch/v0/models.py", line 47, in from_dict
    return cls(**input_dict)
  File "/var/lib/juju/agents/unit-opensearch-0/charm/lib/charms/opensearch/v0/models.py", line 32, in __init__
    super().__init__(**data)
  File "/var/lib/juju/agents/unit-opensearch-0/charm/venv/pydantic/main.py", line 341, in __init__
    raise validation_error
pydantic.error_wrappers.ValidationError: 1 validation error for DeploymentDescription
app
  value is not a valid dict (type=type_error.dict)
unit-opensearch-1: 03:22:11 ERROR unit.opensearch/1.juju-log Uncaught exception while in charm code:
Traceback (most recent call last):
  File "/var/lib/juju/agents/unit-opensearch-1/charm/./src/charm.py", line 213, in <module>
    main(OpenSearchOperatorCharm)
  File "/var/lib/juju/agents/unit-opensearch-1/charm/venv/ops/main.py", line 549, in main
    manager = _Manager(charm_class, use_juju_for_storage=use_juju_for_storage)
  File "/var/lib/juju/agents/unit-opensearch-1/charm/venv/ops/main.py", line 432, in __init__
    self.charm = self._make_charm(self.framework, self.dispatcher)
  File "/var/lib/juju/agents/unit-opensearch-1/charm/venv/ops/main.py", line 435, in _make_charm
    charm = self._charm_class(framework)
  File "/var/lib/juju/agents/unit-opensearch-1/charm/./src/charm.py", line 29, in __init__
    super().__init__(*args, distro=OpenSearchSnap)  # OpenSearchTarball
  File "/var/lib/juju/agents/unit-opensearch-1/charm/lib/charms/opensearch/v0/opensearch_base_charm.py", line 197, in __init__
    self.backup = backup(self)
  File "/var/lib/juju/agents/unit-opensearch-1/charm/lib/charms/opensearch/v0/opensearch_backups.py", line 1080, in backup
    if not charm.opensearch_peer_cm.deployment_desc():
  File "/var/lib/juju/agents/unit-opensearch-1/charm/lib/charms/opensearch/v0/opensearch_peer_clusters.py", line 358, in deployment_desc
    return DeploymentDescription.from_dict(current_deployment_desc)
  File "/var/lib/juju/agents/unit-opensearch-1/charm/lib/charms/opensearch/v0/models.py", line 47, in from_dict
    return cls(**input_dict)
  File "/var/lib/juju/agents/unit-opensearch-1/charm/lib/charms/opensearch/v0/models.py", line 32, in __init__
    super().__init__(**data)
  File "/var/lib/juju/agents/unit-opensearch-1/charm/venv/pydantic/main.py", line 341, in __init__
    raise validation_error
pydantic.error_wrappers.ValidationError: 1 validation error for DeploymentDescription
app
  value is not a valid dict (type=type_error.dict)
unit-opensearch-0: 03:22:11 ERROR juju.worker.uniter.operation hook "upgrade-charm" (via hook dispatching script: dispatch) failed: exit status 1
unit-opensearch-1: 03:22:11 ERROR juju.worker.uniter.operation hook "upgrade-charm" (via hook dispatching script: dispatch) failed: exit status 1

[32mINFO    [0m pytest_operator.plugin:plugin.py:947 Forgetting model main...