{"uid":"853aa135f8a2c45d","name":"test_build_and_deploy_with_manual_tls","fullName":"tests.integration.tls.test_manual_tls#test_build_and_deploy_with_manual_tls","historyId":"ce4c6337bf63b8b894cac54b3cd1ba1d","time":{"start":1729129122811,"stop":1729131478890,"duration":2356079},"description":"Build and deploy prod cluster of OpenSearch with Manual TLS Operator integration.","descriptionHtml":"<p>Build and deploy prod cluster of OpenSearch with Manual TLS Operator integration.</p>\n","status":"broken","statusMessage":"tenacity.RetryError: RetryError[<Future at 0x7b57d1cd3fa0 state=finished raised CSRsMissingError>]","statusTrace":"Traceback (most recent call last):\n  File \"/home/ubuntu/actions-runner/_work/opensearch-operator/opensearch-operator/.tox/integration/lib/python3.10/site-packages/tenacity/asyncio/__init__.py\", line 114, in __call__\n    result = await fn(*args, **kwargs)\n  File \"/home/ubuntu/actions-runner/_work/opensearch-operator/opensearch-operator/tests/integration/tls/helpers_manual_tls.py\", line 125, in wait_for_csrs_in_queue\n    raise CSRsMissingError(message)\nintegration.tls.helpers_manual_tls.CSRsMissingError: 2 CSRs missing in queue\n\nThe above exception was the direct cause of the following exception:\n\nTraceback (most recent call last):\n  File \"/home/ubuntu/actions-runner/_work/opensearch-operator/opensearch-operator/.tox/integration/lib/python3.10/site-packages/_pytest/runner.py\", line 341, in from_call\n    result: TResult | None = func()\n  File \"/home/ubuntu/actions-runner/_work/opensearch-operator/opensearch-operator/.tox/integration/lib/python3.10/site-packages/_pytest/runner.py\", line 242, in <lambda>\n    lambda: runtest_hook(item=item, **kwds), when=when, reraise=reraise\n  File \"/home/ubuntu/actions-runner/_work/opensearch-operator/opensearch-operator/.tox/integration/lib/python3.10/site-packages/pluggy/_hooks.py\", line 513, in __call__\n    return self._hookexec(self.name, self._hookimpls.copy(), kwargs, firstresult)\n  File \"/home/ubuntu/actions-runner/_work/opensearch-operator/opensearch-operator/.tox/integration/lib/python3.10/site-packages/pluggy/_manager.py\", line 120, in _hookexec\n    return self._inner_hookexec(hook_name, methods, kwargs, firstresult)\n  File \"/home/ubuntu/actions-runner/_work/opensearch-operator/opensearch-operator/.tox/integration/lib/python3.10/site-packages/pluggy/_callers.py\", line 182, in _multicall\n    return outcome.get_result()\n  File \"/home/ubuntu/actions-runner/_work/opensearch-operator/opensearch-operator/.tox/integration/lib/python3.10/site-packages/pluggy/_result.py\", line 100, in get_result\n    raise exc.with_traceback(exc.__traceback__)\n  File \"/home/ubuntu/actions-runner/_work/opensearch-operator/opensearch-operator/.tox/integration/lib/python3.10/site-packages/pluggy/_callers.py\", line 167, in _multicall\n    teardown.throw(outcome._exception)\n  File \"/home/ubuntu/actions-runner/_work/opensearch-operator/opensearch-operator/.tox/integration/lib/python3.10/site-packages/_pytest/threadexception.py\", line 92, in pytest_runtest_call\n    yield from thread_exception_runtest_hook()\n  File \"/home/ubuntu/actions-runner/_work/opensearch-operator/opensearch-operator/.tox/integration/lib/python3.10/site-packages/_pytest/threadexception.py\", line 68, in thread_exception_runtest_hook\n    yield\n  File \"/home/ubuntu/actions-runner/_work/opensearch-operator/opensearch-operator/.tox/integration/lib/python3.10/site-packages/pluggy/_callers.py\", line 167, in _multicall\n    teardown.throw(outcome._exception)\n  File \"/home/ubuntu/actions-runner/_work/opensearch-operator/opensearch-operator/.tox/integration/lib/python3.10/site-packages/_pytest/unraisableexception.py\", line 95, in pytest_runtest_call\n    yield from unraisable_exception_runtest_hook()\n  File \"/home/ubuntu/actions-runner/_work/opensearch-operator/opensearch-operator/.tox/integration/lib/python3.10/site-packages/_pytest/unraisableexception.py\", line 70, in unraisable_exception_runtest_hook\n    yield\n  File \"/home/ubuntu/actions-runner/_work/opensearch-operator/opensearch-operator/.tox/integration/lib/python3.10/site-packages/pluggy/_callers.py\", line 167, in _multicall\n    teardown.throw(outcome._exception)\n  File \"/home/ubuntu/actions-runner/_work/opensearch-operator/opensearch-operator/.tox/integration/lib/python3.10/site-packages/_pytest/logging.py\", line 846, in pytest_runtest_call\n    yield from self._runtest_for(item, \"call\")\n  File \"/home/ubuntu/actions-runner/_work/opensearch-operator/opensearch-operator/.tox/integration/lib/python3.10/site-packages/_pytest/logging.py\", line 829, in _runtest_for\n    yield\n  File \"/home/ubuntu/actions-runner/_work/opensearch-operator/opensearch-operator/.tox/integration/lib/python3.10/site-packages/pluggy/_callers.py\", line 167, in _multicall\n    teardown.throw(outcome._exception)\n  File \"/home/ubuntu/actions-runner/_work/opensearch-operator/opensearch-operator/.tox/integration/lib/python3.10/site-packages/_pytest/capture.py\", line 880, in pytest_runtest_call\n    return (yield)\n  File \"/home/ubuntu/actions-runner/_work/opensearch-operator/opensearch-operator/.tox/integration/lib/python3.10/site-packages/pluggy/_callers.py\", line 167, in _multicall\n    teardown.throw(outcome._exception)\n  File \"/home/ubuntu/actions-runner/_work/opensearch-operator/opensearch-operator/.tox/integration/lib/python3.10/site-packages/_pytest/skipping.py\", line 257, in pytest_runtest_call\n    return (yield)\n  File \"/home/ubuntu/actions-runner/_work/opensearch-operator/opensearch-operator/.tox/integration/lib/python3.10/site-packages/pluggy/_callers.py\", line 103, in _multicall\n    res = hook_impl.function(*args)\n  File \"/home/ubuntu/actions-runner/_work/opensearch-operator/opensearch-operator/.tox/integration/lib/python3.10/site-packages/_pytest/runner.py\", line 174, in pytest_runtest_call\n    item.runtest()\n  File \"/home/ubuntu/actions-runner/_work/opensearch-operator/opensearch-operator/.tox/integration/lib/python3.10/site-packages/_pytest/python.py\", line 1627, in runtest\n    self.ihook.pytest_pyfunc_call(pyfuncitem=self)\n  File \"/home/ubuntu/actions-runner/_work/opensearch-operator/opensearch-operator/.tox/integration/lib/python3.10/site-packages/pluggy/_hooks.py\", line 513, in __call__\n    return self._hookexec(self.name, self._hookimpls.copy(), kwargs, firstresult)\n  File \"/home/ubuntu/actions-runner/_work/opensearch-operator/opensearch-operator/.tox/integration/lib/python3.10/site-packages/pluggy/_manager.py\", line 120, in _hookexec\n    return self._inner_hookexec(hook_name, methods, kwargs, firstresult)\n  File \"/home/ubuntu/actions-runner/_work/opensearch-operator/opensearch-operator/.tox/integration/lib/python3.10/site-packages/pluggy/_callers.py\", line 182, in _multicall\n    return outcome.get_result()\n  File \"/home/ubuntu/actions-runner/_work/opensearch-operator/opensearch-operator/.tox/integration/lib/python3.10/site-packages/pluggy/_result.py\", line 100, in get_result\n    raise exc.with_traceback(exc.__traceback__)\n  File \"/home/ubuntu/actions-runner/_work/opensearch-operator/opensearch-operator/.tox/integration/lib/python3.10/site-packages/pluggy/_callers.py\", line 103, in _multicall\n    res = hook_impl.function(*args)\n  File \"/home/ubuntu/actions-runner/_work/opensearch-operator/opensearch-operator/.tox/integration/lib/python3.10/site-packages/_pytest/python.py\", line 159, in pytest_pyfunc_call\n    result = testfunction(**testargs)\n  File \"/home/ubuntu/actions-runner/_work/opensearch-operator/opensearch-operator/.tox/integration/lib/python3.10/site-packages/pytest_asyncio/plugin.py\", line 529, in inner\n    _loop.run_until_complete(task)\n  File \"/usr/lib/python3.10/asyncio/base_events.py\", line 649, in run_until_complete\n    return future.result()\n  File \"/home/ubuntu/actions-runner/_work/opensearch-operator/opensearch-operator/tests/integration/tls/test_manual_tls.py\", line 55, in test_build_and_deploy_with_manual_tls\n    await manual_tls_daemon.wait_for_csrs_in_queue(len(UNIT_IDS) * 2 + 1)\n  File \"/home/ubuntu/actions-runner/_work/opensearch-operator/opensearch-operator/.tox/integration/lib/python3.10/site-packages/tenacity/asyncio/__init__.py\", line 189, in async_wrapped\n    return await copy(fn, *args, **kwargs)\n  File \"/home/ubuntu/actions-runner/_work/opensearch-operator/opensearch-operator/.tox/integration/lib/python3.10/site-packages/tenacity/asyncio/__init__.py\", line 111, in __call__\n    do = await self.iter(retry_state=retry_state)\n  File \"/home/ubuntu/actions-runner/_work/opensearch-operator/opensearch-operator/.tox/integration/lib/python3.10/site-packages/tenacity/asyncio/__init__.py\", line 153, in iter\n    result = await action(retry_state)\n  File \"/home/ubuntu/actions-runner/_work/opensearch-operator/opensearch-operator/.tox/integration/lib/python3.10/site-packages/tenacity/_utils.py\", line 99, in inner\n    return call(*args, **kwargs)\n  File \"/home/ubuntu/actions-runner/_work/opensearch-operator/opensearch-operator/.tox/integration/lib/python3.10/site-packages/tenacity/__init__.py\", line 419, in exc_check\n    raise retry_exc from fut.exception()\ntenacity.RetryError: RetryError[<Future at 0x7b57d1cd3fa0 state=finished raised CSRsMissingError>]","flaky":false,"newFailed":false,"newBroken":true,"newPassed":false,"retriesCount":1,"retriesStatusChange":true,"beforeStages":[{"name":"ops_test","time":{"start":1729129122649,"stop":1729129122810,"duration":161},"status":"passed","steps":[],"attachments":[],"parameters":[],"stepsCount":0,"shouldDisplayMessage":false,"attachmentsCount":0,"hasContent":false,"attachmentStep":false},{"name":"event_loop","time":{"start":1729129122649,"stop":1729129122649,"duration":0},"status":"passed","steps":[],"attachments":[],"parameters":[],"stepsCount":0,"shouldDisplayMessage":false,"attachmentsCount":0,"hasContent":false,"attachmentStep":false},{"name":"tmp_path_factory","time":{"start":1729129122649,"stop":1729129122649,"duration":0},"status":"passed","steps":[],"attachments":[],"parameters":[],"stepsCount":0,"shouldDisplayMessage":false,"attachmentsCount":0,"hasContent":false,"attachmentStep":false},{"name":"abort_on_fail","time":{"start":1729129122810,"stop":1729129122810,"duration":0},"status":"passed","steps":[],"attachments":[],"parameters":[],"stepsCount":0,"shouldDisplayMessage":false,"attachmentsCount":0,"hasContent":false,"attachmentStep":false}],"testStage":{"description":"Build and deploy prod cluster of OpenSearch with Manual TLS Operator integration.","status":"broken","statusMessage":"tenacity.RetryError: RetryError[<Future at 0x7b57d1cd3fa0 state=finished raised CSRsMissingError>]","statusTrace":"Traceback (most recent call last):\n  File \"/home/ubuntu/actions-runner/_work/opensearch-operator/opensearch-operator/.tox/integration/lib/python3.10/site-packages/tenacity/asyncio/__init__.py\", line 114, in __call__\n    result = await fn(*args, **kwargs)\n  File \"/home/ubuntu/actions-runner/_work/opensearch-operator/opensearch-operator/tests/integration/tls/helpers_manual_tls.py\", line 125, in wait_for_csrs_in_queue\n    raise CSRsMissingError(message)\nintegration.tls.helpers_manual_tls.CSRsMissingError: 2 CSRs missing in queue\n\nThe above exception was the direct cause of the following exception:\n\nTraceback (most recent call last):\n  File \"/home/ubuntu/actions-runner/_work/opensearch-operator/opensearch-operator/.tox/integration/lib/python3.10/site-packages/_pytest/runner.py\", line 341, in from_call\n    result: TResult | None = func()\n  File \"/home/ubuntu/actions-runner/_work/opensearch-operator/opensearch-operator/.tox/integration/lib/python3.10/site-packages/_pytest/runner.py\", line 242, in <lambda>\n    lambda: runtest_hook(item=item, **kwds), when=when, reraise=reraise\n  File \"/home/ubuntu/actions-runner/_work/opensearch-operator/opensearch-operator/.tox/integration/lib/python3.10/site-packages/pluggy/_hooks.py\", line 513, in __call__\n    return self._hookexec(self.name, self._hookimpls.copy(), kwargs, firstresult)\n  File \"/home/ubuntu/actions-runner/_work/opensearch-operator/opensearch-operator/.tox/integration/lib/python3.10/site-packages/pluggy/_manager.py\", line 120, in _hookexec\n    return self._inner_hookexec(hook_name, methods, kwargs, firstresult)\n  File \"/home/ubuntu/actions-runner/_work/opensearch-operator/opensearch-operator/.tox/integration/lib/python3.10/site-packages/pluggy/_callers.py\", line 182, in _multicall\n    return outcome.get_result()\n  File \"/home/ubuntu/actions-runner/_work/opensearch-operator/opensearch-operator/.tox/integration/lib/python3.10/site-packages/pluggy/_result.py\", line 100, in get_result\n    raise exc.with_traceback(exc.__traceback__)\n  File \"/home/ubuntu/actions-runner/_work/opensearch-operator/opensearch-operator/.tox/integration/lib/python3.10/site-packages/pluggy/_callers.py\", line 167, in _multicall\n    teardown.throw(outcome._exception)\n  File \"/home/ubuntu/actions-runner/_work/opensearch-operator/opensearch-operator/.tox/integration/lib/python3.10/site-packages/_pytest/threadexception.py\", line 92, in pytest_runtest_call\n    yield from thread_exception_runtest_hook()\n  File \"/home/ubuntu/actions-runner/_work/opensearch-operator/opensearch-operator/.tox/integration/lib/python3.10/site-packages/_pytest/threadexception.py\", line 68, in thread_exception_runtest_hook\n    yield\n  File \"/home/ubuntu/actions-runner/_work/opensearch-operator/opensearch-operator/.tox/integration/lib/python3.10/site-packages/pluggy/_callers.py\", line 167, in _multicall\n    teardown.throw(outcome._exception)\n  File \"/home/ubuntu/actions-runner/_work/opensearch-operator/opensearch-operator/.tox/integration/lib/python3.10/site-packages/_pytest/unraisableexception.py\", line 95, in pytest_runtest_call\n    yield from unraisable_exception_runtest_hook()\n  File \"/home/ubuntu/actions-runner/_work/opensearch-operator/opensearch-operator/.tox/integration/lib/python3.10/site-packages/_pytest/unraisableexception.py\", line 70, in unraisable_exception_runtest_hook\n    yield\n  File \"/home/ubuntu/actions-runner/_work/opensearch-operator/opensearch-operator/.tox/integration/lib/python3.10/site-packages/pluggy/_callers.py\", line 167, in _multicall\n    teardown.throw(outcome._exception)\n  File \"/home/ubuntu/actions-runner/_work/opensearch-operator/opensearch-operator/.tox/integration/lib/python3.10/site-packages/_pytest/logging.py\", line 846, in pytest_runtest_call\n    yield from self._runtest_for(item, \"call\")\n  File \"/home/ubuntu/actions-runner/_work/opensearch-operator/opensearch-operator/.tox/integration/lib/python3.10/site-packages/_pytest/logging.py\", line 829, in _runtest_for\n    yield\n  File \"/home/ubuntu/actions-runner/_work/opensearch-operator/opensearch-operator/.tox/integration/lib/python3.10/site-packages/pluggy/_callers.py\", line 167, in _multicall\n    teardown.throw(outcome._exception)\n  File \"/home/ubuntu/actions-runner/_work/opensearch-operator/opensearch-operator/.tox/integration/lib/python3.10/site-packages/_pytest/capture.py\", line 880, in pytest_runtest_call\n    return (yield)\n  File \"/home/ubuntu/actions-runner/_work/opensearch-operator/opensearch-operator/.tox/integration/lib/python3.10/site-packages/pluggy/_callers.py\", line 167, in _multicall\n    teardown.throw(outcome._exception)\n  File \"/home/ubuntu/actions-runner/_work/opensearch-operator/opensearch-operator/.tox/integration/lib/python3.10/site-packages/_pytest/skipping.py\", line 257, in pytest_runtest_call\n    return (yield)\n  File \"/home/ubuntu/actions-runner/_work/opensearch-operator/opensearch-operator/.tox/integration/lib/python3.10/site-packages/pluggy/_callers.py\", line 103, in _multicall\n    res = hook_impl.function(*args)\n  File \"/home/ubuntu/actions-runner/_work/opensearch-operator/opensearch-operator/.tox/integration/lib/python3.10/site-packages/_pytest/runner.py\", line 174, in pytest_runtest_call\n    item.runtest()\n  File \"/home/ubuntu/actions-runner/_work/opensearch-operator/opensearch-operator/.tox/integration/lib/python3.10/site-packages/_pytest/python.py\", line 1627, in runtest\n    self.ihook.pytest_pyfunc_call(pyfuncitem=self)\n  File \"/home/ubuntu/actions-runner/_work/opensearch-operator/opensearch-operator/.tox/integration/lib/python3.10/site-packages/pluggy/_hooks.py\", line 513, in __call__\n    return self._hookexec(self.name, self._hookimpls.copy(), kwargs, firstresult)\n  File \"/home/ubuntu/actions-runner/_work/opensearch-operator/opensearch-operator/.tox/integration/lib/python3.10/site-packages/pluggy/_manager.py\", line 120, in _hookexec\n    return self._inner_hookexec(hook_name, methods, kwargs, firstresult)\n  File \"/home/ubuntu/actions-runner/_work/opensearch-operator/opensearch-operator/.tox/integration/lib/python3.10/site-packages/pluggy/_callers.py\", line 182, in _multicall\n    return outcome.get_result()\n  File \"/home/ubuntu/actions-runner/_work/opensearch-operator/opensearch-operator/.tox/integration/lib/python3.10/site-packages/pluggy/_result.py\", line 100, in get_result\n    raise exc.with_traceback(exc.__traceback__)\n  File \"/home/ubuntu/actions-runner/_work/opensearch-operator/opensearch-operator/.tox/integration/lib/python3.10/site-packages/pluggy/_callers.py\", line 103, in _multicall\n    res = hook_impl.function(*args)\n  File \"/home/ubuntu/actions-runner/_work/opensearch-operator/opensearch-operator/.tox/integration/lib/python3.10/site-packages/_pytest/python.py\", line 159, in pytest_pyfunc_call\n    result = testfunction(**testargs)\n  File \"/home/ubuntu/actions-runner/_work/opensearch-operator/opensearch-operator/.tox/integration/lib/python3.10/site-packages/pytest_asyncio/plugin.py\", line 529, in inner\n    _loop.run_until_complete(task)\n  File \"/usr/lib/python3.10/asyncio/base_events.py\", line 649, in run_until_complete\n    return future.result()\n  File \"/home/ubuntu/actions-runner/_work/opensearch-operator/opensearch-operator/tests/integration/tls/test_manual_tls.py\", line 55, in test_build_and_deploy_with_manual_tls\n    await manual_tls_daemon.wait_for_csrs_in_queue(len(UNIT_IDS) * 2 + 1)\n  File \"/home/ubuntu/actions-runner/_work/opensearch-operator/opensearch-operator/.tox/integration/lib/python3.10/site-packages/tenacity/asyncio/__init__.py\", line 189, in async_wrapped\n    return await copy(fn, *args, **kwargs)\n  File \"/home/ubuntu/actions-runner/_work/opensearch-operator/opensearch-operator/.tox/integration/lib/python3.10/site-packages/tenacity/asyncio/__init__.py\", line 111, in __call__\n    do = await self.iter(retry_state=retry_state)\n  File \"/home/ubuntu/actions-runner/_work/opensearch-operator/opensearch-operator/.tox/integration/lib/python3.10/site-packages/tenacity/asyncio/__init__.py\", line 153, in iter\n    result = await action(retry_state)\n  File \"/home/ubuntu/actions-runner/_work/opensearch-operator/opensearch-operator/.tox/integration/lib/python3.10/site-packages/tenacity/_utils.py\", line 99, in inner\n    return call(*args, **kwargs)\n  File \"/home/ubuntu/actions-runner/_work/opensearch-operator/opensearch-operator/.tox/integration/lib/python3.10/site-packages/tenacity/__init__.py\", line 419, in exc_check\n    raise retry_exc from fut.exception()\ntenacity.RetryError: RetryError[<Future at 0x7b57d1cd3fa0 state=finished raised CSRsMissingError>]","steps":[],"attachments":[{"uid":"d6b68154f6d01272","name":"log","source":"d6b68154f6d01272.txt","type":"text/plain","size":16444}],"parameters":[],"stepsCount":0,"shouldDisplayMessage":true,"attachmentsCount":1,"hasContent":true,"attachmentStep":false},"afterStages":[{"name":"abort_on_fail::0","time":{"start":1729131478896,"stop":1729131478896,"duration":0},"status":"passed","steps":[],"attachments":[],"parameters":[],"stepsCount":0,"shouldDisplayMessage":false,"attachmentsCount":0,"hasContent":false,"attachmentStep":false},{"name":"ops_test::finalizer","time":{"start":1729131478897,"stop":1729131479226,"duration":329},"status":"passed","steps":[],"attachments":[],"parameters":[],"stepsCount":0,"shouldDisplayMessage":false,"attachmentsCount":0,"hasContent":false,"attachmentStep":false},{"name":"event_loop::2","time":{"start":1729131479226,"stop":1729131479226,"duration":0},"status":"passed","steps":[],"attachments":[],"parameters":[],"stepsCount":0,"shouldDisplayMessage":false,"attachmentsCount":0,"hasContent":false,"attachmentStep":false},{"name":"event_loop::_close_event_loop","time":{"start":1729131479226,"stop":1729131479226,"duration":0},"status":"passed","steps":[],"attachments":[],"parameters":[],"stepsCount":0,"shouldDisplayMessage":false,"attachmentsCount":0,"hasContent":false,"attachmentStep":false},{"name":"event_loop::_provide_clean_event_loop","time":{"start":1729131479226,"stop":1729131479227,"duration":1},"status":"passed","steps":[],"attachments":[],"parameters":[],"stepsCount":0,"shouldDisplayMessage":false,"attachmentsCount":0,"hasContent":false,"attachmentStep":false}],"labels":[{"name":"tag","value":"skip_if_deployed"},{"name":"tag","value":"abort_on_fail"},{"name":"tag","value":"group(1)"},{"name":"tag","value":"runner(['self-hosted', 'linux', 'X64', 'jammy', 'large'])"},{"name":"tag","value":"asyncio"},{"name":"parentSuite","value":"tests.integration.tls"},{"name":"suite","value":"test_manual_tls"},{"name":"host","value":"github-runner"},{"name":"thread","value":"21698-MainThread"},{"name":"framework","value":"pytest"},{"name":"language","value":"cpython3"},{"name":"package","value":"tests.integration.tls.test_manual_tls"},{"name":"resultFormat","value":"allure2"}],"parameters":[],"links":[],"hidden":false,"retry":false,"extra":{"severity":"normal","retries":[{"uid":"980bf9fe9ebe94f4","status":"unknown","time":{}}],"categories":[{"name":"Test defects","matchedStatuses":[],"flaky":false}],"history":{"statistic":{"failed":0,"broken":4,"skipped":0,"passed":44,"unknown":1,"total":49},"items":[{"uid":"6ef7393e7f499942","reportUrl":"../2986//#testresult/6ef7393e7f499942","status":"passed","time":{"start":1729046403343,"stop":1729047448077,"duration":1044734}},{"uid":"fd0ef39f86eb7929","reportUrl":"../2968//#testresult/fd0ef39f86eb7929","status":"passed","time":{"start":1728961615712,"stop":1728962513754,"duration":898042}},{"uid":"6fe18aaf83ac8542","reportUrl":"../2963//#testresult/6fe18aaf83ac8542","status":"passed","time":{"start":1728875826266,"stop":1728876685502,"duration":859236}},{"uid":"1539c8ca1d0bc5d4","reportUrl":"../2958//#testresult/1539c8ca1d0bc5d4","status":"passed","time":{"start":1728789191474,"stop":1728790119071,"duration":927597}},{"uid":"f3c00794bdb5da62","reportUrl":"../2953//#testresult/f3c00794bdb5da62","status":"passed","time":{"start":1728697252636,"stop":1728698677041,"duration":1424405}},{"uid":"125e259b9750f446","reportUrl":"../2941//#testresult/125e259b9750f446","status":"passed","time":{"start":1728610824093,"stop":1728612728099,"duration":1904006}},{"uid":"11e79e56d8313c48","reportUrl":"../2940//#testresult/11e79e56d8313c48","status":"passed","time":{"start":1728529466008,"stop":1728530169127,"duration":703119}},{"uid":"2a6ea0a36bb2b4ae","reportUrl":"../2935//#testresult/2a6ea0a36bb2b4ae","status":"passed","time":{"start":1728442258607,"stop":1728443559436,"duration":1300829}},{"uid":"65424e19a63c9d9a","reportUrl":"../2934//#testresult/65424e19a63c9d9a","status":"passed","time":{"start":1728355685937,"stop":1728356598723,"duration":912786}},{"uid":"45bd1cdbbaae6f0f","reportUrl":"../2931//#testresult/45bd1cdbbaae6f0f","status":"passed","time":{"start":1728265122803,"stop":1728266328525,"duration":1205722}},{"uid":"77bccbf5ec1e9436","reportUrl":"../2930//#testresult/77bccbf5ec1e9436","status":"passed","time":{"start":1728178826620,"stop":1728179854614,"duration":1027994}},{"uid":"60cebaf42fd8a3e8","reportUrl":"../2929//#testresult/60cebaf42fd8a3e8","status":"passed","time":{"start":1728094530211,"stop":1728095264804,"duration":734593}},{"uid":"2a09d06f29e0f1d5","reportUrl":"../2928//#testresult/2a09d06f29e0f1d5","status":"passed","time":{"start":1728008322050,"stop":1728009642388,"duration":1320338}},{"uid":"39d8feff19c42ef2","reportUrl":"../2913//#testresult/39d8feff19c42ef2","status":"passed","time":{"start":1727919584094,"stop":1727921429369,"duration":1845275}},{"uid":"ebc9af5b5e739646","reportUrl":"../2904//#testresult/ebc9af5b5e739646","status":"passed","time":{"start":1727835770014,"stop":1727836839373,"duration":1069359}},{"uid":"61c0e7bc592f1e6c","reportUrl":"../2901//#testresult/61c0e7bc592f1e6c","status":"passed","time":{"start":1727749418125,"stop":1727750247788,"duration":829663}},{"uid":"a1f88e68eddddf0e","reportUrl":"../2897//#testresult/a1f88e68eddddf0e","status":"broken","statusDetails":"tenacity.RetryError: RetryError[<Future at 0x7b21d54db100 state=finished raised Exception>]","time":{"start":1727662669293,"stop":1727664445174,"duration":1775881}},{"uid":"762154c8be0cfe8c","reportUrl":"../2896//#testresult/762154c8be0cfe8c","status":"passed","time":{"start":1727573702568,"stop":1727575121881,"duration":1419313}},{"uid":"3b2e981779b71117","reportUrl":"../2895//#testresult/3b2e981779b71117","status":"passed","time":{"start":1727488928367,"stop":1727489565822,"duration":637455}},{"uid":"dddf9d0f985e5dab","reportUrl":"../2890//#testresult/dddf9d0f985e5dab","status":"passed","time":{"start":1727402584397,"stop":1727403163992,"duration":579595}}]},"tags":["skip_if_deployed","runner(['self-hosted', 'linux', 'X64', 'jammy', 'large'])","asyncio","abort_on_fail","group(1)"]},"source":"853aa135f8a2c45d.json","parameterValues":[]}