[32mINFO    [0m juju.model:model.py:2097 Deploying local:opensearch-0
[32mINFO    [0m integration.helpers_deployments:helpers_deployments.py:329 



[32mINFO    [0m integration.helpers_deployments:helpers_deployments.py:330 Model  Controller           Cloud/Region         Version  SLA          Timestamp
test   localhost-localhost  localhost/localhost  3.5.3    unsupported  02:04:23Z

App                       Version  Status   Scale  Charm                     Channel        Rev  Exposed  Message
opensearch                         active       2  opensearch                                 0  no       
second-opensearch                  waiting    0/1  opensearch                                 0  no       waiting for machine
self-signed-certificates           active       1  self-signed-certificates  latest/stable  155  no       

Unit                         Workload  Agent       Machine  Public address  Ports     Message
opensearch/0                 active    idle        1        10.215.131.201  9200/tcp  
opensearch/1*                active    idle        2        10.215.131.42   9200/tcp  
second-opensearch/0          waiting   allocating  3                                  waiting for machine
self-signed-certificates/0*  active    executing   0        10.215.131.95             

Machine  State    Address         Inst id        Base          AZ  Message
0        started  10.215.131.95   juju-1cda66-0  ubuntu@22.04      Running
1        started  10.215.131.201  juju-1cda66-1  ubuntu@22.04      Running
2        started  10.215.131.42   juju-1cda66-2  ubuntu@22.04      Running
3        pending                  pending        ubuntu@22.04      

[32mINFO    [0m integration.helpers_deployments:helpers_deployments.py:337 


02:04:23 -- Waiting for model...
[32mINFO    [0m integration.helpers_deployments:helpers_deployments.py:277 	App: opensearch - Units - conditions unmet.
[32mINFO    [0m integration.helpers_deployments:helpers_deployments.py:278 
	app: opensearch active -- message: None
		opensearch-0.d06  -- (10.215.131.201) -- [idle (since: 02:02:53)] active: 
		opensearch-1.d06* -- (10.215.131.42) -- [idle (since: 02:04:11)] active: 

[32mINFO    [0m integration.helpers_deployments:helpers_deployments.py:337 


02:04:34 -- Waiting for model...
[32mINFO    [0m integration.helpers_deployments:helpers_deployments.py:277 	App: opensearch - Units - conditions unmet.
[32mINFO    [0m integration.helpers_deployments:helpers_deployments.py:278 
	app: opensearch active -- message: None
		opensearch-0.d06  -- (10.215.131.201) -- [idle (since: 02:02:53)] active: 
		opensearch-1.d06* -- (10.215.131.42) -- [idle (since: 02:04:11)] active: 

[32mINFO    [0m integration.helpers_deployments:helpers_deployments.py:337 


02:04:46 -- Waiting for model...
[32mINFO    [0m integration.helpers_deployments:helpers_deployments.py:277 	App: opensearch - Units - conditions unmet.
[32mINFO    [0m integration.helpers_deployments:helpers_deployments.py:278 
	app: opensearch active -- message: None
		opensearch-0.d06  -- (10.215.131.201) -- [idle (since: 02:02:53)] active: 
		opensearch-1.d06* -- (10.215.131.42) -- [idle (since: 02:04:11)] active: 

[32mINFO    [0m integration.helpers_deployments:helpers_deployments.py:337 


02:04:57 -- Waiting for model...
[32mINFO    [0m integration.helpers_deployments:helpers_deployments.py:277 	App: opensearch - Units - conditions unmet.
[32mINFO    [0m integration.helpers_deployments:helpers_deployments.py:278 
	app: opensearch active -- message: None
		opensearch-0.d06  -- (10.215.131.201) -- [idle (since: 02:02:53)] active: 
		opensearch-1.d06* -- (10.215.131.42) -- [idle (since: 02:04:11)] active: 

[32mINFO    [0m integration.helpers_deployments:helpers_deployments.py:337 


02:05:08 -- Waiting for model...
[32mINFO    [0m integration.helpers_deployments:helpers_deployments.py:277 	App: opensearch - Units - conditions unmet.
[32mINFO    [0m integration.helpers_deployments:helpers_deployments.py:278 
	app: opensearch active -- message: None
		opensearch-0.d06  -- (10.215.131.201) -- [idle (since: 02:02:53)] active: 
		opensearch-1.d06* -- (10.215.131.42) -- [idle (since: 02:04:11)] active: 

[32mINFO    [0m integration.helpers_deployments:helpers_deployments.py:337 


02:05:19 -- Waiting for model...
[32mINFO    [0m integration.helpers_deployments:helpers_deployments.py:277 	App: opensearch - Units - conditions unmet.
[32mINFO    [0m integration.helpers_deployments:helpers_deployments.py:278 
	app: opensearch active -- message: None
		opensearch-0.d06  -- (10.215.131.201) -- [idle (since: 02:02:53)] active: 
		opensearch-1.d06* -- (10.215.131.42) -- [idle (since: 02:04:11)] active: 

[32mINFO    [0m integration.helpers_deployments:helpers_deployments.py:337 


02:05:30 -- Waiting for model...
[32mINFO    [0m integration.helpers_deployments:helpers_deployments.py:261 	App: second-opensearch - conditions unmet.
[32mINFO    [0m integration.helpers_deployments:helpers_deployments.py:262 
	app: second waiting -- message: waiting for machine
		second-opensearch-0.44e  -- (10.215.131.225) -- [allocating (since: 02:04:23)] waiting: waiting for machine

[32mINFO    [0m integration.helpers_deployments:helpers_deployments.py:337 


02:05:50 -- Waiting for model...
[32mINFO    [0m integration.helpers_deployments:helpers_deployments.py:261 	App: second-opensearch - conditions unmet.
[32mINFO    [0m integration.helpers_deployments:helpers_deployments.py:262 
	app: second maintenance -- message: Installing OpenSearch...
		second-opensearch-0.44e* -- (10.215.131.225) -- [executing (since: 02:05:47)] maintenance: Installing OpenSearch...

[32mINFO    [0m integration.helpers_deployments:helpers_deployments.py:337 


02:06:01 -- Waiting for model...
[32mINFO    [0m integration.helpers_deployments:helpers_deployments.py:261 	App: second-opensearch - conditions unmet.
[32mINFO    [0m integration.helpers_deployments:helpers_deployments.py:262 
	app: second maintenance -- message: Installing OpenSearch...
		second-opensearch-0.44e* -- (10.215.131.225) -- [executing (since: 02:05:47)] maintenance: Installing OpenSearch...

[32mINFO    [0m integration.helpers_deployments:helpers_deployments.py:337 


02:06:13 -- Waiting for model...
[32mINFO    [0m integration.helpers_deployments:helpers_deployments.py:277 	App: opensearch - Units - conditions unmet.
[32mINFO    [0m integration.helpers_deployments:helpers_deployments.py:278 
	app: opensearch active -- message: None
		opensearch-0.d06  -- (10.215.131.201) -- [idle (since: 02:06:13)] active: 
		opensearch-1.d06* -- (10.215.131.42) -- [idle (since: 02:06:13)] active: 

[32mINFO    [0m integration.helpers_deployments:helpers_deployments.py:337 


02:06:24 -- Waiting for model...
[32mINFO    [0m integration.helpers_deployments:helpers_deployments.py:277 	App: opensearch - Units - conditions unmet.
[32mINFO    [0m integration.helpers_deployments:helpers_deployments.py:278 
	app: opensearch active -- message: None
		opensearch-0.d06  -- (10.215.131.201) -- [idle (since: 02:06:13)] active: 
		opensearch-1.d06* -- (10.215.131.42) -- [idle (since: 02:06:13)] active: 

[32mINFO    [0m integration.helpers_deployments:helpers_deployments.py:337 


02:06:36 -- Waiting for model...
[32mINFO    [0m integration.helpers_deployments:helpers_deployments.py:277 	App: opensearch - Units - conditions unmet.
[32mINFO    [0m integration.helpers_deployments:helpers_deployments.py:278 
	app: opensearch active -- message: None
		opensearch-0.d06  -- (10.215.131.201) -- [idle (since: 02:06:13)] active: 
		opensearch-1.d06* -- (10.215.131.42) -- [idle (since: 02:06:13)] active: 

[32mINFO    [0m integration.helpers_deployments:helpers_deployments.py:337 


02:06:47 -- Waiting for model...
[32mINFO    [0m integration.helpers_deployments:helpers_deployments.py:277 	App: opensearch - Units - conditions unmet.
[32mINFO    [0m integration.helpers_deployments:helpers_deployments.py:278 
	app: opensearch active -- message: None
		opensearch-0.d06  -- (10.215.131.201) -- [idle (since: 02:06:13)] active: 
		opensearch-1.d06* -- (10.215.131.42) -- [idle (since: 02:06:13)] active: 

[32mINFO    [0m integration.helpers_deployments:helpers_deployments.py:337 


02:06:58 -- Waiting for model...
[32mINFO    [0m integration.helpers_deployments:helpers_deployments.py:277 	App: opensearch - Units - conditions unmet.
[32mINFO    [0m integration.helpers_deployments:helpers_deployments.py:278 
	app: opensearch active -- message: None
		opensearch-0.d06  -- (10.215.131.201) -- [idle (since: 02:06:13)] active: 
		opensearch-1.d06* -- (10.215.131.42) -- [idle (since: 02:06:13)] active: 

[32mINFO    [0m integration.helpers_deployments:helpers_deployments.py:337 


02:07:09 -- Waiting for model...
[32mINFO    [0m integration.helpers_deployments:helpers_deployments.py:277 	App: opensearch - Units - conditions unmet.
[32mINFO    [0m integration.helpers_deployments:helpers_deployments.py:278 
	app: opensearch active -- message: None
		opensearch-0.d06  -- (10.215.131.201) -- [idle (since: 02:06:13)] active: 
		opensearch-1.d06* -- (10.215.131.42) -- [idle (since: 02:06:13)] active: 

[32mINFO    [0m integration.helpers_deployments:helpers_deployments.py:337 


02:07:21 -- Waiting for model...
[32mINFO    [0m integration.helpers_deployments:helpers_deployments.py:277 	App: opensearch - Units - conditions unmet.
[32mINFO    [0m integration.helpers_deployments:helpers_deployments.py:278 
	app: opensearch active -- message: None
		opensearch-0.d06  -- (10.215.131.201) -- [idle (since: 02:06:13)] active: 
		opensearch-1.d06* -- (10.215.131.42) -- [idle (since: 02:06:13)] active: 

[32mINFO    [0m integration.helpers_deployments:helpers_deployments.py:337 


02:07:32 -- Waiting for model...
[32mINFO    [0m integration.helpers_deployments:helpers_deployments.py:277 	App: second-opensearch - Units - conditions unmet.
[32mINFO    [0m integration.helpers_deployments:helpers_deployments.py:278 
	app: second active -- message: None
		second-opensearch-0.44e* -- (10.215.131.225) -- [idle (since: 02:07:09)] active: 

[32mINFO    [0m integration.helpers_deployments:helpers_deployments.py:337 


02:07:44 -- Waiting for model...
[32mINFO    [0m integration.helpers_deployments:helpers_deployments.py:277 	App: second-opensearch - Units - conditions unmet.
[32mINFO    [0m integration.helpers_deployments:helpers_deployments.py:278 
	app: second active -- message: None
		second-opensearch-0.44e* -- (10.215.131.225) -- [idle (since: 02:07:09)] active: 

[32mINFO    [0m integration.helpers_deployments:helpers_deployments.py:337 


02:07:56 -- Waiting for model...
[32mINFO    [0m integration.helpers_deployments:helpers_deployments.py:277 	App: second-opensearch - Units - conditions unmet.
[32mINFO    [0m integration.helpers_deployments:helpers_deployments.py:278 
	app: second active -- message: None
		second-opensearch-0.44e* -- (10.215.131.225) -- [idle (since: 02:07:09)] active: 

[32mINFO    [0m integration.helpers_deployments:helpers_deployments.py:337 


02:08:07 -- Waiting for model...
[32mINFO    [0m integration.helpers_deployments:helpers_deployments.py:277 	App: second-opensearch - Units - conditions unmet.
[32mINFO    [0m integration.helpers_deployments:helpers_deployments.py:278 
	app: second active -- message: None
		second-opensearch-0.44e* -- (10.215.131.225) -- [idle (since: 02:07:09)] active: 

[32mINFO    [0m integration.helpers_deployments:helpers_deployments.py:337 


02:08:19 -- Waiting for model...
[32mINFO    [0m integration.helpers_deployments:helpers_deployments.py:277 	App: second-opensearch - Units - conditions unmet.
[32mINFO    [0m integration.helpers_deployments:helpers_deployments.py:278 
	app: second active -- message: None
		second-opensearch-0.44e* -- (10.215.131.225) -- [idle (since: 02:07:09)] active: 

[32mINFO    [0m integration.helpers_deployments:helpers_deployments.py:337 


02:08:31 -- Waiting for model...
[32mINFO    [0m integration.helpers_deployments:helpers_deployments.py:348 02:08:32 -- Waiting for model: complete.



[32mINFO    [0m integration.helpers:helpers.py:367 Calling: PUT -- https://10.215.131.42:9200/test_index_unique_cluster_dbs/_doc/1
[32mINFO    [0m integration.helpers:helpers.py:367 Calling: POST -- https://10.215.131.42:9200/test_index_unique_cluster_dbs/_refresh
[32mINFO    [0m integration.helpers:helpers.py:367 Calling: PUT -- https://10.215.131.225:9200/test_index_unique_cluster_dbs/_doc/2
[32mINFO    [0m integration.helpers:helpers.py:367 Calling: POST -- https://10.215.131.225:9200/test_index_unique_cluster_dbs/_refresh
[32mINFO    [0m integration.helpers:helpers.py:367 Calling: GET -- https://10.215.131.42:9200/test_index_unique_cluster_dbs/_search
[32mINFO    [0m integration.helpers:helpers.py:367 Calling: GET -- https://10.215.131.225:9200/test_index_unique_cluster_dbs/_search
[32mINFO    [0m integration.helpers:helpers.py:367 Calling: DELETE -- https://10.215.131.42:9200/test_index_unique_cluster_dbs/
[32mINFO    [0m integration.ha.helpers:helpers.py:247 Continuous writes result: namespace(max_stored_id=371, count=372, last_expected_id=371)
[32mINFO    [0m integration.helpers:helpers.py:367 Calling: GET -- https://10.215.131.42:9200/series_index/_search_shards
[32mINFO    [0m integration.ha.conftest:conftest.py:39 



The writes have been cleared.




[32mINFO    [0m pytest_operator.plugin:plugin.py:862 Model status:

Model  Controller           Cloud/Region         Version  SLA          Timestamp
test   localhost-localhost  localhost/localhost  3.5.3    unsupported  02:09:10Z

App                       Version  Status  Scale  Charm                     Channel        Rev  Exposed  Message
opensearch                         active      2  opensearch                                 0  no       
self-signed-certificates           active      1  self-signed-certificates  latest/stable  155  no       

Unit                         Workload  Agent  Machine  Public address  Ports     Message
opensearch/0                 active    idle   1        10.215.131.201  9200/tcp  
opensearch/1*                active    idle   2        10.215.131.42   9200/tcp  
self-signed-certificates/0*  active    idle   0        10.215.131.95             

Machine  State    Address         Inst id        Base          AZ  Message
0        started  10.215.131.95   juju-1cda66-0  ubuntu@22.04      Running
1        started  10.215.131.201  juju-1cda66-1  ubuntu@22.04      Running
2        started  10.215.131.42   juju-1cda66-2  ubuntu@22.04      Running
3        stopped  10.215.131.225  juju-1cda66-3  ubuntu@22.04      Running

[32mINFO    [0m pytest_operator.plugin:plugin.py:868 Juju error logs:

machine-0: 01:59:50 ERROR juju.worker.dependency "lxd-container-provisioner" manifold worker returned unexpected error: container types not yet available
machine-0: 01:59:50 ERROR juju.worker.dependency "kvm-container-provisioner" manifold worker returned unexpected error: container types not yet available
unit-self-signed-certificates-0: 01:59:50 ERROR juju.worker.meterstatus error running "meter-status-changed": charm missing from disk
machine-2: 02:00:10 ERROR juju.worker.dependency "kvm-container-provisioner" manifold worker returned unexpected error: container types not yet available
machine-2: 02:00:10 ERROR juju.worker.dependency "lxd-container-provisioner" manifold worker returned unexpected error: container types not yet available
unit-opensearch-1: 02:00:10 ERROR juju.worker.meterstatus error running "meter-status-changed": charm missing from disk
machine-1: 02:00:11 ERROR juju.worker.dependency "lxd-container-provisioner" manifold worker returned unexpected error: container types not yet available
machine-1: 02:00:11 ERROR juju.worker.dependency "kvm-container-provisioner" manifold worker returned unexpected error: container types not yet available
unit-opensearch-0: 02:00:11 ERROR juju.worker.meterstatus error running "meter-status-changed": charm missing from disk
unit-opensearch-1: 02:01:53 ERROR unit.opensearch/1.juju-log certificates:3: err:  / out: keytool error: java.lang.Exception: Keystore file does not exist: /var/snap/opensearch/current/etc/opensearch/certificates/ca.p12

unit-opensearch-1: 02:01:59 ERROR unit.opensearch/1.juju-log upgrade-version-a:0: Cannot connect to the OpenSearch server...
unit-opensearch-0: 02:01:59 ERROR unit.opensearch/0.juju-log certificates:3: err:  / out: keytool error: java.lang.Exception: Keystore file does not exist: /var/snap/opensearch/current/etc/opensearch/certificates/ca.p12

unit-opensearch-1: 02:02:00 ERROR unit.opensearch/1.juju-log Cannot connect to the OpenSearch server...
unit-opensearch-1: 02:02:00 ERROR unit.opensearch/1.juju-log Cannot connect to the OpenSearch server...
unit-opensearch-1: 02:02:00 ERROR unit.opensearch/1.juju-log Cannot connect to the OpenSearch server...
unit-opensearch-1: 02:02:03 ERROR unit.opensearch/1.juju-log Cannot connect to the OpenSearch server...
unit-opensearch-0: 02:02:04 ERROR unit.opensearch/0.juju-log node-lock-fallback:2: Cannot connect to the OpenSearch server...
unit-opensearch-0: 02:02:05 ERROR unit.opensearch/0.juju-log Cannot connect to the OpenSearch server...
unit-opensearch-0: 02:02:06 ERROR unit.opensearch/0.juju-log Cannot connect to the OpenSearch server...
unit-opensearch-1: 02:02:06 ERROR unit.opensearch/1.juju-log Cannot connect to the OpenSearch server...
unit-opensearch-0: 02:02:06 ERROR unit.opensearch/0.juju-log node-lock-fallback:2: Cannot connect to the OpenSearch server...
unit-opensearch-0: 02:02:07 ERROR unit.opensearch/0.juju-log opensearch-peers:1: Cannot connect to the OpenSearch server...
unit-opensearch-0: 02:02:08 ERROR unit.opensearch/0.juju-log certificates:3: Cannot connect to the OpenSearch server...
unit-opensearch-1: 02:02:09 ERROR unit.opensearch/1.juju-log Cannot connect to the OpenSearch server...
unit-opensearch-0: 02:02:10 ERROR unit.opensearch/0.juju-log Cannot connect to the OpenSearch server...
unit-opensearch-0: 02:02:11 ERROR unit.opensearch/0.juju-log Cannot connect to the OpenSearch server...
unit-opensearch-1: 02:02:12 ERROR unit.opensearch/1.juju-log Cannot connect to the OpenSearch server...
unit-opensearch-0: 02:02:12 ERROR unit.opensearch/0.juju-log Cannot connect to the OpenSearch server...
unit-opensearch-0: 02:02:13 ERROR unit.opensearch/0.juju-log Cannot connect to the OpenSearch server...
unit-opensearch-0: 02:02:16 ERROR unit.opensearch/0.juju-log opensearch-peers:1: Cannot connect to the OpenSearch server...
unit-opensearch-0: 02:02:17 ERROR unit.opensearch/0.juju-log node-lock-fallback:2: Cannot connect to the OpenSearch server...
unit-opensearch-0: 02:02:18 ERROR unit.opensearch/0.juju-log node-lock-fallback:2: Cannot connect to the OpenSearch server...
unit-opensearch-0: 02:02:19 ERROR unit.opensearch/0.juju-log opensearch-peers:1: Cannot connect to the OpenSearch server...
unit-opensearch-0: 02:02:20 ERROR unit.opensearch/0.juju-log opensearch-peers:1: Cannot connect to the OpenSearch server...
unit-opensearch-0: 02:02:22 ERROR unit.opensearch/0.juju-log Cannot connect to the OpenSearch server...
unit-opensearch-0: 02:02:29 ERROR unit.opensearch/0.juju-log upgrade-version-a:0: Cannot connect to the OpenSearch server...
unit-opensearch-0: 02:02:30 ERROR unit.opensearch/0.juju-log upgrade-version-a:0: Cannot connect to the OpenSearch server...
machine-3: 02:05:37 ERROR juju.worker.dependency "lxd-container-provisioner" manifold worker returned unexpected error: container types not yet available
machine-3: 02:05:37 ERROR juju.worker.dependency "kvm-container-provisioner" manifold worker returned unexpected error: container types not yet available
unit-second-opensearch-0: 02:05:37 ERROR juju.worker.meterstatus error running "meter-status-changed": charm missing from disk
unit-second-opensearch-0: 02:06:38 ERROR unit.second-opensearch/0.juju-log certificates:7: err:  / out: keytool error: java.lang.Exception: Keystore file does not exist: /var/snap/opensearch/current/etc/opensearch/certificates/ca.p12

unit-second-opensearch-0: 02:06:43 ERROR unit.second-opensearch/0.juju-log certificates:7: Cannot connect to the OpenSearch server...
unit-second-opensearch-0: 02:06:44 ERROR unit.second-opensearch/0.juju-log certificates:7: Cannot connect to the OpenSearch server...
unit-second-opensearch-0: 02:06:44 ERROR unit.second-opensearch/0.juju-log certificates:7: Cannot connect to the OpenSearch server...
unit-second-opensearch-0: 02:06:47 ERROR unit.second-opensearch/0.juju-log certificates:7: Cannot connect to the OpenSearch server...
unit-second-opensearch-0: 02:06:50 ERROR unit.second-opensearch/0.juju-log certificates:7: Cannot connect to the OpenSearch server...
unit-second-opensearch-0: 02:06:53 ERROR unit.second-opensearch/0.juju-log certificates:7: Cannot connect to the OpenSearch server...
unit-second-opensearch-0: 02:08:50 ERROR juju.worker.uniter resolver loop error: preparing operation "run relation-departed (7; unit: self-signed-certificates/0, departee: second-opensearch/0) hook" for second-opensearch/0: secret "secret:crt0fbsh7171s5p1eao0" not found (not found)
unit-second-opensearch-0: 02:08:50 ERROR juju.worker.dependency "uniter" manifold worker returned unexpected error: preparing operation "run relation-departed (7; unit: self-signed-certificates/0, departee: second-opensearch/0) hook" for second-opensearch/0: secret "secret:crt0fbsh7171s5p1eao0" not found (not found)
unit-second-opensearch-0: 02:08:59 ERROR unit.second-opensearch/0.juju-log Cannot connect to the OpenSearch server...
unit-second-opensearch-0: 02:09:02 ERROR juju.worker.dependency "uniter" manifold worker returned unexpected error: relation scope id "328cfe53-2f10-458b-86d2-b095901cda66:r#5#second-opensearch": settings 328cfe53-2f10-458b-86d2-b095901cda66:r#5#second-opensearch not found (not found)
unit-second-opensearch-0: 02:09:07 ERROR unit.second-opensearch/0.juju-log certificates:7: Error reading secret: 'NoneType' object has no attribute 'get'

[32mINFO    [0m pytest_operator.plugin:plugin.py:947 Forgetting model main...