[32mINFO    [0m integration.helpers_deployments:helpers_deployments.py:329 



[32mINFO    [0m integration.helpers_deployments:helpers_deployments.py:330 Model  Controller           Cloud/Region         Version  SLA          Timestamp
test   localhost-localhost  localhost/localhost  3.5.3    unsupported  03:02:18Z

App                       Version  Status   Scale  Charm                     Channel        Rev  Exposed  Message
failover                           active       2  opensearch                                 2  no       
grafana-agent                      blocked      4  grafana-agent             latest/edge    286  no       Missing ['grafana-cloud-config']|['grafana-dashboards-provider']|['logging-consumer']|['send-remote-write'] for cos-a...
main                               active       1  opensearch                                 0  no       
opensearch                         active       1  opensearch                                 1  no       
self-signed-certificates           active       1  self-signed-certificates  latest/stable  155  no       

Unit                         Workload  Agent      Machine  Public address  Ports     Message
failover/0                   active    executing  2        10.149.51.143   9200/tcp  
  grafana-agent/0*           blocked   idle                10.149.51.143             Missing ['grafana-cloud-config']|['grafana-dashboards-provider']|['logging-consumer']|['send-remote-write'] for cos-a...
failover/1*                  active    executing  3        10.149.51.84    9200/tcp  
  grafana-agent/1            blocked   idle                10.149.51.84              Missing ['grafana-cloud-config']|['grafana-dashboards-provider']|['logging-consumer']|['send-remote-write'] for cos-a...
main/0*                      active    executing  1        10.149.51.183   9200/tcp  (set-password) 
  grafana-agent/2            blocked   executing           10.149.51.183             Missing ['grafana-cloud-config']|['grafana-dashboards-provider']|['logging-consumer']|['send-remote-write'] for cos-a...
opensearch/0*                active    executing  4        10.149.51.47    9200/tcp  
  grafana-agent/3            blocked   idle                10.149.51.47              Missing ['grafana-cloud-config']|['grafana-dashboards-provider']|['logging-consumer']|['send-remote-write'] for cos-a...
self-signed-certificates/0*  active    idle       0        10.149.51.14              

Machine  State    Address        Inst id        Base          AZ  Message
0        started  10.149.51.14   juju-a9649e-0  ubuntu@22.04      Running
1        started  10.149.51.183  juju-a9649e-1  ubuntu@22.04      Running
2        started  10.149.51.143  juju-a9649e-2  ubuntu@22.04      Running
3        started  10.149.51.84   juju-a9649e-3  ubuntu@22.04      Running
4        started  10.149.51.47   juju-a9649e-4  ubuntu@22.04      Running

[32mINFO    [0m integration.helpers_deployments:helpers_deployments.py:337 


03:02:18 -- Waiting for model...
[32mINFO    [0m integration.helpers_deployments:helpers_deployments.py:277 	App: main - Units - conditions unmet.
[32mINFO    [0m integration.helpers_deployments:helpers_deployments.py:278 
	app: main active -- message: None
		main-0.ccc* -- (10.149.51.183) -- [executing (since: 03:02:13)] active: 

[32mINFO    [0m integration.helpers_deployments:helpers_deployments.py:337 


03:02:30 -- Waiting for model...
[32mINFO    [0m integration.helpers_deployments:helpers_deployments.py:277 	App: main - Units - conditions unmet.
[32mINFO    [0m integration.helpers_deployments:helpers_deployments.py:278 
	app: main active -- message: None
		main-0.ccc* -- (10.149.51.183) -- [idle (since: 03:02:23)] active: 

[32mINFO    [0m integration.helpers_deployments:helpers_deployments.py:337 


03:02:41 -- Waiting for model...
[32mINFO    [0m integration.helpers_deployments:helpers_deployments.py:277 	App: main - Units - conditions unmet.
[32mINFO    [0m integration.helpers_deployments:helpers_deployments.py:278 
	app: main active -- message: None
		main-0.ccc* -- (10.149.51.183) -- [idle (since: 03:02:23)] active: 

[32mINFO    [0m integration.helpers_deployments:helpers_deployments.py:337 


03:02:53 -- Waiting for model...
[32mINFO    [0m integration.helpers_deployments:helpers_deployments.py:277 	App: main - Units - conditions unmet.
[32mINFO    [0m integration.helpers_deployments:helpers_deployments.py:278 
	app: main active -- message: None
		main-0.ccc* -- (10.149.51.183) -- [idle (since: 03:02:23)] active: 

[32mINFO    [0m integration.helpers_deployments:helpers_deployments.py:337 


03:03:05 -- Waiting for model...
[32mINFO    [0m integration.helpers_deployments:helpers_deployments.py:277 	App: main - Units - conditions unmet.
[32mINFO    [0m integration.helpers_deployments:helpers_deployments.py:278 
	app: main active -- message: None
		main-0.ccc* -- (10.149.51.183) -- [idle (since: 03:02:23)] active: 

[32mINFO    [0m integration.helpers_deployments:helpers_deployments.py:337 


03:03:16 -- Waiting for model...
[32mINFO    [0m integration.helpers_deployments:helpers_deployments.py:277 	App: main - Units - conditions unmet.
[32mINFO    [0m integration.helpers_deployments:helpers_deployments.py:278 
	app: main active -- message: None
		main-0.ccc* -- (10.149.51.183) -- [idle (since: 03:02:23)] active: 

[32mINFO    [0m integration.helpers_deployments:helpers_deployments.py:337 


03:03:27 -- Waiting for model...
[32mINFO    [0m integration.helpers_deployments:helpers_deployments.py:277 	App: main - Units - conditions unmet.
[32mINFO    [0m integration.helpers_deployments:helpers_deployments.py:278 
	app: main active -- message: None
		main-0.ccc* -- (10.149.51.183) -- [idle (since: 03:02:23)] active: 

[32mINFO    [0m integration.helpers_deployments:helpers_deployments.py:337 


03:03:39 -- Waiting for model...
[32mINFO    [0m integration.helpers_deployments:helpers_deployments.py:277 	App: failover - Units - conditions unmet.
[32mINFO    [0m integration.helpers_deployments:helpers_deployments.py:278 
	app: failover active -- message: None
		failover-0.a5f  -- (10.149.51.143) -- [idle (since: 03:02:34)] active: 
		failover-1.a5f* -- (10.149.51.84) -- [idle (since: 03:02:35)] active: 

[32mINFO    [0m integration.helpers_deployments:helpers_deployments.py:337 


03:03:52 -- Waiting for model...
[32mINFO    [0m integration.helpers_deployments:helpers_deployments.py:277 	App: opensearch - Units - conditions unmet.
[32mINFO    [0m integration.helpers_deployments:helpers_deployments.py:278 
	app: opensearch active -- message: None
		opensearch-0.7f8* -- (10.149.51.47) -- [idle (since: 03:02:55)] active: 

[32mINFO    [0m integration.helpers_deployments:helpers_deployments.py:337 


03:04:06 -- Waiting for model...
[32mINFO    [0m integration.helpers_deployments:helpers_deployments.py:277 	App: opensearch - Units - conditions unmet.
[32mINFO    [0m integration.helpers_deployments:helpers_deployments.py:278 
	app: opensearch active -- message: None
		opensearch-0.7f8* -- (10.149.51.47) -- [idle (since: 03:02:55)] active: 

[32mINFO    [0m integration.helpers_deployments:helpers_deployments.py:337 


03:04:19 -- Waiting for model...
[32mINFO    [0m integration.helpers_deployments:helpers_deployments.py:348 03:04:22 -- Waiting for model: complete.
[32mINFO    [0m pytest_operator.plugin:plugin.py:862 Model status:

Model  Controller           Cloud/Region         Version  SLA          Timestamp
test   localhost-localhost  localhost/localhost  3.5.3    unsupported  03:04:24Z

App                       Version  Status   Scale  Charm                     Channel        Rev  Exposed  Message
failover                           active       2  opensearch                                 2  no       
grafana-agent                      blocked      4  grafana-agent             latest/edge    286  no       Missing ['grafana-cloud-config']|['grafana-dashboards-provider']|['logging-consumer']|['send-remote-write'] for cos-a...
main                               active       1  opensearch                                 0  no       
opensearch                         active       1  opensearch                                 1  no       
self-signed-certificates           active       1  self-signed-certificates  latest/stable  155  no       

Unit                         Workload  Agent  Machine  Public address  Ports     Message
failover/0                   active    idle   2        10.149.51.143   9200/tcp  
  grafana-agent/0*           blocked   idle            10.149.51.143             Missing ['grafana-cloud-config']|['grafana-dashboards-provider']|['logging-consumer']|['send-remote-write'] for cos-a...
failover/1*                  active    idle   3        10.149.51.84    9200/tcp  
  grafana-agent/1            blocked   idle            10.149.51.84              Missing ['grafana-cloud-config']|['grafana-dashboards-provider']|['logging-consumer']|['send-remote-write'] for cos-a...
main/0*                      active    idle   1        10.149.51.183   9200/tcp  
  grafana-agent/2            blocked   idle            10.149.51.183             Missing ['grafana-cloud-config']|['grafana-dashboards-provider']|['logging-consumer']|['send-remote-write'] for cos-a...
opensearch/0*                active    idle   4        10.149.51.47    9200/tcp  
  grafana-agent/3            blocked   idle            10.149.51.47              Missing ['grafana-cloud-config']|['grafana-dashboards-provider']|['logging-consumer']|['send-remote-write'] for cos-a...
self-signed-certificates/0*  active    idle   0        10.149.51.14              

Machine  State    Address        Inst id        Base          AZ  Message
0        started  10.149.51.14   juju-a9649e-0  ubuntu@22.04      Running
1        started  10.149.51.183  juju-a9649e-1  ubuntu@22.04      Running
2        started  10.149.51.143  juju-a9649e-2  ubuntu@22.04      Running
3        started  10.149.51.84   juju-a9649e-3  ubuntu@22.04      Running
4        started  10.149.51.47   juju-a9649e-4  ubuntu@22.04      Running

[32mINFO    [0m pytest_operator.plugin:plugin.py:868 Juju error logs:

machine-0: 02:50:08 ERROR juju.worker.dependency "lxd-container-provisioner" manifold worker returned unexpected error: container types not yet available
machine-0: 02:50:08 ERROR juju.worker.dependency "kvm-container-provisioner" manifold worker returned unexpected error: container types not yet available
unit-self-signed-certificates-0: 02:50:09 ERROR juju.worker.meterstatus error running "meter-status-changed": charm missing from disk
machine-3: 02:50:52 ERROR juju.worker.dependency "lxd-container-provisioner" manifold worker returned unexpected error: container types not yet available
machine-3: 02:50:52 ERROR juju.worker.dependency "kvm-container-provisioner" manifold worker returned unexpected error: container types not yet available
unit-failover-1: 02:50:52 ERROR juju.worker.meterstatus error running "meter-status-changed": charm missing from disk
machine-2: 02:50:54 ERROR juju.worker.dependency "lxd-container-provisioner" manifold worker returned unexpected error: container types not yet available
machine-2: 02:50:54 ERROR juju.worker.dependency "kvm-container-provisioner" manifold worker returned unexpected error: container types not yet available
unit-failover-0: 02:50:54 ERROR juju.worker.meterstatus error running "meter-status-changed": charm missing from disk
machine-4: 02:51:00 ERROR juju.worker.dependency "kvm-container-provisioner" manifold worker returned unexpected error: container types not yet available
machine-4: 02:51:00 ERROR juju.worker.dependency "lxd-container-provisioner" manifold worker returned unexpected error: container types not yet available
unit-opensearch-0: 02:51:00 ERROR juju.worker.meterstatus error running "meter-status-changed": charm missing from disk
machine-1: 02:51:29 ERROR juju.worker.dependency "kvm-container-provisioner" manifold worker returned unexpected error: container types not yet available
machine-1: 02:51:29 ERROR juju.worker.dependency "lxd-container-provisioner" manifold worker returned unexpected error: container types not yet available
unit-main-0: 02:51:29 ERROR juju.worker.meterstatus error running "meter-status-changed": charm missing from disk
unit-main-0: 02:53:36 ERROR unit.main/0.juju-log certificates:12: err:  / out: keytool error: java.lang.Exception: Keystore file does not exist: /var/snap/opensearch/current/etc/opensearch/certificates/ca.p12

unit-main-0: 02:53:42 ERROR unit.main/0.juju-log Cannot connect to the OpenSearch server...
unit-main-0: 02:53:42 ERROR unit.main/0.juju-log Cannot connect to the OpenSearch server...
unit-main-0: 02:53:42 ERROR unit.main/0.juju-log Cannot connect to the OpenSearch server...
unit-main-0: 02:53:45 ERROR unit.main/0.juju-log Cannot connect to the OpenSearch server...
unit-main-0: 02:53:48 ERROR unit.main/0.juju-log Cannot connect to the OpenSearch server...
unit-main-0: 02:53:51 ERROR unit.main/0.juju-log Cannot connect to the OpenSearch server...
unit-main-0: 02:53:54 ERROR unit.main/0.juju-log Cannot connect to the OpenSearch server...
unit-failover-0: 02:55:33 ERROR unit.failover/0.juju-log certificates:13: err:  / out: keytool error: java.lang.Exception: Keystore file does not exist: /var/snap/opensearch/current/etc/opensearch/certificates/ca.p12

unit-failover-1: 02:55:38 ERROR unit.failover/1.juju-log certificates:13: err:  / out: keytool error: java.lang.Exception: Keystore file does not exist: /var/snap/opensearch/current/etc/opensearch/certificates/ca.p12

unit-failover-0: 02:55:39 ERROR unit.failover/0.juju-log Cannot connect to the OpenSearch server...
unit-failover-0: 02:55:41 ERROR unit.failover/0.juju-log Cannot connect to the OpenSearch server...
unit-failover-1: 02:55:43 ERROR unit.failover/1.juju-log Cannot connect to the OpenSearch server...
unit-failover-1: 02:55:45 ERROR unit.failover/1.juju-log Cannot connect to the OpenSearch server...
unit-failover-1: 02:55:46 ERROR unit.failover/1.juju-log certificates:13: Cannot connect to the OpenSearch server...
unit-failover-1: 02:55:48 ERROR unit.failover/1.juju-log certificates:13: Cannot connect to the OpenSearch server...
unit-failover-1: 02:55:50 ERROR unit.failover/1.juju-log Cannot connect to the OpenSearch server...
unit-failover-1: 02:55:52 ERROR unit.failover/1.juju-log Cannot connect to the OpenSearch server...
unit-failover-1: 02:55:53 ERROR unit.failover/1.juju-log Cannot connect to the OpenSearch server...
unit-failover-1: 02:55:55 ERROR unit.failover/1.juju-log Cannot connect to the OpenSearch server...
unit-failover-1: 02:55:56 ERROR unit.failover/1.juju-log opensearch-peers:3: Cannot connect to the OpenSearch server...
unit-failover-1: 02:55:58 ERROR unit.failover/1.juju-log opensearch-peers:3: Cannot connect to the OpenSearch server...
unit-failover-1: 02:56:02 ERROR unit.failover/1.juju-log peer-cluster:9: Cannot connect to the OpenSearch server...
unit-failover-1: 02:56:05 ERROR unit.failover/1.juju-log peer-cluster:9: Cannot connect to the OpenSearch server...
unit-opensearch-0: 02:57:03 ERROR unit.opensearch/0.juju-log certificates:14: err:  / out: keytool error: java.lang.Exception: Keystore file does not exist: /var/snap/opensearch/current/etc/opensearch/certificates/ca.p12

unit-opensearch-0: 02:57:09 ERROR unit.opensearch/0.juju-log Cannot connect to the OpenSearch server...
unit-opensearch-0: 02:57:12 ERROR unit.opensearch/0.juju-log Cannot connect to the OpenSearch server...
unit-grafana-agent-0: 02:59:33 ERROR juju.worker.dependency "uniter" manifold worker returned unexpected error: preparing operation "install ch:amd64/jammy/grafana-agent-286" for grafana-agent/0: failed to download charm "ch:amd64/jammy/grafana-agent-286" from API server: download request with archiveSha256 length 0 not valid
unit-grafana-agent-1: 02:59:33 ERROR juju.worker.dependency "uniter" manifold worker returned unexpected error: preparing operation "install ch:amd64/jammy/grafana-agent-286" for grafana-agent/1: failed to download charm "ch:amd64/jammy/grafana-agent-286" from API server: download request with archiveSha256 length 0 not valid
unit-grafana-agent-2: 02:59:33 ERROR juju.worker.dependency "uniter" manifold worker returned unexpected error: preparing operation "install ch:amd64/jammy/grafana-agent-286" for grafana-agent/2: failed to download charm "ch:amd64/jammy/grafana-agent-286" from API server: download request with archiveSha256 length 0 not valid
unit-grafana-agent-3: 02:59:33 ERROR juju.worker.dependency "uniter" manifold worker returned unexpected error: preparing operation "install ch:amd64/jammy/grafana-agent-286" for grafana-agent/3: failed to download charm "ch:amd64/jammy/grafana-agent-286" from API server: download request with archiveSha256 length 0 not valid
unit-grafana-agent-0: 02:59:33 ERROR juju.worker.meterstatus error running "meter-status-changed": charm missing from disk
unit-grafana-agent-1: 02:59:33 ERROR juju.worker.meterstatus error running "meter-status-changed": charm missing from disk
unit-grafana-agent-2: 02:59:34 ERROR juju.worker.meterstatus error running "meter-status-changed": charm missing from disk
unit-grafana-agent-3: 02:59:34 ERROR juju.worker.meterstatus error running "meter-status-changed": charm missing from disk

[32mINFO    [0m pytest_operator.plugin:plugin.py:947 Forgetting model main...