[32mINFO    [0m pytest_operator.plugin:plugin.py:862 Model status:

Model  Controller           Cloud/Region         Version  SLA          Timestamp
test   localhost-localhost  localhost/localhost  3.5.3    unsupported  02:37:48Z

App                       Version  Status  Scale  Charm                     Channel        Rev  Exposed  Message
opensearch                         active      3  opensearch                                 0  no       
self-signed-certificates           active      1  self-signed-certificates  latest/stable  155  no       

Unit                         Workload  Agent  Machine  Public address  Ports     Message
opensearch/0*                active    idle   1        10.168.1.95     9200/tcp  
opensearch/1                 active    idle   2        10.168.1.238    9200/tcp  
opensearch/2                 active    idle   3        10.168.1.163    9200/tcp  
self-signed-certificates/0*  active    idle   0        10.168.1.7                

Machine  State    Address       Inst id        Base          AZ  Message
0        started  10.168.1.7    juju-d7a493-0  ubuntu@22.04      Running
1        started  10.168.1.95   juju-d7a493-1  ubuntu@22.04      Running
2        started  10.168.1.238  juju-d7a493-2  ubuntu@22.04      Running
3        started  10.168.1.163  juju-d7a493-3  ubuntu@22.04      Running

[32mINFO    [0m pytest_operator.plugin:plugin.py:868 Juju error logs:

machine-1: 02:20:21 ERROR juju.worker.dependency "lxd-container-provisioner" manifold worker returned unexpected error: container types not yet available
machine-1: 02:20:21 ERROR juju.worker.dependency "kvm-container-provisioner" manifold worker returned unexpected error: container types not yet available
unit-opensearch-0: 02:20:21 ERROR juju.worker.meterstatus error running "meter-status-changed": charm missing from disk
machine-3: 02:20:56 ERROR juju.worker.dependency "kvm-container-provisioner" manifold worker returned unexpected error: container types not yet available
machine-3: 02:20:56 ERROR juju.worker.dependency "lxd-container-provisioner" manifold worker returned unexpected error: container types not yet available
unit-opensearch-2: 02:20:56 ERROR juju.worker.meterstatus error running "meter-status-changed": charm missing from disk
machine-0: 02:21:01 ERROR juju.worker.dependency "lxd-container-provisioner" manifold worker returned unexpected error: container types not yet available
machine-0: 02:21:01 ERROR juju.worker.dependency "kvm-container-provisioner" manifold worker returned unexpected error: container types not yet available
unit-self-signed-certificates-0: 02:21:01 ERROR juju.worker.meterstatus error running "meter-status-changed": charm missing from disk
machine-2: 02:21:08 ERROR juju.worker.dependency "lxd-container-provisioner" manifold worker returned unexpected error: container types not yet available
machine-2: 02:21:08 ERROR juju.worker.dependency "kvm-container-provisioner" manifold worker returned unexpected error: container types not yet available
unit-opensearch-1: 02:21:08 ERROR juju.worker.meterstatus error running "meter-status-changed": charm missing from disk
unit-opensearch-0: 02:24:32 ERROR unit.opensearch/0.juju-log certificates:3: err:  / out: keytool error: java.lang.Exception: Keystore file does not exist: /var/snap/opensearch/current/etc/opensearch/certificates/ca.p12

unit-opensearch-0: 02:24:37 ERROR unit.opensearch/0.juju-log Cannot connect to the OpenSearch server...
unit-opensearch-0: 02:24:38 ERROR unit.opensearch/0.juju-log Cannot connect to the OpenSearch server...
unit-opensearch-0: 02:24:39 ERROR unit.opensearch/0.juju-log Cannot connect to the OpenSearch server...
unit-opensearch-0: 02:24:39 ERROR unit.opensearch/0.juju-log Cannot connect to the OpenSearch server...
unit-opensearch-0: 02:24:42 ERROR unit.opensearch/0.juju-log Cannot connect to the OpenSearch server...
unit-opensearch-0: 02:24:45 ERROR unit.opensearch/0.juju-log Cannot connect to the OpenSearch server...
unit-opensearch-0: 02:24:48 ERROR unit.opensearch/0.juju-log Cannot connect to the OpenSearch server...
unit-opensearch-0: 02:24:51 ERROR unit.opensearch/0.juju-log Cannot connect to the OpenSearch server...
unit-opensearch-2: 02:24:57 ERROR unit.opensearch/2.juju-log certificates:3: err:  / out: keytool error: java.lang.Exception: Keystore file does not exist: /var/snap/opensearch/current/etc/opensearch/certificates/ca.p12

unit-opensearch-2: 02:25:02 ERROR unit.opensearch/2.juju-log Cannot connect to the OpenSearch server...
unit-opensearch-2: 02:25:03 ERROR unit.opensearch/2.juju-log Cannot connect to the OpenSearch server...
unit-opensearch-2: 02:25:05 ERROR unit.opensearch/2.juju-log Cannot connect to the OpenSearch server...
unit-opensearch-2: 02:25:05 ERROR unit.opensearch/2.juju-log opensearch-peers:2: Cannot connect to the OpenSearch server...
unit-opensearch-2: 02:25:07 ERROR unit.opensearch/2.juju-log opensearch-peers:2: Cannot connect to the OpenSearch server...
unit-opensearch-2: 02:25:08 ERROR unit.opensearch/2.juju-log certificates:3: Cannot connect to the OpenSearch server...
unit-opensearch-2: 02:25:10 ERROR unit.opensearch/2.juju-log certificates:3: Cannot connect to the OpenSearch server...
unit-opensearch-1: 02:35:46 ERROR unit.opensearch/1.juju-log certificates:3: err:  / out: keytool error: java.lang.Exception: Keystore file does not exist: /var/snap/opensearch/current/etc/opensearch/certificates/ca.p12

unit-opensearch-1: 02:35:51 ERROR unit.opensearch/1.juju-log Cannot connect to the OpenSearch server...
unit-opensearch-1: 02:35:52 ERROR unit.opensearch/1.juju-log Cannot connect to the OpenSearch server...
unit-opensearch-1: 02:35:53 ERROR unit.opensearch/1.juju-log opensearch-peers:2: Cannot connect to the OpenSearch server...
unit-opensearch-1: 02:35:54 ERROR unit.opensearch/1.juju-log node-lock-fallback:0: Cannot connect to the OpenSearch server...
unit-opensearch-1: 02:35:55 ERROR unit.opensearch/1.juju-log opensearch-peers:2: Cannot connect to the OpenSearch server...
unit-opensearch-1: 02:35:56 ERROR unit.opensearch/1.juju-log opensearch-peers:2: Cannot connect to the OpenSearch server...

[32mINFO    [0m pytest_operator.plugin:plugin.py:947 Forgetting model main...