[32mINFO    [0m juju.model:model.py:2098 Deploying local:opensearch-0
[32mINFO    [0m integration.helpers_deployments:helpers_deployments.py:329 



[32mINFO    [0m integration.helpers_deployments:helpers_deployments.py:330 Model  Controller           Cloud/Region         Version  SLA          Timestamp
test   localhost-localhost  localhost/localhost  3.5.3    unsupported  02:43:48Z

App                       Version  Status   Scale  Charm                     Channel        Rev  Exposed  Message
opensearch                         active       2  opensearch                                 0  no       
second-opensearch                  waiting    0/1  opensearch                                 0  no       waiting for machine
self-signed-certificates           active       1  self-signed-certificates  latest/stable  155  no       

Unit                         Workload  Agent       Machine  Public address  Ports     Message
opensearch/0                 active    idle        1        10.211.166.133  9200/tcp  
opensearch/1*                active    idle        2        10.211.166.113  9200/tcp  
second-opensearch/0          waiting   allocating  3                                  waiting for machine
self-signed-certificates/0*  active    executing   0        10.211.166.69             

Machine  State    Address         Inst id        Base          AZ  Message
0        started  10.211.166.69   juju-d3f3d4-0  ubuntu@22.04      Running
1        started  10.211.166.133  juju-d3f3d4-1  ubuntu@22.04      Running
2        started  10.211.166.113  juju-d3f3d4-2  ubuntu@22.04      Running
3        pending                  pending        ubuntu@22.04      

[32mINFO    [0m integration.helpers_deployments:helpers_deployments.py:337 


02:43:48 -- Waiting for model...
[32mINFO    [0m integration.helpers_deployments:helpers_deployments.py:277 	App: opensearch - Units - conditions unmet.
[32mINFO    [0m integration.helpers_deployments:helpers_deployments.py:278 
	app: opensearch active -- message: None
		opensearch-0.07f  -- (10.211.166.133) -- [idle (since: 02:43:36)] active: 
		opensearch-1.07f* -- (10.211.166.113) -- [idle (since: 02:42:18)] active: 

[32mINFO    [0m integration.helpers_deployments:helpers_deployments.py:337 


02:43:59 -- Waiting for model...
[32mINFO    [0m integration.helpers_deployments:helpers_deployments.py:277 	App: opensearch - Units - conditions unmet.
[32mINFO    [0m integration.helpers_deployments:helpers_deployments.py:278 
	app: opensearch active -- message: None
		opensearch-0.07f  -- (10.211.166.133) -- [idle (since: 02:43:36)] active: 
		opensearch-1.07f* -- (10.211.166.113) -- [idle (since: 02:42:18)] active: 

[32mINFO    [0m integration.helpers_deployments:helpers_deployments.py:337 


02:44:11 -- Waiting for model...
[32mINFO    [0m integration.helpers_deployments:helpers_deployments.py:277 	App: opensearch - Units - conditions unmet.
[32mINFO    [0m integration.helpers_deployments:helpers_deployments.py:278 
	app: opensearch active -- message: None
		opensearch-0.07f  -- (10.211.166.133) -- [idle (since: 02:43:36)] active: 
		opensearch-1.07f* -- (10.211.166.113) -- [idle (since: 02:42:18)] active: 

[32mINFO    [0m integration.helpers_deployments:helpers_deployments.py:337 


02:44:22 -- Waiting for model...
[32mINFO    [0m integration.helpers_deployments:helpers_deployments.py:277 	App: opensearch - Units - conditions unmet.
[32mINFO    [0m integration.helpers_deployments:helpers_deployments.py:278 
	app: opensearch active -- message: None
		opensearch-0.07f  -- (10.211.166.133) -- [idle (since: 02:43:36)] active: 
		opensearch-1.07f* -- (10.211.166.113) -- [idle (since: 02:42:18)] active: 

[32mINFO    [0m integration.helpers_deployments:helpers_deployments.py:337 


02:44:33 -- Waiting for model...
[32mINFO    [0m integration.helpers_deployments:helpers_deployments.py:277 	App: opensearch - Units - conditions unmet.
[32mINFO    [0m integration.helpers_deployments:helpers_deployments.py:278 
	app: opensearch active -- message: None
		opensearch-0.07f  -- (10.211.166.133) -- [idle (since: 02:43:36)] active: 
		opensearch-1.07f* -- (10.211.166.113) -- [idle (since: 02:42:18)] active: 

[32mINFO    [0m integration.helpers_deployments:helpers_deployments.py:337 


02:44:44 -- Waiting for model...
[32mINFO    [0m integration.helpers_deployments:helpers_deployments.py:277 	App: opensearch - Units - conditions unmet.
[32mINFO    [0m integration.helpers_deployments:helpers_deployments.py:278 
	app: opensearch active -- message: None
		opensearch-0.07f  -- (10.211.166.133) -- [idle (since: 02:43:36)] active: 
		opensearch-1.07f* -- (10.211.166.113) -- [idle (since: 02:42:18)] active: 

[32mINFO    [0m integration.helpers_deployments:helpers_deployments.py:337 


02:44:55 -- Waiting for model...
[32mINFO    [0m integration.helpers_deployments:helpers_deployments.py:261 	App: second-opensearch - conditions unmet.
[32mINFO    [0m integration.helpers_deployments:helpers_deployments.py:262 
	app: second waiting -- message: waiting for machine
		second-opensearch-0.7b1  -- (10.211.166.12) -- [allocating (since: 02:43:48)] waiting: waiting for machine

[32mINFO    [0m integration.helpers_deployments:helpers_deployments.py:337 


02:48:10 -- Waiting for model...
[32mINFO    [0m integration.helpers_deployments:helpers_deployments.py:261 	App: second-opensearch - conditions unmet.
[32mINFO    [0m integration.helpers_deployments:helpers_deployments.py:262 
	app: second maintenance -- message: Installing OpenSearch...
		second-opensearch-0.7b1* -- (10.211.166.12) -- [executing (since: 02:47:11)] maintenance: Installing OpenSearch...

[32mINFO    [0m integration.helpers_deployments:helpers_deployments.py:337 


02:48:23 -- Waiting for model...
[32mINFO    [0m integration.helpers_deployments:helpers_deployments.py:261 	App: second-opensearch - conditions unmet.
[32mINFO    [0m integration.helpers_deployments:helpers_deployments.py:262 
	app: second maintenance -- message: Installing OpenSearch...
		second-opensearch-0.7b1* -- (10.211.166.12) -- [executing (since: 02:47:11)] maintenance: Installing OpenSearch...

[32mINFO    [0m integration.helpers_deployments:helpers_deployments.py:337 


02:48:34 -- Waiting for model...
[32mINFO    [0m integration.helpers_deployments:helpers_deployments.py:261 	App: second-opensearch - conditions unmet.
[32mINFO    [0m integration.helpers_deployments:helpers_deployments.py:262 
	app: second maintenance -- message: Installing OpenSearch...
		second-opensearch-0.7b1* -- (10.211.166.12) -- [executing (since: 02:47:11)] maintenance: Installing OpenSearch...

[32mINFO    [0m integration.helpers_deployments:helpers_deployments.py:337 


02:48:46 -- Waiting for model...
[32mINFO    [0m integration.helpers_deployments:helpers_deployments.py:277 	App: second-opensearch - Units - conditions unmet.
[32mINFO    [0m integration.helpers_deployments:helpers_deployments.py:278 
	app: second active -- message: None
		second-opensearch-0.7b1* -- (10.211.166.12) -- [executing (since: 02:48:47)] active: 

[32mINFO    [0m integration.helpers_deployments:helpers_deployments.py:337 


02:48:58 -- Waiting for model...
[32mINFO    [0m integration.helpers_deployments:helpers_deployments.py:261 	App: second-opensearch - conditions unmet.
[32mINFO    [0m integration.helpers_deployments:helpers_deployments.py:262 
	app: second maintenance -- message: Waiting for TLS to be fully configured...
		second-opensearch-0.7b1* -- (10.211.166.12) -- [executing (since: 02:48:58)] maintenance: Waiting for TLS to be fully configured...

[32mINFO    [0m integration.helpers_deployments:helpers_deployments.py:337 


02:49:09 -- Waiting for model...
[32mINFO    [0m integration.helpers_deployments:helpers_deployments.py:261 	App: second-opensearch - conditions unmet.
[32mINFO    [0m integration.helpers_deployments:helpers_deployments.py:262 
	app: second waiting -- message: Waiting for OpenSearch to start...
		second-opensearch-0.7b1* -- (10.211.166.12) -- [executing (since: 02:48:59)] waiting: Waiting for OpenSearch to start...

[32mINFO    [0m integration.helpers_deployments:helpers_deployments.py:337 


02:49:21 -- Waiting for model...
[32mINFO    [0m integration.helpers_deployments:helpers_deployments.py:277 	App: second-opensearch - Units - conditions unmet.
[32mINFO    [0m integration.helpers_deployments:helpers_deployments.py:278 
	app: second active -- message: None
		second-opensearch-0.7b1* -- (10.211.166.12) -- [executing (since: 02:49:23)] active: 

[32mINFO    [0m integration.helpers_deployments:helpers_deployments.py:337 


02:49:34 -- Waiting for model...
[32mINFO    [0m integration.helpers_deployments:helpers_deployments.py:277 	App: second-opensearch - Units - conditions unmet.
[32mINFO    [0m integration.helpers_deployments:helpers_deployments.py:278 
	app: second active -- message: None
		second-opensearch-0.7b1* -- (10.211.166.12) -- [idle (since: 02:49:25)] active: 

[32mINFO    [0m integration.helpers_deployments:helpers_deployments.py:337 


02:49:45 -- Waiting for model...
[32mINFO    [0m integration.helpers_deployments:helpers_deployments.py:277 	App: second-opensearch - Units - conditions unmet.
[32mINFO    [0m integration.helpers_deployments:helpers_deployments.py:278 
	app: second active -- message: None
		second-opensearch-0.7b1* -- (10.211.166.12) -- [idle (since: 02:49:25)] active: 

[32mINFO    [0m integration.helpers_deployments:helpers_deployments.py:337 


02:49:57 -- Waiting for model...
[32mINFO    [0m integration.helpers_deployments:helpers_deployments.py:277 	App: second-opensearch - Units - conditions unmet.
[32mINFO    [0m integration.helpers_deployments:helpers_deployments.py:278 
	app: second active -- message: None
		second-opensearch-0.7b1* -- (10.211.166.12) -- [idle (since: 02:49:25)] active: 

[32mINFO    [0m integration.helpers_deployments:helpers_deployments.py:337 


02:50:08 -- Waiting for model...
[32mINFO    [0m integration.helpers_deployments:helpers_deployments.py:277 	App: second-opensearch - Units - conditions unmet.
[32mINFO    [0m integration.helpers_deployments:helpers_deployments.py:278 
	app: second active -- message: None
		second-opensearch-0.7b1* -- (10.211.166.12) -- [idle (since: 02:49:25)] active: 

[32mINFO    [0m integration.helpers_deployments:helpers_deployments.py:337 


02:50:20 -- Waiting for model...
[32mINFO    [0m integration.helpers_deployments:helpers_deployments.py:277 	App: second-opensearch - Units - conditions unmet.
[32mINFO    [0m integration.helpers_deployments:helpers_deployments.py:278 
	app: second active -- message: None
		second-opensearch-0.7b1* -- (10.211.166.12) -- [idle (since: 02:49:25)] active: 

[32mINFO    [0m integration.helpers_deployments:helpers_deployments.py:337 


02:50:32 -- Waiting for model...
[32mINFO    [0m integration.helpers_deployments:helpers_deployments.py:277 	App: second-opensearch - Units - conditions unmet.
[32mINFO    [0m integration.helpers_deployments:helpers_deployments.py:278 
	app: second active -- message: None
		second-opensearch-0.7b1* -- (10.211.166.12) -- [idle (since: 02:49:25)] active: 

[32mINFO    [0m integration.helpers_deployments:helpers_deployments.py:337 


02:50:44 -- Waiting for model...
[32mINFO    [0m integration.helpers_deployments:helpers_deployments.py:348 02:50:46 -- Waiting for model: complete.



[32mINFO    [0m integration.helpers:helpers.py:367 Calling: PUT -- https://10.211.166.113:9200/test_index_unique_cluster_dbs/_doc/1
[32mINFO    [0m integration.helpers:helpers.py:367 Calling: POST -- https://10.211.166.113:9200/test_index_unique_cluster_dbs/_refresh
[32mINFO    [0m integration.helpers:helpers.py:367 Calling: PUT -- https://10.211.166.12:9200/test_index_unique_cluster_dbs/_doc/2
[32mINFO    [0m integration.helpers:helpers.py:367 Calling: POST -- https://10.211.166.12:9200/test_index_unique_cluster_dbs/_refresh
[32mINFO    [0m integration.helpers:helpers.py:367 Calling: GET -- https://10.211.166.113:9200/test_index_unique_cluster_dbs/_search
[32mINFO    [0m integration.helpers:helpers.py:367 Calling: GET -- https://10.211.166.12:9200/test_index_unique_cluster_dbs/_search
[32mINFO    [0m integration.helpers:helpers.py:367 Calling: DELETE -- https://10.211.166.113:9200/test_index_unique_cluster_dbs/
[32mINFO    [0m integration.ha.helpers:helpers.py:247 Continuous writes result: namespace(max_stored_id=536, count=537, last_expected_id=536)
[32mINFO    [0m integration.helpers:helpers.py:367 Calling: GET -- https://10.211.166.113:9200/series_index/_search_shards
[32mINFO    [0m integration.ha.conftest:conftest.py:39 



The writes have been cleared.




[32mINFO    [0m pytest_operator.plugin:plugin.py:862 Model status:

Model  Controller           Cloud/Region         Version  SLA          Timestamp
test   localhost-localhost  localhost/localhost  3.5.3    unsupported  02:51:22Z

App                       Version  Status   Scale  Charm                     Channel        Rev  Exposed  Message
opensearch                         active       2  opensearch                                 0  no       
second-opensearch                  blocked      1  opensearch                                 0  no       1 or more 'replica' shards are not assigned, please scale your application up.
self-signed-certificates           active       1  self-signed-certificates  latest/stable  155  no       

Unit                         Workload  Agent      Machine  Public address  Ports     Message
opensearch/0                 active    idle       1        10.211.166.133  9200/tcp  
opensearch/1*                active    idle       2        10.211.166.113  9200/tcp  
second-opensearch/0*         blocked   executing  3        10.211.166.12   9200/tcp  Relation broken with the TLS Operator while TLS not fully configured. Stopping OpenSearch.
self-signed-certificates/0*  active    idle       0        10.211.166.69             

Machine  State    Address         Inst id        Base          AZ  Message
0        started  10.211.166.69   juju-d3f3d4-0  ubuntu@22.04      Running
1        started  10.211.166.133  juju-d3f3d4-1  ubuntu@22.04      Running
2        started  10.211.166.113  juju-d3f3d4-2  ubuntu@22.04      Running
3        started  10.211.166.12   juju-d3f3d4-3  ubuntu@22.04      Running

[32mINFO    [0m pytest_operator.plugin:plugin.py:868 Juju error logs:

machine-0: 02:29:37 ERROR juju.worker.dependency "kvm-container-provisioner" manifold worker returned unexpected error: container types not yet available
machine-0: 02:29:38 ERROR juju.worker.dependency "lxd-container-provisioner" manifold worker returned unexpected error: container types not yet available
unit-self-signed-certificates-0: 02:29:38 ERROR juju.worker.meterstatus error running "meter-status-changed": charm missing from disk
machine-2: 02:30:41 ERROR juju.worker.dependency "lxd-container-provisioner" manifold worker returned unexpected error: container types not yet available
machine-2: 02:30:41 ERROR juju.worker.dependency "kvm-container-provisioner" manifold worker returned unexpected error: container types not yet available
unit-opensearch-1: 02:30:41 ERROR juju.worker.meterstatus error running "meter-status-changed": charm missing from disk
machine-1: 02:32:20 ERROR juju.worker.dependency "lxd-container-provisioner" manifold worker returned unexpected error: container types not yet available
machine-1: 02:32:20 ERROR juju.worker.dependency "kvm-container-provisioner" manifold worker returned unexpected error: container types not yet available
unit-opensearch-0: 02:32:20 ERROR juju.worker.meterstatus error running "meter-status-changed": charm missing from disk
unit-opensearch-1: 02:38:36 ERROR unit.opensearch/1.juju-log certificates:3: err:  / out: keytool error: java.lang.Exception: Keystore file does not exist: /var/snap/opensearch/current/etc/opensearch/certificates/ca.p12

unit-opensearch-1: 02:38:42 ERROR unit.opensearch/1.juju-log opensearch-peers:0: Cannot connect to the OpenSearch server...
unit-opensearch-1: 02:38:43 ERROR unit.opensearch/1.juju-log Cannot connect to the OpenSearch server...
unit-opensearch-1: 02:38:43 ERROR unit.opensearch/1.juju-log Cannot connect to the OpenSearch server...
unit-opensearch-1: 02:38:44 ERROR unit.opensearch/1.juju-log Cannot connect to the OpenSearch server...
unit-opensearch-1: 02:38:47 ERROR unit.opensearch/1.juju-log Cannot connect to the OpenSearch server...
unit-opensearch-1: 02:38:50 ERROR unit.opensearch/1.juju-log Cannot connect to the OpenSearch server...
unit-opensearch-1: 02:38:53 ERROR unit.opensearch/1.juju-log Cannot connect to the OpenSearch server...
unit-opensearch-0: 02:41:28 ERROR unit.opensearch/0.juju-log certificates:3: err:  / out: keytool error: java.lang.Exception: Keystore file does not exist: /var/snap/opensearch/current/etc/opensearch/certificates/ca.p12

unit-opensearch-0: 02:41:32 ERROR unit.opensearch/0.juju-log opensearch-peers:0: Cannot connect to the OpenSearch server...
unit-opensearch-0: 02:41:33 ERROR unit.opensearch/0.juju-log Cannot connect to the OpenSearch server...
unit-opensearch-0: 02:41:34 ERROR unit.opensearch/0.juju-log Cannot connect to the OpenSearch server...
unit-opensearch-0: 02:41:35 ERROR unit.opensearch/0.juju-log upgrade-version-a:2: Cannot connect to the OpenSearch server...
unit-opensearch-0: 02:41:36 ERROR unit.opensearch/0.juju-log certificates:3: Cannot connect to the OpenSearch server...
unit-opensearch-0: 02:41:36 ERROR unit.opensearch/0.juju-log opensearch-peers:0: Cannot connect to the OpenSearch server...
unit-opensearch-0: 02:41:37 ERROR unit.opensearch/0.juju-log opensearch-peers:0: Cannot connect to the OpenSearch server...
machine-3: 02:47:01 ERROR juju.worker.dependency "lxd-container-provisioner" manifold worker returned unexpected error: container types not yet available
machine-3: 02:47:01 ERROR juju.worker.dependency "kvm-container-provisioner" manifold worker returned unexpected error: container types not yet available
unit-second-opensearch-0: 02:47:01 ERROR juju.worker.meterstatus error running "meter-status-changed": charm missing from disk
unit-second-opensearch-0: 02:48:55 ERROR unit.second-opensearch/0.juju-log certificates:7: err:  / out: keytool error: java.lang.Exception: Keystore file does not exist: /var/snap/opensearch/current/etc/opensearch/certificates/ca.p12

unit-second-opensearch-0: 02:49:00 ERROR unit.second-opensearch/0.juju-log Cannot connect to the OpenSearch server...
unit-second-opensearch-0: 02:49:00 ERROR unit.second-opensearch/0.juju-log Cannot connect to the OpenSearch server...
unit-second-opensearch-0: 02:49:00 ERROR unit.second-opensearch/0.juju-log Cannot connect to the OpenSearch server...
unit-second-opensearch-0: 02:49:03 ERROR unit.second-opensearch/0.juju-log Cannot connect to the OpenSearch server...
unit-second-opensearch-0: 02:49:06 ERROR unit.second-opensearch/0.juju-log Cannot connect to the OpenSearch server...
unit-second-opensearch-0: 02:49:09 ERROR unit.second-opensearch/0.juju-log Cannot connect to the OpenSearch server...
unit-second-opensearch-0: 02:51:03 ERROR juju.worker.uniter resolver loop error: preparing operation "run relation-departed (7; unit: self-signed-certificates/0, departee: second-opensearch/0) hook" for second-opensearch/0: secret "secret:cs2uu612peehs4ptgpbg" not found (not found)
unit-second-opensearch-0: 02:51:03 ERROR juju.worker.dependency "uniter" manifold worker returned unexpected error: preparing operation "run relation-departed (7; unit: self-signed-certificates/0, departee: second-opensearch/0) hook" for second-opensearch/0: secret "secret:cs2uu612peehs4ptgpbg" not found (not found)
unit-second-opensearch-0: 02:51:12 ERROR unit.second-opensearch/0.juju-log Cannot connect to the OpenSearch server...
unit-second-opensearch-0: 02:51:14 ERROR juju.worker.dependency "uniter" manifold worker returned unexpected error: relation scope id "1dde6741-1e21-4e2f-8ba1-13307ed3f3d4:r#6#second-opensearch": settings 1dde6741-1e21-4e2f-8ba1-13307ed3f3d4:r#6#second-opensearch not found (not found)
unit-second-opensearch-0: 02:51:20 ERROR unit.second-opensearch/0.juju-log certificates:7: Error reading secret: 'NoneType' object has no attribute 'get'
unit-second-opensearch-0: 02:51:20 ERROR juju.worker.dependency "uniter" manifold worker returned unexpected error: relation scope id "1dde6741-1e21-4e2f-8ba1-13307ed3f3d4:r#4#second-opensearch": settings 1dde6741-1e21-4e2f-8ba1-13307ed3f3d4:r#4#second-opensearch not found (not found)

[32mINFO    [0m pytest_operator.plugin:plugin.py:947 Forgetting model main...