[32mINFO    [0m pytest_operator.plugin:plugin.py:862 Model status:

Model  Controller           Cloud/Region         Version  SLA          Timestamp
test   localhost-localhost  localhost/localhost  3.4.4    unsupported  03:08:17Z

App                       Version  Status  Scale  Charm                     Channel        Rev  Exposed  Message
opensearch                         active      3  opensearch                                 0  no       
self-signed-certificates           active      1  self-signed-certificates  latest/stable  155  no       

Unit                         Workload  Agent  Machine  Public address  Ports     Message
opensearch/0*                error     idle   0        10.215.147.87   9200/tcp  hook failed: "upgrade-charm"
opensearch/1                 error     idle   1        10.215.147.253  9200/tcp  hook failed: "upgrade-charm"
opensearch/2                 error     idle   2        10.215.147.106  9200/tcp  hook failed: "upgrade-charm"
self-signed-certificates/0*  active    idle   3        10.215.147.176            

Machine  State    Address         Inst id        Base          AZ  Message
0        started  10.215.147.87   juju-24300d-0  ubuntu@22.04      Running
1        started  10.215.147.253  juju-24300d-1  ubuntu@22.04      Running
2        started  10.215.147.106  juju-24300d-2  ubuntu@22.04      Running
3        started  10.215.147.176  juju-24300d-3  ubuntu@22.04      Running

[32mINFO    [0m pytest_operator.plugin:plugin.py:868 Juju error logs:

machine-0: 02:03:52 ERROR juju.worker.dependency "kvm-container-provisioner" manifold worker returned unexpected error: container types not yet available
machine-0: 02:03:52 ERROR juju.worker.dependency "lxd-container-provisioner" manifold worker returned unexpected error: container types not yet available
unit-opensearch-0: 02:03:52 ERROR juju.worker.meterstatus error running "meter-status-changed": charm missing from disk
machine-3: 02:03:52 ERROR juju.worker.dependency "lxd-container-provisioner" manifold worker returned unexpected error: container types not yet available
machine-3: 02:03:52 ERROR juju.worker.dependency "kvm-container-provisioner" manifold worker returned unexpected error: container types not yet available
machine-1: 02:03:52 ERROR juju.worker.dependency "kvm-container-provisioner" manifold worker returned unexpected error: container types not yet available
machine-1: 02:03:52 ERROR juju.worker.dependency "lxd-container-provisioner" manifold worker returned unexpected error: container types not yet available
unit-self-signed-certificates-0: 02:03:53 ERROR juju.worker.meterstatus error running "meter-status-changed": charm missing from disk
unit-opensearch-1: 02:03:53 ERROR juju.worker.meterstatus error running "meter-status-changed": charm missing from disk
machine-2: 02:03:56 ERROR juju.worker.dependency "kvm-container-provisioner" manifold worker returned unexpected error: container types not yet available
machine-2: 02:03:56 ERROR juju.worker.dependency "lxd-container-provisioner" manifold worker returned unexpected error: container types not yet available
unit-opensearch-2: 02:03:57 ERROR juju.worker.meterstatus error running "meter-status-changed": charm missing from disk
unit-opensearch-2: 02:05:38 ERROR unit.opensearch/2.juju-log [Errno 111] Connection refused
unit-opensearch-2: 02:05:39 ERROR unit.opensearch/2.juju-log certificates:3: [Errno 111] Connection refused
unit-opensearch-2: 02:05:40 ERROR unit.opensearch/2.juju-log opensearch-peers:0: [Errno 111] Connection refused
unit-opensearch-2: 02:05:41 ERROR unit.opensearch/2.juju-log opensearch-peers:0: [Errno 111] Connection refused
unit-opensearch-2: 02:05:41 ERROR unit.opensearch/2.juju-log opensearch-peers:0: [Errno 111] Connection refused
unit-opensearch-2: 02:05:41 ERROR unit.opensearch/2.juju-log opensearch-peers:0: [Errno 111] Connection refused
unit-opensearch-2: 02:05:42 ERROR unit.opensearch/2.juju-log certificates:3: [Errno 111] Connection refused
unit-opensearch-2: 02:05:42 ERROR unit.opensearch/2.juju-log upgrade-version-a:1: [Errno 111] Connection refused
unit-opensearch-2: 02:05:43 ERROR unit.opensearch/2.juju-log upgrade-version-a:1: [Errno 111] Connection refused
unit-opensearch-2: 02:05:45 ERROR unit.opensearch/2.juju-log certificates:3: [Errno 111] Connection refused
unit-opensearch-2: 02:05:45 ERROR unit.opensearch/2.juju-log certificates:3: [Errno 111] Connection refused
unit-opensearch-2: 02:05:46 ERROR unit.opensearch/2.juju-log node-lock-fallback:2: [Errno 111] Connection refused
unit-opensearch-2: 02:05:46 ERROR unit.opensearch/2.juju-log node-lock-fallback:2: [Errno 111] Connection refused
unit-opensearch-2: 02:05:46 ERROR unit.opensearch/2.juju-log node-lock-fallback:2: [Errno 111] Connection refused
unit-opensearch-2: 02:05:46 ERROR unit.opensearch/2.juju-log node-lock-fallback:2: [Errno 111] Connection refused
unit-opensearch-2: 02:05:47 ERROR unit.opensearch/2.juju-log opensearch-peers:0: [Errno 111] Connection refused
unit-opensearch-2: 02:05:47 ERROR unit.opensearch/2.juju-log opensearch-peers:0: [Errno 111] Connection refused
unit-opensearch-2: 02:05:47 ERROR unit.opensearch/2.juju-log opensearch-peers:0: [Errno 111] Connection refused
unit-opensearch-2: 02:05:47 ERROR unit.opensearch/2.juju-log opensearch-peers:0: [Errno 111] Connection refused
unit-opensearch-2: 02:05:48 ERROR unit.opensearch/2.juju-log upgrade-version-a:1: [Errno 111] Connection refused
unit-opensearch-2: 02:05:48 ERROR unit.opensearch/2.juju-log upgrade-version-a:1: [Errno 111] Connection refused
unit-opensearch-2: 02:05:49 ERROR unit.opensearch/2.juju-log certificates:3: [Errno 111] Connection refused
unit-opensearch-2: 02:05:49 ERROR unit.opensearch/2.juju-log certificates:3: [Errno 111] Connection refused
unit-opensearch-2: 02:05:50 ERROR unit.opensearch/2.juju-log [Errno 111] Connection refused
unit-opensearch-2: 02:05:50 ERROR unit.opensearch/2.juju-log [Errno 111] Connection refused
unit-opensearch-2: 02:05:51 ERROR unit.opensearch/2.juju-log [Errno 111] Connection refused
unit-opensearch-2: 02:05:51 ERROR unit.opensearch/2.juju-log [Errno 111] Connection refused
unit-opensearch-0: 02:05:51 ERROR unit.opensearch/0.juju-log [Errno 111] Connection refused
unit-opensearch-2: 02:05:52 ERROR unit.opensearch/2.juju-log opensearch-peers:0: [Errno 111] Connection refused
unit-opensearch-2: 02:05:52 ERROR unit.opensearch/2.juju-log opensearch-peers:0: [Errno 111] Connection refused
unit-opensearch-0: 02:05:52 ERROR unit.opensearch/0.juju-log opensearch-peers:0: [Errno 111] Connection refused
unit-opensearch-2: 02:05:52 ERROR unit.opensearch/2.juju-log opensearch-peers:0: [Errno 111] Connection refused
unit-opensearch-2: 02:05:52 ERROR unit.opensearch/2.juju-log opensearch-peers:0: [Errno 111] Connection refused
unit-opensearch-0: 02:05:52 ERROR unit.opensearch/0.juju-log opensearch-peers:0: [Errno 111] Connection refused
unit-opensearch-0: 02:05:52 ERROR unit.opensearch/0.juju-log opensearch-peers:0: [Errno 111] Connection refused
unit-opensearch-0: 02:05:53 ERROR unit.opensearch/0.juju-log opensearch-peers:0: [Errno 111] Connection refused
unit-opensearch-2: 02:05:53 ERROR unit.opensearch/2.juju-log [Errno 111] Connection refused
unit-opensearch-2: 02:05:53 ERROR unit.opensearch/2.juju-log [Errno 111] Connection refused
unit-opensearch-0: 02:05:53 ERROR unit.opensearch/0.juju-log certificates:3: [Errno 111] Connection refused
unit-opensearch-0: 02:05:53 ERROR unit.opensearch/0.juju-log certificates:3: [Errno 111] Connection refused
unit-opensearch-0: 02:05:53 ERROR unit.opensearch/0.juju-log certificates:3: [Errno 111] Connection refused
unit-opensearch-0: 02:05:53 ERROR unit.opensearch/0.juju-log certificates:3: [Errno 111] Connection refused
unit-opensearch-2: 02:05:54 ERROR unit.opensearch/2.juju-log [Errno 111] Connection refused
unit-opensearch-2: 02:05:54 ERROR unit.opensearch/2.juju-log [Errno 111] Connection refused
unit-opensearch-0: 02:05:55 ERROR unit.opensearch/0.juju-log [Errno 111] Connection refused
unit-opensearch-0: 02:05:55 ERROR unit.opensearch/0.juju-log [Errno 111] Connection refused
unit-opensearch-0: 02:05:55 ERROR unit.opensearch/0.juju-log [Errno 111] Connection refused
unit-opensearch-0: 02:05:55 ERROR unit.opensearch/0.juju-log [Errno 111] Connection refused
unit-opensearch-2: 02:05:55 ERROR unit.opensearch/2.juju-log [Errno 111] Connection refused
unit-opensearch-2: 02:05:55 ERROR unit.opensearch/2.juju-log [Errno 111] Connection refused
unit-opensearch-0: 02:05:56 ERROR unit.opensearch/0.juju-log [Errno 111] Connection refused
unit-opensearch-0: 02:05:56 ERROR unit.opensearch/0.juju-log [Errno 111] Connection refused
unit-opensearch-0: 02:05:56 ERROR unit.opensearch/0.juju-log [Errno 111] Connection refused
unit-opensearch-0: 02:05:56 ERROR unit.opensearch/0.juju-log [Errno 111] Connection refused
unit-opensearch-2: 02:05:56 ERROR unit.opensearch/2.juju-log certificates:3: [Errno 111] Connection refused
unit-opensearch-2: 02:05:56 ERROR unit.opensearch/2.juju-log certificates:3: [Errno 111] Connection refused
unit-opensearch-0: 02:05:56 ERROR unit.opensearch/0.juju-log [Errno 111] Connection refused
unit-opensearch-0: 02:05:56 ERROR unit.opensearch/0.juju-log [Errno 111] Connection refused
unit-opensearch-0: 02:05:57 ERROR unit.opensearch/0.juju-log [Errno 111] Connection refused
unit-opensearch-0: 02:05:57 ERROR unit.opensearch/0.juju-log [Errno 111] Connection refused
unit-opensearch-2: 02:05:57 ERROR unit.opensearch/2.juju-log certificates:3: [Errno 111] Connection refused
unit-opensearch-2: 02:05:57 ERROR unit.opensearch/2.juju-log certificates:3: Cannot connect to the OpenSearch server...
unit-opensearch-2: 02:05:57 ERROR unit.opensearch/2.juju-log certificates:3: [Errno 111] Connection refused
unit-opensearch-2: 02:05:57 ERROR unit.opensearch/2.juju-log certificates:3: [Errno 111] Connection refused
unit-opensearch-0: 02:05:57 ERROR unit.opensearch/0.juju-log certificates:3: [Errno 111] Connection refused
unit-opensearch-0: 02:05:58 ERROR unit.opensearch/0.juju-log certificates:3: [Errno 111] Connection refused
unit-opensearch-0: 02:05:58 ERROR unit.opensearch/0.juju-log certificates:3: Cannot connect to the OpenSearch server...
unit-opensearch-0: 02:05:58 ERROR unit.opensearch/0.juju-log certificates:3: [Errno 111] Connection refused
unit-opensearch-0: 02:05:58 ERROR unit.opensearch/0.juju-log certificates:3: [Errno 111] Connection refused
unit-opensearch-0: 02:05:58 ERROR unit.opensearch/0.juju-log certificates:3: [Errno 111] Connection refused
unit-opensearch-0: 02:05:58 ERROR unit.opensearch/0.juju-log certificates:3: [Errno 111] Connection refused
unit-opensearch-0: 02:05:58 ERROR unit.opensearch/0.juju-log certificates:3: [Errno 111] Connection refused
unit-opensearch-0: 02:05:58 ERROR unit.opensearch/0.juju-log certificates:3: Cannot connect to the OpenSearch server...
unit-opensearch-0: 02:05:58 ERROR unit.opensearch/0.juju-log certificates:3: [Errno 111] Connection refused
unit-opensearch-2: 02:05:58 ERROR unit.opensearch/2.juju-log [Errno 111] Connection refused
unit-opensearch-2: 02:05:58 ERROR unit.opensearch/2.juju-log Cannot connect to the OpenSearch server...
unit-opensearch-2: 02:05:58 ERROR unit.opensearch/2.juju-log [Errno 111] Connection refused
unit-opensearch-2: 02:05:58 ERROR unit.opensearch/2.juju-log [Errno 111] Connection refused
unit-opensearch-2: 02:05:59 ERROR unit.opensearch/2.juju-log [Errno 111] Connection refused
unit-opensearch-2: 02:05:59 ERROR unit.opensearch/2.juju-log Cannot connect to the OpenSearch server...
unit-opensearch-2: 02:05:59 ERROR unit.opensearch/2.juju-log [Errno 111] Connection refused
unit-opensearch-2: 02:05:59 ERROR unit.opensearch/2.juju-log [Errno 111] Connection refused
unit-opensearch-0: 02:05:59 ERROR unit.opensearch/0.juju-log [Errno 111] Connection refused
unit-opensearch-0: 02:05:59 ERROR unit.opensearch/0.juju-log [Errno 111] Connection refused
unit-opensearch-0: 02:05:59 ERROR unit.opensearch/0.juju-log [Errno 111] Connection refused
unit-opensearch-0: 02:05:59 ERROR unit.opensearch/0.juju-log [Errno 111] Connection refused
unit-opensearch-0: 02:05:59 ERROR unit.opensearch/0.juju-log Cannot connect to the OpenSearch server...
unit-opensearch-0: 02:05:59 ERROR unit.opensearch/0.juju-log [Errno 111] Connection refused
unit-opensearch-0: 02:05:59 ERROR unit.opensearch/0.juju-log [Errno 111] Connection refused
unit-opensearch-0: 02:05:59 ERROR unit.opensearch/0.juju-log Cannot connect to the OpenSearch server...
unit-opensearch-0: 02:06:00 ERROR unit.opensearch/0.juju-log [Errno 111] Connection refused
unit-opensearch-0: 02:06:00 ERROR unit.opensearch/0.juju-log Cannot connect to the OpenSearch server...
unit-opensearch-2: 02:06:00 ERROR unit.opensearch/2.juju-log [Errno 111] Connection refused
unit-opensearch-2: 02:06:00 ERROR unit.opensearch/2.juju-log Cannot connect to the OpenSearch server...
unit-opensearch-2: 02:06:00 ERROR unit.opensearch/2.juju-log [Errno 111] Connection refused
unit-opensearch-2: 02:06:00 ERROR unit.opensearch/2.juju-log [Errno 111] Connection refused
unit-opensearch-2: 02:06:01 ERROR unit.opensearch/2.juju-log [Errno 111] Connection refused
unit-opensearch-2: 02:06:01 ERROR unit.opensearch/2.juju-log Cannot connect to the OpenSearch server...
unit-opensearch-2: 02:06:01 ERROR unit.opensearch/2.juju-log [Errno 111] Connection refused
unit-opensearch-2: 02:06:01 ERROR unit.opensearch/2.juju-log [Errno 111] Connection refused
unit-opensearch-2: 02:06:02 ERROR unit.opensearch/2.juju-log [Errno 111] Connection refused
unit-opensearch-2: 02:06:02 ERROR unit.opensearch/2.juju-log Cannot connect to the OpenSearch server...
unit-opensearch-2: 02:06:02 ERROR unit.opensearch/2.juju-log [Errno 111] Connection refused
unit-opensearch-2: 02:06:02 ERROR unit.opensearch/2.juju-log [Errno 111] Connection refused
unit-opensearch-0: 02:06:03 ERROR unit.opensearch/0.juju-log [Errno 111] Connection refused
unit-opensearch-0: 02:06:03 ERROR unit.opensearch/0.juju-log Cannot connect to the OpenSearch server...
unit-opensearch-2: 02:06:03 ERROR unit.opensearch/2.juju-log node-lock-fallback:2: [Errno 111] Connection refused
unit-opensearch-2: 02:06:03 ERROR unit.opensearch/2.juju-log node-lock-fallback:2: Cannot connect to the OpenSearch server...
unit-opensearch-2: 02:06:03 ERROR unit.opensearch/2.juju-log node-lock-fallback:2: [Errno 111] Connection refused
unit-opensearch-2: 02:06:03 ERROR unit.opensearch/2.juju-log node-lock-fallback:2: [Errno 111] Connection refused
unit-opensearch-2: 02:06:04 ERROR unit.opensearch/2.juju-log node-lock-fallback:2: [Errno 111] Connection refused
unit-opensearch-2: 02:06:04 ERROR unit.opensearch/2.juju-log node-lock-fallback:2: Cannot connect to the OpenSearch server...
unit-opensearch-2: 02:06:04 ERROR unit.opensearch/2.juju-log node-lock-fallback:2: [Errno 111] Connection refused
unit-opensearch-2: 02:06:04 ERROR unit.opensearch/2.juju-log node-lock-fallback:2: [Errno 111] Connection refused
unit-opensearch-2: 02:06:04 ERROR unit.opensearch/2.juju-log opensearch-peers:0: [Errno 111] Connection refused
unit-opensearch-2: 02:06:05 ERROR unit.opensearch/2.juju-log opensearch-peers:0: Cannot connect to the OpenSearch server...
unit-opensearch-2: 02:06:05 ERROR unit.opensearch/2.juju-log opensearch-peers:0: [Errno 111] Connection refused
unit-opensearch-2: 02:06:05 ERROR unit.opensearch/2.juju-log opensearch-peers:0: [Errno 111] Connection refused
unit-opensearch-2: 02:06:05 ERROR unit.opensearch/2.juju-log opensearch-peers:0: [Errno 111] Connection refused
unit-opensearch-2: 02:06:05 ERROR unit.opensearch/2.juju-log opensearch-peers:0: [Errno 111] Connection refused
unit-opensearch-0: 02:06:06 ERROR unit.opensearch/0.juju-log [Errno 111] Connection refused
unit-opensearch-0: 02:06:06 ERROR unit.opensearch/0.juju-log Cannot connect to the OpenSearch server...
unit-opensearch-0: 02:06:09 ERROR unit.opensearch/0.juju-log [Errno 111] Connection refused
unit-opensearch-0: 02:06:09 ERROR unit.opensearch/0.juju-log Cannot connect to the OpenSearch server...
unit-opensearch-0: 02:06:12 ERROR unit.opensearch/0.juju-log [Errno 111] Connection refused
unit-opensearch-0: 02:06:12 ERROR unit.opensearch/0.juju-log Cannot connect to the OpenSearch server...
unit-opensearch-0: 02:06:15 ERROR unit.opensearch/0.juju-log [Errno 111] Connection refused
unit-opensearch-0: 02:06:15 ERROR unit.opensearch/0.juju-log Cannot connect to the OpenSearch server...
unit-opensearch-2: 02:06:19 ERROR unit.opensearch/2.juju-log opensearch-peers:0: [Errno 111] Connection refused
unit-opensearch-2: 02:06:19 ERROR unit.opensearch/2.juju-log opensearch-peers:0: Cannot connect to the OpenSearch server...
unit-opensearch-2: 02:06:19 ERROR unit.opensearch/2.juju-log opensearch-peers:0: [Errno 111] Connection refused
unit-opensearch-2: 02:06:19 ERROR unit.opensearch/2.juju-log opensearch-peers:0: [Errno 111] Connection refused
unit-opensearch-2: 02:06:20 ERROR unit.opensearch/2.juju-log opensearch-peers:0: [Errno 111] Connection refused
unit-opensearch-2: 02:06:20 ERROR unit.opensearch/2.juju-log opensearch-peers:0: Cannot connect to the OpenSearch server...
unit-opensearch-2: 02:06:20 ERROR unit.opensearch/2.juju-log opensearch-peers:0: [Errno 111] Connection refused
unit-opensearch-2: 02:06:20 ERROR unit.opensearch/2.juju-log opensearch-peers:0: [Errno 111] Connection refused
unit-opensearch-2: 02:06:23 ERROR unit.opensearch/2.juju-log opensearch-peers:0: [Errno 111] Connection refused
unit-opensearch-2: 02:06:23 ERROR unit.opensearch/2.juju-log opensearch-peers:0: Cannot connect to the OpenSearch server...
unit-opensearch-2: 02:06:23 ERROR unit.opensearch/2.juju-log opensearch-peers:0: [Errno 111] Connection refused
unit-opensearch-2: 02:06:23 ERROR unit.opensearch/2.juju-log opensearch-peers:0: [Errno 111] Connection refused
unit-opensearch-2: 02:06:30 ERROR unit.opensearch/2.juju-log node-lock-fallback:2: [Errno 111] Connection refused
unit-opensearch-2: 02:06:30 ERROR unit.opensearch/2.juju-log node-lock-fallback:2: Cannot connect to the OpenSearch server...
unit-opensearch-2: 02:06:30 ERROR unit.opensearch/2.juju-log node-lock-fallback:2: [Errno 111] Connection refused
unit-opensearch-2: 02:06:31 ERROR unit.opensearch/2.juju-log node-lock-fallback:2: [Errno 111] Connection refused
unit-opensearch-2: 02:06:31 ERROR unit.opensearch/2.juju-log node-lock-fallback:2: Request GET to https://10.215.147.87:9200/.charm_node_lock/_source/0 with payload: None failed.(Attempts left: 2)
	Error: 404 Client Error: Not Found for url: https://10.215.147.87:9200/.charm_node_lock/_source/0
unit-opensearch-0: 02:06:32 ERROR unit.opensearch/0.juju-log upgrade-version-a:1: Request GET to https://10.215.147.87:9200/.charm_node_lock/_source/0 with payload: None failed.(Attempts left: 2)
	Error: 404 Client Error: Not Found for url: https://10.215.147.87:9200/.charm_node_lock/_source/0
unit-opensearch-2: 02:06:32 ERROR unit.opensearch/2.juju-log node-lock-fallback:2: Request GET to https://10.215.147.87:9200/.charm_node_lock/_source/0 with payload: None failed.(Attempts left: 1)
	Error: 404 Client Error: Not Found for url: https://10.215.147.87:9200/.charm_node_lock/_source/0
unit-opensearch-0: 02:06:33 ERROR unit.opensearch/0.juju-log upgrade-version-a:1: Request GET to https://10.215.147.87:9200/.charm_node_lock/_source/0 with payload: None failed.(Attempts left: 1)
	Error: 404 Client Error: Not Found for url: https://10.215.147.87:9200/.charm_node_lock/_source/0
unit-opensearch-2: 02:06:33 ERROR unit.opensearch/2.juju-log node-lock-fallback:2: [Errno 111] Connection refused
unit-opensearch-2: 02:06:33 ERROR unit.opensearch/2.juju-log node-lock-fallback:2: [Errno 111] Connection refused
unit-opensearch-2: 02:06:33 ERROR unit.opensearch/2.juju-log node-lock-fallback:2: [Errno 111] Connection refused
unit-opensearch-2: 02:06:33 ERROR unit.opensearch/2.juju-log node-lock-fallback:2: [Errno 111] Connection refused
unit-opensearch-2: 02:06:34 ERROR unit.opensearch/2.juju-log node-lock-fallback:2: [Errno 111] Connection refused
unit-opensearch-2: 02:06:34 ERROR unit.opensearch/2.juju-log node-lock-fallback:2: Cannot connect to the OpenSearch server...
unit-opensearch-2: 02:06:34 ERROR unit.opensearch/2.juju-log node-lock-fallback:2: [Errno 111] Connection refused
unit-opensearch-1: 02:06:36 ERROR unit.opensearch/1.juju-log [Errno 111] Connection refused
unit-opensearch-2: 02:06:37 ERROR unit.opensearch/2.juju-log node-lock-fallback:2: [Errno 111] Connection refused
unit-opensearch-1: 02:06:37 ERROR unit.opensearch/1.juju-log [Errno 111] Connection refused
unit-opensearch-1: 02:06:38 ERROR unit.opensearch/1.juju-log certificates:3: [Errno 111] Connection refused
unit-opensearch-1: 02:06:40 ERROR unit.opensearch/1.juju-log [Errno 111] Connection refused
unit-opensearch-2: 02:06:40 ERROR unit.opensearch/2.juju-log node-lock-fallback:2: [Errno 111] Connection refused
unit-opensearch-1: 02:06:41 ERROR unit.opensearch/1.juju-log [Errno 111] Connection refused
unit-opensearch-1: 02:06:42 ERROR unit.opensearch/1.juju-log [Errno 111] Connection refused
unit-opensearch-1: 02:06:42 ERROR unit.opensearch/1.juju-log [Errno 111] Connection refused
unit-opensearch-1: 02:06:43 ERROR unit.opensearch/1.juju-log [Errno 111] Connection refused
unit-opensearch-1: 02:06:43 ERROR unit.opensearch/1.juju-log Cannot connect to the OpenSearch server...
unit-opensearch-1: 02:06:43 ERROR unit.opensearch/1.juju-log [Errno 111] Connection refused
unit-opensearch-2: 02:06:43 ERROR unit.opensearch/2.juju-log node-lock-fallback:2: [Errno 111] Connection refused
unit-opensearch-1: 02:06:44 ERROR unit.opensearch/1.juju-log [Errno 111] Connection refused
unit-opensearch-1: 02:06:44 ERROR unit.opensearch/1.juju-log Cannot connect to the OpenSearch server...
unit-opensearch-1: 02:06:44 ERROR unit.opensearch/1.juju-log [Errno 111] Connection refused
unit-opensearch-1: 02:06:45 ERROR unit.opensearch/1.juju-log upgrade-version-a:1: [Errno 111] Connection refused
unit-opensearch-1: 02:06:45 ERROR unit.opensearch/1.juju-log upgrade-version-a:1: Cannot connect to the OpenSearch server...
unit-opensearch-1: 02:06:45 ERROR unit.opensearch/1.juju-log upgrade-version-a:1: [Errno 111] Connection refused
unit-opensearch-1: 02:06:46 ERROR unit.opensearch/1.juju-log upgrade-version-a:1: [Errno 111] Connection refused
unit-opensearch-1: 02:06:46 ERROR unit.opensearch/1.juju-log upgrade-version-a:1: Cannot connect to the OpenSearch server...
unit-opensearch-1: 02:06:46 ERROR unit.opensearch/1.juju-log upgrade-version-a:1: [Errno 111] Connection refused
unit-opensearch-2: 02:06:46 ERROR unit.opensearch/2.juju-log node-lock-fallback:2: [Errno 111] Connection refused
unit-opensearch-1: 02:06:46 ERROR unit.opensearch/1.juju-log opensearch-peers:0: [Errno 111] Connection refused
unit-opensearch-1: 02:06:46 ERROR unit.opensearch/1.juju-log opensearch-peers:0: Cannot connect to the OpenSearch server...
unit-opensearch-1: 02:06:47 ERROR unit.opensearch/1.juju-log opensearch-peers:0: [Errno 111] Connection refused
unit-opensearch-1: 02:06:47 ERROR unit.opensearch/1.juju-log opensearch-peers:0: [Errno 111] Connection refused
unit-opensearch-1: 02:06:47 ERROR unit.opensearch/1.juju-log upgrade-version-a:1: [Errno 111] Connection refused
unit-opensearch-1: 02:06:47 ERROR unit.opensearch/1.juju-log upgrade-version-a:1: Cannot connect to the OpenSearch server...
unit-opensearch-1: 02:06:47 ERROR unit.opensearch/1.juju-log upgrade-version-a:1: [Errno 111] Connection refused
unit-opensearch-1: 02:06:48 ERROR unit.opensearch/1.juju-log upgrade-version-a:1: [Errno 111] Connection refused
unit-opensearch-1: 02:06:48 ERROR unit.opensearch/1.juju-log upgrade-version-a:1: Cannot connect to the OpenSearch server...
unit-opensearch-1: 02:06:48 ERROR unit.opensearch/1.juju-log upgrade-version-a:1: [Errno 111] Connection refused
unit-opensearch-0: 02:06:48 ERROR unit.opensearch/0.juju-log opensearch-peers:0: [Errno 111] Connection refused
unit-opensearch-0: 02:06:49 ERROR unit.opensearch/0.juju-log opensearch-peers:0: [Errno 111] Connection refused
unit-opensearch-0: 02:06:49 ERROR unit.opensearch/0.juju-log opensearch-peers:0: [Errno 111] Connection refused
unit-opensearch-0: 02:06:49 ERROR unit.opensearch/0.juju-log opensearch-peers:0: [Errno 111] Connection refused
unit-opensearch-2: 02:06:49 ERROR unit.opensearch/2.juju-log node-lock-fallback:2: [Errno 111] Connection refused
unit-opensearch-1: 02:06:49 ERROR unit.opensearch/1.juju-log opensearch-peers:0: [Errno 111] Connection refused
unit-opensearch-1: 02:06:49 ERROR unit.opensearch/1.juju-log opensearch-peers:0: Cannot connect to the OpenSearch server...
unit-opensearch-1: 02:06:49 ERROR unit.opensearch/1.juju-log opensearch-peers:0: [Errno 111] Connection refused
unit-opensearch-1: 02:06:50 ERROR unit.opensearch/1.juju-log opensearch-peers:0: [Errno 111] Connection refused
unit-opensearch-0: 02:06:50 ERROR unit.opensearch/0.juju-log upgrade-version-a:1: [Errno 111] Connection refused
unit-opensearch-0: 02:06:50 ERROR unit.opensearch/0.juju-log upgrade-version-a:1: [Errno 111] Connection refused
unit-opensearch-0: 02:06:50 ERROR unit.opensearch/0.juju-log upgrade-version-a:1: [Errno 111] Connection refused
unit-opensearch-0: 02:06:50 ERROR unit.opensearch/0.juju-log upgrade-version-a:1: [Errno 111] Connection refused
unit-opensearch-1: 02:06:50 ERROR unit.opensearch/1.juju-log certificates:3: [Errno 111] Connection refused
unit-opensearch-1: 02:06:50 ERROR unit.opensearch/1.juju-log certificates:3: Cannot connect to the OpenSearch server...
unit-opensearch-1: 02:06:50 ERROR unit.opensearch/1.juju-log certificates:3: [Errno 111] Connection refused
unit-opensearch-1: 02:06:51 ERROR unit.opensearch/1.juju-log certificates:3: [Errno 111] Connection refused
unit-opensearch-0: 02:06:52 ERROR unit.opensearch/0.juju-log node-lock-fallback:2: [Errno 111] Connection refused
unit-opensearch-1: 02:06:52 ERROR unit.opensearch/1.juju-log certificates:3: [Errno 111] Connection refused
unit-opensearch-1: 02:06:52 ERROR unit.opensearch/1.juju-log certificates:3: Cannot connect to the OpenSearch server...
unit-opensearch-1: 02:06:52 ERROR unit.opensearch/1.juju-log certificates:3: [Errno 111] Connection refused
unit-opensearch-1: 02:06:52 ERROR unit.opensearch/1.juju-log certificates:3: [Errno 111] Connection refused
unit-opensearch-0: 02:06:52 ERROR unit.opensearch/0.juju-log node-lock-fallback:2: [Errno 111] Connection refused
unit-opensearch-0: 02:06:52 ERROR unit.opensearch/0.juju-log node-lock-fallback:2: [Errno 111] Connection refused
unit-opensearch-0: 02:06:53 ERROR unit.opensearch/0.juju-log node-lock-fallback:2: [Errno 111] Connection refused
unit-opensearch-1: 02:06:53 ERROR unit.opensearch/1.juju-log [Errno 111] Connection refused
unit-opensearch-1: 02:06:53 ERROR unit.opensearch/1.juju-log Cannot connect to the OpenSearch server...
unit-opensearch-1: 02:06:53 ERROR unit.opensearch/1.juju-log [Errno 111] Connection refused
unit-opensearch-1: 02:06:54 ERROR unit.opensearch/1.juju-log [Errno 111] Connection refused
unit-opensearch-0: 02:06:54 ERROR unit.opensearch/0.juju-log certificates:3: [Errno 111] Connection refused
unit-opensearch-0: 02:06:55 ERROR unit.opensearch/0.juju-log certificates:3: [Errno 111] Connection refused
unit-opensearch-0: 02:06:55 ERROR unit.opensearch/0.juju-log certificates:3: [Errno 111] Connection refused
unit-opensearch-1: 02:06:55 ERROR unit.opensearch/1.juju-log [Errno 111] Connection refused
unit-opensearch-1: 02:06:55 ERROR unit.opensearch/1.juju-log Cannot connect to the OpenSearch server...
unit-opensearch-1: 02:06:55 ERROR unit.opensearch/1.juju-log [Errno 111] Connection refused
unit-opensearch-0: 02:06:55 ERROR unit.opensearch/0.juju-log certificates:3: [Errno 111] Connection refused
unit-opensearch-1: 02:06:55 ERROR unit.opensearch/1.juju-log [Errno 111] Connection refused
unit-opensearch-1: 02:06:56 ERROR unit.opensearch/1.juju-log [Errno 111] Connection refused
unit-opensearch-1: 02:06:56 ERROR unit.opensearch/1.juju-log Cannot connect to the OpenSearch server...
unit-opensearch-1: 02:06:56 ERROR unit.opensearch/1.juju-log [Errno 111] Connection refused
unit-opensearch-1: 02:06:56 ERROR unit.opensearch/1.juju-log [Errno 111] Connection refused
unit-opensearch-1: 02:06:56 ERROR unit.opensearch/1.juju-log Request GET to https://10.215.147.87:9200/.charm_node_lock/_source/0 with payload: None failed.(Attempts left: 2)
	Error: 404 Client Error: Not Found for url: https://10.215.147.87:9200/.charm_node_lock/_source/0
unit-opensearch-0: 02:06:57 ERROR unit.opensearch/0.juju-log [Errno 111] Connection refused
unit-opensearch-0: 02:06:57 ERROR unit.opensearch/0.juju-log [Errno 111] Connection refused
unit-opensearch-0: 02:06:57 ERROR unit.opensearch/0.juju-log [Errno 111] Connection refused
unit-opensearch-0: 02:06:57 ERROR unit.opensearch/0.juju-log [Errno 111] Connection refused
unit-opensearch-1: 02:06:57 ERROR unit.opensearch/1.juju-log Request GET to https://10.215.147.87:9200/.charm_node_lock/_source/0 with payload: None failed.(Attempts left: 1)
	Error: 404 Client Error: Not Found for url: https://10.215.147.87:9200/.charm_node_lock/_source/0
unit-opensearch-0: 02:06:58 ERROR unit.opensearch/0.juju-log [Errno 111] Connection refused
unit-opensearch-0: 02:06:58 ERROR unit.opensearch/0.juju-log [Errno 111] Connection refused
unit-opensearch-0: 02:06:58 ERROR unit.opensearch/0.juju-log [Errno 111] Connection refused
unit-opensearch-0: 02:06:58 ERROR unit.opensearch/0.juju-log [Errno 111] Connection refused
unit-opensearch-1: 02:06:58 ERROR unit.opensearch/1.juju-log [Errno 111] Connection refused
unit-opensearch-1: 02:06:59 ERROR unit.opensearch/1.juju-log [Errno 111] Connection refused
unit-opensearch-1: 02:06:59 ERROR unit.opensearch/1.juju-log [Errno 111] Connection refused
unit-opensearch-1: 02:06:59 ERROR unit.opensearch/1.juju-log Request PUT to https://10.215.147.87:9200/.charm_node_lock?wait_for_active_shards=all with payload: {'settings': {'index': {'auto_expand_replicas': '0-all'}}} failed.(Attempts left: 2)
	Error: 400 Client Error: Bad Request for url: https://10.215.147.87:9200/.charm_node_lock?wait_for_active_shards=all
unit-opensearch-0: 02:06:59 ERROR unit.opensearch/0.juju-log [Errno 111] Connection refused
unit-opensearch-0: 02:06:59 ERROR unit.opensearch/0.juju-log [Errno 111] Connection refused
unit-opensearch-0: 02:06:59 ERROR unit.opensearch/0.juju-log [Errno 111] Connection refused
unit-opensearch-0: 02:06:59 ERROR unit.opensearch/0.juju-log [Errno 111] Connection refused
unit-opensearch-1: 02:07:00 ERROR unit.opensearch/1.juju-log Request PUT to https://10.215.147.87:9200/.charm_node_lock?wait_for_active_shards=all with payload: {'settings': {'index': {'auto_expand_replicas': '0-all'}}} failed.(Attempts left: 1)
	Error: 400 Client Error: Bad Request for url: https://10.215.147.87:9200/.charm_node_lock?wait_for_active_shards=all
unit-opensearch-0: 02:07:00 ERROR unit.opensearch/0.juju-log [Errno 111] Connection refused
unit-opensearch-0: 02:07:00 ERROR unit.opensearch/0.juju-log [Errno 111] Connection refused
unit-opensearch-0: 02:07:00 ERROR unit.opensearch/0.juju-log [Errno 111] Connection refused
unit-opensearch-0: 02:07:00 ERROR unit.opensearch/0.juju-log [Errno 111] Connection refused
unit-opensearch-1: 02:07:01 ERROR unit.opensearch/1.juju-log [Errno 111] Connection refused
unit-opensearch-1: 02:07:01 ERROR unit.opensearch/1.juju-log [Errno 111] Connection refused
unit-opensearch-0: 02:07:01 ERROR unit.opensearch/0.juju-log [Errno 111] Connection refused
unit-opensearch-1: 02:07:01 ERROR unit.opensearch/1.juju-log [Errno 111] Connection refused
unit-opensearch-1: 02:07:01 ERROR unit.opensearch/1.juju-log Cannot connect to the OpenSearch server...
unit-opensearch-0: 02:07:01 ERROR unit.opensearch/0.juju-log [Errno 111] Connection refused
unit-opensearch-0: 02:07:01 ERROR unit.opensearch/0.juju-log [Errno 111] Connection refused
unit-opensearch-1: 02:07:01 ERROR unit.opensearch/1.juju-log [Errno 111] Connection refused
unit-opensearch-0: 02:07:02 ERROR unit.opensearch/0.juju-log [Errno 111] Connection refused
unit-opensearch-0: 02:07:03 ERROR unit.opensearch/0.juju-log [Errno 111] Connection refused
unit-opensearch-0: 02:07:03 ERROR unit.opensearch/0.juju-log [Errno 111] Connection refused
unit-opensearch-0: 02:07:03 ERROR unit.opensearch/0.juju-log [Errno 111] Connection refused
unit-opensearch-0: 02:07:03 ERROR unit.opensearch/0.juju-log [Errno 111] Connection refused
unit-opensearch-0: 02:07:04 ERROR unit.opensearch/0.juju-log node-lock-fallback:2: [Errno 111] Connection refused
unit-opensearch-0: 02:07:04 ERROR unit.opensearch/0.juju-log node-lock-fallback:2: [Errno 111] Connection refused
unit-opensearch-0: 02:07:04 ERROR unit.opensearch/0.juju-log node-lock-fallback:2: [Errno 111] Connection refused
unit-opensearch-0: 02:07:04 ERROR unit.opensearch/0.juju-log node-lock-fallback:2: [Errno 111] Connection refused
unit-opensearch-1: 02:07:04 ERROR unit.opensearch/1.juju-log [Errno 111] Connection refused
unit-opensearch-2: 02:07:05 ERROR unit.opensearch/2.juju-log opensearch-peers:0: [Errno 111] Connection refused
unit-opensearch-0: 02:07:05 ERROR unit.opensearch/0.juju-log upgrade-version-a:1: [Errno 111] Connection refused
unit-opensearch-0: 02:07:05 ERROR unit.opensearch/0.juju-log upgrade-version-a:1: [Errno 111] Connection refused
unit-opensearch-0: 02:07:05 ERROR unit.opensearch/0.juju-log upgrade-version-a:1: [Errno 111] Connection refused
unit-opensearch-0: 02:07:05 ERROR unit.opensearch/0.juju-log upgrade-version-a:1: [Errno 111] Connection refused
unit-opensearch-0: 02:07:06 ERROR unit.opensearch/0.juju-log node-lock-fallback:2: [Errno 111] Connection refused
unit-opensearch-0: 02:07:06 ERROR unit.opensearch/0.juju-log node-lock-fallback:2: [Errno 111] Connection refused
unit-opensearch-0: 02:07:07 ERROR unit.opensearch/0.juju-log node-lock-fallback:2: [Errno 111] Connection refused
unit-opensearch-0: 02:07:07 ERROR unit.opensearch/0.juju-log node-lock-fallback:2: [Errno 111] Connection refused
unit-opensearch-1: 02:07:07 ERROR unit.opensearch/1.juju-log [Errno 111] Connection refused
unit-opensearch-2: 02:07:07 ERROR unit.opensearch/2.juju-log opensearch-peers:0: [Errno 111] Connection refused
unit-opensearch-0: 02:07:08 ERROR unit.opensearch/0.juju-log opensearch-peers:0: [Errno 111] Connection refused
unit-opensearch-0: 02:07:08 ERROR unit.opensearch/0.juju-log opensearch-peers:0: [Errno 111] Connection refused
unit-opensearch-0: 02:07:08 ERROR unit.opensearch/0.juju-log opensearch-peers:0: [Errno 111] Connection refused
unit-opensearch-0: 02:07:08 ERROR unit.opensearch/0.juju-log opensearch-peers:0: [Errno 111] Connection refused
unit-opensearch-0: 02:07:08 ERROR unit.opensearch/0.juju-log opensearch-peers:0: [Errno 111] Connection refused
unit-opensearch-0: 02:07:09 ERROR unit.opensearch/0.juju-log opensearch-peers:0: [Errno 111] Connection refused
unit-opensearch-0: 02:07:09 ERROR unit.opensearch/0.juju-log opensearch-peers:0: [Errno 111] Connection refused
unit-opensearch-0: 02:07:10 ERROR unit.opensearch/0.juju-log node-lock-fallback:2: [Errno 111] Connection refused
unit-opensearch-0: 02:07:10 ERROR unit.opensearch/0.juju-log node-lock-fallback:2: [Errno 111] Connection refused
unit-opensearch-0: 02:07:10 ERROR unit.opensearch/0.juju-log node-lock-fallback:2: [Errno 111] Connection refused
unit-opensearch-0: 02:07:10 ERROR unit.opensearch/0.juju-log node-lock-fallback:2: [Errno 111] Connection refused
unit-opensearch-1: 02:07:10 ERROR unit.opensearch/1.juju-log [Errno 111] Connection refused
unit-opensearch-0: 02:07:11 ERROR unit.opensearch/0.juju-log node-lock-fallback:2: [Errno 111] Connection refused
unit-opensearch-0: 02:07:11 ERROR unit.opensearch/0.juju-log node-lock-fallback:2: [Errno 111] Connection refused
unit-opensearch-0: 02:07:12 ERROR unit.opensearch/0.juju-log node-lock-fallback:2: [Errno 111] Connection refused
unit-opensearch-0: 02:07:12 ERROR unit.opensearch/0.juju-log node-lock-fallback:2: [Errno 111] Connection refused
unit-opensearch-0: 02:07:13 ERROR unit.opensearch/0.juju-log opensearch-peers:0: [Errno 111] Connection refused
unit-opensearch-0: 02:07:13 ERROR unit.opensearch/0.juju-log opensearch-peers:0: [Errno 111] Connection refused
unit-opensearch-0: 02:07:13 ERROR unit.opensearch/0.juju-log opensearch-peers:0: [Errno 111] Connection refused
unit-opensearch-0: 02:07:13 ERROR unit.opensearch/0.juju-log opensearch-peers:0: [Errno 111] Connection refused
unit-opensearch-0: 02:07:13 ERROR unit.opensearch/0.juju-log opensearch-peers:0: [Errno 111] Connection refused
unit-opensearch-1: 02:07:13 ERROR unit.opensearch/1.juju-log [Errno 111] Connection refused
unit-opensearch-0: 02:07:14 ERROR unit.opensearch/0.juju-log opensearch-peers:0: [Errno 111] Connection refused
unit-opensearch-0: 02:07:14 ERROR unit.opensearch/0.juju-log opensearch-peers:0: [Errno 111] Connection refused
unit-opensearch-0: 02:07:14 ERROR unit.opensearch/0.juju-log opensearch-peers:0: [Errno 111] Connection refused
unit-opensearch-0: 02:07:15 ERROR unit.opensearch/0.juju-log opensearch-peers:0: [Errno 111] Connection refused
unit-opensearch-0: 02:07:15 ERROR unit.opensearch/0.juju-log opensearch-peers:0: [Errno 111] Connection refused
unit-opensearch-0: 02:07:15 ERROR unit.opensearch/0.juju-log opensearch-peers:0: [Errno 111] Connection refused
unit-opensearch-0: 02:07:15 ERROR unit.opensearch/0.juju-log opensearch-peers:0: [Errno 111] Connection refused
unit-opensearch-0: 02:07:15 ERROR unit.opensearch/0.juju-log opensearch-peers:0: [Errno 111] Connection refused
unit-opensearch-0: 02:07:16 ERROR unit.opensearch/0.juju-log upgrade-version-a:1: [Errno 111] Connection refused
unit-opensearch-1: 02:07:16 ERROR unit.opensearch/1.juju-log [Errno 111] Connection refused
unit-opensearch-0: 02:07:17 ERROR unit.opensearch/0.juju-log upgrade-version-a:1: [Errno 111] Connection refused
unit-opensearch-0: 02:07:17 ERROR unit.opensearch/0.juju-log upgrade-version-a:1: [Errno 111] Connection refused
unit-opensearch-0: 02:07:17 ERROR unit.opensearch/0.juju-log upgrade-version-a:1: [Errno 111] Connection refused
unit-opensearch-0: 02:07:17 ERROR unit.opensearch/0.juju-log upgrade-version-a:1: [Errno 111] Connection refused
unit-opensearch-0: 02:08:34 ERROR unit.opensearch/0.juju-log Request GET to https://10.215.147.87:9200/_snapshot/s3-repository with payload: None failed.(Attempts left: 5)
	Error: 404 Client Error: Not Found for url: https://10.215.147.87:9200/_snapshot/s3-repository
unit-opensearch-0: 02:08:35 ERROR unit.opensearch/0.juju-log Request GET to https://10.215.147.87:9200/_snapshot/s3-repository with payload: None failed.(Attempts left: 4)
	Error: 404 Client Error: Not Found for url: https://10.215.147.87:9200/_snapshot/s3-repository
unit-opensearch-0: 02:08:37 ERROR unit.opensearch/0.juju-log Request GET to https://10.215.147.87:9200/_snapshot/s3-repository with payload: None failed.(Attempts left: 3)
	Error: 404 Client Error: Not Found for url: https://10.215.147.87:9200/_snapshot/s3-repository
unit-opensearch-0: 02:08:38 ERROR unit.opensearch/0.juju-log Request GET to https://10.215.147.87:9200/_snapshot/s3-repository with payload: None failed.(Attempts left: 2)
	Error: 404 Client Error: Not Found for url: https://10.215.147.87:9200/_snapshot/s3-repository
unit-opensearch-0: 02:08:39 ERROR unit.opensearch/0.juju-log Request GET to https://10.215.147.87:9200/_snapshot/s3-repository with payload: None failed.(Attempts left: 1)
	Error: 404 Client Error: Not Found for url: https://10.215.147.87:9200/_snapshot/s3-repository
unit-opensearch-1: 02:09:12 ERROR unit.opensearch/1.juju-log Uncaught exception while in charm code:
Traceback (most recent call last):
  File "/var/lib/juju/agents/unit-opensearch-1/charm/./src/charm.py", line 213, in <module>
    main(OpenSearchOperatorCharm)
  File "/var/lib/juju/agents/unit-opensearch-1/charm/venv/ops/main.py", line 549, in main
    manager = _Manager(charm_class, use_juju_for_storage=use_juju_for_storage)
  File "/var/lib/juju/agents/unit-opensearch-1/charm/venv/ops/main.py", line 432, in __init__
    self.charm = self._make_charm(self.framework, self.dispatcher)
  File "/var/lib/juju/agents/unit-opensearch-1/charm/venv/ops/main.py", line 435, in _make_charm
    charm = self._charm_class(framework)
  File "/var/lib/juju/agents/unit-opensearch-1/charm/./src/charm.py", line 29, in __init__
    super().__init__(*args, distro=OpenSearchSnap)  # OpenSearchTarball
  File "/var/lib/juju/agents/unit-opensearch-1/charm/lib/charms/opensearch/v0/opensearch_base_charm.py", line 197, in __init__
    self.backup = backup(self)
  File "/var/lib/juju/agents/unit-opensearch-1/charm/lib/charms/opensearch/v0/opensearch_backups.py", line 1080, in backup
    if not charm.opensearch_peer_cm.deployment_desc():
  File "/var/lib/juju/agents/unit-opensearch-1/charm/lib/charms/opensearch/v0/opensearch_peer_clusters.py", line 358, in deployment_desc
    return DeploymentDescription.from_dict(current_deployment_desc)
  File "/var/lib/juju/agents/unit-opensearch-1/charm/lib/charms/opensearch/v0/models.py", line 47, in from_dict
    return cls(**input_dict)
  File "/var/lib/juju/agents/unit-opensearch-1/charm/lib/charms/opensearch/v0/models.py", line 32, in __init__
    super().__init__(**data)
  File "/var/lib/juju/agents/unit-opensearch-1/charm/venv/pydantic/main.py", line 341, in __init__
    raise validation_error
pydantic.error_wrappers.ValidationError: 1 validation error for DeploymentDescription
app
  value is not a valid dict (type=type_error.dict)
unit-opensearch-0: 02:09:13 ERROR unit.opensearch/0.juju-log Uncaught exception while in charm code:
Traceback (most recent call last):
  File "/var/lib/juju/agents/unit-opensearch-0/charm/./src/charm.py", line 213, in <module>
    main(OpenSearchOperatorCharm)
  File "/var/lib/juju/agents/unit-opensearch-0/charm/venv/ops/main.py", line 549, in main
    manager = _Manager(charm_class, use_juju_for_storage=use_juju_for_storage)
  File "/var/lib/juju/agents/unit-opensearch-0/charm/venv/ops/main.py", line 432, in __init__
    self.charm = self._make_charm(self.framework, self.dispatcher)
  File "/var/lib/juju/agents/unit-opensearch-0/charm/venv/ops/main.py", line 435, in _make_charm
    charm = self._charm_class(framework)
  File "/var/lib/juju/agents/unit-opensearch-0/charm/./src/charm.py", line 29, in __init__
    super().__init__(*args, distro=OpenSearchSnap)  # OpenSearchTarball
  File "/var/lib/juju/agents/unit-opensearch-0/charm/lib/charms/opensearch/v0/opensearch_base_charm.py", line 197, in __init__
    self.backup = backup(self)
  File "/var/lib/juju/agents/unit-opensearch-0/charm/lib/charms/opensearch/v0/opensearch_backups.py", line 1080, in backup
    if not charm.opensearch_peer_cm.deployment_desc():
  File "/var/lib/juju/agents/unit-opensearch-0/charm/lib/charms/opensearch/v0/opensearch_peer_clusters.py", line 358, in deployment_desc
    return DeploymentDescription.from_dict(current_deployment_desc)
  File "/var/lib/juju/agents/unit-opensearch-0/charm/lib/charms/opensearch/v0/models.py", line 47, in from_dict
    return cls(**input_dict)
  File "/var/lib/juju/agents/unit-opensearch-0/charm/lib/charms/opensearch/v0/models.py", line 32, in __init__
    super().__init__(**data)
  File "/var/lib/juju/agents/unit-opensearch-0/charm/venv/pydantic/main.py", line 341, in __init__
    raise validation_error
pydantic.error_wrappers.ValidationError: 1 validation error for DeploymentDescription
app
  value is not a valid dict (type=type_error.dict)
unit-opensearch-2: 02:09:13 ERROR unit.opensearch/2.juju-log Uncaught exception while in charm code:
Traceback (most recent call last):
  File "/var/lib/juju/agents/unit-opensearch-2/charm/./src/charm.py", line 213, in <module>
    main(OpenSearchOperatorCharm)
  File "/var/lib/juju/agents/unit-opensearch-2/charm/venv/ops/main.py", line 549, in main
    manager = _Manager(charm_class, use_juju_for_storage=use_juju_for_storage)
  File "/var/lib/juju/agents/unit-opensearch-2/charm/venv/ops/main.py", line 432, in __init__
    self.charm = self._make_charm(self.framework, self.dispatcher)
  File "/var/lib/juju/agents/unit-opensearch-2/charm/venv/ops/main.py", line 435, in _make_charm
    charm = self._charm_class(framework)
  File "/var/lib/juju/agents/unit-opensearch-2/charm/./src/charm.py", line 29, in __init__
    super().__init__(*args, distro=OpenSearchSnap)  # OpenSearchTarball
  File "/var/lib/juju/agents/unit-opensearch-2/charm/lib/charms/opensearch/v0/opensearch_base_charm.py", line 197, in __init__
    self.backup = backup(self)
  File "/var/lib/juju/agents/unit-opensearch-2/charm/lib/charms/opensearch/v0/opensearch_backups.py", line 1080, in backup
    if not charm.opensearch_peer_cm.deployment_desc():
  File "/var/lib/juju/agents/unit-opensearch-2/charm/lib/charms/opensearch/v0/opensearch_peer_clusters.py", line 358, in deployment_desc
    return DeploymentDescription.from_dict(current_deployment_desc)
  File "/var/lib/juju/agents/unit-opensearch-2/charm/lib/charms/opensearch/v0/models.py", line 47, in from_dict
    return cls(**input_dict)
  File "/var/lib/juju/agents/unit-opensearch-2/charm/lib/charms/opensearch/v0/models.py", line 32, in __init__
    super().__init__(**data)
  File "/var/lib/juju/agents/unit-opensearch-2/charm/venv/pydantic/main.py", line 341, in __init__
    raise validation_error
pydantic.error_wrappers.ValidationError: 1 validation error for DeploymentDescription
app
  value is not a valid dict (type=type_error.dict)
unit-opensearch-1: 02:09:13 ERROR juju.worker.uniter.operation hook "upgrade-charm" (via hook dispatching script: dispatch) failed: exit status 1
unit-opensearch-0: 02:09:13 ERROR juju.worker.uniter.operation hook "upgrade-charm" (via hook dispatching script: dispatch) failed: exit status 1
unit-opensearch-2: 02:09:13 ERROR juju.worker.uniter.operation hook "upgrade-charm" (via hook dispatching script: dispatch) failed: exit status 1
unit-opensearch-1: 02:09:19 ERROR unit.opensearch/1.juju-log Uncaught exception while in charm code:
Traceback (most recent call last):
  File "/var/lib/juju/agents/unit-opensearch-1/charm/./src/charm.py", line 213, in <module>
    main(OpenSearchOperatorCharm)
  File "/var/lib/juju/agents/unit-opensearch-1/charm/venv/ops/main.py", line 549, in main
    manager = _Manager(charm_class, use_juju_for_storage=use_juju_for_storage)
  File "/var/lib/juju/agents/unit-opensearch-1/charm/venv/ops/main.py", line 432, in __init__
    self.charm = self._make_charm(self.framework, self.dispatcher)
  File "/var/lib/juju/agents/unit-opensearch-1/charm/venv/ops/main.py", line 435, in _make_charm
    charm = self._charm_class(framework)
  File "/var/lib/juju/agents/unit-opensearch-1/charm/./src/charm.py", line 29, in __init__
    super().__init__(*args, distro=OpenSearchSnap)  # OpenSearchTarball
  File "/var/lib/juju/agents/unit-opensearch-1/charm/lib/charms/opensearch/v0/opensearch_base_charm.py", line 197, in __init__
    self.backup = backup(self)
  File "/var/lib/juju/agents/unit-opensearch-1/charm/lib/charms/opensearch/v0/opensearch_backups.py", line 1080, in backup
    if not charm.opensearch_peer_cm.deployment_desc():
  File "/var/lib/juju/agents/unit-opensearch-1/charm/lib/charms/opensearch/v0/opensearch_peer_clusters.py", line 358, in deployment_desc
    return DeploymentDescription.from_dict(current_deployment_desc)
  File "/var/lib/juju/agents/unit-opensearch-1/charm/lib/charms/opensearch/v0/models.py", line 47, in from_dict
    return cls(**input_dict)
  File "/var/lib/juju/agents/unit-opensearch-1/charm/lib/charms/opensearch/v0/models.py", line 32, in __init__
    super().__init__(**data)
  File "/var/lib/juju/agents/unit-opensearch-1/charm/venv/pydantic/main.py", line 341, in __init__
    raise validation_error
pydantic.error_wrappers.ValidationError: 1 validation error for DeploymentDescription
app
  value is not a valid dict (type=type_error.dict)
unit-opensearch-2: 02:09:19 ERROR unit.opensearch/2.juju-log Uncaught exception while in charm code:
Traceback (most recent call last):
  File "/var/lib/juju/agents/unit-opensearch-2/charm/./src/charm.py", line 213, in <module>
    main(OpenSearchOperatorCharm)
  File "/var/lib/juju/agents/unit-opensearch-2/charm/venv/ops/main.py", line 549, in main
    manager = _Manager(charm_class, use_juju_for_storage=use_juju_for_storage)
  File "/var/lib/juju/agents/unit-opensearch-2/charm/venv/ops/main.py", line 432, in __init__
    self.charm = self._make_charm(self.framework, self.dispatcher)
  File "/var/lib/juju/agents/unit-opensearch-2/charm/venv/ops/main.py", line 435, in _make_charm
    charm = self._charm_class(framework)
  File "/var/lib/juju/agents/unit-opensearch-2/charm/./src/charm.py", line 29, in __init__
    super().__init__(*args, distro=OpenSearchSnap)  # OpenSearchTarball
  File "/var/lib/juju/agents/unit-opensearch-2/charm/lib/charms/opensearch/v0/opensearch_base_charm.py", line 197, in __init__
    self.backup = backup(self)
  File "/var/lib/juju/agents/unit-opensearch-2/charm/lib/charms/opensearch/v0/opensearch_backups.py", line 1080, in backup
    if not charm.opensearch_peer_cm.deployment_desc():
  File "/var/lib/juju/agents/unit-opensearch-2/charm/lib/charms/opensearch/v0/opensearch_peer_clusters.py", line 358, in deployment_desc
    return DeploymentDescription.from_dict(current_deployment_desc)
  File "/var/lib/juju/agents/unit-opensearch-2/charm/lib/charms/opensearch/v0/models.py", line 47, in from_dict
    return cls(**input_dict)
  File "/var/lib/juju/agents/unit-opensearch-2/charm/lib/charms/opensearch/v0/models.py", line 32, in __init__
    super().__init__(**data)
  File "/var/lib/juju/agents/unit-opensearch-2/charm/venv/pydantic/main.py", line 341, in __init__
    raise validation_error
pydantic.error_wrappers.ValidationError: 1 validation error for DeploymentDescription
app
  value is not a valid dict (type=type_error.dict)
unit-opensearch-0: 02:09:19 ERROR unit.opensearch/0.juju-log Uncaught exception while in charm code:
Traceback (most recent call last):
  File "/var/lib/juju/agents/unit-opensearch-0/charm/./src/charm.py", line 213, in <module>
    main(OpenSearchOperatorCharm)
  File "/var/lib/juju/agents/unit-opensearch-0/charm/venv/ops/main.py", line 549, in main
    manager = _Manager(charm_class, use_juju_for_storage=use_juju_for_storage)
  File "/var/lib/juju/agents/unit-opensearch-0/charm/venv/ops/main.py", line 432, in __init__
    self.charm = self._make_charm(self.framework, self.dispatcher)
  File "/var/lib/juju/agents/unit-opensearch-0/charm/venv/ops/main.py", line 435, in _make_charm
    charm = self._charm_class(framework)
  File "/var/lib/juju/agents/unit-opensearch-0/charm/./src/charm.py", line 29, in __init__
    super().__init__(*args, distro=OpenSearchSnap)  # OpenSearchTarball
  File "/var/lib/juju/agents/unit-opensearch-0/charm/lib/charms/opensearch/v0/opensearch_base_charm.py", line 197, in __init__
    self.backup = backup(self)
  File "/var/lib/juju/agents/unit-opensearch-0/charm/lib/charms/opensearch/v0/opensearch_backups.py", line 1080, in backup
    if not charm.opensearch_peer_cm.deployment_desc():
  File "/var/lib/juju/agents/unit-opensearch-0/charm/lib/charms/opensearch/v0/opensearch_peer_clusters.py", line 358, in deployment_desc
    return DeploymentDescription.from_dict(current_deployment_desc)
  File "/var/lib/juju/agents/unit-opensearch-0/charm/lib/charms/opensearch/v0/models.py", line 47, in from_dict
    return cls(**input_dict)
  File "/var/lib/juju/agents/unit-opensearch-0/charm/lib/charms/opensearch/v0/models.py", line 32, in __init__
    super().__init__(**data)
  File "/var/lib/juju/agents/unit-opensearch-0/charm/venv/pydantic/main.py", line 341, in __init__
    raise validation_error
pydantic.error_wrappers.ValidationError: 1 validation error for DeploymentDescription
app
  value is not a valid dict (type=type_error.dict)
unit-opensearch-1: 02:09:19 ERROR juju.worker.uniter.operation hook "upgrade-charm" (via hook dispatching script: dispatch) failed: exit status 1
unit-opensearch-2: 02:09:19 ERROR juju.worker.uniter.operation hook "upgrade-charm" (via hook dispatching script: dispatch) failed: exit status 1
unit-opensearch-0: 02:09:19 ERROR juju.worker.uniter.operation hook "upgrade-charm" (via hook dispatching script: dispatch) failed: exit status 1
unit-opensearch-2: 02:09:30 ERROR unit.opensearch/2.juju-log Uncaught exception while in charm code:
Traceback (most recent call last):
  File "/var/lib/juju/agents/unit-opensearch-2/charm/./src/charm.py", line 213, in <module>
    main(OpenSearchOperatorCharm)
  File "/var/lib/juju/agents/unit-opensearch-2/charm/venv/ops/main.py", line 549, in main
    manager = _Manager(charm_class, use_juju_for_storage=use_juju_for_storage)
  File "/var/lib/juju/agents/unit-opensearch-2/charm/venv/ops/main.py", line 432, in __init__
    self.charm = self._make_charm(self.framework, self.dispatcher)
  File "/var/lib/juju/agents/unit-opensearch-2/charm/venv/ops/main.py", line 435, in _make_charm
    charm = self._charm_class(framework)
  File "/var/lib/juju/agents/unit-opensearch-2/charm/./src/charm.py", line 29, in __init__
    super().__init__(*args, distro=OpenSearchSnap)  # OpenSearchTarball
  File "/var/lib/juju/agents/unit-opensearch-2/charm/lib/charms/opensearch/v0/opensearch_base_charm.py", line 197, in __init__
    self.backup = backup(self)
  File "/var/lib/juju/agents/unit-opensearch-2/charm/lib/charms/opensearch/v0/opensearch_backups.py", line 1080, in backup
    if not charm.opensearch_peer_cm.deployment_desc():
  File "/var/lib/juju/agents/unit-opensearch-2/charm/lib/charms/opensearch/v0/opensearch_peer_clusters.py", line 358, in deployment_desc
    return DeploymentDescription.from_dict(current_deployment_desc)
  File "/var/lib/juju/agents/unit-opensearch-2/charm/lib/charms/opensearch/v0/models.py", line 47, in from_dict
    return cls(**input_dict)
  File "/var/lib/juju/agents/unit-opensearch-2/charm/lib/charms/opensearch/v0/models.py", line 32, in __init__
    super().__init__(**data)
  File "/var/lib/juju/agents/unit-opensearch-2/charm/venv/pydantic/main.py", line 341, in __init__
    raise validation_error
pydantic.error_wrappers.ValidationError: 1 validation error for DeploymentDescription
app
  value is not a valid dict (type=type_error.dict)
unit-opensearch-1: 02:09:30 ERROR unit.opensearch/1.juju-log Uncaught exception while in charm code:
Traceback (most recent call last):
  File "/var/lib/juju/agents/unit-opensearch-1/charm/./src/charm.py", line 213, in <module>
    main(OpenSearchOperatorCharm)
  File "/var/lib/juju/agents/unit-opensearch-1/charm/venv/ops/main.py", line 549, in main
    manager = _Manager(charm_class, use_juju_for_storage=use_juju_for_storage)
  File "/var/lib/juju/agents/unit-opensearch-1/charm/venv/ops/main.py", line 432, in __init__
    self.charm = self._make_charm(self.framework, self.dispatcher)
  File "/var/lib/juju/agents/unit-opensearch-1/charm/venv/ops/main.py", line 435, in _make_charm
    charm = self._charm_class(framework)
  File "/var/lib/juju/agents/unit-opensearch-1/charm/./src/charm.py", line 29, in __init__
    super().__init__(*args, distro=OpenSearchSnap)  # OpenSearchTarball
  File "/var/lib/juju/agents/unit-opensearch-1/charm/lib/charms/opensearch/v0/opensearch_base_charm.py", line 197, in __init__
    self.backup = backup(self)
  File "/var/lib/juju/agents/unit-opensearch-1/charm/lib/charms/opensearch/v0/opensearch_backups.py", line 1080, in backup
    if not charm.opensearch_peer_cm.deployment_desc():
  File "/var/lib/juju/agents/unit-opensearch-1/charm/lib/charms/opensearch/v0/opensearch_peer_clusters.py", line 358, in deployment_desc
    return DeploymentDescription.from_dict(current_deployment_desc)
  File "/var/lib/juju/agents/unit-opensearch-1/charm/lib/charms/opensearch/v0/models.py", line 47, in from_dict
    return cls(**input_dict)
  File "/var/lib/juju/agents/unit-opensearch-1/charm/lib/charms/opensearch/v0/models.py", line 32, in __init__
    super().__init__(**data)
  File "/var/lib/juju/agents/unit-opensearch-1/charm/venv/pydantic/main.py", line 341, in __init__
    raise validation_error
pydantic.error_wrappers.ValidationError: 1 validation error for DeploymentDescription
app
  value is not a valid dict (type=type_error.dict)
unit-opensearch-2: 02:09:30 ERROR juju.worker.uniter.operation hook "upgrade-charm" (via hook dispatching script: dispatch) failed: exit status 1
unit-opensearch-0: 02:09:30 ERROR unit.opensearch/0.juju-log Uncaught exception while in charm code:
Traceback (most recent call last):
  File "/var/lib/juju/agents/unit-opensearch-0/charm/./src/charm.py", line 213, in <module>
    main(OpenSearchOperatorCharm)
  File "/var/lib/juju/agents/unit-opensearch-0/charm/venv/ops/main.py", line 549, in main
    manager = _Manager(charm_class, use_juju_for_storage=use_juju_for_storage)
  File "/var/lib/juju/agents/unit-opensearch-0/charm/venv/ops/main.py", line 432, in __init__
    self.charm = self._make_charm(self.framework, self.dispatcher)
  File "/var/lib/juju/agents/unit-opensearch-0/charm/venv/ops/main.py", line 435, in _make_charm
    charm = self._charm_class(framework)
  File "/var/lib/juju/agents/unit-opensearch-0/charm/./src/charm.py", line 29, in __init__
    super().__init__(*args, distro=OpenSearchSnap)  # OpenSearchTarball
  File "/var/lib/juju/agents/unit-opensearch-0/charm/lib/charms/opensearch/v0/opensearch_base_charm.py", line 197, in __init__
    self.backup = backup(self)
  File "/var/lib/juju/agents/unit-opensearch-0/charm/lib/charms/opensearch/v0/opensearch_backups.py", line 1080, in backup
    if not charm.opensearch_peer_cm.deployment_desc():
  File "/var/lib/juju/agents/unit-opensearch-0/charm/lib/charms/opensearch/v0/opensearch_peer_clusters.py", line 358, in deployment_desc
    return DeploymentDescription.from_dict(current_deployment_desc)
  File "/var/lib/juju/agents/unit-opensearch-0/charm/lib/charms/opensearch/v0/models.py", line 47, in from_dict
    return cls(**input_dict)
  File "/var/lib/juju/agents/unit-opensearch-0/charm/lib/charms/opensearch/v0/models.py", line 32, in __init__
    super().__init__(**data)
  File "/var/lib/juju/agents/unit-opensearch-0/charm/venv/pydantic/main.py", line 341, in __init__
    raise validation_error
pydantic.error_wrappers.ValidationError: 1 validation error for DeploymentDescription
app
  value is not a valid dict (type=type_error.dict)
unit-opensearch-1: 02:09:30 ERROR juju.worker.uniter.operation hook "upgrade-charm" (via hook dispatching script: dispatch) failed: exit status 1
unit-opensearch-0: 02:09:30 ERROR juju.worker.uniter.operation hook "upgrade-charm" (via hook dispatching script: dispatch) failed: exit status 1
unit-opensearch-1: 02:09:51 ERROR unit.opensearch/1.juju-log Uncaught exception while in charm code:
Traceback (most recent call last):
  File "/var/lib/juju/agents/unit-opensearch-1/charm/./src/charm.py", line 213, in <module>
    main(OpenSearchOperatorCharm)
  File "/var/lib/juju/agents/unit-opensearch-1/charm/venv/ops/main.py", line 549, in main
    manager = _Manager(charm_class, use_juju_for_storage=use_juju_for_storage)
  File "/var/lib/juju/agents/unit-opensearch-1/charm/venv/ops/main.py", line 432, in __init__
    self.charm = self._make_charm(self.framework, self.dispatcher)
  File "/var/lib/juju/agents/unit-opensearch-1/charm/venv/ops/main.py", line 435, in _make_charm
    charm = self._charm_class(framework)
  File "/var/lib/juju/agents/unit-opensearch-1/charm/./src/charm.py", line 29, in __init__
    super().__init__(*args, distro=OpenSearchSnap)  # OpenSearchTarball
  File "/var/lib/juju/agents/unit-opensearch-1/charm/lib/charms/opensearch/v0/opensearch_base_charm.py", line 197, in __init__
    self.backup = backup(self)
  File "/var/lib/juju/agents/unit-opensearch-1/charm/lib/charms/opensearch/v0/opensearch_backups.py", line 1080, in backup
    if not charm.opensearch_peer_cm.deployment_desc():
  File "/var/lib/juju/agents/unit-opensearch-1/charm/lib/charms/opensearch/v0/opensearch_peer_clusters.py", line 358, in deployment_desc
    return DeploymentDescription.from_dict(current_deployment_desc)
  File "/var/lib/juju/agents/unit-opensearch-1/charm/lib/charms/opensearch/v0/models.py", line 47, in from_dict
    return cls(**input_dict)
  File "/var/lib/juju/agents/unit-opensearch-1/charm/lib/charms/opensearch/v0/models.py", line 32, in __init__
    super().__init__(**data)
  File "/var/lib/juju/agents/unit-opensearch-1/charm/venv/pydantic/main.py", line 341, in __init__
    raise validation_error
pydantic.error_wrappers.ValidationError: 1 validation error for DeploymentDescription
app
  value is not a valid dict (type=type_error.dict)
unit-opensearch-2: 02:09:51 ERROR unit.opensearch/2.juju-log Uncaught exception while in charm code:
Traceback (most recent call last):
  File "/var/lib/juju/agents/unit-opensearch-2/charm/./src/charm.py", line 213, in <module>
    main(OpenSearchOperatorCharm)
  File "/var/lib/juju/agents/unit-opensearch-2/charm/venv/ops/main.py", line 549, in main
    manager = _Manager(charm_class, use_juju_for_storage=use_juju_for_storage)
  File "/var/lib/juju/agents/unit-opensearch-2/charm/venv/ops/main.py", line 432, in __init__
    self.charm = self._make_charm(self.framework, self.dispatcher)
  File "/var/lib/juju/agents/unit-opensearch-2/charm/venv/ops/main.py", line 435, in _make_charm
    charm = self._charm_class(framework)
  File "/var/lib/juju/agents/unit-opensearch-2/charm/./src/charm.py", line 29, in __init__
    super().__init__(*args, distro=OpenSearchSnap)  # OpenSearchTarball
  File "/var/lib/juju/agents/unit-opensearch-2/charm/lib/charms/opensearch/v0/opensearch_base_charm.py", line 197, in __init__
    self.backup = backup(self)
  File "/var/lib/juju/agents/unit-opensearch-2/charm/lib/charms/opensearch/v0/opensearch_backups.py", line 1080, in backup
    if not charm.opensearch_peer_cm.deployment_desc():
  File "/var/lib/juju/agents/unit-opensearch-2/charm/lib/charms/opensearch/v0/opensearch_peer_clusters.py", line 358, in deployment_desc
    return DeploymentDescription.from_dict(current_deployment_desc)
  File "/var/lib/juju/agents/unit-opensearch-2/charm/lib/charms/opensearch/v0/models.py", line 47, in from_dict
    return cls(**input_dict)
  File "/var/lib/juju/agents/unit-opensearch-2/charm/lib/charms/opensearch/v0/models.py", line 32, in __init__
    super().__init__(**data)
  File "/var/lib/juju/agents/unit-opensearch-2/charm/venv/pydantic/main.py", line 341, in __init__
    raise validation_error
pydantic.error_wrappers.ValidationError: 1 validation error for DeploymentDescription
app
  value is not a valid dict (type=type_error.dict)
unit-opensearch-1: 02:09:51 ERROR juju.worker.uniter.operation hook "upgrade-charm" (via hook dispatching script: dispatch) failed: exit status 1
unit-opensearch-2: 02:09:51 ERROR juju.worker.uniter.operation hook "upgrade-charm" (via hook dispatching script: dispatch) failed: exit status 1
unit-opensearch-0: 02:09:51 ERROR unit.opensearch/0.juju-log Uncaught exception while in charm code:
Traceback (most recent call last):
  File "/var/lib/juju/agents/unit-opensearch-0/charm/./src/charm.py", line 213, in <module>
    main(OpenSearchOperatorCharm)
  File "/var/lib/juju/agents/unit-opensearch-0/charm/venv/ops/main.py", line 549, in main
    manager = _Manager(charm_class, use_juju_for_storage=use_juju_for_storage)
  File "/var/lib/juju/agents/unit-opensearch-0/charm/venv/ops/main.py", line 432, in __init__
    self.charm = self._make_charm(self.framework, self.dispatcher)
  File "/var/lib/juju/agents/unit-opensearch-0/charm/venv/ops/main.py", line 435, in _make_charm
    charm = self._charm_class(framework)
  File "/var/lib/juju/agents/unit-opensearch-0/charm/./src/charm.py", line 29, in __init__
    super().__init__(*args, distro=OpenSearchSnap)  # OpenSearchTarball
  File "/var/lib/juju/agents/unit-opensearch-0/charm/lib/charms/opensearch/v0/opensearch_base_charm.py", line 197, in __init__
    self.backup = backup(self)
  File "/var/lib/juju/agents/unit-opensearch-0/charm/lib/charms/opensearch/v0/opensearch_backups.py", line 1080, in backup
    if not charm.opensearch_peer_cm.deployment_desc():
  File "/var/lib/juju/agents/unit-opensearch-0/charm/lib/charms/opensearch/v0/opensearch_peer_clusters.py", line 358, in deployment_desc
    return DeploymentDescription.from_dict(current_deployment_desc)
  File "/var/lib/juju/agents/unit-opensearch-0/charm/lib/charms/opensearch/v0/models.py", line 47, in from_dict
    return cls(**input_dict)
  File "/var/lib/juju/agents/unit-opensearch-0/charm/lib/charms/opensearch/v0/models.py", line 32, in __init__
    super().__init__(**data)
  File "/var/lib/juju/agents/unit-opensearch-0/charm/venv/pydantic/main.py", line 341, in __init__
    raise validation_error
pydantic.error_wrappers.ValidationError: 1 validation error for DeploymentDescription
app
  value is not a valid dict (type=type_error.dict)
unit-opensearch-0: 02:09:52 ERROR juju.worker.uniter.operation hook "upgrade-charm" (via hook dispatching script: dispatch) failed: exit status 1
unit-opensearch-2: 02:10:31 ERROR unit.opensearch/2.juju-log Uncaught exception while in charm code:
Traceback (most recent call last):
  File "/var/lib/juju/agents/unit-opensearch-2/charm/./src/charm.py", line 213, in <module>
    main(OpenSearchOperatorCharm)
  File "/var/lib/juju/agents/unit-opensearch-2/charm/venv/ops/main.py", line 549, in main
    manager = _Manager(charm_class, use_juju_for_storage=use_juju_for_storage)
  File "/var/lib/juju/agents/unit-opensearch-2/charm/venv/ops/main.py", line 432, in __init__
    self.charm = self._make_charm(self.framework, self.dispatcher)
  File "/var/lib/juju/agents/unit-opensearch-2/charm/venv/ops/main.py", line 435, in _make_charm
    charm = self._charm_class(framework)
  File "/var/lib/juju/agents/unit-opensearch-2/charm/./src/charm.py", line 29, in __init__
    super().__init__(*args, distro=OpenSearchSnap)  # OpenSearchTarball
  File "/var/lib/juju/agents/unit-opensearch-2/charm/lib/charms/opensearch/v0/opensearch_base_charm.py", line 197, in __init__
    self.backup = backup(self)
  File "/var/lib/juju/agents/unit-opensearch-2/charm/lib/charms/opensearch/v0/opensearch_backups.py", line 1080, in backup
    if not charm.opensearch_peer_cm.deployment_desc():
  File "/var/lib/juju/agents/unit-opensearch-2/charm/lib/charms/opensearch/v0/opensearch_peer_clusters.py", line 358, in deployment_desc
    return DeploymentDescription.from_dict(current_deployment_desc)
  File "/var/lib/juju/agents/unit-opensearch-2/charm/lib/charms/opensearch/v0/models.py", line 47, in from_dict
    return cls(**input_dict)
  File "/var/lib/juju/agents/unit-opensearch-2/charm/lib/charms/opensearch/v0/models.py", line 32, in __init__
    super().__init__(**data)
  File "/var/lib/juju/agents/unit-opensearch-2/charm/venv/pydantic/main.py", line 341, in __init__
    raise validation_error
pydantic.error_wrappers.ValidationError: 1 validation error for DeploymentDescription
app
  value is not a valid dict (type=type_error.dict)
unit-opensearch-2: 02:10:32 ERROR juju.worker.uniter.operation hook "upgrade-charm" (via hook dispatching script: dispatch) failed: exit status 1
unit-opensearch-1: 02:10:32 ERROR unit.opensearch/1.juju-log Uncaught exception while in charm code:
Traceback (most recent call last):
  File "/var/lib/juju/agents/unit-opensearch-1/charm/./src/charm.py", line 213, in <module>
    main(OpenSearchOperatorCharm)
  File "/var/lib/juju/agents/unit-opensearch-1/charm/venv/ops/main.py", line 549, in main
    manager = _Manager(charm_class, use_juju_for_storage=use_juju_for_storage)
  File "/var/lib/juju/agents/unit-opensearch-1/charm/venv/ops/main.py", line 432, in __init__
    self.charm = self._make_charm(self.framework, self.dispatcher)
  File "/var/lib/juju/agents/unit-opensearch-1/charm/venv/ops/main.py", line 435, in _make_charm
    charm = self._charm_class(framework)
  File "/var/lib/juju/agents/unit-opensearch-1/charm/./src/charm.py", line 29, in __init__
    super().__init__(*args, distro=OpenSearchSnap)  # OpenSearchTarball
  File "/var/lib/juju/agents/unit-opensearch-1/charm/lib/charms/opensearch/v0/opensearch_base_charm.py", line 197, in __init__
    self.backup = backup(self)
  File "/var/lib/juju/agents/unit-opensearch-1/charm/lib/charms/opensearch/v0/opensearch_backups.py", line 1080, in backup
    if not charm.opensearch_peer_cm.deployment_desc():
  File "/var/lib/juju/agents/unit-opensearch-1/charm/lib/charms/opensearch/v0/opensearch_peer_clusters.py", line 358, in deployment_desc
    return DeploymentDescription.from_dict(current_deployment_desc)
  File "/var/lib/juju/agents/unit-opensearch-1/charm/lib/charms/opensearch/v0/models.py", line 47, in from_dict
    return cls(**input_dict)
  File "/var/lib/juju/agents/unit-opensearch-1/charm/lib/charms/opensearch/v0/models.py", line 32, in __init__
    super().__init__(**data)
  File "/var/lib/juju/agents/unit-opensearch-1/charm/venv/pydantic/main.py", line 341, in __init__
    raise validation_error
pydantic.error_wrappers.ValidationError: 1 validation error for DeploymentDescription
app
  value is not a valid dict (type=type_error.dict)
unit-opensearch-1: 02:10:32 ERROR juju.worker.uniter.operation hook "upgrade-charm" (via hook dispatching script: dispatch) failed: exit status 1
unit-opensearch-0: 02:10:34 ERROR unit.opensearch/0.juju-log Uncaught exception while in charm code:
Traceback (most recent call last):
  File "/var/lib/juju/agents/unit-opensearch-0/charm/./src/charm.py", line 213, in <module>
    main(OpenSearchOperatorCharm)
  File "/var/lib/juju/agents/unit-opensearch-0/charm/venv/ops/main.py", line 549, in main
    manager = _Manager(charm_class, use_juju_for_storage=use_juju_for_storage)
  File "/var/lib/juju/agents/unit-opensearch-0/charm/venv/ops/main.py", line 432, in __init__
    self.charm = self._make_charm(self.framework, self.dispatcher)
  File "/var/lib/juju/agents/unit-opensearch-0/charm/venv/ops/main.py", line 435, in _make_charm
    charm = self._charm_class(framework)
  File "/var/lib/juju/agents/unit-opensearch-0/charm/./src/charm.py", line 29, in __init__
    super().__init__(*args, distro=OpenSearchSnap)  # OpenSearchTarball
  File "/var/lib/juju/agents/unit-opensearch-0/charm/lib/charms/opensearch/v0/opensearch_base_charm.py", line 197, in __init__
    self.backup = backup(self)
  File "/var/lib/juju/agents/unit-opensearch-0/charm/lib/charms/opensearch/v0/opensearch_backups.py", line 1080, in backup
    if not charm.opensearch_peer_cm.deployment_desc():
  File "/var/lib/juju/agents/unit-opensearch-0/charm/lib/charms/opensearch/v0/opensearch_peer_clusters.py", line 358, in deployment_desc
    return DeploymentDescription.from_dict(current_deployment_desc)
  File "/var/lib/juju/agents/unit-opensearch-0/charm/lib/charms/opensearch/v0/models.py", line 47, in from_dict
    return cls(**input_dict)
  File "/var/lib/juju/agents/unit-opensearch-0/charm/lib/charms/opensearch/v0/models.py", line 32, in __init__
    super().__init__(**data)
  File "/var/lib/juju/agents/unit-opensearch-0/charm/venv/pydantic/main.py", line 341, in __init__
    raise validation_error
pydantic.error_wrappers.ValidationError: 1 validation error for DeploymentDescription
app
  value is not a valid dict (type=type_error.dict)
unit-opensearch-0: 02:10:34 ERROR juju.worker.uniter.operation hook "upgrade-charm" (via hook dispatching script: dispatch) failed: exit status 1
unit-opensearch-2: 02:11:49 ERROR unit.opensearch/2.juju-log Uncaught exception while in charm code:
Traceback (most recent call last):
  File "/var/lib/juju/agents/unit-opensearch-2/charm/./src/charm.py", line 213, in <module>
    main(OpenSearchOperatorCharm)
  File "/var/lib/juju/agents/unit-opensearch-2/charm/venv/ops/main.py", line 549, in main
    manager = _Manager(charm_class, use_juju_for_storage=use_juju_for_storage)
  File "/var/lib/juju/agents/unit-opensearch-2/charm/venv/ops/main.py", line 432, in __init__
    self.charm = self._make_charm(self.framework, self.dispatcher)
  File "/var/lib/juju/agents/unit-opensearch-2/charm/venv/ops/main.py", line 435, in _make_charm
    charm = self._charm_class(framework)
  File "/var/lib/juju/agents/unit-opensearch-2/charm/./src/charm.py", line 29, in __init__
    super().__init__(*args, distro=OpenSearchSnap)  # OpenSearchTarball
  File "/var/lib/juju/agents/unit-opensearch-2/charm/lib/charms/opensearch/v0/opensearch_base_charm.py", line 197, in __init__
    self.backup = backup(self)
  File "/var/lib/juju/agents/unit-opensearch-2/charm/lib/charms/opensearch/v0/opensearch_backups.py", line 1080, in backup
    if not charm.opensearch_peer_cm.deployment_desc():
  File "/var/lib/juju/agents/unit-opensearch-2/charm/lib/charms/opensearch/v0/opensearch_peer_clusters.py", line 358, in deployment_desc
    return DeploymentDescription.from_dict(current_deployment_desc)
  File "/var/lib/juju/agents/unit-opensearch-2/charm/lib/charms/opensearch/v0/models.py", line 47, in from_dict
    return cls(**input_dict)
  File "/var/lib/juju/agents/unit-opensearch-2/charm/lib/charms/opensearch/v0/models.py", line 32, in __init__
    super().__init__(**data)
  File "/var/lib/juju/agents/unit-opensearch-2/charm/venv/pydantic/main.py", line 341, in __init__
    raise validation_error
pydantic.error_wrappers.ValidationError: 1 validation error for DeploymentDescription
app
  value is not a valid dict (type=type_error.dict)
unit-opensearch-2: 02:11:49 ERROR juju.worker.uniter.operation hook "upgrade-charm" (via hook dispatching script: dispatch) failed: exit status 1
unit-opensearch-1: 02:11:54 ERROR unit.opensearch/1.juju-log Uncaught exception while in charm code:
Traceback (most recent call last):
  File "/var/lib/juju/agents/unit-opensearch-1/charm/./src/charm.py", line 213, in <module>
    main(OpenSearchOperatorCharm)
  File "/var/lib/juju/agents/unit-opensearch-1/charm/venv/ops/main.py", line 549, in main
    manager = _Manager(charm_class, use_juju_for_storage=use_juju_for_storage)
  File "/var/lib/juju/agents/unit-opensearch-1/charm/venv/ops/main.py", line 432, in __init__
    self.charm = self._make_charm(self.framework, self.dispatcher)
  File "/var/lib/juju/agents/unit-opensearch-1/charm/venv/ops/main.py", line 435, in _make_charm
    charm = self._charm_class(framework)
  File "/var/lib/juju/agents/unit-opensearch-1/charm/./src/charm.py", line 29, in __init__
    super().__init__(*args, distro=OpenSearchSnap)  # OpenSearchTarball
  File "/var/lib/juju/agents/unit-opensearch-1/charm/lib/charms/opensearch/v0/opensearch_base_charm.py", line 197, in __init__
    self.backup = backup(self)
  File "/var/lib/juju/agents/unit-opensearch-1/charm/lib/charms/opensearch/v0/opensearch_backups.py", line 1080, in backup
    if not charm.opensearch_peer_cm.deployment_desc():
  File "/var/lib/juju/agents/unit-opensearch-1/charm/lib/charms/opensearch/v0/opensearch_peer_clusters.py", line 358, in deployment_desc
    return DeploymentDescription.from_dict(current_deployment_desc)
  File "/var/lib/juju/agents/unit-opensearch-1/charm/lib/charms/opensearch/v0/models.py", line 47, in from_dict
    return cls(**input_dict)
  File "/var/lib/juju/agents/unit-opensearch-1/charm/lib/charms/opensearch/v0/models.py", line 32, in __init__
    super().__init__(**data)
  File "/var/lib/juju/agents/unit-opensearch-1/charm/venv/pydantic/main.py", line 341, in __init__
    raise validation_error
pydantic.error_wrappers.ValidationError: 1 validation error for DeploymentDescription
app
  value is not a valid dict (type=type_error.dict)
unit-opensearch-1: 02:11:54 ERROR juju.worker.uniter.operation hook "upgrade-charm" (via hook dispatching script: dispatch) failed: exit status 1
unit-opensearch-0: 02:11:57 ERROR unit.opensearch/0.juju-log Uncaught exception while in charm code:
Traceback (most recent call last):
  File "/var/lib/juju/agents/unit-opensearch-0/charm/./src/charm.py", line 213, in <module>
    main(OpenSearchOperatorCharm)
  File "/var/lib/juju/agents/unit-opensearch-0/charm/venv/ops/main.py", line 549, in main
    manager = _Manager(charm_class, use_juju_for_storage=use_juju_for_storage)
  File "/var/lib/juju/agents/unit-opensearch-0/charm/venv/ops/main.py", line 432, in __init__
    self.charm = self._make_charm(self.framework, self.dispatcher)
  File "/var/lib/juju/agents/unit-opensearch-0/charm/venv/ops/main.py", line 435, in _make_charm
    charm = self._charm_class(framework)
  File "/var/lib/juju/agents/unit-opensearch-0/charm/./src/charm.py", line 29, in __init__
    super().__init__(*args, distro=OpenSearchSnap)  # OpenSearchTarball
  File "/var/lib/juju/agents/unit-opensearch-0/charm/lib/charms/opensearch/v0/opensearch_base_charm.py", line 197, in __init__
    self.backup = backup(self)
  File "/var/lib/juju/agents/unit-opensearch-0/charm/lib/charms/opensearch/v0/opensearch_backups.py", line 1080, in backup
    if not charm.opensearch_peer_cm.deployment_desc():
  File "/var/lib/juju/agents/unit-opensearch-0/charm/lib/charms/opensearch/v0/opensearch_peer_clusters.py", line 358, in deployment_desc
    return DeploymentDescription.from_dict(current_deployment_desc)
  File "/var/lib/juju/agents/unit-opensearch-0/charm/lib/charms/opensearch/v0/models.py", line 47, in from_dict
    return cls(**input_dict)
  File "/var/lib/juju/agents/unit-opensearch-0/charm/lib/charms/opensearch/v0/models.py", line 32, in __init__
    super().__init__(**data)
  File "/var/lib/juju/agents/unit-opensearch-0/charm/venv/pydantic/main.py", line 341, in __init__
    raise validation_error
pydantic.error_wrappers.ValidationError: 1 validation error for DeploymentDescription
app
  value is not a valid dict (type=type_error.dict)
unit-opensearch-0: 02:11:58 ERROR juju.worker.uniter.operation hook "upgrade-charm" (via hook dispatching script: dispatch) failed: exit status 1
unit-opensearch-2: 02:14:26 ERROR unit.opensearch/2.juju-log Uncaught exception while in charm code:
Traceback (most recent call last):
  File "/var/lib/juju/agents/unit-opensearch-2/charm/./src/charm.py", line 213, in <module>
    main(OpenSearchOperatorCharm)
  File "/var/lib/juju/agents/unit-opensearch-2/charm/venv/ops/main.py", line 549, in main
    manager = _Manager(charm_class, use_juju_for_storage=use_juju_for_storage)
  File "/var/lib/juju/agents/unit-opensearch-2/charm/venv/ops/main.py", line 432, in __init__
    self.charm = self._make_charm(self.framework, self.dispatcher)
  File "/var/lib/juju/agents/unit-opensearch-2/charm/venv/ops/main.py", line 435, in _make_charm
    charm = self._charm_class(framework)
  File "/var/lib/juju/agents/unit-opensearch-2/charm/./src/charm.py", line 29, in __init__
    super().__init__(*args, distro=OpenSearchSnap)  # OpenSearchTarball
  File "/var/lib/juju/agents/unit-opensearch-2/charm/lib/charms/opensearch/v0/opensearch_base_charm.py", line 197, in __init__
    self.backup = backup(self)
  File "/var/lib/juju/agents/unit-opensearch-2/charm/lib/charms/opensearch/v0/opensearch_backups.py", line 1080, in backup
    if not charm.opensearch_peer_cm.deployment_desc():
  File "/var/lib/juju/agents/unit-opensearch-2/charm/lib/charms/opensearch/v0/opensearch_peer_clusters.py", line 358, in deployment_desc
    return DeploymentDescription.from_dict(current_deployment_desc)
  File "/var/lib/juju/agents/unit-opensearch-2/charm/lib/charms/opensearch/v0/models.py", line 47, in from_dict
    return cls(**input_dict)
  File "/var/lib/juju/agents/unit-opensearch-2/charm/lib/charms/opensearch/v0/models.py", line 32, in __init__
    super().__init__(**data)
  File "/var/lib/juju/agents/unit-opensearch-2/charm/venv/pydantic/main.py", line 341, in __init__
    raise validation_error
pydantic.error_wrappers.ValidationError: 1 validation error for DeploymentDescription
app
  value is not a valid dict (type=type_error.dict)
unit-opensearch-2: 02:14:26 ERROR juju.worker.uniter.operation hook "upgrade-charm" (via hook dispatching script: dispatch) failed: exit status 1
unit-opensearch-1: 02:14:40 ERROR unit.opensearch/1.juju-log Uncaught exception while in charm code:
Traceback (most recent call last):
  File "/var/lib/juju/agents/unit-opensearch-1/charm/./src/charm.py", line 213, in <module>
    main(OpenSearchOperatorCharm)
  File "/var/lib/juju/agents/unit-opensearch-1/charm/venv/ops/main.py", line 549, in main
    manager = _Manager(charm_class, use_juju_for_storage=use_juju_for_storage)
  File "/var/lib/juju/agents/unit-opensearch-1/charm/venv/ops/main.py", line 432, in __init__
    self.charm = self._make_charm(self.framework, self.dispatcher)
  File "/var/lib/juju/agents/unit-opensearch-1/charm/venv/ops/main.py", line 435, in _make_charm
    charm = self._charm_class(framework)
  File "/var/lib/juju/agents/unit-opensearch-1/charm/./src/charm.py", line 29, in __init__
    super().__init__(*args, distro=OpenSearchSnap)  # OpenSearchTarball
  File "/var/lib/juju/agents/unit-opensearch-1/charm/lib/charms/opensearch/v0/opensearch_base_charm.py", line 197, in __init__
    self.backup = backup(self)
  File "/var/lib/juju/agents/unit-opensearch-1/charm/lib/charms/opensearch/v0/opensearch_backups.py", line 1080, in backup
    if not charm.opensearch_peer_cm.deployment_desc():
  File "/var/lib/juju/agents/unit-opensearch-1/charm/lib/charms/opensearch/v0/opensearch_peer_clusters.py", line 358, in deployment_desc
    return DeploymentDescription.from_dict(current_deployment_desc)
  File "/var/lib/juju/agents/unit-opensearch-1/charm/lib/charms/opensearch/v0/models.py", line 47, in from_dict
    return cls(**input_dict)
  File "/var/lib/juju/agents/unit-opensearch-1/charm/lib/charms/opensearch/v0/models.py", line 32, in __init__
    super().__init__(**data)
  File "/var/lib/juju/agents/unit-opensearch-1/charm/venv/pydantic/main.py", line 341, in __init__
    raise validation_error
pydantic.error_wrappers.ValidationError: 1 validation error for DeploymentDescription
app
  value is not a valid dict (type=type_error.dict)
unit-opensearch-1: 02:14:41 ERROR juju.worker.uniter.operation hook "upgrade-charm" (via hook dispatching script: dispatch) failed: exit status 1
unit-opensearch-0: 02:14:46 ERROR unit.opensearch/0.juju-log Uncaught exception while in charm code:
Traceback (most recent call last):
  File "/var/lib/juju/agents/unit-opensearch-0/charm/./src/charm.py", line 213, in <module>
    main(OpenSearchOperatorCharm)
  File "/var/lib/juju/agents/unit-opensearch-0/charm/venv/ops/main.py", line 549, in main
    manager = _Manager(charm_class, use_juju_for_storage=use_juju_for_storage)
  File "/var/lib/juju/agents/unit-opensearch-0/charm/venv/ops/main.py", line 432, in __init__
    self.charm = self._make_charm(self.framework, self.dispatcher)
  File "/var/lib/juju/agents/unit-opensearch-0/charm/venv/ops/main.py", line 435, in _make_charm
    charm = self._charm_class(framework)
  File "/var/lib/juju/agents/unit-opensearch-0/charm/./src/charm.py", line 29, in __init__
    super().__init__(*args, distro=OpenSearchSnap)  # OpenSearchTarball
  File "/var/lib/juju/agents/unit-opensearch-0/charm/lib/charms/opensearch/v0/opensearch_base_charm.py", line 197, in __init__
    self.backup = backup(self)
  File "/var/lib/juju/agents/unit-opensearch-0/charm/lib/charms/opensearch/v0/opensearch_backups.py", line 1080, in backup
    if not charm.opensearch_peer_cm.deployment_desc():
  File "/var/lib/juju/agents/unit-opensearch-0/charm/lib/charms/opensearch/v0/opensearch_peer_clusters.py", line 358, in deployment_desc
    return DeploymentDescription.from_dict(current_deployment_desc)
  File "/var/lib/juju/agents/unit-opensearch-0/charm/lib/charms/opensearch/v0/models.py", line 47, in from_dict
    return cls(**input_dict)
  File "/var/lib/juju/agents/unit-opensearch-0/charm/lib/charms/opensearch/v0/models.py", line 32, in __init__
    super().__init__(**data)
  File "/var/lib/juju/agents/unit-opensearch-0/charm/venv/pydantic/main.py", line 341, in __init__
    raise validation_error
pydantic.error_wrappers.ValidationError: 1 validation error for DeploymentDescription
app
  value is not a valid dict (type=type_error.dict)
unit-opensearch-0: 02:14:47 ERROR juju.worker.uniter.operation hook "upgrade-charm" (via hook dispatching script: dispatch) failed: exit status 1
unit-opensearch-2: 02:19:27 ERROR unit.opensearch/2.juju-log Uncaught exception while in charm code:
Traceback (most recent call last):
  File "/var/lib/juju/agents/unit-opensearch-2/charm/./src/charm.py", line 213, in <module>
    main(OpenSearchOperatorCharm)
  File "/var/lib/juju/agents/unit-opensearch-2/charm/venv/ops/main.py", line 549, in main
    manager = _Manager(charm_class, use_juju_for_storage=use_juju_for_storage)
  File "/var/lib/juju/agents/unit-opensearch-2/charm/venv/ops/main.py", line 432, in __init__
    self.charm = self._make_charm(self.framework, self.dispatcher)
  File "/var/lib/juju/agents/unit-opensearch-2/charm/venv/ops/main.py", line 435, in _make_charm
    charm = self._charm_class(framework)
  File "/var/lib/juju/agents/unit-opensearch-2/charm/./src/charm.py", line 29, in __init__
    super().__init__(*args, distro=OpenSearchSnap)  # OpenSearchTarball
  File "/var/lib/juju/agents/unit-opensearch-2/charm/lib/charms/opensearch/v0/opensearch_base_charm.py", line 197, in __init__
    self.backup = backup(self)
  File "/var/lib/juju/agents/unit-opensearch-2/charm/lib/charms/opensearch/v0/opensearch_backups.py", line 1080, in backup
    if not charm.opensearch_peer_cm.deployment_desc():
  File "/var/lib/juju/agents/unit-opensearch-2/charm/lib/charms/opensearch/v0/opensearch_peer_clusters.py", line 358, in deployment_desc
    return DeploymentDescription.from_dict(current_deployment_desc)
  File "/var/lib/juju/agents/unit-opensearch-2/charm/lib/charms/opensearch/v0/models.py", line 47, in from_dict
    return cls(**input_dict)
  File "/var/lib/juju/agents/unit-opensearch-2/charm/lib/charms/opensearch/v0/models.py", line 32, in __init__
    super().__init__(**data)
  File "/var/lib/juju/agents/unit-opensearch-2/charm/venv/pydantic/main.py", line 341, in __init__
    raise validation_error
pydantic.error_wrappers.ValidationError: 1 validation error for DeploymentDescription
app
  value is not a valid dict (type=type_error.dict)
unit-opensearch-2: 02:19:27 ERROR juju.worker.uniter.operation hook "upgrade-charm" (via hook dispatching script: dispatch) failed: exit status 1
unit-opensearch-1: 02:19:41 ERROR unit.opensearch/1.juju-log Uncaught exception while in charm code:
Traceback (most recent call last):
  File "/var/lib/juju/agents/unit-opensearch-1/charm/./src/charm.py", line 213, in <module>
    main(OpenSearchOperatorCharm)
  File "/var/lib/juju/agents/unit-opensearch-1/charm/venv/ops/main.py", line 549, in main
    manager = _Manager(charm_class, use_juju_for_storage=use_juju_for_storage)
  File "/var/lib/juju/agents/unit-opensearch-1/charm/venv/ops/main.py", line 432, in __init__
    self.charm = self._make_charm(self.framework, self.dispatcher)
  File "/var/lib/juju/agents/unit-opensearch-1/charm/venv/ops/main.py", line 435, in _make_charm
    charm = self._charm_class(framework)
  File "/var/lib/juju/agents/unit-opensearch-1/charm/./src/charm.py", line 29, in __init__
    super().__init__(*args, distro=OpenSearchSnap)  # OpenSearchTarball
  File "/var/lib/juju/agents/unit-opensearch-1/charm/lib/charms/opensearch/v0/opensearch_base_charm.py", line 197, in __init__
    self.backup = backup(self)
  File "/var/lib/juju/agents/unit-opensearch-1/charm/lib/charms/opensearch/v0/opensearch_backups.py", line 1080, in backup
    if not charm.opensearch_peer_cm.deployment_desc():
  File "/var/lib/juju/agents/unit-opensearch-1/charm/lib/charms/opensearch/v0/opensearch_peer_clusters.py", line 358, in deployment_desc
    return DeploymentDescription.from_dict(current_deployment_desc)
  File "/var/lib/juju/agents/unit-opensearch-1/charm/lib/charms/opensearch/v0/models.py", line 47, in from_dict
    return cls(**input_dict)
  File "/var/lib/juju/agents/unit-opensearch-1/charm/lib/charms/opensearch/v0/models.py", line 32, in __init__
    super().__init__(**data)
  File "/var/lib/juju/agents/unit-opensearch-1/charm/venv/pydantic/main.py", line 341, in __init__
    raise validation_error
pydantic.error_wrappers.ValidationError: 1 validation error for DeploymentDescription
app
  value is not a valid dict (type=type_error.dict)
unit-opensearch-1: 02:19:42 ERROR juju.worker.uniter.operation hook "upgrade-charm" (via hook dispatching script: dispatch) failed: exit status 1
unit-opensearch-0: 02:19:47 ERROR unit.opensearch/0.juju-log Uncaught exception while in charm code:
Traceback (most recent call last):
  File "/var/lib/juju/agents/unit-opensearch-0/charm/./src/charm.py", line 213, in <module>
    main(OpenSearchOperatorCharm)
  File "/var/lib/juju/agents/unit-opensearch-0/charm/venv/ops/main.py", line 549, in main
    manager = _Manager(charm_class, use_juju_for_storage=use_juju_for_storage)
  File "/var/lib/juju/agents/unit-opensearch-0/charm/venv/ops/main.py", line 432, in __init__
    self.charm = self._make_charm(self.framework, self.dispatcher)
  File "/var/lib/juju/agents/unit-opensearch-0/charm/venv/ops/main.py", line 435, in _make_charm
    charm = self._charm_class(framework)
  File "/var/lib/juju/agents/unit-opensearch-0/charm/./src/charm.py", line 29, in __init__
    super().__init__(*args, distro=OpenSearchSnap)  # OpenSearchTarball
  File "/var/lib/juju/agents/unit-opensearch-0/charm/lib/charms/opensearch/v0/opensearch_base_charm.py", line 197, in __init__
    self.backup = backup(self)
  File "/var/lib/juju/agents/unit-opensearch-0/charm/lib/charms/opensearch/v0/opensearch_backups.py", line 1080, in backup
    if not charm.opensearch_peer_cm.deployment_desc():
  File "/var/lib/juju/agents/unit-opensearch-0/charm/lib/charms/opensearch/v0/opensearch_peer_clusters.py", line 358, in deployment_desc
    return DeploymentDescription.from_dict(current_deployment_desc)
  File "/var/lib/juju/agents/unit-opensearch-0/charm/lib/charms/opensearch/v0/models.py", line 47, in from_dict
    return cls(**input_dict)
  File "/var/lib/juju/agents/unit-opensearch-0/charm/lib/charms/opensearch/v0/models.py", line 32, in __init__
    super().__init__(**data)
  File "/var/lib/juju/agents/unit-opensearch-0/charm/venv/pydantic/main.py", line 341, in __init__
    raise validation_error
pydantic.error_wrappers.ValidationError: 1 validation error for DeploymentDescription
app
  value is not a valid dict (type=type_error.dict)
unit-opensearch-0: 02:19:48 ERROR juju.worker.uniter.operation hook "upgrade-charm" (via hook dispatching script: dispatch) failed: exit status 1
unit-opensearch-2: 02:24:28 ERROR unit.opensearch/2.juju-log Uncaught exception while in charm code:
Traceback (most recent call last):
  File "/var/lib/juju/agents/unit-opensearch-2/charm/./src/charm.py", line 213, in <module>
    main(OpenSearchOperatorCharm)
  File "/var/lib/juju/agents/unit-opensearch-2/charm/venv/ops/main.py", line 549, in main
    manager = _Manager(charm_class, use_juju_for_storage=use_juju_for_storage)
  File "/var/lib/juju/agents/unit-opensearch-2/charm/venv/ops/main.py", line 432, in __init__
    self.charm = self._make_charm(self.framework, self.dispatcher)
  File "/var/lib/juju/agents/unit-opensearch-2/charm/venv/ops/main.py", line 435, in _make_charm
    charm = self._charm_class(framework)
  File "/var/lib/juju/agents/unit-opensearch-2/charm/./src/charm.py", line 29, in __init__
    super().__init__(*args, distro=OpenSearchSnap)  # OpenSearchTarball
  File "/var/lib/juju/agents/unit-opensearch-2/charm/lib/charms/opensearch/v0/opensearch_base_charm.py", line 197, in __init__
    self.backup = backup(self)
  File "/var/lib/juju/agents/unit-opensearch-2/charm/lib/charms/opensearch/v0/opensearch_backups.py", line 1080, in backup
    if not charm.opensearch_peer_cm.deployment_desc():
  File "/var/lib/juju/agents/unit-opensearch-2/charm/lib/charms/opensearch/v0/opensearch_peer_clusters.py", line 358, in deployment_desc
    return DeploymentDescription.from_dict(current_deployment_desc)
  File "/var/lib/juju/agents/unit-opensearch-2/charm/lib/charms/opensearch/v0/models.py", line 47, in from_dict
    return cls(**input_dict)
  File "/var/lib/juju/agents/unit-opensearch-2/charm/lib/charms/opensearch/v0/models.py", line 32, in __init__
    super().__init__(**data)
  File "/var/lib/juju/agents/unit-opensearch-2/charm/venv/pydantic/main.py", line 341, in __init__
    raise validation_error
pydantic.error_wrappers.ValidationError: 1 validation error for DeploymentDescription
app
  value is not a valid dict (type=type_error.dict)
unit-opensearch-2: 02:24:28 ERROR juju.worker.uniter.operation hook "upgrade-charm" (via hook dispatching script: dispatch) failed: exit status 1
unit-opensearch-1: 02:24:42 ERROR unit.opensearch/1.juju-log Uncaught exception while in charm code:
Traceback (most recent call last):
  File "/var/lib/juju/agents/unit-opensearch-1/charm/./src/charm.py", line 213, in <module>
    main(OpenSearchOperatorCharm)
  File "/var/lib/juju/agents/unit-opensearch-1/charm/venv/ops/main.py", line 549, in main
    manager = _Manager(charm_class, use_juju_for_storage=use_juju_for_storage)
  File "/var/lib/juju/agents/unit-opensearch-1/charm/venv/ops/main.py", line 432, in __init__
    self.charm = self._make_charm(self.framework, self.dispatcher)
  File "/var/lib/juju/agents/unit-opensearch-1/charm/venv/ops/main.py", line 435, in _make_charm
    charm = self._charm_class(framework)
  File "/var/lib/juju/agents/unit-opensearch-1/charm/./src/charm.py", line 29, in __init__
    super().__init__(*args, distro=OpenSearchSnap)  # OpenSearchTarball
  File "/var/lib/juju/agents/unit-opensearch-1/charm/lib/charms/opensearch/v0/opensearch_base_charm.py", line 197, in __init__
    self.backup = backup(self)
  File "/var/lib/juju/agents/unit-opensearch-1/charm/lib/charms/opensearch/v0/opensearch_backups.py", line 1080, in backup
    if not charm.opensearch_peer_cm.deployment_desc():
  File "/var/lib/juju/agents/unit-opensearch-1/charm/lib/charms/opensearch/v0/opensearch_peer_clusters.py", line 358, in deployment_desc
    return DeploymentDescription.from_dict(current_deployment_desc)
  File "/var/lib/juju/agents/unit-opensearch-1/charm/lib/charms/opensearch/v0/models.py", line 47, in from_dict
    return cls(**input_dict)
  File "/var/lib/juju/agents/unit-opensearch-1/charm/lib/charms/opensearch/v0/models.py", line 32, in __init__
    super().__init__(**data)
  File "/var/lib/juju/agents/unit-opensearch-1/charm/venv/pydantic/main.py", line 341, in __init__
    raise validation_error
pydantic.error_wrappers.ValidationError: 1 validation error for DeploymentDescription
app
  value is not a valid dict (type=type_error.dict)
unit-opensearch-1: 02:24:43 ERROR juju.worker.uniter.operation hook "upgrade-charm" (via hook dispatching script: dispatch) failed: exit status 1
unit-opensearch-0: 02:24:49 ERROR unit.opensearch/0.juju-log Uncaught exception while in charm code:
Traceback (most recent call last):
  File "/var/lib/juju/agents/unit-opensearch-0/charm/./src/charm.py", line 213, in <module>
    main(OpenSearchOperatorCharm)
  File "/var/lib/juju/agents/unit-opensearch-0/charm/venv/ops/main.py", line 549, in main
    manager = _Manager(charm_class, use_juju_for_storage=use_juju_for_storage)
  File "/var/lib/juju/agents/unit-opensearch-0/charm/venv/ops/main.py", line 432, in __init__
    self.charm = self._make_charm(self.framework, self.dispatcher)
  File "/var/lib/juju/agents/unit-opensearch-0/charm/venv/ops/main.py", line 435, in _make_charm
    charm = self._charm_class(framework)
  File "/var/lib/juju/agents/unit-opensearch-0/charm/./src/charm.py", line 29, in __init__
    super().__init__(*args, distro=OpenSearchSnap)  # OpenSearchTarball
  File "/var/lib/juju/agents/unit-opensearch-0/charm/lib/charms/opensearch/v0/opensearch_base_charm.py", line 197, in __init__
    self.backup = backup(self)
  File "/var/lib/juju/agents/unit-opensearch-0/charm/lib/charms/opensearch/v0/opensearch_backups.py", line 1080, in backup
    if not charm.opensearch_peer_cm.deployment_desc():
  File "/var/lib/juju/agents/unit-opensearch-0/charm/lib/charms/opensearch/v0/opensearch_peer_clusters.py", line 358, in deployment_desc
    return DeploymentDescription.from_dict(current_deployment_desc)
  File "/var/lib/juju/agents/unit-opensearch-0/charm/lib/charms/opensearch/v0/models.py", line 47, in from_dict
    return cls(**input_dict)
  File "/var/lib/juju/agents/unit-opensearch-0/charm/lib/charms/opensearch/v0/models.py", line 32, in __init__
    super().__init__(**data)
  File "/var/lib/juju/agents/unit-opensearch-0/charm/venv/pydantic/main.py", line 341, in __init__
    raise validation_error
pydantic.error_wrappers.ValidationError: 1 validation error for DeploymentDescription
app
  value is not a valid dict (type=type_error.dict)
unit-opensearch-0: 02:24:49 ERROR juju.worker.uniter.operation hook "upgrade-charm" (via hook dispatching script: dispatch) failed: exit status 1
unit-opensearch-2: 02:29:29 ERROR unit.opensearch/2.juju-log Uncaught exception while in charm code:
Traceback (most recent call last):
  File "/var/lib/juju/agents/unit-opensearch-2/charm/./src/charm.py", line 213, in <module>
    main(OpenSearchOperatorCharm)
  File "/var/lib/juju/agents/unit-opensearch-2/charm/venv/ops/main.py", line 549, in main
    manager = _Manager(charm_class, use_juju_for_storage=use_juju_for_storage)
  File "/var/lib/juju/agents/unit-opensearch-2/charm/venv/ops/main.py", line 432, in __init__
    self.charm = self._make_charm(self.framework, self.dispatcher)
  File "/var/lib/juju/agents/unit-opensearch-2/charm/venv/ops/main.py", line 435, in _make_charm
    charm = self._charm_class(framework)
  File "/var/lib/juju/agents/unit-opensearch-2/charm/./src/charm.py", line 29, in __init__
    super().__init__(*args, distro=OpenSearchSnap)  # OpenSearchTarball
  File "/var/lib/juju/agents/unit-opensearch-2/charm/lib/charms/opensearch/v0/opensearch_base_charm.py", line 197, in __init__
    self.backup = backup(self)
  File "/var/lib/juju/agents/unit-opensearch-2/charm/lib/charms/opensearch/v0/opensearch_backups.py", line 1080, in backup
    if not charm.opensearch_peer_cm.deployment_desc():
  File "/var/lib/juju/agents/unit-opensearch-2/charm/lib/charms/opensearch/v0/opensearch_peer_clusters.py", line 358, in deployment_desc
    return DeploymentDescription.from_dict(current_deployment_desc)
  File "/var/lib/juju/agents/unit-opensearch-2/charm/lib/charms/opensearch/v0/models.py", line 47, in from_dict
    return cls(**input_dict)
  File "/var/lib/juju/agents/unit-opensearch-2/charm/lib/charms/opensearch/v0/models.py", line 32, in __init__
    super().__init__(**data)
  File "/var/lib/juju/agents/unit-opensearch-2/charm/venv/pydantic/main.py", line 341, in __init__
    raise validation_error
pydantic.error_wrappers.ValidationError: 1 validation error for DeploymentDescription
app
  value is not a valid dict (type=type_error.dict)
unit-opensearch-2: 02:29:29 ERROR juju.worker.uniter.operation hook "upgrade-charm" (via hook dispatching script: dispatch) failed: exit status 1
unit-opensearch-1: 02:29:44 ERROR unit.opensearch/1.juju-log Uncaught exception while in charm code:
Traceback (most recent call last):
  File "/var/lib/juju/agents/unit-opensearch-1/charm/./src/charm.py", line 213, in <module>
    main(OpenSearchOperatorCharm)
  File "/var/lib/juju/agents/unit-opensearch-1/charm/venv/ops/main.py", line 549, in main
    manager = _Manager(charm_class, use_juju_for_storage=use_juju_for_storage)
  File "/var/lib/juju/agents/unit-opensearch-1/charm/venv/ops/main.py", line 432, in __init__
    self.charm = self._make_charm(self.framework, self.dispatcher)
  File "/var/lib/juju/agents/unit-opensearch-1/charm/venv/ops/main.py", line 435, in _make_charm
    charm = self._charm_class(framework)
  File "/var/lib/juju/agents/unit-opensearch-1/charm/./src/charm.py", line 29, in __init__
    super().__init__(*args, distro=OpenSearchSnap)  # OpenSearchTarball
  File "/var/lib/juju/agents/unit-opensearch-1/charm/lib/charms/opensearch/v0/opensearch_base_charm.py", line 197, in __init__
    self.backup = backup(self)
  File "/var/lib/juju/agents/unit-opensearch-1/charm/lib/charms/opensearch/v0/opensearch_backups.py", line 1080, in backup
    if not charm.opensearch_peer_cm.deployment_desc():
  File "/var/lib/juju/agents/unit-opensearch-1/charm/lib/charms/opensearch/v0/opensearch_peer_clusters.py", line 358, in deployment_desc
    return DeploymentDescription.from_dict(current_deployment_desc)
  File "/var/lib/juju/agents/unit-opensearch-1/charm/lib/charms/opensearch/v0/models.py", line 47, in from_dict
    return cls(**input_dict)
  File "/var/lib/juju/agents/unit-opensearch-1/charm/lib/charms/opensearch/v0/models.py", line 32, in __init__
    super().__init__(**data)
  File "/var/lib/juju/agents/unit-opensearch-1/charm/venv/pydantic/main.py", line 341, in __init__
    raise validation_error
pydantic.error_wrappers.ValidationError: 1 validation error for DeploymentDescription
app
  value is not a valid dict (type=type_error.dict)
unit-opensearch-1: 02:29:44 ERROR juju.worker.uniter.operation hook "upgrade-charm" (via hook dispatching script: dispatch) failed: exit status 1
unit-opensearch-0: 02:29:50 ERROR unit.opensearch/0.juju-log Uncaught exception while in charm code:
Traceback (most recent call last):
  File "/var/lib/juju/agents/unit-opensearch-0/charm/./src/charm.py", line 213, in <module>
    main(OpenSearchOperatorCharm)
  File "/var/lib/juju/agents/unit-opensearch-0/charm/venv/ops/main.py", line 549, in main
    manager = _Manager(charm_class, use_juju_for_storage=use_juju_for_storage)
  File "/var/lib/juju/agents/unit-opensearch-0/charm/venv/ops/main.py", line 432, in __init__
    self.charm = self._make_charm(self.framework, self.dispatcher)
  File "/var/lib/juju/agents/unit-opensearch-0/charm/venv/ops/main.py", line 435, in _make_charm
    charm = self._charm_class(framework)
  File "/var/lib/juju/agents/unit-opensearch-0/charm/./src/charm.py", line 29, in __init__
    super().__init__(*args, distro=OpenSearchSnap)  # OpenSearchTarball
  File "/var/lib/juju/agents/unit-opensearch-0/charm/lib/charms/opensearch/v0/opensearch_base_charm.py", line 197, in __init__
    self.backup = backup(self)
  File "/var/lib/juju/agents/unit-opensearch-0/charm/lib/charms/opensearch/v0/opensearch_backups.py", line 1080, in backup
    if not charm.opensearch_peer_cm.deployment_desc():
  File "/var/lib/juju/agents/unit-opensearch-0/charm/lib/charms/opensearch/v0/opensearch_peer_clusters.py", line 358, in deployment_desc
    return DeploymentDescription.from_dict(current_deployment_desc)
  File "/var/lib/juju/agents/unit-opensearch-0/charm/lib/charms/opensearch/v0/models.py", line 47, in from_dict
    return cls(**input_dict)
  File "/var/lib/juju/agents/unit-opensearch-0/charm/lib/charms/opensearch/v0/models.py", line 32, in __init__
    super().__init__(**data)
  File "/var/lib/juju/agents/unit-opensearch-0/charm/venv/pydantic/main.py", line 341, in __init__
    raise validation_error
pydantic.error_wrappers.ValidationError: 1 validation error for DeploymentDescription
app
  value is not a valid dict (type=type_error.dict)
unit-opensearch-0: 02:29:50 ERROR juju.worker.uniter.operation hook "upgrade-charm" (via hook dispatching script: dispatch) failed: exit status 1
unit-opensearch-2: 02:34:30 ERROR unit.opensearch/2.juju-log Uncaught exception while in charm code:
Traceback (most recent call last):
  File "/var/lib/juju/agents/unit-opensearch-2/charm/./src/charm.py", line 213, in <module>
    main(OpenSearchOperatorCharm)
  File "/var/lib/juju/agents/unit-opensearch-2/charm/venv/ops/main.py", line 549, in main
    manager = _Manager(charm_class, use_juju_for_storage=use_juju_for_storage)
  File "/var/lib/juju/agents/unit-opensearch-2/charm/venv/ops/main.py", line 432, in __init__
    self.charm = self._make_charm(self.framework, self.dispatcher)
  File "/var/lib/juju/agents/unit-opensearch-2/charm/venv/ops/main.py", line 435, in _make_charm
    charm = self._charm_class(framework)
  File "/var/lib/juju/agents/unit-opensearch-2/charm/./src/charm.py", line 29, in __init__
    super().__init__(*args, distro=OpenSearchSnap)  # OpenSearchTarball
  File "/var/lib/juju/agents/unit-opensearch-2/charm/lib/charms/opensearch/v0/opensearch_base_charm.py", line 197, in __init__
    self.backup = backup(self)
  File "/var/lib/juju/agents/unit-opensearch-2/charm/lib/charms/opensearch/v0/opensearch_backups.py", line 1080, in backup
    if not charm.opensearch_peer_cm.deployment_desc():
  File "/var/lib/juju/agents/unit-opensearch-2/charm/lib/charms/opensearch/v0/opensearch_peer_clusters.py", line 358, in deployment_desc
    return DeploymentDescription.from_dict(current_deployment_desc)
  File "/var/lib/juju/agents/unit-opensearch-2/charm/lib/charms/opensearch/v0/models.py", line 47, in from_dict
    return cls(**input_dict)
  File "/var/lib/juju/agents/unit-opensearch-2/charm/lib/charms/opensearch/v0/models.py", line 32, in __init__
    super().__init__(**data)
  File "/var/lib/juju/agents/unit-opensearch-2/charm/venv/pydantic/main.py", line 341, in __init__
    raise validation_error
pydantic.error_wrappers.ValidationError: 1 validation error for DeploymentDescription
app
  value is not a valid dict (type=type_error.dict)
unit-opensearch-2: 02:34:30 ERROR juju.worker.uniter.operation hook "upgrade-charm" (via hook dispatching script: dispatch) failed: exit status 1
unit-opensearch-1: 02:34:45 ERROR unit.opensearch/1.juju-log Uncaught exception while in charm code:
Traceback (most recent call last):
  File "/var/lib/juju/agents/unit-opensearch-1/charm/./src/charm.py", line 213, in <module>
    main(OpenSearchOperatorCharm)
  File "/var/lib/juju/agents/unit-opensearch-1/charm/venv/ops/main.py", line 549, in main
    manager = _Manager(charm_class, use_juju_for_storage=use_juju_for_storage)
  File "/var/lib/juju/agents/unit-opensearch-1/charm/venv/ops/main.py", line 432, in __init__
    self.charm = self._make_charm(self.framework, self.dispatcher)
  File "/var/lib/juju/agents/unit-opensearch-1/charm/venv/ops/main.py", line 435, in _make_charm
    charm = self._charm_class(framework)
  File "/var/lib/juju/agents/unit-opensearch-1/charm/./src/charm.py", line 29, in __init__
    super().__init__(*args, distro=OpenSearchSnap)  # OpenSearchTarball
  File "/var/lib/juju/agents/unit-opensearch-1/charm/lib/charms/opensearch/v0/opensearch_base_charm.py", line 197, in __init__
    self.backup = backup(self)
  File "/var/lib/juju/agents/unit-opensearch-1/charm/lib/charms/opensearch/v0/opensearch_backups.py", line 1080, in backup
    if not charm.opensearch_peer_cm.deployment_desc():
  File "/var/lib/juju/agents/unit-opensearch-1/charm/lib/charms/opensearch/v0/opensearch_peer_clusters.py", line 358, in deployment_desc
    return DeploymentDescription.from_dict(current_deployment_desc)
  File "/var/lib/juju/agents/unit-opensearch-1/charm/lib/charms/opensearch/v0/models.py", line 47, in from_dict
    return cls(**input_dict)
  File "/var/lib/juju/agents/unit-opensearch-1/charm/lib/charms/opensearch/v0/models.py", line 32, in __init__
    super().__init__(**data)
  File "/var/lib/juju/agents/unit-opensearch-1/charm/venv/pydantic/main.py", line 341, in __init__
    raise validation_error
pydantic.error_wrappers.ValidationError: 1 validation error for DeploymentDescription
app
  value is not a valid dict (type=type_error.dict)
unit-opensearch-1: 02:34:45 ERROR juju.worker.uniter.operation hook "upgrade-charm" (via hook dispatching script: dispatch) failed: exit status 1
unit-opensearch-0: 02:34:51 ERROR unit.opensearch/0.juju-log Uncaught exception while in charm code:
Traceback (most recent call last):
  File "/var/lib/juju/agents/unit-opensearch-0/charm/./src/charm.py", line 213, in <module>
    main(OpenSearchOperatorCharm)
  File "/var/lib/juju/agents/unit-opensearch-0/charm/venv/ops/main.py", line 549, in main
    manager = _Manager(charm_class, use_juju_for_storage=use_juju_for_storage)
  File "/var/lib/juju/agents/unit-opensearch-0/charm/venv/ops/main.py", line 432, in __init__
    self.charm = self._make_charm(self.framework, self.dispatcher)
  File "/var/lib/juju/agents/unit-opensearch-0/charm/venv/ops/main.py", line 435, in _make_charm
    charm = self._charm_class(framework)
  File "/var/lib/juju/agents/unit-opensearch-0/charm/./src/charm.py", line 29, in __init__
    super().__init__(*args, distro=OpenSearchSnap)  # OpenSearchTarball
  File "/var/lib/juju/agents/unit-opensearch-0/charm/lib/charms/opensearch/v0/opensearch_base_charm.py", line 197, in __init__
    self.backup = backup(self)
  File "/var/lib/juju/agents/unit-opensearch-0/charm/lib/charms/opensearch/v0/opensearch_backups.py", line 1080, in backup
    if not charm.opensearch_peer_cm.deployment_desc():
  File "/var/lib/juju/agents/unit-opensearch-0/charm/lib/charms/opensearch/v0/opensearch_peer_clusters.py", line 358, in deployment_desc
    return DeploymentDescription.from_dict(current_deployment_desc)
  File "/var/lib/juju/agents/unit-opensearch-0/charm/lib/charms/opensearch/v0/models.py", line 47, in from_dict
    return cls(**input_dict)
  File "/var/lib/juju/agents/unit-opensearch-0/charm/lib/charms/opensearch/v0/models.py", line 32, in __init__
    super().__init__(**data)
  File "/var/lib/juju/agents/unit-opensearch-0/charm/venv/pydantic/main.py", line 341, in __init__
    raise validation_error
pydantic.error_wrappers.ValidationError: 1 validation error for DeploymentDescription
app
  value is not a valid dict (type=type_error.dict)
unit-opensearch-0: 02:34:51 ERROR juju.worker.uniter.operation hook "upgrade-charm" (via hook dispatching script: dispatch) failed: exit status 1
unit-opensearch-2: 02:39:31 ERROR unit.opensearch/2.juju-log Uncaught exception while in charm code:
Traceback (most recent call last):
  File "/var/lib/juju/agents/unit-opensearch-2/charm/./src/charm.py", line 213, in <module>
    main(OpenSearchOperatorCharm)
  File "/var/lib/juju/agents/unit-opensearch-2/charm/venv/ops/main.py", line 549, in main
    manager = _Manager(charm_class, use_juju_for_storage=use_juju_for_storage)
  File "/var/lib/juju/agents/unit-opensearch-2/charm/venv/ops/main.py", line 432, in __init__
    self.charm = self._make_charm(self.framework, self.dispatcher)
  File "/var/lib/juju/agents/unit-opensearch-2/charm/venv/ops/main.py", line 435, in _make_charm
    charm = self._charm_class(framework)
  File "/var/lib/juju/agents/unit-opensearch-2/charm/./src/charm.py", line 29, in __init__
    super().__init__(*args, distro=OpenSearchSnap)  # OpenSearchTarball
  File "/var/lib/juju/agents/unit-opensearch-2/charm/lib/charms/opensearch/v0/opensearch_base_charm.py", line 197, in __init__
    self.backup = backup(self)
  File "/var/lib/juju/agents/unit-opensearch-2/charm/lib/charms/opensearch/v0/opensearch_backups.py", line 1080, in backup
    if not charm.opensearch_peer_cm.deployment_desc():
  File "/var/lib/juju/agents/unit-opensearch-2/charm/lib/charms/opensearch/v0/opensearch_peer_clusters.py", line 358, in deployment_desc
    return DeploymentDescription.from_dict(current_deployment_desc)
  File "/var/lib/juju/agents/unit-opensearch-2/charm/lib/charms/opensearch/v0/models.py", line 47, in from_dict
    return cls(**input_dict)
  File "/var/lib/juju/agents/unit-opensearch-2/charm/lib/charms/opensearch/v0/models.py", line 32, in __init__
    super().__init__(**data)
  File "/var/lib/juju/agents/unit-opensearch-2/charm/venv/pydantic/main.py", line 341, in __init__
    raise validation_error
pydantic.error_wrappers.ValidationError: 1 validation error for DeploymentDescription
app
  value is not a valid dict (type=type_error.dict)
unit-opensearch-2: 02:39:32 ERROR juju.worker.uniter.operation hook "upgrade-charm" (via hook dispatching script: dispatch) failed: exit status 1
unit-opensearch-1: 02:39:46 ERROR unit.opensearch/1.juju-log Uncaught exception while in charm code:
Traceback (most recent call last):
  File "/var/lib/juju/agents/unit-opensearch-1/charm/./src/charm.py", line 213, in <module>
    main(OpenSearchOperatorCharm)
  File "/var/lib/juju/agents/unit-opensearch-1/charm/venv/ops/main.py", line 549, in main
    manager = _Manager(charm_class, use_juju_for_storage=use_juju_for_storage)
  File "/var/lib/juju/agents/unit-opensearch-1/charm/venv/ops/main.py", line 432, in __init__
    self.charm = self._make_charm(self.framework, self.dispatcher)
  File "/var/lib/juju/agents/unit-opensearch-1/charm/venv/ops/main.py", line 435, in _make_charm
    charm = self._charm_class(framework)
  File "/var/lib/juju/agents/unit-opensearch-1/charm/./src/charm.py", line 29, in __init__
    super().__init__(*args, distro=OpenSearchSnap)  # OpenSearchTarball
  File "/var/lib/juju/agents/unit-opensearch-1/charm/lib/charms/opensearch/v0/opensearch_base_charm.py", line 197, in __init__
    self.backup = backup(self)
  File "/var/lib/juju/agents/unit-opensearch-1/charm/lib/charms/opensearch/v0/opensearch_backups.py", line 1080, in backup
    if not charm.opensearch_peer_cm.deployment_desc():
  File "/var/lib/juju/agents/unit-opensearch-1/charm/lib/charms/opensearch/v0/opensearch_peer_clusters.py", line 358, in deployment_desc
    return DeploymentDescription.from_dict(current_deployment_desc)
  File "/var/lib/juju/agents/unit-opensearch-1/charm/lib/charms/opensearch/v0/models.py", line 47, in from_dict
    return cls(**input_dict)
  File "/var/lib/juju/agents/unit-opensearch-1/charm/lib/charms/opensearch/v0/models.py", line 32, in __init__
    super().__init__(**data)
  File "/var/lib/juju/agents/unit-opensearch-1/charm/venv/pydantic/main.py", line 341, in __init__
    raise validation_error
pydantic.error_wrappers.ValidationError: 1 validation error for DeploymentDescription
app
  value is not a valid dict (type=type_error.dict)
unit-opensearch-1: 02:39:46 ERROR juju.worker.uniter.operation hook "upgrade-charm" (via hook dispatching script: dispatch) failed: exit status 1
unit-opensearch-0: 02:39:52 ERROR unit.opensearch/0.juju-log Uncaught exception while in charm code:
Traceback (most recent call last):
  File "/var/lib/juju/agents/unit-opensearch-0/charm/./src/charm.py", line 213, in <module>
    main(OpenSearchOperatorCharm)
  File "/var/lib/juju/agents/unit-opensearch-0/charm/venv/ops/main.py", line 549, in main
    manager = _Manager(charm_class, use_juju_for_storage=use_juju_for_storage)
  File "/var/lib/juju/agents/unit-opensearch-0/charm/venv/ops/main.py", line 432, in __init__
    self.charm = self._make_charm(self.framework, self.dispatcher)
  File "/var/lib/juju/agents/unit-opensearch-0/charm/venv/ops/main.py", line 435, in _make_charm
    charm = self._charm_class(framework)
  File "/var/lib/juju/agents/unit-opensearch-0/charm/./src/charm.py", line 29, in __init__
    super().__init__(*args, distro=OpenSearchSnap)  # OpenSearchTarball
  File "/var/lib/juju/agents/unit-opensearch-0/charm/lib/charms/opensearch/v0/opensearch_base_charm.py", line 197, in __init__
    self.backup = backup(self)
  File "/var/lib/juju/agents/unit-opensearch-0/charm/lib/charms/opensearch/v0/opensearch_backups.py", line 1080, in backup
    if not charm.opensearch_peer_cm.deployment_desc():
  File "/var/lib/juju/agents/unit-opensearch-0/charm/lib/charms/opensearch/v0/opensearch_peer_clusters.py", line 358, in deployment_desc
    return DeploymentDescription.from_dict(current_deployment_desc)
  File "/var/lib/juju/agents/unit-opensearch-0/charm/lib/charms/opensearch/v0/models.py", line 47, in from_dict
    return cls(**input_dict)
  File "/var/lib/juju/agents/unit-opensearch-0/charm/lib/charms/opensearch/v0/models.py", line 32, in __init__
    super().__init__(**data)
  File "/var/lib/juju/agents/unit-opensearch-0/charm/venv/pydantic/main.py", line 341, in __init__
    raise validation_error
pydantic.error_wrappers.ValidationError: 1 validation error for DeploymentDescription
app
  value is not a valid dict (type=type_error.dict)
unit-opensearch-0: 02:39:52 ERROR juju.worker.uniter.operation hook "upgrade-charm" (via hook dispatching script: dispatch) failed: exit status 1
unit-opensearch-0: 02:39:54 ERROR unit.opensearch/0.juju-log Uncaught exception while in charm code:
Traceback (most recent call last):
  File "/var/lib/juju/agents/unit-opensearch-0/charm/./src/charm.py", line 213, in <module>
    main(OpenSearchOperatorCharm)
  File "/var/lib/juju/agents/unit-opensearch-0/charm/venv/ops/main.py", line 549, in main
    manager = _Manager(charm_class, use_juju_for_storage=use_juju_for_storage)
  File "/var/lib/juju/agents/unit-opensearch-0/charm/venv/ops/main.py", line 432, in __init__
    self.charm = self._make_charm(self.framework, self.dispatcher)
  File "/var/lib/juju/agents/unit-opensearch-0/charm/venv/ops/main.py", line 435, in _make_charm
    charm = self._charm_class(framework)
  File "/var/lib/juju/agents/unit-opensearch-0/charm/./src/charm.py", line 29, in __init__
    super().__init__(*args, distro=OpenSearchSnap)  # OpenSearchTarball
  File "/var/lib/juju/agents/unit-opensearch-0/charm/lib/charms/opensearch/v0/opensearch_base_charm.py", line 197, in __init__
    self.backup = backup(self)
  File "/var/lib/juju/agents/unit-opensearch-0/charm/lib/charms/opensearch/v0/opensearch_backups.py", line 1080, in backup
    if not charm.opensearch_peer_cm.deployment_desc():
  File "/var/lib/juju/agents/unit-opensearch-0/charm/lib/charms/opensearch/v0/opensearch_peer_clusters.py", line 358, in deployment_desc
    return DeploymentDescription.from_dict(current_deployment_desc)
  File "/var/lib/juju/agents/unit-opensearch-0/charm/lib/charms/opensearch/v0/models.py", line 47, in from_dict
    return cls(**input_dict)
  File "/var/lib/juju/agents/unit-opensearch-0/charm/lib/charms/opensearch/v0/models.py", line 32, in __init__
    super().__init__(**data)
  File "/var/lib/juju/agents/unit-opensearch-0/charm/venv/pydantic/main.py", line 341, in __init__
    raise validation_error
pydantic.error_wrappers.ValidationError: 1 validation error for DeploymentDescription
app
  value is not a valid dict (type=type_error.dict)
unit-opensearch-2: 02:44:33 ERROR unit.opensearch/2.juju-log Uncaught exception while in charm code:
Traceback (most recent call last):
  File "/var/lib/juju/agents/unit-opensearch-2/charm/./src/charm.py", line 213, in <module>
    main(OpenSearchOperatorCharm)
  File "/var/lib/juju/agents/unit-opensearch-2/charm/venv/ops/main.py", line 549, in main
    manager = _Manager(charm_class, use_juju_for_storage=use_juju_for_storage)
  File "/var/lib/juju/agents/unit-opensearch-2/charm/venv/ops/main.py", line 432, in __init__
    self.charm = self._make_charm(self.framework, self.dispatcher)
  File "/var/lib/juju/agents/unit-opensearch-2/charm/venv/ops/main.py", line 435, in _make_charm
    charm = self._charm_class(framework)
  File "/var/lib/juju/agents/unit-opensearch-2/charm/./src/charm.py", line 29, in __init__
    super().__init__(*args, distro=OpenSearchSnap)  # OpenSearchTarball
  File "/var/lib/juju/agents/unit-opensearch-2/charm/lib/charms/opensearch/v0/opensearch_base_charm.py", line 197, in __init__
    self.backup = backup(self)
  File "/var/lib/juju/agents/unit-opensearch-2/charm/lib/charms/opensearch/v0/opensearch_backups.py", line 1080, in backup
    if not charm.opensearch_peer_cm.deployment_desc():
  File "/var/lib/juju/agents/unit-opensearch-2/charm/lib/charms/opensearch/v0/opensearch_peer_clusters.py", line 358, in deployment_desc
    return DeploymentDescription.from_dict(current_deployment_desc)
  File "/var/lib/juju/agents/unit-opensearch-2/charm/lib/charms/opensearch/v0/models.py", line 47, in from_dict
    return cls(**input_dict)
  File "/var/lib/juju/agents/unit-opensearch-2/charm/lib/charms/opensearch/v0/models.py", line 32, in __init__
    super().__init__(**data)
  File "/var/lib/juju/agents/unit-opensearch-2/charm/venv/pydantic/main.py", line 341, in __init__
    raise validation_error
pydantic.error_wrappers.ValidationError: 1 validation error for DeploymentDescription
app
  value is not a valid dict (type=type_error.dict)
unit-opensearch-2: 02:44:33 ERROR juju.worker.uniter.operation hook "upgrade-charm" (via hook dispatching script: dispatch) failed: exit status 1
unit-opensearch-1: 02:44:47 ERROR unit.opensearch/1.juju-log Uncaught exception while in charm code:
Traceback (most recent call last):
  File "/var/lib/juju/agents/unit-opensearch-1/charm/./src/charm.py", line 213, in <module>
    main(OpenSearchOperatorCharm)
  File "/var/lib/juju/agents/unit-opensearch-1/charm/venv/ops/main.py", line 549, in main
    manager = _Manager(charm_class, use_juju_for_storage=use_juju_for_storage)
  File "/var/lib/juju/agents/unit-opensearch-1/charm/venv/ops/main.py", line 432, in __init__
    self.charm = self._make_charm(self.framework, self.dispatcher)
  File "/var/lib/juju/agents/unit-opensearch-1/charm/venv/ops/main.py", line 435, in _make_charm
    charm = self._charm_class(framework)
  File "/var/lib/juju/agents/unit-opensearch-1/charm/./src/charm.py", line 29, in __init__
    super().__init__(*args, distro=OpenSearchSnap)  # OpenSearchTarball
  File "/var/lib/juju/agents/unit-opensearch-1/charm/lib/charms/opensearch/v0/opensearch_base_charm.py", line 197, in __init__
    self.backup = backup(self)
  File "/var/lib/juju/agents/unit-opensearch-1/charm/lib/charms/opensearch/v0/opensearch_backups.py", line 1080, in backup
    if not charm.opensearch_peer_cm.deployment_desc():
  File "/var/lib/juju/agents/unit-opensearch-1/charm/lib/charms/opensearch/v0/opensearch_peer_clusters.py", line 358, in deployment_desc
    return DeploymentDescription.from_dict(current_deployment_desc)
  File "/var/lib/juju/agents/unit-opensearch-1/charm/lib/charms/opensearch/v0/models.py", line 47, in from_dict
    return cls(**input_dict)
  File "/var/lib/juju/agents/unit-opensearch-1/charm/lib/charms/opensearch/v0/models.py", line 32, in __init__
    super().__init__(**data)
  File "/var/lib/juju/agents/unit-opensearch-1/charm/venv/pydantic/main.py", line 341, in __init__
    raise validation_error
pydantic.error_wrappers.ValidationError: 1 validation error for DeploymentDescription
app
  value is not a valid dict (type=type_error.dict)
unit-opensearch-1: 02:44:47 ERROR juju.worker.uniter.operation hook "upgrade-charm" (via hook dispatching script: dispatch) failed: exit status 1
unit-opensearch-0: 02:44:53 ERROR unit.opensearch/0.juju-log Uncaught exception while in charm code:
Traceback (most recent call last):
  File "/var/lib/juju/agents/unit-opensearch-0/charm/./src/charm.py", line 213, in <module>
    main(OpenSearchOperatorCharm)
  File "/var/lib/juju/agents/unit-opensearch-0/charm/venv/ops/main.py", line 549, in main
    manager = _Manager(charm_class, use_juju_for_storage=use_juju_for_storage)
  File "/var/lib/juju/agents/unit-opensearch-0/charm/venv/ops/main.py", line 432, in __init__
    self.charm = self._make_charm(self.framework, self.dispatcher)
  File "/var/lib/juju/agents/unit-opensearch-0/charm/venv/ops/main.py", line 435, in _make_charm
    charm = self._charm_class(framework)
  File "/var/lib/juju/agents/unit-opensearch-0/charm/./src/charm.py", line 29, in __init__
    super().__init__(*args, distro=OpenSearchSnap)  # OpenSearchTarball
  File "/var/lib/juju/agents/unit-opensearch-0/charm/lib/charms/opensearch/v0/opensearch_base_charm.py", line 197, in __init__
    self.backup = backup(self)
  File "/var/lib/juju/agents/unit-opensearch-0/charm/lib/charms/opensearch/v0/opensearch_backups.py", line 1080, in backup
    if not charm.opensearch_peer_cm.deployment_desc():
  File "/var/lib/juju/agents/unit-opensearch-0/charm/lib/charms/opensearch/v0/opensearch_peer_clusters.py", line 358, in deployment_desc
    return DeploymentDescription.from_dict(current_deployment_desc)
  File "/var/lib/juju/agents/unit-opensearch-0/charm/lib/charms/opensearch/v0/models.py", line 47, in from_dict
    return cls(**input_dict)
  File "/var/lib/juju/agents/unit-opensearch-0/charm/lib/charms/opensearch/v0/models.py", line 32, in __init__
    super().__init__(**data)
  File "/var/lib/juju/agents/unit-opensearch-0/charm/venv/pydantic/main.py", line 341, in __init__
    raise validation_error
pydantic.error_wrappers.ValidationError: 1 validation error for DeploymentDescription
app
  value is not a valid dict (type=type_error.dict)
unit-opensearch-0: 02:44:53 ERROR juju.worker.uniter.operation hook "upgrade-charm" (via hook dispatching script: dispatch) failed: exit status 1
unit-opensearch-2: 02:49:34 ERROR unit.opensearch/2.juju-log Uncaught exception while in charm code:
Traceback (most recent call last):
  File "/var/lib/juju/agents/unit-opensearch-2/charm/./src/charm.py", line 213, in <module>
    main(OpenSearchOperatorCharm)
  File "/var/lib/juju/agents/unit-opensearch-2/charm/venv/ops/main.py", line 549, in main
    manager = _Manager(charm_class, use_juju_for_storage=use_juju_for_storage)
  File "/var/lib/juju/agents/unit-opensearch-2/charm/venv/ops/main.py", line 432, in __init__
    self.charm = self._make_charm(self.framework, self.dispatcher)
  File "/var/lib/juju/agents/unit-opensearch-2/charm/venv/ops/main.py", line 435, in _make_charm
    charm = self._charm_class(framework)
  File "/var/lib/juju/agents/unit-opensearch-2/charm/./src/charm.py", line 29, in __init__
    super().__init__(*args, distro=OpenSearchSnap)  # OpenSearchTarball
  File "/var/lib/juju/agents/unit-opensearch-2/charm/lib/charms/opensearch/v0/opensearch_base_charm.py", line 197, in __init__
    self.backup = backup(self)
  File "/var/lib/juju/agents/unit-opensearch-2/charm/lib/charms/opensearch/v0/opensearch_backups.py", line 1080, in backup
    if not charm.opensearch_peer_cm.deployment_desc():
  File "/var/lib/juju/agents/unit-opensearch-2/charm/lib/charms/opensearch/v0/opensearch_peer_clusters.py", line 358, in deployment_desc
    return DeploymentDescription.from_dict(current_deployment_desc)
  File "/var/lib/juju/agents/unit-opensearch-2/charm/lib/charms/opensearch/v0/models.py", line 47, in from_dict
    return cls(**input_dict)
  File "/var/lib/juju/agents/unit-opensearch-2/charm/lib/charms/opensearch/v0/models.py", line 32, in __init__
    super().__init__(**data)
  File "/var/lib/juju/agents/unit-opensearch-2/charm/venv/pydantic/main.py", line 341, in __init__
    raise validation_error
pydantic.error_wrappers.ValidationError: 1 validation error for DeploymentDescription
app
  value is not a valid dict (type=type_error.dict)
unit-opensearch-2: 02:49:34 ERROR juju.worker.uniter.operation hook "upgrade-charm" (via hook dispatching script: dispatch) failed: exit status 1
unit-opensearch-1: 02:49:48 ERROR unit.opensearch/1.juju-log Uncaught exception while in charm code:
Traceback (most recent call last):
  File "/var/lib/juju/agents/unit-opensearch-1/charm/./src/charm.py", line 213, in <module>
    main(OpenSearchOperatorCharm)
  File "/var/lib/juju/agents/unit-opensearch-1/charm/venv/ops/main.py", line 549, in main
    manager = _Manager(charm_class, use_juju_for_storage=use_juju_for_storage)
  File "/var/lib/juju/agents/unit-opensearch-1/charm/venv/ops/main.py", line 432, in __init__
    self.charm = self._make_charm(self.framework, self.dispatcher)
  File "/var/lib/juju/agents/unit-opensearch-1/charm/venv/ops/main.py", line 435, in _make_charm
    charm = self._charm_class(framework)
  File "/var/lib/juju/agents/unit-opensearch-1/charm/./src/charm.py", line 29, in __init__
    super().__init__(*args, distro=OpenSearchSnap)  # OpenSearchTarball
  File "/var/lib/juju/agents/unit-opensearch-1/charm/lib/charms/opensearch/v0/opensearch_base_charm.py", line 197, in __init__
    self.backup = backup(self)
  File "/var/lib/juju/agents/unit-opensearch-1/charm/lib/charms/opensearch/v0/opensearch_backups.py", line 1080, in backup
    if not charm.opensearch_peer_cm.deployment_desc():
  File "/var/lib/juju/agents/unit-opensearch-1/charm/lib/charms/opensearch/v0/opensearch_peer_clusters.py", line 358, in deployment_desc
    return DeploymentDescription.from_dict(current_deployment_desc)
  File "/var/lib/juju/agents/unit-opensearch-1/charm/lib/charms/opensearch/v0/models.py", line 47, in from_dict
    return cls(**input_dict)
  File "/var/lib/juju/agents/unit-opensearch-1/charm/lib/charms/opensearch/v0/models.py", line 32, in __init__
    super().__init__(**data)
  File "/var/lib/juju/agents/unit-opensearch-1/charm/venv/pydantic/main.py", line 341, in __init__
    raise validation_error
pydantic.error_wrappers.ValidationError: 1 validation error for DeploymentDescription
app
  value is not a valid dict (type=type_error.dict)
unit-opensearch-1: 02:49:48 ERROR juju.worker.uniter.operation hook "upgrade-charm" (via hook dispatching script: dispatch) failed: exit status 1
unit-opensearch-0: 02:49:54 ERROR unit.opensearch/0.juju-log Uncaught exception while in charm code:
Traceback (most recent call last):
  File "/var/lib/juju/agents/unit-opensearch-0/charm/./src/charm.py", line 213, in <module>
    main(OpenSearchOperatorCharm)
  File "/var/lib/juju/agents/unit-opensearch-0/charm/venv/ops/main.py", line 549, in main
    manager = _Manager(charm_class, use_juju_for_storage=use_juju_for_storage)
  File "/var/lib/juju/agents/unit-opensearch-0/charm/venv/ops/main.py", line 432, in __init__
    self.charm = self._make_charm(self.framework, self.dispatcher)
  File "/var/lib/juju/agents/unit-opensearch-0/charm/venv/ops/main.py", line 435, in _make_charm
    charm = self._charm_class(framework)
  File "/var/lib/juju/agents/unit-opensearch-0/charm/./src/charm.py", line 29, in __init__
    super().__init__(*args, distro=OpenSearchSnap)  # OpenSearchTarball
  File "/var/lib/juju/agents/unit-opensearch-0/charm/lib/charms/opensearch/v0/opensearch_base_charm.py", line 197, in __init__
    self.backup = backup(self)
  File "/var/lib/juju/agents/unit-opensearch-0/charm/lib/charms/opensearch/v0/opensearch_backups.py", line 1080, in backup
    if not charm.opensearch_peer_cm.deployment_desc():
  File "/var/lib/juju/agents/unit-opensearch-0/charm/lib/charms/opensearch/v0/opensearch_peer_clusters.py", line 358, in deployment_desc
    return DeploymentDescription.from_dict(current_deployment_desc)
  File "/var/lib/juju/agents/unit-opensearch-0/charm/lib/charms/opensearch/v0/models.py", line 47, in from_dict
    return cls(**input_dict)
  File "/var/lib/juju/agents/unit-opensearch-0/charm/lib/charms/opensearch/v0/models.py", line 32, in __init__
    super().__init__(**data)
  File "/var/lib/juju/agents/unit-opensearch-0/charm/venv/pydantic/main.py", line 341, in __init__
    raise validation_error
pydantic.error_wrappers.ValidationError: 1 validation error for DeploymentDescription
app
  value is not a valid dict (type=type_error.dict)
unit-opensearch-0: 02:49:54 ERROR juju.worker.uniter.operation hook "upgrade-charm" (via hook dispatching script: dispatch) failed: exit status 1
unit-opensearch-2: 02:54:35 ERROR unit.opensearch/2.juju-log Uncaught exception while in charm code:
Traceback (most recent call last):
  File "/var/lib/juju/agents/unit-opensearch-2/charm/./src/charm.py", line 213, in <module>
    main(OpenSearchOperatorCharm)
  File "/var/lib/juju/agents/unit-opensearch-2/charm/venv/ops/main.py", line 549, in main
    manager = _Manager(charm_class, use_juju_for_storage=use_juju_for_storage)
  File "/var/lib/juju/agents/unit-opensearch-2/charm/venv/ops/main.py", line 432, in __init__
    self.charm = self._make_charm(self.framework, self.dispatcher)
  File "/var/lib/juju/agents/unit-opensearch-2/charm/venv/ops/main.py", line 435, in _make_charm
    charm = self._charm_class(framework)
  File "/var/lib/juju/agents/unit-opensearch-2/charm/./src/charm.py", line 29, in __init__
    super().__init__(*args, distro=OpenSearchSnap)  # OpenSearchTarball
  File "/var/lib/juju/agents/unit-opensearch-2/charm/lib/charms/opensearch/v0/opensearch_base_charm.py", line 197, in __init__
    self.backup = backup(self)
  File "/var/lib/juju/agents/unit-opensearch-2/charm/lib/charms/opensearch/v0/opensearch_backups.py", line 1080, in backup
    if not charm.opensearch_peer_cm.deployment_desc():
  File "/var/lib/juju/agents/unit-opensearch-2/charm/lib/charms/opensearch/v0/opensearch_peer_clusters.py", line 358, in deployment_desc
    return DeploymentDescription.from_dict(current_deployment_desc)
  File "/var/lib/juju/agents/unit-opensearch-2/charm/lib/charms/opensearch/v0/models.py", line 47, in from_dict
    return cls(**input_dict)
  File "/var/lib/juju/agents/unit-opensearch-2/charm/lib/charms/opensearch/v0/models.py", line 32, in __init__
    super().__init__(**data)
  File "/var/lib/juju/agents/unit-opensearch-2/charm/venv/pydantic/main.py", line 341, in __init__
    raise validation_error
pydantic.error_wrappers.ValidationError: 1 validation error for DeploymentDescription
app
  value is not a valid dict (type=type_error.dict)
unit-opensearch-2: 02:54:35 ERROR juju.worker.uniter.operation hook "upgrade-charm" (via hook dispatching script: dispatch) failed: exit status 1
unit-opensearch-1: 02:54:49 ERROR unit.opensearch/1.juju-log Uncaught exception while in charm code:
Traceback (most recent call last):
  File "/var/lib/juju/agents/unit-opensearch-1/charm/./src/charm.py", line 213, in <module>
    main(OpenSearchOperatorCharm)
  File "/var/lib/juju/agents/unit-opensearch-1/charm/venv/ops/main.py", line 549, in main
    manager = _Manager(charm_class, use_juju_for_storage=use_juju_for_storage)
  File "/var/lib/juju/agents/unit-opensearch-1/charm/venv/ops/main.py", line 432, in __init__
    self.charm = self._make_charm(self.framework, self.dispatcher)
  File "/var/lib/juju/agents/unit-opensearch-1/charm/venv/ops/main.py", line 435, in _make_charm
    charm = self._charm_class(framework)
  File "/var/lib/juju/agents/unit-opensearch-1/charm/./src/charm.py", line 29, in __init__
    super().__init__(*args, distro=OpenSearchSnap)  # OpenSearchTarball
  File "/var/lib/juju/agents/unit-opensearch-1/charm/lib/charms/opensearch/v0/opensearch_base_charm.py", line 197, in __init__
    self.backup = backup(self)
  File "/var/lib/juju/agents/unit-opensearch-1/charm/lib/charms/opensearch/v0/opensearch_backups.py", line 1080, in backup
    if not charm.opensearch_peer_cm.deployment_desc():
  File "/var/lib/juju/agents/unit-opensearch-1/charm/lib/charms/opensearch/v0/opensearch_peer_clusters.py", line 358, in deployment_desc
    return DeploymentDescription.from_dict(current_deployment_desc)
  File "/var/lib/juju/agents/unit-opensearch-1/charm/lib/charms/opensearch/v0/models.py", line 47, in from_dict
    return cls(**input_dict)
  File "/var/lib/juju/agents/unit-opensearch-1/charm/lib/charms/opensearch/v0/models.py", line 32, in __init__
    super().__init__(**data)
  File "/var/lib/juju/agents/unit-opensearch-1/charm/venv/pydantic/main.py", line 341, in __init__
    raise validation_error
pydantic.error_wrappers.ValidationError: 1 validation error for DeploymentDescription
app
  value is not a valid dict (type=type_error.dict)
unit-opensearch-1: 02:54:49 ERROR juju.worker.uniter.operation hook "upgrade-charm" (via hook dispatching script: dispatch) failed: exit status 1
unit-opensearch-0: 02:54:55 ERROR unit.opensearch/0.juju-log Uncaught exception while in charm code:
Traceback (most recent call last):
  File "/var/lib/juju/agents/unit-opensearch-0/charm/./src/charm.py", line 213, in <module>
    main(OpenSearchOperatorCharm)
  File "/var/lib/juju/agents/unit-opensearch-0/charm/venv/ops/main.py", line 549, in main
    manager = _Manager(charm_class, use_juju_for_storage=use_juju_for_storage)
  File "/var/lib/juju/agents/unit-opensearch-0/charm/venv/ops/main.py", line 432, in __init__
    self.charm = self._make_charm(self.framework, self.dispatcher)
  File "/var/lib/juju/agents/unit-opensearch-0/charm/venv/ops/main.py", line 435, in _make_charm
    charm = self._charm_class(framework)
  File "/var/lib/juju/agents/unit-opensearch-0/charm/./src/charm.py", line 29, in __init__
    super().__init__(*args, distro=OpenSearchSnap)  # OpenSearchTarball
  File "/var/lib/juju/agents/unit-opensearch-0/charm/lib/charms/opensearch/v0/opensearch_base_charm.py", line 197, in __init__
    self.backup = backup(self)
  File "/var/lib/juju/agents/unit-opensearch-0/charm/lib/charms/opensearch/v0/opensearch_backups.py", line 1080, in backup
    if not charm.opensearch_peer_cm.deployment_desc():
  File "/var/lib/juju/agents/unit-opensearch-0/charm/lib/charms/opensearch/v0/opensearch_peer_clusters.py", line 358, in deployment_desc
    return DeploymentDescription.from_dict(current_deployment_desc)
  File "/var/lib/juju/agents/unit-opensearch-0/charm/lib/charms/opensearch/v0/models.py", line 47, in from_dict
    return cls(**input_dict)
  File "/var/lib/juju/agents/unit-opensearch-0/charm/lib/charms/opensearch/v0/models.py", line 32, in __init__
    super().__init__(**data)
  File "/var/lib/juju/agents/unit-opensearch-0/charm/venv/pydantic/main.py", line 341, in __init__
    raise validation_error
pydantic.error_wrappers.ValidationError: 1 validation error for DeploymentDescription
app
  value is not a valid dict (type=type_error.dict)
unit-opensearch-0: 02:54:56 ERROR juju.worker.uniter.operation hook "upgrade-charm" (via hook dispatching script: dispatch) failed: exit status 1
unit-opensearch-2: 02:59:36 ERROR unit.opensearch/2.juju-log Uncaught exception while in charm code:
Traceback (most recent call last):
  File "/var/lib/juju/agents/unit-opensearch-2/charm/./src/charm.py", line 213, in <module>
    main(OpenSearchOperatorCharm)
  File "/var/lib/juju/agents/unit-opensearch-2/charm/venv/ops/main.py", line 549, in main
    manager = _Manager(charm_class, use_juju_for_storage=use_juju_for_storage)
  File "/var/lib/juju/agents/unit-opensearch-2/charm/venv/ops/main.py", line 432, in __init__
    self.charm = self._make_charm(self.framework, self.dispatcher)
  File "/var/lib/juju/agents/unit-opensearch-2/charm/venv/ops/main.py", line 435, in _make_charm
    charm = self._charm_class(framework)
  File "/var/lib/juju/agents/unit-opensearch-2/charm/./src/charm.py", line 29, in __init__
    super().__init__(*args, distro=OpenSearchSnap)  # OpenSearchTarball
  File "/var/lib/juju/agents/unit-opensearch-2/charm/lib/charms/opensearch/v0/opensearch_base_charm.py", line 197, in __init__
    self.backup = backup(self)
  File "/var/lib/juju/agents/unit-opensearch-2/charm/lib/charms/opensearch/v0/opensearch_backups.py", line 1080, in backup
    if not charm.opensearch_peer_cm.deployment_desc():
  File "/var/lib/juju/agents/unit-opensearch-2/charm/lib/charms/opensearch/v0/opensearch_peer_clusters.py", line 358, in deployment_desc
    return DeploymentDescription.from_dict(current_deployment_desc)
  File "/var/lib/juju/agents/unit-opensearch-2/charm/lib/charms/opensearch/v0/models.py", line 47, in from_dict
    return cls(**input_dict)
  File "/var/lib/juju/agents/unit-opensearch-2/charm/lib/charms/opensearch/v0/models.py", line 32, in __init__
    super().__init__(**data)
  File "/var/lib/juju/agents/unit-opensearch-2/charm/venv/pydantic/main.py", line 341, in __init__
    raise validation_error
pydantic.error_wrappers.ValidationError: 1 validation error for DeploymentDescription
app
  value is not a valid dict (type=type_error.dict)
unit-opensearch-2: 02:59:36 ERROR juju.worker.uniter.operation hook "upgrade-charm" (via hook dispatching script: dispatch) failed: exit status 1
unit-opensearch-1: 02:59:50 ERROR unit.opensearch/1.juju-log Uncaught exception while in charm code:
Traceback (most recent call last):
  File "/var/lib/juju/agents/unit-opensearch-1/charm/./src/charm.py", line 213, in <module>
    main(OpenSearchOperatorCharm)
  File "/var/lib/juju/agents/unit-opensearch-1/charm/venv/ops/main.py", line 549, in main
    manager = _Manager(charm_class, use_juju_for_storage=use_juju_for_storage)
  File "/var/lib/juju/agents/unit-opensearch-1/charm/venv/ops/main.py", line 432, in __init__
    self.charm = self._make_charm(self.framework, self.dispatcher)
  File "/var/lib/juju/agents/unit-opensearch-1/charm/venv/ops/main.py", line 435, in _make_charm
    charm = self._charm_class(framework)
  File "/var/lib/juju/agents/unit-opensearch-1/charm/./src/charm.py", line 29, in __init__
    super().__init__(*args, distro=OpenSearchSnap)  # OpenSearchTarball
  File "/var/lib/juju/agents/unit-opensearch-1/charm/lib/charms/opensearch/v0/opensearch_base_charm.py", line 197, in __init__
    self.backup = backup(self)
  File "/var/lib/juju/agents/unit-opensearch-1/charm/lib/charms/opensearch/v0/opensearch_backups.py", line 1080, in backup
    if not charm.opensearch_peer_cm.deployment_desc():
  File "/var/lib/juju/agents/unit-opensearch-1/charm/lib/charms/opensearch/v0/opensearch_peer_clusters.py", line 358, in deployment_desc
    return DeploymentDescription.from_dict(current_deployment_desc)
  File "/var/lib/juju/agents/unit-opensearch-1/charm/lib/charms/opensearch/v0/models.py", line 47, in from_dict
    return cls(**input_dict)
  File "/var/lib/juju/agents/unit-opensearch-1/charm/lib/charms/opensearch/v0/models.py", line 32, in __init__
    super().__init__(**data)
  File "/var/lib/juju/agents/unit-opensearch-1/charm/venv/pydantic/main.py", line 341, in __init__
    raise validation_error
pydantic.error_wrappers.ValidationError: 1 validation error for DeploymentDescription
app
  value is not a valid dict (type=type_error.dict)
unit-opensearch-1: 02:59:50 ERROR juju.worker.uniter.operation hook "upgrade-charm" (via hook dispatching script: dispatch) failed: exit status 1
unit-opensearch-0: 02:59:56 ERROR unit.opensearch/0.juju-log Uncaught exception while in charm code:
Traceback (most recent call last):
  File "/var/lib/juju/agents/unit-opensearch-0/charm/./src/charm.py", line 213, in <module>
    main(OpenSearchOperatorCharm)
  File "/var/lib/juju/agents/unit-opensearch-0/charm/venv/ops/main.py", line 549, in main
    manager = _Manager(charm_class, use_juju_for_storage=use_juju_for_storage)
  File "/var/lib/juju/agents/unit-opensearch-0/charm/venv/ops/main.py", line 432, in __init__
    self.charm = self._make_charm(self.framework, self.dispatcher)
  File "/var/lib/juju/agents/unit-opensearch-0/charm/venv/ops/main.py", line 435, in _make_charm
    charm = self._charm_class(framework)
  File "/var/lib/juju/agents/unit-opensearch-0/charm/./src/charm.py", line 29, in __init__
    super().__init__(*args, distro=OpenSearchSnap)  # OpenSearchTarball
  File "/var/lib/juju/agents/unit-opensearch-0/charm/lib/charms/opensearch/v0/opensearch_base_charm.py", line 197, in __init__
    self.backup = backup(self)
  File "/var/lib/juju/agents/unit-opensearch-0/charm/lib/charms/opensearch/v0/opensearch_backups.py", line 1080, in backup
    if not charm.opensearch_peer_cm.deployment_desc():
  File "/var/lib/juju/agents/unit-opensearch-0/charm/lib/charms/opensearch/v0/opensearch_peer_clusters.py", line 358, in deployment_desc
    return DeploymentDescription.from_dict(current_deployment_desc)
  File "/var/lib/juju/agents/unit-opensearch-0/charm/lib/charms/opensearch/v0/models.py", line 47, in from_dict
    return cls(**input_dict)
  File "/var/lib/juju/agents/unit-opensearch-0/charm/lib/charms/opensearch/v0/models.py", line 32, in __init__
    super().__init__(**data)
  File "/var/lib/juju/agents/unit-opensearch-0/charm/venv/pydantic/main.py", line 341, in __init__
    raise validation_error
pydantic.error_wrappers.ValidationError: 1 validation error for DeploymentDescription
app
  value is not a valid dict (type=type_error.dict)
unit-opensearch-0: 02:59:57 ERROR juju.worker.uniter.operation hook "upgrade-charm" (via hook dispatching script: dispatch) failed: exit status 1
unit-opensearch-2: 03:04:37 ERROR unit.opensearch/2.juju-log Uncaught exception while in charm code:
Traceback (most recent call last):
  File "/var/lib/juju/agents/unit-opensearch-2/charm/./src/charm.py", line 213, in <module>
    main(OpenSearchOperatorCharm)
  File "/var/lib/juju/agents/unit-opensearch-2/charm/venv/ops/main.py", line 549, in main
    manager = _Manager(charm_class, use_juju_for_storage=use_juju_for_storage)
  File "/var/lib/juju/agents/unit-opensearch-2/charm/venv/ops/main.py", line 432, in __init__
    self.charm = self._make_charm(self.framework, self.dispatcher)
  File "/var/lib/juju/agents/unit-opensearch-2/charm/venv/ops/main.py", line 435, in _make_charm
    charm = self._charm_class(framework)
  File "/var/lib/juju/agents/unit-opensearch-2/charm/./src/charm.py", line 29, in __init__
    super().__init__(*args, distro=OpenSearchSnap)  # OpenSearchTarball
  File "/var/lib/juju/agents/unit-opensearch-2/charm/lib/charms/opensearch/v0/opensearch_base_charm.py", line 197, in __init__
    self.backup = backup(self)
  File "/var/lib/juju/agents/unit-opensearch-2/charm/lib/charms/opensearch/v0/opensearch_backups.py", line 1080, in backup
    if not charm.opensearch_peer_cm.deployment_desc():
  File "/var/lib/juju/agents/unit-opensearch-2/charm/lib/charms/opensearch/v0/opensearch_peer_clusters.py", line 358, in deployment_desc
    return DeploymentDescription.from_dict(current_deployment_desc)
  File "/var/lib/juju/agents/unit-opensearch-2/charm/lib/charms/opensearch/v0/models.py", line 47, in from_dict
    return cls(**input_dict)
  File "/var/lib/juju/agents/unit-opensearch-2/charm/lib/charms/opensearch/v0/models.py", line 32, in __init__
    super().__init__(**data)
  File "/var/lib/juju/agents/unit-opensearch-2/charm/venv/pydantic/main.py", line 341, in __init__
    raise validation_error
pydantic.error_wrappers.ValidationError: 1 validation error for DeploymentDescription
app
  value is not a valid dict (type=type_error.dict)
unit-opensearch-2: 03:04:37 ERROR juju.worker.uniter.operation hook "upgrade-charm" (via hook dispatching script: dispatch) failed: exit status 1
unit-opensearch-1: 03:04:51 ERROR unit.opensearch/1.juju-log Uncaught exception while in charm code:
Traceback (most recent call last):
  File "/var/lib/juju/agents/unit-opensearch-1/charm/./src/charm.py", line 213, in <module>
    main(OpenSearchOperatorCharm)
  File "/var/lib/juju/agents/unit-opensearch-1/charm/venv/ops/main.py", line 549, in main
    manager = _Manager(charm_class, use_juju_for_storage=use_juju_for_storage)
  File "/var/lib/juju/agents/unit-opensearch-1/charm/venv/ops/main.py", line 432, in __init__
    self.charm = self._make_charm(self.framework, self.dispatcher)
  File "/var/lib/juju/agents/unit-opensearch-1/charm/venv/ops/main.py", line 435, in _make_charm
    charm = self._charm_class(framework)
  File "/var/lib/juju/agents/unit-opensearch-1/charm/./src/charm.py", line 29, in __init__
    super().__init__(*args, distro=OpenSearchSnap)  # OpenSearchTarball
  File "/var/lib/juju/agents/unit-opensearch-1/charm/lib/charms/opensearch/v0/opensearch_base_charm.py", line 197, in __init__
    self.backup = backup(self)
  File "/var/lib/juju/agents/unit-opensearch-1/charm/lib/charms/opensearch/v0/opensearch_backups.py", line 1080, in backup
    if not charm.opensearch_peer_cm.deployment_desc():
  File "/var/lib/juju/agents/unit-opensearch-1/charm/lib/charms/opensearch/v0/opensearch_peer_clusters.py", line 358, in deployment_desc
    return DeploymentDescription.from_dict(current_deployment_desc)
  File "/var/lib/juju/agents/unit-opensearch-1/charm/lib/charms/opensearch/v0/models.py", line 47, in from_dict
    return cls(**input_dict)
  File "/var/lib/juju/agents/unit-opensearch-1/charm/lib/charms/opensearch/v0/models.py", line 32, in __init__
    super().__init__(**data)
  File "/var/lib/juju/agents/unit-opensearch-1/charm/venv/pydantic/main.py", line 341, in __init__
    raise validation_error
pydantic.error_wrappers.ValidationError: 1 validation error for DeploymentDescription
app
  value is not a valid dict (type=type_error.dict)
unit-opensearch-1: 03:04:52 ERROR juju.worker.uniter.operation hook "upgrade-charm" (via hook dispatching script: dispatch) failed: exit status 1
unit-opensearch-0: 03:04:57 ERROR unit.opensearch/0.juju-log Uncaught exception while in charm code:
Traceback (most recent call last):
  File "/var/lib/juju/agents/unit-opensearch-0/charm/./src/charm.py", line 213, in <module>
    main(OpenSearchOperatorCharm)
  File "/var/lib/juju/agents/unit-opensearch-0/charm/venv/ops/main.py", line 549, in main
    manager = _Manager(charm_class, use_juju_for_storage=use_juju_for_storage)
  File "/var/lib/juju/agents/unit-opensearch-0/charm/venv/ops/main.py", line 432, in __init__
    self.charm = self._make_charm(self.framework, self.dispatcher)
  File "/var/lib/juju/agents/unit-opensearch-0/charm/venv/ops/main.py", line 435, in _make_charm
    charm = self._charm_class(framework)
  File "/var/lib/juju/agents/unit-opensearch-0/charm/./src/charm.py", line 29, in __init__
    super().__init__(*args, distro=OpenSearchSnap)  # OpenSearchTarball
  File "/var/lib/juju/agents/unit-opensearch-0/charm/lib/charms/opensearch/v0/opensearch_base_charm.py", line 197, in __init__
    self.backup = backup(self)
  File "/var/lib/juju/agents/unit-opensearch-0/charm/lib/charms/opensearch/v0/opensearch_backups.py", line 1080, in backup
    if not charm.opensearch_peer_cm.deployment_desc():
  File "/var/lib/juju/agents/unit-opensearch-0/charm/lib/charms/opensearch/v0/opensearch_peer_clusters.py", line 358, in deployment_desc
    return DeploymentDescription.from_dict(current_deployment_desc)
  File "/var/lib/juju/agents/unit-opensearch-0/charm/lib/charms/opensearch/v0/models.py", line 47, in from_dict
    return cls(**input_dict)
  File "/var/lib/juju/agents/unit-opensearch-0/charm/lib/charms/opensearch/v0/models.py", line 32, in __init__
    super().__init__(**data)
  File "/var/lib/juju/agents/unit-opensearch-0/charm/venv/pydantic/main.py", line 341, in __init__
    raise validation_error
pydantic.error_wrappers.ValidationError: 1 validation error for DeploymentDescription
app
  value is not a valid dict (type=type_error.dict)
unit-opensearch-0: 03:04:58 ERROR juju.worker.uniter.operation hook "upgrade-charm" (via hook dispatching script: dispatch) failed: exit status 1

[32mINFO    [0m pytest_operator.plugin:plugin.py:947 Forgetting model main...