[32mINFO    [0m root:test_backups.py:561 Destroying the application
[32mINFO    [0m root:test_backups.py:569 Deploying a new cluster
[32mINFO    [0m juju.model:model.py:2098 Deploying ch:amd64/jammy/self-signed-certificates-155
[32mINFO    [0m juju.model:model.py:2098 Deploying ch:amd64/jammy/s3-integrator-29
[32mINFO    [0m juju.model:model.py:2098 Deploying local:jammy/opensearch-1
[32mINFO    [0m juju.model:model.py:2958 Waiting for model:
  self-signed-certificates/1 [allocating] waiting: waiting for machine
  opensearch/3 [allocating] waiting: waiting for machine
  opensearch/4 [allocating] waiting: waiting for machine
  opensearch/5 [allocating] waiting: waiting for machine
[32mINFO    [0m juju.model:model.py:2958 Waiting for model:
  self-signed-certificates/1 [allocating] waiting: waiting for machine
  opensearch/3 [allocating] waiting: waiting for machine
  opensearch/4 [allocating] waiting: waiting for machine
  opensearch/5 [allocating] waiting: waiting for machine
[32mINFO    [0m juju.model:model.py:2958 Waiting for model:
  self-signed-certificates/1 [allocating] waiting: waiting for machine
  opensearch/3 [allocating] waiting: waiting for machine
  opensearch/4 [allocating] waiting: waiting for machine
  opensearch/5 [allocating] waiting: waiting for machine
[32mINFO    [0m juju.model:model.py:2958 Waiting for model:
  self-signed-certificates/1 [allocating] waiting: waiting for machine
  opensearch/3 [allocating] waiting: waiting for machine
  opensearch/4 [allocating] waiting: waiting for machine
  opensearch/5 [allocating] waiting: waiting for machine
[32mINFO    [0m juju.model:model.py:2958 Waiting for model:
  self-signed-certificates/1 [allocating] waiting: waiting for machine
  opensearch/3 [allocating] waiting: waiting for machine
  opensearch/4 [allocating] waiting: waiting for machine
  opensearch/5 [allocating] waiting: waiting for machine
[32mINFO    [0m juju.model:model.py:2958 Waiting for model:
  self-signed-certificates/1 [allocating] waiting: agent initialising
  opensearch/3 [allocating] waiting: waiting for machine
  opensearch/4 [allocating] waiting: waiting for machine
  opensearch/5 [allocating] waiting: waiting for machine
[32mINFO    [0m juju.model:model.py:2958 Waiting for model:
  self-signed-certificates/1 [idle] active: 
  opensearch/3 [allocating] waiting: agent initialising
  opensearch/4 [allocating] waiting: agent initialising
  opensearch/5 [allocating] waiting: agent initialising
[32mINFO    [0m juju.model:model.py:2958 Waiting for model:
  self-signed-certificates/1 [idle] active: 
  opensearch/3 [executing] maintenance: Installing OpenSearch...
  opensearch/4 [executing] maintenance: Installing OpenSearch...
  opensearch/5 [executing] maintenance: Installing OpenSearch...
[32mINFO    [0m juju.model:model.py:2958 Waiting for model:
  self-signed-certificates/1 [idle] active: 
  opensearch/3 [executing] maintenance: Installing OpenSearch...
  opensearch/4 [executing] maintenance: Installing OpenSearch...
  opensearch/5 [executing] maintenance: Installing OpenSearch...
[32mINFO    [0m juju.model:model.py:2958 Waiting for model:
  opensearch/3 [executing] maintenance: Installing OpenSearch...
  opensearch/4 [executing] maintenance: Installing OpenSearch...
  opensearch/5 [executing] maintenance: Installing OpenSearch...
[32mINFO    [0m juju.model:model.py:2958 Waiting for model:
  opensearch/3 [executing] maintenance: Installing OpenSearch...
  opensearch/4 [executing] maintenance: Installing OpenSearch...
  opensearch/5 [executing] maintenance: Installing OpenSearch...
[32mINFO    [0m juju.model:model.py:2958 Waiting for model:
  opensearch/3 [executing] maintenance: Installing OpenSearch...
  opensearch/4 [executing] maintenance: Installing OpenSearch...
  opensearch/5 [executing] maintenance: Installing OpenSearch...
[32mINFO    [0m juju.model:model.py:2958 Waiting for model:
  self-signed-certificates/1 [idle] active: 
  opensearch/3 [executing] maintenance: Waiting for TLS to be fully configured...
  opensearch/4 [executing] maintenance: Waiting for TLS to be fully configured...
  opensearch/5 [executing] maintenance: Waiting for the admin user to be fully configured...
[32mINFO    [0m juju.model:model.py:2958 Waiting for model:
  self-signed-certificates/1 [idle] active: 
  opensearch/3 [executing] waiting: Waiting for OpenSearch to start...
  opensearch/4 [executing] waiting: Requesting lock on operation: start
  opensearch/5 [executing] waiting: Requesting lock on operation: start
[32mINFO    [0m juju.model:model.py:2958 Waiting for model:
  self-signed-certificates/1 [idle] active: 
  opensearch/3 [executing] active: 
  opensearch/4 [executing] waiting: Waiting for OpenSearch to start...
  opensearch/5 [executing] waiting: Requesting lock on operation: start
[32mINFO    [0m juju.model:model.py:2958 Waiting for model:
  opensearch/3 [executing] active: 
  opensearch/4 [executing] active: 
  opensearch/5 [executing] waiting: Waiting for OpenSearch to start...
[32mINFO    [0m juju.model:model.py:2958 Waiting for model:
  opensearch/3 [executing] active: 
  opensearch/4 [executing] active: 
  opensearch/5 [executing] active: 
[32mINFO    [0m juju.model:model.py:2958 Waiting for model:
  opensearch/3 [idle] active: 
  opensearch/4 [idle] active: 
  opensearch/5 [idle] active: 
[32mINFO    [0m juju.model:model.py:2958 Waiting for model:
  opensearch/3 [idle] active: 
  opensearch/4 [idle] active: 
  opensearch/5 [idle] active: 
[32mINFO    [0m integration.ha.test_backups:test_backups.py:597 Syncing credentials for microceph
[32mINFO    [0m juju.model:model.py:2958 Waiting for model:
  opensearch/3 [executing] active: 
  opensearch/4 [executing] active: 
  opensearch/5 [executing] active: 
  s3-integrator/1 [idle] active: 
[32mINFO    [0m integration.helpers:helpers.py:347 Calling: GET -- https://10.22.22.135:9200/_recovery?human
[32mINFO    [0m integration.helpers:helpers.py:347 Calling: POST -- https://10.22.22.135:9200/series_index/_refresh
[32mINFO    [0m integration.helpers:helpers.py:347 Calling: GET -- https://10.22.22.135:9200/series_index/_count
[32mINFO    [0m integration.helpers:helpers.py:347 Calling: POST -- https://10.22.22.135:9200/series_index/_refresh
[32mINFO    [0m integration.helpers:helpers.py:347 Calling: GET -- https://10.22.22.135:9200/series_index/_count
[32mINFO    [0m integration.ha.helpers:helpers.py:533 Index series_index has 139 documents, starting there
[32mINFO    [0m integration.ha.helpers:helpers.py:247 Continuous writes result: namespace(max_stored_id=275, count=276, last_expected_id=275)
[32mINFO    [0m integration.helpers:helpers.py:347 Calling: GET -- https://10.22.22.135:9200/series_index/_search_shards
[32mINFO    [0m integration.helpers:helpers.py:347 Calling: GET -- https://10.22.22.135:9200/_recovery?human
[32mINFO    [0m integration.helpers:helpers.py:347 Calling: POST -- https://10.22.22.135:9200/series_index/_refresh
[32mINFO    [0m integration.helpers:helpers.py:347 Calling: GET -- https://10.22.22.135:9200/series_index/_count
[32mINFO    [0m integration.helpers:helpers.py:347 Calling: POST -- https://10.22.22.135:9200/series_index/_refresh
[32mINFO    [0m integration.helpers:helpers.py:347 Calling: GET -- https://10.22.22.135:9200/series_index/_count
[32mINFO    [0m integration.ha.helpers:helpers.py:533 Index series_index has 303 documents, starting there
[32mINFO    [0m integration.ha.helpers:helpers.py:247 Continuous writes result: namespace(max_stored_id=442, count=443, last_expected_id=442)
[32mINFO    [0m integration.helpers:helpers.py:347 Calling: GET -- https://10.22.22.135:9200/series_index/_search_shards
[32mINFO    [0m integration.ha.test_backups:test_backups.py:617 Final stage of DR test: try a backup & restore with continuous writes
[32mINFO    [0m integration.helpers:helpers.py:347 Calling: GET -- https://10.22.22.135:9200/_recovery?human
[32mINFO    [0m integration.ha.helpers:helpers.py:247 Continuous writes result: namespace(max_stored_id=146, count=147, last_expected_id=146)
[32mINFO    [0m integration.helpers:helpers.py:347 Calling: GET -- https://10.22.22.135:9200/series_index/_search_shards
[32mINFO    [0m integration.helpers:helpers.py:347 Calling: POST -- https://10.22.22.135:9200/series_index/_refresh
[32mINFO    [0m integration.helpers:helpers.py:347 Calling: GET -- https://10.22.22.135:9200/series_index/_count
[32mINFO    [0m integration.helpers:helpers.py:347 Calling: GET -- https://10.22.22.135:9200/_recovery?human
[32mINFO    [0m integration.helpers:helpers.py:347 Calling: POST -- https://10.22.22.135:9200/series_index/_refresh
[32mINFO    [0m integration.helpers:helpers.py:347 Calling: GET -- https://10.22.22.135:9200/series_index/_count
[32mINFO    [0m integration.ha.helpers:helpers.py:591 Testing restore for series_index - original count pre-restore: 147, and now, new count: 113
[32mINFO    [0m pytest_operator.plugin:plugin.py:862 Model status:

Model  Controller           Cloud/Region         Version  SLA          Timestamp
test   localhost-localhost  localhost/localhost  3.4.4    unsupported  02:47:26Z

App                       Version  Status  Scale  Charm                     Channel        Rev  Exposed  Message
opensearch                         active      3  opensearch                                 1  no       
s3-integrator                      active      1  s3-integrator             latest/edge     29  no       
self-signed-certificates           active      1  self-signed-certificates  latest/stable  155  no       

Unit                         Workload  Agent  Machine  Public address  Ports     Message
opensearch/3*                active    idle   7        10.22.22.135    9200/tcp  
opensearch/4                 active    idle   8        10.22.22.95     9200/tcp  
opensearch/5                 active    idle   9        10.22.22.3      9200/tcp  
s3-integrator/1*             active    idle   6        10.22.22.122              
self-signed-certificates/1*  active    idle   5        10.22.22.133              

Machine  State    Address       Inst id        Base          AZ  Message
5        started  10.22.22.133  juju-4cc277-5  ubuntu@22.04      Running
6        started  10.22.22.122  juju-4cc277-6  ubuntu@22.04      Running
7        started  10.22.22.135  juju-4cc277-7  ubuntu@22.04      Running
8        started  10.22.22.95   juju-4cc277-8  ubuntu@22.04      Running
9        started  10.22.22.3    juju-4cc277-9  ubuntu@22.04      Running

[32mINFO    [0m pytest_operator.plugin:plugin.py:868 Juju error logs:

machine-1: 02:11:14 ERROR juju.worker.dependency "lxd-container-provisioner" manifold worker returned unexpected error: container types not yet available
machine-1: 02:11:14 ERROR juju.worker.dependency "kvm-container-provisioner" manifold worker returned unexpected error: container types not yet available
unit-self-signed-certificates-0: 02:11:15 ERROR juju.worker.meterstatus error running "meter-status-changed": charm missing from disk
machine-0: 02:11:15 ERROR juju.worker.dependency "kvm-container-provisioner" manifold worker returned unexpected error: container types not yet available
machine-0: 02:11:15 ERROR juju.worker.dependency "lxd-container-provisioner" manifold worker returned unexpected error: container types not yet available
unit-s3-integrator-0: 02:11:15 ERROR juju.worker.meterstatus error running "meter-status-changed": charm missing from disk
machine-3: 02:11:46 ERROR juju.worker.dependency "lxd-container-provisioner" manifold worker returned unexpected error: container types not yet available
machine-3: 02:11:46 ERROR juju.worker.dependency "kvm-container-provisioner" manifold worker returned unexpected error: container types not yet available
unit-opensearch-1: 02:11:46 ERROR juju.worker.meterstatus error running "meter-status-changed": charm missing from disk
machine-4: 02:11:52 ERROR juju.worker.dependency "kvm-container-provisioner" manifold worker returned unexpected error: container types not yet available
machine-4: 02:11:52 ERROR juju.worker.dependency "lxd-container-provisioner" manifold worker returned unexpected error: container types not yet available
unit-opensearch-2: 02:11:52 ERROR juju.worker.meterstatus error running "meter-status-changed": charm missing from disk
machine-2: 02:11:52 ERROR juju.worker.dependency "kvm-container-provisioner" manifold worker returned unexpected error: container types not yet available
machine-2: 02:11:52 ERROR juju.worker.dependency "lxd-container-provisioner" manifold worker returned unexpected error: container types not yet available
unit-opensearch-0: 02:11:53 ERROR juju.worker.meterstatus error running "meter-status-changed": charm missing from disk
unit-opensearch-2: 02:15:52 ERROR unit.opensearch/2.juju-log [Errno 111] Connection refused
unit-opensearch-2: 02:15:53 ERROR unit.opensearch/2.juju-log node-lock-fallback:1: [Errno 111] Connection refused
unit-opensearch-2: 02:15:55 ERROR unit.opensearch/2.juju-log upgrade-version-a:2: [Errno 111] Connection refused
unit-opensearch-2: 02:15:56 ERROR unit.opensearch/2.juju-log node-lock-fallback:1: [Errno 111] Connection refused
unit-opensearch-2: 02:15:56 ERROR unit.opensearch/2.juju-log node-lock-fallback:1: [Errno 111] Connection refused
unit-opensearch-2: 02:15:57 ERROR unit.opensearch/2.juju-log certificates:4: [Errno 111] Connection refused
unit-opensearch-2: 02:15:57 ERROR unit.opensearch/2.juju-log certificates:4: CA cert not found, quitting.
unit-opensearch-2: 02:15:58 ERROR unit.opensearch/2.juju-log certificates:4: CA cert not found, quitting.
unit-opensearch-2: 02:15:59 ERROR unit.opensearch/2.juju-log [Errno 111] Connection refused
unit-opensearch-2: 02:15:59 ERROR unit.opensearch/2.juju-log CA cert not found, quitting.
unit-opensearch-2: 02:15:59 ERROR unit.opensearch/2.juju-log CA cert not found, quitting.
unit-opensearch-2: 02:16:00 ERROR unit.opensearch/2.juju-log [Errno 111] Connection refused
unit-opensearch-2: 02:16:00 ERROR unit.opensearch/2.juju-log CA cert not found, quitting.
unit-opensearch-2: 02:16:00 ERROR unit.opensearch/2.juju-log CA cert not found, quitting.
unit-opensearch-2: 02:16:01 ERROR unit.opensearch/2.juju-log [Errno 111] Connection refused
unit-opensearch-2: 02:16:01 ERROR unit.opensearch/2.juju-log CA cert not found, quitting.
unit-opensearch-2: 02:16:01 ERROR unit.opensearch/2.juju-log CA cert not found, quitting.
unit-opensearch-2: 02:16:02 ERROR unit.opensearch/2.juju-log [Errno 111] Connection refused
unit-opensearch-2: 02:16:02 ERROR unit.opensearch/2.juju-log CA cert not found, quitting.
unit-opensearch-2: 02:16:03 ERROR unit.opensearch/2.juju-log CA cert not found, quitting.
unit-opensearch-2: 02:16:04 ERROR unit.opensearch/2.juju-log [Errno 111] Connection refused
unit-opensearch-2: 02:16:04 ERROR unit.opensearch/2.juju-log CA cert not found, quitting.
unit-opensearch-2: 02:16:04 ERROR unit.opensearch/2.juju-log CA cert not found, quitting.
unit-opensearch-0: 02:16:05 ERROR unit.opensearch/0.juju-log [Errno 111] Connection refused
unit-opensearch-2: 02:16:05 ERROR unit.opensearch/2.juju-log [Errno 111] Connection refused
unit-opensearch-2: 02:16:05 ERROR unit.opensearch/2.juju-log CA cert not found, quitting.
unit-opensearch-2: 02:16:05 ERROR unit.opensearch/2.juju-log CA cert not found, quitting.
unit-opensearch-0: 02:16:06 ERROR unit.opensearch/0.juju-log certificates:4: [Errno 111] Connection refused
unit-opensearch-2: 02:16:06 ERROR unit.opensearch/2.juju-log [Errno 111] Connection refused
unit-opensearch-1: 02:16:07 ERROR unit.opensearch/1.juju-log [Errno 111] Connection refused
unit-opensearch-2: 02:16:07 ERROR unit.opensearch/2.juju-log CA cert not found, quitting.
unit-opensearch-2: 02:16:07 ERROR unit.opensearch/2.juju-log CA cert not found, quitting.
unit-opensearch-0: 02:16:07 ERROR unit.opensearch/0.juju-log node-lock-fallback:1: [Errno 111] Connection refused
unit-opensearch-1: 02:16:08 ERROR unit.opensearch/1.juju-log upgrade-version-a:2: [Errno 111] Connection refused
unit-opensearch-2: 02:16:08 ERROR unit.opensearch/2.juju-log [Errno 111] Connection refused
unit-opensearch-0: 02:16:08 ERROR unit.opensearch/0.juju-log upgrade-version-a:2: [Errno 111] Connection refused
unit-opensearch-1: 02:16:09 ERROR unit.opensearch/1.juju-log upgrade-version-a:2: [Errno 111] Connection refused
unit-opensearch-0: 02:16:09 ERROR unit.opensearch/0.juju-log certificates:4: [Errno 111] Connection refused
unit-opensearch-1: 02:16:10 ERROR unit.opensearch/1.juju-log upgrade-version-a:2: [Errno 111] Connection refused
unit-opensearch-1: 02:16:11 ERROR unit.opensearch/1.juju-log upgrade-version-a:2: [Errno 111] Connection refused
unit-opensearch-2: 02:16:12 ERROR unit.opensearch/2.juju-log [Errno 111] Connection refused
unit-opensearch-1: 02:16:13 ERROR unit.opensearch/1.juju-log upgrade-version-a:2: [Errno 111] Connection refused
unit-opensearch-2: 02:16:13 ERROR unit.opensearch/2.juju-log [Errno 111] Connection refused
unit-opensearch-0: 02:16:13 ERROR unit.opensearch/0.juju-log [Errno 111] Connection refused
unit-opensearch-1: 02:16:14 ERROR unit.opensearch/1.juju-log opensearch-peers:3: [Errno 111] Connection refused
unit-opensearch-1: 02:16:14 ERROR unit.opensearch/1.juju-log opensearch-peers:3: [Errno 111] Connection refused
unit-opensearch-1: 02:16:14 ERROR unit.opensearch/1.juju-log opensearch-peers:3: [Errno 111] Connection refused
unit-opensearch-1: 02:16:14 ERROR unit.opensearch/1.juju-log opensearch-peers:3: [Errno 111] Connection refused
unit-opensearch-2: 02:16:14 ERROR unit.opensearch/2.juju-log [Errno 111] Connection refused
unit-opensearch-0: 02:16:14 ERROR unit.opensearch/0.juju-log [Errno 111] Connection refused
unit-opensearch-1: 02:16:14 ERROR unit.opensearch/1.juju-log node-lock-fallback:1: [Errno 111] Connection refused
unit-opensearch-2: 02:16:15 ERROR unit.opensearch/2.juju-log [Errno 111] Connection refused
unit-opensearch-0: 02:16:15 ERROR unit.opensearch/0.juju-log opensearch-peers:3: [Errno 111] Connection refused
unit-opensearch-0: 02:16:15 ERROR unit.opensearch/0.juju-log opensearch-peers:3: [Errno 111] Connection refused
unit-opensearch-1: 02:16:15 ERROR unit.opensearch/1.juju-log certificates:4: [Errno 111] Connection refused
unit-opensearch-2: 02:16:16 ERROR unit.opensearch/2.juju-log [Errno 111] Connection refused
unit-opensearch-0: 02:16:16 ERROR unit.opensearch/0.juju-log [Errno 111] Connection refused
unit-opensearch-2: 02:16:17 ERROR unit.opensearch/2.juju-log [Errno 111] Connection refused
unit-opensearch-0: 02:16:18 ERROR unit.opensearch/0.juju-log [Errno 111] Connection refused
unit-opensearch-2: 02:16:18 ERROR unit.opensearch/2.juju-log [Errno 111] Connection refused
unit-opensearch-0: 02:16:19 ERROR unit.opensearch/0.juju-log opensearch-peers:3: [Errno 111] Connection refused
unit-opensearch-0: 02:16:19 ERROR unit.opensearch/0.juju-log opensearch-peers:3: [Errno 111] Connection refused
unit-opensearch-2: 02:16:19 ERROR unit.opensearch/2.juju-log [Errno 111] Connection refused
unit-opensearch-1: 02:16:19 ERROR unit.opensearch/1.juju-log [Errno 111] Connection refused
unit-opensearch-0: 02:16:20 ERROR unit.opensearch/0.juju-log [Errno 111] Connection refused
unit-opensearch-0: 02:16:20 ERROR unit.opensearch/0.juju-log [Errno 111] Connection refused
unit-opensearch-2: 02:16:20 ERROR unit.opensearch/2.juju-log [Errno 111] Connection refused
unit-opensearch-1: 02:16:20 ERROR unit.opensearch/1.juju-log [Errno 111] Connection refused
unit-opensearch-0: 02:16:21 ERROR unit.opensearch/0.juju-log node-lock-fallback:1: [Errno 111] Connection refused
unit-opensearch-0: 02:16:21 ERROR unit.opensearch/0.juju-log node-lock-fallback:1: [Errno 111] Connection refused
unit-opensearch-0: 02:16:21 ERROR unit.opensearch/0.juju-log node-lock-fallback:1: [Errno 111] Connection refused
unit-opensearch-0: 02:16:21 ERROR unit.opensearch/0.juju-log node-lock-fallback:1: Cannot connect to the OpenSearch server...
unit-opensearch-0: 02:16:21 ERROR unit.opensearch/0.juju-log node-lock-fallback:1: [Errno 111] Connection refused
unit-opensearch-0: 02:16:21 ERROR unit.opensearch/0.juju-log node-lock-fallback:1: [Errno 111] Connection refused
unit-opensearch-2: 02:16:21 ERROR unit.opensearch/2.juju-log [Errno 111] Connection refused
unit-opensearch-1: 02:16:21 ERROR unit.opensearch/1.juju-log [Errno 111] Connection refused
unit-opensearch-2: 02:16:22 ERROR unit.opensearch/2.juju-log [Errno 111] Connection refused
unit-opensearch-2: 02:16:22 ERROR unit.opensearch/2.juju-log Cannot connect to the OpenSearch server...
unit-opensearch-2: 02:16:22 ERROR unit.opensearch/2.juju-log [Errno 111] Connection refused
unit-opensearch-0: 02:16:22 ERROR unit.opensearch/0.juju-log certificates:4: [Errno 111] Connection refused
unit-opensearch-0: 02:16:22 ERROR unit.opensearch/0.juju-log certificates:4: Cannot connect to the OpenSearch server...
unit-opensearch-0: 02:16:22 ERROR unit.opensearch/0.juju-log certificates:4: [Errno 111] Connection refused
unit-opensearch-0: 02:16:22 ERROR unit.opensearch/0.juju-log certificates:4: [Errno 111] Connection refused
unit-opensearch-1: 02:16:22 ERROR unit.opensearch/1.juju-log [Errno 111] Connection refused
unit-opensearch-1: 02:16:23 ERROR unit.opensearch/1.juju-log [Errno 111] Connection refused
unit-opensearch-1: 02:16:23 ERROR unit.opensearch/1.juju-log Cannot connect to the OpenSearch server...
unit-opensearch-1: 02:16:23 ERROR unit.opensearch/1.juju-log [Errno 111] Connection refused
unit-opensearch-2: 02:16:23 ERROR unit.opensearch/2.juju-log [Errno 111] Connection refused
unit-opensearch-2: 02:16:23 ERROR unit.opensearch/2.juju-log Cannot connect to the OpenSearch server...
unit-opensearch-2: 02:16:23 ERROR unit.opensearch/2.juju-log [Errno 111] Connection refused
unit-opensearch-1: 02:16:24 ERROR unit.opensearch/1.juju-log [Errno 111] Connection refused
unit-opensearch-2: 02:16:24 ERROR unit.opensearch/2.juju-log [Errno 111] Connection refused
unit-opensearch-1: 02:16:24 ERROR unit.opensearch/1.juju-log Cannot connect to the OpenSearch server...
unit-opensearch-2: 02:16:24 ERROR unit.opensearch/2.juju-log Cannot connect to the OpenSearch server...
unit-opensearch-1: 02:16:24 ERROR unit.opensearch/1.juju-log [Errno 111] Connection refused
unit-opensearch-2: 02:16:24 ERROR unit.opensearch/2.juju-log [Errno 111] Connection refused
unit-opensearch-0: 02:16:24 ERROR unit.opensearch/0.juju-log [Errno 111] Connection refused
unit-opensearch-0: 02:16:24 ERROR unit.opensearch/0.juju-log Cannot connect to the OpenSearch server...
unit-opensearch-0: 02:16:24 ERROR unit.opensearch/0.juju-log [Errno 111] Connection refused
unit-opensearch-0: 02:16:24 ERROR unit.opensearch/0.juju-log [Errno 111] Connection refused
unit-opensearch-1: 02:16:24 ERROR unit.opensearch/1.juju-log [Errno 111] Connection refused
unit-opensearch-1: 02:16:24 ERROR unit.opensearch/1.juju-log Cannot connect to the OpenSearch server...
unit-opensearch-1: 02:16:24 ERROR unit.opensearch/1.juju-log [Errno 111] Connection refused
unit-opensearch-1: 02:16:24 ERROR unit.opensearch/1.juju-log Cannot connect to the OpenSearch server...
unit-opensearch-2: 02:16:25 ERROR unit.opensearch/2.juju-log [Errno 111] Connection refused
unit-opensearch-2: 02:16:25 ERROR unit.opensearch/2.juju-log Cannot connect to the OpenSearch server...
unit-opensearch-2: 02:16:25 ERROR unit.opensearch/2.juju-log [Errno 111] Connection refused
unit-opensearch-0: 02:16:25 ERROR unit.opensearch/0.juju-log [Errno 111] Connection refused
unit-opensearch-0: 02:16:25 ERROR unit.opensearch/0.juju-log Cannot connect to the OpenSearch server...
unit-opensearch-0: 02:16:25 ERROR unit.opensearch/0.juju-log [Errno 111] Connection refused
unit-opensearch-0: 02:16:25 ERROR unit.opensearch/0.juju-log [Errno 111] Connection refused
unit-opensearch-1: 02:16:28 ERROR unit.opensearch/1.juju-log [Errno 111] Connection refused
unit-opensearch-1: 02:16:28 ERROR unit.opensearch/1.juju-log Cannot connect to the OpenSearch server...
unit-opensearch-2: 02:16:28 ERROR unit.opensearch/2.juju-log [Errno 111] Connection refused
unit-opensearch-2: 02:16:28 ERROR unit.opensearch/2.juju-log Cannot connect to the OpenSearch server...
unit-opensearch-2: 02:16:29 ERROR unit.opensearch/2.juju-log [Errno 111] Connection refused
unit-opensearch-1: 02:16:31 ERROR unit.opensearch/1.juju-log [Errno 111] Connection refused
unit-opensearch-1: 02:16:31 ERROR unit.opensearch/1.juju-log Cannot connect to the OpenSearch server...
unit-opensearch-0: 02:16:33 ERROR unit.opensearch/0.juju-log [Errno 111] Connection refused
unit-opensearch-0: 02:16:33 ERROR unit.opensearch/0.juju-log Cannot connect to the OpenSearch server...
unit-opensearch-0: 02:16:33 ERROR unit.opensearch/0.juju-log [Errno 111] Connection refused
unit-opensearch-0: 02:16:34 ERROR unit.opensearch/0.juju-log [Errno 111] Connection refused
unit-opensearch-1: 02:16:35 ERROR unit.opensearch/1.juju-log [Errno 111] Connection refused
unit-opensearch-1: 02:16:35 ERROR unit.opensearch/1.juju-log Cannot connect to the OpenSearch server...
unit-opensearch-1: 02:16:38 ERROR unit.opensearch/1.juju-log [Errno 111] Connection refused
unit-opensearch-1: 02:16:38 ERROR unit.opensearch/1.juju-log Cannot connect to the OpenSearch server...
unit-opensearch-2: 02:16:38 ERROR unit.opensearch/2.juju-log [Errno 111] Connection refused
unit-opensearch-2: 02:16:38 ERROR unit.opensearch/2.juju-log Cannot connect to the OpenSearch server...
unit-opensearch-2: 02:16:39 ERROR unit.opensearch/2.juju-log [Errno 111] Connection refused
unit-opensearch-1: 02:16:41 ERROR unit.opensearch/1.juju-log [Errno 111] Connection refused
unit-opensearch-1: 02:16:41 ERROR unit.opensearch/1.juju-log Cannot connect to the OpenSearch server...
unit-opensearch-0: 02:16:42 ERROR unit.opensearch/0.juju-log [Errno 111] Connection refused
unit-opensearch-0: 02:16:42 ERROR unit.opensearch/0.juju-log Cannot connect to the OpenSearch server...
unit-opensearch-0: 02:16:42 ERROR unit.opensearch/0.juju-log [Errno 111] Connection refused
unit-opensearch-0: 02:16:42 ERROR unit.opensearch/0.juju-log [Errno 111] Connection refused
unit-opensearch-2: 02:16:43 ERROR unit.opensearch/2.juju-log [Errno 111] Connection refused
unit-opensearch-2: 02:16:43 ERROR unit.opensearch/2.juju-log Cannot connect to the OpenSearch server...
unit-opensearch-2: 02:16:43 ERROR unit.opensearch/2.juju-log [Errno 111] Connection refused
unit-opensearch-0: 02:16:44 ERROR unit.opensearch/0.juju-log upgrade-version-a:2: [Errno 111] Connection refused
unit-opensearch-0: 02:16:44 ERROR unit.opensearch/0.juju-log upgrade-version-a:2: Cannot connect to the OpenSearch server...
unit-opensearch-1: 02:16:44 ERROR unit.opensearch/1.juju-log [Errno 111] Connection refused
unit-opensearch-0: 02:16:45 ERROR unit.opensearch/0.juju-log upgrade-version-a:2: [Errno 111] Connection refused
unit-opensearch-1: 02:16:45 ERROR unit.opensearch/1.juju-log Cannot connect to the OpenSearch server...
unit-opensearch-0: 02:16:45 ERROR unit.opensearch/0.juju-log upgrade-version-a:2: [Errno 111] Connection refused
unit-opensearch-2: 02:16:45 ERROR unit.opensearch/2.juju-log [Errno 111] Connection refused
unit-opensearch-2: 02:16:45 ERROR unit.opensearch/2.juju-log Cannot connect to the OpenSearch server...
unit-opensearch-2: 02:16:46 ERROR unit.opensearch/2.juju-log [Errno 111] Connection refused
unit-opensearch-0: 02:16:46 ERROR unit.opensearch/0.juju-log node-lock-fallback:1: [Errno 111] Connection refused
unit-opensearch-0: 02:16:46 ERROR unit.opensearch/0.juju-log node-lock-fallback:1: Cannot connect to the OpenSearch server...
unit-opensearch-0: 02:16:46 ERROR unit.opensearch/0.juju-log node-lock-fallback:1: [Errno 111] Connection refused
unit-opensearch-0: 02:16:46 ERROR unit.opensearch/0.juju-log node-lock-fallback:1: [Errno 111] Connection refused
unit-opensearch-2: 02:16:47 ERROR unit.opensearch/2.juju-log [Errno 111] Connection refused
unit-opensearch-2: 02:16:47 ERROR unit.opensearch/2.juju-log Cannot connect to the OpenSearch server...
unit-opensearch-2: 02:16:47 ERROR unit.opensearch/2.juju-log [Errno 111] Connection refused
unit-opensearch-1: 02:16:48 ERROR unit.opensearch/1.juju-log [Errno 111] Connection refused
unit-opensearch-1: 02:16:48 ERROR unit.opensearch/1.juju-log Cannot connect to the OpenSearch server...
unit-opensearch-0: 02:16:48 ERROR unit.opensearch/0.juju-log upgrade-version-a:2: [Errno 111] Connection refused
unit-opensearch-0: 02:16:48 ERROR unit.opensearch/0.juju-log upgrade-version-a:2: Cannot connect to the OpenSearch server...
unit-opensearch-0: 02:16:48 ERROR unit.opensearch/0.juju-log upgrade-version-a:2: [Errno 111] Connection refused
unit-opensearch-0: 02:16:48 ERROR unit.opensearch/0.juju-log upgrade-version-a:2: [Errno 111] Connection refused
unit-opensearch-2: 02:16:49 ERROR unit.opensearch/2.juju-log [Errno 111] Connection refused
unit-opensearch-2: 02:16:49 ERROR unit.opensearch/2.juju-log Cannot connect to the OpenSearch server...
unit-opensearch-2: 02:16:49 ERROR unit.opensearch/2.juju-log [Errno 111] Connection refused
unit-opensearch-0: 02:16:50 ERROR unit.opensearch/0.juju-log opensearch-peers:3: [Errno 111] Connection refused
unit-opensearch-0: 02:16:50 ERROR unit.opensearch/0.juju-log opensearch-peers:3: Cannot connect to the OpenSearch server...
unit-opensearch-0: 02:16:50 ERROR unit.opensearch/0.juju-log opensearch-peers:3: [Errno 111] Connection refused
unit-opensearch-0: 02:16:50 ERROR unit.opensearch/0.juju-log opensearch-peers:3: [Errno 111] Connection refused
unit-opensearch-0: 02:16:50 ERROR unit.opensearch/0.juju-log opensearch-peers:3: [Errno 111] Connection refused
unit-opensearch-0: 02:16:50 ERROR unit.opensearch/0.juju-log opensearch-peers:3: [Errno 111] Connection refused
unit-opensearch-0: 02:16:50 ERROR unit.opensearch/0.juju-log opensearch-peers:3: [Errno 111] Connection refused
unit-opensearch-0: 02:16:50 ERROR unit.opensearch/0.juju-log opensearch-peers:3: [Errno 111] Connection refused
unit-opensearch-0: 02:16:50 ERROR unit.opensearch/0.juju-log opensearch-peers:3: [Errno 111] Connection refused
unit-opensearch-0: 02:16:50 ERROR unit.opensearch/0.juju-log opensearch-peers:3: [Errno 111] Connection refused
unit-opensearch-2: 02:16:50 ERROR unit.opensearch/2.juju-log [Errno 111] Connection refused
unit-opensearch-2: 02:16:50 ERROR unit.opensearch/2.juju-log Cannot connect to the OpenSearch server...
unit-opensearch-2: 02:16:50 ERROR unit.opensearch/2.juju-log [Errno 111] Connection refused
unit-opensearch-1: 02:16:51 ERROR unit.opensearch/1.juju-log [Errno 111] Connection refused
unit-opensearch-1: 02:16:51 ERROR unit.opensearch/1.juju-log Cannot connect to the OpenSearch server...
unit-opensearch-0: 02:16:51 ERROR unit.opensearch/0.juju-log certificates:4: [Errno 111] Connection refused
unit-opensearch-0: 02:16:51 ERROR unit.opensearch/0.juju-log certificates:4: Cannot connect to the OpenSearch server...
unit-opensearch-0: 02:16:51 ERROR unit.opensearch/0.juju-log certificates:4: [Errno 111] Connection refused
unit-opensearch-0: 02:16:51 ERROR unit.opensearch/0.juju-log certificates:4: [Errno 111] Connection refused
unit-opensearch-2: 02:16:51 ERROR unit.opensearch/2.juju-log [Errno 111] Connection refused
unit-opensearch-2: 02:16:51 ERROR unit.opensearch/2.juju-log Cannot connect to the OpenSearch server...
unit-opensearch-2: 02:16:51 ERROR unit.opensearch/2.juju-log [Errno 111] Connection refused
unit-opensearch-0: 02:16:52 ERROR unit.opensearch/0.juju-log opensearch-peers:3: [Errno 111] Connection refused
unit-opensearch-0: 02:16:53 ERROR unit.opensearch/0.juju-log opensearch-peers:3: Cannot connect to the OpenSearch server...
unit-opensearch-0: 02:16:53 ERROR unit.opensearch/0.juju-log opensearch-peers:3: [Errno 111] Connection refused
unit-opensearch-0: 02:16:53 ERROR unit.opensearch/0.juju-log opensearch-peers:3: [Errno 111] Connection refused
unit-opensearch-0: 02:16:53 ERROR unit.opensearch/0.juju-log opensearch-peers:3: [Errno 111] Connection refused
unit-opensearch-2: 02:16:53 ERROR unit.opensearch/2.juju-log certificates:4: [Errno 111] Connection refused
unit-opensearch-2: 02:16:53 ERROR unit.opensearch/2.juju-log certificates:4: Cannot connect to the OpenSearch server...
unit-opensearch-2: 02:16:53 ERROR unit.opensearch/2.juju-log certificates:4: [Errno 111] Connection refused
unit-opensearch-1: 02:16:54 ERROR unit.opensearch/1.juju-log [Errno 111] Connection refused
unit-opensearch-1: 02:16:54 ERROR unit.opensearch/1.juju-log Cannot connect to the OpenSearch server...
unit-opensearch-0: 02:16:55 ERROR unit.opensearch/0.juju-log opensearch-peers:3: [Errno 111] Connection refused
unit-opensearch-0: 02:16:55 ERROR unit.opensearch/0.juju-log opensearch-peers:3: Cannot connect to the OpenSearch server...
unit-opensearch-0: 02:16:55 ERROR unit.opensearch/0.juju-log opensearch-peers:3: [Errno 111] Connection refused
unit-opensearch-0: 02:16:55 ERROR unit.opensearch/0.juju-log opensearch-peers:3: [Errno 111] Connection refused
unit-opensearch-0: 02:16:55 ERROR unit.opensearch/0.juju-log opensearch-peers:3: [Errno 111] Connection refused
unit-opensearch-0: 02:16:55 ERROR unit.opensearch/0.juju-log opensearch-peers:3: [Errno 111] Connection refused
unit-opensearch-0: 02:16:55 ERROR unit.opensearch/0.juju-log opensearch-peers:3: [Errno 111] Connection refused
unit-opensearch-0: 02:16:55 ERROR unit.opensearch/0.juju-log opensearch-peers:3: [Errno 111] Connection refused
unit-opensearch-0: 02:16:55 ERROR unit.opensearch/0.juju-log opensearch-peers:3: [Errno 111] Connection refused
unit-opensearch-0: 02:16:55 ERROR unit.opensearch/0.juju-log opensearch-peers:3: [Errno 111] Connection refused
unit-opensearch-0: 02:16:55 ERROR unit.opensearch/0.juju-log opensearch-peers:3: [Errno 111] Connection refused
unit-opensearch-0: 02:16:55 ERROR unit.opensearch/0.juju-log opensearch-peers:3: [Errno 111] Connection refused
unit-opensearch-0: 02:16:55 ERROR unit.opensearch/0.juju-log opensearch-peers:3: [Errno 111] Connection refused
unit-opensearch-0: 02:16:55 ERROR unit.opensearch/0.juju-log opensearch-peers:3: [Errno 111] Connection refused
unit-opensearch-2: 02:16:56 ERROR unit.opensearch/2.juju-log [Errno 111] Connection refused
unit-opensearch-2: 02:16:56 ERROR unit.opensearch/2.juju-log Cannot connect to the OpenSearch server...
unit-opensearch-2: 02:16:56 ERROR unit.opensearch/2.juju-log [Errno 111] Connection refused
unit-opensearch-1: 02:16:57 ERROR unit.opensearch/1.juju-log [Errno 111] Connection refused
unit-opensearch-1: 02:16:57 ERROR unit.opensearch/1.juju-log Cannot connect to the OpenSearch server...
unit-opensearch-0: 02:16:57 ERROR unit.opensearch/0.juju-log upgrade-version-a:2: [Errno 111] Connection refused
unit-opensearch-0: 02:16:57 ERROR unit.opensearch/0.juju-log upgrade-version-a:2: Cannot connect to the OpenSearch server...
unit-opensearch-0: 02:16:57 ERROR unit.opensearch/0.juju-log upgrade-version-a:2: [Errno 111] Connection refused
unit-opensearch-0: 02:16:57 ERROR unit.opensearch/0.juju-log upgrade-version-a:2: [Errno 111] Connection refused
unit-opensearch-0: 02:16:57 ERROR unit.opensearch/0.juju-log upgrade-version-a:2: [Errno 111] Connection refused
unit-opensearch-2: 02:16:57 ERROR unit.opensearch/2.juju-log [Errno 111] Connection refused
unit-opensearch-2: 02:16:57 ERROR unit.opensearch/2.juju-log Cannot connect to the OpenSearch server...
unit-opensearch-2: 02:16:58 ERROR unit.opensearch/2.juju-log [Errno 111] Connection refused
unit-opensearch-0: 02:16:58 ERROR unit.opensearch/0.juju-log node-lock-fallback:1: [Errno 111] Connection refused
unit-opensearch-0: 02:16:58 ERROR unit.opensearch/0.juju-log node-lock-fallback:1: Cannot connect to the OpenSearch server...
unit-opensearch-0: 02:16:58 ERROR unit.opensearch/0.juju-log node-lock-fallback:1: [Errno 111] Connection refused
unit-opensearch-0: 02:16:58 ERROR unit.opensearch/0.juju-log node-lock-fallback:1: [Errno 111] Connection refused
unit-opensearch-0: 02:16:58 ERROR unit.opensearch/0.juju-log node-lock-fallback:1: [Errno 111] Connection refused
unit-opensearch-2: 02:16:59 ERROR unit.opensearch/2.juju-log [Errno 111] Connection refused
unit-opensearch-2: 02:16:59 ERROR unit.opensearch/2.juju-log Cannot connect to the OpenSearch server...
unit-opensearch-2: 02:16:59 ERROR unit.opensearch/2.juju-log [Errno 111] Connection refused
unit-opensearch-0: 02:17:00 ERROR unit.opensearch/0.juju-log opensearch-peers:3: [Errno 111] Connection refused
unit-opensearch-0: 02:17:00 ERROR unit.opensearch/0.juju-log opensearch-peers:3: Cannot connect to the OpenSearch server...
unit-opensearch-0: 02:17:00 ERROR unit.opensearch/0.juju-log opensearch-peers:3: [Errno 111] Connection refused
unit-opensearch-0: 02:17:00 ERROR unit.opensearch/0.juju-log opensearch-peers:3: [Errno 111] Connection refused
unit-opensearch-0: 02:17:00 ERROR unit.opensearch/0.juju-log opensearch-peers:3: [Errno 111] Connection refused
unit-opensearch-1: 02:17:00 ERROR unit.opensearch/1.juju-log [Errno 111] Connection refused
unit-opensearch-1: 02:17:00 ERROR unit.opensearch/1.juju-log Cannot connect to the OpenSearch server...
unit-opensearch-0: 02:17:00 ERROR unit.opensearch/0.juju-log opensearch-peers:3: [Errno 111] Connection refused
unit-opensearch-0: 02:17:00 ERROR unit.opensearch/0.juju-log opensearch-peers:3: [Errno 111] Connection refused
unit-opensearch-0: 02:17:00 ERROR unit.opensearch/0.juju-log opensearch-peers:3: [Errno 111] Connection refused
unit-opensearch-0: 02:17:00 ERROR unit.opensearch/0.juju-log opensearch-peers:3: [Errno 111] Connection refused
unit-opensearch-0: 02:17:00 ERROR unit.opensearch/0.juju-log opensearch-peers:3: [Errno 111] Connection refused
unit-opensearch-0: 02:17:00 ERROR unit.opensearch/0.juju-log opensearch-peers:3: [Errno 111] Connection refused
unit-opensearch-0: 02:17:00 ERROR unit.opensearch/0.juju-log opensearch-peers:3: [Errno 111] Connection refused
unit-opensearch-0: 02:17:00 ERROR unit.opensearch/0.juju-log opensearch-peers:3: [Errno 111] Connection refused
unit-opensearch-0: 02:17:00 ERROR unit.opensearch/0.juju-log opensearch-peers:3: [Errno 111] Connection refused
unit-opensearch-2: 02:17:01 ERROR unit.opensearch/2.juju-log [Errno 111] Connection refused
unit-opensearch-2: 02:17:01 ERROR unit.opensearch/2.juju-log Cannot connect to the OpenSearch server...
unit-opensearch-2: 02:17:01 ERROR unit.opensearch/2.juju-log [Errno 111] Connection refused
unit-opensearch-0: 02:17:01 ERROR unit.opensearch/0.juju-log certificates:4: [Errno 111] Connection refused
unit-opensearch-0: 02:17:02 ERROR unit.opensearch/0.juju-log certificates:4: Cannot connect to the OpenSearch server...
unit-opensearch-0: 02:17:02 ERROR unit.opensearch/0.juju-log certificates:4: [Errno 111] Connection refused
unit-opensearch-0: 02:17:02 ERROR unit.opensearch/0.juju-log certificates:4: [Errno 111] Connection refused
unit-opensearch-2: 02:17:03 ERROR unit.opensearch/2.juju-log node-lock-fallback:1: [Errno 111] Connection refused
unit-opensearch-2: 02:17:03 ERROR unit.opensearch/2.juju-log node-lock-fallback:1: Cannot connect to the OpenSearch server...
unit-opensearch-2: 02:17:03 ERROR unit.opensearch/2.juju-log node-lock-fallback:1: [Errno 111] Connection refused
unit-opensearch-2: 02:17:04 ERROR unit.opensearch/2.juju-log upgrade-version-a:2: [Errno 111] Connection refused
unit-opensearch-2: 02:17:04 ERROR unit.opensearch/2.juju-log upgrade-version-a:2: Cannot connect to the OpenSearch server...
unit-opensearch-2: 02:17:04 ERROR unit.opensearch/2.juju-log upgrade-version-a:2: [Errno 111] Connection refused
unit-opensearch-0: 02:17:06 ERROR unit.opensearch/0.juju-log [Errno 111] Connection refused
unit-opensearch-0: 02:17:06 ERROR unit.opensearch/0.juju-log Cannot connect to the OpenSearch server...
unit-opensearch-0: 02:17:06 ERROR unit.opensearch/0.juju-log [Errno 111] Connection refused
unit-opensearch-0: 02:17:06 ERROR unit.opensearch/0.juju-log [Errno 111] Connection refused
unit-opensearch-2: 02:17:08 ERROR unit.opensearch/2.juju-log certificates:4: [Errno 111] Connection refused
unit-opensearch-2: 02:17:08 ERROR unit.opensearch/2.juju-log certificates:4: Cannot connect to the OpenSearch server...
unit-opensearch-2: 02:17:08 ERROR unit.opensearch/2.juju-log certificates:4: [Errno 111] Connection refused
unit-opensearch-0: 02:17:09 ERROR unit.opensearch/0.juju-log [Errno 111] Connection refused
unit-opensearch-0: 02:17:09 ERROR unit.opensearch/0.juju-log Cannot connect to the OpenSearch server...
unit-opensearch-0: 02:17:09 ERROR unit.opensearch/0.juju-log [Errno 111] Connection refused
unit-opensearch-0: 02:17:09 ERROR unit.opensearch/0.juju-log [Errno 111] Connection refused
unit-opensearch-2: 02:17:09 ERROR unit.opensearch/2.juju-log certificates:4: [Errno 111] Connection refused
unit-opensearch-2: 02:17:09 ERROR unit.opensearch/2.juju-log certificates:4: Cannot connect to the OpenSearch server...
unit-opensearch-2: 02:17:09 ERROR unit.opensearch/2.juju-log certificates:4: [Errno 111] Connection refused
unit-opensearch-0: 02:17:11 ERROR unit.opensearch/0.juju-log [Errno 111] Connection refused
unit-opensearch-0: 02:17:11 ERROR unit.opensearch/0.juju-log Cannot connect to the OpenSearch server...
unit-opensearch-0: 02:17:11 ERROR unit.opensearch/0.juju-log [Errno 111] Connection refused
unit-opensearch-0: 02:17:11 ERROR unit.opensearch/0.juju-log [Errno 111] Connection refused
unit-opensearch-2: 02:17:12 ERROR unit.opensearch/2.juju-log [Errno 111] Connection refused
unit-opensearch-2: 02:17:12 ERROR unit.opensearch/2.juju-log Cannot connect to the OpenSearch server...
unit-opensearch-2: 02:17:12 ERROR unit.opensearch/2.juju-log [Errno 111] Connection refused
unit-opensearch-0: 02:17:12 ERROR unit.opensearch/0.juju-log [Errno 111] Connection refused
unit-opensearch-0: 02:17:12 ERROR unit.opensearch/0.juju-log Cannot connect to the OpenSearch server...
unit-opensearch-0: 02:17:12 ERROR unit.opensearch/0.juju-log [Errno 111] Connection refused
unit-opensearch-0: 02:17:12 ERROR unit.opensearch/0.juju-log [Errno 111] Connection refused
unit-opensearch-2: 02:17:13 ERROR unit.opensearch/2.juju-log [Errno 111] Connection refused
unit-opensearch-2: 02:17:13 ERROR unit.opensearch/2.juju-log Cannot connect to the OpenSearch server...
unit-opensearch-2: 02:17:13 ERROR unit.opensearch/2.juju-log [Errno 111] Connection refused
unit-opensearch-0: 02:17:13 ERROR unit.opensearch/0.juju-log upgrade-version-a:2: [Errno 111] Connection refused
unit-opensearch-0: 02:17:13 ERROR unit.opensearch/0.juju-log upgrade-version-a:2: Cannot connect to the OpenSearch server...
unit-opensearch-0: 02:17:13 ERROR unit.opensearch/0.juju-log upgrade-version-a:2: [Errno 111] Connection refused
unit-opensearch-0: 02:17:13 ERROR unit.opensearch/0.juju-log upgrade-version-a:2: [Errno 111] Connection refused
unit-opensearch-2: 02:17:14 ERROR unit.opensearch/2.juju-log upgrade-version-a:2: [Errno 111] Connection refused
unit-opensearch-2: 02:17:14 ERROR unit.opensearch/2.juju-log upgrade-version-a:2: Cannot connect to the OpenSearch server...
unit-opensearch-2: 02:17:14 ERROR unit.opensearch/2.juju-log upgrade-version-a:2: [Errno 111] Connection refused
unit-opensearch-0: 02:17:14 ERROR unit.opensearch/0.juju-log node-lock-fallback:1: [Errno 111] Connection refused
unit-opensearch-0: 02:17:14 ERROR unit.opensearch/0.juju-log node-lock-fallback:1: Cannot connect to the OpenSearch server...
unit-opensearch-0: 02:17:14 ERROR unit.opensearch/0.juju-log node-lock-fallback:1: [Errno 111] Connection refused
unit-opensearch-0: 02:17:14 ERROR unit.opensearch/0.juju-log node-lock-fallback:1: [Errno 111] Connection refused
unit-opensearch-2: 02:17:15 ERROR unit.opensearch/2.juju-log [Errno 111] Connection refused
unit-opensearch-2: 02:17:15 ERROR unit.opensearch/2.juju-log Cannot connect to the OpenSearch server...
unit-opensearch-2: 02:17:15 ERROR unit.opensearch/2.juju-log [Errno 111] Connection refused
unit-opensearch-0: 02:17:15 ERROR unit.opensearch/0.juju-log [Errno 111] Connection refused
unit-opensearch-0: 02:17:15 ERROR unit.opensearch/0.juju-log Cannot connect to the OpenSearch server...
unit-opensearch-0: 02:17:15 ERROR unit.opensearch/0.juju-log [Errno 111] Connection refused
unit-opensearch-0: 02:17:15 ERROR unit.opensearch/0.juju-log [Errno 111] Connection refused
unit-opensearch-0: 02:17:16 ERROR unit.opensearch/0.juju-log [Errno 111] Connection refused
unit-opensearch-0: 02:17:16 ERROR unit.opensearch/0.juju-log [Errno 111] Connection refused
unit-opensearch-0: 02:17:16 ERROR unit.opensearch/0.juju-log [Errno 111] Connection refused
unit-opensearch-0: 02:17:16 ERROR unit.opensearch/0.juju-log [Errno 111] Connection refused
unit-opensearch-0: 02:17:16 ERROR unit.opensearch/0.juju-log [Errno 111] Connection refused
unit-opensearch-0: 02:17:16 ERROR unit.opensearch/0.juju-log [Errno 111] Connection refused
unit-opensearch-2: 02:17:16 ERROR unit.opensearch/2.juju-log [Errno 111] Connection refused
unit-opensearch-2: 02:17:16 ERROR unit.opensearch/2.juju-log Cannot connect to the OpenSearch server...
unit-opensearch-2: 02:17:16 ERROR unit.opensearch/2.juju-log [Errno 111] Connection refused
unit-opensearch-0: 02:17:16 ERROR unit.opensearch/0.juju-log [Errno 111] Connection refused
unit-opensearch-0: 02:17:16 ERROR unit.opensearch/0.juju-log [Errno 111] Connection refused
unit-opensearch-0: 02:17:16 ERROR unit.opensearch/0.juju-log [Errno 111] Connection refused
unit-opensearch-0: 02:17:17 ERROR unit.opensearch/0.juju-log [Errno 111] Connection refused
unit-opensearch-0: 02:17:17 ERROR unit.opensearch/0.juju-log [Errno 111] Connection refused
unit-opensearch-0: 02:17:17 ERROR unit.opensearch/0.juju-log Cannot connect to the OpenSearch server...
unit-opensearch-0: 02:17:17 ERROR unit.opensearch/0.juju-log [Errno 111] Connection refused
unit-opensearch-2: 02:17:17 ERROR unit.opensearch/2.juju-log [Errno 111] Connection refused
unit-opensearch-2: 02:17:17 ERROR unit.opensearch/2.juju-log Cannot connect to the OpenSearch server...
unit-opensearch-2: 02:17:17 ERROR unit.opensearch/2.juju-log [Errno 111] Connection refused
unit-opensearch-2: 02:17:18 ERROR unit.opensearch/2.juju-log opensearch-peers:3: [Errno 111] Connection refused
unit-opensearch-2: 02:17:18 ERROR unit.opensearch/2.juju-log opensearch-peers:3: Cannot connect to the OpenSearch server...
unit-opensearch-2: 02:17:18 ERROR unit.opensearch/2.juju-log opensearch-peers:3: [Errno 111] Connection refused
unit-opensearch-2: 02:17:18 ERROR unit.opensearch/2.juju-log opensearch-peers:3: [Errno 111] Connection refused
unit-opensearch-0: 02:17:20 ERROR unit.opensearch/0.juju-log [Errno 111] Connection refused
unit-opensearch-0: 02:17:24 ERROR unit.opensearch/0.juju-log [Errno 111] Connection refused
unit-opensearch-2: 02:17:25 ERROR unit.opensearch/2.juju-log node-lock-fallback:1: [Errno 111] Connection refused
unit-opensearch-2: 02:17:25 ERROR unit.opensearch/2.juju-log node-lock-fallback:1: Cannot connect to the OpenSearch server...
unit-opensearch-2: 02:17:26 ERROR unit.opensearch/2.juju-log node-lock-fallback:1: [Errno 111] Connection refused
unit-opensearch-0: 02:17:27 ERROR unit.opensearch/0.juju-log [Errno 111] Connection refused
unit-opensearch-0: 02:17:30 ERROR unit.opensearch/0.juju-log [Errno 111] Connection refused
unit-opensearch-0: 02:17:33 ERROR unit.opensearch/0.juju-log [Errno 111] Connection refused
unit-opensearch-2: 02:17:34 ERROR unit.opensearch/2.juju-log opensearch-peers:3: [Errno 111] Connection refused
unit-opensearch-2: 02:17:34 ERROR unit.opensearch/2.juju-log opensearch-peers:3: Cannot connect to the OpenSearch server...
unit-opensearch-2: 02:17:34 ERROR unit.opensearch/2.juju-log opensearch-peers:3: [Errno 111] Connection refused
unit-opensearch-2: 02:17:35 ERROR unit.opensearch/2.juju-log opensearch-peers:3: [Errno 111] Connection refused
unit-opensearch-0: 02:17:36 ERROR unit.opensearch/0.juju-log [Errno 111] Connection refused
unit-opensearch-2: 02:17:37 ERROR unit.opensearch/2.juju-log opensearch-peers:3: [Errno 111] Connection refused
unit-opensearch-2: 02:17:37 ERROR unit.opensearch/2.juju-log opensearch-peers:3: Cannot connect to the OpenSearch server...
unit-opensearch-2: 02:17:37 ERROR unit.opensearch/2.juju-log opensearch-peers:3: [Errno 111] Connection refused
unit-opensearch-2: 02:17:37 ERROR unit.opensearch/2.juju-log opensearch-peers:3: [Errno 111] Connection refused
unit-opensearch-2: 02:17:38 ERROR unit.opensearch/2.juju-log opensearch-peers:3: [Errno 111] Connection refused
unit-opensearch-2: 02:17:38 ERROR unit.opensearch/2.juju-log opensearch-peers:3: Cannot connect to the OpenSearch server...
unit-opensearch-2: 02:17:38 ERROR unit.opensearch/2.juju-log opensearch-peers:3: [Errno 111] Connection refused
unit-opensearch-2: 02:17:38 ERROR unit.opensearch/2.juju-log opensearch-peers:3: [Errno 111] Connection refused
unit-opensearch-2: 02:17:39 ERROR unit.opensearch/2.juju-log opensearch-peers:3: [Errno 111] Connection refused
unit-opensearch-2: 02:17:39 ERROR unit.opensearch/2.juju-log opensearch-peers:3: [Errno 111] Connection refused
unit-opensearch-2: 02:17:39 ERROR unit.opensearch/2.juju-log opensearch-peers:3: [Errno 111] Connection refused
unit-opensearch-2: 02:17:39 ERROR unit.opensearch/2.juju-log opensearch-peers:3: [Errno 111] Connection refused
unit-opensearch-2: 02:17:39 ERROR unit.opensearch/2.juju-log opensearch-peers:3: [Errno 111] Connection refused
unit-opensearch-2: 02:17:39 ERROR unit.opensearch/2.juju-log opensearch-peers:3: [Errno 111] Connection refused
unit-opensearch-0: 02:17:39 ERROR unit.opensearch/0.juju-log [Errno 111] Connection refused
unit-opensearch-2: 02:17:40 ERROR unit.opensearch/2.juju-log node-lock-fallback:1: [Errno 111] Connection refused
unit-opensearch-2: 02:17:40 ERROR unit.opensearch/2.juju-log node-lock-fallback:1: Cannot connect to the OpenSearch server...
unit-opensearch-2: 02:17:40 ERROR unit.opensearch/2.juju-log node-lock-fallback:1: [Errno 111] Connection refused
unit-opensearch-2: 02:17:40 ERROR unit.opensearch/2.juju-log node-lock-fallback:1: [Errno 111] Connection refused
unit-opensearch-2: 02:17:41 ERROR unit.opensearch/2.juju-log node-lock-fallback:1: [Errno 111] Connection refused
unit-opensearch-2: 02:17:41 ERROR unit.opensearch/2.juju-log node-lock-fallback:1: Cannot connect to the OpenSearch server...
unit-opensearch-2: 02:17:41 ERROR unit.opensearch/2.juju-log node-lock-fallback:1: [Errno 111] Connection refused
unit-opensearch-2: 02:17:41 ERROR unit.opensearch/2.juju-log node-lock-fallback:1: [Errno 111] Connection refused
unit-opensearch-0: 02:17:42 ERROR unit.opensearch/0.juju-log [Errno 111] Connection refused
unit-opensearch-2: 02:17:43 ERROR unit.opensearch/2.juju-log opensearch-peers:3: [Errno 111] Connection refused
unit-opensearch-2: 02:17:43 ERROR unit.opensearch/2.juju-log opensearch-peers:3: Cannot connect to the OpenSearch server...
unit-opensearch-2: 02:17:43 ERROR unit.opensearch/2.juju-log opensearch-peers:3: [Errno 111] Connection refused
unit-opensearch-2: 02:17:43 ERROR unit.opensearch/2.juju-log opensearch-peers:3: [Errno 111] Connection refused
unit-opensearch-2: 02:17:44 ERROR unit.opensearch/2.juju-log opensearch-peers:3: [Errno 111] Connection refused
unit-opensearch-2: 02:17:44 ERROR unit.opensearch/2.juju-log opensearch-peers:3: [Errno 111] Connection refused
unit-opensearch-2: 02:17:44 ERROR unit.opensearch/2.juju-log opensearch-peers:3: [Errno 111] Connection refused
unit-opensearch-2: 02:17:44 ERROR unit.opensearch/2.juju-log opensearch-peers:3: [Errno 111] Connection refused
unit-opensearch-2: 02:17:44 ERROR unit.opensearch/2.juju-log opensearch-peers:3: [Errno 111] Connection refused
unit-opensearch-2: 02:17:44 ERROR unit.opensearch/2.juju-log opensearch-peers:3: [Errno 111] Connection refused
unit-opensearch-2: 02:17:44 ERROR unit.opensearch/2.juju-log opensearch-peers:3: [Errno 111] Connection refused
unit-opensearch-2: 02:17:45 ERROR unit.opensearch/2.juju-log opensearch-peers:3: [Errno 111] Connection refused
unit-opensearch-2: 02:17:45 ERROR unit.opensearch/2.juju-log opensearch-peers:3: [Errno 111] Connection refused
unit-opensearch-2: 02:17:45 ERROR unit.opensearch/2.juju-log opensearch-peers:3: [Errno 111] Connection refused
unit-opensearch-2: 02:17:45 ERROR unit.opensearch/2.juju-log opensearch-peers:3: [Errno 111] Connection refused
unit-opensearch-0: 02:17:45 ERROR unit.opensearch/0.juju-log [Errno 111] Connection refused
unit-opensearch-2: 02:17:45 ERROR unit.opensearch/2.juju-log opensearch-peers:3: [Errno 111] Connection refused
unit-opensearch-2: 02:17:45 ERROR unit.opensearch/2.juju-log opensearch-peers:3: Cannot connect to the OpenSearch server...
unit-opensearch-2: 02:17:46 ERROR unit.opensearch/2.juju-log opensearch-peers:3: [Errno 111] Connection refused
unit-opensearch-0: 02:17:48 ERROR unit.opensearch/0.juju-log [Errno 111] Connection refused
unit-opensearch-2: 02:17:50 ERROR unit.opensearch/2.juju-log opensearch-peers:3: [Errno 111] Connection refused
unit-opensearch-0: 02:17:52 ERROR unit.opensearch/0.juju-log [Errno 111] Connection refused
unit-opensearch-2: 02:17:53 ERROR unit.opensearch/2.juju-log opensearch-peers:3: [Errno 111] Connection refused
unit-opensearch-0: 02:17:55 ERROR unit.opensearch/0.juju-log [Errno 111] Connection refused
unit-opensearch-2: 02:17:56 ERROR unit.opensearch/2.juju-log opensearch-peers:3: [Errno 111] Connection refused
unit-opensearch-0: 02:17:58 ERROR unit.opensearch/0.juju-log [Errno 111] Connection refused
unit-opensearch-1: 02:17:58 ERROR unit.opensearch/1.juju-log opensearch-peers:3: [Errno 111] Connection refused
unit-opensearch-2: 02:17:59 ERROR unit.opensearch/2.juju-log opensearch-peers:3: [Errno 111] Connection refused
unit-opensearch-0: 02:18:01 ERROR unit.opensearch/0.juju-log [Errno 111] Connection refused
unit-opensearch-1: 02:18:02 ERROR unit.opensearch/1.juju-log opensearch-peers:3: [Errno 111] Connection refused
unit-opensearch-2: 02:18:02 ERROR unit.opensearch/2.juju-log opensearch-peers:3: [Errno 111] Connection refused
unit-opensearch-1: 02:18:04 ERROR unit.opensearch/1.juju-log opensearch-peers:3: [Errno 111] Connection refused
unit-opensearch-0: 02:18:05 ERROR unit.opensearch/0.juju-log [Errno 111] Connection refused
unit-opensearch-1: 02:18:06 ERROR unit.opensearch/1.juju-log opensearch-peers:3: [Errno 111] Connection refused
unit-opensearch-2: 02:18:06 ERROR unit.opensearch/2.juju-log opensearch-peers:3: [Errno 111] Connection refused
unit-opensearch-1: 02:18:07 ERROR unit.opensearch/1.juju-log opensearch-peers:3: [Errno 111] Connection refused
unit-opensearch-0: 02:18:08 ERROR unit.opensearch/0.juju-log [Errno 111] Connection refused
unit-opensearch-2: 02:18:09 ERROR unit.opensearch/2.juju-log opensearch-peers:3: [Errno 111] Connection refused
unit-opensearch-0: 02:18:11 ERROR unit.opensearch/0.juju-log [Errno 111] Connection refused
unit-opensearch-2: 02:18:12 ERROR unit.opensearch/2.juju-log opensearch-peers:3: [Errno 111] Connection refused
unit-opensearch-2: 02:18:15 ERROR unit.opensearch/2.juju-log opensearch-peers:3: [Errno 111] Connection refused
unit-opensearch-1: 02:18:16 ERROR unit.opensearch/1.juju-log opensearch-peers:3: [Errno 111] Connection refused
unit-opensearch-2: 02:18:18 ERROR unit.opensearch/2.juju-log opensearch-peers:3: [Errno 111] Connection refused
unit-opensearch-1: 02:18:18 ERROR unit.opensearch/1.juju-log opensearch-peers:3: [Errno 111] Connection refused
unit-opensearch-0: 02:18:18 ERROR unit.opensearch/0.juju-log node-lock-fallback:1: [Errno 111] Connection refused
unit-opensearch-1: 02:18:19 ERROR unit.opensearch/1.juju-log opensearch-peers:3: [Errno 111] Connection refused
unit-opensearch-1: 02:18:19 ERROR unit.opensearch/1.juju-log opensearch-peers:3: [Errno 111] Connection refused
unit-opensearch-0: 02:18:19 ERROR unit.opensearch/0.juju-log node-lock-fallback:1: [Errno 111] Connection refused
unit-opensearch-1: 02:18:19 ERROR unit.opensearch/1.juju-log opensearch-peers:3: [Errno 111] Connection refused
unit-opensearch-0: 02:18:19 ERROR unit.opensearch/0.juju-log node-lock-fallback:1: [Errno 111] Connection refused
unit-opensearch-0: 02:18:19 ERROR unit.opensearch/0.juju-log node-lock-fallback:1: [Errno 111] Connection refused
unit-opensearch-0: 02:18:20 ERROR unit.opensearch/0.juju-log node-lock-fallback:1: [Errno 111] Connection refused
unit-opensearch-0: 02:18:20 ERROR unit.opensearch/0.juju-log node-lock-fallback:1: [Errno 111] Connection refused
unit-opensearch-0: 02:18:20 ERROR unit.opensearch/0.juju-log node-lock-fallback:1: [Errno 111] Connection refused
unit-opensearch-2: 02:18:21 ERROR unit.opensearch/2.juju-log opensearch-peers:3: [Errno 111] Connection refused
unit-opensearch-1: 02:18:21 ERROR unit.opensearch/1.juju-log [Errno 111] Connection refused
unit-opensearch-0: 02:18:21 ERROR unit.opensearch/0.juju-log node-lock-fallback:1: [Errno 111] Connection refused
unit-opensearch-1: 02:18:22 ERROR unit.opensearch/1.juju-log [Errno 111] Connection refused
unit-opensearch-1: 02:18:22 ERROR unit.opensearch/1.juju-log [Errno 111] Connection refused
unit-opensearch-1: 02:18:22 ERROR unit.opensearch/1.juju-log [Errno 111] Connection refused
unit-opensearch-1: 02:18:22 ERROR unit.opensearch/1.juju-log [Errno 111] Connection refused
unit-opensearch-2: 02:18:24 ERROR unit.opensearch/2.juju-log opensearch-peers:3: [Errno 111] Connection refused
unit-opensearch-0: 02:18:24 ERROR unit.opensearch/0.juju-log opensearch-peers:3: [Errno 111] Connection refused
unit-opensearch-1: 02:18:26 ERROR unit.opensearch/1.juju-log opensearch-peers:3: [Errno 111] Connection refused
unit-opensearch-1: 02:18:27 ERROR unit.opensearch/1.juju-log opensearch-peers:3: [Errno 111] Connection refused
unit-opensearch-0: 02:18:27 ERROR unit.opensearch/0.juju-log opensearch-peers:3: [Errno 111] Connection refused
unit-opensearch-1: 02:18:27 ERROR unit.opensearch/1.juju-log opensearch-peers:3: [Errno 111] Connection refused
unit-opensearch-2: 02:18:27 ERROR unit.opensearch/2.juju-log opensearch-peers:3: [Errno 111] Connection refused
unit-opensearch-1: 02:18:27 ERROR unit.opensearch/1.juju-log opensearch-peers:3: [Errno 111] Connection refused
unit-opensearch-0: 02:18:27 ERROR unit.opensearch/0.juju-log opensearch-peers:3: [Errno 111] Connection refused
unit-opensearch-0: 02:18:27 ERROR unit.opensearch/0.juju-log opensearch-peers:3: [Errno 111] Connection refused
unit-opensearch-1: 02:18:28 ERROR unit.opensearch/1.juju-log opensearch-peers:3: [Errno 111] Connection refused
unit-opensearch-2: 02:18:30 ERROR unit.opensearch/2.juju-log opensearch-peers:3: [Errno 111] Connection refused
unit-opensearch-2: 02:18:33 ERROR unit.opensearch/2.juju-log opensearch-peers:3: [Errno 111] Connection refused
unit-opensearch-0: 02:28:16 ERROR unit.opensearch/0.juju-log Uncaught exception while in charm code:
Traceback (most recent call last):
  File "/var/lib/juju/agents/unit-opensearch-0/charm/./src/charm.py", line 213, in <module>
    main(OpenSearchOperatorCharm)
  File "/var/lib/juju/agents/unit-opensearch-0/charm/venv/ops/main.py", line 548, in main
    manager.run()
  File "/var/lib/juju/agents/unit-opensearch-0/charm/venv/ops/main.py", line 527, in run
    self._emit()
  File "/var/lib/juju/agents/unit-opensearch-0/charm/venv/ops/main.py", line 516, in _emit
    _emit_charm_event(self.charm, self.dispatcher.event_name)
  File "/var/lib/juju/agents/unit-opensearch-0/charm/venv/ops/main.py", line 147, in _emit_charm_event
    event_to_emit.emit(*args, **kwargs)
  File "/var/lib/juju/agents/unit-opensearch-0/charm/venv/ops/framework.py", line 348, in emit
    framework._emit(event)
  File "/var/lib/juju/agents/unit-opensearch-0/charm/venv/ops/framework.py", line 860, in _emit
    self._reemit(event_path)
  File "/var/lib/juju/agents/unit-opensearch-0/charm/venv/ops/framework.py", line 950, in _reemit
    custom_handler(event)
  File "/var/lib/juju/agents/unit-opensearch-0/charm/lib/charms/opensearch/v0/opensearch_base_charm.py", line 477, in _on_opensearch_data_storage_detaching
    raise Exception("Unable to acquire lock: Another unit is starting or stopping.")
Exception: Unable to acquire lock: Another unit is starting or stopping.
unit-opensearch-2: 02:28:16 ERROR unit.opensearch/2.juju-log Uncaught exception while in charm code:
Traceback (most recent call last):
  File "/var/lib/juju/agents/unit-opensearch-2/charm/./src/charm.py", line 213, in <module>
    main(OpenSearchOperatorCharm)
  File "/var/lib/juju/agents/unit-opensearch-2/charm/venv/ops/main.py", line 548, in main
    manager.run()
  File "/var/lib/juju/agents/unit-opensearch-2/charm/venv/ops/main.py", line 527, in run
    self._emit()
  File "/var/lib/juju/agents/unit-opensearch-2/charm/venv/ops/main.py", line 516, in _emit
    _emit_charm_event(self.charm, self.dispatcher.event_name)
  File "/var/lib/juju/agents/unit-opensearch-2/charm/venv/ops/main.py", line 147, in _emit_charm_event
    event_to_emit.emit(*args, **kwargs)
  File "/var/lib/juju/agents/unit-opensearch-2/charm/venv/ops/framework.py", line 348, in emit
    framework._emit(event)
  File "/var/lib/juju/agents/unit-opensearch-2/charm/venv/ops/framework.py", line 860, in _emit
    self._reemit(event_path)
  File "/var/lib/juju/agents/unit-opensearch-2/charm/venv/ops/framework.py", line 950, in _reemit
    custom_handler(event)
  File "/var/lib/juju/agents/unit-opensearch-2/charm/lib/charms/opensearch/v0/opensearch_base_charm.py", line 477, in _on_opensearch_data_storage_detaching
    raise Exception("Unable to acquire lock: Another unit is starting or stopping.")
Exception: Unable to acquire lock: Another unit is starting or stopping.
unit-opensearch-2: 02:28:17 ERROR juju.worker.uniter.operation hook "opensearch-data-storage-detaching" (via hook dispatching script: dispatch) failed: exit status 1
unit-opensearch-0: 02:28:17 ERROR juju.worker.uniter.operation hook "opensearch-data-storage-detaching" (via hook dispatching script: dispatch) failed: exit status 1
unit-opensearch-1: 02:28:20 ERROR unit.opensearch/1.juju-log [Errno 111] Connection refused
unit-opensearch-1: 02:28:20 ERROR unit.opensearch/1.juju-log Cannot connect to the OpenSearch server...
unit-opensearch-1: 02:28:21 ERROR unit.opensearch/1.juju-log [Errno 111] Connection refused
unit-opensearch-1: 02:28:21 ERROR unit.opensearch/1.juju-log [Errno 111] Connection refused
unit-opensearch-1: 02:28:21 ERROR unit.opensearch/1.juju-log [Errno 111] Connection refused
unit-opensearch-1: 02:28:22 ERROR unit.opensearch/1.juju-log [Errno 111] Connection refused
unit-opensearch-1: 02:28:23 ERROR unit.opensearch/1.juju-log [Errno 111] Connection refused
unit-opensearch-1: 02:28:24 ERROR unit.opensearch/1.juju-log [Errno 111] Connection refused
unit-opensearch-0: 02:28:24 ERROR unit.opensearch/0.juju-log [Errno 111] Connection refused
unit-opensearch-0: 02:28:24 ERROR unit.opensearch/0.juju-log [Errno 111] Connection refused
unit-opensearch-2: 02:28:24 ERROR unit.opensearch/2.juju-log [Errno 111] Connection refused
unit-opensearch-0: 02:28:24 ERROR unit.opensearch/0.juju-log [Errno 111] Connection refused
unit-opensearch-0: 02:28:24 ERROR unit.opensearch/0.juju-log [Errno 111] Connection refused
unit-opensearch-2: 02:28:24 ERROR unit.opensearch/2.juju-log [Errno 111] Connection refused
unit-opensearch-2: 02:28:24 ERROR unit.opensearch/2.juju-log [Errno 111] Connection refused
unit-opensearch-2: 02:28:25 ERROR unit.opensearch/2.juju-log [Errno 111] Connection refused
unit-opensearch-0: 02:28:25 ERROR unit.opensearch/0.juju-log [Errno 111] Connection refused
unit-opensearch-0: 02:28:25 ERROR unit.opensearch/0.juju-log [Errno 111] Connection refused
unit-opensearch-2: 02:28:25 ERROR unit.opensearch/2.juju-log [Errno 111] Connection refused
unit-opensearch-2: 02:28:25 ERROR unit.opensearch/2.juju-log [Errno 111] Connection refused
unit-opensearch-0: 02:28:30 ERROR unit.opensearch/0.juju-log Error creating OpenSearch lock document
Traceback (most recent call last):
  File "/var/lib/juju/agents/unit-opensearch-0/charm/venv/urllib3/connectionpool.py", line 536, in _make_request
    response = conn.getresponse()
  File "/var/lib/juju/agents/unit-opensearch-0/charm/venv/urllib3/connection.py", line 464, in getresponse
    httplib_response = super().getresponse()
  File "/usr/lib/python3.10/http/client.py", line 1375, in getresponse
    response.begin()
  File "/usr/lib/python3.10/http/client.py", line 318, in begin
    version, status, reason = self._read_status()
  File "/usr/lib/python3.10/http/client.py", line 279, in _read_status
    line = str(self.fp.readline(_MAXLINE + 1), "iso-8859-1")
  File "/usr/lib/python3.10/socket.py", line 705, in readinto
    return self._sock.recv_into(b)
  File "/usr/lib/python3.10/ssl.py", line 1303, in recv_into
    return self.read(nbytes, buffer)
  File "/usr/lib/python3.10/ssl.py", line 1159, in read
    return self._sslobj.read(len, buffer)
TimeoutError: The read operation timed out

The above exception was the direct cause of the following exception:

Traceback (most recent call last):
  File "/var/lib/juju/agents/unit-opensearch-0/charm/venv/requests/adapters.py", line 667, in send
    resp = conn.urlopen(
  File "/var/lib/juju/agents/unit-opensearch-0/charm/venv/urllib3/connectionpool.py", line 843, in urlopen
    retries = retries.increment(
  File "/var/lib/juju/agents/unit-opensearch-0/charm/venv/urllib3/util/retry.py", line 474, in increment
    raise reraise(type(error), error, _stacktrace)
  File "/var/lib/juju/agents/unit-opensearch-0/charm/venv/urllib3/util/util.py", line 39, in reraise
    raise value
  File "/var/lib/juju/agents/unit-opensearch-0/charm/venv/urllib3/connectionpool.py", line 789, in urlopen
    response = self._make_request(
  File "/var/lib/juju/agents/unit-opensearch-0/charm/venv/urllib3/connectionpool.py", line 538, in _make_request
    self._raise_timeout(err=e, url=url, timeout_value=read_timeout)
  File "/var/lib/juju/agents/unit-opensearch-0/charm/venv/urllib3/connectionpool.py", line 369, in _raise_timeout
    raise ReadTimeoutError(
urllib3.exceptions.ReadTimeoutError: HTTPSConnectionPool(host='10.22.22.136', port=9200): Read timed out. (read timeout=5)

During handling of the above exception, another exception occurred:

Traceback (most recent call last):
  File "/var/lib/juju/agents/unit-opensearch-0/charm/lib/charms/opensearch/v0/opensearch_distro.py", line 290, in request
    resp = call(urls[0])
  File "/var/lib/juju/agents/unit-opensearch-0/charm/lib/charms/opensearch/v0/opensearch_distro.py", line 232, in call
    for attempt in Retrying(
  File "/var/lib/juju/agents/unit-opensearch-0/charm/venv/tenacity/__init__.py", line 443, in __iter__
    do = self.iter(retry_state=retry_state)
  File "/var/lib/juju/agents/unit-opensearch-0/charm/venv/tenacity/__init__.py", line 376, in iter
    result = action(retry_state)
  File "/var/lib/juju/agents/unit-opensearch-0/charm/venv/tenacity/__init__.py", line 418, in exc_check
    raise retry_exc.reraise()
  File "/var/lib/juju/agents/unit-opensearch-0/charm/venv/tenacity/__init__.py", line 185, in reraise
    raise self.last_attempt.result()
  File "/usr/lib/python3.10/concurrent/futures/_base.py", line 451, in result
    return self.__get_result()
  File "/usr/lib/python3.10/concurrent/futures/_base.py", line 403, in __get_result
    raise self._exception
  File "/var/lib/juju/agents/unit-opensearch-0/charm/lib/charms/opensearch/v0/opensearch_distro.py", line 259, in call
    response = s.request(**request_kwargs)
  File "/var/lib/juju/agents/unit-opensearch-0/charm/venv/requests/sessions.py", line 589, in request
    resp = self.send(prep, **send_kwargs)
  File "/var/lib/juju/agents/unit-opensearch-0/charm/venv/requests/sessions.py", line 703, in send
    r = adapter.send(request, **kwargs)
  File "/var/lib/juju/agents/unit-opensearch-0/charm/venv/requests/adapters.py", line 713, in send
    raise ReadTimeout(e, request=request)
requests.exceptions.ReadTimeout: HTTPSConnectionPool(host='10.22.22.136', port=9200): Read timed out. (read timeout=5)

During handling of the above exception, another exception occurred:

Traceback (most recent call last):
  File "/var/lib/juju/agents/unit-opensearch-0/charm/lib/charms/opensearch/v0/opensearch_locking.py", line 287, in acquired
    response = self._opensearch.request(
  File "/var/lib/juju/agents/unit-opensearch-0/charm/lib/charms/opensearch/v0/opensearch_distro.py", line 301, in request
    raise OpenSearchHttpError(response_text=str(e))
charms.opensearch.v0.opensearch_exceptions.OpenSearchHttpError: HTTP error self.response_code=None
self.response_text="HTTPSConnectionPool(host='10.22.22.136', port=9200): Read timed out. (read timeout=5)"
unit-opensearch-0: 02:28:30 ERROR unit.opensearch/0.juju-log Uncaught exception while in charm code:
Traceback (most recent call last):
  File "/var/lib/juju/agents/unit-opensearch-0/charm/./src/charm.py", line 213, in <module>
    main(OpenSearchOperatorCharm)
  File "/var/lib/juju/agents/unit-opensearch-0/charm/venv/ops/main.py", line 548, in main
    manager.run()
  File "/var/lib/juju/agents/unit-opensearch-0/charm/venv/ops/main.py", line 527, in run
    self._emit()
  File "/var/lib/juju/agents/unit-opensearch-0/charm/venv/ops/main.py", line 516, in _emit
    _emit_charm_event(self.charm, self.dispatcher.event_name)
  File "/var/lib/juju/agents/unit-opensearch-0/charm/venv/ops/main.py", line 147, in _emit_charm_event
    event_to_emit.emit(*args, **kwargs)
  File "/var/lib/juju/agents/unit-opensearch-0/charm/venv/ops/framework.py", line 348, in emit
    framework._emit(event)
  File "/var/lib/juju/agents/unit-opensearch-0/charm/venv/ops/framework.py", line 860, in _emit
    self._reemit(event_path)
  File "/var/lib/juju/agents/unit-opensearch-0/charm/venv/ops/framework.py", line 950, in _reemit
    custom_handler(event)
  File "/var/lib/juju/agents/unit-opensearch-0/charm/lib/charms/opensearch/v0/opensearch_base_charm.py", line 477, in _on_opensearch_data_storage_detaching
    raise Exception("Unable to acquire lock: Another unit is starting or stopping.")
Exception: Unable to acquire lock: Another unit is starting or stopping.
unit-opensearch-2: 02:28:31 ERROR unit.opensearch/2.juju-log Error creating OpenSearch lock document
Traceback (most recent call last):
  File "/var/lib/juju/agents/unit-opensearch-2/charm/venv/urllib3/connectionpool.py", line 536, in _make_request
    response = conn.getresponse()
  File "/var/lib/juju/agents/unit-opensearch-2/charm/venv/urllib3/connection.py", line 464, in getresponse
    httplib_response = super().getresponse()
  File "/usr/lib/python3.10/http/client.py", line 1375, in getresponse
    response.begin()
  File "/usr/lib/python3.10/http/client.py", line 318, in begin
    version, status, reason = self._read_status()
  File "/usr/lib/python3.10/http/client.py", line 279, in _read_status
    line = str(self.fp.readline(_MAXLINE + 1), "iso-8859-1")
  File "/usr/lib/python3.10/socket.py", line 705, in readinto
    return self._sock.recv_into(b)
  File "/usr/lib/python3.10/ssl.py", line 1303, in recv_into
    return self.read(nbytes, buffer)
  File "/usr/lib/python3.10/ssl.py", line 1159, in read
    return self._sslobj.read(len, buffer)
TimeoutError: The read operation timed out

The above exception was the direct cause of the following exception:

Traceback (most recent call last):
  File "/var/lib/juju/agents/unit-opensearch-2/charm/venv/requests/adapters.py", line 667, in send
    resp = conn.urlopen(
  File "/var/lib/juju/agents/unit-opensearch-2/charm/venv/urllib3/connectionpool.py", line 843, in urlopen
    retries = retries.increment(
  File "/var/lib/juju/agents/unit-opensearch-2/charm/venv/urllib3/util/retry.py", line 474, in increment
    raise reraise(type(error), error, _stacktrace)
  File "/var/lib/juju/agents/unit-opensearch-2/charm/venv/urllib3/util/util.py", line 39, in reraise
    raise value
  File "/var/lib/juju/agents/unit-opensearch-2/charm/venv/urllib3/connectionpool.py", line 789, in urlopen
    response = self._make_request(
  File "/var/lib/juju/agents/unit-opensearch-2/charm/venv/urllib3/connectionpool.py", line 538, in _make_request
    self._raise_timeout(err=e, url=url, timeout_value=read_timeout)
  File "/var/lib/juju/agents/unit-opensearch-2/charm/venv/urllib3/connectionpool.py", line 369, in _raise_timeout
    raise ReadTimeoutError(
urllib3.exceptions.ReadTimeoutError: HTTPSConnectionPool(host='10.22.22.65', port=9200): Read timed out. (read timeout=5)

During handling of the above exception, another exception occurred:

Traceback (most recent call last):
  File "/var/lib/juju/agents/unit-opensearch-2/charm/lib/charms/opensearch/v0/opensearch_distro.py", line 290, in request
    resp = call(urls[0])
  File "/var/lib/juju/agents/unit-opensearch-2/charm/lib/charms/opensearch/v0/opensearch_distro.py", line 232, in call
    for attempt in Retrying(
  File "/var/lib/juju/agents/unit-opensearch-2/charm/venv/tenacity/__init__.py", line 443, in __iter__
    do = self.iter(retry_state=retry_state)
  File "/var/lib/juju/agents/unit-opensearch-2/charm/venv/tenacity/__init__.py", line 376, in iter
    result = action(retry_state)
  File "/var/lib/juju/agents/unit-opensearch-2/charm/venv/tenacity/__init__.py", line 418, in exc_check
    raise retry_exc.reraise()
  File "/var/lib/juju/agents/unit-opensearch-2/charm/venv/tenacity/__init__.py", line 185, in reraise
    raise self.last_attempt.result()
  File "/usr/lib/python3.10/concurrent/futures/_base.py", line 451, in result
    return self.__get_result()
  File "/usr/lib/python3.10/concurrent/futures/_base.py", line 403, in __get_result
    raise self._exception
  File "/var/lib/juju/agents/unit-opensearch-2/charm/lib/charms/opensearch/v0/opensearch_distro.py", line 259, in call
    response = s.request(**request_kwargs)
  File "/var/lib/juju/agents/unit-opensearch-2/charm/venv/requests/sessions.py", line 589, in request
    resp = self.send(prep, **send_kwargs)
  File "/var/lib/juju/agents/unit-opensearch-2/charm/venv/requests/sessions.py", line 703, in send
    r = adapter.send(request, **kwargs)
  File "/var/lib/juju/agents/unit-opensearch-2/charm/venv/requests/adapters.py", line 713, in send
    raise ReadTimeout(e, request=request)
requests.exceptions.ReadTimeout: HTTPSConnectionPool(host='10.22.22.65', port=9200): Read timed out. (read timeout=5)

During handling of the above exception, another exception occurred:

Traceback (most recent call last):
  File "/var/lib/juju/agents/unit-opensearch-2/charm/lib/charms/opensearch/v0/opensearch_locking.py", line 287, in acquired
    response = self._opensearch.request(
  File "/var/lib/juju/agents/unit-opensearch-2/charm/lib/charms/opensearch/v0/opensearch_distro.py", line 301, in request
    raise OpenSearchHttpError(response_text=str(e))
charms.opensearch.v0.opensearch_exceptions.OpenSearchHttpError: HTTP error self.response_code=None
self.response_text="HTTPSConnectionPool(host='10.22.22.65', port=9200): Read timed out. (read timeout=5)"
unit-opensearch-0: 02:28:31 ERROR juju.worker.uniter.operation hook "opensearch-data-storage-detaching" (via hook dispatching script: dispatch) failed: exit status 1
unit-opensearch-2: 02:28:31 ERROR unit.opensearch/2.juju-log Uncaught exception while in charm code:
Traceback (most recent call last):
  File "/var/lib/juju/agents/unit-opensearch-2/charm/./src/charm.py", line 213, in <module>
    main(OpenSearchOperatorCharm)
  File "/var/lib/juju/agents/unit-opensearch-2/charm/venv/ops/main.py", line 548, in main
    manager.run()
  File "/var/lib/juju/agents/unit-opensearch-2/charm/venv/ops/main.py", line 527, in run
    self._emit()
  File "/var/lib/juju/agents/unit-opensearch-2/charm/venv/ops/main.py", line 516, in _emit
    _emit_charm_event(self.charm, self.dispatcher.event_name)
  File "/var/lib/juju/agents/unit-opensearch-2/charm/venv/ops/main.py", line 147, in _emit_charm_event
    event_to_emit.emit(*args, **kwargs)
  File "/var/lib/juju/agents/unit-opensearch-2/charm/venv/ops/framework.py", line 348, in emit
    framework._emit(event)
  File "/var/lib/juju/agents/unit-opensearch-2/charm/venv/ops/framework.py", line 860, in _emit
    self._reemit(event_path)
  File "/var/lib/juju/agents/unit-opensearch-2/charm/venv/ops/framework.py", line 950, in _reemit
    custom_handler(event)
  File "/var/lib/juju/agents/unit-opensearch-2/charm/lib/charms/opensearch/v0/opensearch_base_charm.py", line 477, in _on_opensearch_data_storage_detaching
    raise Exception("Unable to acquire lock: Another unit is starting or stopping.")
Exception: Unable to acquire lock: Another unit is starting or stopping.
unit-opensearch-2: 02:28:31 ERROR juju.worker.uniter.operation hook "opensearch-data-storage-detaching" (via hook dispatching script: dispatch) failed: exit status 1
unit-opensearch-1: 02:28:31 ERROR unit.opensearch/1.juju-log opensearch-peers:3: [Errno 111] Connection refused
unit-opensearch-1: 02:28:32 ERROR unit.opensearch/1.juju-log s3-credentials:6: [Errno 111] Connection refused
unit-opensearch-1: 02:28:32 ERROR unit.opensearch/1.juju-log s3-credentials:6: [Errno 111] Connection refused
unit-opensearch-1: 02:28:33 ERROR unit.opensearch/1.juju-log s3-credentials:6: failed to get root endpoint, implying that this node is offline. Retry once node is online.
unit-opensearch-1: 02:28:33 ERROR unit.opensearch/1.juju-log opensearch-peers:3: [Errno 111] Connection refused
unit-opensearch-1: 02:28:33 ERROR unit.opensearch/1.juju-log opensearch-peers:3: [Errno 111] Connection refused
unit-opensearch-1: 02:28:33 ERROR unit.opensearch/1.juju-log opensearch-peers:3: failed to get root endpoint, implying that this node is offline. Retry once node is online.
unit-opensearch-1: 02:28:34 ERROR unit.opensearch/1.juju-log opensearch-peers:3: [Errno 111] Connection refused
unit-opensearch-1: 02:28:34 ERROR unit.opensearch/1.juju-log [Errno 111] Connection refused
unit-opensearch-1: 02:28:34 ERROR unit.opensearch/1.juju-log [Errno 111] Connection refused
unit-opensearch-1: 02:28:34 ERROR unit.opensearch/1.juju-log failed to get root endpoint, implying that this node is offline. Retry once node is online.
unit-opensearch-1: 02:28:36 ERROR unit.opensearch/1.juju-log [Errno 111] Connection refused
unit-opensearch-1: 02:28:36 ERROR unit.opensearch/1.juju-log [Errno 111] Connection refused
unit-opensearch-1: 02:28:36 ERROR unit.opensearch/1.juju-log failed to get root endpoint, implying that this node is offline. Retry once node is online.
unit-opensearch-0: 02:28:47 ERROR unit.opensearch/0.juju-log timed out
unit-opensearch-2: 02:28:48 ERROR unit.opensearch/2.juju-log timed out
unit-opensearch-0: 02:28:53 ERROR unit.opensearch/0.juju-log timed out
unit-opensearch-2: 02:28:53 ERROR unit.opensearch/2.juju-log timed out
unit-opensearch-2: 02:28:54 ERROR unit.opensearch/2.juju-log [Errno 113] No route to host
unit-opensearch-0: 02:28:56 ERROR unit.opensearch/0.juju-log [Errno 113] No route to host
unit-opensearch-2: 02:28:59 ERROR unit.opensearch/2.juju-log Error creating OpenSearch lock document
Traceback (most recent call last):
  File "/var/lib/juju/agents/unit-opensearch-2/charm/venv/urllib3/connectionpool.py", line 536, in _make_request
    response = conn.getresponse()
  File "/var/lib/juju/agents/unit-opensearch-2/charm/venv/urllib3/connection.py", line 464, in getresponse
    httplib_response = super().getresponse()
  File "/usr/lib/python3.10/http/client.py", line 1375, in getresponse
    response.begin()
  File "/usr/lib/python3.10/http/client.py", line 318, in begin
    version, status, reason = self._read_status()
  File "/usr/lib/python3.10/http/client.py", line 279, in _read_status
    line = str(self.fp.readline(_MAXLINE + 1), "iso-8859-1")
  File "/usr/lib/python3.10/socket.py", line 705, in readinto
    return self._sock.recv_into(b)
  File "/usr/lib/python3.10/ssl.py", line 1303, in recv_into
    return self.read(nbytes, buffer)
  File "/usr/lib/python3.10/ssl.py", line 1159, in read
    return self._sslobj.read(len, buffer)
TimeoutError: The read operation timed out

The above exception was the direct cause of the following exception:

Traceback (most recent call last):
  File "/var/lib/juju/agents/unit-opensearch-2/charm/venv/requests/adapters.py", line 667, in send
    resp = conn.urlopen(
  File "/var/lib/juju/agents/unit-opensearch-2/charm/venv/urllib3/connectionpool.py", line 843, in urlopen
    retries = retries.increment(
  File "/var/lib/juju/agents/unit-opensearch-2/charm/venv/urllib3/util/retry.py", line 474, in increment
    raise reraise(type(error), error, _stacktrace)
  File "/var/lib/juju/agents/unit-opensearch-2/charm/venv/urllib3/util/util.py", line 39, in reraise
    raise value
  File "/var/lib/juju/agents/unit-opensearch-2/charm/venv/urllib3/connectionpool.py", line 789, in urlopen
    response = self._make_request(
  File "/var/lib/juju/agents/unit-opensearch-2/charm/venv/urllib3/connectionpool.py", line 538, in _make_request
    self._raise_timeout(err=e, url=url, timeout_value=read_timeout)
  File "/var/lib/juju/agents/unit-opensearch-2/charm/venv/urllib3/connectionpool.py", line 369, in _raise_timeout
    raise ReadTimeoutError(
urllib3.exceptions.ReadTimeoutError: HTTPSConnectionPool(host='10.22.22.65', port=9200): Read timed out. (read timeout=5)

During handling of the above exception, another exception occurred:

Traceback (most recent call last):
  File "/var/lib/juju/agents/unit-opensearch-2/charm/lib/charms/opensearch/v0/opensearch_distro.py", line 290, in request
    resp = call(urls[0])
  File "/var/lib/juju/agents/unit-opensearch-2/charm/lib/charms/opensearch/v0/opensearch_distro.py", line 232, in call
    for attempt in Retrying(
  File "/var/lib/juju/agents/unit-opensearch-2/charm/venv/tenacity/__init__.py", line 443, in __iter__
    do = self.iter(retry_state=retry_state)
  File "/var/lib/juju/agents/unit-opensearch-2/charm/venv/tenacity/__init__.py", line 376, in iter
    result = action(retry_state)
  File "/var/lib/juju/agents/unit-opensearch-2/charm/venv/tenacity/__init__.py", line 418, in exc_check
    raise retry_exc.reraise()
  File "/var/lib/juju/agents/unit-opensearch-2/charm/venv/tenacity/__init__.py", line 185, in reraise
    raise self.last_attempt.result()
  File "/usr/lib/python3.10/concurrent/futures/_base.py", line 451, in result
    return self.__get_result()
  File "/usr/lib/python3.10/concurrent/futures/_base.py", line 403, in __get_result
    raise self._exception
  File "/var/lib/juju/agents/unit-opensearch-2/charm/lib/charms/opensearch/v0/opensearch_distro.py", line 259, in call
    response = s.request(**request_kwargs)
  File "/var/lib/juju/agents/unit-opensearch-2/charm/venv/requests/sessions.py", line 589, in request
    resp = self.send(prep, **send_kwargs)
  File "/var/lib/juju/agents/unit-opensearch-2/charm/venv/requests/sessions.py", line 703, in send
    r = adapter.send(request, **kwargs)
  File "/var/lib/juju/agents/unit-opensearch-2/charm/venv/requests/adapters.py", line 713, in send
    raise ReadTimeout(e, request=request)
requests.exceptions.ReadTimeout: HTTPSConnectionPool(host='10.22.22.65', port=9200): Read timed out. (read timeout=5)

During handling of the above exception, another exception occurred:

Traceback (most recent call last):
  File "/var/lib/juju/agents/unit-opensearch-2/charm/lib/charms/opensearch/v0/opensearch_locking.py", line 287, in acquired
    response = self._opensearch.request(
  File "/var/lib/juju/agents/unit-opensearch-2/charm/lib/charms/opensearch/v0/opensearch_distro.py", line 301, in request
    raise OpenSearchHttpError(response_text=str(e))
charms.opensearch.v0.opensearch_exceptions.OpenSearchHttpError: HTTP error self.response_code=None
self.response_text="HTTPSConnectionPool(host='10.22.22.65', port=9200): Read timed out. (read timeout=5)"
unit-opensearch-2: 02:28:59 ERROR unit.opensearch/2.juju-log Uncaught exception while in charm code:
Traceback (most recent call last):
  File "/var/lib/juju/agents/unit-opensearch-2/charm/./src/charm.py", line 213, in <module>
    main(OpenSearchOperatorCharm)
  File "/var/lib/juju/agents/unit-opensearch-2/charm/venv/ops/main.py", line 548, in main
    manager.run()
  File "/var/lib/juju/agents/unit-opensearch-2/charm/venv/ops/main.py", line 527, in run
    self._emit()
  File "/var/lib/juju/agents/unit-opensearch-2/charm/venv/ops/main.py", line 516, in _emit
    _emit_charm_event(self.charm, self.dispatcher.event_name)
  File "/var/lib/juju/agents/unit-opensearch-2/charm/venv/ops/main.py", line 147, in _emit_charm_event
    event_to_emit.emit(*args, **kwargs)
  File "/var/lib/juju/agents/unit-opensearch-2/charm/venv/ops/framework.py", line 348, in emit
    framework._emit(event)
  File "/var/lib/juju/agents/unit-opensearch-2/charm/venv/ops/framework.py", line 860, in _emit
    self._reemit(event_path)
  File "/var/lib/juju/agents/unit-opensearch-2/charm/venv/ops/framework.py", line 950, in _reemit
    custom_handler(event)
  File "/var/lib/juju/agents/unit-opensearch-2/charm/lib/charms/opensearch/v0/opensearch_base_charm.py", line 477, in _on_opensearch_data_storage_detaching
    raise Exception("Unable to acquire lock: Another unit is starting or stopping.")
Exception: Unable to acquire lock: Another unit is starting or stopping.
unit-opensearch-2: 02:28:59 ERROR juju.worker.uniter.operation hook "opensearch-data-storage-detaching" (via hook dispatching script: dispatch) failed: exit status 1
unit-opensearch-0: 02:29:01 ERROR unit.opensearch/0.juju-log Error creating OpenSearch lock document
Traceback (most recent call last):
  File "/var/lib/juju/agents/unit-opensearch-0/charm/venv/urllib3/connectionpool.py", line 536, in _make_request
    response = conn.getresponse()
  File "/var/lib/juju/agents/unit-opensearch-0/charm/venv/urllib3/connection.py", line 464, in getresponse
    httplib_response = super().getresponse()
  File "/usr/lib/python3.10/http/client.py", line 1375, in getresponse
    response.begin()
  File "/usr/lib/python3.10/http/client.py", line 318, in begin
    version, status, reason = self._read_status()
  File "/usr/lib/python3.10/http/client.py", line 279, in _read_status
    line = str(self.fp.readline(_MAXLINE + 1), "iso-8859-1")
  File "/usr/lib/python3.10/socket.py", line 705, in readinto
    return self._sock.recv_into(b)
  File "/usr/lib/python3.10/ssl.py", line 1303, in recv_into
    return self.read(nbytes, buffer)
  File "/usr/lib/python3.10/ssl.py", line 1159, in read
    return self._sslobj.read(len, buffer)
TimeoutError: The read operation timed out

The above exception was the direct cause of the following exception:

Traceback (most recent call last):
  File "/var/lib/juju/agents/unit-opensearch-0/charm/venv/requests/adapters.py", line 667, in send
    resp = conn.urlopen(
  File "/var/lib/juju/agents/unit-opensearch-0/charm/venv/urllib3/connectionpool.py", line 843, in urlopen
    retries = retries.increment(
  File "/var/lib/juju/agents/unit-opensearch-0/charm/venv/urllib3/util/retry.py", line 474, in increment
    raise reraise(type(error), error, _stacktrace)
  File "/var/lib/juju/agents/unit-opensearch-0/charm/venv/urllib3/util/util.py", line 39, in reraise
    raise value
  File "/var/lib/juju/agents/unit-opensearch-0/charm/venv/urllib3/connectionpool.py", line 789, in urlopen
    response = self._make_request(
  File "/var/lib/juju/agents/unit-opensearch-0/charm/venv/urllib3/connectionpool.py", line 538, in _make_request
    self._raise_timeout(err=e, url=url, timeout_value=read_timeout)
  File "/var/lib/juju/agents/unit-opensearch-0/charm/venv/urllib3/connectionpool.py", line 369, in _raise_timeout
    raise ReadTimeoutError(
urllib3.exceptions.ReadTimeoutError: HTTPSConnectionPool(host='10.22.22.136', port=9200): Read timed out. (read timeout=5)

During handling of the above exception, another exception occurred:

Traceback (most recent call last):
  File "/var/lib/juju/agents/unit-opensearch-0/charm/lib/charms/opensearch/v0/opensearch_distro.py", line 290, in request
    resp = call(urls[0])
  File "/var/lib/juju/agents/unit-opensearch-0/charm/lib/charms/opensearch/v0/opensearch_distro.py", line 232, in call
    for attempt in Retrying(
  File "/var/lib/juju/agents/unit-opensearch-0/charm/venv/tenacity/__init__.py", line 443, in __iter__
    do = self.iter(retry_state=retry_state)
  File "/var/lib/juju/agents/unit-opensearch-0/charm/venv/tenacity/__init__.py", line 376, in iter
    result = action(retry_state)
  File "/var/lib/juju/agents/unit-opensearch-0/charm/venv/tenacity/__init__.py", line 418, in exc_check
    raise retry_exc.reraise()
  File "/var/lib/juju/agents/unit-opensearch-0/charm/venv/tenacity/__init__.py", line 185, in reraise
    raise self.last_attempt.result()
  File "/usr/lib/python3.10/concurrent/futures/_base.py", line 451, in result
    return self.__get_result()
  File "/usr/lib/python3.10/concurrent/futures/_base.py", line 403, in __get_result
    raise self._exception
  File "/var/lib/juju/agents/unit-opensearch-0/charm/lib/charms/opensearch/v0/opensearch_distro.py", line 259, in call
    response = s.request(**request_kwargs)
  File "/var/lib/juju/agents/unit-opensearch-0/charm/venv/requests/sessions.py", line 589, in request
    resp = self.send(prep, **send_kwargs)
  File "/var/lib/juju/agents/unit-opensearch-0/charm/venv/requests/sessions.py", line 703, in send
    r = adapter.send(request, **kwargs)
  File "/var/lib/juju/agents/unit-opensearch-0/charm/venv/requests/adapters.py", line 713, in send
    raise ReadTimeout(e, request=request)
requests.exceptions.ReadTimeout: HTTPSConnectionPool(host='10.22.22.136', port=9200): Read timed out. (read timeout=5)

During handling of the above exception, another exception occurred:

Traceback (most recent call last):
  File "/var/lib/juju/agents/unit-opensearch-0/charm/lib/charms/opensearch/v0/opensearch_locking.py", line 287, in acquired
    response = self._opensearch.request(
  File "/var/lib/juju/agents/unit-opensearch-0/charm/lib/charms/opensearch/v0/opensearch_distro.py", line 301, in request
    raise OpenSearchHttpError(response_text=str(e))
charms.opensearch.v0.opensearch_exceptions.OpenSearchHttpError: HTTP error self.response_code=None
self.response_text="HTTPSConnectionPool(host='10.22.22.136', port=9200): Read timed out. (read timeout=5)"
unit-opensearch-0: 02:29:04 ERROR unit.opensearch/0.juju-log [Errno 113] No route to host
unit-opensearch-0: 02:29:08 ERROR unit.opensearch/0.juju-log [Errno 113] No route to host
unit-opensearch-0: 02:29:11 ERROR unit.opensearch/0.juju-log [Errno 113] No route to host
unit-opensearch-0: 02:29:14 ERROR unit.opensearch/0.juju-log [Errno 113] No route to host
unit-opensearch-0: 02:29:17 ERROR unit.opensearch/0.juju-log [Errno 113] No route to host
unit-opensearch-0: 02:29:18 ERROR unit.opensearch/0.juju-log [Errno 111] Connection refused
unit-opensearch-0: 02:29:18 ERROR unit.opensearch/0.juju-log Cannot connect to the OpenSearch server...
unit-opensearch-0: 02:29:21 ERROR unit.opensearch/0.juju-log [Errno 113] No route to host
unit-opensearch-0: 02:29:21 ERROR unit.opensearch/0.juju-log [Errno 111] Connection refused
unit-opensearch-2: 02:29:24 ERROR unit.opensearch/2.juju-log [Errno 113] No route to host
unit-opensearch-2: 02:29:24 ERROR unit.opensearch/2.juju-log [Errno 111] Connection refused
unit-opensearch-2: 02:29:24 ERROR unit.opensearch/2.juju-log [Errno 111] Connection refused
unit-opensearch-0: 02:29:25 ERROR unit.opensearch/0.juju-log [Errno 113] No route to host
unit-opensearch-0: 02:29:25 ERROR unit.opensearch/0.juju-log [Errno 111] Connection refused
unit-opensearch-2: 02:29:27 ERROR unit.opensearch/2.juju-log [Errno 113] No route to host
unit-opensearch-2: 02:29:27 ERROR unit.opensearch/2.juju-log Uncaught exception while in charm code:
Traceback (most recent call last):
  File "/var/lib/juju/agents/unit-opensearch-2/charm/./src/charm.py", line 213, in <module>
    main(OpenSearchOperatorCharm)
  File "/var/lib/juju/agents/unit-opensearch-2/charm/venv/ops/main.py", line 548, in main
    manager.run()
  File "/var/lib/juju/agents/unit-opensearch-2/charm/venv/ops/main.py", line 527, in run
    self._emit()
  File "/var/lib/juju/agents/unit-opensearch-2/charm/venv/ops/main.py", line 516, in _emit
    _emit_charm_event(self.charm, self.dispatcher.event_name)
  File "/var/lib/juju/agents/unit-opensearch-2/charm/venv/ops/main.py", line 147, in _emit_charm_event
    event_to_emit.emit(*args, **kwargs)
  File "/var/lib/juju/agents/unit-opensearch-2/charm/venv/ops/framework.py", line 348, in emit
    framework._emit(event)
  File "/var/lib/juju/agents/unit-opensearch-2/charm/venv/ops/framework.py", line 860, in _emit
    self._reemit(event_path)
  File "/var/lib/juju/agents/unit-opensearch-2/charm/venv/ops/framework.py", line 950, in _reemit
    custom_handler(event)
  File "/var/lib/juju/agents/unit-opensearch-2/charm/lib/charms/opensearch/v0/opensearch_base_charm.py", line 477, in _on_opensearch_data_storage_detaching
    raise Exception("Unable to acquire lock: Another unit is starting or stopping.")
Exception: Unable to acquire lock: Another unit is starting or stopping.
unit-opensearch-2: 02:29:27 ERROR juju.worker.uniter.operation hook "opensearch-data-storage-detaching" (via hook dispatching script: dispatch) failed: exit status 1
unit-opensearch-0: 02:29:28 ERROR unit.opensearch/0.juju-log [Errno 113] No route to host
unit-opensearch-0: 02:29:28 ERROR unit.opensearch/0.juju-log [Errno 111] Connection refused
unit-opensearch-0: 02:29:28 ERROR unit.opensearch/0.juju-log [Errno 111] Connection refused
unit-opensearch-0: 02:29:31 ERROR unit.opensearch/0.juju-log [Errno 113] No route to host
unit-opensearch-0: 02:29:34 ERROR unit.opensearch/0.juju-log [Errno 113] No route to host
unit-opensearch-0: 02:29:34 ERROR unit.opensearch/0.juju-log [Errno 111] Connection refused
unit-opensearch-0: 02:29:34 ERROR unit.opensearch/0.juju-log [Errno 111] Connection refused
unit-opensearch-0: 02:29:39 ERROR unit.opensearch/0.juju-log s3-credentials:6: [Errno 111] Connection refused
unit-opensearch-0: 02:29:39 ERROR unit.opensearch/0.juju-log s3-credentials:6: [Errno 111] Connection refused
unit-opensearch-0: 02:29:39 ERROR unit.opensearch/0.juju-log s3-credentials:6: failed to get root endpoint, implying that this node is offline. Retry once node is online.
unit-opensearch-0: 02:29:40 ERROR unit.opensearch/0.juju-log certificates:4: [Errno 111] Connection refused
unit-opensearch-0: 02:29:40 ERROR unit.opensearch/0.juju-log certificates:4: [Errno 111] Connection refused
unit-opensearch-0: 02:29:40 ERROR unit.opensearch/0.juju-log certificates:4: failed to get root endpoint, implying that this node is offline. Retry once node is online.
unit-opensearch-0: 02:29:41 ERROR unit.opensearch/0.juju-log node-lock-fallback:1: [Errno 111] Connection refused
unit-opensearch-0: 02:29:41 ERROR unit.opensearch/0.juju-log node-lock-fallback:1: [Errno 111] Connection refused
unit-opensearch-0: 02:29:41 ERROR unit.opensearch/0.juju-log node-lock-fallback:1: failed to get root endpoint, implying that this node is offline. Retry once node is online.
unit-opensearch-0: 02:29:42 ERROR unit.opensearch/0.juju-log opensearch-peers:3: [Errno 111] Connection refused
unit-opensearch-0: 02:29:42 ERROR unit.opensearch/0.juju-log opensearch-peers:3: [Errno 111] Connection refused
unit-opensearch-0: 02:29:42 ERROR unit.opensearch/0.juju-log opensearch-peers:3: failed to get root endpoint, implying that this node is offline. Retry once node is online.
unit-opensearch-0: 02:29:42 ERROR unit.opensearch/0.juju-log opensearch-peers:3: [Errno 111] Connection refused
unit-opensearch-0: 02:29:43 ERROR unit.opensearch/0.juju-log opensearch-peers:3: [Errno 111] Connection refused
unit-opensearch-0: 02:29:43 ERROR unit.opensearch/0.juju-log opensearch-peers:3: [Errno 111] Connection refused
unit-opensearch-0: 02:29:43 ERROR unit.opensearch/0.juju-log opensearch-peers:3: failed to get root endpoint, implying that this node is offline. Retry once node is online.
unit-opensearch-0: 02:29:43 ERROR unit.opensearch/0.juju-log opensearch-peers:3: [Errno 111] Connection refused
unit-opensearch-0: 02:29:44 ERROR unit.opensearch/0.juju-log [Errno 111] Connection refused
unit-opensearch-0: 02:29:44 ERROR unit.opensearch/0.juju-log [Errno 111] Connection refused
unit-opensearch-0: 02:29:44 ERROR unit.opensearch/0.juju-log failed to get root endpoint, implying that this node is offline. Retry once node is online.
unit-opensearch-0: 02:29:45 ERROR unit.opensearch/0.juju-log [Errno 111] Connection refused
unit-opensearch-0: 02:29:45 ERROR unit.opensearch/0.juju-log [Errno 111] Connection refused
unit-opensearch-0: 02:29:45 ERROR unit.opensearch/0.juju-log failed to get root endpoint, implying that this node is offline. Retry once node is online.
unit-opensearch-2: 02:30:13 ERROR unit.opensearch/2.juju-log timed out
unit-opensearch-2: 02:30:16 ERROR unit.opensearch/2.juju-log [Errno 113] No route to host
unit-opensearch-2: 02:30:20 ERROR unit.opensearch/2.juju-log [Errno 113] No route to host
unit-opensearch-2: 02:30:24 ERROR unit.opensearch/2.juju-log [Errno 113] No route to host
unit-opensearch-2: 02:30:27 ERROR unit.opensearch/2.juju-log [Errno 113] No route to host
unit-opensearch-2: 02:30:30 ERROR unit.opensearch/2.juju-log [Errno 113] No route to host
unit-opensearch-2: 02:30:39 ERROR unit.opensearch/2.juju-log [Errno 113] No route to host
unit-opensearch-2: 02:30:42 ERROR unit.opensearch/2.juju-log [Errno 113] No route to host
unit-opensearch-2: 02:30:43 ERROR unit.opensearch/2.juju-log [Errno 111] Connection refused
unit-opensearch-2: 02:30:43 ERROR unit.opensearch/2.juju-log Cannot connect to the OpenSearch server...
unit-opensearch-2: 02:30:43 ERROR unit.opensearch/2.juju-log [Errno 111] Connection refused
unit-opensearch-2: 02:30:46 ERROR unit.opensearch/2.juju-log [Errno 113] No route to host
unit-opensearch-2: 02:30:49 ERROR unit.opensearch/2.juju-log [Errno 113] No route to host
unit-opensearch-2: 02:30:49 ERROR unit.opensearch/2.juju-log [Errno 111] Connection refused
unit-opensearch-2: 02:30:52 ERROR unit.opensearch/2.juju-log [Errno 113] No route to host
unit-opensearch-2: 02:30:55 ERROR unit.opensearch/2.juju-log [Errno 113] No route to host
unit-opensearch-2: 02:30:55 ERROR unit.opensearch/2.juju-log [Errno 111] Connection refused
unit-opensearch-2: 02:30:58 ERROR unit.opensearch/2.juju-log [Errno 113] No route to host
unit-opensearch-2: 02:31:01 ERROR unit.opensearch/2.juju-log [Errno 113] No route to host
unit-opensearch-2: 02:31:01 ERROR unit.opensearch/2.juju-log [Errno 111] Connection refused
unit-opensearch-2: 02:31:01 ERROR unit.opensearch/2.juju-log [Errno 111] Connection refused
unit-opensearch-2: 02:31:04 ERROR unit.opensearch/2.juju-log [Errno 113] No route to host
unit-opensearch-2: 02:31:07 ERROR unit.opensearch/2.juju-log [Errno 113] No route to host
unit-opensearch-2: 02:31:09 ERROR unit.opensearch/2.juju-log opensearch-peers:3: [Errno 111] Connection refused
unit-opensearch-2: 02:31:11 ERROR unit.opensearch/2.juju-log opensearch-peers:3: [Errno 111] Connection refused
unit-opensearch-2: 02:31:12 ERROR unit.opensearch/2.juju-log s3-credentials:6: [Errno 111] Connection refused
unit-opensearch-2: 02:31:12 ERROR unit.opensearch/2.juju-log s3-credentials:6: [Errno 111] Connection refused
unit-opensearch-2: 02:31:12 ERROR unit.opensearch/2.juju-log s3-credentials:6: failed to get root endpoint, implying that this node is offline. Retry once node is online.
unit-opensearch-2: 02:31:13 ERROR unit.opensearch/2.juju-log upgrade-version-a:2: [Errno 111] Connection refused
unit-opensearch-2: 02:31:13 ERROR unit.opensearch/2.juju-log upgrade-version-a:2: [Errno 111] Connection refused
unit-opensearch-2: 02:31:13 ERROR unit.opensearch/2.juju-log upgrade-version-a:2: failed to get root endpoint, implying that this node is offline. Retry once node is online.
unit-opensearch-2: 02:31:14 ERROR unit.opensearch/2.juju-log certificates:4: [Errno 111] Connection refused
unit-opensearch-2: 02:31:14 ERROR unit.opensearch/2.juju-log certificates:4: [Errno 111] Connection refused
unit-opensearch-2: 02:31:14 ERROR unit.opensearch/2.juju-log certificates:4: failed to get root endpoint, implying that this node is offline. Retry once node is online.
unit-opensearch-2: 02:31:15 ERROR unit.opensearch/2.juju-log node-lock-fallback:1: [Errno 111] Connection refused
unit-opensearch-2: 02:31:15 ERROR unit.opensearch/2.juju-log node-lock-fallback:1: [Errno 111] Connection refused
unit-opensearch-2: 02:31:15 ERROR unit.opensearch/2.juju-log node-lock-fallback:1: failed to get root endpoint, implying that this node is offline. Retry once node is online.
unit-opensearch-2: 02:31:16 ERROR unit.opensearch/2.juju-log upgrade-version-a:2: [Errno 111] Connection refused
unit-opensearch-2: 02:31:16 ERROR unit.opensearch/2.juju-log upgrade-version-a:2: [Errno 111] Connection refused
unit-opensearch-2: 02:31:16 ERROR unit.opensearch/2.juju-log upgrade-version-a:2: failed to get root endpoint, implying that this node is offline. Retry once node is online.
unit-opensearch-2: 02:31:17 ERROR unit.opensearch/2.juju-log [Errno 111] Connection refused
unit-opensearch-2: 02:31:17 ERROR unit.opensearch/2.juju-log [Errno 111] Connection refused
unit-opensearch-2: 02:31:17 ERROR unit.opensearch/2.juju-log failed to get root endpoint, implying that this node is offline. Retry once node is online.
unit-opensearch-2: 02:31:18 ERROR unit.opensearch/2.juju-log [Errno 111] Connection refused
unit-opensearch-2: 02:31:18 ERROR unit.opensearch/2.juju-log [Errno 111] Connection refused
unit-opensearch-2: 02:31:18 ERROR unit.opensearch/2.juju-log failed to get root endpoint, implying that this node is offline. Retry once node is online.
machine-6: 02:34:19 ERROR juju.worker.dependency "lxd-container-provisioner" manifold worker returned unexpected error: container types not yet available
machine-6: 02:34:19 ERROR juju.worker.dependency "kvm-container-provisioner" manifold worker returned unexpected error: container types not yet available
unit-s3-integrator-1: 02:34:19 ERROR juju.worker.meterstatus error running "meter-status-changed": charm missing from disk
machine-5: 02:34:19 ERROR juju.worker.dependency "lxd-container-provisioner" manifold worker returned unexpected error: container types not yet available
machine-5: 02:34:19 ERROR juju.worker.dependency "kvm-container-provisioner" manifold worker returned unexpected error: container types not yet available
unit-self-signed-certificates-1: 02:34:20 ERROR juju.worker.meterstatus error running "meter-status-changed": charm missing from disk
machine-7: 02:34:39 ERROR juju.worker.dependency "kvm-container-provisioner" manifold worker returned unexpected error: container types not yet available
machine-7: 02:34:39 ERROR juju.worker.dependency "lxd-container-provisioner" manifold worker returned unexpected error: container types not yet available
unit-opensearch-3: 02:34:39 ERROR juju.worker.meterstatus error running "meter-status-changed": charm missing from disk
machine-9: 02:34:39 ERROR juju.worker.dependency "kvm-container-provisioner" manifold worker returned unexpected error: container types not yet available
machine-9: 02:34:39 ERROR juju.worker.dependency "lxd-container-provisioner" manifold worker returned unexpected error: container types not yet available
machine-8: 02:34:39 ERROR juju.worker.dependency "kvm-container-provisioner" manifold worker returned unexpected error: container types not yet available
machine-8: 02:34:39 ERROR juju.worker.dependency "lxd-container-provisioner" manifold worker returned unexpected error: container types not yet available
unit-opensearch-5: 02:34:39 ERROR juju.worker.meterstatus error running "meter-status-changed": charm missing from disk
unit-opensearch-4: 02:34:40 ERROR juju.worker.meterstatus error running "meter-status-changed": charm missing from disk
unit-opensearch-5: 02:37:50 ERROR unit.opensearch/5.juju-log [Errno 111] Connection refused
unit-opensearch-4: 02:37:51 ERROR unit.opensearch/4.juju-log [Errno 111] Connection refused
unit-opensearch-5: 02:37:51 ERROR unit.opensearch/5.juju-log opensearch-peers:8: [Errno 111] Connection refused
unit-opensearch-5: 02:37:52 ERROR unit.opensearch/5.juju-log opensearch-peers:8: [Errno 111] Connection refused
unit-opensearch-4: 02:37:52 ERROR unit.opensearch/4.juju-log certificates:11: [Errno 111] Connection refused
unit-opensearch-5: 02:37:52 ERROR unit.opensearch/5.juju-log upgrade-version-a:10: [Errno 111] Connection refused
unit-opensearch-4: 02:37:53 ERROR unit.opensearch/4.juju-log certificates:11: [Errno 111] Connection refused
unit-opensearch-5: 02:37:53 ERROR unit.opensearch/5.juju-log upgrade-version-a:10: [Errno 111] Connection refused
unit-opensearch-4: 02:37:54 ERROR unit.opensearch/4.juju-log opensearch-peers:8: [Errno 111] Connection refused
unit-opensearch-4: 02:37:54 ERROR unit.opensearch/4.juju-log opensearch-peers:8: [Errno 111] Connection refused
unit-opensearch-5: 02:37:54 ERROR unit.opensearch/5.juju-log certificates:11: [Errno 111] Connection refused
unit-opensearch-5: 02:37:55 ERROR unit.opensearch/5.juju-log certificates:11: CA cert not found, quitting.
unit-opensearch-5: 02:37:55 ERROR unit.opensearch/5.juju-log certificates:11: CA cert not found, quitting.
unit-opensearch-4: 02:37:55 ERROR unit.opensearch/4.juju-log node-lock-fallback:9: [Errno 111] Connection refused
unit-opensearch-4: 02:37:56 ERROR unit.opensearch/4.juju-log node-lock-fallback:9: [Errno 111] Connection refused
unit-opensearch-5: 02:37:56 ERROR unit.opensearch/5.juju-log [Errno 111] Connection refused
unit-opensearch-5: 02:37:56 ERROR unit.opensearch/5.juju-log CA cert not found, quitting.
unit-opensearch-5: 02:37:57 ERROR unit.opensearch/5.juju-log CA cert not found, quitting.
unit-opensearch-4: 02:37:57 ERROR unit.opensearch/4.juju-log certificates:11: [Errno 111] Connection refused
unit-opensearch-3: 02:37:57 ERROR unit.opensearch/3.juju-log [Errno 111] Connection refused
unit-opensearch-4: 02:37:57 ERROR unit.opensearch/4.juju-log certificates:11: CA cert not found, quitting.
unit-opensearch-5: 02:37:58 ERROR unit.opensearch/5.juju-log [Errno 111] Connection refused
unit-opensearch-4: 02:37:58 ERROR unit.opensearch/4.juju-log certificates:11: CA cert not found, quitting.
unit-opensearch-5: 02:37:58 ERROR unit.opensearch/5.juju-log CA cert not found, quitting.
unit-opensearch-3: 02:37:58 ERROR unit.opensearch/3.juju-log opensearch-peers:8: [Errno 111] Connection refused
unit-opensearch-3: 02:37:59 ERROR unit.opensearch/3.juju-log opensearch-peers:8: [Errno 111] Connection refused
unit-opensearch-3: 02:37:59 ERROR unit.opensearch/3.juju-log opensearch-peers:8: [Errno 111] Connection refused
unit-opensearch-3: 02:37:59 ERROR unit.opensearch/3.juju-log opensearch-peers:8: [Errno 111] Connection refused
unit-opensearch-4: 02:37:59 ERROR unit.opensearch/4.juju-log [Errno 111] Connection refused
unit-opensearch-3: 02:38:00 ERROR unit.opensearch/3.juju-log upgrade-version-a:10: [Errno 111] Connection refused
unit-opensearch-3: 02:38:01 ERROR unit.opensearch/3.juju-log node-lock-fallback:9: [Errno 111] Connection refused
unit-opensearch-5: 02:38:01 ERROR unit.opensearch/5.juju-log [Errno 111] Connection refused
unit-opensearch-3: 02:38:02 ERROR unit.opensearch/3.juju-log certificates:11: [Errno 111] Connection refused
unit-opensearch-4: 02:38:02 ERROR unit.opensearch/4.juju-log [Errno 111] Connection refused
unit-opensearch-5: 02:38:03 ERROR unit.opensearch/5.juju-log [Errno 111] Connection refused
unit-opensearch-4: 02:38:03 ERROR unit.opensearch/4.juju-log [Errno 111] Connection refused
unit-opensearch-5: 02:38:03 ERROR unit.opensearch/5.juju-log [Errno 111] Connection refused
unit-opensearch-4: 02:38:04 ERROR unit.opensearch/4.juju-log [Errno 111] Connection refused
unit-opensearch-5: 02:38:04 ERROR unit.opensearch/5.juju-log [Errno 111] Connection refused
unit-opensearch-4: 02:38:05 ERROR unit.opensearch/4.juju-log [Errno 111] Connection refused
unit-opensearch-5: 02:38:05 ERROR unit.opensearch/5.juju-log [Errno 111] Connection refused
unit-opensearch-3: 02:38:06 ERROR unit.opensearch/3.juju-log [Errno 111] Connection refused
unit-opensearch-4: 02:38:06 ERROR unit.opensearch/4.juju-log [Errno 111] Connection refused
unit-opensearch-5: 02:38:06 ERROR unit.opensearch/5.juju-log [Errno 111] Connection refused
unit-opensearch-3: 02:38:07 ERROR unit.opensearch/3.juju-log [Errno 111] Connection refused
unit-opensearch-4: 02:38:07 ERROR unit.opensearch/4.juju-log [Errno 111] Connection refused
unit-opensearch-5: 02:38:07 ERROR unit.opensearch/5.juju-log [Errno 111] Connection refused
unit-opensearch-4: 02:38:07 ERROR unit.opensearch/4.juju-log [Errno 111] Connection refused
unit-opensearch-4: 02:38:07 ERROR unit.opensearch/4.juju-log Cannot connect to the OpenSearch server...
unit-opensearch-4: 02:38:08 ERROR unit.opensearch/4.juju-log [Errno 111] Connection refused
unit-opensearch-5: 02:38:08 ERROR unit.opensearch/5.juju-log [Errno 111] Connection refused
unit-opensearch-5: 02:38:08 ERROR unit.opensearch/5.juju-log Cannot connect to the OpenSearch server...
unit-opensearch-5: 02:38:08 ERROR unit.opensearch/5.juju-log [Errno 111] Connection refused
unit-opensearch-3: 02:38:08 ERROR unit.opensearch/3.juju-log [Errno 111] Connection refused
unit-opensearch-4: 02:38:08 ERROR unit.opensearch/4.juju-log [Errno 111] Connection refused
unit-opensearch-4: 02:38:08 ERROR unit.opensearch/4.juju-log Cannot connect to the OpenSearch server...
unit-opensearch-4: 02:38:08 ERROR unit.opensearch/4.juju-log [Errno 111] Connection refused
unit-opensearch-5: 02:38:09 ERROR unit.opensearch/5.juju-log [Errno 111] Connection refused
unit-opensearch-5: 02:38:09 ERROR unit.opensearch/5.juju-log Cannot connect to the OpenSearch server...
unit-opensearch-5: 02:38:09 ERROR unit.opensearch/5.juju-log [Errno 111] Connection refused
unit-opensearch-3: 02:38:09 ERROR unit.opensearch/3.juju-log opensearch-peers:8: [Errno 111] Connection refused
unit-opensearch-3: 02:38:09 ERROR unit.opensearch/3.juju-log opensearch-peers:8: [Errno 111] Connection refused
unit-opensearch-3: 02:38:09 ERROR unit.opensearch/3.juju-log opensearch-peers:8: Cannot connect to the OpenSearch server...
unit-opensearch-3: 02:38:09 ERROR unit.opensearch/3.juju-log opensearch-peers:8: [Errno 111] Connection refused
unit-opensearch-3: 02:38:09 ERROR unit.opensearch/3.juju-log opensearch-peers:8: [Errno 111] Connection refused
unit-opensearch-4: 02:38:09 ERROR unit.opensearch/4.juju-log certificates:11: [Errno 111] Connection refused
unit-opensearch-4: 02:38:09 ERROR unit.opensearch/4.juju-log certificates:11: Cannot connect to the OpenSearch server...
unit-opensearch-4: 02:38:09 ERROR unit.opensearch/4.juju-log certificates:11: [Errno 111] Connection refused
unit-opensearch-5: 02:38:10 ERROR unit.opensearch/5.juju-log [Errno 111] Connection refused
unit-opensearch-5: 02:38:10 ERROR unit.opensearch/5.juju-log Cannot connect to the OpenSearch server...
unit-opensearch-5: 02:38:10 ERROR unit.opensearch/5.juju-log [Errno 111] Connection refused
unit-opensearch-3: 02:38:10 ERROR unit.opensearch/3.juju-log [Errno 111] Connection refused
unit-opensearch-3: 02:38:10 ERROR unit.opensearch/3.juju-log Cannot connect to the OpenSearch server...
unit-opensearch-3: 02:38:10 ERROR unit.opensearch/3.juju-log [Errno 111] Connection refused
unit-opensearch-3: 02:38:10 ERROR unit.opensearch/3.juju-log [Errno 111] Connection refused
unit-opensearch-5: 02:38:11 ERROR unit.opensearch/5.juju-log [Errno 111] Connection refused
unit-opensearch-5: 02:38:11 ERROR unit.opensearch/5.juju-log Cannot connect to the OpenSearch server...
unit-opensearch-5: 02:38:11 ERROR unit.opensearch/5.juju-log [Errno 111] Connection refused
unit-opensearch-3: 02:38:11 ERROR unit.opensearch/3.juju-log [Errno 111] Connection refused
unit-opensearch-3: 02:38:11 ERROR unit.opensearch/3.juju-log Cannot connect to the OpenSearch server...
unit-opensearch-3: 02:38:11 ERROR unit.opensearch/3.juju-log [Errno 111] Connection refused
unit-opensearch-3: 02:38:11 ERROR unit.opensearch/3.juju-log Cannot connect to the OpenSearch server...
unit-opensearch-4: 02:38:11 ERROR unit.opensearch/4.juju-log [Errno 111] Connection refused
unit-opensearch-4: 02:38:11 ERROR unit.opensearch/4.juju-log Cannot connect to the OpenSearch server...
unit-opensearch-4: 02:38:11 ERROR unit.opensearch/4.juju-log [Errno 111] Connection refused
unit-opensearch-5: 02:38:12 ERROR unit.opensearch/5.juju-log node-lock-fallback:9: [Errno 111] Connection refused
unit-opensearch-5: 02:38:12 ERROR unit.opensearch/5.juju-log node-lock-fallback:9: Cannot connect to the OpenSearch server...
unit-opensearch-5: 02:38:12 ERROR unit.opensearch/5.juju-log node-lock-fallback:9: [Errno 111] Connection refused
unit-opensearch-4: 02:38:12 ERROR unit.opensearch/4.juju-log [Errno 111] Connection refused
unit-opensearch-4: 02:38:12 ERROR unit.opensearch/4.juju-log Cannot connect to the OpenSearch server...
unit-opensearch-4: 02:38:13 ERROR unit.opensearch/4.juju-log [Errno 111] Connection refused
unit-opensearch-3: 02:38:14 ERROR unit.opensearch/3.juju-log [Errno 111] Connection refused
unit-opensearch-3: 02:38:15 ERROR unit.opensearch/3.juju-log Cannot connect to the OpenSearch server...
unit-opensearch-3: 02:38:18 ERROR unit.opensearch/3.juju-log [Errno 111] Connection refused
unit-opensearch-3: 02:38:18 ERROR unit.opensearch/3.juju-log Cannot connect to the OpenSearch server...
unit-opensearch-5: 02:38:19 ERROR unit.opensearch/5.juju-log certificates:11: [Errno 111] Connection refused
unit-opensearch-5: 02:38:19 ERROR unit.opensearch/5.juju-log certificates:11: Cannot connect to the OpenSearch server...
unit-opensearch-5: 02:38:20 ERROR unit.opensearch/5.juju-log certificates:11: [Errno 111] Connection refused
unit-opensearch-3: 02:38:21 ERROR unit.opensearch/3.juju-log [Errno 111] Connection refused
unit-opensearch-3: 02:38:22 ERROR unit.opensearch/3.juju-log Cannot connect to the OpenSearch server...
unit-opensearch-3: 02:38:25 ERROR unit.opensearch/3.juju-log [Errno 111] Connection refused
unit-opensearch-3: 02:38:25 ERROR unit.opensearch/3.juju-log Cannot connect to the OpenSearch server...
unit-opensearch-4: 02:38:26 ERROR unit.opensearch/4.juju-log [Errno 111] Connection refused
unit-opensearch-4: 02:38:26 ERROR unit.opensearch/4.juju-log Cannot connect to the OpenSearch server...
unit-opensearch-4: 02:38:26 ERROR unit.opensearch/4.juju-log [Errno 111] Connection refused
unit-opensearch-3: 02:38:28 ERROR unit.opensearch/3.juju-log [Errno 111] Connection refused
unit-opensearch-3: 02:38:28 ERROR unit.opensearch/3.juju-log Cannot connect to the OpenSearch server...
unit-opensearch-4: 02:38:29 ERROR unit.opensearch/4.juju-log [Errno 111] Connection refused
unit-opensearch-4: 02:38:29 ERROR unit.opensearch/4.juju-log Cannot connect to the OpenSearch server...
unit-opensearch-4: 02:38:29 ERROR unit.opensearch/4.juju-log [Errno 111] Connection refused
unit-opensearch-5: 02:38:30 ERROR unit.opensearch/5.juju-log [Errno 111] Connection refused
unit-opensearch-5: 02:38:30 ERROR unit.opensearch/5.juju-log Cannot connect to the OpenSearch server...
unit-opensearch-5: 02:38:30 ERROR unit.opensearch/5.juju-log [Errno 111] Connection refused
unit-opensearch-4: 02:38:31 ERROR unit.opensearch/4.juju-log upgrade-version-a:10: [Errno 111] Connection refused
unit-opensearch-4: 02:38:31 ERROR unit.opensearch/4.juju-log upgrade-version-a:10: Cannot connect to the OpenSearch server...
unit-opensearch-4: 02:38:31 ERROR unit.opensearch/4.juju-log upgrade-version-a:10: [Errno 111] Connection refused
unit-opensearch-3: 02:38:31 ERROR unit.opensearch/3.juju-log [Errno 111] Connection refused
unit-opensearch-3: 02:38:31 ERROR unit.opensearch/3.juju-log Cannot connect to the OpenSearch server...
unit-opensearch-5: 02:38:31 ERROR unit.opensearch/5.juju-log [Errno 111] Connection refused
unit-opensearch-5: 02:38:31 ERROR unit.opensearch/5.juju-log Cannot connect to the OpenSearch server...
unit-opensearch-5: 02:38:31 ERROR unit.opensearch/5.juju-log [Errno 111] Connection refused
unit-opensearch-4: 02:38:32 ERROR unit.opensearch/4.juju-log node-lock-fallback:9: [Errno 111] Connection refused
unit-opensearch-4: 02:38:32 ERROR unit.opensearch/4.juju-log node-lock-fallback:9: Cannot connect to the OpenSearch server...
unit-opensearch-4: 02:38:32 ERROR unit.opensearch/4.juju-log node-lock-fallback:9: [Errno 111] Connection refused
unit-opensearch-5: 02:38:32 ERROR unit.opensearch/5.juju-log [Errno 111] Connection refused
unit-opensearch-5: 02:38:32 ERROR unit.opensearch/5.juju-log Cannot connect to the OpenSearch server...
unit-opensearch-5: 02:38:32 ERROR unit.opensearch/5.juju-log [Errno 111] Connection refused
unit-opensearch-4: 02:38:33 ERROR unit.opensearch/4.juju-log opensearch-peers:8: [Errno 111] Connection refused
unit-opensearch-4: 02:38:33 ERROR unit.opensearch/4.juju-log opensearch-peers:8: Cannot connect to the OpenSearch server...
unit-opensearch-4: 02:38:33 ERROR unit.opensearch/4.juju-log opensearch-peers:8: [Errno 111] Connection refused
unit-opensearch-4: 02:38:33 ERROR unit.opensearch/4.juju-log opensearch-peers:8: [Errno 111] Connection refused
unit-opensearch-5: 02:38:33 ERROR unit.opensearch/5.juju-log [Errno 111] Connection refused
unit-opensearch-5: 02:38:33 ERROR unit.opensearch/5.juju-log Cannot connect to the OpenSearch server...
unit-opensearch-5: 02:38:34 ERROR unit.opensearch/5.juju-log [Errno 111] Connection refused
unit-opensearch-3: 02:38:34 ERROR unit.opensearch/3.juju-log [Errno 111] Connection refused
unit-opensearch-3: 02:38:34 ERROR unit.opensearch/3.juju-log Cannot connect to the OpenSearch server...
unit-opensearch-4: 02:38:34 ERROR unit.opensearch/4.juju-log certificates:11: [Errno 111] Connection refused
unit-opensearch-4: 02:38:34 ERROR unit.opensearch/4.juju-log certificates:11: Cannot connect to the OpenSearch server...
unit-opensearch-4: 02:38:34 ERROR unit.opensearch/4.juju-log certificates:11: [Errno 111] Connection refused
unit-opensearch-5: 02:38:35 ERROR unit.opensearch/5.juju-log certificates:11: [Errno 111] Connection refused
unit-opensearch-5: 02:38:35 ERROR unit.opensearch/5.juju-log certificates:11: Cannot connect to the OpenSearch server...
unit-opensearch-5: 02:38:35 ERROR unit.opensearch/5.juju-log certificates:11: [Errno 111] Connection refused
unit-opensearch-4: 02:38:35 ERROR unit.opensearch/4.juju-log upgrade-version-a:10: [Errno 111] Connection refused
unit-opensearch-4: 02:38:35 ERROR unit.opensearch/4.juju-log upgrade-version-a:10: Cannot connect to the OpenSearch server...
unit-opensearch-4: 02:38:35 ERROR unit.opensearch/4.juju-log upgrade-version-a:10: [Errno 111] Connection refused
unit-opensearch-5: 02:38:36 ERROR unit.opensearch/5.juju-log certificates:11: [Errno 111] Connection refused
unit-opensearch-5: 02:38:36 ERROR unit.opensearch/5.juju-log certificates:11: Cannot connect to the OpenSearch server...
unit-opensearch-5: 02:38:36 ERROR unit.opensearch/5.juju-log certificates:11: [Errno 111] Connection refused
unit-opensearch-4: 02:38:36 ERROR unit.opensearch/4.juju-log certificates:11: [Errno 111] Connection refused
unit-opensearch-4: 02:38:36 ERROR unit.opensearch/4.juju-log certificates:11: Cannot connect to the OpenSearch server...
unit-opensearch-4: 02:38:36 ERROR unit.opensearch/4.juju-log certificates:11: [Errno 111] Connection refused
unit-opensearch-3: 02:38:37 ERROR unit.opensearch/3.juju-log [Errno 111] Connection refused
unit-opensearch-3: 02:38:37 ERROR unit.opensearch/3.juju-log Cannot connect to the OpenSearch server...
unit-opensearch-5: 02:38:38 ERROR unit.opensearch/5.juju-log [Errno 111] Connection refused
unit-opensearch-5: 02:38:38 ERROR unit.opensearch/5.juju-log Cannot connect to the OpenSearch server...
unit-opensearch-5: 02:38:38 ERROR unit.opensearch/5.juju-log [Errno 111] Connection refused
unit-opensearch-4: 02:38:38 ERROR unit.opensearch/4.juju-log [Errno 111] Connection refused
unit-opensearch-4: 02:38:38 ERROR unit.opensearch/4.juju-log Cannot connect to the OpenSearch server...
unit-opensearch-4: 02:38:38 ERROR unit.opensearch/4.juju-log [Errno 111] Connection refused
unit-opensearch-5: 02:38:39 ERROR unit.opensearch/5.juju-log [Errno 111] Connection refused
unit-opensearch-5: 02:38:39 ERROR unit.opensearch/5.juju-log Cannot connect to the OpenSearch server...
unit-opensearch-5: 02:38:39 ERROR unit.opensearch/5.juju-log [Errno 111] Connection refused
unit-opensearch-4: 02:38:40 ERROR unit.opensearch/4.juju-log [Errno 111] Connection refused
unit-opensearch-4: 02:38:40 ERROR unit.opensearch/4.juju-log Cannot connect to the OpenSearch server...
unit-opensearch-4: 02:38:40 ERROR unit.opensearch/4.juju-log [Errno 111] Connection refused
unit-opensearch-3: 02:38:40 ERROR unit.opensearch/3.juju-log [Errno 111] Connection refused
unit-opensearch-3: 02:38:40 ERROR unit.opensearch/3.juju-log Cannot connect to the OpenSearch server...
unit-opensearch-5: 02:38:40 ERROR unit.opensearch/5.juju-log [Errno 111] Connection refused
unit-opensearch-5: 02:38:40 ERROR unit.opensearch/5.juju-log Cannot connect to the OpenSearch server...
unit-opensearch-5: 02:38:40 ERROR unit.opensearch/5.juju-log [Errno 111] Connection refused
unit-opensearch-4: 02:38:41 ERROR unit.opensearch/4.juju-log [Errno 111] Connection refused
unit-opensearch-4: 02:38:41 ERROR unit.opensearch/4.juju-log Cannot connect to the OpenSearch server...
unit-opensearch-4: 02:38:41 ERROR unit.opensearch/4.juju-log [Errno 111] Connection refused
unit-opensearch-5: 02:38:42 ERROR unit.opensearch/5.juju-log [Errno 111] Connection refused
unit-opensearch-5: 02:38:42 ERROR unit.opensearch/5.juju-log Cannot connect to the OpenSearch server...
unit-opensearch-5: 02:38:42 ERROR unit.opensearch/5.juju-log [Errno 111] Connection refused
unit-opensearch-4: 02:38:42 ERROR unit.opensearch/4.juju-log [Errno 111] Connection refused
unit-opensearch-4: 02:38:42 ERROR unit.opensearch/4.juju-log Cannot connect to the OpenSearch server...
unit-opensearch-4: 02:38:42 ERROR unit.opensearch/4.juju-log [Errno 111] Connection refused
unit-opensearch-5: 02:38:43 ERROR unit.opensearch/5.juju-log upgrade-version-a:10: [Errno 111] Connection refused
unit-opensearch-5: 02:38:43 ERROR unit.opensearch/5.juju-log upgrade-version-a:10: Cannot connect to the OpenSearch server...
unit-opensearch-5: 02:38:43 ERROR unit.opensearch/5.juju-log upgrade-version-a:10: [Errno 111] Connection refused
unit-opensearch-3: 02:38:43 ERROR unit.opensearch/3.juju-log [Errno 111] Connection refused
unit-opensearch-3: 02:38:43 ERROR unit.opensearch/3.juju-log Cannot connect to the OpenSearch server...
unit-opensearch-4: 02:38:43 ERROR unit.opensearch/4.juju-log upgrade-version-a:10: [Errno 111] Connection refused
unit-opensearch-4: 02:38:43 ERROR unit.opensearch/4.juju-log upgrade-version-a:10: Cannot connect to the OpenSearch server...
unit-opensearch-4: 02:38:43 ERROR unit.opensearch/4.juju-log upgrade-version-a:10: [Errno 111] Connection refused
unit-opensearch-5: 02:38:44 ERROR unit.opensearch/5.juju-log node-lock-fallback:9: [Errno 111] Connection refused
unit-opensearch-5: 02:38:44 ERROR unit.opensearch/5.juju-log node-lock-fallback:9: Cannot connect to the OpenSearch server...
unit-opensearch-5: 02:38:44 ERROR unit.opensearch/5.juju-log node-lock-fallback:9: [Errno 111] Connection refused
unit-opensearch-4: 02:38:45 ERROR unit.opensearch/4.juju-log node-lock-fallback:9: [Errno 111] Connection refused
unit-opensearch-4: 02:38:45 ERROR unit.opensearch/4.juju-log node-lock-fallback:9: Cannot connect to the OpenSearch server...
unit-opensearch-4: 02:38:45 ERROR unit.opensearch/4.juju-log node-lock-fallback:9: [Errno 111] Connection refused
unit-opensearch-5: 02:38:45 ERROR unit.opensearch/5.juju-log node-lock-fallback:9: [Errno 111] Connection refused
unit-opensearch-5: 02:38:45 ERROR unit.opensearch/5.juju-log node-lock-fallback:9: Cannot connect to the OpenSearch server...
unit-opensearch-5: 02:38:45 ERROR unit.opensearch/5.juju-log node-lock-fallback:9: [Errno 111] Connection refused
unit-opensearch-4: 02:38:46 ERROR unit.opensearch/4.juju-log opensearch-peers:8: [Errno 111] Connection refused
unit-opensearch-4: 02:38:46 ERROR unit.opensearch/4.juju-log opensearch-peers:8: Cannot connect to the OpenSearch server...
unit-opensearch-4: 02:38:46 ERROR unit.opensearch/4.juju-log opensearch-peers:8: [Errno 111] Connection refused
unit-opensearch-5: 02:38:46 ERROR unit.opensearch/5.juju-log node-lock-fallback:9: [Errno 111] Connection refused
unit-opensearch-5: 02:38:46 ERROR unit.opensearch/5.juju-log node-lock-fallback:9: Cannot connect to the OpenSearch server...
unit-opensearch-5: 02:38:46 ERROR unit.opensearch/5.juju-log node-lock-fallback:9: [Errno 111] Connection refused
unit-opensearch-4: 02:38:47 ERROR unit.opensearch/4.juju-log node-lock-fallback:9: [Errno 111] Connection refused
unit-opensearch-4: 02:38:47 ERROR unit.opensearch/4.juju-log node-lock-fallback:9: Cannot connect to the OpenSearch server...
unit-opensearch-4: 02:38:47 ERROR unit.opensearch/4.juju-log node-lock-fallback:9: [Errno 111] Connection refused
unit-opensearch-5: 02:38:47 ERROR unit.opensearch/5.juju-log node-lock-fallback:9: [Errno 111] Connection refused
unit-opensearch-5: 02:38:47 ERROR unit.opensearch/5.juju-log node-lock-fallback:9: Cannot connect to the OpenSearch server...
unit-opensearch-5: 02:38:47 ERROR unit.opensearch/5.juju-log node-lock-fallback:9: [Errno 111] Connection refused
unit-opensearch-4: 02:38:48 ERROR unit.opensearch/4.juju-log node-lock-fallback:9: [Errno 111] Connection refused
unit-opensearch-4: 02:38:48 ERROR unit.opensearch/4.juju-log node-lock-fallback:9: Cannot connect to the OpenSearch server...
unit-opensearch-4: 02:38:48 ERROR unit.opensearch/4.juju-log node-lock-fallback:9: [Errno 111] Connection refused
unit-opensearch-5: 02:38:49 ERROR unit.opensearch/5.juju-log opensearch-peers:8: [Errno 111] Connection refused
unit-opensearch-5: 02:38:49 ERROR unit.opensearch/5.juju-log opensearch-peers:8: Cannot connect to the OpenSearch server...
unit-opensearch-5: 02:38:49 ERROR unit.opensearch/5.juju-log opensearch-peers:8: [Errno 111] Connection refused
unit-opensearch-5: 02:38:49 ERROR unit.opensearch/5.juju-log opensearch-peers:8: [Errno 111] Connection refused
unit-opensearch-4: 02:38:49 ERROR unit.opensearch/4.juju-log node-lock-fallback:9: [Errno 111] Connection refused
unit-opensearch-4: 02:38:49 ERROR unit.opensearch/4.juju-log node-lock-fallback:9: Cannot connect to the OpenSearch server...
unit-opensearch-4: 02:38:49 ERROR unit.opensearch/4.juju-log node-lock-fallback:9: [Errno 111] Connection refused
unit-opensearch-5: 02:38:50 ERROR unit.opensearch/5.juju-log upgrade-version-a:10: [Errno 111] Connection refused
unit-opensearch-5: 02:38:50 ERROR unit.opensearch/5.juju-log upgrade-version-a:10: Cannot connect to the OpenSearch server...
unit-opensearch-5: 02:38:50 ERROR unit.opensearch/5.juju-log upgrade-version-a:10: [Errno 111] Connection refused
unit-opensearch-4: 02:38:50 ERROR unit.opensearch/4.juju-log opensearch-peers:8: [Errno 111] Connection refused
unit-opensearch-4: 02:38:50 ERROR unit.opensearch/4.juju-log opensearch-peers:8: Cannot connect to the OpenSearch server...
unit-opensearch-4: 02:38:50 ERROR unit.opensearch/4.juju-log opensearch-peers:8: [Errno 111] Connection refused
unit-opensearch-4: 02:38:51 ERROR unit.opensearch/4.juju-log opensearch-peers:8: [Errno 111] Connection refused
unit-opensearch-4: 02:38:51 ERROR unit.opensearch/4.juju-log opensearch-peers:8: [Errno 111] Connection refused
unit-opensearch-5: 02:38:51 ERROR unit.opensearch/5.juju-log node-lock-fallback:9: [Errno 111] Connection refused
unit-opensearch-5: 02:38:51 ERROR unit.opensearch/5.juju-log node-lock-fallback:9: Cannot connect to the OpenSearch server...
unit-opensearch-5: 02:38:51 ERROR unit.opensearch/5.juju-log node-lock-fallback:9: [Errno 111] Connection refused
unit-opensearch-4: 02:38:51 ERROR unit.opensearch/4.juju-log opensearch-peers:8: [Errno 111] Connection refused
unit-opensearch-4: 02:38:52 ERROR unit.opensearch/4.juju-log upgrade-version-a:10: [Errno 111] Connection refused
unit-opensearch-4: 02:38:52 ERROR unit.opensearch/4.juju-log upgrade-version-a:10: Cannot connect to the OpenSearch server...
unit-opensearch-4: 02:38:52 ERROR unit.opensearch/4.juju-log upgrade-version-a:10: [Errno 111] Connection refused
unit-opensearch-5: 02:38:52 ERROR unit.opensearch/5.juju-log opensearch-peers:8: [Errno 111] Connection refused
unit-opensearch-5: 02:38:52 ERROR unit.opensearch/5.juju-log opensearch-peers:8: Cannot connect to the OpenSearch server...
unit-opensearch-5: 02:38:52 ERROR unit.opensearch/5.juju-log opensearch-peers:8: [Errno 111] Connection refused
unit-opensearch-4: 02:38:53 ERROR unit.opensearch/4.juju-log node-lock-fallback:9: [Errno 111] Connection refused
unit-opensearch-4: 02:38:53 ERROR unit.opensearch/4.juju-log node-lock-fallback:9: Cannot connect to the OpenSearch server...
unit-opensearch-4: 02:38:53 ERROR unit.opensearch/4.juju-log node-lock-fallback:9: [Errno 111] Connection refused
unit-opensearch-5: 02:38:53 ERROR unit.opensearch/5.juju-log upgrade-version-a:10: [Errno 111] Connection refused
unit-opensearch-5: 02:38:53 ERROR unit.opensearch/5.juju-log upgrade-version-a:10: Cannot connect to the OpenSearch server...
unit-opensearch-5: 02:38:53 ERROR unit.opensearch/5.juju-log upgrade-version-a:10: [Errno 111] Connection refused
unit-opensearch-3: 02:38:53 ERROR unit.opensearch/3.juju-log opensearch-peers:8: [Errno 111] Connection refused
unit-opensearch-3: 02:38:53 ERROR unit.opensearch/3.juju-log opensearch-peers:8: [Errno 111] Connection refused
unit-opensearch-3: 02:38:53 ERROR unit.opensearch/3.juju-log opensearch-peers:8: [Errno 111] Connection refused
unit-opensearch-3: 02:38:53 ERROR unit.opensearch/3.juju-log opensearch-peers:8: [Errno 111] Connection refused
unit-opensearch-4: 02:38:54 ERROR unit.opensearch/4.juju-log opensearch-peers:8: [Errno 111] Connection refused
unit-opensearch-4: 02:38:54 ERROR unit.opensearch/4.juju-log opensearch-peers:8: Cannot connect to the OpenSearch server...
unit-opensearch-4: 02:38:54 ERROR unit.opensearch/4.juju-log opensearch-peers:8: [Errno 111] Connection refused
unit-opensearch-5: 02:38:54 ERROR unit.opensearch/5.juju-log node-lock-fallback:9: [Errno 111] Connection refused
unit-opensearch-5: 02:38:54 ERROR unit.opensearch/5.juju-log node-lock-fallback:9: Cannot connect to the OpenSearch server...
unit-opensearch-5: 02:38:54 ERROR unit.opensearch/5.juju-log node-lock-fallback:9: [Errno 111] Connection refused
unit-opensearch-4: 02:38:54 ERROR unit.opensearch/4.juju-log opensearch-peers:8: [Errno 111] Connection refused
unit-opensearch-5: 02:38:55 ERROR unit.opensearch/5.juju-log opensearch-peers:8: [Errno 111] Connection refused
unit-opensearch-5: 02:38:55 ERROR unit.opensearch/5.juju-log opensearch-peers:8: Cannot connect to the OpenSearch server...
unit-opensearch-5: 02:38:55 ERROR unit.opensearch/5.juju-log opensearch-peers:8: [Errno 111] Connection refused
unit-opensearch-4: 02:38:55 ERROR unit.opensearch/4.juju-log node-lock-fallback:9: [Errno 111] Connection refused
unit-opensearch-4: 02:38:55 ERROR unit.opensearch/4.juju-log node-lock-fallback:9: Cannot connect to the OpenSearch server...
unit-opensearch-4: 02:38:55 ERROR unit.opensearch/4.juju-log node-lock-fallback:9: [Errno 111] Connection refused
unit-opensearch-5: 02:38:55 ERROR unit.opensearch/5.juju-log opensearch-peers:8: [Errno 111] Connection refused
unit-opensearch-5: 02:38:55 ERROR unit.opensearch/5.juju-log opensearch-peers:8: [Errno 111] Connection refused
unit-opensearch-5: 02:38:55 ERROR unit.opensearch/5.juju-log opensearch-peers:8: [Errno 111] Connection refused
unit-opensearch-4: 02:38:56 ERROR unit.opensearch/4.juju-log opensearch-peers:8: [Errno 111] Connection refused
unit-opensearch-4: 02:38:56 ERROR unit.opensearch/4.juju-log opensearch-peers:8: Cannot connect to the OpenSearch server...
unit-opensearch-4: 02:38:56 ERROR unit.opensearch/4.juju-log opensearch-peers:8: [Errno 111] Connection refused
unit-opensearch-4: 02:38:56 ERROR unit.opensearch/4.juju-log opensearch-peers:8: [Errno 111] Connection refused
unit-opensearch-5: 02:38:56 ERROR unit.opensearch/5.juju-log node-lock-fallback:9: [Errno 111] Connection refused
unit-opensearch-5: 02:38:56 ERROR unit.opensearch/5.juju-log node-lock-fallback:9: Cannot connect to the OpenSearch server...
unit-opensearch-5: 02:38:56 ERROR unit.opensearch/5.juju-log node-lock-fallback:9: [Errno 111] Connection refused
unit-opensearch-4: 02:38:57 ERROR unit.opensearch/4.juju-log opensearch-peers:8: [Errno 111] Connection refused
unit-opensearch-4: 02:38:57 ERROR unit.opensearch/4.juju-log opensearch-peers:8: Cannot connect to the OpenSearch server...
unit-opensearch-4: 02:38:57 ERROR unit.opensearch/4.juju-log opensearch-peers:8: [Errno 111] Connection refused
unit-opensearch-4: 02:38:57 ERROR unit.opensearch/4.juju-log opensearch-peers:8: [Errno 111] Connection refused
unit-opensearch-5: 02:38:57 ERROR unit.opensearch/5.juju-log opensearch-peers:8: [Errno 111] Connection refused
unit-opensearch-5: 02:38:57 ERROR unit.opensearch/5.juju-log opensearch-peers:8: Cannot connect to the OpenSearch server...
unit-opensearch-5: 02:38:57 ERROR unit.opensearch/5.juju-log opensearch-peers:8: [Errno 111] Connection refused
unit-opensearch-4: 02:38:57 ERROR unit.opensearch/4.juju-log opensearch-peers:8: [Errno 111] Connection refused
unit-opensearch-4: 02:38:57 ERROR unit.opensearch/4.juju-log opensearch-peers:8: [Errno 111] Connection refused
unit-opensearch-4: 02:38:57 ERROR unit.opensearch/4.juju-log opensearch-peers:8: [Errno 111] Connection refused
unit-opensearch-4: 02:38:57 ERROR unit.opensearch/4.juju-log opensearch-peers:8: [Errno 111] Connection refused
unit-opensearch-4: 02:38:57 ERROR unit.opensearch/4.juju-log opensearch-peers:8: [Errno 111] Connection refused
unit-opensearch-4: 02:38:57 ERROR unit.opensearch/4.juju-log opensearch-peers:8: [Errno 111] Connection refused
unit-opensearch-5: 02:38:57 ERROR unit.opensearch/5.juju-log opensearch-peers:8: [Errno 111] Connection refused
unit-opensearch-5: 02:38:58 ERROR unit.opensearch/5.juju-log opensearch-peers:8: [Errno 111] Connection refused
unit-opensearch-5: 02:38:58 ERROR unit.opensearch/5.juju-log opensearch-peers:8: Cannot connect to the OpenSearch server...
unit-opensearch-5: 02:38:58 ERROR unit.opensearch/5.juju-log opensearch-peers:8: [Errno 111] Connection refused
unit-opensearch-4: 02:38:58 ERROR unit.opensearch/4.juju-log upgrade-version-a:10: [Errno 111] Connection refused
unit-opensearch-4: 02:38:58 ERROR unit.opensearch/4.juju-log upgrade-version-a:10: Cannot connect to the OpenSearch server...
unit-opensearch-5: 02:38:58 ERROR unit.opensearch/5.juju-log opensearch-peers:8: [Errno 111] Connection refused
unit-opensearch-4: 02:38:58 ERROR unit.opensearch/4.juju-log upgrade-version-a:10: [Errno 111] Connection refused
unit-opensearch-4: 02:38:59 ERROR unit.opensearch/4.juju-log upgrade-version-a:10: [Errno 111] Connection refused
unit-opensearch-3: 02:38:59 ERROR unit.opensearch/3.juju-log node-lock-fallback:9: [Errno 111] Connection refused
unit-opensearch-4: 02:38:59 ERROR unit.opensearch/4.juju-log upgrade-version-a:10: [Errno 111] Connection refused
unit-opensearch-5: 02:38:59 ERROR unit.opensearch/5.juju-log opensearch-peers:8: [Errno 111] Connection refused
unit-opensearch-5: 02:38:59 ERROR unit.opensearch/5.juju-log opensearch-peers:8: [Errno 111] Connection refused
unit-opensearch-4: 02:38:59 ERROR unit.opensearch/4.juju-log upgrade-version-a:10: [Errno 111] Connection refused
unit-opensearch-4: 02:38:59 ERROR unit.opensearch/4.juju-log upgrade-version-a:10: [Errno 111] Connection refused
unit-opensearch-5: 02:38:59 ERROR unit.opensearch/5.juju-log opensearch-peers:8: [Errno 111] Connection refused
unit-opensearch-3: 02:38:59 ERROR unit.opensearch/3.juju-log node-lock-fallback:9: [Errno 111] Connection refused
unit-opensearch-3: 02:38:59 ERROR unit.opensearch/3.juju-log node-lock-fallback:9: [Errno 111] Connection refused
unit-opensearch-5: 02:38:59 ERROR unit.opensearch/5.juju-log opensearch-peers:8: [Errno 111] Connection refused
unit-opensearch-4: 02:38:59 ERROR unit.opensearch/4.juju-log upgrade-version-a:10: [Errno 111] Connection refused
unit-opensearch-3: 02:38:59 ERROR unit.opensearch/3.juju-log node-lock-fallback:9: [Errno 111] Connection refused
unit-opensearch-3: 02:38:59 ERROR unit.opensearch/3.juju-log node-lock-fallback:9: [Errno 111] Connection refused
unit-opensearch-4: 02:38:59 ERROR unit.opensearch/4.juju-log upgrade-version-a:10: [Errno 111] Connection refused
unit-opensearch-4: 02:38:59 ERROR unit.opensearch/4.juju-log upgrade-version-a:10: [Errno 111] Connection refused
unit-opensearch-5: 02:38:59 ERROR unit.opensearch/5.juju-log opensearch-peers:8: [Errno 111] Connection refused
unit-opensearch-5: 02:38:59 ERROR unit.opensearch/5.juju-log opensearch-peers:8: [Errno 111] Connection refused
unit-opensearch-3: 02:38:59 ERROR unit.opensearch/3.juju-log node-lock-fallback:9: [Errno 111] Connection refused
unit-opensearch-3: 02:38:59 ERROR unit.opensearch/3.juju-log node-lock-fallback:9: [Errno 111] Connection refused
unit-opensearch-4: 02:38:59 ERROR unit.opensearch/4.juju-log upgrade-version-a:10: [Errno 111] Connection refused
unit-opensearch-4: 02:38:59 ERROR unit.opensearch/4.juju-log upgrade-version-a:10: [Errno 111] Connection refused
unit-opensearch-4: 02:38:59 ERROR unit.opensearch/4.juju-log upgrade-version-a:10: [Errno 111] Connection refused
unit-opensearch-4: 02:39:00 ERROR unit.opensearch/4.juju-log upgrade-version-a:10: [Errno 111] Connection refused
unit-opensearch-3: 02:39:00 ERROR unit.opensearch/3.juju-log node-lock-fallback:9: [Errno 111] Connection refused
unit-opensearch-4: 02:39:00 ERROR unit.opensearch/4.juju-log upgrade-version-a:10: [Errno 111] Connection refused
unit-opensearch-4: 02:39:00 ERROR unit.opensearch/4.juju-log upgrade-version-a:10: Cannot connect to the OpenSearch server...
unit-opensearch-4: 02:39:00 ERROR unit.opensearch/4.juju-log upgrade-version-a:10: [Errno 111] Connection refused
unit-opensearch-5: 02:39:00 ERROR unit.opensearch/5.juju-log opensearch-peers:8: [Errno 111] Connection refused
unit-opensearch-5: 02:39:00 ERROR unit.opensearch/5.juju-log opensearch-peers:8: Cannot connect to the OpenSearch server...
unit-opensearch-5: 02:39:00 ERROR unit.opensearch/5.juju-log opensearch-peers:8: [Errno 111] Connection refused
unit-opensearch-5: 02:39:00 ERROR unit.opensearch/5.juju-log opensearch-peers:8: [Errno 111] Connection refused
unit-opensearch-5: 02:39:01 ERROR unit.opensearch/5.juju-log opensearch-peers:8: [Errno 111] Connection refused
unit-opensearch-5: 02:39:01 ERROR unit.opensearch/5.juju-log opensearch-peers:8: [Errno 111] Connection refused
unit-opensearch-5: 02:39:01 ERROR unit.opensearch/5.juju-log opensearch-peers:8: [Errno 111] Connection refused
unit-opensearch-5: 02:39:01 ERROR unit.opensearch/5.juju-log opensearch-peers:8: [Errno 111] Connection refused
unit-opensearch-5: 02:39:01 ERROR unit.opensearch/5.juju-log opensearch-peers:8: [Errno 111] Connection refused
unit-opensearch-5: 02:39:01 ERROR unit.opensearch/5.juju-log opensearch-peers:8: [Errno 111] Connection refused
unit-opensearch-5: 02:39:01 ERROR unit.opensearch/5.juju-log opensearch-peers:8: [Errno 111] Connection refused
unit-opensearch-5: 02:39:01 ERROR unit.opensearch/5.juju-log opensearch-peers:8: [Errno 111] Connection refused
unit-opensearch-4: 02:39:04 ERROR unit.opensearch/4.juju-log upgrade-version-a:10: [Errno 111] Connection refused
unit-opensearch-5: 02:39:06 ERROR unit.opensearch/5.juju-log node-lock-fallback:9: [Errno 111] Connection refused
unit-opensearch-5: 02:39:07 ERROR unit.opensearch/5.juju-log node-lock-fallback:9: Cannot connect to the OpenSearch server...
unit-opensearch-5: 02:39:07 ERROR unit.opensearch/5.juju-log node-lock-fallback:9: [Errno 111] Connection refused
unit-opensearch-4: 02:39:07 ERROR unit.opensearch/4.juju-log upgrade-version-a:10: [Errno 111] Connection refused
unit-opensearch-5: 02:39:07 ERROR unit.opensearch/5.juju-log node-lock-fallback:9: [Errno 111] Connection refused
unit-opensearch-5: 02:39:08 ERROR unit.opensearch/5.juju-log node-lock-fallback:9: [Errno 111] Connection refused
unit-opensearch-5: 02:39:08 ERROR unit.opensearch/5.juju-log node-lock-fallback:9: [Errno 111] Connection refused
unit-opensearch-5: 02:39:09 ERROR unit.opensearch/5.juju-log node-lock-fallback:9: [Errno 111] Connection refused
unit-opensearch-5: 02:39:09 ERROR unit.opensearch/5.juju-log node-lock-fallback:9: Cannot connect to the OpenSearch server...
unit-opensearch-5: 02:39:09 ERROR unit.opensearch/5.juju-log node-lock-fallback:9: [Errno 111] Connection refused
unit-opensearch-5: 02:39:09 ERROR unit.opensearch/5.juju-log node-lock-fallback:9: [Errno 111] Connection refused
unit-opensearch-5: 02:39:09 ERROR unit.opensearch/5.juju-log node-lock-fallback:9: [Errno 111] Connection refused
unit-opensearch-5: 02:39:09 ERROR unit.opensearch/5.juju-log node-lock-fallback:9: [Errno 111] Connection refused
unit-opensearch-4: 02:39:10 ERROR unit.opensearch/4.juju-log upgrade-version-a:10: [Errno 111] Connection refused
unit-opensearch-5: 02:39:11 ERROR unit.opensearch/5.juju-log [Errno 111] Connection refused
unit-opensearch-5: 02:39:11 ERROR unit.opensearch/5.juju-log Cannot connect to the OpenSearch server...
unit-opensearch-5: 02:39:11 ERROR unit.opensearch/5.juju-log [Errno 111] Connection refused
unit-opensearch-5: 02:39:11 ERROR unit.opensearch/5.juju-log [Errno 111] Connection refused
unit-opensearch-5: 02:39:11 ERROR unit.opensearch/5.juju-log [Errno 111] Connection refused
unit-opensearch-5: 02:39:11 ERROR unit.opensearch/5.juju-log [Errno 111] Connection refused
unit-opensearch-5: 02:39:12 ERROR unit.opensearch/5.juju-log opensearch-peers:8: [Errno 111] Connection refused
unit-opensearch-5: 02:39:12 ERROR unit.opensearch/5.juju-log opensearch-peers:8: Cannot connect to the OpenSearch server...
unit-opensearch-5: 02:39:12 ERROR unit.opensearch/5.juju-log opensearch-peers:8: [Errno 111] Connection refused
unit-opensearch-5: 02:39:12 ERROR unit.opensearch/5.juju-log opensearch-peers:8: [Errno 111] Connection refused
unit-opensearch-5: 02:39:12 ERROR unit.opensearch/5.juju-log opensearch-peers:8: [Errno 111] Connection refused
unit-opensearch-5: 02:39:12 ERROR unit.opensearch/5.juju-log opensearch-peers:8: [Errno 111] Connection refused
unit-opensearch-5: 02:39:13 ERROR unit.opensearch/5.juju-log opensearch-peers:8: [Errno 111] Connection refused
unit-opensearch-5: 02:39:13 ERROR unit.opensearch/5.juju-log opensearch-peers:8: [Errno 111] Connection refused
unit-opensearch-4: 02:39:13 ERROR unit.opensearch/4.juju-log upgrade-version-a:10: [Errno 111] Connection refused
unit-opensearch-3: 02:39:13 ERROR unit.opensearch/3.juju-log opensearch-peers:8: [Errno 111] Connection refused
unit-opensearch-3: 02:39:13 ERROR unit.opensearch/3.juju-log opensearch-peers:8: [Errno 111] Connection refused
unit-opensearch-3: 02:39:13 ERROR unit.opensearch/3.juju-log opensearch-peers:8: [Errno 111] Connection refused
unit-opensearch-5: 02:39:14 ERROR unit.opensearch/5.juju-log opensearch-peers:8: [Errno 111] Connection refused
unit-opensearch-5: 02:39:14 ERROR unit.opensearch/5.juju-log opensearch-peers:8: Cannot connect to the OpenSearch server...
unit-opensearch-5: 02:39:14 ERROR unit.opensearch/5.juju-log opensearch-peers:8: [Errno 111] Connection refused
unit-opensearch-5: 02:39:14 ERROR unit.opensearch/5.juju-log opensearch-peers:8: [Errno 111] Connection refused
unit-opensearch-5: 02:39:14 ERROR unit.opensearch/5.juju-log opensearch-peers:8: [Errno 111] Connection refused
unit-opensearch-5: 02:39:14 ERROR unit.opensearch/5.juju-log opensearch-peers:8: [Errno 111] Connection refused
unit-opensearch-5: 02:39:14 ERROR unit.opensearch/5.juju-log opensearch-peers:8: [Errno 111] Connection refused
unit-opensearch-5: 02:39:14 ERROR unit.opensearch/5.juju-log opensearch-peers:8: [Errno 111] Connection refused
unit-opensearch-5: 02:39:14 ERROR unit.opensearch/5.juju-log opensearch-peers:8: [Errno 111] Connection refused
unit-opensearch-5: 02:39:14 ERROR unit.opensearch/5.juju-log opensearch-peers:8: [Errno 111] Connection refused
unit-opensearch-5: 02:39:14 ERROR unit.opensearch/5.juju-log opensearch-peers:8: [Errno 111] Connection refused
unit-opensearch-5: 02:39:14 ERROR unit.opensearch/5.juju-log opensearch-peers:8: [Errno 111] Connection refused
unit-opensearch-5: 02:39:15 ERROR unit.opensearch/5.juju-log upgrade-version-a:10: [Errno 111] Connection refused
unit-opensearch-5: 02:39:15 ERROR unit.opensearch/5.juju-log upgrade-version-a:10: Cannot connect to the OpenSearch server...
unit-opensearch-5: 02:39:15 ERROR unit.opensearch/5.juju-log upgrade-version-a:10: [Errno 111] Connection refused
unit-opensearch-5: 02:39:15 ERROR unit.opensearch/5.juju-log upgrade-version-a:10: [Errno 111] Connection refused
unit-opensearch-5: 02:39:15 ERROR unit.opensearch/5.juju-log upgrade-version-a:10: [Errno 111] Connection refused
unit-opensearch-5: 02:39:15 ERROR unit.opensearch/5.juju-log upgrade-version-a:10: [Errno 111] Connection refused
unit-opensearch-4: 02:39:16 ERROR unit.opensearch/4.juju-log upgrade-version-a:10: [Errno 111] Connection refused
unit-opensearch-4: 02:39:19 ERROR unit.opensearch/4.juju-log upgrade-version-a:10: [Errno 111] Connection refused
unit-opensearch-4: 02:39:22 ERROR unit.opensearch/4.juju-log upgrade-version-a:10: [Errno 111] Connection refused
unit-opensearch-3: 02:39:22 ERROR unit.opensearch/3.juju-log opensearch-peers:8: [Errno 111] Connection refused
unit-opensearch-3: 02:39:22 ERROR unit.opensearch/3.juju-log opensearch-peers:8: [Errno 111] Connection refused
unit-opensearch-3: 02:39:23 ERROR unit.opensearch/3.juju-log opensearch-peers:8: [Errno 111] Connection refused
unit-opensearch-3: 02:39:23 ERROR unit.opensearch/3.juju-log opensearch-peers:8: [Errno 111] Connection refused
unit-opensearch-3: 02:39:23 ERROR unit.opensearch/3.juju-log opensearch-peers:8: [Errno 111] Connection refused
unit-opensearch-3: 02:39:23 ERROR unit.opensearch/3.juju-log opensearch-peers:8: [Errno 111] Connection refused
unit-opensearch-3: 02:39:24 ERROR unit.opensearch/3.juju-log opensearch-peers:8: [Errno 111] Connection refused
unit-opensearch-5: 02:39:26 ERROR unit.opensearch/5.juju-log opensearch-peers:8: [Errno 111] Connection refused
unit-opensearch-5: 02:39:26 ERROR unit.opensearch/5.juju-log opensearch-peers:8: Cannot connect to the OpenSearch server...
unit-opensearch-5: 02:39:26 ERROR unit.opensearch/5.juju-log opensearch-peers:8: [Errno 111] Connection refused
unit-opensearch-4: 02:39:26 ERROR unit.opensearch/4.juju-log [Errno 111] Connection refused
unit-opensearch-3: 02:39:26 ERROR unit.opensearch/3.juju-log opensearch-peers:8: [Errno 111] Connection refused
unit-opensearch-5: 02:39:27 ERROR unit.opensearch/5.juju-log opensearch-peers:8: [Errno 111] Connection refused
unit-opensearch-3: 02:39:27 ERROR unit.opensearch/3.juju-log opensearch-peers:8: [Errno 111] Connection refused
unit-opensearch-4: 02:39:27 ERROR unit.opensearch/4.juju-log [Errno 111] Connection refused
unit-opensearch-3: 02:39:27 ERROR unit.opensearch/3.juju-log opensearch-peers:8: [Errno 111] Connection refused
unit-opensearch-5: 02:39:27 ERROR unit.opensearch/5.juju-log opensearch-peers:8: [Errno 111] Connection refused
unit-opensearch-4: 02:39:27 ERROR unit.opensearch/4.juju-log [Errno 111] Connection refused
unit-opensearch-3: 02:39:27 ERROR unit.opensearch/3.juju-log opensearch-peers:8: [Errno 111] Connection refused
unit-opensearch-4: 02:39:27 ERROR unit.opensearch/4.juju-log [Errno 111] Connection refused
unit-opensearch-5: 02:39:27 ERROR unit.opensearch/5.juju-log opensearch-peers:8: [Errno 111] Connection refused
unit-opensearch-3: 02:39:27 ERROR unit.opensearch/3.juju-log opensearch-peers:8: [Errno 111] Connection refused
unit-opensearch-4: 02:39:27 ERROR unit.opensearch/4.juju-log [Errno 111] Connection refused
unit-opensearch-5: 02:39:27 ERROR unit.opensearch/5.juju-log opensearch-peers:8: [Errno 111] Connection refused
unit-opensearch-4: 02:39:27 ERROR unit.opensearch/4.juju-log [Errno 111] Connection refused
unit-opensearch-4: 02:39:28 ERROR unit.opensearch/4.juju-log [Errno 111] Connection refused
unit-opensearch-4: 02:39:28 ERROR unit.opensearch/4.juju-log [Errno 111] Connection refused
unit-opensearch-5: 02:39:28 ERROR unit.opensearch/5.juju-log node-lock-fallback:9: [Errno 111] Connection refused
unit-opensearch-5: 02:39:28 ERROR unit.opensearch/5.juju-log node-lock-fallback:9: Cannot connect to the OpenSearch server...
unit-opensearch-5: 02:39:28 ERROR unit.opensearch/5.juju-log node-lock-fallback:9: [Errno 111] Connection refused
unit-opensearch-3: 02:39:28 ERROR unit.opensearch/3.juju-log opensearch-peers:8: [Errno 111] Connection refused
unit-opensearch-3: 02:39:29 ERROR unit.opensearch/3.juju-log opensearch-peers:8: [Errno 111] Connection refused
unit-opensearch-5: 02:39:29 ERROR unit.opensearch/5.juju-log node-lock-fallback:9: [Errno 111] Connection refused
unit-opensearch-5: 02:39:29 ERROR unit.opensearch/5.juju-log node-lock-fallback:9: [Errno 111] Connection refused
unit-opensearch-3: 02:39:29 ERROR unit.opensearch/3.juju-log opensearch-peers:8: [Errno 111] Connection refused
unit-opensearch-5: 02:39:29 ERROR unit.opensearch/5.juju-log node-lock-fallback:9: [Errno 111] Connection refused
unit-opensearch-5: 02:39:29 ERROR unit.opensearch/5.juju-log node-lock-fallback:9: [Errno 111] Connection refused
unit-opensearch-5: 02:39:29 ERROR unit.opensearch/5.juju-log node-lock-fallback:9: [Errno 111] Connection refused
unit-opensearch-5: 02:39:29 ERROR unit.opensearch/5.juju-log node-lock-fallback:9: [Errno 111] Connection refused
unit-opensearch-5: 02:39:30 ERROR unit.opensearch/5.juju-log node-lock-fallback:9: [Errno 111] Connection refused
unit-opensearch-5: 02:39:30 ERROR unit.opensearch/5.juju-log node-lock-fallback:9: Cannot connect to the OpenSearch server...
unit-opensearch-5: 02:39:30 ERROR unit.opensearch/5.juju-log node-lock-fallback:9: [Errno 111] Connection refused
unit-opensearch-5: 02:39:33 ERROR unit.opensearch/5.juju-log node-lock-fallback:9: [Errno 111] Connection refused
unit-opensearch-4: 02:39:35 ERROR unit.opensearch/4.juju-log opensearch-peers:8: [Errno 111] Connection refused
unit-opensearch-5: 02:39:36 ERROR unit.opensearch/5.juju-log node-lock-fallback:9: [Errno 111] Connection refused
unit-opensearch-3: 02:39:38 ERROR unit.opensearch/3.juju-log opensearch-peers:8: [Errno 111] Connection refused
unit-opensearch-3: 02:39:38 ERROR unit.opensearch/3.juju-log opensearch-peers:8: [Errno 111] Connection refused
unit-opensearch-3: 02:39:39 ERROR unit.opensearch/3.juju-log opensearch-peers:8: [Errno 111] Connection refused
unit-opensearch-3: 02:39:39 ERROR unit.opensearch/3.juju-log opensearch-peers:8: [Errno 111] Connection refused
unit-opensearch-3: 02:39:39 ERROR unit.opensearch/3.juju-log opensearch-peers:8: [Errno 111] Connection refused
unit-opensearch-5: 02:39:39 ERROR unit.opensearch/5.juju-log node-lock-fallback:9: [Errno 111] Connection refused
unit-opensearch-4: 02:39:40 ERROR unit.opensearch/4.juju-log opensearch-peers:8: [Errno 111] Connection refused
unit-opensearch-4: 02:39:40 ERROR unit.opensearch/4.juju-log opensearch-peers:8: [Errno 111] Connection refused
unit-opensearch-4: 02:39:40 ERROR unit.opensearch/4.juju-log opensearch-peers:8: [Errno 111] Connection refused
unit-opensearch-5: 02:39:42 ERROR unit.opensearch/5.juju-log node-lock-fallback:9: [Errno 111] Connection refused
unit-opensearch-5: 02:39:45 ERROR unit.opensearch/5.juju-log node-lock-fallback:9: [Errno 111] Connection refused
unit-opensearch-5: 02:39:48 ERROR unit.opensearch/5.juju-log node-lock-fallback:9: [Errno 111] Connection refused
unit-opensearch-5: 02:39:51 ERROR unit.opensearch/5.juju-log node-lock-fallback:9: [Errno 111] Connection refused

[32mINFO    [0m pytest_operator.plugin:plugin.py:947 Forgetting model main...
[32mINFO    [0m integration.ha.test_backups:test_backups.py:173 Cleaning backups from cloud buckets