[32mINFO    [0m integration.tls.test_tls:test_tls.py:173 Removing application opensearch
[32mINFO    [0m integration.tls.test_tls:test_tls.py:176 Removing application self-signed-certificates
[32mINFO    [0m integration.tls.test_tls:test_tls.py:180 Deploying TLS Certificates operator
[32mINFO    [0m juju.model:model.py:2097 Deploying ch:amd64/jammy/self-signed-certificates-155
[32mINFO    [0m integration.helpers_deployments:helpers_deployments.py:329 



[32mINFO    [0m integration.helpers_deployments:helpers_deployments.py:330 Model  Controller           Cloud/Region         Version  SLA          Timestamp
test   localhost-localhost  localhost/localhost  3.5.3    unsupported  02:35:38Z

App                       Version  Status   Scale  Charm                     Channel        Rev  Exposed  Message
self-signed-certificates           waiting    0/1  self-signed-certificates  latest/stable  155  no       waiting for machine

Unit                        Workload  Agent       Machine  Public address  Ports  Message
self-signed-certificates/1  waiting   allocating  4                               waiting for machine

Machine  State    Address        Inst id        Base          AZ  Message
3        stopped  10.54.128.232  juju-e92132-3  ubuntu@22.04      Running
4        pending                 pending        ubuntu@22.04      

[32mINFO    [0m integration.helpers_deployments:helpers_deployments.py:337 


02:35:38 -- Waiting for model...
[32mINFO    [0m integration.helpers_deployments:helpers_deployments.py:261 	App: self-signed-certificates - conditions unmet.
[32mINFO    [0m integration.helpers_deployments:helpers_deployments.py:262 
[32mINFO    [0m integration.helpers_deployments:helpers_deployments.py:337 


02:35:48 -- Waiting for model...
[32mINFO    [0m integration.helpers_deployments:helpers_deployments.py:261 	App: self-signed-certificates - conditions unmet.
[32mINFO    [0m integration.helpers_deployments:helpers_deployments.py:262 
[32mINFO    [0m integration.helpers_deployments:helpers_deployments.py:337 


02:35:59 -- Waiting for model...
[32mINFO    [0m integration.helpers_deployments:helpers_deployments.py:348 02:37:03 -- Waiting for model: complete.



[32mINFO    [0m integration.tls.test_tls:test_tls.py:189 Deploying OpenSearch
[32mINFO    [0m juju.model:model.py:2097 Deploying local:jammy/opensearch-1
[32mINFO    [0m integration.helpers_deployments:helpers_deployments.py:329 



[32mINFO    [0m integration.helpers_deployments:helpers_deployments.py:330 Model  Controller           Cloud/Region         Version  SLA          Timestamp
test   localhost-localhost  localhost/localhost  3.5.3    unsupported  02:37:15Z

App                       Version  Status   Scale  Charm                     Channel        Rev  Exposed  Message
opensearch                         waiting    0/1  opensearch                                 1  no       waiting for machine
self-signed-certificates           active       1  self-signed-certificates  latest/stable  155  no       

Unit                         Workload  Agent       Machine  Public address  Ports  Message
opensearch/3                 waiting   allocating  5                               waiting for machine
self-signed-certificates/1*  active    idle        4        10.54.128.59           

Machine  State    Address       Inst id        Base          AZ  Message
4        started  10.54.128.59  juju-e92132-4  ubuntu@22.04      Running
5        pending                pending        ubuntu@22.04      

[32mINFO    [0m integration.helpers_deployments:helpers_deployments.py:337 


02:37:15 -- Waiting for model...
[32mINFO    [0m integration.helpers_deployments:helpers_deployments.py:251 opensearch -- expected units: 1 -- current: 0
[32mINFO    [0m integration.helpers_deployments:helpers_deployments.py:337 


02:37:25 -- Waiting for model...
[32mINFO    [0m integration.helpers_deployments:helpers_deployments.py:277 	App: opensearch - Units - conditions unmet.
[32mINFO    [0m integration.helpers_deployments:helpers_deployments.py:278 
	app: opensearch waiting -- message: waiting for machine
		opensearch-3.e37  -- (10.54.128.121) -- [allocating (since: 02:37:15)] waiting: waiting for machine

[32mINFO    [0m integration.helpers_deployments:helpers_deployments.py:337 


02:39:39 -- Waiting for model...
[32mINFO    [0m integration.helpers_deployments:helpers_deployments.py:277 	App: opensearch - Units - conditions unmet.
[32mINFO    [0m integration.helpers_deployments:helpers_deployments.py:278 
	app: opensearch active -- message: None
		opensearch-3.e37* -- (10.54.128.121) -- [executing (since: 02:39:39)] active: 

[32mINFO    [0m integration.helpers_deployments:helpers_deployments.py:337 


02:39:50 -- Waiting for model...
[32mINFO    [0m integration.helpers_deployments:helpers_deployments.py:277 	App: opensearch - Units - conditions unmet.
[32mINFO    [0m integration.helpers_deployments:helpers_deployments.py:278 
	app: opensearch blocked -- message: Missing TLS relation with this cluster.
		opensearch-3.e37* -- (10.54.128.121) -- [idle (since: 02:39:42)] blocked: Missing TLS relation with this cluster.

[32mINFO    [0m integration.helpers_deployments:helpers_deployments.py:337 


02:40:00 -- Waiting for model...
[32mINFO    [0m integration.helpers_deployments:helpers_deployments.py:277 	App: opensearch - Units - conditions unmet.
[32mINFO    [0m integration.helpers_deployments:helpers_deployments.py:278 
	app: opensearch blocked -- message: Missing TLS relation with this cluster.
		opensearch-3.e37* -- (10.54.128.121) -- [idle (since: 02:39:42)] blocked: Missing TLS relation with this cluster.

[32mINFO    [0m integration.helpers_deployments:helpers_deployments.py:337 


02:40:11 -- Waiting for model...
[32mINFO    [0m integration.helpers_deployments:helpers_deployments.py:277 	App: opensearch - Units - conditions unmet.
[32mINFO    [0m integration.helpers_deployments:helpers_deployments.py:278 
	app: opensearch blocked -- message: Missing TLS relation with this cluster.
		opensearch-3.e37* -- (10.54.128.121) -- [idle (since: 02:39:42)] blocked: Missing TLS relation with this cluster.

[32mINFO    [0m integration.helpers_deployments:helpers_deployments.py:337 


02:40:21 -- Waiting for model...
[32mINFO    [0m integration.helpers_deployments:helpers_deployments.py:348 02:40:22 -- Waiting for model: complete.



[32mINFO    [0m integration.tls.test_tls:test_tls.py:204 Changing the expiry time of the secret carrying the certificate to 3 minutes
[32mINFO    [0m integration.tls.test_tls:test_tls.py:210 Running command: juju ssh opensearch/3 sudo sed -i 's/expire=self._get_next_secret_expiry_time\(certificate\)/expire=timedelta\(seconds=180\)/g' /var/lib/juju/agents/unit-opensearch-3/charm/lib/charms/tls_certificates_interface/v3/tls_certificates.py
[32mINFO    [0m integration.tls.test_tls:test_tls.py:214 Integrating OpenSearch with TLS Certificates operator
[32mINFO    [0m integration.helpers_deployments:helpers_deployments.py:329 



[32mINFO    [0m integration.helpers_deployments:helpers_deployments.py:330 Model  Controller           Cloud/Region         Version  SLA          Timestamp
test   localhost-localhost  localhost/localhost  3.5.3    unsupported  02:40:22Z

App                       Version  Status   Scale  Charm                     Channel        Rev  Exposed  Message
opensearch                         blocked      1  opensearch                                 1  no       Missing TLS relation with this cluster.
self-signed-certificates           active       1  self-signed-certificates  latest/stable  155  no       

Unit                         Workload  Agent      Machine  Public address  Ports  Message
opensearch/3*                blocked   executing  5        10.54.128.121          Missing TLS relation with this cluster.
self-signed-certificates/1*  active    executing  4        10.54.128.59           

Machine  State    Address        Inst id        Base          AZ  Message
4        started  10.54.128.59   juju-e92132-4  ubuntu@22.04      Running
5        started  10.54.128.121  juju-e92132-5  ubuntu@22.04      Running

[32mINFO    [0m integration.helpers_deployments:helpers_deployments.py:337 


02:40:22 -- Waiting for model...
[32mINFO    [0m integration.helpers_deployments:helpers_deployments.py:277 	App: opensearch - Units - conditions unmet.
[32mINFO    [0m integration.helpers_deployments:helpers_deployments.py:278 
	app: opensearch blocked -- message: Missing TLS relation with this cluster.
		opensearch-3.e37* -- (10.54.128.121) -- [executing (since: 02:40:22)] blocked: Missing TLS relation with this cluster.

[32mINFO    [0m integration.helpers_deployments:helpers_deployments.py:337 


02:40:33 -- Waiting for model...
[32mINFO    [0m integration.helpers_deployments:helpers_deployments.py:277 	App: opensearch - Units - conditions unmet.
[32mINFO    [0m integration.helpers_deployments:helpers_deployments.py:278 
	app: opensearch waiting -- message: Waiting for OpenSearch to start...
		opensearch-3.e37* -- (10.54.128.121) -- [executing (since: 02:40:31)] waiting: Waiting for OpenSearch to start...

[32mINFO    [0m integration.helpers_deployments:helpers_deployments.py:337 


02:40:44 -- Waiting for model...
[32mINFO    [0m integration.helpers_deployments:helpers_deployments.py:277 	App: opensearch - Units - conditions unmet.
[32mINFO    [0m integration.helpers_deployments:helpers_deployments.py:278 
	app: opensearch waiting -- message: Waiting for OpenSearch to start...
		opensearch-3.e37* -- (10.54.128.121) -- [executing (since: 02:40:31)] waiting: Waiting for OpenSearch to start...

[32mINFO    [0m integration.helpers_deployments:helpers_deployments.py:337 


02:40:55 -- Waiting for model...
[32mINFO    [0m integration.helpers_deployments:helpers_deployments.py:277 	App: opensearch - Units - conditions unmet.
[32mINFO    [0m integration.helpers_deployments:helpers_deployments.py:278 
	app: opensearch active -- message: None
		opensearch-3.e37* -- (10.54.128.121) -- [executing (since: 02:40:54)] active: 

[32mINFO    [0m integration.helpers_deployments:helpers_deployments.py:337 


02:41:05 -- Waiting for model...
[32mINFO    [0m integration.helpers_deployments:helpers_deployments.py:277 	App: opensearch - Units - conditions unmet.
[32mINFO    [0m integration.helpers_deployments:helpers_deployments.py:278 
	app: opensearch active -- message: None
		opensearch-3.e37* -- (10.54.128.121) -- [idle (since: 02:40:57)] active: 

[32mINFO    [0m integration.helpers_deployments:helpers_deployments.py:337 


02:41:16 -- Waiting for model...
[32mINFO    [0m integration.helpers_deployments:helpers_deployments.py:277 	App: opensearch - Units - conditions unmet.
[32mINFO    [0m integration.helpers_deployments:helpers_deployments.py:278 
	app: opensearch active -- message: None
		opensearch-3.e37* -- (10.54.128.121) -- [idle (since: 02:40:57)] active: 

[32mINFO    [0m integration.helpers_deployments:helpers_deployments.py:337 


02:41:26 -- Waiting for model...
[32mINFO    [0m integration.helpers_deployments:helpers_deployments.py:348 02:41:27 -- Waiting for model: complete.



[32mINFO    [0m integration.tls.test_tls:test_tls.py:225 Test cluster health
[32mINFO    [0m integration.helpers:helpers.py:367 Calling: GET -- https://10.54.128.121:9200/_cluster/health?wait_for_status=green&timeout=1m
[32mINFO    [0m integration.tls.test_tls:test_tls.py:237 Waiting for certificates to expire. Wait time: 4.0 minutes.
[32mINFO    [0m integration.tls.test_tls:test_tls.py:242 Test cluster health after certificate expiry
[32mINFO    [0m integration.helpers:helpers.py:367 Calling: GET -- https://10.54.128.121:9200/_cluster/health?wait_for_status=green&timeout=1m
[32mINFO    [0m integration.tls.test_tls:test_tls.py:248 Comparing certificates before and after expiry
[32mINFO    [0m integration.tls.test_tls:test_tls.py:249 Certs: {'http_certificates_list': [{'issuer_dn': 'CN=CN_CA,C=US', 'subject_dn': 'O=opensearch-xix7,CN=10.54.128.121', 'san': '[[2, juju-e92132-5], [2, juju-e92132-5.lxd], [2, opensearch-3.e37], [7, 10.54.128.121], [8, 1.2.3.4.5.5]]', 'not_before': '2024-10-02T02:40:24Z', 'not_after': '2024-10-03T02:40:24Z'}], 'transport_certificates_list': [{'issuer_dn': 'CN=CN_CA,C=US', 'subject_dn': 'O=opensearch-xix7,CN=10.54.128.121', 'san': '[[2, juju-e92132-5], [2, juju-e92132-5.lxd], [2, opensearch-3.e37], [7, 10.54.128.121], [8, 1.2.3.4.5.5]]', 'not_before': '2024-10-02T02:40:24Z', 'not_after': '2024-10-03T02:40:24Z'}]}, {'http_certificates_list': [{'issuer_dn': 'CN=CN_CA,C=US', 'subject_dn': 'O=opensearch-xix7,CN=10.54.128.121', 'san': '[[2, juju-e92132-5], [2, juju-e92132-5.lxd], [2, opensearch-3.e37], [7, 10.54.128.121], [8, 1.2.3.4.5.5]]', 'not_before': '2024-10-02T02:43:53Z', 'not_after': '2024-10-03T02:43:53Z'}], 'transport_certificates_list': [{'issuer_dn': 'CN=CN_CA,C=US', 'subject_dn': 'O=opensearch-xix7,CN=10.54.128.121', 'san': '[[2, juju-e92132-5], [2, juju-e92132-5.lxd], [2, opensearch-3.e37], [7, 10.54.128.121], [8, 1.2.3.4.5.5]]', 'not_before': '2024-10-02T02:43:52Z', 'not_after': '2024-10-03T02:43:52Z'}]}
[32mINFO    [0m pytest_operator.plugin:plugin.py:862 Model status:

Model  Controller           Cloud/Region         Version  SLA          Timestamp
test   localhost-localhost  localhost/localhost  3.5.3    unsupported  02:45:34Z

App                       Version  Status  Scale  Charm                     Channel        Rev  Exposed  Message
opensearch                         active      1  opensearch                                 1  no       
self-signed-certificates           active      1  self-signed-certificates  latest/stable  155  no       

Unit                         Workload  Agent  Machine  Public address  Ports     Message
opensearch/3*                active    idle   5        10.54.128.121   9200/tcp  
self-signed-certificates/1*  active    idle   4        10.54.128.59              

Machine  State    Address        Inst id        Base          AZ  Message
4        started  10.54.128.59   juju-e92132-4  ubuntu@22.04      Running
5        started  10.54.128.121  juju-e92132-5  ubuntu@22.04      Running

[32mINFO    [0m pytest_operator.plugin:plugin.py:868 Juju error logs:

machine-0: 02:22:51 ERROR juju.worker.dependency "lxd-container-provisioner" manifold worker returned unexpected error: container types not yet available
machine-0: 02:22:51 ERROR juju.worker.dependency "kvm-container-provisioner" manifold worker returned unexpected error: container types not yet available
unit-opensearch-0: 02:22:51 ERROR juju.worker.meterstatus error running "meter-status-changed": charm missing from disk
machine-3: 02:22:53 ERROR juju.worker.dependency "kvm-container-provisioner" manifold worker returned unexpected error: container types not yet available
machine-3: 02:22:53 ERROR juju.worker.dependency "lxd-container-provisioner" manifold worker returned unexpected error: container types not yet available
unit-self-signed-certificates-0: 02:22:53 ERROR juju.worker.meterstatus error running "meter-status-changed": charm missing from disk
machine-1: 02:22:54 ERROR juju.worker.dependency "kvm-container-provisioner" manifold worker returned unexpected error: container types not yet available
machine-1: 02:22:54 ERROR juju.worker.dependency "lxd-container-provisioner" manifold worker returned unexpected error: container types not yet available
unit-opensearch-1: 02:22:54 ERROR juju.worker.meterstatus error running "meter-status-changed": charm missing from disk
machine-2: 02:22:54 ERROR juju.worker.dependency "kvm-container-provisioner" manifold worker returned unexpected error: container types not yet available
machine-2: 02:22:54 ERROR juju.worker.dependency "lxd-container-provisioner" manifold worker returned unexpected error: container types not yet available
unit-opensearch-2: 02:22:54 ERROR juju.worker.meterstatus error running "meter-status-changed": charm missing from disk
unit-opensearch-2: 02:27:19 ERROR unit.opensearch/2.juju-log certificates:3: err:  / out: keytool error: java.lang.Exception: Keystore file does not exist: /var/snap/opensearch/current/etc/opensearch/certificates/ca.p12

unit-opensearch-0: 02:27:21 ERROR unit.opensearch/0.juju-log certificates:3: err:  / out: keytool error: java.lang.Exception: Keystore file does not exist: /var/snap/opensearch/current/etc/opensearch/certificates/ca.p12

unit-opensearch-0: 02:27:26 ERROR unit.opensearch/0.juju-log certificates:3: Cannot connect to the OpenSearch server...
unit-opensearch-2: 02:27:27 ERROR unit.opensearch/2.juju-log Cannot connect to the OpenSearch server...
unit-opensearch-0: 02:27:28 ERROR unit.opensearch/0.juju-log Cannot connect to the OpenSearch server...
unit-opensearch-2: 02:27:28 ERROR unit.opensearch/2.juju-log Cannot connect to the OpenSearch server...
unit-opensearch-0: 02:27:29 ERROR unit.opensearch/0.juju-log Cannot connect to the OpenSearch server...
unit-opensearch-0: 02:27:29 ERROR unit.opensearch/0.juju-log Cannot connect to the OpenSearch server...
unit-opensearch-2: 02:27:29 ERROR unit.opensearch/2.juju-log Cannot connect to the OpenSearch server...
unit-opensearch-2: 02:27:30 ERROR unit.opensearch/2.juju-log Cannot connect to the OpenSearch server...
unit-opensearch-2: 02:27:31 ERROR unit.opensearch/2.juju-log Cannot connect to the OpenSearch server...
unit-opensearch-0: 02:27:32 ERROR unit.opensearch/0.juju-log Cannot connect to the OpenSearch server...
unit-opensearch-2: 02:27:32 ERROR unit.opensearch/2.juju-log Cannot connect to the OpenSearch server...
unit-opensearch-2: 02:27:33 ERROR unit.opensearch/2.juju-log Cannot connect to the OpenSearch server...
unit-opensearch-2: 02:27:34 ERROR unit.opensearch/2.juju-log Cannot connect to the OpenSearch server...
unit-opensearch-2: 02:27:35 ERROR unit.opensearch/2.juju-log Cannot connect to the OpenSearch server...
unit-opensearch-0: 02:27:35 ERROR unit.opensearch/0.juju-log Cannot connect to the OpenSearch server...
unit-opensearch-2: 02:27:36 ERROR unit.opensearch/2.juju-log Cannot connect to the OpenSearch server...
unit-opensearch-2: 02:27:36 ERROR unit.opensearch/2.juju-log Cannot connect to the OpenSearch server...
unit-opensearch-2: 02:27:37 ERROR unit.opensearch/2.juju-log Cannot connect to the OpenSearch server...
unit-opensearch-0: 02:27:38 ERROR unit.opensearch/0.juju-log Cannot connect to the OpenSearch server...
unit-opensearch-2: 02:27:38 ERROR unit.opensearch/2.juju-log Cannot connect to the OpenSearch server...
unit-opensearch-2: 02:27:39 ERROR unit.opensearch/2.juju-log Cannot connect to the OpenSearch server...
unit-opensearch-2: 02:27:40 ERROR unit.opensearch/2.juju-log Cannot connect to the OpenSearch server...
unit-opensearch-0: 02:27:41 ERROR unit.opensearch/0.juju-log Cannot connect to the OpenSearch server...
unit-opensearch-2: 02:27:41 ERROR unit.opensearch/2.juju-log opensearch-peers:0: Cannot connect to the OpenSearch server...
unit-opensearch-2: 02:27:42 ERROR unit.opensearch/2.juju-log certificates:3: Cannot connect to the OpenSearch server...
unit-opensearch-2: 02:27:44 ERROR unit.opensearch/2.juju-log Cannot connect to the OpenSearch server...
unit-opensearch-2: 02:27:45 ERROR unit.opensearch/2.juju-log Cannot connect to the OpenSearch server...
unit-opensearch-2: 02:27:46 ERROR unit.opensearch/2.juju-log opensearch-peers:0: Cannot connect to the OpenSearch server...
unit-opensearch-2: 02:27:47 ERROR unit.opensearch/2.juju-log Cannot connect to the OpenSearch server...
unit-opensearch-2: 02:27:48 ERROR unit.opensearch/2.juju-log Cannot connect to the OpenSearch server...
unit-opensearch-2: 02:27:49 ERROR unit.opensearch/2.juju-log node-lock-fallback:1: Cannot connect to the OpenSearch server...
unit-opensearch-2: 02:27:49 ERROR unit.opensearch/2.juju-log node-lock-fallback:1: Cannot connect to the OpenSearch server...
unit-opensearch-2: 02:27:50 ERROR unit.opensearch/2.juju-log opensearch-peers:0: Cannot connect to the OpenSearch server...
unit-opensearch-2: 02:27:51 ERROR unit.opensearch/2.juju-log opensearch-peers:0: Cannot connect to the OpenSearch server...
unit-opensearch-2: 02:27:56 ERROR unit.opensearch/2.juju-log node-lock-fallback:1: Cannot connect to the OpenSearch server...
unit-opensearch-2: 02:27:58 ERROR unit.opensearch/2.juju-log node-lock-fallback:1: Cannot connect to the OpenSearch server...
unit-opensearch-1: 02:32:42 ERROR unit.opensearch/1.juju-log certificates:3: err:  / out: keytool error: java.lang.Exception: Keystore file does not exist: /var/snap/opensearch/current/etc/opensearch/certificates/ca.p12

unit-opensearch-1: 02:32:46 ERROR unit.opensearch/1.juju-log certificates:3: Cannot connect to the OpenSearch server...
unit-opensearch-1: 02:32:47 ERROR unit.opensearch/1.juju-log Cannot connect to the OpenSearch server...
unit-opensearch-1: 02:32:48 ERROR unit.opensearch/1.juju-log Cannot connect to the OpenSearch server...
unit-opensearch-1: 02:32:49 ERROR unit.opensearch/1.juju-log upgrade-version-a:2: Cannot connect to the OpenSearch server...
unit-opensearch-1: 02:32:50 ERROR unit.opensearch/1.juju-log upgrade-version-a:2: Cannot connect to the OpenSearch server...
unit-opensearch-1: 02:32:51 ERROR unit.opensearch/1.juju-log opensearch-peers:0: Cannot connect to the OpenSearch server...
unit-opensearch-1: 02:32:52 ERROR unit.opensearch/1.juju-log opensearch-peers:0: Cannot connect to the OpenSearch server...
unit-opensearch-0: 02:34:18 ERROR unit.opensearch/0.juju-log certificates:3: err:  / out: keytool error: java.lang.Exception: Alias <old-ca> does not exist

unit-opensearch-1: 02:34:45 ERROR unit.opensearch/1.juju-log certificates:3: err:  / out: keytool error: java.lang.Exception: Alias <old-ca> does not exist

unit-opensearch-0: 02:34:57 ERROR juju.worker.uniter resolver loop error: preparing operation "run relation-departed (2; unit: opensearch/1, departee: opensearch/0) hook" for opensearch/0: secret "secret:cruav2g5hq81s42ai51g" not found (not found)
unit-opensearch-0: 02:34:57 ERROR juju.worker.dependency "uniter" manifold worker returned unexpected error: preparing operation "run relation-departed (2; unit: opensearch/1, departee: opensearch/0) hook" for opensearch/0: secret "secret:cruav2g5hq81s42ai51g" not found (not found)
unit-opensearch-2: 02:35:05 ERROR unit.opensearch/2.juju-log Cannot connect to the OpenSearch server...
unit-opensearch-1: 02:35:05 ERROR unit.opensearch/1.juju-log Cannot connect to the OpenSearch server...
unit-opensearch-0: 02:35:09 ERROR unit.opensearch/0.juju-log Failed to add voting exclusion: opensearch-0.e37.
unit-opensearch-1: 02:35:12 ERROR unit.opensearch/1.juju-log certificates:3: Error reading secret: 'NoneType' object has no attribute 'get'
unit-opensearch-0: 02:35:14 ERROR unit.opensearch/0.juju-log Cannot connect to the OpenSearch server...
unit-opensearch-2: 02:35:18 ERROR unit.opensearch/2.juju-log certificates:3: Error reading secret: 'NoneType' object has no attribute 'get'
unit-opensearch-0: 02:35:23 ERROR unit.opensearch/0.juju-log certificates:3: Error reading secret: 'NoneType' object has no attribute 'get'
unit-opensearch-0: 02:35:28 ERROR juju.worker.dependency "uniter" manifold worker returned unexpected error: relation scope id "bda5ff15-8978-4ba6-8398-dc7fc7e92132:r#0#opensearch": settings bda5ff15-8978-4ba6-8398-dc7fc7e92132:r#0#opensearch not found (not found)
machine-4: 02:36:53 ERROR juju.worker.dependency "kvm-container-provisioner" manifold worker returned unexpected error: container types not yet available
machine-4: 02:36:53 ERROR juju.worker.dependency "lxd-container-provisioner" manifold worker returned unexpected error: container types not yet available
unit-self-signed-certificates-1: 02:36:53 ERROR juju.worker.meterstatus error running "meter-status-changed": charm missing from disk
machine-5: 02:38:33 ERROR juju.worker.dependency "lxd-container-provisioner" manifold worker returned unexpected error: container types not yet available
machine-5: 02:38:33 ERROR juju.worker.dependency "kvm-container-provisioner" manifold worker returned unexpected error: container types not yet available
unit-opensearch-3: 02:38:34 ERROR juju.worker.meterstatus error running "meter-status-changed": charm missing from disk
unit-opensearch-3: 02:40:27 ERROR unit.opensearch/3.juju-log certificates:7: err:  / out: keytool error: java.lang.Exception: Keystore file does not exist: /var/snap/opensearch/current/etc/opensearch/certificates/ca.p12

unit-opensearch-3: 02:40:31 ERROR unit.opensearch/3.juju-log certificates:7: Cannot connect to the OpenSearch server...
unit-opensearch-3: 02:40:32 ERROR unit.opensearch/3.juju-log certificates:7: Cannot connect to the OpenSearch server...
unit-opensearch-3: 02:40:32 ERROR unit.opensearch/3.juju-log certificates:7: Cannot connect to the OpenSearch server...
unit-opensearch-3: 02:40:35 ERROR unit.opensearch/3.juju-log certificates:7: Cannot connect to the OpenSearch server...
unit-opensearch-3: 02:40:38 ERROR unit.opensearch/3.juju-log certificates:7: Cannot connect to the OpenSearch server...
unit-opensearch-3: 02:40:41 ERROR unit.opensearch/3.juju-log certificates:7: Cannot connect to the OpenSearch server...
unit-opensearch-3: 02:43:57 ERROR unit.opensearch/3.juju-log certificates:7: err:  / out: keytool error: java.lang.Exception: Alias <old-ca> does not exist

unit-opensearch-3: 02:43:58 ERROR unit.opensearch/3.juju-log certificates:7: err:  / out: keytool error: java.lang.Exception: Alias <old-ca> does not exist


[32mINFO    [0m pytest_operator.plugin:plugin.py:947 Forgetting model main...