[32mINFO    [0m pytest_operator.plugin:plugin.py:862 Model status:

Model  Controller           Cloud/Region         Version  SLA          Timestamp
test   localhost-localhost  localhost/localhost  3.5.3    unsupported  01:36:29Z

App                       Version  Status   Scale  Charm                     Channel        Rev  Exposed  Message
application                        blocked      1  application                                0  no       No connection to opensearch charm
opensearch                         error        3  opensearch                                 0  no       hook failed: "opensearch-client-relation-joined"
opensearch-dashboards              blocked      1  opensearch-dashboards     2/edge          21  no       Opensearch connection is missing
self-signed-certificates           active       1  self-signed-certificates  latest/stable  155  no       

Unit                         Workload     Agent      Machine  Public address  Ports     Message
application/0*               blocked      idle       2        10.133.111.140            No connection to opensearch charm
opensearch-dashboards/0*     blocked      idle       1        10.133.111.162  5601/tcp  Opensearch connection is missing
opensearch/0*                maintenance  executing  3        10.133.111.118            Waiting for TLS to be fully configured...
opensearch/1                 maintenance  executing  4        10.133.111.67             Waiting for the admin user to be fully configured...
opensearch/2                 error        idle       5        10.133.111.146            hook failed: "opensearch-client-relation-joined"
self-signed-certificates/0*  active       executing  0        10.133.111.172            

Machine  State    Address         Inst id        Base          AZ  Message
0        started  10.133.111.172  juju-4b443e-0  ubuntu@22.04      Running
1        started  10.133.111.162  juju-4b443e-1  ubuntu@22.04      Running
2        started  10.133.111.140  juju-4b443e-2  ubuntu@22.04      Running
3        started  10.133.111.118  juju-4b443e-3  ubuntu@22.04      Running
4        started  10.133.111.67   juju-4b443e-4  ubuntu@22.04      Running
5        started  10.133.111.146  juju-4b443e-5  ubuntu@22.04      Running

[32mINFO    [0m pytest_operator.plugin:plugin.py:868 Juju error logs:

machine-1: 01:34:25 ERROR juju.worker.dependency "kvm-container-provisioner" manifold worker returned unexpected error: container types not yet available
machine-1: 01:34:25 ERROR juju.worker.dependency "lxd-container-provisioner" manifold worker returned unexpected error: container types not yet available
unit-opensearch-dashboards-0: 01:34:25 ERROR juju.worker.meterstatus error running "meter-status-changed": charm missing from disk
machine-0: 01:34:26 ERROR juju.worker.dependency "lxd-container-provisioner" manifold worker returned unexpected error: container types not yet available
machine-0: 01:34:26 ERROR juju.worker.dependency "kvm-container-provisioner" manifold worker returned unexpected error: container types not yet available
unit-self-signed-certificates-0: 01:34:26 ERROR juju.worker.meterstatus error running "meter-status-changed": charm missing from disk
machine-2: 01:34:28 ERROR juju.worker.dependency "kvm-container-provisioner" manifold worker returned unexpected error: container types not yet available
machine-2: 01:34:28 ERROR juju.worker.dependency "lxd-container-provisioner" manifold worker returned unexpected error: container types not yet available
unit-application-0: 01:34:28 ERROR juju.worker.meterstatus error running "meter-status-changed": charm missing from disk
machine-3: 01:34:40 ERROR juju.worker.dependency "lxd-container-provisioner" manifold worker returned unexpected error: container types not yet available
machine-3: 01:34:40 ERROR juju.worker.dependency "kvm-container-provisioner" manifold worker returned unexpected error: container types not yet available
unit-opensearch-0: 01:34:40 ERROR juju.worker.meterstatus error running "meter-status-changed": charm missing from disk
machine-4: 01:34:42 ERROR juju.worker.dependency "lxd-container-provisioner" manifold worker returned unexpected error: container types not yet available
machine-4: 01:34:42 ERROR juju.worker.dependency "kvm-container-provisioner" manifold worker returned unexpected error: container types not yet available
unit-opensearch-1: 01:34:42 ERROR juju.worker.meterstatus error running "meter-status-changed": charm missing from disk
machine-5: 01:34:43 ERROR juju.worker.dependency "kvm-container-provisioner" manifold worker returned unexpected error: container types not yet available
machine-5: 01:34:43 ERROR juju.worker.dependency "lxd-container-provisioner" manifold worker returned unexpected error: container types not yet available
unit-opensearch-2: 01:34:43 ERROR juju.worker.meterstatus error running "meter-status-changed": charm missing from disk
unit-application-0: 01:35:27 ERROR unit.application/0.juju-log relation <ops.model.Relation first-index:7> didn't connect
unit-application-0: 01:35:27 ERROR unit.application/0.juju-log connection check to opensearch charm failed
unit-opensearch-2: 01:36:28 ERROR unit.opensearch/2.juju-log opensearch-client:7: Uncaught exception while in charm code:
Traceback (most recent call last):
  File "/var/lib/juju/agents/unit-opensearch-2/charm/venv/ops/model.py", line 3187, in _run
    result = subprocess.run(args, **kwargs)  # type: ignore
  File "/usr/lib/python3.10/subprocess.py", line 526, in run
    raise CalledProcessError(retcode, process.args,
subprocess.CalledProcessError: Command '('/var/lib/juju/tools/unit-opensearch-2/secret-get', '--label', 'opensearch:app:app-admin', '--format=json')' returned non-zero exit status 1.

The above exception was the direct cause of the following exception:

Traceback (most recent call last):
  File "/var/lib/juju/agents/unit-opensearch-2/charm/./src/charm.py", line 213, in <module>
    main(OpenSearchOperatorCharm)
  File "/var/lib/juju/agents/unit-opensearch-2/charm/venv/ops/main.py", line 551, in main
    manager.run()
  File "/var/lib/juju/agents/unit-opensearch-2/charm/venv/ops/main.py", line 530, in run
    self._emit()
  File "/var/lib/juju/agents/unit-opensearch-2/charm/venv/ops/main.py", line 516, in _emit
    self.framework.reemit()
  File "/var/lib/juju/agents/unit-opensearch-2/charm/venv/ops/framework.py", line 870, in reemit
    self._reemit()
  File "/var/lib/juju/agents/unit-opensearch-2/charm/venv/ops/framework.py", line 950, in _reemit
    custom_handler(event)
  File "/var/lib/juju/agents/unit-opensearch-2/charm/lib/charms/opensearch/v0/opensearch_tls.py", line 154, in _on_tls_relation_created
    admin_secrets = self.charm.secrets.get_object(Scope.APP, CertType.APP_ADMIN.val) or {}
  File "/var/lib/juju/agents/unit-opensearch-2/charm/lib/charms/opensearch/v0/opensearch_secrets.py", line 336, in get_object
    return self._get_juju_secret_content(scope, key)
  File "/var/lib/juju/agents/unit-opensearch-2/charm/lib/charms/opensearch/v0/opensearch_secrets.py", line 215, in _get_juju_secret_content
    secret = self._get_juju_secret(scope, key)
  File "/var/lib/juju/agents/unit-opensearch-2/charm/lib/charms/opensearch/v0/opensearch_secrets.py", line 203, in _get_juju_secret
    secret = self._charm.model.get_secret(label=label)
  File "/var/lib/juju/agents/unit-opensearch-2/charm/venv/ops/model.py", line 291, in get_secret
    content = self._backend.secret_get(id=id, label=label)
  File "/var/lib/juju/agents/unit-opensearch-2/charm/venv/ops/model.py", line 3552, in secret_get
    result = self._run('secret-get', *args, return_output=True, use_json=True)
  File "/var/lib/juju/agents/unit-opensearch-2/charm/venv/ops/model.py", line 3189, in _run
    raise ModelError(e.stderr) from e
ops.model.ModelError: ERROR permission denied


[32mINFO    [0m pytest_operator.plugin:plugin.py:947 Forgetting model main...