[32mINFO    [0m pytest_operator.plugin:plugin.py:862 Model status:

Model  Controller           Cloud/Region         Version  SLA          Timestamp
test   localhost-localhost  localhost/localhost  3.4.4    unsupported  03:05:15Z

App                       Version  Status  Scale  Charm                     Channel        Rev  Exposed  Message
opensearch                         active      3  opensearch                                 0  no       
self-signed-certificates           active      1  self-signed-certificates  latest/stable  155  no       

Unit                         Workload  Agent  Machine  Public address  Ports     Message
opensearch/0*                error     idle   0        10.78.117.112   9200/tcp  hook failed: "upgrade-charm"
opensearch/1                 error     idle   1        10.78.117.97    9200/tcp  hook failed: "upgrade-charm"
opensearch/2                 error     idle   2        10.78.117.46    9200/tcp  hook failed: "upgrade-charm"
self-signed-certificates/0*  active    idle   3        10.78.117.69              

Machine  State    Address        Inst id        Base          AZ  Message
0        started  10.78.117.112  juju-f9d0f8-0  ubuntu@22.04      Running
1        started  10.78.117.97   juju-f9d0f8-1  ubuntu@22.04      Running
2        started  10.78.117.46   juju-f9d0f8-2  ubuntu@22.04      Running
3        started  10.78.117.69   juju-f9d0f8-3  ubuntu@22.04      Running

[32mINFO    [0m pytest_operator.plugin:plugin.py:868 Juju error logs:

machine-0: 01:59:04 ERROR juju.worker.dependency "lxd-container-provisioner" manifold worker returned unexpected error: container types not yet available
machine-0: 01:59:04 ERROR juju.worker.dependency "kvm-container-provisioner" manifold worker returned unexpected error: container types not yet available
unit-opensearch-0: 01:59:04 ERROR juju.worker.meterstatus error running "meter-status-changed": charm missing from disk
machine-2: 01:59:08 ERROR juju.worker.dependency "kvm-container-provisioner" manifold worker returned unexpected error: container types not yet available
machine-2: 01:59:08 ERROR juju.worker.dependency "lxd-container-provisioner" manifold worker returned unexpected error: container types not yet available
unit-opensearch-2: 01:59:08 ERROR juju.worker.meterstatus error running "meter-status-changed": charm missing from disk
machine-3: 01:59:14 ERROR juju.worker.dependency "kvm-container-provisioner" manifold worker returned unexpected error: container types not yet available
machine-3: 01:59:14 ERROR juju.worker.dependency "lxd-container-provisioner" manifold worker returned unexpected error: container types not yet available
unit-self-signed-certificates-0: 01:59:14 ERROR juju.worker.meterstatus error running "meter-status-changed": charm missing from disk
machine-1: 02:00:18 ERROR juju.worker.dependency "kvm-container-provisioner" manifold worker returned unexpected error: container types not yet available
machine-1: 02:00:18 ERROR juju.worker.dependency "lxd-container-provisioner" manifold worker returned unexpected error: container types not yet available
unit-opensearch-1: 02:00:18 ERROR juju.worker.meterstatus error running "meter-status-changed": charm missing from disk
unit-opensearch-2: 02:00:53 ERROR unit.opensearch/2.juju-log [Errno 111] Connection refused
unit-opensearch-2: 02:00:54 ERROR unit.opensearch/2.juju-log certificates:3: [Errno 111] Connection refused
unit-opensearch-2: 02:00:55 ERROR unit.opensearch/2.juju-log certificates:3: [Errno 111] Connection refused
unit-opensearch-2: 02:00:55 ERROR unit.opensearch/2.juju-log certificates:3: [Errno 111] Connection refused
unit-opensearch-2: 02:00:57 ERROR unit.opensearch/2.juju-log node-lock-fallback:2: [Errno 111] Connection refused
unit-opensearch-2: 02:00:58 ERROR unit.opensearch/2.juju-log upgrade-version-a:1: [Errno 111] Connection refused
unit-opensearch-2: 02:00:59 ERROR unit.opensearch/2.juju-log opensearch-peers:0: [Errno 111] Connection refused
unit-opensearch-2: 02:00:59 ERROR unit.opensearch/2.juju-log node-lock-fallback:2: [Errno 111] Connection refused
unit-opensearch-2: 02:01:01 ERROR unit.opensearch/2.juju-log upgrade-version-a:1: [Errno 111] Connection refused
unit-opensearch-2: 02:01:32 ERROR unit.opensearch/2.juju-log opensearch-peers:0: [Errno 111] Connection refused
unit-opensearch-2: 02:01:32 ERROR unit.opensearch/2.juju-log opensearch-peers:0: [Errno 111] Connection refused
unit-opensearch-2: 02:01:32 ERROR unit.opensearch/2.juju-log opensearch-peers:0: [Errno 111] Connection refused
unit-opensearch-2: 02:01:32 ERROR unit.opensearch/2.juju-log opensearch-peers:0: [Errno 111] Connection refused
unit-opensearch-2: 02:01:33 ERROR unit.opensearch/2.juju-log upgrade-version-a:1: [Errno 111] Connection refused
unit-opensearch-2: 02:01:33 ERROR unit.opensearch/2.juju-log upgrade-version-a:1: [Errno 111] Connection refused
unit-opensearch-2: 02:01:34 ERROR unit.opensearch/2.juju-log opensearch-peers:0: [Errno 111] Connection refused
unit-opensearch-2: 02:01:34 ERROR unit.opensearch/2.juju-log opensearch-peers:0: [Errno 111] Connection refused
unit-opensearch-2: 02:01:34 ERROR unit.opensearch/2.juju-log opensearch-peers:0: [Errno 111] Connection refused
unit-opensearch-2: 02:01:34 ERROR unit.opensearch/2.juju-log opensearch-peers:0: [Errno 111] Connection refused
unit-opensearch-0: 02:01:34 ERROR unit.opensearch/0.juju-log [Errno 111] Connection refused
unit-opensearch-2: 02:01:35 ERROR unit.opensearch/2.juju-log certificates:3: [Errno 111] Connection refused
unit-opensearch-2: 02:01:35 ERROR unit.opensearch/2.juju-log certificates:3: [Errno 111] Connection refused
unit-opensearch-0: 02:01:36 ERROR unit.opensearch/0.juju-log opensearch-peers:0: [Errno 111] Connection refused
unit-opensearch-0: 02:01:36 ERROR unit.opensearch/0.juju-log opensearch-peers:0: [Errno 111] Connection refused
unit-opensearch-0: 02:01:36 ERROR unit.opensearch/0.juju-log opensearch-peers:0: [Errno 111] Connection refused
unit-opensearch-0: 02:01:36 ERROR unit.opensearch/0.juju-log opensearch-peers:0: [Errno 111] Connection refused
unit-opensearch-0: 02:01:37 ERROR unit.opensearch/0.juju-log node-lock-fallback:2: [Errno 111] Connection refused
unit-opensearch-0: 02:01:37 ERROR unit.opensearch/0.juju-log node-lock-fallback:2: [Errno 111] Connection refused
unit-opensearch-0: 02:01:37 ERROR unit.opensearch/0.juju-log node-lock-fallback:2: [Errno 111] Connection refused
unit-opensearch-0: 02:01:37 ERROR unit.opensearch/0.juju-log node-lock-fallback:2: [Errno 111] Connection refused
unit-opensearch-2: 02:01:37 ERROR unit.opensearch/2.juju-log [Errno 111] Connection refused
unit-opensearch-2: 02:01:37 ERROR unit.opensearch/2.juju-log [Errno 111] Connection refused
unit-opensearch-0: 02:01:38 ERROR unit.opensearch/0.juju-log certificates:3: [Errno 111] Connection refused
unit-opensearch-0: 02:01:38 ERROR unit.opensearch/0.juju-log certificates:3: [Errno 111] Connection refused
unit-opensearch-0: 02:01:38 ERROR unit.opensearch/0.juju-log certificates:3: [Errno 111] Connection refused
unit-opensearch-0: 02:01:38 ERROR unit.opensearch/0.juju-log certificates:3: [Errno 111] Connection refused
unit-opensearch-2: 02:01:38 ERROR unit.opensearch/2.juju-log [Errno 111] Connection refused
unit-opensearch-2: 02:01:38 ERROR unit.opensearch/2.juju-log [Errno 111] Connection refused
unit-opensearch-2: 02:01:39 ERROR unit.opensearch/2.juju-log opensearch-peers:0: [Errno 111] Connection refused
unit-opensearch-2: 02:01:39 ERROR unit.opensearch/2.juju-log opensearch-peers:0: [Errno 111] Connection refused
unit-opensearch-2: 02:01:39 ERROR unit.opensearch/2.juju-log opensearch-peers:0: [Errno 111] Connection refused
unit-opensearch-2: 02:01:39 ERROR unit.opensearch/2.juju-log opensearch-peers:0: [Errno 111] Connection refused
unit-opensearch-0: 02:01:39 ERROR unit.opensearch/0.juju-log [Errno 111] Connection refused
unit-opensearch-0: 02:01:39 ERROR unit.opensearch/0.juju-log [Errno 111] Connection refused
unit-opensearch-0: 02:01:39 ERROR unit.opensearch/0.juju-log [Errno 111] Connection refused
unit-opensearch-0: 02:01:39 ERROR unit.opensearch/0.juju-log [Errno 111] Connection refused
unit-opensearch-2: 02:01:40 ERROR unit.opensearch/2.juju-log [Errno 111] Connection refused
unit-opensearch-2: 02:01:40 ERROR unit.opensearch/2.juju-log [Errno 111] Connection refused
unit-opensearch-0: 02:01:40 ERROR unit.opensearch/0.juju-log [Errno 111] Connection refused
unit-opensearch-0: 02:01:40 ERROR unit.opensearch/0.juju-log [Errno 111] Connection refused
unit-opensearch-0: 02:01:40 ERROR unit.opensearch/0.juju-log [Errno 111] Connection refused
unit-opensearch-0: 02:01:40 ERROR unit.opensearch/0.juju-log [Errno 111] Connection refused
unit-opensearch-2: 02:01:41 ERROR unit.opensearch/2.juju-log [Errno 111] Connection refused
unit-opensearch-2: 02:01:41 ERROR unit.opensearch/2.juju-log [Errno 111] Connection refused
unit-opensearch-0: 02:01:41 ERROR unit.opensearch/0.juju-log [Errno 111] Connection refused
unit-opensearch-0: 02:01:41 ERROR unit.opensearch/0.juju-log [Errno 111] Connection refused
unit-opensearch-0: 02:01:41 ERROR unit.opensearch/0.juju-log [Errno 111] Connection refused
unit-opensearch-0: 02:01:41 ERROR unit.opensearch/0.juju-log [Errno 111] Connection refused
unit-opensearch-2: 02:01:41 ERROR unit.opensearch/2.juju-log [Errno 111] Connection refused
unit-opensearch-2: 02:01:41 ERROR unit.opensearch/2.juju-log Cannot connect to the OpenSearch server...
unit-opensearch-2: 02:01:41 ERROR unit.opensearch/2.juju-log [Errno 111] Connection refused
unit-opensearch-2: 02:01:41 ERROR unit.opensearch/2.juju-log [Errno 111] Connection refused
unit-opensearch-0: 02:01:42 ERROR unit.opensearch/0.juju-log [Errno 111] Connection refused
unit-opensearch-2: 02:01:42 ERROR unit.opensearch/2.juju-log [Errno 111] Connection refused
unit-opensearch-2: 02:01:42 ERROR unit.opensearch/2.juju-log Cannot connect to the OpenSearch server...
unit-opensearch-2: 02:01:42 ERROR unit.opensearch/2.juju-log [Errno 111] Connection refused
unit-opensearch-2: 02:01:42 ERROR unit.opensearch/2.juju-log [Errno 111] Connection refused
unit-opensearch-0: 02:01:42 ERROR unit.opensearch/0.juju-log [Errno 111] Connection refused
unit-opensearch-0: 02:01:42 ERROR unit.opensearch/0.juju-log Cannot connect to the OpenSearch server...
unit-opensearch-0: 02:01:42 ERROR unit.opensearch/0.juju-log [Errno 111] Connection refused
unit-opensearch-0: 02:01:42 ERROR unit.opensearch/0.juju-log [Errno 111] Connection refused
unit-opensearch-0: 02:01:42 ERROR unit.opensearch/0.juju-log [Errno 111] Connection refused
unit-opensearch-0: 02:01:42 ERROR unit.opensearch/0.juju-log [Errno 111] Connection refused
unit-opensearch-0: 02:01:42 ERROR unit.opensearch/0.juju-log [Errno 111] Connection refused
unit-opensearch-0: 02:01:42 ERROR unit.opensearch/0.juju-log Cannot connect to the OpenSearch server...
unit-opensearch-0: 02:01:42 ERROR unit.opensearch/0.juju-log [Errno 111] Connection refused
unit-opensearch-2: 02:01:43 ERROR unit.opensearch/2.juju-log certificates:3: [Errno 111] Connection refused
unit-opensearch-2: 02:01:43 ERROR unit.opensearch/2.juju-log certificates:3: Cannot connect to the OpenSearch server...
unit-opensearch-2: 02:01:43 ERROR unit.opensearch/2.juju-log certificates:3: [Errno 111] Connection refused
unit-opensearch-2: 02:01:43 ERROR unit.opensearch/2.juju-log certificates:3: [Errno 111] Connection refused
unit-opensearch-0: 02:01:43 ERROR unit.opensearch/0.juju-log [Errno 111] Connection refused
unit-opensearch-0: 02:01:43 ERROR unit.opensearch/0.juju-log [Errno 111] Connection refused
unit-opensearch-0: 02:01:43 ERROR unit.opensearch/0.juju-log [Errno 111] Connection refused
unit-opensearch-0: 02:01:43 ERROR unit.opensearch/0.juju-log [Errno 111] Connection refused
unit-opensearch-0: 02:01:43 ERROR unit.opensearch/0.juju-log Cannot connect to the OpenSearch server...
unit-opensearch-0: 02:01:43 ERROR unit.opensearch/0.juju-log [Errno 111] Connection refused
unit-opensearch-0: 02:01:44 ERROR unit.opensearch/0.juju-log [Errno 111] Connection refused
unit-opensearch-0: 02:01:44 ERROR unit.opensearch/0.juju-log Cannot connect to the OpenSearch server...
unit-opensearch-0: 02:01:44 ERROR unit.opensearch/0.juju-log [Errno 111] Connection refused
unit-opensearch-0: 02:01:44 ERROR unit.opensearch/0.juju-log Cannot connect to the OpenSearch server...
unit-opensearch-2: 02:01:44 ERROR unit.opensearch/2.juju-log [Errno 111] Connection refused
unit-opensearch-2: 02:01:44 ERROR unit.opensearch/2.juju-log Cannot connect to the OpenSearch server...
unit-opensearch-2: 02:01:44 ERROR unit.opensearch/2.juju-log [Errno 111] Connection refused
unit-opensearch-2: 02:01:44 ERROR unit.opensearch/2.juju-log [Errno 111] Connection refused
unit-opensearch-2: 02:01:45 ERROR unit.opensearch/2.juju-log [Errno 111] Connection refused
unit-opensearch-2: 02:01:45 ERROR unit.opensearch/2.juju-log Cannot connect to the OpenSearch server...
unit-opensearch-2: 02:01:45 ERROR unit.opensearch/2.juju-log [Errno 111] Connection refused
unit-opensearch-2: 02:01:45 ERROR unit.opensearch/2.juju-log [Errno 111] Connection refused
unit-opensearch-2: 02:01:46 ERROR unit.opensearch/2.juju-log node-lock-fallback:2: [Errno 111] Connection refused
unit-opensearch-2: 02:01:46 ERROR unit.opensearch/2.juju-log node-lock-fallback:2: Cannot connect to the OpenSearch server...
unit-opensearch-2: 02:01:46 ERROR unit.opensearch/2.juju-log node-lock-fallback:2: [Errno 111] Connection refused
unit-opensearch-2: 02:01:46 ERROR unit.opensearch/2.juju-log node-lock-fallback:2: [Errno 111] Connection refused
unit-opensearch-0: 02:01:47 ERROR unit.opensearch/0.juju-log [Errno 111] Connection refused
unit-opensearch-0: 02:01:47 ERROR unit.opensearch/0.juju-log Cannot connect to the OpenSearch server...
unit-opensearch-2: 02:01:47 ERROR unit.opensearch/2.juju-log [Errno 111] Connection refused
unit-opensearch-2: 02:01:47 ERROR unit.opensearch/2.juju-log Cannot connect to the OpenSearch server...
unit-opensearch-2: 02:01:47 ERROR unit.opensearch/2.juju-log [Errno 111] Connection refused
unit-opensearch-2: 02:01:47 ERROR unit.opensearch/2.juju-log [Errno 111] Connection refused
unit-opensearch-2: 02:01:48 ERROR unit.opensearch/2.juju-log [Errno 111] Connection refused
unit-opensearch-2: 02:01:48 ERROR unit.opensearch/2.juju-log Cannot connect to the OpenSearch server...
unit-opensearch-2: 02:01:48 ERROR unit.opensearch/2.juju-log [Errno 111] Connection refused
unit-opensearch-2: 02:01:48 ERROR unit.opensearch/2.juju-log [Errno 111] Connection refused
unit-opensearch-2: 02:01:49 ERROR unit.opensearch/2.juju-log node-lock-fallback:2: [Errno 111] Connection refused
unit-opensearch-2: 02:01:49 ERROR unit.opensearch/2.juju-log node-lock-fallback:2: Cannot connect to the OpenSearch server...
unit-opensearch-2: 02:01:49 ERROR unit.opensearch/2.juju-log node-lock-fallback:2: [Errno 111] Connection refused
unit-opensearch-2: 02:01:49 ERROR unit.opensearch/2.juju-log node-lock-fallback:2: [Errno 111] Connection refused
unit-opensearch-0: 02:01:50 ERROR unit.opensearch/0.juju-log [Errno 111] Connection refused
unit-opensearch-0: 02:01:50 ERROR unit.opensearch/0.juju-log Cannot connect to the OpenSearch server...
unit-opensearch-2: 02:01:50 ERROR unit.opensearch/2.juju-log opensearch-peers:0: [Errno 111] Connection refused
unit-opensearch-2: 02:01:50 ERROR unit.opensearch/2.juju-log opensearch-peers:0: Cannot connect to the OpenSearch server...
unit-opensearch-2: 02:01:50 ERROR unit.opensearch/2.juju-log opensearch-peers:0: [Errno 111] Connection refused
unit-opensearch-2: 02:01:51 ERROR unit.opensearch/2.juju-log opensearch-peers:0: [Errno 111] Connection refused
unit-opensearch-2: 02:01:51 ERROR unit.opensearch/2.juju-log opensearch-peers:0: [Errno 111] Connection refused
unit-opensearch-2: 02:01:51 ERROR unit.opensearch/2.juju-log opensearch-peers:0: [Errno 111] Connection refused
unit-opensearch-0: 02:01:53 ERROR unit.opensearch/0.juju-log [Errno 111] Connection refused
unit-opensearch-0: 02:01:53 ERROR unit.opensearch/0.juju-log Cannot connect to the OpenSearch server...
unit-opensearch-0: 02:01:56 ERROR unit.opensearch/0.juju-log [Errno 111] Connection refused
unit-opensearch-0: 02:01:56 ERROR unit.opensearch/0.juju-log Cannot connect to the OpenSearch server...
unit-opensearch-2: 02:01:56 ERROR unit.opensearch/2.juju-log node-lock-fallback:2: [Errno 111] Connection refused
unit-opensearch-2: 02:01:56 ERROR unit.opensearch/2.juju-log node-lock-fallback:2: Cannot connect to the OpenSearch server...
unit-opensearch-2: 02:01:56 ERROR unit.opensearch/2.juju-log node-lock-fallback:2: [Errno 111] Connection refused
unit-opensearch-2: 02:01:56 ERROR unit.opensearch/2.juju-log node-lock-fallback:2: [Errno 111] Connection refused
unit-opensearch-2: 02:01:57 ERROR unit.opensearch/2.juju-log upgrade-version-a:1: [Errno 111] Connection refused
unit-opensearch-2: 02:01:57 ERROR unit.opensearch/2.juju-log upgrade-version-a:1: Cannot connect to the OpenSearch server...
unit-opensearch-2: 02:01:57 ERROR unit.opensearch/2.juju-log upgrade-version-a:1: [Errno 111] Connection refused
unit-opensearch-2: 02:01:57 ERROR unit.opensearch/2.juju-log upgrade-version-a:1: [Errno 111] Connection refused
unit-opensearch-2: 02:01:58 ERROR unit.opensearch/2.juju-log node-lock-fallback:2: [Errno 111] Connection refused
unit-opensearch-2: 02:01:58 ERROR unit.opensearch/2.juju-log node-lock-fallback:2: Cannot connect to the OpenSearch server...
unit-opensearch-2: 02:01:58 ERROR unit.opensearch/2.juju-log node-lock-fallback:2: [Errno 111] Connection refused
unit-opensearch-2: 02:01:58 ERROR unit.opensearch/2.juju-log node-lock-fallback:2: [Errno 111] Connection refused
unit-opensearch-0: 02:01:59 ERROR unit.opensearch/0.juju-log [Errno 111] Connection refused
unit-opensearch-0: 02:01:59 ERROR unit.opensearch/0.juju-log Cannot connect to the OpenSearch server...
unit-opensearch-2: 02:01:59 ERROR unit.opensearch/2.juju-log opensearch-peers:0: [Errno 111] Connection refused
unit-opensearch-2: 02:01:59 ERROR unit.opensearch/2.juju-log opensearch-peers:0: Cannot connect to the OpenSearch server...
unit-opensearch-2: 02:01:59 ERROR unit.opensearch/2.juju-log opensearch-peers:0: [Errno 111] Connection refused
unit-opensearch-2: 02:01:59 ERROR unit.opensearch/2.juju-log opensearch-peers:0: [Errno 111] Connection refused
unit-opensearch-2: 02:01:59 ERROR unit.opensearch/2.juju-log opensearch-peers:0: [Errno 111] Connection refused
unit-opensearch-2: 02:02:00 ERROR unit.opensearch/2.juju-log opensearch-peers:0: [Errno 111] Connection refused
unit-opensearch-2: 02:02:00 ERROR unit.opensearch/2.juju-log opensearch-peers:0: Cannot connect to the OpenSearch server...
unit-opensearch-2: 02:02:00 ERROR unit.opensearch/2.juju-log opensearch-peers:0: [Errno 111] Connection refused
unit-opensearch-2: 02:02:00 ERROR unit.opensearch/2.juju-log opensearch-peers:0: [Errno 111] Connection refused
unit-opensearch-2: 02:02:00 ERROR unit.opensearch/2.juju-log opensearch-peers:0: [Errno 111] Connection refused
unit-opensearch-2: 02:02:00 ERROR unit.opensearch/2.juju-log opensearch-peers:0: [Errno 111] Connection refused
unit-opensearch-2: 02:02:00 ERROR unit.opensearch/2.juju-log opensearch-peers:0: [Errno 111] Connection refused
unit-opensearch-2: 02:02:00 ERROR unit.opensearch/2.juju-log opensearch-peers:0: [Errno 111] Connection refused
unit-opensearch-2: 02:02:01 ERROR unit.opensearch/2.juju-log upgrade-version-a:1: [Errno 111] Connection refused
unit-opensearch-2: 02:02:01 ERROR unit.opensearch/2.juju-log upgrade-version-a:1: Cannot connect to the OpenSearch server...
unit-opensearch-2: 02:02:01 ERROR unit.opensearch/2.juju-log upgrade-version-a:1: [Errno 111] Connection refused
unit-opensearch-2: 02:02:01 ERROR unit.opensearch/2.juju-log upgrade-version-a:1: [Errno 111] Connection refused
unit-opensearch-2: 02:02:01 ERROR unit.opensearch/2.juju-log upgrade-version-a:1: [Errno 111] Connection refused
unit-opensearch-2: 02:02:03 ERROR unit.opensearch/2.juju-log opensearch-peers:0: [Errno 111] Connection refused
unit-opensearch-2: 02:02:03 ERROR unit.opensearch/2.juju-log opensearch-peers:0: Cannot connect to the OpenSearch server...
unit-opensearch-2: 02:02:03 ERROR unit.opensearch/2.juju-log opensearch-peers:0: [Errno 111] Connection refused
unit-opensearch-2: 02:02:03 ERROR unit.opensearch/2.juju-log opensearch-peers:0: [Errno 111] Connection refused
unit-opensearch-2: 02:02:03 ERROR unit.opensearch/2.juju-log opensearch-peers:0: [Errno 111] Connection refused
unit-opensearch-2: 02:02:03 ERROR unit.opensearch/2.juju-log opensearch-peers:0: [Errno 111] Connection refused
unit-opensearch-2: 02:02:04 ERROR unit.opensearch/2.juju-log opensearch-peers:0: [Errno 111] Connection refused
unit-opensearch-2: 02:02:04 ERROR unit.opensearch/2.juju-log opensearch-peers:0: Cannot connect to the OpenSearch server...
unit-opensearch-2: 02:02:04 ERROR unit.opensearch/2.juju-log opensearch-peers:0: [Errno 111] Connection refused
unit-opensearch-2: 02:02:04 ERROR unit.opensearch/2.juju-log opensearch-peers:0: [Errno 111] Connection refused
unit-opensearch-2: 02:02:05 ERROR unit.opensearch/2.juju-log opensearch-peers:0: [Errno 111] Connection refused
unit-opensearch-2: 02:02:05 ERROR unit.opensearch/2.juju-log opensearch-peers:0: [Errno 111] Connection refused
unit-opensearch-2: 02:02:07 ERROR unit.opensearch/2.juju-log opensearch-peers:0: [Errno 111] Connection refused
unit-opensearch-2: 02:02:07 ERROR unit.opensearch/2.juju-log opensearch-peers:0: Cannot connect to the OpenSearch server...
unit-opensearch-2: 02:02:07 ERROR unit.opensearch/2.juju-log opensearch-peers:0: [Errno 111] Connection refused
unit-opensearch-2: 02:02:07 ERROR unit.opensearch/2.juju-log opensearch-peers:0: [Errno 111] Connection refused
unit-opensearch-2: 02:02:07 ERROR unit.opensearch/2.juju-log opensearch-peers:0: [Errno 111] Connection refused
unit-opensearch-2: 02:02:07 ERROR unit.opensearch/2.juju-log opensearch-peers:0: [Errno 111] Connection refused
unit-opensearch-2: 02:02:11 ERROR unit.opensearch/2.juju-log [Errno 111] Connection refused
unit-opensearch-2: 02:02:11 ERROR unit.opensearch/2.juju-log Cannot connect to the OpenSearch server...
unit-opensearch-2: 02:02:11 ERROR unit.opensearch/2.juju-log [Errno 111] Connection refused
unit-opensearch-2: 02:02:11 ERROR unit.opensearch/2.juju-log [Errno 111] Connection refused
unit-opensearch-0: 02:02:17 ERROR unit.opensearch/0.juju-log upgrade-version-a:1: Request GET to https://10.78.117.112:9200/.charm_node_lock/_source/0 with payload: None failed.(Attempts left: 2)
	Error: 404 Client Error: Not Found for url: https://10.78.117.112:9200/.charm_node_lock/_source/0
unit-opensearch-0: 02:02:18 ERROR unit.opensearch/0.juju-log upgrade-version-a:1: Request GET to https://10.78.117.112:9200/.charm_node_lock/_source/0 with payload: None failed.(Attempts left: 1)
	Error: 404 Client Error: Not Found for url: https://10.78.117.112:9200/.charm_node_lock/_source/0
unit-opensearch-2: 02:02:22 ERROR unit.opensearch/2.juju-log node-lock-fallback:2: [Errno 111] Connection refused
unit-opensearch-2: 02:02:22 ERROR unit.opensearch/2.juju-log node-lock-fallback:2: Cannot connect to the OpenSearch server...
unit-opensearch-2: 02:02:22 ERROR unit.opensearch/2.juju-log node-lock-fallback:2: [Errno 111] Connection refused
unit-opensearch-2: 02:02:22 ERROR unit.opensearch/2.juju-log node-lock-fallback:2: [Errno 111] Connection refused
unit-opensearch-2: 02:02:22 ERROR unit.opensearch/2.juju-log node-lock-fallback:2: [Errno 111] Connection refused
unit-opensearch-2: 02:02:22 ERROR unit.opensearch/2.juju-log node-lock-fallback:2: [Errno 111] Connection refused
unit-opensearch-2: 02:02:22 ERROR unit.opensearch/2.juju-log node-lock-fallback:2: Request GET to https://10.78.117.112:9200/.charm_node_lock/_source/0 with payload: None failed.(Attempts left: 2)
	Error: 404 Client Error: Not Found for url: https://10.78.117.112:9200/.charm_node_lock/_source/0
unit-opensearch-2: 02:02:23 ERROR unit.opensearch/2.juju-log node-lock-fallback:2: Request GET to https://10.78.117.112:9200/.charm_node_lock/_source/0 with payload: None failed.(Attempts left: 1)
	Error: 404 Client Error: Not Found for url: https://10.78.117.112:9200/.charm_node_lock/_source/0
unit-opensearch-2: 02:02:24 ERROR unit.opensearch/2.juju-log node-lock-fallback:2: [Errno 111] Connection refused
unit-opensearch-2: 02:02:24 ERROR unit.opensearch/2.juju-log node-lock-fallback:2: [Errno 111] Connection refused
unit-opensearch-2: 02:02:25 ERROR unit.opensearch/2.juju-log node-lock-fallback:2: [Errno 111] Connection refused
unit-opensearch-2: 02:02:25 ERROR unit.opensearch/2.juju-log node-lock-fallback:2: [Errno 111] Connection refused
unit-opensearch-2: 02:02:25 ERROR unit.opensearch/2.juju-log node-lock-fallback:2: [Errno 111] Connection refused
unit-opensearch-2: 02:02:25 ERROR unit.opensearch/2.juju-log node-lock-fallback:2: [Errno 111] Connection refused
unit-opensearch-2: 02:02:25 ERROR unit.opensearch/2.juju-log node-lock-fallback:2: [Errno 111] Connection refused
unit-opensearch-2: 02:02:25 ERROR unit.opensearch/2.juju-log node-lock-fallback:2: [Errno 111] Connection refused
unit-opensearch-2: 02:02:25 ERROR unit.opensearch/2.juju-log node-lock-fallback:2: Cannot connect to the OpenSearch server...
unit-opensearch-2: 02:02:25 ERROR unit.opensearch/2.juju-log node-lock-fallback:2: [Errno 111] Connection refused
unit-opensearch-0: 02:02:28 ERROR unit.opensearch/0.juju-log opensearch-peers:0: [Errno 111] Connection refused
unit-opensearch-2: 02:02:28 ERROR unit.opensearch/2.juju-log node-lock-fallback:2: [Errno 111] Connection refused
unit-opensearch-0: 02:02:28 ERROR unit.opensearch/0.juju-log opensearch-peers:0: [Errno 111] Connection refused
unit-opensearch-0: 02:02:28 ERROR unit.opensearch/0.juju-log opensearch-peers:0: [Errno 111] Connection refused
unit-opensearch-0: 02:02:29 ERROR unit.opensearch/0.juju-log opensearch-peers:0: [Errno 111] Connection refused
unit-opensearch-0: 02:02:30 ERROR unit.opensearch/0.juju-log opensearch-peers:0: [Errno 111] Connection refused
unit-opensearch-0: 02:02:30 ERROR unit.opensearch/0.juju-log opensearch-peers:0: [Errno 111] Connection refused
unit-opensearch-0: 02:02:30 ERROR unit.opensearch/0.juju-log opensearch-peers:0: [Errno 111] Connection refused
unit-opensearch-0: 02:02:30 ERROR unit.opensearch/0.juju-log opensearch-peers:0: [Errno 111] Connection refused
unit-opensearch-0: 02:02:30 ERROR unit.opensearch/0.juju-log opensearch-peers:0: [Errno 111] Connection refused
unit-opensearch-0: 02:02:31 ERROR unit.opensearch/0.juju-log opensearch-peers:0: [Errno 111] Connection refused
unit-opensearch-0: 02:02:31 ERROR unit.opensearch/0.juju-log opensearch-peers:0: [Errno 111] Connection refused
unit-opensearch-2: 02:02:31 ERROR unit.opensearch/2.juju-log node-lock-fallback:2: [Errno 111] Connection refused
unit-opensearch-0: 02:02:32 ERROR unit.opensearch/0.juju-log opensearch-peers:0: [Errno 111] Connection refused
unit-opensearch-0: 02:02:32 ERROR unit.opensearch/0.juju-log opensearch-peers:0: [Errno 111] Connection refused
unit-opensearch-0: 02:02:32 ERROR unit.opensearch/0.juju-log opensearch-peers:0: [Errno 111] Connection refused
unit-opensearch-0: 02:02:32 ERROR unit.opensearch/0.juju-log opensearch-peers:0: [Errno 111] Connection refused
unit-opensearch-0: 02:02:33 ERROR unit.opensearch/0.juju-log opensearch-peers:0: [Errno 111] Connection refused
unit-opensearch-0: 02:02:33 ERROR unit.opensearch/0.juju-log opensearch-peers:0: [Errno 111] Connection refused
unit-opensearch-0: 02:02:33 ERROR unit.opensearch/0.juju-log opensearch-peers:0: [Errno 111] Connection refused
unit-opensearch-0: 02:02:33 ERROR unit.opensearch/0.juju-log opensearch-peers:0: [Errno 111] Connection refused
unit-opensearch-1: 02:02:33 ERROR unit.opensearch/1.juju-log [Errno 111] Connection refused
unit-opensearch-0: 02:02:34 ERROR unit.opensearch/0.juju-log opensearch-peers:0: [Errno 111] Connection refused
unit-opensearch-0: 02:02:34 ERROR unit.opensearch/0.juju-log opensearch-peers:0: [Errno 111] Connection refused
unit-opensearch-0: 02:02:34 ERROR unit.opensearch/0.juju-log opensearch-peers:0: [Errno 111] Connection refused
unit-opensearch-0: 02:02:34 ERROR unit.opensearch/0.juju-log opensearch-peers:0: [Errno 111] Connection refused
unit-opensearch-0: 02:02:34 ERROR unit.opensearch/0.juju-log opensearch-peers:0: [Errno 111] Connection refused
unit-opensearch-0: 02:02:34 ERROR unit.opensearch/0.juju-log opensearch-peers:0: [Errno 111] Connection refused
unit-opensearch-0: 02:02:34 ERROR unit.opensearch/0.juju-log opensearch-peers:0: [Errno 111] Connection refused
unit-opensearch-2: 02:02:34 ERROR unit.opensearch/2.juju-log node-lock-fallback:2: [Errno 111] Connection refused
unit-opensearch-0: 02:02:34 ERROR unit.opensearch/0.juju-log opensearch-peers:0: [Errno 111] Connection refused
unit-opensearch-0: 02:02:35 ERROR unit.opensearch/0.juju-log opensearch-peers:0: [Errno 111] Connection refused
unit-opensearch-0: 02:02:35 ERROR unit.opensearch/0.juju-log opensearch-peers:0: [Errno 111] Connection refused
unit-opensearch-0: 02:02:35 ERROR unit.opensearch/0.juju-log opensearch-peers:0: [Errno 111] Connection refused
unit-opensearch-0: 02:02:35 ERROR unit.opensearch/0.juju-log opensearch-peers:0: [Errno 111] Connection refused
unit-opensearch-0: 02:02:35 ERROR unit.opensearch/0.juju-log opensearch-peers:0: [Errno 111] Connection refused
unit-opensearch-0: 02:02:35 ERROR unit.opensearch/0.juju-log opensearch-peers:0: [Errno 111] Connection refused
unit-opensearch-1: 02:02:35 ERROR unit.opensearch/1.juju-log [Errno 111] Connection refused
unit-opensearch-0: 02:02:36 ERROR unit.opensearch/0.juju-log [Errno 111] Connection refused
unit-opensearch-0: 02:02:36 ERROR unit.opensearch/0.juju-log [Errno 111] Connection refused
unit-opensearch-1: 02:02:36 ERROR unit.opensearch/1.juju-log opensearch-peers:0: [Errno 111] Connection refused
unit-opensearch-0: 02:02:36 ERROR unit.opensearch/0.juju-log [Errno 111] Connection refused
unit-opensearch-0: 02:02:36 ERROR unit.opensearch/0.juju-log [Errno 111] Connection refused
unit-opensearch-1: 02:02:36 ERROR unit.opensearch/1.juju-log opensearch-peers:0: [Errno 111] Connection refused
unit-opensearch-0: 02:02:36 ERROR unit.opensearch/0.juju-log [Errno 111] Connection refused
unit-opensearch-0: 02:02:36 ERROR unit.opensearch/0.juju-log [Errno 111] Connection refused
unit-opensearch-0: 02:02:36 ERROR unit.opensearch/0.juju-log [Errno 111] Connection refused
unit-opensearch-0: 02:02:36 ERROR unit.opensearch/0.juju-log [Errno 111] Connection refused
unit-opensearch-1: 02:02:37 ERROR unit.opensearch/1.juju-log upgrade-version-a:1: [Errno 111] Connection refused
unit-opensearch-0: 02:02:37 ERROR unit.opensearch/0.juju-log upgrade-version-a:1: [Errno 111] Connection refused
unit-opensearch-0: 02:02:37 ERROR unit.opensearch/0.juju-log upgrade-version-a:1: [Errno 111] Connection refused
unit-opensearch-2: 02:02:37 ERROR unit.opensearch/2.juju-log node-lock-fallback:2: [Errno 111] Connection refused
unit-opensearch-0: 02:02:38 ERROR unit.opensearch/0.juju-log upgrade-version-a:1: [Errno 111] Connection refused
unit-opensearch-0: 02:02:38 ERROR unit.opensearch/0.juju-log upgrade-version-a:1: [Errno 111] Connection refused
unit-opensearch-0: 02:02:38 ERROR unit.opensearch/0.juju-log upgrade-version-a:1: [Errno 111] Connection refused
unit-opensearch-0: 02:02:38 ERROR unit.opensearch/0.juju-log upgrade-version-a:1: [Errno 111] Connection refused
unit-opensearch-0: 02:02:38 ERROR unit.opensearch/0.juju-log upgrade-version-a:1: [Errno 111] Connection refused
unit-opensearch-1: 02:02:38 ERROR unit.opensearch/1.juju-log node-lock-fallback:2: [Errno 111] Connection refused
unit-opensearch-0: 02:02:38 ERROR unit.opensearch/0.juju-log upgrade-version-a:1: [Errno 111] Connection refused
unit-opensearch-1: 02:02:39 ERROR unit.opensearch/1.juju-log upgrade-version-a:1: [Errno 111] Connection refused
unit-opensearch-0: 02:02:39 ERROR unit.opensearch/0.juju-log node-lock-fallback:2: [Errno 111] Connection refused
unit-opensearch-0: 02:02:39 ERROR unit.opensearch/0.juju-log node-lock-fallback:2: [Errno 111] Connection refused
unit-opensearch-0: 02:02:39 ERROR unit.opensearch/0.juju-log node-lock-fallback:2: [Errno 111] Connection refused
unit-opensearch-0: 02:02:39 ERROR unit.opensearch/0.juju-log node-lock-fallback:2: [Errno 111] Connection refused
unit-opensearch-0: 02:02:39 ERROR unit.opensearch/0.juju-log node-lock-fallback:2: [Errno 111] Connection refused
unit-opensearch-0: 02:02:39 ERROR unit.opensearch/0.juju-log node-lock-fallback:2: [Errno 111] Connection refused
unit-opensearch-0: 02:02:40 ERROR unit.opensearch/0.juju-log node-lock-fallback:2: [Errno 111] Connection refused
unit-opensearch-0: 02:02:40 ERROR unit.opensearch/0.juju-log node-lock-fallback:2: [Errno 111] Connection refused
unit-opensearch-1: 02:02:40 ERROR unit.opensearch/1.juju-log node-lock-fallback:2: [Errno 111] Connection refused
unit-opensearch-2: 02:02:40 ERROR unit.opensearch/2.juju-log node-lock-fallback:2: [Errno 111] Connection refused
unit-opensearch-0: 02:02:41 ERROR unit.opensearch/0.juju-log upgrade-version-a:1: [Errno 111] Connection refused
unit-opensearch-0: 02:02:41 ERROR unit.opensearch/0.juju-log upgrade-version-a:1: [Errno 111] Connection refused
unit-opensearch-0: 02:02:41 ERROR unit.opensearch/0.juju-log upgrade-version-a:1: [Errno 111] Connection refused
unit-opensearch-0: 02:02:41 ERROR unit.opensearch/0.juju-log upgrade-version-a:1: [Errno 111] Connection refused
unit-opensearch-0: 02:02:41 ERROR unit.opensearch/0.juju-log upgrade-version-a:1: [Errno 111] Connection refused
unit-opensearch-0: 02:02:41 ERROR unit.opensearch/0.juju-log upgrade-version-a:1: [Errno 111] Connection refused
unit-opensearch-1: 02:02:41 ERROR unit.opensearch/1.juju-log certificates:3: [Errno 111] Connection refused
unit-opensearch-0: 02:02:41 ERROR unit.opensearch/0.juju-log upgrade-version-a:1: [Errno 111] Connection refused
unit-opensearch-0: 02:02:41 ERROR unit.opensearch/0.juju-log upgrade-version-a:1: [Errno 111] Connection refused
unit-opensearch-0: 02:02:42 ERROR unit.opensearch/0.juju-log upgrade-version-a:1: [Errno 111] Connection refused
unit-opensearch-0: 02:02:42 ERROR unit.opensearch/0.juju-log upgrade-version-a:1: [Errno 111] Connection refused
unit-opensearch-1: 02:02:43 ERROR unit.opensearch/1.juju-log [Errno 111] Connection refused
unit-opensearch-0: 02:02:43 ERROR unit.opensearch/0.juju-log upgrade-version-a:1: [Errno 111] Connection refused
unit-opensearch-0: 02:02:43 ERROR unit.opensearch/0.juju-log upgrade-version-a:1: [Errno 111] Connection refused
unit-opensearch-0: 02:02:43 ERROR unit.opensearch/0.juju-log upgrade-version-a:1: [Errno 111] Connection refused
unit-opensearch-0: 02:02:43 ERROR unit.opensearch/0.juju-log upgrade-version-a:1: [Errno 111] Connection refused
unit-opensearch-0: 02:02:43 ERROR unit.opensearch/0.juju-log upgrade-version-a:1: [Errno 111] Connection refused
unit-opensearch-0: 02:02:43 ERROR unit.opensearch/0.juju-log upgrade-version-a:1: [Errno 111] Connection refused
unit-opensearch-2: 02:02:43 ERROR unit.opensearch/2.juju-log node-lock-fallback:2: [Errno 111] Connection refused
unit-opensearch-1: 02:02:44 ERROR unit.opensearch/1.juju-log [Errno 111] Connection refused
unit-opensearch-0: 02:02:44 ERROR unit.opensearch/0.juju-log certificates:3: [Errno 111] Connection refused
unit-opensearch-0: 02:02:44 ERROR unit.opensearch/0.juju-log certificates:3: [Errno 111] Connection refused
unit-opensearch-0: 02:02:44 ERROR unit.opensearch/0.juju-log certificates:3: [Errno 111] Connection refused
unit-opensearch-0: 02:02:44 ERROR unit.opensearch/0.juju-log certificates:3: [Errno 111] Connection refused
unit-opensearch-1: 02:02:45 ERROR unit.opensearch/1.juju-log certificates:3: [Errno 111] Connection refused
unit-opensearch-0: 02:02:45 ERROR unit.opensearch/0.juju-log certificates:3: [Errno 111] Connection refused
unit-opensearch-0: 02:02:45 ERROR unit.opensearch/0.juju-log certificates:3: [Errno 111] Connection refused
unit-opensearch-0: 02:02:45 ERROR unit.opensearch/0.juju-log certificates:3: [Errno 111] Connection refused
unit-opensearch-1: 02:02:45 ERROR unit.opensearch/1.juju-log certificates:3: [Errno 111] Connection refused
unit-opensearch-0: 02:02:45 ERROR unit.opensearch/0.juju-log certificates:3: [Errno 111] Connection refused
unit-opensearch-1: 02:02:45 ERROR unit.opensearch/1.juju-log certificates:3: Cannot connect to the OpenSearch server...
unit-opensearch-1: 02:02:45 ERROR unit.opensearch/1.juju-log certificates:3: [Errno 111] Connection refused
unit-opensearch-1: 02:02:46 ERROR unit.opensearch/1.juju-log [Errno 111] Connection refused
unit-opensearch-1: 02:02:46 ERROR unit.opensearch/1.juju-log Cannot connect to the OpenSearch server...
unit-opensearch-1: 02:02:46 ERROR unit.opensearch/1.juju-log [Errno 111] Connection refused
unit-opensearch-0: 02:02:47 ERROR unit.opensearch/0.juju-log [Errno 111] Connection refused
unit-opensearch-1: 02:02:47 ERROR unit.opensearch/1.juju-log [Errno 111] Connection refused
unit-opensearch-1: 02:02:47 ERROR unit.opensearch/1.juju-log Cannot connect to the OpenSearch server...
unit-opensearch-1: 02:02:47 ERROR unit.opensearch/1.juju-log [Errno 111] Connection refused
unit-opensearch-0: 02:02:48 ERROR unit.opensearch/0.juju-log [Errno 111] Connection refused
unit-opensearch-0: 02:02:48 ERROR unit.opensearch/0.juju-log [Errno 111] Connection refused
unit-opensearch-2: 02:02:48 ERROR unit.opensearch/2.juju-log [Errno 111] Connection refused
unit-opensearch-2: 02:02:48 ERROR unit.opensearch/2.juju-log [Errno 111] Connection refused
unit-opensearch-1: 02:02:48 ERROR unit.opensearch/1.juju-log [Errno 111] Connection refused
unit-opensearch-1: 02:02:49 ERROR unit.opensearch/1.juju-log Cannot connect to the OpenSearch server...
unit-opensearch-1: 02:02:49 ERROR unit.opensearch/1.juju-log [Errno 111] Connection refused
unit-opensearch-0: 02:02:49 ERROR unit.opensearch/0.juju-log [Errno 111] Connection refused
unit-opensearch-2: 02:02:49 ERROR unit.opensearch/2.juju-log [Errno 111] Connection refused
unit-opensearch-0: 02:02:49 ERROR unit.opensearch/0.juju-log [Errno 111] Connection refused
unit-opensearch-2: 02:02:49 ERROR unit.opensearch/2.juju-log [Errno 111] Connection refused
unit-opensearch-2: 02:02:50 ERROR unit.opensearch/2.juju-log [Errno 111] Connection refused
unit-opensearch-1: 02:02:50 ERROR unit.opensearch/1.juju-log opensearch-peers:0: [Errno 111] Connection refused
unit-opensearch-1: 02:02:50 ERROR unit.opensearch/1.juju-log opensearch-peers:0: Cannot connect to the OpenSearch server...
unit-opensearch-1: 02:02:50 ERROR unit.opensearch/1.juju-log opensearch-peers:0: [Errno 111] Connection refused
unit-opensearch-2: 02:02:50 ERROR unit.opensearch/2.juju-log [Errno 111] Connection refused
unit-opensearch-1: 02:02:50 ERROR unit.opensearch/1.juju-log opensearch-peers:0: [Errno 111] Connection refused
unit-opensearch-2: 02:02:50 ERROR unit.opensearch/2.juju-log [Errno 111] Connection refused
unit-opensearch-2: 02:02:50 ERROR unit.opensearch/2.juju-log [Errno 111] Connection refused
unit-opensearch-0: 02:02:50 ERROR unit.opensearch/0.juju-log [Errno 111] Connection refused
unit-opensearch-0: 02:02:50 ERROR unit.opensearch/0.juju-log [Errno 111] Connection refused
unit-opensearch-0: 02:02:51 ERROR unit.opensearch/0.juju-log [Errno 111] Connection refused
unit-opensearch-2: 02:02:51 ERROR unit.opensearch/2.juju-log [Errno 111] Connection refused
unit-opensearch-1: 02:02:51 ERROR unit.opensearch/1.juju-log certificates:3: [Errno 111] Connection refused
unit-opensearch-1: 02:02:51 ERROR unit.opensearch/1.juju-log certificates:3: Cannot connect to the OpenSearch server...
unit-opensearch-1: 02:02:51 ERROR unit.opensearch/1.juju-log certificates:3: [Errno 111] Connection refused
unit-opensearch-0: 02:02:51 ERROR unit.opensearch/0.juju-log [Errno 111] Connection refused
unit-opensearch-0: 02:02:51 ERROR unit.opensearch/0.juju-log [Errno 111] Connection refused
unit-opensearch-1: 02:02:51 ERROR unit.opensearch/1.juju-log certificates:3: [Errno 111] Connection refused
unit-opensearch-2: 02:02:51 ERROR unit.opensearch/2.juju-log [Errno 111] Connection refused
unit-opensearch-1: 02:02:51 ERROR unit.opensearch/1.juju-log certificates:3: Request GET to https://10.78.117.112:9200/.charm_node_lock/_source/0 with payload: None failed.(Attempts left: 2)
	Error: 404 Client Error: Not Found for url: https://10.78.117.112:9200/.charm_node_lock/_source/0
unit-opensearch-0: 02:02:52 ERROR unit.opensearch/0.juju-log [Errno 111] Connection refused
unit-opensearch-1: 02:02:52 ERROR unit.opensearch/1.juju-log certificates:3: Request GET to https://10.78.117.112:9200/.charm_node_lock/_source/0 with payload: None failed.(Attempts left: 1)
	Error: 404 Client Error: Not Found for url: https://10.78.117.112:9200/.charm_node_lock/_source/0
unit-opensearch-0: 02:02:52 ERROR unit.opensearch/0.juju-log [Errno 111] Connection refused
unit-opensearch-0: 02:02:53 ERROR unit.opensearch/0.juju-log [Errno 111] Connection refused
unit-opensearch-0: 02:02:53 ERROR unit.opensearch/0.juju-log [Errno 111] Connection refused
unit-opensearch-0: 02:02:53 ERROR unit.opensearch/0.juju-log [Errno 111] Connection refused
unit-opensearch-1: 02:02:53 ERROR unit.opensearch/1.juju-log certificates:3: [Errno 111] Connection refused
unit-opensearch-1: 02:02:53 ERROR unit.opensearch/1.juju-log certificates:3: [Errno 111] Connection refused
unit-opensearch-1: 02:02:53 ERROR unit.opensearch/1.juju-log certificates:3: [Errno 111] Connection refused
unit-opensearch-1: 02:02:54 ERROR unit.opensearch/1.juju-log certificates:3: Request PUT to https://10.78.117.112:9200/.charm_node_lock?wait_for_active_shards=all with payload: {'settings': {'index': {'auto_expand_replicas': '0-all'}}} failed.(Attempts left: 2)
	Error: 400 Client Error: Bad Request for url: https://10.78.117.112:9200/.charm_node_lock?wait_for_active_shards=all
unit-opensearch-0: 02:02:54 ERROR unit.opensearch/0.juju-log [Errno 111] Connection refused
unit-opensearch-0: 02:02:54 ERROR unit.opensearch/0.juju-log [Errno 111] Connection refused
unit-opensearch-0: 02:02:54 ERROR unit.opensearch/0.juju-log [Errno 111] Connection refused
unit-opensearch-0: 02:02:54 ERROR unit.opensearch/0.juju-log [Errno 111] Connection refused
unit-opensearch-0: 02:02:54 ERROR unit.opensearch/0.juju-log [Errno 111] Connection refused
unit-opensearch-1: 02:02:55 ERROR unit.opensearch/1.juju-log certificates:3: Request PUT to https://10.78.117.112:9200/.charm_node_lock?wait_for_active_shards=all with payload: {'settings': {'index': {'auto_expand_replicas': '0-all'}}} failed.(Attempts left: 1)
	Error: 400 Client Error: Bad Request for url: https://10.78.117.112:9200/.charm_node_lock?wait_for_active_shards=all
unit-opensearch-0: 02:02:55 ERROR unit.opensearch/0.juju-log [Errno 111] Connection refused
unit-opensearch-0: 02:02:56 ERROR unit.opensearch/0.juju-log [Errno 111] Connection refused
unit-opensearch-1: 02:02:56 ERROR unit.opensearch/1.juju-log certificates:3: [Errno 111] Connection refused
unit-opensearch-0: 02:02:56 ERROR unit.opensearch/0.juju-log [Errno 111] Connection refused
unit-opensearch-1: 02:02:56 ERROR unit.opensearch/1.juju-log certificates:3: [Errno 111] Connection refused
unit-opensearch-0: 02:02:56 ERROR unit.opensearch/0.juju-log [Errno 111] Connection refused
unit-opensearch-0: 02:02:56 ERROR unit.opensearch/0.juju-log [Errno 111] Connection refused
unit-opensearch-1: 02:02:56 ERROR unit.opensearch/1.juju-log certificates:3: [Errno 111] Connection refused
unit-opensearch-1: 02:02:56 ERROR unit.opensearch/1.juju-log certificates:3: Cannot connect to the OpenSearch server...
unit-opensearch-1: 02:02:57 ERROR unit.opensearch/1.juju-log certificates:3: [Errno 111] Connection refused
unit-opensearch-0: 02:02:57 ERROR unit.opensearch/0.juju-log [Errno 111] Connection refused
unit-opensearch-0: 02:02:57 ERROR unit.opensearch/0.juju-log [Errno 111] Connection refused
unit-opensearch-0: 02:02:58 ERROR unit.opensearch/0.juju-log [Errno 111] Connection refused
unit-opensearch-0: 02:02:58 ERROR unit.opensearch/0.juju-log [Errno 111] Connection refused
unit-opensearch-0: 02:02:58 ERROR unit.opensearch/0.juju-log [Errno 111] Connection refused
unit-opensearch-0: 02:02:59 ERROR unit.opensearch/0.juju-log opensearch-peers:0: [Errno 111] Connection refused
unit-opensearch-0: 02:02:59 ERROR unit.opensearch/0.juju-log opensearch-peers:0: [Errno 111] Connection refused
unit-opensearch-0: 02:02:59 ERROR unit.opensearch/0.juju-log opensearch-peers:0: [Errno 111] Connection refused
unit-opensearch-1: 02:03:00 ERROR unit.opensearch/1.juju-log certificates:3: [Errno 111] Connection refused
unit-opensearch-0: 02:03:00 ERROR unit.opensearch/0.juju-log opensearch-peers:0: [Errno 111] Connection refused
unit-opensearch-0: 02:03:00 ERROR unit.opensearch/0.juju-log opensearch-peers:0: [Errno 111] Connection refused
unit-opensearch-0: 02:03:00 ERROR unit.opensearch/0.juju-log opensearch-peers:0: [Errno 111] Connection refused
unit-opensearch-2: 02:03:00 ERROR unit.opensearch/2.juju-log opensearch-peers:0: [Errno 111] Connection refused
unit-opensearch-0: 02:03:00 ERROR unit.opensearch/0.juju-log opensearch-peers:0: [Errno 111] Connection refused
unit-opensearch-0: 02:03:00 ERROR unit.opensearch/0.juju-log opensearch-peers:0: [Errno 111] Connection refused
unit-opensearch-0: 02:03:02 ERROR unit.opensearch/0.juju-log opensearch-peers:0: [Errno 111] Connection refused
unit-opensearch-0: 02:03:02 ERROR unit.opensearch/0.juju-log opensearch-peers:0: [Errno 111] Connection refused
unit-opensearch-0: 02:03:02 ERROR unit.opensearch/0.juju-log opensearch-peers:0: [Errno 111] Connection refused
unit-opensearch-2: 02:03:02 ERROR unit.opensearch/2.juju-log opensearch-peers:0: [Errno 111] Connection refused
unit-opensearch-0: 02:03:02 ERROR unit.opensearch/0.juju-log opensearch-peers:0: [Errno 111] Connection refused
unit-opensearch-0: 02:03:03 ERROR unit.opensearch/0.juju-log opensearch-peers:0: [Errno 111] Connection refused
unit-opensearch-1: 02:03:03 ERROR unit.opensearch/1.juju-log certificates:3: [Errno 111] Connection refused
unit-opensearch-0: 02:03:03 ERROR unit.opensearch/0.juju-log opensearch-peers:0: [Errno 111] Connection refused
unit-opensearch-0: 02:03:03 ERROR unit.opensearch/0.juju-log opensearch-peers:0: [Errno 111] Connection refused
unit-opensearch-0: 02:03:03 ERROR unit.opensearch/0.juju-log opensearch-peers:0: [Errno 111] Connection refused
unit-opensearch-2: 02:03:04 ERROR unit.opensearch/2.juju-log opensearch-peers:0: [Errno 111] Connection refused
unit-opensearch-0: 02:03:04 ERROR unit.opensearch/0.juju-log upgrade-version-a:1: [Errno 111] Connection refused
unit-opensearch-0: 02:03:05 ERROR unit.opensearch/0.juju-log upgrade-version-a:1: [Errno 111] Connection refused
unit-opensearch-0: 02:03:05 ERROR unit.opensearch/0.juju-log upgrade-version-a:1: [Errno 111] Connection refused
unit-opensearch-0: 02:03:05 ERROR unit.opensearch/0.juju-log upgrade-version-a:1: [Errno 111] Connection refused
unit-opensearch-0: 02:03:05 ERROR unit.opensearch/0.juju-log upgrade-version-a:1: [Errno 111] Connection refused
unit-opensearch-1: 02:03:06 ERROR unit.opensearch/1.juju-log certificates:3: [Errno 111] Connection refused
unit-opensearch-0: 02:03:06 ERROR unit.opensearch/0.juju-log node-lock-fallback:2: [Errno 111] Connection refused
unit-opensearch-0: 02:03:07 ERROR unit.opensearch/0.juju-log node-lock-fallback:2: [Errno 111] Connection refused
unit-opensearch-0: 02:03:07 ERROR unit.opensearch/0.juju-log node-lock-fallback:2: [Errno 111] Connection refused
unit-opensearch-0: 02:03:07 ERROR unit.opensearch/0.juju-log node-lock-fallback:2: [Errno 111] Connection refused
unit-opensearch-0: 02:03:07 ERROR unit.opensearch/0.juju-log node-lock-fallback:2: [Errno 111] Connection refused
unit-opensearch-0: 02:03:08 ERROR unit.opensearch/0.juju-log node-lock-fallback:2: [Errno 111] Connection refused
unit-opensearch-0: 02:03:08 ERROR unit.opensearch/0.juju-log node-lock-fallback:2: [Errno 111] Connection refused
unit-opensearch-0: 02:03:08 ERROR unit.opensearch/0.juju-log node-lock-fallback:2: [Errno 111] Connection refused
unit-opensearch-0: 02:03:09 ERROR unit.opensearch/0.juju-log node-lock-fallback:2: [Errno 111] Connection refused
unit-opensearch-0: 02:03:09 ERROR unit.opensearch/0.juju-log node-lock-fallback:2: [Errno 111] Connection refused
unit-opensearch-1: 02:03:09 ERROR unit.opensearch/1.juju-log certificates:3: [Errno 111] Connection refused
unit-opensearch-0: 02:03:10 ERROR unit.opensearch/0.juju-log node-lock-fallback:2: [Errno 111] Connection refused
unit-opensearch-0: 02:03:10 ERROR unit.opensearch/0.juju-log node-lock-fallback:2: [Errno 111] Connection refused
unit-opensearch-0: 02:03:10 ERROR unit.opensearch/0.juju-log node-lock-fallback:2: [Errno 111] Connection refused
unit-opensearch-0: 02:03:10 ERROR unit.opensearch/0.juju-log node-lock-fallback:2: [Errno 111] Connection refused
unit-opensearch-0: 02:03:10 ERROR unit.opensearch/0.juju-log node-lock-fallback:2: [Errno 111] Connection refused
unit-opensearch-0: 02:03:12 ERROR unit.opensearch/0.juju-log node-lock-fallback:2: [Errno 111] Connection refused
unit-opensearch-1: 02:03:12 ERROR unit.opensearch/1.juju-log certificates:3: [Errno 111] Connection refused
unit-opensearch-0: 02:03:12 ERROR unit.opensearch/0.juju-log node-lock-fallback:2: [Errno 111] Connection refused
unit-opensearch-0: 02:03:12 ERROR unit.opensearch/0.juju-log node-lock-fallback:2: [Errno 111] Connection refused
unit-opensearch-0: 02:03:12 ERROR unit.opensearch/0.juju-log node-lock-fallback:2: [Errno 111] Connection refused
unit-opensearch-0: 02:03:12 ERROR unit.opensearch/0.juju-log node-lock-fallback:2: [Errno 111] Connection refused
unit-opensearch-1: 02:03:15 ERROR unit.opensearch/1.juju-log certificates:3: [Errno 111] Connection refused
unit-opensearch-0: 02:04:36 ERROR unit.opensearch/0.juju-log Request GET to https://10.78.117.112:9200/_snapshot/s3-repository with payload: None failed.(Attempts left: 5)
	Error: 404 Client Error: Not Found for url: https://10.78.117.112:9200/_snapshot/s3-repository
unit-opensearch-0: 02:04:37 ERROR unit.opensearch/0.juju-log Request GET to https://10.78.117.112:9200/_snapshot/s3-repository with payload: None failed.(Attempts left: 4)
	Error: 404 Client Error: Not Found for url: https://10.78.117.112:9200/_snapshot/s3-repository
unit-opensearch-0: 02:04:38 ERROR unit.opensearch/0.juju-log Request GET to https://10.78.117.112:9200/_snapshot/s3-repository with payload: None failed.(Attempts left: 3)
	Error: 404 Client Error: Not Found for url: https://10.78.117.112:9200/_snapshot/s3-repository
unit-opensearch-0: 02:04:39 ERROR unit.opensearch/0.juju-log Request GET to https://10.78.117.112:9200/_snapshot/s3-repository with payload: None failed.(Attempts left: 2)
	Error: 404 Client Error: Not Found for url: https://10.78.117.112:9200/_snapshot/s3-repository
unit-opensearch-0: 02:04:40 ERROR unit.opensearch/0.juju-log Request GET to https://10.78.117.112:9200/_snapshot/s3-repository with payload: None failed.(Attempts left: 1)
	Error: 404 Client Error: Not Found for url: https://10.78.117.112:9200/_snapshot/s3-repository
unit-opensearch-2: 02:05:20 ERROR unit.opensearch/2.juju-log Uncaught exception while in charm code:
Traceback (most recent call last):
  File "/var/lib/juju/agents/unit-opensearch-2/charm/./src/charm.py", line 213, in <module>
    main(OpenSearchOperatorCharm)
  File "/var/lib/juju/agents/unit-opensearch-2/charm/venv/ops/main.py", line 549, in main
    manager = _Manager(charm_class, use_juju_for_storage=use_juju_for_storage)
  File "/var/lib/juju/agents/unit-opensearch-2/charm/venv/ops/main.py", line 432, in __init__
    self.charm = self._make_charm(self.framework, self.dispatcher)
  File "/var/lib/juju/agents/unit-opensearch-2/charm/venv/ops/main.py", line 435, in _make_charm
    charm = self._charm_class(framework)
  File "/var/lib/juju/agents/unit-opensearch-2/charm/./src/charm.py", line 29, in __init__
    super().__init__(*args, distro=OpenSearchSnap)  # OpenSearchTarball
  File "/var/lib/juju/agents/unit-opensearch-2/charm/lib/charms/opensearch/v0/opensearch_base_charm.py", line 197, in __init__
    self.backup = backup(self)
  File "/var/lib/juju/agents/unit-opensearch-2/charm/lib/charms/opensearch/v0/opensearch_backups.py", line 1080, in backup
    if not charm.opensearch_peer_cm.deployment_desc():
  File "/var/lib/juju/agents/unit-opensearch-2/charm/lib/charms/opensearch/v0/opensearch_peer_clusters.py", line 358, in deployment_desc
    return DeploymentDescription.from_dict(current_deployment_desc)
  File "/var/lib/juju/agents/unit-opensearch-2/charm/lib/charms/opensearch/v0/models.py", line 47, in from_dict
    return cls(**input_dict)
  File "/var/lib/juju/agents/unit-opensearch-2/charm/lib/charms/opensearch/v0/models.py", line 32, in __init__
    super().__init__(**data)
  File "/var/lib/juju/agents/unit-opensearch-2/charm/venv/pydantic/main.py", line 341, in __init__
    raise validation_error
pydantic.error_wrappers.ValidationError: 1 validation error for DeploymentDescription
app
  value is not a valid dict (type=type_error.dict)
unit-opensearch-1: 02:05:20 ERROR unit.opensearch/1.juju-log Uncaught exception while in charm code:
Traceback (most recent call last):
  File "/var/lib/juju/agents/unit-opensearch-1/charm/./src/charm.py", line 213, in <module>
    main(OpenSearchOperatorCharm)
  File "/var/lib/juju/agents/unit-opensearch-1/charm/venv/ops/main.py", line 549, in main
    manager = _Manager(charm_class, use_juju_for_storage=use_juju_for_storage)
  File "/var/lib/juju/agents/unit-opensearch-1/charm/venv/ops/main.py", line 432, in __init__
    self.charm = self._make_charm(self.framework, self.dispatcher)
  File "/var/lib/juju/agents/unit-opensearch-1/charm/venv/ops/main.py", line 435, in _make_charm
    charm = self._charm_class(framework)
  File "/var/lib/juju/agents/unit-opensearch-1/charm/./src/charm.py", line 29, in __init__
    super().__init__(*args, distro=OpenSearchSnap)  # OpenSearchTarball
  File "/var/lib/juju/agents/unit-opensearch-1/charm/lib/charms/opensearch/v0/opensearch_base_charm.py", line 197, in __init__
    self.backup = backup(self)
  File "/var/lib/juju/agents/unit-opensearch-1/charm/lib/charms/opensearch/v0/opensearch_backups.py", line 1080, in backup
    if not charm.opensearch_peer_cm.deployment_desc():
  File "/var/lib/juju/agents/unit-opensearch-1/charm/lib/charms/opensearch/v0/opensearch_peer_clusters.py", line 358, in deployment_desc
    return DeploymentDescription.from_dict(current_deployment_desc)
  File "/var/lib/juju/agents/unit-opensearch-1/charm/lib/charms/opensearch/v0/models.py", line 47, in from_dict
    return cls(**input_dict)
  File "/var/lib/juju/agents/unit-opensearch-1/charm/lib/charms/opensearch/v0/models.py", line 32, in __init__
    super().__init__(**data)
  File "/var/lib/juju/agents/unit-opensearch-1/charm/venv/pydantic/main.py", line 341, in __init__
    raise validation_error
pydantic.error_wrappers.ValidationError: 1 validation error for DeploymentDescription
app
  value is not a valid dict (type=type_error.dict)
unit-opensearch-0: 02:05:20 ERROR unit.opensearch/0.juju-log Uncaught exception while in charm code:
Traceback (most recent call last):
  File "/var/lib/juju/agents/unit-opensearch-0/charm/./src/charm.py", line 213, in <module>
    main(OpenSearchOperatorCharm)
  File "/var/lib/juju/agents/unit-opensearch-0/charm/venv/ops/main.py", line 549, in main
    manager = _Manager(charm_class, use_juju_for_storage=use_juju_for_storage)
  File "/var/lib/juju/agents/unit-opensearch-0/charm/venv/ops/main.py", line 432, in __init__
    self.charm = self._make_charm(self.framework, self.dispatcher)
  File "/var/lib/juju/agents/unit-opensearch-0/charm/venv/ops/main.py", line 435, in _make_charm
    charm = self._charm_class(framework)
  File "/var/lib/juju/agents/unit-opensearch-0/charm/./src/charm.py", line 29, in __init__
    super().__init__(*args, distro=OpenSearchSnap)  # OpenSearchTarball
  File "/var/lib/juju/agents/unit-opensearch-0/charm/lib/charms/opensearch/v0/opensearch_base_charm.py", line 197, in __init__
    self.backup = backup(self)
  File "/var/lib/juju/agents/unit-opensearch-0/charm/lib/charms/opensearch/v0/opensearch_backups.py", line 1080, in backup
    if not charm.opensearch_peer_cm.deployment_desc():
  File "/var/lib/juju/agents/unit-opensearch-0/charm/lib/charms/opensearch/v0/opensearch_peer_clusters.py", line 358, in deployment_desc
    return DeploymentDescription.from_dict(current_deployment_desc)
  File "/var/lib/juju/agents/unit-opensearch-0/charm/lib/charms/opensearch/v0/models.py", line 47, in from_dict
    return cls(**input_dict)
  File "/var/lib/juju/agents/unit-opensearch-0/charm/lib/charms/opensearch/v0/models.py", line 32, in __init__
    super().__init__(**data)
  File "/var/lib/juju/agents/unit-opensearch-0/charm/venv/pydantic/main.py", line 341, in __init__
    raise validation_error
pydantic.error_wrappers.ValidationError: 1 validation error for DeploymentDescription
app
  value is not a valid dict (type=type_error.dict)
unit-opensearch-2: 02:05:20 ERROR juju.worker.uniter.operation hook "upgrade-charm" (via hook dispatching script: dispatch) failed: exit status 1
unit-opensearch-1: 02:05:20 ERROR juju.worker.uniter.operation hook "upgrade-charm" (via hook dispatching script: dispatch) failed: exit status 1
unit-opensearch-0: 02:05:20 ERROR juju.worker.uniter.operation hook "upgrade-charm" (via hook dispatching script: dispatch) failed: exit status 1
unit-opensearch-2: 02:05:26 ERROR unit.opensearch/2.juju-log Uncaught exception while in charm code:
Traceback (most recent call last):
  File "/var/lib/juju/agents/unit-opensearch-2/charm/./src/charm.py", line 213, in <module>
    main(OpenSearchOperatorCharm)
  File "/var/lib/juju/agents/unit-opensearch-2/charm/venv/ops/main.py", line 549, in main
    manager = _Manager(charm_class, use_juju_for_storage=use_juju_for_storage)
  File "/var/lib/juju/agents/unit-opensearch-2/charm/venv/ops/main.py", line 432, in __init__
    self.charm = self._make_charm(self.framework, self.dispatcher)
  File "/var/lib/juju/agents/unit-opensearch-2/charm/venv/ops/main.py", line 435, in _make_charm
    charm = self._charm_class(framework)
  File "/var/lib/juju/agents/unit-opensearch-2/charm/./src/charm.py", line 29, in __init__
    super().__init__(*args, distro=OpenSearchSnap)  # OpenSearchTarball
  File "/var/lib/juju/agents/unit-opensearch-2/charm/lib/charms/opensearch/v0/opensearch_base_charm.py", line 197, in __init__
    self.backup = backup(self)
  File "/var/lib/juju/agents/unit-opensearch-2/charm/lib/charms/opensearch/v0/opensearch_backups.py", line 1080, in backup
    if not charm.opensearch_peer_cm.deployment_desc():
  File "/var/lib/juju/agents/unit-opensearch-2/charm/lib/charms/opensearch/v0/opensearch_peer_clusters.py", line 358, in deployment_desc
    return DeploymentDescription.from_dict(current_deployment_desc)
  File "/var/lib/juju/agents/unit-opensearch-2/charm/lib/charms/opensearch/v0/models.py", line 47, in from_dict
    return cls(**input_dict)
  File "/var/lib/juju/agents/unit-opensearch-2/charm/lib/charms/opensearch/v0/models.py", line 32, in __init__
    super().__init__(**data)
  File "/var/lib/juju/agents/unit-opensearch-2/charm/venv/pydantic/main.py", line 341, in __init__
    raise validation_error
pydantic.error_wrappers.ValidationError: 1 validation error for DeploymentDescription
app
  value is not a valid dict (type=type_error.dict)
unit-opensearch-1: 02:05:26 ERROR unit.opensearch/1.juju-log Uncaught exception while in charm code:
Traceback (most recent call last):
  File "/var/lib/juju/agents/unit-opensearch-1/charm/./src/charm.py", line 213, in <module>
    main(OpenSearchOperatorCharm)
  File "/var/lib/juju/agents/unit-opensearch-1/charm/venv/ops/main.py", line 549, in main
    manager = _Manager(charm_class, use_juju_for_storage=use_juju_for_storage)
  File "/var/lib/juju/agents/unit-opensearch-1/charm/venv/ops/main.py", line 432, in __init__
    self.charm = self._make_charm(self.framework, self.dispatcher)
  File "/var/lib/juju/agents/unit-opensearch-1/charm/venv/ops/main.py", line 435, in _make_charm
    charm = self._charm_class(framework)
  File "/var/lib/juju/agents/unit-opensearch-1/charm/./src/charm.py", line 29, in __init__
    super().__init__(*args, distro=OpenSearchSnap)  # OpenSearchTarball
  File "/var/lib/juju/agents/unit-opensearch-1/charm/lib/charms/opensearch/v0/opensearch_base_charm.py", line 197, in __init__
    self.backup = backup(self)
  File "/var/lib/juju/agents/unit-opensearch-1/charm/lib/charms/opensearch/v0/opensearch_backups.py", line 1080, in backup
    if not charm.opensearch_peer_cm.deployment_desc():
  File "/var/lib/juju/agents/unit-opensearch-1/charm/lib/charms/opensearch/v0/opensearch_peer_clusters.py", line 358, in deployment_desc
    return DeploymentDescription.from_dict(current_deployment_desc)
  File "/var/lib/juju/agents/unit-opensearch-1/charm/lib/charms/opensearch/v0/models.py", line 47, in from_dict
    return cls(**input_dict)
  File "/var/lib/juju/agents/unit-opensearch-1/charm/lib/charms/opensearch/v0/models.py", line 32, in __init__
    super().__init__(**data)
  File "/var/lib/juju/agents/unit-opensearch-1/charm/venv/pydantic/main.py", line 341, in __init__
    raise validation_error
pydantic.error_wrappers.ValidationError: 1 validation error for DeploymentDescription
app
  value is not a valid dict (type=type_error.dict)
unit-opensearch-0: 02:05:26 ERROR unit.opensearch/0.juju-log Uncaught exception while in charm code:
Traceback (most recent call last):
  File "/var/lib/juju/agents/unit-opensearch-0/charm/./src/charm.py", line 213, in <module>
    main(OpenSearchOperatorCharm)
  File "/var/lib/juju/agents/unit-opensearch-0/charm/venv/ops/main.py", line 549, in main
    manager = _Manager(charm_class, use_juju_for_storage=use_juju_for_storage)
  File "/var/lib/juju/agents/unit-opensearch-0/charm/venv/ops/main.py", line 432, in __init__
    self.charm = self._make_charm(self.framework, self.dispatcher)
  File "/var/lib/juju/agents/unit-opensearch-0/charm/venv/ops/main.py", line 435, in _make_charm
    charm = self._charm_class(framework)
  File "/var/lib/juju/agents/unit-opensearch-0/charm/./src/charm.py", line 29, in __init__
    super().__init__(*args, distro=OpenSearchSnap)  # OpenSearchTarball
  File "/var/lib/juju/agents/unit-opensearch-0/charm/lib/charms/opensearch/v0/opensearch_base_charm.py", line 197, in __init__
    self.backup = backup(self)
  File "/var/lib/juju/agents/unit-opensearch-0/charm/lib/charms/opensearch/v0/opensearch_backups.py", line 1080, in backup
    if not charm.opensearch_peer_cm.deployment_desc():
  File "/var/lib/juju/agents/unit-opensearch-0/charm/lib/charms/opensearch/v0/opensearch_peer_clusters.py", line 358, in deployment_desc
    return DeploymentDescription.from_dict(current_deployment_desc)
  File "/var/lib/juju/agents/unit-opensearch-0/charm/lib/charms/opensearch/v0/models.py", line 47, in from_dict
    return cls(**input_dict)
  File "/var/lib/juju/agents/unit-opensearch-0/charm/lib/charms/opensearch/v0/models.py", line 32, in __init__
    super().__init__(**data)
  File "/var/lib/juju/agents/unit-opensearch-0/charm/venv/pydantic/main.py", line 341, in __init__
    raise validation_error
pydantic.error_wrappers.ValidationError: 1 validation error for DeploymentDescription
app
  value is not a valid dict (type=type_error.dict)
unit-opensearch-2: 02:05:26 ERROR juju.worker.uniter.operation hook "upgrade-charm" (via hook dispatching script: dispatch) failed: exit status 1
unit-opensearch-1: 02:05:27 ERROR juju.worker.uniter.operation hook "upgrade-charm" (via hook dispatching script: dispatch) failed: exit status 1
unit-opensearch-0: 02:05:27 ERROR juju.worker.uniter.operation hook "upgrade-charm" (via hook dispatching script: dispatch) failed: exit status 1
unit-opensearch-0: 02:05:37 ERROR unit.opensearch/0.juju-log Uncaught exception while in charm code:
Traceback (most recent call last):
  File "/var/lib/juju/agents/unit-opensearch-0/charm/./src/charm.py", line 213, in <module>
    main(OpenSearchOperatorCharm)
  File "/var/lib/juju/agents/unit-opensearch-0/charm/venv/ops/main.py", line 549, in main
    manager = _Manager(charm_class, use_juju_for_storage=use_juju_for_storage)
  File "/var/lib/juju/agents/unit-opensearch-0/charm/venv/ops/main.py", line 432, in __init__
    self.charm = self._make_charm(self.framework, self.dispatcher)
  File "/var/lib/juju/agents/unit-opensearch-0/charm/venv/ops/main.py", line 435, in _make_charm
    charm = self._charm_class(framework)
  File "/var/lib/juju/agents/unit-opensearch-0/charm/./src/charm.py", line 29, in __init__
    super().__init__(*args, distro=OpenSearchSnap)  # OpenSearchTarball
  File "/var/lib/juju/agents/unit-opensearch-0/charm/lib/charms/opensearch/v0/opensearch_base_charm.py", line 197, in __init__
    self.backup = backup(self)
  File "/var/lib/juju/agents/unit-opensearch-0/charm/lib/charms/opensearch/v0/opensearch_backups.py", line 1080, in backup
    if not charm.opensearch_peer_cm.deployment_desc():
  File "/var/lib/juju/agents/unit-opensearch-0/charm/lib/charms/opensearch/v0/opensearch_peer_clusters.py", line 358, in deployment_desc
    return DeploymentDescription.from_dict(current_deployment_desc)
  File "/var/lib/juju/agents/unit-opensearch-0/charm/lib/charms/opensearch/v0/models.py", line 47, in from_dict
    return cls(**input_dict)
  File "/var/lib/juju/agents/unit-opensearch-0/charm/lib/charms/opensearch/v0/models.py", line 32, in __init__
    super().__init__(**data)
  File "/var/lib/juju/agents/unit-opensearch-0/charm/venv/pydantic/main.py", line 341, in __init__
    raise validation_error
pydantic.error_wrappers.ValidationError: 1 validation error for DeploymentDescription
app
  value is not a valid dict (type=type_error.dict)
unit-opensearch-1: 02:05:38 ERROR unit.opensearch/1.juju-log Uncaught exception while in charm code:
Traceback (most recent call last):
  File "/var/lib/juju/agents/unit-opensearch-1/charm/./src/charm.py", line 213, in <module>
    main(OpenSearchOperatorCharm)
  File "/var/lib/juju/agents/unit-opensearch-1/charm/venv/ops/main.py", line 549, in main
    manager = _Manager(charm_class, use_juju_for_storage=use_juju_for_storage)
  File "/var/lib/juju/agents/unit-opensearch-1/charm/venv/ops/main.py", line 432, in __init__
    self.charm = self._make_charm(self.framework, self.dispatcher)
  File "/var/lib/juju/agents/unit-opensearch-1/charm/venv/ops/main.py", line 435, in _make_charm
    charm = self._charm_class(framework)
  File "/var/lib/juju/agents/unit-opensearch-1/charm/./src/charm.py", line 29, in __init__
    super().__init__(*args, distro=OpenSearchSnap)  # OpenSearchTarball
  File "/var/lib/juju/agents/unit-opensearch-1/charm/lib/charms/opensearch/v0/opensearch_base_charm.py", line 197, in __init__
    self.backup = backup(self)
  File "/var/lib/juju/agents/unit-opensearch-1/charm/lib/charms/opensearch/v0/opensearch_backups.py", line 1080, in backup
    if not charm.opensearch_peer_cm.deployment_desc():
  File "/var/lib/juju/agents/unit-opensearch-1/charm/lib/charms/opensearch/v0/opensearch_peer_clusters.py", line 358, in deployment_desc
    return DeploymentDescription.from_dict(current_deployment_desc)
  File "/var/lib/juju/agents/unit-opensearch-1/charm/lib/charms/opensearch/v0/models.py", line 47, in from_dict
    return cls(**input_dict)
  File "/var/lib/juju/agents/unit-opensearch-1/charm/lib/charms/opensearch/v0/models.py", line 32, in __init__
    super().__init__(**data)
  File "/var/lib/juju/agents/unit-opensearch-1/charm/venv/pydantic/main.py", line 341, in __init__
    raise validation_error
pydantic.error_wrappers.ValidationError: 1 validation error for DeploymentDescription
app
  value is not a valid dict (type=type_error.dict)
unit-opensearch-2: 02:05:38 ERROR unit.opensearch/2.juju-log Uncaught exception while in charm code:
Traceback (most recent call last):
  File "/var/lib/juju/agents/unit-opensearch-2/charm/./src/charm.py", line 213, in <module>
    main(OpenSearchOperatorCharm)
  File "/var/lib/juju/agents/unit-opensearch-2/charm/venv/ops/main.py", line 549, in main
    manager = _Manager(charm_class, use_juju_for_storage=use_juju_for_storage)
  File "/var/lib/juju/agents/unit-opensearch-2/charm/venv/ops/main.py", line 432, in __init__
    self.charm = self._make_charm(self.framework, self.dispatcher)
  File "/var/lib/juju/agents/unit-opensearch-2/charm/venv/ops/main.py", line 435, in _make_charm
    charm = self._charm_class(framework)
  File "/var/lib/juju/agents/unit-opensearch-2/charm/./src/charm.py", line 29, in __init__
    super().__init__(*args, distro=OpenSearchSnap)  # OpenSearchTarball
  File "/var/lib/juju/agents/unit-opensearch-2/charm/lib/charms/opensearch/v0/opensearch_base_charm.py", line 197, in __init__
    self.backup = backup(self)
  File "/var/lib/juju/agents/unit-opensearch-2/charm/lib/charms/opensearch/v0/opensearch_backups.py", line 1080, in backup
    if not charm.opensearch_peer_cm.deployment_desc():
  File "/var/lib/juju/agents/unit-opensearch-2/charm/lib/charms/opensearch/v0/opensearch_peer_clusters.py", line 358, in deployment_desc
    return DeploymentDescription.from_dict(current_deployment_desc)
  File "/var/lib/juju/agents/unit-opensearch-2/charm/lib/charms/opensearch/v0/models.py", line 47, in from_dict
    return cls(**input_dict)
  File "/var/lib/juju/agents/unit-opensearch-2/charm/lib/charms/opensearch/v0/models.py", line 32, in __init__
    super().__init__(**data)
  File "/var/lib/juju/agents/unit-opensearch-2/charm/venv/pydantic/main.py", line 341, in __init__
    raise validation_error
pydantic.error_wrappers.ValidationError: 1 validation error for DeploymentDescription
app
  value is not a valid dict (type=type_error.dict)
unit-opensearch-0: 02:05:38 ERROR juju.worker.uniter.operation hook "upgrade-charm" (via hook dispatching script: dispatch) failed: exit status 1
unit-opensearch-1: 02:05:38 ERROR juju.worker.uniter.operation hook "upgrade-charm" (via hook dispatching script: dispatch) failed: exit status 1
unit-opensearch-2: 02:05:38 ERROR juju.worker.uniter.operation hook "upgrade-charm" (via hook dispatching script: dispatch) failed: exit status 1
unit-opensearch-0: 02:05:59 ERROR unit.opensearch/0.juju-log Uncaught exception while in charm code:
Traceback (most recent call last):
  File "/var/lib/juju/agents/unit-opensearch-0/charm/./src/charm.py", line 213, in <module>
    main(OpenSearchOperatorCharm)
  File "/var/lib/juju/agents/unit-opensearch-0/charm/venv/ops/main.py", line 549, in main
    manager = _Manager(charm_class, use_juju_for_storage=use_juju_for_storage)
  File "/var/lib/juju/agents/unit-opensearch-0/charm/venv/ops/main.py", line 432, in __init__
    self.charm = self._make_charm(self.framework, self.dispatcher)
  File "/var/lib/juju/agents/unit-opensearch-0/charm/venv/ops/main.py", line 435, in _make_charm
    charm = self._charm_class(framework)
  File "/var/lib/juju/agents/unit-opensearch-0/charm/./src/charm.py", line 29, in __init__
    super().__init__(*args, distro=OpenSearchSnap)  # OpenSearchTarball
  File "/var/lib/juju/agents/unit-opensearch-0/charm/lib/charms/opensearch/v0/opensearch_base_charm.py", line 197, in __init__
    self.backup = backup(self)
  File "/var/lib/juju/agents/unit-opensearch-0/charm/lib/charms/opensearch/v0/opensearch_backups.py", line 1080, in backup
    if not charm.opensearch_peer_cm.deployment_desc():
  File "/var/lib/juju/agents/unit-opensearch-0/charm/lib/charms/opensearch/v0/opensearch_peer_clusters.py", line 358, in deployment_desc
    return DeploymentDescription.from_dict(current_deployment_desc)
  File "/var/lib/juju/agents/unit-opensearch-0/charm/lib/charms/opensearch/v0/models.py", line 47, in from_dict
    return cls(**input_dict)
  File "/var/lib/juju/agents/unit-opensearch-0/charm/lib/charms/opensearch/v0/models.py", line 32, in __init__
    super().__init__(**data)
  File "/var/lib/juju/agents/unit-opensearch-0/charm/venv/pydantic/main.py", line 341, in __init__
    raise validation_error
pydantic.error_wrappers.ValidationError: 1 validation error for DeploymentDescription
app
  value is not a valid dict (type=type_error.dict)
unit-opensearch-1: 02:05:59 ERROR unit.opensearch/1.juju-log Uncaught exception while in charm code:
Traceback (most recent call last):
  File "/var/lib/juju/agents/unit-opensearch-1/charm/./src/charm.py", line 213, in <module>
    main(OpenSearchOperatorCharm)
  File "/var/lib/juju/agents/unit-opensearch-1/charm/venv/ops/main.py", line 549, in main
    manager = _Manager(charm_class, use_juju_for_storage=use_juju_for_storage)
  File "/var/lib/juju/agents/unit-opensearch-1/charm/venv/ops/main.py", line 432, in __init__
    self.charm = self._make_charm(self.framework, self.dispatcher)
  File "/var/lib/juju/agents/unit-opensearch-1/charm/venv/ops/main.py", line 435, in _make_charm
    charm = self._charm_class(framework)
  File "/var/lib/juju/agents/unit-opensearch-1/charm/./src/charm.py", line 29, in __init__
    super().__init__(*args, distro=OpenSearchSnap)  # OpenSearchTarball
  File "/var/lib/juju/agents/unit-opensearch-1/charm/lib/charms/opensearch/v0/opensearch_base_charm.py", line 197, in __init__
    self.backup = backup(self)
  File "/var/lib/juju/agents/unit-opensearch-1/charm/lib/charms/opensearch/v0/opensearch_backups.py", line 1080, in backup
    if not charm.opensearch_peer_cm.deployment_desc():
  File "/var/lib/juju/agents/unit-opensearch-1/charm/lib/charms/opensearch/v0/opensearch_peer_clusters.py", line 358, in deployment_desc
    return DeploymentDescription.from_dict(current_deployment_desc)
  File "/var/lib/juju/agents/unit-opensearch-1/charm/lib/charms/opensearch/v0/models.py", line 47, in from_dict
    return cls(**input_dict)
  File "/var/lib/juju/agents/unit-opensearch-1/charm/lib/charms/opensearch/v0/models.py", line 32, in __init__
    super().__init__(**data)
  File "/var/lib/juju/agents/unit-opensearch-1/charm/venv/pydantic/main.py", line 341, in __init__
    raise validation_error
pydantic.error_wrappers.ValidationError: 1 validation error for DeploymentDescription
app
  value is not a valid dict (type=type_error.dict)
unit-opensearch-0: 02:05:59 ERROR juju.worker.uniter.operation hook "upgrade-charm" (via hook dispatching script: dispatch) failed: exit status 1
unit-opensearch-1: 02:05:59 ERROR juju.worker.uniter.operation hook "upgrade-charm" (via hook dispatching script: dispatch) failed: exit status 1
unit-opensearch-2: 02:05:59 ERROR unit.opensearch/2.juju-log Uncaught exception while in charm code:
Traceback (most recent call last):
  File "/var/lib/juju/agents/unit-opensearch-2/charm/./src/charm.py", line 213, in <module>
    main(OpenSearchOperatorCharm)
  File "/var/lib/juju/agents/unit-opensearch-2/charm/venv/ops/main.py", line 549, in main
    manager = _Manager(charm_class, use_juju_for_storage=use_juju_for_storage)
  File "/var/lib/juju/agents/unit-opensearch-2/charm/venv/ops/main.py", line 432, in __init__
    self.charm = self._make_charm(self.framework, self.dispatcher)
  File "/var/lib/juju/agents/unit-opensearch-2/charm/venv/ops/main.py", line 435, in _make_charm
    charm = self._charm_class(framework)
  File "/var/lib/juju/agents/unit-opensearch-2/charm/./src/charm.py", line 29, in __init__
    super().__init__(*args, distro=OpenSearchSnap)  # OpenSearchTarball
  File "/var/lib/juju/agents/unit-opensearch-2/charm/lib/charms/opensearch/v0/opensearch_base_charm.py", line 197, in __init__
    self.backup = backup(self)
  File "/var/lib/juju/agents/unit-opensearch-2/charm/lib/charms/opensearch/v0/opensearch_backups.py", line 1080, in backup
    if not charm.opensearch_peer_cm.deployment_desc():
  File "/var/lib/juju/agents/unit-opensearch-2/charm/lib/charms/opensearch/v0/opensearch_peer_clusters.py", line 358, in deployment_desc
    return DeploymentDescription.from_dict(current_deployment_desc)
  File "/var/lib/juju/agents/unit-opensearch-2/charm/lib/charms/opensearch/v0/models.py", line 47, in from_dict
    return cls(**input_dict)
  File "/var/lib/juju/agents/unit-opensearch-2/charm/lib/charms/opensearch/v0/models.py", line 32, in __init__
    super().__init__(**data)
  File "/var/lib/juju/agents/unit-opensearch-2/charm/venv/pydantic/main.py", line 341, in __init__
    raise validation_error
pydantic.error_wrappers.ValidationError: 1 validation error for DeploymentDescription
app
  value is not a valid dict (type=type_error.dict)
unit-opensearch-2: 02:06:00 ERROR juju.worker.uniter.operation hook "upgrade-charm" (via hook dispatching script: dispatch) failed: exit status 1
unit-opensearch-0: 02:06:40 ERROR unit.opensearch/0.juju-log Uncaught exception while in charm code:
Traceback (most recent call last):
  File "/var/lib/juju/agents/unit-opensearch-0/charm/./src/charm.py", line 213, in <module>
    main(OpenSearchOperatorCharm)
  File "/var/lib/juju/agents/unit-opensearch-0/charm/venv/ops/main.py", line 549, in main
    manager = _Manager(charm_class, use_juju_for_storage=use_juju_for_storage)
  File "/var/lib/juju/agents/unit-opensearch-0/charm/venv/ops/main.py", line 432, in __init__
    self.charm = self._make_charm(self.framework, self.dispatcher)
  File "/var/lib/juju/agents/unit-opensearch-0/charm/venv/ops/main.py", line 435, in _make_charm
    charm = self._charm_class(framework)
  File "/var/lib/juju/agents/unit-opensearch-0/charm/./src/charm.py", line 29, in __init__
    super().__init__(*args, distro=OpenSearchSnap)  # OpenSearchTarball
  File "/var/lib/juju/agents/unit-opensearch-0/charm/lib/charms/opensearch/v0/opensearch_base_charm.py", line 197, in __init__
    self.backup = backup(self)
  File "/var/lib/juju/agents/unit-opensearch-0/charm/lib/charms/opensearch/v0/opensearch_backups.py", line 1080, in backup
    if not charm.opensearch_peer_cm.deployment_desc():
  File "/var/lib/juju/agents/unit-opensearch-0/charm/lib/charms/opensearch/v0/opensearch_peer_clusters.py", line 358, in deployment_desc
    return DeploymentDescription.from_dict(current_deployment_desc)
  File "/var/lib/juju/agents/unit-opensearch-0/charm/lib/charms/opensearch/v0/models.py", line 47, in from_dict
    return cls(**input_dict)
  File "/var/lib/juju/agents/unit-opensearch-0/charm/lib/charms/opensearch/v0/models.py", line 32, in __init__
    super().__init__(**data)
  File "/var/lib/juju/agents/unit-opensearch-0/charm/venv/pydantic/main.py", line 341, in __init__
    raise validation_error
pydantic.error_wrappers.ValidationError: 1 validation error for DeploymentDescription
app
  value is not a valid dict (type=type_error.dict)
unit-opensearch-0: 02:06:40 ERROR juju.worker.uniter.operation hook "upgrade-charm" (via hook dispatching script: dispatch) failed: exit status 1
unit-opensearch-1: 02:06:41 ERROR unit.opensearch/1.juju-log Uncaught exception while in charm code:
Traceback (most recent call last):
  File "/var/lib/juju/agents/unit-opensearch-1/charm/./src/charm.py", line 213, in <module>
    main(OpenSearchOperatorCharm)
  File "/var/lib/juju/agents/unit-opensearch-1/charm/venv/ops/main.py", line 549, in main
    manager = _Manager(charm_class, use_juju_for_storage=use_juju_for_storage)
  File "/var/lib/juju/agents/unit-opensearch-1/charm/venv/ops/main.py", line 432, in __init__
    self.charm = self._make_charm(self.framework, self.dispatcher)
  File "/var/lib/juju/agents/unit-opensearch-1/charm/venv/ops/main.py", line 435, in _make_charm
    charm = self._charm_class(framework)
  File "/var/lib/juju/agents/unit-opensearch-1/charm/./src/charm.py", line 29, in __init__
    super().__init__(*args, distro=OpenSearchSnap)  # OpenSearchTarball
  File "/var/lib/juju/agents/unit-opensearch-1/charm/lib/charms/opensearch/v0/opensearch_base_charm.py", line 197, in __init__
    self.backup = backup(self)
  File "/var/lib/juju/agents/unit-opensearch-1/charm/lib/charms/opensearch/v0/opensearch_backups.py", line 1080, in backup
    if not charm.opensearch_peer_cm.deployment_desc():
  File "/var/lib/juju/agents/unit-opensearch-1/charm/lib/charms/opensearch/v0/opensearch_peer_clusters.py", line 358, in deployment_desc
    return DeploymentDescription.from_dict(current_deployment_desc)
  File "/var/lib/juju/agents/unit-opensearch-1/charm/lib/charms/opensearch/v0/models.py", line 47, in from_dict
    return cls(**input_dict)
  File "/var/lib/juju/agents/unit-opensearch-1/charm/lib/charms/opensearch/v0/models.py", line 32, in __init__
    super().__init__(**data)
  File "/var/lib/juju/agents/unit-opensearch-1/charm/venv/pydantic/main.py", line 341, in __init__
    raise validation_error
pydantic.error_wrappers.ValidationError: 1 validation error for DeploymentDescription
app
  value is not a valid dict (type=type_error.dict)
unit-opensearch-1: 02:06:41 ERROR juju.worker.uniter.operation hook "upgrade-charm" (via hook dispatching script: dispatch) failed: exit status 1
unit-opensearch-2: 02:06:42 ERROR unit.opensearch/2.juju-log Uncaught exception while in charm code:
Traceback (most recent call last):
  File "/var/lib/juju/agents/unit-opensearch-2/charm/./src/charm.py", line 213, in <module>
    main(OpenSearchOperatorCharm)
  File "/var/lib/juju/agents/unit-opensearch-2/charm/venv/ops/main.py", line 549, in main
    manager = _Manager(charm_class, use_juju_for_storage=use_juju_for_storage)
  File "/var/lib/juju/agents/unit-opensearch-2/charm/venv/ops/main.py", line 432, in __init__
    self.charm = self._make_charm(self.framework, self.dispatcher)
  File "/var/lib/juju/agents/unit-opensearch-2/charm/venv/ops/main.py", line 435, in _make_charm
    charm = self._charm_class(framework)
  File "/var/lib/juju/agents/unit-opensearch-2/charm/./src/charm.py", line 29, in __init__
    super().__init__(*args, distro=OpenSearchSnap)  # OpenSearchTarball
  File "/var/lib/juju/agents/unit-opensearch-2/charm/lib/charms/opensearch/v0/opensearch_base_charm.py", line 197, in __init__
    self.backup = backup(self)
  File "/var/lib/juju/agents/unit-opensearch-2/charm/lib/charms/opensearch/v0/opensearch_backups.py", line 1080, in backup
    if not charm.opensearch_peer_cm.deployment_desc():
  File "/var/lib/juju/agents/unit-opensearch-2/charm/lib/charms/opensearch/v0/opensearch_peer_clusters.py", line 358, in deployment_desc
    return DeploymentDescription.from_dict(current_deployment_desc)
  File "/var/lib/juju/agents/unit-opensearch-2/charm/lib/charms/opensearch/v0/models.py", line 47, in from_dict
    return cls(**input_dict)
  File "/var/lib/juju/agents/unit-opensearch-2/charm/lib/charms/opensearch/v0/models.py", line 32, in __init__
    super().__init__(**data)
  File "/var/lib/juju/agents/unit-opensearch-2/charm/venv/pydantic/main.py", line 341, in __init__
    raise validation_error
pydantic.error_wrappers.ValidationError: 1 validation error for DeploymentDescription
app
  value is not a valid dict (type=type_error.dict)
unit-opensearch-2: 02:06:42 ERROR juju.worker.uniter.operation hook "upgrade-charm" (via hook dispatching script: dispatch) failed: exit status 1
unit-opensearch-0: 02:07:58 ERROR unit.opensearch/0.juju-log Uncaught exception while in charm code:
Traceback (most recent call last):
  File "/var/lib/juju/agents/unit-opensearch-0/charm/./src/charm.py", line 213, in <module>
    main(OpenSearchOperatorCharm)
  File "/var/lib/juju/agents/unit-opensearch-0/charm/venv/ops/main.py", line 549, in main
    manager = _Manager(charm_class, use_juju_for_storage=use_juju_for_storage)
  File "/var/lib/juju/agents/unit-opensearch-0/charm/venv/ops/main.py", line 432, in __init__
    self.charm = self._make_charm(self.framework, self.dispatcher)
  File "/var/lib/juju/agents/unit-opensearch-0/charm/venv/ops/main.py", line 435, in _make_charm
    charm = self._charm_class(framework)
  File "/var/lib/juju/agents/unit-opensearch-0/charm/./src/charm.py", line 29, in __init__
    super().__init__(*args, distro=OpenSearchSnap)  # OpenSearchTarball
  File "/var/lib/juju/agents/unit-opensearch-0/charm/lib/charms/opensearch/v0/opensearch_base_charm.py", line 197, in __init__
    self.backup = backup(self)
  File "/var/lib/juju/agents/unit-opensearch-0/charm/lib/charms/opensearch/v0/opensearch_backups.py", line 1080, in backup
    if not charm.opensearch_peer_cm.deployment_desc():
  File "/var/lib/juju/agents/unit-opensearch-0/charm/lib/charms/opensearch/v0/opensearch_peer_clusters.py", line 358, in deployment_desc
    return DeploymentDescription.from_dict(current_deployment_desc)
  File "/var/lib/juju/agents/unit-opensearch-0/charm/lib/charms/opensearch/v0/models.py", line 47, in from_dict
    return cls(**input_dict)
  File "/var/lib/juju/agents/unit-opensearch-0/charm/lib/charms/opensearch/v0/models.py", line 32, in __init__
    super().__init__(**data)
  File "/var/lib/juju/agents/unit-opensearch-0/charm/venv/pydantic/main.py", line 341, in __init__
    raise validation_error
pydantic.error_wrappers.ValidationError: 1 validation error for DeploymentDescription
app
  value is not a valid dict (type=type_error.dict)
unit-opensearch-0: 02:07:59 ERROR juju.worker.uniter.operation hook "upgrade-charm" (via hook dispatching script: dispatch) failed: exit status 1
unit-opensearch-1: 02:08:03 ERROR unit.opensearch/1.juju-log Uncaught exception while in charm code:
Traceback (most recent call last):
  File "/var/lib/juju/agents/unit-opensearch-1/charm/./src/charm.py", line 213, in <module>
    main(OpenSearchOperatorCharm)
  File "/var/lib/juju/agents/unit-opensearch-1/charm/venv/ops/main.py", line 549, in main
    manager = _Manager(charm_class, use_juju_for_storage=use_juju_for_storage)
  File "/var/lib/juju/agents/unit-opensearch-1/charm/venv/ops/main.py", line 432, in __init__
    self.charm = self._make_charm(self.framework, self.dispatcher)
  File "/var/lib/juju/agents/unit-opensearch-1/charm/venv/ops/main.py", line 435, in _make_charm
    charm = self._charm_class(framework)
  File "/var/lib/juju/agents/unit-opensearch-1/charm/./src/charm.py", line 29, in __init__
    super().__init__(*args, distro=OpenSearchSnap)  # OpenSearchTarball
  File "/var/lib/juju/agents/unit-opensearch-1/charm/lib/charms/opensearch/v0/opensearch_base_charm.py", line 197, in __init__
    self.backup = backup(self)
  File "/var/lib/juju/agents/unit-opensearch-1/charm/lib/charms/opensearch/v0/opensearch_backups.py", line 1080, in backup
    if not charm.opensearch_peer_cm.deployment_desc():
  File "/var/lib/juju/agents/unit-opensearch-1/charm/lib/charms/opensearch/v0/opensearch_peer_clusters.py", line 358, in deployment_desc
    return DeploymentDescription.from_dict(current_deployment_desc)
  File "/var/lib/juju/agents/unit-opensearch-1/charm/lib/charms/opensearch/v0/models.py", line 47, in from_dict
    return cls(**input_dict)
  File "/var/lib/juju/agents/unit-opensearch-1/charm/lib/charms/opensearch/v0/models.py", line 32, in __init__
    super().__init__(**data)
  File "/var/lib/juju/agents/unit-opensearch-1/charm/venv/pydantic/main.py", line 341, in __init__
    raise validation_error
pydantic.error_wrappers.ValidationError: 1 validation error for DeploymentDescription
app
  value is not a valid dict (type=type_error.dict)
unit-opensearch-1: 02:08:03 ERROR juju.worker.uniter.operation hook "upgrade-charm" (via hook dispatching script: dispatch) failed: exit status 1
unit-opensearch-2: 02:08:05 ERROR unit.opensearch/2.juju-log Uncaught exception while in charm code:
Traceback (most recent call last):
  File "/var/lib/juju/agents/unit-opensearch-2/charm/./src/charm.py", line 213, in <module>
    main(OpenSearchOperatorCharm)
  File "/var/lib/juju/agents/unit-opensearch-2/charm/venv/ops/main.py", line 549, in main
    manager = _Manager(charm_class, use_juju_for_storage=use_juju_for_storage)
  File "/var/lib/juju/agents/unit-opensearch-2/charm/venv/ops/main.py", line 432, in __init__
    self.charm = self._make_charm(self.framework, self.dispatcher)
  File "/var/lib/juju/agents/unit-opensearch-2/charm/venv/ops/main.py", line 435, in _make_charm
    charm = self._charm_class(framework)
  File "/var/lib/juju/agents/unit-opensearch-2/charm/./src/charm.py", line 29, in __init__
    super().__init__(*args, distro=OpenSearchSnap)  # OpenSearchTarball
  File "/var/lib/juju/agents/unit-opensearch-2/charm/lib/charms/opensearch/v0/opensearch_base_charm.py", line 197, in __init__
    self.backup = backup(self)
  File "/var/lib/juju/agents/unit-opensearch-2/charm/lib/charms/opensearch/v0/opensearch_backups.py", line 1080, in backup
    if not charm.opensearch_peer_cm.deployment_desc():
  File "/var/lib/juju/agents/unit-opensearch-2/charm/lib/charms/opensearch/v0/opensearch_peer_clusters.py", line 358, in deployment_desc
    return DeploymentDescription.from_dict(current_deployment_desc)
  File "/var/lib/juju/agents/unit-opensearch-2/charm/lib/charms/opensearch/v0/models.py", line 47, in from_dict
    return cls(**input_dict)
  File "/var/lib/juju/agents/unit-opensearch-2/charm/lib/charms/opensearch/v0/models.py", line 32, in __init__
    super().__init__(**data)
  File "/var/lib/juju/agents/unit-opensearch-2/charm/venv/pydantic/main.py", line 341, in __init__
    raise validation_error
pydantic.error_wrappers.ValidationError: 1 validation error for DeploymentDescription
app
  value is not a valid dict (type=type_error.dict)
unit-opensearch-2: 02:08:05 ERROR juju.worker.uniter.operation hook "upgrade-charm" (via hook dispatching script: dispatch) failed: exit status 1
unit-opensearch-0: 02:10:35 ERROR unit.opensearch/0.juju-log Uncaught exception while in charm code:
Traceback (most recent call last):
  File "/var/lib/juju/agents/unit-opensearch-0/charm/./src/charm.py", line 213, in <module>
    main(OpenSearchOperatorCharm)
  File "/var/lib/juju/agents/unit-opensearch-0/charm/venv/ops/main.py", line 549, in main
    manager = _Manager(charm_class, use_juju_for_storage=use_juju_for_storage)
  File "/var/lib/juju/agents/unit-opensearch-0/charm/venv/ops/main.py", line 432, in __init__
    self.charm = self._make_charm(self.framework, self.dispatcher)
  File "/var/lib/juju/agents/unit-opensearch-0/charm/venv/ops/main.py", line 435, in _make_charm
    charm = self._charm_class(framework)
  File "/var/lib/juju/agents/unit-opensearch-0/charm/./src/charm.py", line 29, in __init__
    super().__init__(*args, distro=OpenSearchSnap)  # OpenSearchTarball
  File "/var/lib/juju/agents/unit-opensearch-0/charm/lib/charms/opensearch/v0/opensearch_base_charm.py", line 197, in __init__
    self.backup = backup(self)
  File "/var/lib/juju/agents/unit-opensearch-0/charm/lib/charms/opensearch/v0/opensearch_backups.py", line 1080, in backup
    if not charm.opensearch_peer_cm.deployment_desc():
  File "/var/lib/juju/agents/unit-opensearch-0/charm/lib/charms/opensearch/v0/opensearch_peer_clusters.py", line 358, in deployment_desc
    return DeploymentDescription.from_dict(current_deployment_desc)
  File "/var/lib/juju/agents/unit-opensearch-0/charm/lib/charms/opensearch/v0/models.py", line 47, in from_dict
    return cls(**input_dict)
  File "/var/lib/juju/agents/unit-opensearch-0/charm/lib/charms/opensearch/v0/models.py", line 32, in __init__
    super().__init__(**data)
  File "/var/lib/juju/agents/unit-opensearch-0/charm/venv/pydantic/main.py", line 341, in __init__
    raise validation_error
pydantic.error_wrappers.ValidationError: 1 validation error for DeploymentDescription
app
  value is not a valid dict (type=type_error.dict)
unit-opensearch-0: 02:10:35 ERROR juju.worker.uniter.operation hook "upgrade-charm" (via hook dispatching script: dispatch) failed: exit status 1
unit-opensearch-1: 02:10:46 ERROR unit.opensearch/1.juju-log Uncaught exception while in charm code:
Traceback (most recent call last):
  File "/var/lib/juju/agents/unit-opensearch-1/charm/./src/charm.py", line 213, in <module>
    main(OpenSearchOperatorCharm)
  File "/var/lib/juju/agents/unit-opensearch-1/charm/venv/ops/main.py", line 549, in main
    manager = _Manager(charm_class, use_juju_for_storage=use_juju_for_storage)
  File "/var/lib/juju/agents/unit-opensearch-1/charm/venv/ops/main.py", line 432, in __init__
    self.charm = self._make_charm(self.framework, self.dispatcher)
  File "/var/lib/juju/agents/unit-opensearch-1/charm/venv/ops/main.py", line 435, in _make_charm
    charm = self._charm_class(framework)
  File "/var/lib/juju/agents/unit-opensearch-1/charm/./src/charm.py", line 29, in __init__
    super().__init__(*args, distro=OpenSearchSnap)  # OpenSearchTarball
  File "/var/lib/juju/agents/unit-opensearch-1/charm/lib/charms/opensearch/v0/opensearch_base_charm.py", line 197, in __init__
    self.backup = backup(self)
  File "/var/lib/juju/agents/unit-opensearch-1/charm/lib/charms/opensearch/v0/opensearch_backups.py", line 1080, in backup
    if not charm.opensearch_peer_cm.deployment_desc():
  File "/var/lib/juju/agents/unit-opensearch-1/charm/lib/charms/opensearch/v0/opensearch_peer_clusters.py", line 358, in deployment_desc
    return DeploymentDescription.from_dict(current_deployment_desc)
  File "/var/lib/juju/agents/unit-opensearch-1/charm/lib/charms/opensearch/v0/models.py", line 47, in from_dict
    return cls(**input_dict)
  File "/var/lib/juju/agents/unit-opensearch-1/charm/lib/charms/opensearch/v0/models.py", line 32, in __init__
    super().__init__(**data)
  File "/var/lib/juju/agents/unit-opensearch-1/charm/venv/pydantic/main.py", line 341, in __init__
    raise validation_error
pydantic.error_wrappers.ValidationError: 1 validation error for DeploymentDescription
app
  value is not a valid dict (type=type_error.dict)
unit-opensearch-1: 02:10:47 ERROR juju.worker.uniter.operation hook "upgrade-charm" (via hook dispatching script: dispatch) failed: exit status 1
unit-opensearch-2: 02:10:49 ERROR unit.opensearch/2.juju-log Uncaught exception while in charm code:
Traceback (most recent call last):
  File "/var/lib/juju/agents/unit-opensearch-2/charm/./src/charm.py", line 213, in <module>
    main(OpenSearchOperatorCharm)
  File "/var/lib/juju/agents/unit-opensearch-2/charm/venv/ops/main.py", line 549, in main
    manager = _Manager(charm_class, use_juju_for_storage=use_juju_for_storage)
  File "/var/lib/juju/agents/unit-opensearch-2/charm/venv/ops/main.py", line 432, in __init__
    self.charm = self._make_charm(self.framework, self.dispatcher)
  File "/var/lib/juju/agents/unit-opensearch-2/charm/venv/ops/main.py", line 435, in _make_charm
    charm = self._charm_class(framework)
  File "/var/lib/juju/agents/unit-opensearch-2/charm/./src/charm.py", line 29, in __init__
    super().__init__(*args, distro=OpenSearchSnap)  # OpenSearchTarball
  File "/var/lib/juju/agents/unit-opensearch-2/charm/lib/charms/opensearch/v0/opensearch_base_charm.py", line 197, in __init__
    self.backup = backup(self)
  File "/var/lib/juju/agents/unit-opensearch-2/charm/lib/charms/opensearch/v0/opensearch_backups.py", line 1080, in backup
    if not charm.opensearch_peer_cm.deployment_desc():
  File "/var/lib/juju/agents/unit-opensearch-2/charm/lib/charms/opensearch/v0/opensearch_peer_clusters.py", line 358, in deployment_desc
    return DeploymentDescription.from_dict(current_deployment_desc)
  File "/var/lib/juju/agents/unit-opensearch-2/charm/lib/charms/opensearch/v0/models.py", line 47, in from_dict
    return cls(**input_dict)
  File "/var/lib/juju/agents/unit-opensearch-2/charm/lib/charms/opensearch/v0/models.py", line 32, in __init__
    super().__init__(**data)
  File "/var/lib/juju/agents/unit-opensearch-2/charm/venv/pydantic/main.py", line 341, in __init__
    raise validation_error
pydantic.error_wrappers.ValidationError: 1 validation error for DeploymentDescription
app
  value is not a valid dict (type=type_error.dict)
unit-opensearch-2: 02:10:49 ERROR juju.worker.uniter.operation hook "upgrade-charm" (via hook dispatching script: dispatch) failed: exit status 1
unit-opensearch-0: 02:15:36 ERROR unit.opensearch/0.juju-log Uncaught exception while in charm code:
Traceback (most recent call last):
  File "/var/lib/juju/agents/unit-opensearch-0/charm/./src/charm.py", line 213, in <module>
    main(OpenSearchOperatorCharm)
  File "/var/lib/juju/agents/unit-opensearch-0/charm/venv/ops/main.py", line 549, in main
    manager = _Manager(charm_class, use_juju_for_storage=use_juju_for_storage)
  File "/var/lib/juju/agents/unit-opensearch-0/charm/venv/ops/main.py", line 432, in __init__
    self.charm = self._make_charm(self.framework, self.dispatcher)
  File "/var/lib/juju/agents/unit-opensearch-0/charm/venv/ops/main.py", line 435, in _make_charm
    charm = self._charm_class(framework)
  File "/var/lib/juju/agents/unit-opensearch-0/charm/./src/charm.py", line 29, in __init__
    super().__init__(*args, distro=OpenSearchSnap)  # OpenSearchTarball
  File "/var/lib/juju/agents/unit-opensearch-0/charm/lib/charms/opensearch/v0/opensearch_base_charm.py", line 197, in __init__
    self.backup = backup(self)
  File "/var/lib/juju/agents/unit-opensearch-0/charm/lib/charms/opensearch/v0/opensearch_backups.py", line 1080, in backup
    if not charm.opensearch_peer_cm.deployment_desc():
  File "/var/lib/juju/agents/unit-opensearch-0/charm/lib/charms/opensearch/v0/opensearch_peer_clusters.py", line 358, in deployment_desc
    return DeploymentDescription.from_dict(current_deployment_desc)
  File "/var/lib/juju/agents/unit-opensearch-0/charm/lib/charms/opensearch/v0/models.py", line 47, in from_dict
    return cls(**input_dict)
  File "/var/lib/juju/agents/unit-opensearch-0/charm/lib/charms/opensearch/v0/models.py", line 32, in __init__
    super().__init__(**data)
  File "/var/lib/juju/agents/unit-opensearch-0/charm/venv/pydantic/main.py", line 341, in __init__
    raise validation_error
pydantic.error_wrappers.ValidationError: 1 validation error for DeploymentDescription
app
  value is not a valid dict (type=type_error.dict)
unit-opensearch-0: 02:15:36 ERROR juju.worker.uniter.operation hook "upgrade-charm" (via hook dispatching script: dispatch) failed: exit status 1
unit-opensearch-1: 02:15:48 ERROR unit.opensearch/1.juju-log Uncaught exception while in charm code:
Traceback (most recent call last):
  File "/var/lib/juju/agents/unit-opensearch-1/charm/./src/charm.py", line 213, in <module>
    main(OpenSearchOperatorCharm)
  File "/var/lib/juju/agents/unit-opensearch-1/charm/venv/ops/main.py", line 549, in main
    manager = _Manager(charm_class, use_juju_for_storage=use_juju_for_storage)
  File "/var/lib/juju/agents/unit-opensearch-1/charm/venv/ops/main.py", line 432, in __init__
    self.charm = self._make_charm(self.framework, self.dispatcher)
  File "/var/lib/juju/agents/unit-opensearch-1/charm/venv/ops/main.py", line 435, in _make_charm
    charm = self._charm_class(framework)
  File "/var/lib/juju/agents/unit-opensearch-1/charm/./src/charm.py", line 29, in __init__
    super().__init__(*args, distro=OpenSearchSnap)  # OpenSearchTarball
  File "/var/lib/juju/agents/unit-opensearch-1/charm/lib/charms/opensearch/v0/opensearch_base_charm.py", line 197, in __init__
    self.backup = backup(self)
  File "/var/lib/juju/agents/unit-opensearch-1/charm/lib/charms/opensearch/v0/opensearch_backups.py", line 1080, in backup
    if not charm.opensearch_peer_cm.deployment_desc():
  File "/var/lib/juju/agents/unit-opensearch-1/charm/lib/charms/opensearch/v0/opensearch_peer_clusters.py", line 358, in deployment_desc
    return DeploymentDescription.from_dict(current_deployment_desc)
  File "/var/lib/juju/agents/unit-opensearch-1/charm/lib/charms/opensearch/v0/models.py", line 47, in from_dict
    return cls(**input_dict)
  File "/var/lib/juju/agents/unit-opensearch-1/charm/lib/charms/opensearch/v0/models.py", line 32, in __init__
    super().__init__(**data)
  File "/var/lib/juju/agents/unit-opensearch-1/charm/venv/pydantic/main.py", line 341, in __init__
    raise validation_error
pydantic.error_wrappers.ValidationError: 1 validation error for DeploymentDescription
app
  value is not a valid dict (type=type_error.dict)
unit-opensearch-1: 02:15:48 ERROR juju.worker.uniter.operation hook "upgrade-charm" (via hook dispatching script: dispatch) failed: exit status 1
unit-opensearch-2: 02:15:50 ERROR unit.opensearch/2.juju-log Uncaught exception while in charm code:
Traceback (most recent call last):
  File "/var/lib/juju/agents/unit-opensearch-2/charm/./src/charm.py", line 213, in <module>
    main(OpenSearchOperatorCharm)
  File "/var/lib/juju/agents/unit-opensearch-2/charm/venv/ops/main.py", line 549, in main
    manager = _Manager(charm_class, use_juju_for_storage=use_juju_for_storage)
  File "/var/lib/juju/agents/unit-opensearch-2/charm/venv/ops/main.py", line 432, in __init__
    self.charm = self._make_charm(self.framework, self.dispatcher)
  File "/var/lib/juju/agents/unit-opensearch-2/charm/venv/ops/main.py", line 435, in _make_charm
    charm = self._charm_class(framework)
  File "/var/lib/juju/agents/unit-opensearch-2/charm/./src/charm.py", line 29, in __init__
    super().__init__(*args, distro=OpenSearchSnap)  # OpenSearchTarball
  File "/var/lib/juju/agents/unit-opensearch-2/charm/lib/charms/opensearch/v0/opensearch_base_charm.py", line 197, in __init__
    self.backup = backup(self)
  File "/var/lib/juju/agents/unit-opensearch-2/charm/lib/charms/opensearch/v0/opensearch_backups.py", line 1080, in backup
    if not charm.opensearch_peer_cm.deployment_desc():
  File "/var/lib/juju/agents/unit-opensearch-2/charm/lib/charms/opensearch/v0/opensearch_peer_clusters.py", line 358, in deployment_desc
    return DeploymentDescription.from_dict(current_deployment_desc)
  File "/var/lib/juju/agents/unit-opensearch-2/charm/lib/charms/opensearch/v0/models.py", line 47, in from_dict
    return cls(**input_dict)
  File "/var/lib/juju/agents/unit-opensearch-2/charm/lib/charms/opensearch/v0/models.py", line 32, in __init__
    super().__init__(**data)
  File "/var/lib/juju/agents/unit-opensearch-2/charm/venv/pydantic/main.py", line 341, in __init__
    raise validation_error
pydantic.error_wrappers.ValidationError: 1 validation error for DeploymentDescription
app
  value is not a valid dict (type=type_error.dict)
unit-opensearch-2: 02:15:50 ERROR juju.worker.uniter.operation hook "upgrade-charm" (via hook dispatching script: dispatch) failed: exit status 1
unit-opensearch-0: 02:20:37 ERROR unit.opensearch/0.juju-log Uncaught exception while in charm code:
Traceback (most recent call last):
  File "/var/lib/juju/agents/unit-opensearch-0/charm/./src/charm.py", line 213, in <module>
    main(OpenSearchOperatorCharm)
  File "/var/lib/juju/agents/unit-opensearch-0/charm/venv/ops/main.py", line 549, in main
    manager = _Manager(charm_class, use_juju_for_storage=use_juju_for_storage)
  File "/var/lib/juju/agents/unit-opensearch-0/charm/venv/ops/main.py", line 432, in __init__
    self.charm = self._make_charm(self.framework, self.dispatcher)
  File "/var/lib/juju/agents/unit-opensearch-0/charm/venv/ops/main.py", line 435, in _make_charm
    charm = self._charm_class(framework)
  File "/var/lib/juju/agents/unit-opensearch-0/charm/./src/charm.py", line 29, in __init__
    super().__init__(*args, distro=OpenSearchSnap)  # OpenSearchTarball
  File "/var/lib/juju/agents/unit-opensearch-0/charm/lib/charms/opensearch/v0/opensearch_base_charm.py", line 197, in __init__
    self.backup = backup(self)
  File "/var/lib/juju/agents/unit-opensearch-0/charm/lib/charms/opensearch/v0/opensearch_backups.py", line 1080, in backup
    if not charm.opensearch_peer_cm.deployment_desc():
  File "/var/lib/juju/agents/unit-opensearch-0/charm/lib/charms/opensearch/v0/opensearch_peer_clusters.py", line 358, in deployment_desc
    return DeploymentDescription.from_dict(current_deployment_desc)
  File "/var/lib/juju/agents/unit-opensearch-0/charm/lib/charms/opensearch/v0/models.py", line 47, in from_dict
    return cls(**input_dict)
  File "/var/lib/juju/agents/unit-opensearch-0/charm/lib/charms/opensearch/v0/models.py", line 32, in __init__
    super().__init__(**data)
  File "/var/lib/juju/agents/unit-opensearch-0/charm/venv/pydantic/main.py", line 341, in __init__
    raise validation_error
pydantic.error_wrappers.ValidationError: 1 validation error for DeploymentDescription
app
  value is not a valid dict (type=type_error.dict)
unit-opensearch-0: 02:20:37 ERROR juju.worker.uniter.operation hook "upgrade-charm" (via hook dispatching script: dispatch) failed: exit status 1
unit-opensearch-1: 02:20:49 ERROR unit.opensearch/1.juju-log Uncaught exception while in charm code:
Traceback (most recent call last):
  File "/var/lib/juju/agents/unit-opensearch-1/charm/./src/charm.py", line 213, in <module>
    main(OpenSearchOperatorCharm)
  File "/var/lib/juju/agents/unit-opensearch-1/charm/venv/ops/main.py", line 549, in main
    manager = _Manager(charm_class, use_juju_for_storage=use_juju_for_storage)
  File "/var/lib/juju/agents/unit-opensearch-1/charm/venv/ops/main.py", line 432, in __init__
    self.charm = self._make_charm(self.framework, self.dispatcher)
  File "/var/lib/juju/agents/unit-opensearch-1/charm/venv/ops/main.py", line 435, in _make_charm
    charm = self._charm_class(framework)
  File "/var/lib/juju/agents/unit-opensearch-1/charm/./src/charm.py", line 29, in __init__
    super().__init__(*args, distro=OpenSearchSnap)  # OpenSearchTarball
  File "/var/lib/juju/agents/unit-opensearch-1/charm/lib/charms/opensearch/v0/opensearch_base_charm.py", line 197, in __init__
    self.backup = backup(self)
  File "/var/lib/juju/agents/unit-opensearch-1/charm/lib/charms/opensearch/v0/opensearch_backups.py", line 1080, in backup
    if not charm.opensearch_peer_cm.deployment_desc():
  File "/var/lib/juju/agents/unit-opensearch-1/charm/lib/charms/opensearch/v0/opensearch_peer_clusters.py", line 358, in deployment_desc
    return DeploymentDescription.from_dict(current_deployment_desc)
  File "/var/lib/juju/agents/unit-opensearch-1/charm/lib/charms/opensearch/v0/models.py", line 47, in from_dict
    return cls(**input_dict)
  File "/var/lib/juju/agents/unit-opensearch-1/charm/lib/charms/opensearch/v0/models.py", line 32, in __init__
    super().__init__(**data)
  File "/var/lib/juju/agents/unit-opensearch-1/charm/venv/pydantic/main.py", line 341, in __init__
    raise validation_error
pydantic.error_wrappers.ValidationError: 1 validation error for DeploymentDescription
app
  value is not a valid dict (type=type_error.dict)
unit-opensearch-1: 02:20:49 ERROR juju.worker.uniter.operation hook "upgrade-charm" (via hook dispatching script: dispatch) failed: exit status 1
unit-opensearch-2: 02:20:51 ERROR unit.opensearch/2.juju-log Uncaught exception while in charm code:
Traceback (most recent call last):
  File "/var/lib/juju/agents/unit-opensearch-2/charm/./src/charm.py", line 213, in <module>
    main(OpenSearchOperatorCharm)
  File "/var/lib/juju/agents/unit-opensearch-2/charm/venv/ops/main.py", line 549, in main
    manager = _Manager(charm_class, use_juju_for_storage=use_juju_for_storage)
  File "/var/lib/juju/agents/unit-opensearch-2/charm/venv/ops/main.py", line 432, in __init__
    self.charm = self._make_charm(self.framework, self.dispatcher)
  File "/var/lib/juju/agents/unit-opensearch-2/charm/venv/ops/main.py", line 435, in _make_charm
    charm = self._charm_class(framework)
  File "/var/lib/juju/agents/unit-opensearch-2/charm/./src/charm.py", line 29, in __init__
    super().__init__(*args, distro=OpenSearchSnap)  # OpenSearchTarball
  File "/var/lib/juju/agents/unit-opensearch-2/charm/lib/charms/opensearch/v0/opensearch_base_charm.py", line 197, in __init__
    self.backup = backup(self)
  File "/var/lib/juju/agents/unit-opensearch-2/charm/lib/charms/opensearch/v0/opensearch_backups.py", line 1080, in backup
    if not charm.opensearch_peer_cm.deployment_desc():
  File "/var/lib/juju/agents/unit-opensearch-2/charm/lib/charms/opensearch/v0/opensearch_peer_clusters.py", line 358, in deployment_desc
    return DeploymentDescription.from_dict(current_deployment_desc)
  File "/var/lib/juju/agents/unit-opensearch-2/charm/lib/charms/opensearch/v0/models.py", line 47, in from_dict
    return cls(**input_dict)
  File "/var/lib/juju/agents/unit-opensearch-2/charm/lib/charms/opensearch/v0/models.py", line 32, in __init__
    super().__init__(**data)
  File "/var/lib/juju/agents/unit-opensearch-2/charm/venv/pydantic/main.py", line 341, in __init__
    raise validation_error
pydantic.error_wrappers.ValidationError: 1 validation error for DeploymentDescription
app
  value is not a valid dict (type=type_error.dict)
unit-opensearch-2: 02:20:52 ERROR juju.worker.uniter.operation hook "upgrade-charm" (via hook dispatching script: dispatch) failed: exit status 1
unit-opensearch-0: 02:25:38 ERROR unit.opensearch/0.juju-log Uncaught exception while in charm code:
Traceback (most recent call last):
  File "/var/lib/juju/agents/unit-opensearch-0/charm/./src/charm.py", line 213, in <module>
    main(OpenSearchOperatorCharm)
  File "/var/lib/juju/agents/unit-opensearch-0/charm/venv/ops/main.py", line 549, in main
    manager = _Manager(charm_class, use_juju_for_storage=use_juju_for_storage)
  File "/var/lib/juju/agents/unit-opensearch-0/charm/venv/ops/main.py", line 432, in __init__
    self.charm = self._make_charm(self.framework, self.dispatcher)
  File "/var/lib/juju/agents/unit-opensearch-0/charm/venv/ops/main.py", line 435, in _make_charm
    charm = self._charm_class(framework)
  File "/var/lib/juju/agents/unit-opensearch-0/charm/./src/charm.py", line 29, in __init__
    super().__init__(*args, distro=OpenSearchSnap)  # OpenSearchTarball
  File "/var/lib/juju/agents/unit-opensearch-0/charm/lib/charms/opensearch/v0/opensearch_base_charm.py", line 197, in __init__
    self.backup = backup(self)
  File "/var/lib/juju/agents/unit-opensearch-0/charm/lib/charms/opensearch/v0/opensearch_backups.py", line 1080, in backup
    if not charm.opensearch_peer_cm.deployment_desc():
  File "/var/lib/juju/agents/unit-opensearch-0/charm/lib/charms/opensearch/v0/opensearch_peer_clusters.py", line 358, in deployment_desc
    return DeploymentDescription.from_dict(current_deployment_desc)
  File "/var/lib/juju/agents/unit-opensearch-0/charm/lib/charms/opensearch/v0/models.py", line 47, in from_dict
    return cls(**input_dict)
  File "/var/lib/juju/agents/unit-opensearch-0/charm/lib/charms/opensearch/v0/models.py", line 32, in __init__
    super().__init__(**data)
  File "/var/lib/juju/agents/unit-opensearch-0/charm/venv/pydantic/main.py", line 341, in __init__
    raise validation_error
pydantic.error_wrappers.ValidationError: 1 validation error for DeploymentDescription
app
  value is not a valid dict (type=type_error.dict)
unit-opensearch-0: 02:25:39 ERROR juju.worker.uniter.operation hook "upgrade-charm" (via hook dispatching script: dispatch) failed: exit status 1
unit-opensearch-1: 02:25:50 ERROR unit.opensearch/1.juju-log Uncaught exception while in charm code:
Traceback (most recent call last):
  File "/var/lib/juju/agents/unit-opensearch-1/charm/./src/charm.py", line 213, in <module>
    main(OpenSearchOperatorCharm)
  File "/var/lib/juju/agents/unit-opensearch-1/charm/venv/ops/main.py", line 549, in main
    manager = _Manager(charm_class, use_juju_for_storage=use_juju_for_storage)
  File "/var/lib/juju/agents/unit-opensearch-1/charm/venv/ops/main.py", line 432, in __init__
    self.charm = self._make_charm(self.framework, self.dispatcher)
  File "/var/lib/juju/agents/unit-opensearch-1/charm/venv/ops/main.py", line 435, in _make_charm
    charm = self._charm_class(framework)
  File "/var/lib/juju/agents/unit-opensearch-1/charm/./src/charm.py", line 29, in __init__
    super().__init__(*args, distro=OpenSearchSnap)  # OpenSearchTarball
  File "/var/lib/juju/agents/unit-opensearch-1/charm/lib/charms/opensearch/v0/opensearch_base_charm.py", line 197, in __init__
    self.backup = backup(self)
  File "/var/lib/juju/agents/unit-opensearch-1/charm/lib/charms/opensearch/v0/opensearch_backups.py", line 1080, in backup
    if not charm.opensearch_peer_cm.deployment_desc():
  File "/var/lib/juju/agents/unit-opensearch-1/charm/lib/charms/opensearch/v0/opensearch_peer_clusters.py", line 358, in deployment_desc
    return DeploymentDescription.from_dict(current_deployment_desc)
  File "/var/lib/juju/agents/unit-opensearch-1/charm/lib/charms/opensearch/v0/models.py", line 47, in from_dict
    return cls(**input_dict)
  File "/var/lib/juju/agents/unit-opensearch-1/charm/lib/charms/opensearch/v0/models.py", line 32, in __init__
    super().__init__(**data)
  File "/var/lib/juju/agents/unit-opensearch-1/charm/venv/pydantic/main.py", line 341, in __init__
    raise validation_error
pydantic.error_wrappers.ValidationError: 1 validation error for DeploymentDescription
app
  value is not a valid dict (type=type_error.dict)
unit-opensearch-1: 02:25:51 ERROR juju.worker.uniter.operation hook "upgrade-charm" (via hook dispatching script: dispatch) failed: exit status 1
unit-opensearch-2: 02:25:53 ERROR unit.opensearch/2.juju-log Uncaught exception while in charm code:
Traceback (most recent call last):
  File "/var/lib/juju/agents/unit-opensearch-2/charm/./src/charm.py", line 213, in <module>
    main(OpenSearchOperatorCharm)
  File "/var/lib/juju/agents/unit-opensearch-2/charm/venv/ops/main.py", line 549, in main
    manager = _Manager(charm_class, use_juju_for_storage=use_juju_for_storage)
  File "/var/lib/juju/agents/unit-opensearch-2/charm/venv/ops/main.py", line 432, in __init__
    self.charm = self._make_charm(self.framework, self.dispatcher)
  File "/var/lib/juju/agents/unit-opensearch-2/charm/venv/ops/main.py", line 435, in _make_charm
    charm = self._charm_class(framework)
  File "/var/lib/juju/agents/unit-opensearch-2/charm/./src/charm.py", line 29, in __init__
    super().__init__(*args, distro=OpenSearchSnap)  # OpenSearchTarball
  File "/var/lib/juju/agents/unit-opensearch-2/charm/lib/charms/opensearch/v0/opensearch_base_charm.py", line 197, in __init__
    self.backup = backup(self)
  File "/var/lib/juju/agents/unit-opensearch-2/charm/lib/charms/opensearch/v0/opensearch_backups.py", line 1080, in backup
    if not charm.opensearch_peer_cm.deployment_desc():
  File "/var/lib/juju/agents/unit-opensearch-2/charm/lib/charms/opensearch/v0/opensearch_peer_clusters.py", line 358, in deployment_desc
    return DeploymentDescription.from_dict(current_deployment_desc)
  File "/var/lib/juju/agents/unit-opensearch-2/charm/lib/charms/opensearch/v0/models.py", line 47, in from_dict
    return cls(**input_dict)
  File "/var/lib/juju/agents/unit-opensearch-2/charm/lib/charms/opensearch/v0/models.py", line 32, in __init__
    super().__init__(**data)
  File "/var/lib/juju/agents/unit-opensearch-2/charm/venv/pydantic/main.py", line 341, in __init__
    raise validation_error
pydantic.error_wrappers.ValidationError: 1 validation error for DeploymentDescription
app
  value is not a valid dict (type=type_error.dict)
unit-opensearch-2: 02:25:53 ERROR juju.worker.uniter.operation hook "upgrade-charm" (via hook dispatching script: dispatch) failed: exit status 1
unit-opensearch-0: 02:30:40 ERROR unit.opensearch/0.juju-log Uncaught exception while in charm code:
Traceback (most recent call last):
  File "/var/lib/juju/agents/unit-opensearch-0/charm/./src/charm.py", line 213, in <module>
    main(OpenSearchOperatorCharm)
  File "/var/lib/juju/agents/unit-opensearch-0/charm/venv/ops/main.py", line 549, in main
    manager = _Manager(charm_class, use_juju_for_storage=use_juju_for_storage)
  File "/var/lib/juju/agents/unit-opensearch-0/charm/venv/ops/main.py", line 432, in __init__
    self.charm = self._make_charm(self.framework, self.dispatcher)
  File "/var/lib/juju/agents/unit-opensearch-0/charm/venv/ops/main.py", line 435, in _make_charm
    charm = self._charm_class(framework)
  File "/var/lib/juju/agents/unit-opensearch-0/charm/./src/charm.py", line 29, in __init__
    super().__init__(*args, distro=OpenSearchSnap)  # OpenSearchTarball
  File "/var/lib/juju/agents/unit-opensearch-0/charm/lib/charms/opensearch/v0/opensearch_base_charm.py", line 197, in __init__
    self.backup = backup(self)
  File "/var/lib/juju/agents/unit-opensearch-0/charm/lib/charms/opensearch/v0/opensearch_backups.py", line 1080, in backup
    if not charm.opensearch_peer_cm.deployment_desc():
  File "/var/lib/juju/agents/unit-opensearch-0/charm/lib/charms/opensearch/v0/opensearch_peer_clusters.py", line 358, in deployment_desc
    return DeploymentDescription.from_dict(current_deployment_desc)
  File "/var/lib/juju/agents/unit-opensearch-0/charm/lib/charms/opensearch/v0/models.py", line 47, in from_dict
    return cls(**input_dict)
  File "/var/lib/juju/agents/unit-opensearch-0/charm/lib/charms/opensearch/v0/models.py", line 32, in __init__
    super().__init__(**data)
  File "/var/lib/juju/agents/unit-opensearch-0/charm/venv/pydantic/main.py", line 341, in __init__
    raise validation_error
pydantic.error_wrappers.ValidationError: 1 validation error for DeploymentDescription
app
  value is not a valid dict (type=type_error.dict)
unit-opensearch-0: 02:30:40 ERROR juju.worker.uniter.operation hook "upgrade-charm" (via hook dispatching script: dispatch) failed: exit status 1
unit-opensearch-1: 02:30:52 ERROR unit.opensearch/1.juju-log Uncaught exception while in charm code:
Traceback (most recent call last):
  File "/var/lib/juju/agents/unit-opensearch-1/charm/./src/charm.py", line 213, in <module>
    main(OpenSearchOperatorCharm)
  File "/var/lib/juju/agents/unit-opensearch-1/charm/venv/ops/main.py", line 549, in main
    manager = _Manager(charm_class, use_juju_for_storage=use_juju_for_storage)
  File "/var/lib/juju/agents/unit-opensearch-1/charm/venv/ops/main.py", line 432, in __init__
    self.charm = self._make_charm(self.framework, self.dispatcher)
  File "/var/lib/juju/agents/unit-opensearch-1/charm/venv/ops/main.py", line 435, in _make_charm
    charm = self._charm_class(framework)
  File "/var/lib/juju/agents/unit-opensearch-1/charm/./src/charm.py", line 29, in __init__
    super().__init__(*args, distro=OpenSearchSnap)  # OpenSearchTarball
  File "/var/lib/juju/agents/unit-opensearch-1/charm/lib/charms/opensearch/v0/opensearch_base_charm.py", line 197, in __init__
    self.backup = backup(self)
  File "/var/lib/juju/agents/unit-opensearch-1/charm/lib/charms/opensearch/v0/opensearch_backups.py", line 1080, in backup
    if not charm.opensearch_peer_cm.deployment_desc():
  File "/var/lib/juju/agents/unit-opensearch-1/charm/lib/charms/opensearch/v0/opensearch_peer_clusters.py", line 358, in deployment_desc
    return DeploymentDescription.from_dict(current_deployment_desc)
  File "/var/lib/juju/agents/unit-opensearch-1/charm/lib/charms/opensearch/v0/models.py", line 47, in from_dict
    return cls(**input_dict)
  File "/var/lib/juju/agents/unit-opensearch-1/charm/lib/charms/opensearch/v0/models.py", line 32, in __init__
    super().__init__(**data)
  File "/var/lib/juju/agents/unit-opensearch-1/charm/venv/pydantic/main.py", line 341, in __init__
    raise validation_error
pydantic.error_wrappers.ValidationError: 1 validation error for DeploymentDescription
app
  value is not a valid dict (type=type_error.dict)
unit-opensearch-1: 02:30:52 ERROR juju.worker.uniter.operation hook "upgrade-charm" (via hook dispatching script: dispatch) failed: exit status 1
unit-opensearch-2: 02:30:54 ERROR unit.opensearch/2.juju-log Uncaught exception while in charm code:
Traceback (most recent call last):
  File "/var/lib/juju/agents/unit-opensearch-2/charm/./src/charm.py", line 213, in <module>
    main(OpenSearchOperatorCharm)
  File "/var/lib/juju/agents/unit-opensearch-2/charm/venv/ops/main.py", line 549, in main
    manager = _Manager(charm_class, use_juju_for_storage=use_juju_for_storage)
  File "/var/lib/juju/agents/unit-opensearch-2/charm/venv/ops/main.py", line 432, in __init__
    self.charm = self._make_charm(self.framework, self.dispatcher)
  File "/var/lib/juju/agents/unit-opensearch-2/charm/venv/ops/main.py", line 435, in _make_charm
    charm = self._charm_class(framework)
  File "/var/lib/juju/agents/unit-opensearch-2/charm/./src/charm.py", line 29, in __init__
    super().__init__(*args, distro=OpenSearchSnap)  # OpenSearchTarball
  File "/var/lib/juju/agents/unit-opensearch-2/charm/lib/charms/opensearch/v0/opensearch_base_charm.py", line 197, in __init__
    self.backup = backup(self)
  File "/var/lib/juju/agents/unit-opensearch-2/charm/lib/charms/opensearch/v0/opensearch_backups.py", line 1080, in backup
    if not charm.opensearch_peer_cm.deployment_desc():
  File "/var/lib/juju/agents/unit-opensearch-2/charm/lib/charms/opensearch/v0/opensearch_peer_clusters.py", line 358, in deployment_desc
    return DeploymentDescription.from_dict(current_deployment_desc)
  File "/var/lib/juju/agents/unit-opensearch-2/charm/lib/charms/opensearch/v0/models.py", line 47, in from_dict
    return cls(**input_dict)
  File "/var/lib/juju/agents/unit-opensearch-2/charm/lib/charms/opensearch/v0/models.py", line 32, in __init__
    super().__init__(**data)
  File "/var/lib/juju/agents/unit-opensearch-2/charm/venv/pydantic/main.py", line 341, in __init__
    raise validation_error
pydantic.error_wrappers.ValidationError: 1 validation error for DeploymentDescription
app
  value is not a valid dict (type=type_error.dict)
unit-opensearch-2: 02:30:54 ERROR juju.worker.uniter.operation hook "upgrade-charm" (via hook dispatching script: dispatch) failed: exit status 1
unit-opensearch-0: 02:35:41 ERROR unit.opensearch/0.juju-log Uncaught exception while in charm code:
Traceback (most recent call last):
  File "/var/lib/juju/agents/unit-opensearch-0/charm/./src/charm.py", line 213, in <module>
    main(OpenSearchOperatorCharm)
  File "/var/lib/juju/agents/unit-opensearch-0/charm/venv/ops/main.py", line 549, in main
    manager = _Manager(charm_class, use_juju_for_storage=use_juju_for_storage)
  File "/var/lib/juju/agents/unit-opensearch-0/charm/venv/ops/main.py", line 432, in __init__
    self.charm = self._make_charm(self.framework, self.dispatcher)
  File "/var/lib/juju/agents/unit-opensearch-0/charm/venv/ops/main.py", line 435, in _make_charm
    charm = self._charm_class(framework)
  File "/var/lib/juju/agents/unit-opensearch-0/charm/./src/charm.py", line 29, in __init__
    super().__init__(*args, distro=OpenSearchSnap)  # OpenSearchTarball
  File "/var/lib/juju/agents/unit-opensearch-0/charm/lib/charms/opensearch/v0/opensearch_base_charm.py", line 197, in __init__
    self.backup = backup(self)
  File "/var/lib/juju/agents/unit-opensearch-0/charm/lib/charms/opensearch/v0/opensearch_backups.py", line 1080, in backup
    if not charm.opensearch_peer_cm.deployment_desc():
  File "/var/lib/juju/agents/unit-opensearch-0/charm/lib/charms/opensearch/v0/opensearch_peer_clusters.py", line 358, in deployment_desc
    return DeploymentDescription.from_dict(current_deployment_desc)
  File "/var/lib/juju/agents/unit-opensearch-0/charm/lib/charms/opensearch/v0/models.py", line 47, in from_dict
    return cls(**input_dict)
  File "/var/lib/juju/agents/unit-opensearch-0/charm/lib/charms/opensearch/v0/models.py", line 32, in __init__
    super().__init__(**data)
  File "/var/lib/juju/agents/unit-opensearch-0/charm/venv/pydantic/main.py", line 341, in __init__
    raise validation_error
pydantic.error_wrappers.ValidationError: 1 validation error for DeploymentDescription
app
  value is not a valid dict (type=type_error.dict)
unit-opensearch-0: 02:35:41 ERROR juju.worker.uniter.operation hook "upgrade-charm" (via hook dispatching script: dispatch) failed: exit status 1
unit-opensearch-1: 02:35:53 ERROR unit.opensearch/1.juju-log Uncaught exception while in charm code:
Traceback (most recent call last):
  File "/var/lib/juju/agents/unit-opensearch-1/charm/./src/charm.py", line 213, in <module>
    main(OpenSearchOperatorCharm)
  File "/var/lib/juju/agents/unit-opensearch-1/charm/venv/ops/main.py", line 549, in main
    manager = _Manager(charm_class, use_juju_for_storage=use_juju_for_storage)
  File "/var/lib/juju/agents/unit-opensearch-1/charm/venv/ops/main.py", line 432, in __init__
    self.charm = self._make_charm(self.framework, self.dispatcher)
  File "/var/lib/juju/agents/unit-opensearch-1/charm/venv/ops/main.py", line 435, in _make_charm
    charm = self._charm_class(framework)
  File "/var/lib/juju/agents/unit-opensearch-1/charm/./src/charm.py", line 29, in __init__
    super().__init__(*args, distro=OpenSearchSnap)  # OpenSearchTarball
  File "/var/lib/juju/agents/unit-opensearch-1/charm/lib/charms/opensearch/v0/opensearch_base_charm.py", line 197, in __init__
    self.backup = backup(self)
  File "/var/lib/juju/agents/unit-opensearch-1/charm/lib/charms/opensearch/v0/opensearch_backups.py", line 1080, in backup
    if not charm.opensearch_peer_cm.deployment_desc():
  File "/var/lib/juju/agents/unit-opensearch-1/charm/lib/charms/opensearch/v0/opensearch_peer_clusters.py", line 358, in deployment_desc
    return DeploymentDescription.from_dict(current_deployment_desc)
  File "/var/lib/juju/agents/unit-opensearch-1/charm/lib/charms/opensearch/v0/models.py", line 47, in from_dict
    return cls(**input_dict)
  File "/var/lib/juju/agents/unit-opensearch-1/charm/lib/charms/opensearch/v0/models.py", line 32, in __init__
    super().__init__(**data)
  File "/var/lib/juju/agents/unit-opensearch-1/charm/venv/pydantic/main.py", line 341, in __init__
    raise validation_error
pydantic.error_wrappers.ValidationError: 1 validation error for DeploymentDescription
app
  value is not a valid dict (type=type_error.dict)
unit-opensearch-1: 02:35:53 ERROR juju.worker.uniter.operation hook "upgrade-charm" (via hook dispatching script: dispatch) failed: exit status 1
unit-opensearch-2: 02:35:55 ERROR unit.opensearch/2.juju-log Uncaught exception while in charm code:
Traceback (most recent call last):
  File "/var/lib/juju/agents/unit-opensearch-2/charm/./src/charm.py", line 213, in <module>
    main(OpenSearchOperatorCharm)
  File "/var/lib/juju/agents/unit-opensearch-2/charm/venv/ops/main.py", line 549, in main
    manager = _Manager(charm_class, use_juju_for_storage=use_juju_for_storage)
  File "/var/lib/juju/agents/unit-opensearch-2/charm/venv/ops/main.py", line 432, in __init__
    self.charm = self._make_charm(self.framework, self.dispatcher)
  File "/var/lib/juju/agents/unit-opensearch-2/charm/venv/ops/main.py", line 435, in _make_charm
    charm = self._charm_class(framework)
  File "/var/lib/juju/agents/unit-opensearch-2/charm/./src/charm.py", line 29, in __init__
    super().__init__(*args, distro=OpenSearchSnap)  # OpenSearchTarball
  File "/var/lib/juju/agents/unit-opensearch-2/charm/lib/charms/opensearch/v0/opensearch_base_charm.py", line 197, in __init__
    self.backup = backup(self)
  File "/var/lib/juju/agents/unit-opensearch-2/charm/lib/charms/opensearch/v0/opensearch_backups.py", line 1080, in backup
    if not charm.opensearch_peer_cm.deployment_desc():
  File "/var/lib/juju/agents/unit-opensearch-2/charm/lib/charms/opensearch/v0/opensearch_peer_clusters.py", line 358, in deployment_desc
    return DeploymentDescription.from_dict(current_deployment_desc)
  File "/var/lib/juju/agents/unit-opensearch-2/charm/lib/charms/opensearch/v0/models.py", line 47, in from_dict
    return cls(**input_dict)
  File "/var/lib/juju/agents/unit-opensearch-2/charm/lib/charms/opensearch/v0/models.py", line 32, in __init__
    super().__init__(**data)
  File "/var/lib/juju/agents/unit-opensearch-2/charm/venv/pydantic/main.py", line 341, in __init__
    raise validation_error
pydantic.error_wrappers.ValidationError: 1 validation error for DeploymentDescription
app
  value is not a valid dict (type=type_error.dict)
unit-opensearch-2: 02:35:56 ERROR juju.worker.uniter.operation hook "upgrade-charm" (via hook dispatching script: dispatch) failed: exit status 1
unit-opensearch-0: 02:40:42 ERROR unit.opensearch/0.juju-log Uncaught exception while in charm code:
Traceback (most recent call last):
  File "/var/lib/juju/agents/unit-opensearch-0/charm/./src/charm.py", line 213, in <module>
    main(OpenSearchOperatorCharm)
  File "/var/lib/juju/agents/unit-opensearch-0/charm/venv/ops/main.py", line 549, in main
    manager = _Manager(charm_class, use_juju_for_storage=use_juju_for_storage)
  File "/var/lib/juju/agents/unit-opensearch-0/charm/venv/ops/main.py", line 432, in __init__
    self.charm = self._make_charm(self.framework, self.dispatcher)
  File "/var/lib/juju/agents/unit-opensearch-0/charm/venv/ops/main.py", line 435, in _make_charm
    charm = self._charm_class(framework)
  File "/var/lib/juju/agents/unit-opensearch-0/charm/./src/charm.py", line 29, in __init__
    super().__init__(*args, distro=OpenSearchSnap)  # OpenSearchTarball
  File "/var/lib/juju/agents/unit-opensearch-0/charm/lib/charms/opensearch/v0/opensearch_base_charm.py", line 197, in __init__
    self.backup = backup(self)
  File "/var/lib/juju/agents/unit-opensearch-0/charm/lib/charms/opensearch/v0/opensearch_backups.py", line 1080, in backup
    if not charm.opensearch_peer_cm.deployment_desc():
  File "/var/lib/juju/agents/unit-opensearch-0/charm/lib/charms/opensearch/v0/opensearch_peer_clusters.py", line 358, in deployment_desc
    return DeploymentDescription.from_dict(current_deployment_desc)
  File "/var/lib/juju/agents/unit-opensearch-0/charm/lib/charms/opensearch/v0/models.py", line 47, in from_dict
    return cls(**input_dict)
  File "/var/lib/juju/agents/unit-opensearch-0/charm/lib/charms/opensearch/v0/models.py", line 32, in __init__
    super().__init__(**data)
  File "/var/lib/juju/agents/unit-opensearch-0/charm/venv/pydantic/main.py", line 341, in __init__
    raise validation_error
pydantic.error_wrappers.ValidationError: 1 validation error for DeploymentDescription
app
  value is not a valid dict (type=type_error.dict)
unit-opensearch-0: 02:40:43 ERROR juju.worker.uniter.operation hook "upgrade-charm" (via hook dispatching script: dispatch) failed: exit status 1
unit-opensearch-1: 02:40:54 ERROR unit.opensearch/1.juju-log Uncaught exception while in charm code:
Traceback (most recent call last):
  File "/var/lib/juju/agents/unit-opensearch-1/charm/./src/charm.py", line 213, in <module>
    main(OpenSearchOperatorCharm)
  File "/var/lib/juju/agents/unit-opensearch-1/charm/venv/ops/main.py", line 549, in main
    manager = _Manager(charm_class, use_juju_for_storage=use_juju_for_storage)
  File "/var/lib/juju/agents/unit-opensearch-1/charm/venv/ops/main.py", line 432, in __init__
    self.charm = self._make_charm(self.framework, self.dispatcher)
  File "/var/lib/juju/agents/unit-opensearch-1/charm/venv/ops/main.py", line 435, in _make_charm
    charm = self._charm_class(framework)
  File "/var/lib/juju/agents/unit-opensearch-1/charm/./src/charm.py", line 29, in __init__
    super().__init__(*args, distro=OpenSearchSnap)  # OpenSearchTarball
  File "/var/lib/juju/agents/unit-opensearch-1/charm/lib/charms/opensearch/v0/opensearch_base_charm.py", line 197, in __init__
    self.backup = backup(self)
  File "/var/lib/juju/agents/unit-opensearch-1/charm/lib/charms/opensearch/v0/opensearch_backups.py", line 1080, in backup
    if not charm.opensearch_peer_cm.deployment_desc():
  File "/var/lib/juju/agents/unit-opensearch-1/charm/lib/charms/opensearch/v0/opensearch_peer_clusters.py", line 358, in deployment_desc
    return DeploymentDescription.from_dict(current_deployment_desc)
  File "/var/lib/juju/agents/unit-opensearch-1/charm/lib/charms/opensearch/v0/models.py", line 47, in from_dict
    return cls(**input_dict)
  File "/var/lib/juju/agents/unit-opensearch-1/charm/lib/charms/opensearch/v0/models.py", line 32, in __init__
    super().__init__(**data)
  File "/var/lib/juju/agents/unit-opensearch-1/charm/venv/pydantic/main.py", line 341, in __init__
    raise validation_error
pydantic.error_wrappers.ValidationError: 1 validation error for DeploymentDescription
app
  value is not a valid dict (type=type_error.dict)
unit-opensearch-1: 02:40:55 ERROR juju.worker.uniter.operation hook "upgrade-charm" (via hook dispatching script: dispatch) failed: exit status 1
unit-opensearch-2: 02:40:57 ERROR unit.opensearch/2.juju-log Uncaught exception while in charm code:
Traceback (most recent call last):
  File "/var/lib/juju/agents/unit-opensearch-2/charm/./src/charm.py", line 213, in <module>
    main(OpenSearchOperatorCharm)
  File "/var/lib/juju/agents/unit-opensearch-2/charm/venv/ops/main.py", line 549, in main
    manager = _Manager(charm_class, use_juju_for_storage=use_juju_for_storage)
  File "/var/lib/juju/agents/unit-opensearch-2/charm/venv/ops/main.py", line 432, in __init__
    self.charm = self._make_charm(self.framework, self.dispatcher)
  File "/var/lib/juju/agents/unit-opensearch-2/charm/venv/ops/main.py", line 435, in _make_charm
    charm = self._charm_class(framework)
  File "/var/lib/juju/agents/unit-opensearch-2/charm/./src/charm.py", line 29, in __init__
    super().__init__(*args, distro=OpenSearchSnap)  # OpenSearchTarball
  File "/var/lib/juju/agents/unit-opensearch-2/charm/lib/charms/opensearch/v0/opensearch_base_charm.py", line 197, in __init__
    self.backup = backup(self)
  File "/var/lib/juju/agents/unit-opensearch-2/charm/lib/charms/opensearch/v0/opensearch_backups.py", line 1080, in backup
    if not charm.opensearch_peer_cm.deployment_desc():
  File "/var/lib/juju/agents/unit-opensearch-2/charm/lib/charms/opensearch/v0/opensearch_peer_clusters.py", line 358, in deployment_desc
    return DeploymentDescription.from_dict(current_deployment_desc)
  File "/var/lib/juju/agents/unit-opensearch-2/charm/lib/charms/opensearch/v0/models.py", line 47, in from_dict
    return cls(**input_dict)
  File "/var/lib/juju/agents/unit-opensearch-2/charm/lib/charms/opensearch/v0/models.py", line 32, in __init__
    super().__init__(**data)
  File "/var/lib/juju/agents/unit-opensearch-2/charm/venv/pydantic/main.py", line 341, in __init__
    raise validation_error
pydantic.error_wrappers.ValidationError: 1 validation error for DeploymentDescription
app
  value is not a valid dict (type=type_error.dict)
unit-opensearch-2: 02:40:57 ERROR juju.worker.uniter.operation hook "upgrade-charm" (via hook dispatching script: dispatch) failed: exit status 1
unit-opensearch-0: 02:45:44 ERROR unit.opensearch/0.juju-log Uncaught exception while in charm code:
Traceback (most recent call last):
  File "/var/lib/juju/agents/unit-opensearch-0/charm/./src/charm.py", line 213, in <module>
    main(OpenSearchOperatorCharm)
  File "/var/lib/juju/agents/unit-opensearch-0/charm/venv/ops/main.py", line 549, in main
    manager = _Manager(charm_class, use_juju_for_storage=use_juju_for_storage)
  File "/var/lib/juju/agents/unit-opensearch-0/charm/venv/ops/main.py", line 432, in __init__
    self.charm = self._make_charm(self.framework, self.dispatcher)
  File "/var/lib/juju/agents/unit-opensearch-0/charm/venv/ops/main.py", line 435, in _make_charm
    charm = self._charm_class(framework)
  File "/var/lib/juju/agents/unit-opensearch-0/charm/./src/charm.py", line 29, in __init__
    super().__init__(*args, distro=OpenSearchSnap)  # OpenSearchTarball
  File "/var/lib/juju/agents/unit-opensearch-0/charm/lib/charms/opensearch/v0/opensearch_base_charm.py", line 197, in __init__
    self.backup = backup(self)
  File "/var/lib/juju/agents/unit-opensearch-0/charm/lib/charms/opensearch/v0/opensearch_backups.py", line 1080, in backup
    if not charm.opensearch_peer_cm.deployment_desc():
  File "/var/lib/juju/agents/unit-opensearch-0/charm/lib/charms/opensearch/v0/opensearch_peer_clusters.py", line 358, in deployment_desc
    return DeploymentDescription.from_dict(current_deployment_desc)
  File "/var/lib/juju/agents/unit-opensearch-0/charm/lib/charms/opensearch/v0/models.py", line 47, in from_dict
    return cls(**input_dict)
  File "/var/lib/juju/agents/unit-opensearch-0/charm/lib/charms/opensearch/v0/models.py", line 32, in __init__
    super().__init__(**data)
  File "/var/lib/juju/agents/unit-opensearch-0/charm/venv/pydantic/main.py", line 341, in __init__
    raise validation_error
pydantic.error_wrappers.ValidationError: 1 validation error for DeploymentDescription
app
  value is not a valid dict (type=type_error.dict)
unit-opensearch-0: 02:45:44 ERROR juju.worker.uniter.operation hook "upgrade-charm" (via hook dispatching script: dispatch) failed: exit status 1
unit-opensearch-1: 02:45:56 ERROR unit.opensearch/1.juju-log Uncaught exception while in charm code:
Traceback (most recent call last):
  File "/var/lib/juju/agents/unit-opensearch-1/charm/./src/charm.py", line 213, in <module>
    main(OpenSearchOperatorCharm)
  File "/var/lib/juju/agents/unit-opensearch-1/charm/venv/ops/main.py", line 549, in main
    manager = _Manager(charm_class, use_juju_for_storage=use_juju_for_storage)
  File "/var/lib/juju/agents/unit-opensearch-1/charm/venv/ops/main.py", line 432, in __init__
    self.charm = self._make_charm(self.framework, self.dispatcher)
  File "/var/lib/juju/agents/unit-opensearch-1/charm/venv/ops/main.py", line 435, in _make_charm
    charm = self._charm_class(framework)
  File "/var/lib/juju/agents/unit-opensearch-1/charm/./src/charm.py", line 29, in __init__
    super().__init__(*args, distro=OpenSearchSnap)  # OpenSearchTarball
  File "/var/lib/juju/agents/unit-opensearch-1/charm/lib/charms/opensearch/v0/opensearch_base_charm.py", line 197, in __init__
    self.backup = backup(self)
  File "/var/lib/juju/agents/unit-opensearch-1/charm/lib/charms/opensearch/v0/opensearch_backups.py", line 1080, in backup
    if not charm.opensearch_peer_cm.deployment_desc():
  File "/var/lib/juju/agents/unit-opensearch-1/charm/lib/charms/opensearch/v0/opensearch_peer_clusters.py", line 358, in deployment_desc
    return DeploymentDescription.from_dict(current_deployment_desc)
  File "/var/lib/juju/agents/unit-opensearch-1/charm/lib/charms/opensearch/v0/models.py", line 47, in from_dict
    return cls(**input_dict)
  File "/var/lib/juju/agents/unit-opensearch-1/charm/lib/charms/opensearch/v0/models.py", line 32, in __init__
    super().__init__(**data)
  File "/var/lib/juju/agents/unit-opensearch-1/charm/venv/pydantic/main.py", line 341, in __init__
    raise validation_error
pydantic.error_wrappers.ValidationError: 1 validation error for DeploymentDescription
app
  value is not a valid dict (type=type_error.dict)
unit-opensearch-1: 02:45:56 ERROR juju.worker.uniter.operation hook "upgrade-charm" (via hook dispatching script: dispatch) failed: exit status 1
unit-opensearch-2: 02:45:58 ERROR unit.opensearch/2.juju-log Uncaught exception while in charm code:
Traceback (most recent call last):
  File "/var/lib/juju/agents/unit-opensearch-2/charm/./src/charm.py", line 213, in <module>
    main(OpenSearchOperatorCharm)
  File "/var/lib/juju/agents/unit-opensearch-2/charm/venv/ops/main.py", line 549, in main
    manager = _Manager(charm_class, use_juju_for_storage=use_juju_for_storage)
  File "/var/lib/juju/agents/unit-opensearch-2/charm/venv/ops/main.py", line 432, in __init__
    self.charm = self._make_charm(self.framework, self.dispatcher)
  File "/var/lib/juju/agents/unit-opensearch-2/charm/venv/ops/main.py", line 435, in _make_charm
    charm = self._charm_class(framework)
  File "/var/lib/juju/agents/unit-opensearch-2/charm/./src/charm.py", line 29, in __init__
    super().__init__(*args, distro=OpenSearchSnap)  # OpenSearchTarball
  File "/var/lib/juju/agents/unit-opensearch-2/charm/lib/charms/opensearch/v0/opensearch_base_charm.py", line 197, in __init__
    self.backup = backup(self)
  File "/var/lib/juju/agents/unit-opensearch-2/charm/lib/charms/opensearch/v0/opensearch_backups.py", line 1080, in backup
    if not charm.opensearch_peer_cm.deployment_desc():
  File "/var/lib/juju/agents/unit-opensearch-2/charm/lib/charms/opensearch/v0/opensearch_peer_clusters.py", line 358, in deployment_desc
    return DeploymentDescription.from_dict(current_deployment_desc)
  File "/var/lib/juju/agents/unit-opensearch-2/charm/lib/charms/opensearch/v0/models.py", line 47, in from_dict
    return cls(**input_dict)
  File "/var/lib/juju/agents/unit-opensearch-2/charm/lib/charms/opensearch/v0/models.py", line 32, in __init__
    super().__init__(**data)
  File "/var/lib/juju/agents/unit-opensearch-2/charm/venv/pydantic/main.py", line 341, in __init__
    raise validation_error
pydantic.error_wrappers.ValidationError: 1 validation error for DeploymentDescription
app
  value is not a valid dict (type=type_error.dict)
unit-opensearch-2: 02:45:58 ERROR juju.worker.uniter.operation hook "upgrade-charm" (via hook dispatching script: dispatch) failed: exit status 1
unit-opensearch-0: 02:50:45 ERROR unit.opensearch/0.juju-log Uncaught exception while in charm code:
Traceback (most recent call last):
  File "/var/lib/juju/agents/unit-opensearch-0/charm/./src/charm.py", line 213, in <module>
    main(OpenSearchOperatorCharm)
  File "/var/lib/juju/agents/unit-opensearch-0/charm/venv/ops/main.py", line 549, in main
    manager = _Manager(charm_class, use_juju_for_storage=use_juju_for_storage)
  File "/var/lib/juju/agents/unit-opensearch-0/charm/venv/ops/main.py", line 432, in __init__
    self.charm = self._make_charm(self.framework, self.dispatcher)
  File "/var/lib/juju/agents/unit-opensearch-0/charm/venv/ops/main.py", line 435, in _make_charm
    charm = self._charm_class(framework)
  File "/var/lib/juju/agents/unit-opensearch-0/charm/./src/charm.py", line 29, in __init__
    super().__init__(*args, distro=OpenSearchSnap)  # OpenSearchTarball
  File "/var/lib/juju/agents/unit-opensearch-0/charm/lib/charms/opensearch/v0/opensearch_base_charm.py", line 197, in __init__
    self.backup = backup(self)
  File "/var/lib/juju/agents/unit-opensearch-0/charm/lib/charms/opensearch/v0/opensearch_backups.py", line 1080, in backup
    if not charm.opensearch_peer_cm.deployment_desc():
  File "/var/lib/juju/agents/unit-opensearch-0/charm/lib/charms/opensearch/v0/opensearch_peer_clusters.py", line 358, in deployment_desc
    return DeploymentDescription.from_dict(current_deployment_desc)
  File "/var/lib/juju/agents/unit-opensearch-0/charm/lib/charms/opensearch/v0/models.py", line 47, in from_dict
    return cls(**input_dict)
  File "/var/lib/juju/agents/unit-opensearch-0/charm/lib/charms/opensearch/v0/models.py", line 32, in __init__
    super().__init__(**data)
  File "/var/lib/juju/agents/unit-opensearch-0/charm/venv/pydantic/main.py", line 341, in __init__
    raise validation_error
pydantic.error_wrappers.ValidationError: 1 validation error for DeploymentDescription
app
  value is not a valid dict (type=type_error.dict)
unit-opensearch-0: 02:50:45 ERROR juju.worker.uniter.operation hook "upgrade-charm" (via hook dispatching script: dispatch) failed: exit status 1
unit-opensearch-1: 02:50:57 ERROR unit.opensearch/1.juju-log Uncaught exception while in charm code:
Traceback (most recent call last):
  File "/var/lib/juju/agents/unit-opensearch-1/charm/./src/charm.py", line 213, in <module>
    main(OpenSearchOperatorCharm)
  File "/var/lib/juju/agents/unit-opensearch-1/charm/venv/ops/main.py", line 549, in main
    manager = _Manager(charm_class, use_juju_for_storage=use_juju_for_storage)
  File "/var/lib/juju/agents/unit-opensearch-1/charm/venv/ops/main.py", line 432, in __init__
    self.charm = self._make_charm(self.framework, self.dispatcher)
  File "/var/lib/juju/agents/unit-opensearch-1/charm/venv/ops/main.py", line 435, in _make_charm
    charm = self._charm_class(framework)
  File "/var/lib/juju/agents/unit-opensearch-1/charm/./src/charm.py", line 29, in __init__
    super().__init__(*args, distro=OpenSearchSnap)  # OpenSearchTarball
  File "/var/lib/juju/agents/unit-opensearch-1/charm/lib/charms/opensearch/v0/opensearch_base_charm.py", line 197, in __init__
    self.backup = backup(self)
  File "/var/lib/juju/agents/unit-opensearch-1/charm/lib/charms/opensearch/v0/opensearch_backups.py", line 1080, in backup
    if not charm.opensearch_peer_cm.deployment_desc():
  File "/var/lib/juju/agents/unit-opensearch-1/charm/lib/charms/opensearch/v0/opensearch_peer_clusters.py", line 358, in deployment_desc
    return DeploymentDescription.from_dict(current_deployment_desc)
  File "/var/lib/juju/agents/unit-opensearch-1/charm/lib/charms/opensearch/v0/models.py", line 47, in from_dict
    return cls(**input_dict)
  File "/var/lib/juju/agents/unit-opensearch-1/charm/lib/charms/opensearch/v0/models.py", line 32, in __init__
    super().__init__(**data)
  File "/var/lib/juju/agents/unit-opensearch-1/charm/venv/pydantic/main.py", line 341, in __init__
    raise validation_error
pydantic.error_wrappers.ValidationError: 1 validation error for DeploymentDescription
app
  value is not a valid dict (type=type_error.dict)
unit-opensearch-1: 02:50:57 ERROR juju.worker.uniter.operation hook "upgrade-charm" (via hook dispatching script: dispatch) failed: exit status 1
unit-opensearch-2: 02:50:59 ERROR unit.opensearch/2.juju-log Uncaught exception while in charm code:
Traceback (most recent call last):
  File "/var/lib/juju/agents/unit-opensearch-2/charm/./src/charm.py", line 213, in <module>
    main(OpenSearchOperatorCharm)
  File "/var/lib/juju/agents/unit-opensearch-2/charm/venv/ops/main.py", line 549, in main
    manager = _Manager(charm_class, use_juju_for_storage=use_juju_for_storage)
  File "/var/lib/juju/agents/unit-opensearch-2/charm/venv/ops/main.py", line 432, in __init__
    self.charm = self._make_charm(self.framework, self.dispatcher)
  File "/var/lib/juju/agents/unit-opensearch-2/charm/venv/ops/main.py", line 435, in _make_charm
    charm = self._charm_class(framework)
  File "/var/lib/juju/agents/unit-opensearch-2/charm/./src/charm.py", line 29, in __init__
    super().__init__(*args, distro=OpenSearchSnap)  # OpenSearchTarball
  File "/var/lib/juju/agents/unit-opensearch-2/charm/lib/charms/opensearch/v0/opensearch_base_charm.py", line 197, in __init__
    self.backup = backup(self)
  File "/var/lib/juju/agents/unit-opensearch-2/charm/lib/charms/opensearch/v0/opensearch_backups.py", line 1080, in backup
    if not charm.opensearch_peer_cm.deployment_desc():
  File "/var/lib/juju/agents/unit-opensearch-2/charm/lib/charms/opensearch/v0/opensearch_peer_clusters.py", line 358, in deployment_desc
    return DeploymentDescription.from_dict(current_deployment_desc)
  File "/var/lib/juju/agents/unit-opensearch-2/charm/lib/charms/opensearch/v0/models.py", line 47, in from_dict
    return cls(**input_dict)
  File "/var/lib/juju/agents/unit-opensearch-2/charm/lib/charms/opensearch/v0/models.py", line 32, in __init__
    super().__init__(**data)
  File "/var/lib/juju/agents/unit-opensearch-2/charm/venv/pydantic/main.py", line 341, in __init__
    raise validation_error
pydantic.error_wrappers.ValidationError: 1 validation error for DeploymentDescription
app
  value is not a valid dict (type=type_error.dict)
unit-opensearch-2: 02:50:59 ERROR juju.worker.uniter.operation hook "upgrade-charm" (via hook dispatching script: dispatch) failed: exit status 1
unit-opensearch-0: 02:55:46 ERROR unit.opensearch/0.juju-log Uncaught exception while in charm code:
Traceback (most recent call last):
  File "/var/lib/juju/agents/unit-opensearch-0/charm/./src/charm.py", line 213, in <module>
    main(OpenSearchOperatorCharm)
  File "/var/lib/juju/agents/unit-opensearch-0/charm/venv/ops/main.py", line 549, in main
    manager = _Manager(charm_class, use_juju_for_storage=use_juju_for_storage)
  File "/var/lib/juju/agents/unit-opensearch-0/charm/venv/ops/main.py", line 432, in __init__
    self.charm = self._make_charm(self.framework, self.dispatcher)
  File "/var/lib/juju/agents/unit-opensearch-0/charm/venv/ops/main.py", line 435, in _make_charm
    charm = self._charm_class(framework)
  File "/var/lib/juju/agents/unit-opensearch-0/charm/./src/charm.py", line 29, in __init__
    super().__init__(*args, distro=OpenSearchSnap)  # OpenSearchTarball
  File "/var/lib/juju/agents/unit-opensearch-0/charm/lib/charms/opensearch/v0/opensearch_base_charm.py", line 197, in __init__
    self.backup = backup(self)
  File "/var/lib/juju/agents/unit-opensearch-0/charm/lib/charms/opensearch/v0/opensearch_backups.py", line 1080, in backup
    if not charm.opensearch_peer_cm.deployment_desc():
  File "/var/lib/juju/agents/unit-opensearch-0/charm/lib/charms/opensearch/v0/opensearch_peer_clusters.py", line 358, in deployment_desc
    return DeploymentDescription.from_dict(current_deployment_desc)
  File "/var/lib/juju/agents/unit-opensearch-0/charm/lib/charms/opensearch/v0/models.py", line 47, in from_dict
    return cls(**input_dict)
  File "/var/lib/juju/agents/unit-opensearch-0/charm/lib/charms/opensearch/v0/models.py", line 32, in __init__
    super().__init__(**data)
  File "/var/lib/juju/agents/unit-opensearch-0/charm/venv/pydantic/main.py", line 341, in __init__
    raise validation_error
pydantic.error_wrappers.ValidationError: 1 validation error for DeploymentDescription
app
  value is not a valid dict (type=type_error.dict)
unit-opensearch-0: 02:55:47 ERROR juju.worker.uniter.operation hook "upgrade-charm" (via hook dispatching script: dispatch) failed: exit status 1
unit-opensearch-1: 02:55:58 ERROR unit.opensearch/1.juju-log Uncaught exception while in charm code:
Traceback (most recent call last):
  File "/var/lib/juju/agents/unit-opensearch-1/charm/./src/charm.py", line 213, in <module>
    main(OpenSearchOperatorCharm)
  File "/var/lib/juju/agents/unit-opensearch-1/charm/venv/ops/main.py", line 549, in main
    manager = _Manager(charm_class, use_juju_for_storage=use_juju_for_storage)
  File "/var/lib/juju/agents/unit-opensearch-1/charm/venv/ops/main.py", line 432, in __init__
    self.charm = self._make_charm(self.framework, self.dispatcher)
  File "/var/lib/juju/agents/unit-opensearch-1/charm/venv/ops/main.py", line 435, in _make_charm
    charm = self._charm_class(framework)
  File "/var/lib/juju/agents/unit-opensearch-1/charm/./src/charm.py", line 29, in __init__
    super().__init__(*args, distro=OpenSearchSnap)  # OpenSearchTarball
  File "/var/lib/juju/agents/unit-opensearch-1/charm/lib/charms/opensearch/v0/opensearch_base_charm.py", line 197, in __init__
    self.backup = backup(self)
  File "/var/lib/juju/agents/unit-opensearch-1/charm/lib/charms/opensearch/v0/opensearch_backups.py", line 1080, in backup
    if not charm.opensearch_peer_cm.deployment_desc():
  File "/var/lib/juju/agents/unit-opensearch-1/charm/lib/charms/opensearch/v0/opensearch_peer_clusters.py", line 358, in deployment_desc
    return DeploymentDescription.from_dict(current_deployment_desc)
  File "/var/lib/juju/agents/unit-opensearch-1/charm/lib/charms/opensearch/v0/models.py", line 47, in from_dict
    return cls(**input_dict)
  File "/var/lib/juju/agents/unit-opensearch-1/charm/lib/charms/opensearch/v0/models.py", line 32, in __init__
    super().__init__(**data)
  File "/var/lib/juju/agents/unit-opensearch-1/charm/venv/pydantic/main.py", line 341, in __init__
    raise validation_error
pydantic.error_wrappers.ValidationError: 1 validation error for DeploymentDescription
app
  value is not a valid dict (type=type_error.dict)
unit-opensearch-1: 02:55:58 ERROR juju.worker.uniter.operation hook "upgrade-charm" (via hook dispatching script: dispatch) failed: exit status 1
unit-opensearch-2: 02:56:01 ERROR unit.opensearch/2.juju-log Uncaught exception while in charm code:
Traceback (most recent call last):
  File "/var/lib/juju/agents/unit-opensearch-2/charm/./src/charm.py", line 213, in <module>
    main(OpenSearchOperatorCharm)
  File "/var/lib/juju/agents/unit-opensearch-2/charm/venv/ops/main.py", line 549, in main
    manager = _Manager(charm_class, use_juju_for_storage=use_juju_for_storage)
  File "/var/lib/juju/agents/unit-opensearch-2/charm/venv/ops/main.py", line 432, in __init__
    self.charm = self._make_charm(self.framework, self.dispatcher)
  File "/var/lib/juju/agents/unit-opensearch-2/charm/venv/ops/main.py", line 435, in _make_charm
    charm = self._charm_class(framework)
  File "/var/lib/juju/agents/unit-opensearch-2/charm/./src/charm.py", line 29, in __init__
    super().__init__(*args, distro=OpenSearchSnap)  # OpenSearchTarball
  File "/var/lib/juju/agents/unit-opensearch-2/charm/lib/charms/opensearch/v0/opensearch_base_charm.py", line 197, in __init__
    self.backup = backup(self)
  File "/var/lib/juju/agents/unit-opensearch-2/charm/lib/charms/opensearch/v0/opensearch_backups.py", line 1080, in backup
    if not charm.opensearch_peer_cm.deployment_desc():
  File "/var/lib/juju/agents/unit-opensearch-2/charm/lib/charms/opensearch/v0/opensearch_peer_clusters.py", line 358, in deployment_desc
    return DeploymentDescription.from_dict(current_deployment_desc)
  File "/var/lib/juju/agents/unit-opensearch-2/charm/lib/charms/opensearch/v0/models.py", line 47, in from_dict
    return cls(**input_dict)
  File "/var/lib/juju/agents/unit-opensearch-2/charm/lib/charms/opensearch/v0/models.py", line 32, in __init__
    super().__init__(**data)
  File "/var/lib/juju/agents/unit-opensearch-2/charm/venv/pydantic/main.py", line 341, in __init__
    raise validation_error
pydantic.error_wrappers.ValidationError: 1 validation error for DeploymentDescription
app
  value is not a valid dict (type=type_error.dict)
unit-opensearch-2: 02:56:01 ERROR juju.worker.uniter.operation hook "upgrade-charm" (via hook dispatching script: dispatch) failed: exit status 1
unit-opensearch-0: 03:00:48 ERROR unit.opensearch/0.juju-log Uncaught exception while in charm code:
Traceback (most recent call last):
  File "/var/lib/juju/agents/unit-opensearch-0/charm/./src/charm.py", line 213, in <module>
    main(OpenSearchOperatorCharm)
  File "/var/lib/juju/agents/unit-opensearch-0/charm/venv/ops/main.py", line 549, in main
    manager = _Manager(charm_class, use_juju_for_storage=use_juju_for_storage)
  File "/var/lib/juju/agents/unit-opensearch-0/charm/venv/ops/main.py", line 432, in __init__
    self.charm = self._make_charm(self.framework, self.dispatcher)
  File "/var/lib/juju/agents/unit-opensearch-0/charm/venv/ops/main.py", line 435, in _make_charm
    charm = self._charm_class(framework)
  File "/var/lib/juju/agents/unit-opensearch-0/charm/./src/charm.py", line 29, in __init__
    super().__init__(*args, distro=OpenSearchSnap)  # OpenSearchTarball
  File "/var/lib/juju/agents/unit-opensearch-0/charm/lib/charms/opensearch/v0/opensearch_base_charm.py", line 197, in __init__
    self.backup = backup(self)
  File "/var/lib/juju/agents/unit-opensearch-0/charm/lib/charms/opensearch/v0/opensearch_backups.py", line 1080, in backup
    if not charm.opensearch_peer_cm.deployment_desc():
  File "/var/lib/juju/agents/unit-opensearch-0/charm/lib/charms/opensearch/v0/opensearch_peer_clusters.py", line 358, in deployment_desc
    return DeploymentDescription.from_dict(current_deployment_desc)
  File "/var/lib/juju/agents/unit-opensearch-0/charm/lib/charms/opensearch/v0/models.py", line 47, in from_dict
    return cls(**input_dict)
  File "/var/lib/juju/agents/unit-opensearch-0/charm/lib/charms/opensearch/v0/models.py", line 32, in __init__
    super().__init__(**data)
  File "/var/lib/juju/agents/unit-opensearch-0/charm/venv/pydantic/main.py", line 341, in __init__
    raise validation_error
pydantic.error_wrappers.ValidationError: 1 validation error for DeploymentDescription
app
  value is not a valid dict (type=type_error.dict)
unit-opensearch-0: 03:00:48 ERROR juju.worker.uniter.operation hook "upgrade-charm" (via hook dispatching script: dispatch) failed: exit status 1
unit-opensearch-1: 03:00:59 ERROR unit.opensearch/1.juju-log Uncaught exception while in charm code:
Traceback (most recent call last):
  File "/var/lib/juju/agents/unit-opensearch-1/charm/./src/charm.py", line 213, in <module>
    main(OpenSearchOperatorCharm)
  File "/var/lib/juju/agents/unit-opensearch-1/charm/venv/ops/main.py", line 549, in main
    manager = _Manager(charm_class, use_juju_for_storage=use_juju_for_storage)
  File "/var/lib/juju/agents/unit-opensearch-1/charm/venv/ops/main.py", line 432, in __init__
    self.charm = self._make_charm(self.framework, self.dispatcher)
  File "/var/lib/juju/agents/unit-opensearch-1/charm/venv/ops/main.py", line 435, in _make_charm
    charm = self._charm_class(framework)
  File "/var/lib/juju/agents/unit-opensearch-1/charm/./src/charm.py", line 29, in __init__
    super().__init__(*args, distro=OpenSearchSnap)  # OpenSearchTarball
  File "/var/lib/juju/agents/unit-opensearch-1/charm/lib/charms/opensearch/v0/opensearch_base_charm.py", line 197, in __init__
    self.backup = backup(self)
  File "/var/lib/juju/agents/unit-opensearch-1/charm/lib/charms/opensearch/v0/opensearch_backups.py", line 1080, in backup
    if not charm.opensearch_peer_cm.deployment_desc():
  File "/var/lib/juju/agents/unit-opensearch-1/charm/lib/charms/opensearch/v0/opensearch_peer_clusters.py", line 358, in deployment_desc
    return DeploymentDescription.from_dict(current_deployment_desc)
  File "/var/lib/juju/agents/unit-opensearch-1/charm/lib/charms/opensearch/v0/models.py", line 47, in from_dict
    return cls(**input_dict)
  File "/var/lib/juju/agents/unit-opensearch-1/charm/lib/charms/opensearch/v0/models.py", line 32, in __init__
    super().__init__(**data)
  File "/var/lib/juju/agents/unit-opensearch-1/charm/venv/pydantic/main.py", line 341, in __init__
    raise validation_error
pydantic.error_wrappers.ValidationError: 1 validation error for DeploymentDescription
app
  value is not a valid dict (type=type_error.dict)
unit-opensearch-1: 03:01:00 ERROR juju.worker.uniter.operation hook "upgrade-charm" (via hook dispatching script: dispatch) failed: exit status 1
unit-opensearch-2: 03:01:02 ERROR unit.opensearch/2.juju-log Uncaught exception while in charm code:
Traceback (most recent call last):
  File "/var/lib/juju/agents/unit-opensearch-2/charm/./src/charm.py", line 213, in <module>
    main(OpenSearchOperatorCharm)
  File "/var/lib/juju/agents/unit-opensearch-2/charm/venv/ops/main.py", line 549, in main
    manager = _Manager(charm_class, use_juju_for_storage=use_juju_for_storage)
  File "/var/lib/juju/agents/unit-opensearch-2/charm/venv/ops/main.py", line 432, in __init__
    self.charm = self._make_charm(self.framework, self.dispatcher)
  File "/var/lib/juju/agents/unit-opensearch-2/charm/venv/ops/main.py", line 435, in _make_charm
    charm = self._charm_class(framework)
  File "/var/lib/juju/agents/unit-opensearch-2/charm/./src/charm.py", line 29, in __init__
    super().__init__(*args, distro=OpenSearchSnap)  # OpenSearchTarball
  File "/var/lib/juju/agents/unit-opensearch-2/charm/lib/charms/opensearch/v0/opensearch_base_charm.py", line 197, in __init__
    self.backup = backup(self)
  File "/var/lib/juju/agents/unit-opensearch-2/charm/lib/charms/opensearch/v0/opensearch_backups.py", line 1080, in backup
    if not charm.opensearch_peer_cm.deployment_desc():
  File "/var/lib/juju/agents/unit-opensearch-2/charm/lib/charms/opensearch/v0/opensearch_peer_clusters.py", line 358, in deployment_desc
    return DeploymentDescription.from_dict(current_deployment_desc)
  File "/var/lib/juju/agents/unit-opensearch-2/charm/lib/charms/opensearch/v0/models.py", line 47, in from_dict
    return cls(**input_dict)
  File "/var/lib/juju/agents/unit-opensearch-2/charm/lib/charms/opensearch/v0/models.py", line 32, in __init__
    super().__init__(**data)
  File "/var/lib/juju/agents/unit-opensearch-2/charm/venv/pydantic/main.py", line 341, in __init__
    raise validation_error
pydantic.error_wrappers.ValidationError: 1 validation error for DeploymentDescription
app
  value is not a valid dict (type=type_error.dict)
unit-opensearch-2: 03:01:02 ERROR juju.worker.uniter.operation hook "upgrade-charm" (via hook dispatching script: dispatch) failed: exit status 1

[32mINFO    [0m pytest_operator.plugin:plugin.py:947 Forgetting model main...