[32mINFO    [0m integration.helpers_deployments:helpers_deployments.py:329 



[32mINFO    [0m integration.helpers_deployments:helpers_deployments.py:330 Model  Controller           Cloud/Region         Version  SLA          Timestamp
test   localhost-localhost  localhost/localhost  3.5.3    unsupported  02:45:26Z

App                       Version  Status   Scale  Charm                     Channel        Rev  Exposed  Message
opensearch-data                    active       2  opensearch                                 2  no       
opensearch-failover                blocked      1  opensearch                                 1  no       Cannot start. Waiting for peer cluster relation...
opensearch-main                    active       1  opensearch                                 0  no       
self-signed-certificates           active       1  self-signed-certificates  latest/stable  155  no       

Unit                         Workload  Agent      Machine  Public address  Ports     Message
opensearch-data/0*           active    executing  3        10.55.0.227     9200/tcp  
opensearch-data/1            active    executing  4        10.55.0.150     9200/tcp  
opensearch-failover/0*       active    executing  1        10.55.0.220               
opensearch-main/0*           active    executing  2        10.55.0.17      9200/tcp  
self-signed-certificates/0*  active    idle       0        10.55.0.106               

Machine  State    Address      Inst id        Base          AZ  Message
0        started  10.55.0.106  juju-8c52fc-0  ubuntu@22.04      Running
1        started  10.55.0.220  juju-8c52fc-1  ubuntu@22.04      Running
2        started  10.55.0.17   juju-8c52fc-2  ubuntu@22.04      Running
3        started  10.55.0.227  juju-8c52fc-3  ubuntu@22.04      Running
4        started  10.55.0.150  juju-8c52fc-4  ubuntu@22.04      Running

[32mINFO    [0m integration.helpers_deployments:helpers_deployments.py:337 


02:45:26 -- Waiting for model...
[32mINFO    [0m integration.helpers_deployments:helpers_deployments.py:277 	App: opensearch-main - Units - conditions unmet.
[32mINFO    [0m integration.helpers_deployments:helpers_deployments.py:278 
	app: opensearch active -- message: None
		opensearch-main-0.f57* -- (10.55.0.17) -- [executing (since: 02:45:26)] active: 

[32mINFO    [0m integration.helpers_deployments:helpers_deployments.py:337 


02:45:37 -- Waiting for model...
[32mINFO    [0m integration.helpers_deployments:helpers_deployments.py:277 	App: opensearch-main - Units - conditions unmet.
[32mINFO    [0m integration.helpers_deployments:helpers_deployments.py:278 
	app: opensearch active -- message: None
		opensearch-main-0.f57* -- (10.55.0.17) -- [idle (since: 02:45:36)] active: 

[32mINFO    [0m integration.helpers_deployments:helpers_deployments.py:337 


02:45:47 -- Waiting for model...
[32mINFO    [0m integration.helpers_deployments:helpers_deployments.py:277 	App: opensearch-main - Units - conditions unmet.
[32mINFO    [0m integration.helpers_deployments:helpers_deployments.py:278 
	app: opensearch active -- message: None
		opensearch-main-0.f57* -- (10.55.0.17) -- [idle (since: 02:45:36)] active: 

[32mINFO    [0m integration.helpers_deployments:helpers_deployments.py:337 


02:45:58 -- Waiting for model...
[32mINFO    [0m integration.helpers_deployments:helpers_deployments.py:277 	App: opensearch-main - Units - conditions unmet.
[32mINFO    [0m integration.helpers_deployments:helpers_deployments.py:278 
	app: opensearch active -- message: None
		opensearch-main-0.f57* -- (10.55.0.17) -- [idle (since: 02:45:36)] active: 

[32mINFO    [0m integration.helpers_deployments:helpers_deployments.py:337 


02:46:09 -- Waiting for model...
[32mINFO    [0m integration.helpers_deployments:helpers_deployments.py:277 	App: opensearch-main - Units - conditions unmet.
[32mINFO    [0m integration.helpers_deployments:helpers_deployments.py:278 
	app: opensearch active -- message: None
		opensearch-main-0.f57* -- (10.55.0.17) -- [idle (since: 02:45:36)] active: 

[32mINFO    [0m integration.helpers_deployments:helpers_deployments.py:337 


02:46:19 -- Waiting for model...
[32mINFO    [0m integration.helpers_deployments:helpers_deployments.py:277 	App: opensearch-main - Units - conditions unmet.
[32mINFO    [0m integration.helpers_deployments:helpers_deployments.py:278 
	app: opensearch active -- message: None
		opensearch-main-0.f57* -- (10.55.0.17) -- [idle (since: 02:45:36)] active: 

[32mINFO    [0m integration.helpers_deployments:helpers_deployments.py:337 


02:46:30 -- Waiting for model...
[32mINFO    [0m integration.helpers_deployments:helpers_deployments.py:277 	App: opensearch-main - Units - conditions unmet.
[32mINFO    [0m integration.helpers_deployments:helpers_deployments.py:278 
	app: opensearch active -- message: None
		opensearch-main-0.f57* -- (10.55.0.17) -- [idle (since: 02:45:36)] active: 

[32mINFO    [0m integration.helpers_deployments:helpers_deployments.py:337 


02:46:41 -- Waiting for model...
[32mINFO    [0m integration.helpers_deployments:helpers_deployments.py:277 	App: opensearch-main - Units - conditions unmet.
[32mINFO    [0m integration.helpers_deployments:helpers_deployments.py:278 
	app: opensearch active -- message: None
		opensearch-main-0.f57* -- (10.55.0.17) -- [idle (since: 02:45:36)] active: 

[32mINFO    [0m integration.helpers_deployments:helpers_deployments.py:337 


02:46:52 -- Waiting for model...
[32mINFO    [0m integration.helpers_deployments:helpers_deployments.py:277 	App: opensearch-data - Units - conditions unmet.
[32mINFO    [0m integration.helpers_deployments:helpers_deployments.py:278 
	app: opensearch active -- message: None
		opensearch-data-0.bb8* -- (10.55.0.227) -- [idle (since: 02:46:50)] active: 
		opensearch-data-1.bb8  -- (10.55.0.150) -- [idle (since: 02:46:50)] active: 

[32mINFO    [0m integration.helpers_deployments:helpers_deployments.py:337 


02:47:04 -- Waiting for model...
[32mINFO    [0m integration.helpers_deployments:helpers_deployments.py:277 	App: opensearch-data - Units - conditions unmet.
[32mINFO    [0m integration.helpers_deployments:helpers_deployments.py:278 
	app: opensearch active -- message: None
		opensearch-data-0.bb8* -- (10.55.0.227) -- [idle (since: 02:46:50)] active: 
		opensearch-data-1.bb8  -- (10.55.0.150) -- [idle (since: 02:46:50)] active: 

[32mINFO    [0m integration.helpers_deployments:helpers_deployments.py:337 


02:47:16 -- Waiting for model...
[32mINFO    [0m integration.helpers_deployments:helpers_deployments.py:277 	App: opensearch-data - Units - conditions unmet.
[32mINFO    [0m integration.helpers_deployments:helpers_deployments.py:278 
	app: opensearch active -- message: None
		opensearch-data-0.bb8* -- (10.55.0.227) -- [idle (since: 02:46:50)] active: 
		opensearch-data-1.bb8  -- (10.55.0.150) -- [idle (since: 02:46:50)] active: 

[32mINFO    [0m integration.helpers_deployments:helpers_deployments.py:337 


02:47:28 -- Waiting for model...
[32mINFO    [0m integration.helpers_deployments:helpers_deployments.py:277 	App: opensearch-data - Units - conditions unmet.
[32mINFO    [0m integration.helpers_deployments:helpers_deployments.py:278 
	app: opensearch active -- message: None
		opensearch-data-0.bb8* -- (10.55.0.227) -- [idle (since: 02:46:50)] active: 
		opensearch-data-1.bb8  -- (10.55.0.150) -- [idle (since: 02:46:50)] active: 

[32mINFO    [0m integration.helpers_deployments:helpers_deployments.py:337 


02:47:40 -- Waiting for model...
[32mINFO    [0m integration.helpers_deployments:helpers_deployments.py:277 	App: opensearch-data - Units - conditions unmet.
[32mINFO    [0m integration.helpers_deployments:helpers_deployments.py:278 
	app: opensearch active -- message: None
		opensearch-data-0.bb8* -- (10.55.0.227) -- [idle (since: 02:46:50)] active: 
		opensearch-data-1.bb8  -- (10.55.0.150) -- [idle (since: 02:46:50)] active: 

[32mINFO    [0m integration.helpers_deployments:helpers_deployments.py:337 


02:47:52 -- Waiting for model...
[32mINFO    [0m integration.helpers_deployments:helpers_deployments.py:277 	App: opensearch-data - Units - conditions unmet.
[32mINFO    [0m integration.helpers_deployments:helpers_deployments.py:278 
	app: opensearch active -- message: None
		opensearch-data-0.bb8* -- (10.55.0.227) -- [idle (since: 02:46:50)] active: 
		opensearch-data-1.bb8  -- (10.55.0.150) -- [idle (since: 02:46:50)] active: 

[32mINFO    [0m integration.helpers_deployments:helpers_deployments.py:337 


02:48:05 -- Waiting for model...
[32mINFO    [0m integration.helpers_deployments:helpers_deployments.py:348 02:48:08 -- Waiting for model: complete.



[32mINFO    [0m integration.helpers:helpers.py:367 Calling: GET -- https://10.55.0.17:9200/_nodes
[32mINFO    [0m pytest_operator.plugin:plugin.py:862 Model status:

Model  Controller           Cloud/Region         Version  SLA          Timestamp
test   localhost-localhost  localhost/localhost  3.5.3    unsupported  02:48:11Z

App                       Version  Status  Scale  Charm                     Channel        Rev  Exposed  Message
opensearch-data                    active      2  opensearch                                 2  no       
opensearch-failover                active      1  opensearch                                 1  no       
opensearch-main                    active      1  opensearch                                 0  no       
self-signed-certificates           active      1  self-signed-certificates  latest/stable  155  no       

Unit                         Workload  Agent  Machine  Public address  Ports     Message
opensearch-data/0*           active    idle   3        10.55.0.227     9200/tcp  
opensearch-data/1            active    idle   4        10.55.0.150     9200/tcp  
opensearch-failover/0*       active    idle   1        10.55.0.220     9200/tcp  
opensearch-main/0*           active    idle   2        10.55.0.17      9200/tcp  
self-signed-certificates/0*  active    idle   0        10.55.0.106               

Machine  State    Address      Inst id        Base          AZ  Message
0        started  10.55.0.106  juju-8c52fc-0  ubuntu@22.04      Running
1        started  10.55.0.220  juju-8c52fc-1  ubuntu@22.04      Running
2        started  10.55.0.17   juju-8c52fc-2  ubuntu@22.04      Running
3        started  10.55.0.227  juju-8c52fc-3  ubuntu@22.04      Running
4        started  10.55.0.150  juju-8c52fc-4  ubuntu@22.04      Running

[32mINFO    [0m pytest_operator.plugin:plugin.py:868 Juju error logs:

machine-0: 02:30:58 ERROR juju.worker.dependency "kvm-container-provisioner" manifold worker returned unexpected error: container types not yet available
machine-0: 02:30:58 ERROR juju.worker.dependency "lxd-container-provisioner" manifold worker returned unexpected error: container types not yet available
unit-self-signed-certificates-0: 02:30:58 ERROR juju.worker.meterstatus error running "meter-status-changed": charm missing from disk
machine-3: 02:31:28 ERROR juju.worker.dependency "kvm-container-provisioner" manifold worker returned unexpected error: container types not yet available
machine-3: 02:31:28 ERROR juju.worker.dependency "lxd-container-provisioner" manifold worker returned unexpected error: container types not yet available
unit-opensearch-data-0: 02:31:28 ERROR juju.worker.meterstatus error running "meter-status-changed": charm missing from disk
machine-4: 02:31:28 ERROR juju.worker.dependency "lxd-container-provisioner" manifold worker returned unexpected error: container types not yet available
machine-4: 02:31:28 ERROR juju.worker.dependency "kvm-container-provisioner" manifold worker returned unexpected error: container types not yet available
unit-opensearch-data-1: 02:31:28 ERROR juju.worker.meterstatus error running "meter-status-changed": charm missing from disk
machine-1: 02:31:32 ERROR juju.worker.dependency "kvm-container-provisioner" manifold worker returned unexpected error: container types not yet available
machine-1: 02:31:32 ERROR juju.worker.dependency "lxd-container-provisioner" manifold worker returned unexpected error: container types not yet available
unit-opensearch-failover-0: 02:31:32 ERROR juju.worker.meterstatus error running "meter-status-changed": charm missing from disk
machine-2: 02:32:53 ERROR juju.worker.dependency "lxd-container-provisioner" manifold worker returned unexpected error: container types not yet available
machine-2: 02:32:53 ERROR juju.worker.dependency "kvm-container-provisioner" manifold worker returned unexpected error: container types not yet available
unit-opensearch-main-0: 02:32:54 ERROR juju.worker.meterstatus error running "meter-status-changed": charm missing from disk
unit-opensearch-main-0: 02:35:19 ERROR unit.opensearch-main/0.juju-log certificates:9: err:  / out: keytool error: java.lang.Exception: Keystore file does not exist: /var/snap/opensearch/current/etc/opensearch/certificates/ca.p12

unit-opensearch-main-0: 02:37:37 ERROR unit.opensearch-main/0.juju-log peer-cluster-orchestrator:12: Cannot connect to the OpenSearch server...
unit-opensearch-main-0: 02:37:37 ERROR unit.opensearch-main/0.juju-log peer-cluster-orchestrator:12: Cannot connect to the OpenSearch server...
unit-opensearch-main-0: 02:37:37 ERROR unit.opensearch-main/0.juju-log peer-cluster-orchestrator:12: Cannot connect to the OpenSearch server...
unit-opensearch-main-0: 02:37:40 ERROR unit.opensearch-main/0.juju-log peer-cluster-orchestrator:12: Cannot connect to the OpenSearch server...
unit-opensearch-main-0: 02:37:43 ERROR unit.opensearch-main/0.juju-log peer-cluster-orchestrator:12: Cannot connect to the OpenSearch server...
unit-opensearch-main-0: 02:37:46 ERROR unit.opensearch-main/0.juju-log peer-cluster-orchestrator:12: Cannot connect to the OpenSearch server...
unit-opensearch-main-0: 02:37:50 ERROR unit.opensearch-main/0.juju-log peer-cluster-orchestrator:12: Cannot connect to the OpenSearch server...
unit-opensearch-data-1: 02:38:14 ERROR unit.opensearch-data/1.juju-log certificates:11: err:  / out: keytool error: java.lang.Exception: Keystore file does not exist: /var/snap/opensearch/current/etc/opensearch/certificates/ca.p12

unit-opensearch-data-0: 02:38:14 ERROR unit.opensearch-data/0.juju-log certificates:11: err:  / out: keytool error: java.lang.Exception: Keystore file does not exist: /var/snap/opensearch/current/etc/opensearch/certificates/ca.p12

unit-opensearch-data-0: 02:38:19 ERROR unit.opensearch-data/0.juju-log opensearch-peers:7: Cannot connect to the OpenSearch server...
unit-opensearch-data-1: 02:38:19 ERROR unit.opensearch-data/1.juju-log Cannot connect to the OpenSearch server...
unit-opensearch-data-0: 02:38:19 ERROR unit.opensearch-data/0.juju-log opensearch-peers:7: Cannot connect to the OpenSearch server...
unit-opensearch-data-0: 02:38:19 ERROR unit.opensearch-data/0.juju-log opensearch-peers:7: Cannot connect to the OpenSearch server...
unit-opensearch-data-1: 02:38:20 ERROR unit.opensearch-data/1.juju-log Cannot connect to the OpenSearch server...
unit-opensearch-data-1: 02:38:21 ERROR unit.opensearch-data/1.juju-log opensearch-peers:7: Cannot connect to the OpenSearch server...
unit-opensearch-data-0: 02:38:22 ERROR unit.opensearch-data/0.juju-log opensearch-peers:7: Cannot connect to the OpenSearch server...
unit-opensearch-data-0: 02:38:25 ERROR unit.opensearch-data/0.juju-log opensearch-peers:7: Cannot connect to the OpenSearch server...
unit-opensearch-data-0: 02:38:28 ERROR unit.opensearch-data/0.juju-log opensearch-peers:7: Cannot connect to the OpenSearch server...
unit-opensearch-data-0: 02:38:31 ERROR unit.opensearch-data/0.juju-log opensearch-peers:7: Cannot connect to the OpenSearch server...
unit-opensearch-data-1: 02:38:40 ERROR unit.opensearch-data/1.juju-log opensearch-peers:7: Cannot connect to the OpenSearch server...
unit-opensearch-data-1: 02:38:42 ERROR unit.opensearch-data/1.juju-log node-lock-fallback:8: Cannot connect to the OpenSearch server...
unit-opensearch-data-1: 02:38:46 ERROR unit.opensearch-data/1.juju-log node-lock-fallback:8: Cannot connect to the OpenSearch server...
unit-opensearch-data-1: 02:38:47 ERROR unit.opensearch-data/1.juju-log node-lock-fallback:8: Error creating OpenSearch lock document
Traceback (most recent call last):
  File "/var/lib/juju/agents/unit-opensearch-data-1/charm/lib/charms/opensearch/v0/opensearch_distro.py", line 318, in request
    resp = call(urls)
  File "/var/lib/juju/agents/unit-opensearch-data-1/charm/lib/charms/opensearch/v0/opensearch_distro.py", line 256, in call
    for attempt in Retrying(
  File "/var/lib/juju/agents/unit-opensearch-data-1/charm/venv/tenacity/__init__.py", line 443, in __iter__
    do = self.iter(retry_state=retry_state)
  File "/var/lib/juju/agents/unit-opensearch-data-1/charm/venv/tenacity/__init__.py", line 376, in iter
    result = action(retry_state)
  File "/var/lib/juju/agents/unit-opensearch-data-1/charm/venv/tenacity/__init__.py", line 418, in exc_check
    raise retry_exc.reraise()
  File "/var/lib/juju/agents/unit-opensearch-data-1/charm/venv/tenacity/__init__.py", line 185, in reraise
    raise self.last_attempt.result()
  File "/usr/lib/python3.10/concurrent/futures/_base.py", line 451, in result
    return self.__get_result()
  File "/usr/lib/python3.10/concurrent/futures/_base.py", line 403, in __get_result
    raise self._exception
  File "/var/lib/juju/agents/unit-opensearch-data-1/charm/lib/charms/opensearch/v0/opensearch_distro.py", line 289, in call
    response.raise_for_status()
  File "/var/lib/juju/agents/unit-opensearch-data-1/charm/venv/requests/models.py", line 1024, in raise_for_status
    raise HTTPError(http_error_msg, response=self)
requests.exceptions.HTTPError: 503 Server Error: Service Unavailable for url: https://10.55.0.17:9200/.charm_node_lock/_create/0?refresh=true&wait_for_active_shards=all

During handling of the above exception, another exception occurred:

Traceback (most recent call last):
  File "/var/lib/juju/agents/unit-opensearch-data-1/charm/lib/charms/opensearch/v0/opensearch_locking.py", line 304, in acquired
    response = self._opensearch.request(
  File "/var/lib/juju/agents/unit-opensearch-data-1/charm/lib/charms/opensearch/v0/opensearch_distro.py", line 334, in request
    raise OpenSearchHttpError(
charms.opensearch.v0.opensearch_exceptions.OpenSearchHttpError: HTTP error self.response_code=503
self.response_body={'error': {'root_cause': [{'type': 'security_exception', 'reason': 'OpenSearch Security not initialized for indices:admin/mapping/auto_put'}], 'type': 'security_exception', 'reason': 'OpenSearch Security not initialized for indices:admin/mapping/auto_put'}, 'status': 503}
unit-opensearch-data-1: 02:38:51 ERROR unit.opensearch-data/1.juju-log node-lock-fallback:8: Cannot connect to the OpenSearch server...
unit-opensearch-data-1: 02:38:54 ERROR unit.opensearch-data/1.juju-log node-lock-fallback:8: Cannot connect to the OpenSearch server...
unit-opensearch-failover-0: 02:46:15 ERROR unit.opensearch-failover/0.juju-log certificates:10: err:  / out: keytool error: java.lang.Exception: Keystore file does not exist: /var/snap/opensearch/current/etc/opensearch/certificates/ca.p12

unit-opensearch-failover-0: 02:46:20 ERROR unit.opensearch-failover/0.juju-log Cannot connect to the OpenSearch server...
unit-opensearch-failover-0: 02:46:23 ERROR unit.opensearch-failover/0.juju-log Cannot connect to the OpenSearch server...

[32mINFO    [0m pytest_operator.plugin:plugin.py:947 Forgetting model main...