[32mINFO    [0m pytest_operator.plugin:plugin.py:862 Model status:

Model  Controller           Cloud/Region         Version  SLA          Timestamp
test   localhost-localhost  localhost/localhost  3.5.3    unsupported  04:27:08Z

App                       Version  Status   Scale  Charm                     Channel        Rev  Exposed  Message
opensearch                         blocked      3  opensearch                                 0  no       1 or more 'replica' shards are not assigned, please scale your application up.
self-signed-certificates           active       1  self-signed-certificates  latest/stable  155  no       

Unit                         Workload  Agent      Machine  Public address  Ports     Message
opensearch/0*                active    executing  1        10.1.1.147      9200/tcp  (get-password) 
opensearch/2                 active    idle       3        10.1.1.75       9200/tcp  
opensearch/3                 active    idle       4        10.1.1.171      9200/tcp  
self-signed-certificates/0*  active    idle       0        10.1.1.155                

Machine  State    Address     Inst id        Base          AZ  Message
0        started  10.1.1.155  juju-6aa230-0  ubuntu@22.04      Running
1        started  10.1.1.147  juju-6aa230-1  ubuntu@22.04      Running
3        started  10.1.1.75   juju-6aa230-3  ubuntu@22.04      Running
4        started  10.1.1.171  juju-6aa230-4  ubuntu@22.04      Running

[32mINFO    [0m pytest_operator.plugin:plugin.py:868 Juju error logs:

machine-0: 03:26:23 ERROR juju.worker.dependency "kvm-container-provisioner" manifold worker returned unexpected error: container types not yet available
machine-0: 03:26:23 ERROR juju.worker.dependency "lxd-container-provisioner" manifold worker returned unexpected error: container types not yet available
unit-self-signed-certificates-0: 03:26:23 ERROR juju.worker.meterstatus error running "meter-status-changed": charm missing from disk
machine-1: 03:26:24 ERROR juju.worker.dependency "kvm-container-provisioner" manifold worker returned unexpected error: container types not yet available
machine-1: 03:26:24 ERROR juju.worker.dependency "lxd-container-provisioner" manifold worker returned unexpected error: container types not yet available
unit-opensearch-0: 03:26:24 ERROR juju.worker.meterstatus error running "meter-status-changed": charm missing from disk
unit-opensearch-0: 03:31:22 ERROR unit.opensearch/0.juju-log certificates:3: err:  / out: keytool error: java.lang.Exception: Keystore file does not exist: /var/snap/opensearch/current/etc/opensearch/certificates/ca.p12

unit-opensearch-0: 03:31:28 ERROR unit.opensearch/0.juju-log certificates:3: Cannot connect to the OpenSearch server...
unit-opensearch-0: 03:31:28 ERROR unit.opensearch/0.juju-log certificates:3: Cannot connect to the OpenSearch server...
unit-opensearch-0: 03:31:28 ERROR unit.opensearch/0.juju-log certificates:3: Cannot connect to the OpenSearch server...
unit-opensearch-0: 03:31:31 ERROR unit.opensearch/0.juju-log certificates:3: Cannot connect to the OpenSearch server...
unit-opensearch-0: 03:31:34 ERROR unit.opensearch/0.juju-log certificates:3: Cannot connect to the OpenSearch server...
unit-opensearch-0: 03:31:37 ERROR unit.opensearch/0.juju-log certificates:3: Cannot connect to the OpenSearch server...
unit-opensearch-0: 03:31:40 ERROR unit.opensearch/0.juju-log certificates:3: Cannot connect to the OpenSearch server...
machine-2: 03:36:02 ERROR juju.worker.dependency "kvm-container-provisioner" manifold worker returned unexpected error: container types not yet available
machine-2: 03:36:02 ERROR juju.worker.dependency "lxd-container-provisioner" manifold worker returned unexpected error: container types not yet available
unit-opensearch-1: 03:36:02 ERROR juju.worker.meterstatus error running "meter-status-changed": charm missing from disk
machine-3: 03:36:27 ERROR juju.worker.dependency "kvm-container-provisioner" manifold worker returned unexpected error: container types not yet available
machine-3: 03:36:27 ERROR juju.worker.dependency "lxd-container-provisioner" manifold worker returned unexpected error: container types not yet available
unit-opensearch-2: 03:36:27 ERROR juju.worker.meterstatus error running "meter-status-changed": charm missing from disk
unit-opensearch-2: 03:39:55 ERROR unit.opensearch/2.juju-log certificates:3: err:  / out: keytool error: java.lang.Exception: Keystore file does not exist: /var/snap/opensearch/current/etc/opensearch/certificates/ca.p12

unit-opensearch-2: 03:40:00 ERROR unit.opensearch/2.juju-log Cannot connect to the OpenSearch server...
unit-opensearch-2: 03:43:03 ERROR unit.opensearch/2.juju-log Cannot connect to the OpenSearch server...
unit-opensearch-1: 03:45:47 ERROR unit.opensearch/1.juju-log certificates:3: err:  / out: keytool error: java.lang.Exception: Keystore file does not exist: /var/snap/opensearch/current/etc/opensearch/certificates/ca.p12

unit-opensearch-1: 03:45:52 ERROR unit.opensearch/1.juju-log Cannot connect to the OpenSearch server...
unit-opensearch-1: 03:45:53 ERROR unit.opensearch/1.juju-log Cannot connect to the OpenSearch server...
machine-4: 03:51:00 ERROR juju.worker.dependency "kvm-container-provisioner" manifold worker returned unexpected error: container types not yet available
machine-4: 03:51:00 ERROR juju.worker.dependency "lxd-container-provisioner" manifold worker returned unexpected error: container types not yet available
unit-opensearch-3: 03:51:00 ERROR juju.worker.meterstatus error running "meter-status-changed": charm missing from disk
unit-opensearch-3: 03:53:11 ERROR unit.opensearch/3.juju-log certificates:3: err:  / out: keytool error: java.lang.Exception: Keystore file does not exist: /var/snap/opensearch/current/etc/opensearch/certificates/ca.p12

unit-opensearch-3: 03:53:16 ERROR unit.opensearch/3.juju-log Cannot connect to the OpenSearch server...
unit-opensearch-3: 03:53:18 ERROR unit.opensearch/3.juju-log Cannot connect to the OpenSearch server...
unit-opensearch-1: 03:56:18 ERROR unit.opensearch/1.juju-log Cannot connect to the OpenSearch server...
unit-opensearch-1: 03:59:29 ERROR unit.opensearch/1.juju-log certificates:3: Error reading secret: 'NoneType' object has no attribute 'get'

[32mINFO    [0m pytest_operator.plugin:plugin.py:947 Forgetting model main...