[32mINFO    [0m juju.model:model.py:2097 Deploying local:opensearch-0
[32mINFO    [0m integration.helpers_deployments:helpers_deployments.py:329 



[32mINFO    [0m integration.helpers_deployments:helpers_deployments.py:330 Model  Controller           Cloud/Region         Version  SLA          Timestamp
test   localhost-localhost  localhost/localhost  3.5.3    unsupported  01:37:28Z

App                       Version  Status   Scale  Charm                     Channel        Rev  Exposed  Message
opensearch                         active       2  opensearch                                 0  no       
second-opensearch                  waiting    0/1  opensearch                                 0  no       waiting for machine
self-signed-certificates           active       1  self-signed-certificates  latest/stable  155  no       

Unit                         Workload  Agent       Machine  Public address  Ports     Message
opensearch/0                 active    idle        1        10.67.66.129    9200/tcp  
opensearch/1*                active    idle        2        10.67.66.230    9200/tcp  
second-opensearch/0          waiting   allocating  3                                  waiting for machine
self-signed-certificates/0*  active    executing   0        10.67.66.50               

Machine  State    Address       Inst id        Base          AZ  Message
0        started  10.67.66.50   juju-7ccfa2-0  ubuntu@22.04      Running
1        started  10.67.66.129  juju-7ccfa2-1  ubuntu@22.04      Running
2        started  10.67.66.230  juju-7ccfa2-2  ubuntu@22.04      Running
3        pending                pending        ubuntu@22.04      Creating container

[32mINFO    [0m integration.helpers_deployments:helpers_deployments.py:337 


01:37:28 -- Waiting for model...
[32mINFO    [0m integration.helpers_deployments:helpers_deployments.py:277 	App: opensearch - Units - conditions unmet.
[32mINFO    [0m integration.helpers_deployments:helpers_deployments.py:278 
	app: opensearch active -- message: None
		opensearch-0.9e7  -- (10.67.66.129) -- [idle (since: 01:37:18)] active: 
		opensearch-1.9e7* -- (10.67.66.230) -- [idle (since: 01:36:00)] active: 

[32mINFO    [0m integration.helpers_deployments:helpers_deployments.py:337 


01:37:39 -- Waiting for model...
[32mINFO    [0m integration.helpers_deployments:helpers_deployments.py:277 	App: opensearch - Units - conditions unmet.
[32mINFO    [0m integration.helpers_deployments:helpers_deployments.py:278 
	app: opensearch active -- message: None
		opensearch-0.9e7  -- (10.67.66.129) -- [idle (since: 01:37:18)] active: 
		opensearch-1.9e7* -- (10.67.66.230) -- [idle (since: 01:36:00)] active: 

[32mINFO    [0m integration.helpers_deployments:helpers_deployments.py:337 


01:37:50 -- Waiting for model...
[32mINFO    [0m integration.helpers_deployments:helpers_deployments.py:277 	App: opensearch - Units - conditions unmet.
[32mINFO    [0m integration.helpers_deployments:helpers_deployments.py:278 
	app: opensearch active -- message: None
		opensearch-0.9e7  -- (10.67.66.129) -- [idle (since: 01:37:18)] active: 
		opensearch-1.9e7* -- (10.67.66.230) -- [idle (since: 01:36:00)] active: 

[32mINFO    [0m integration.helpers_deployments:helpers_deployments.py:337 


01:38:01 -- Waiting for model...
[32mINFO    [0m integration.helpers_deployments:helpers_deployments.py:277 	App: opensearch - Units - conditions unmet.
[32mINFO    [0m integration.helpers_deployments:helpers_deployments.py:278 
	app: opensearch active -- message: None
		opensearch-0.9e7  -- (10.67.66.129) -- [idle (since: 01:37:18)] active: 
		opensearch-1.9e7* -- (10.67.66.230) -- [idle (since: 01:36:00)] active: 

[32mINFO    [0m integration.helpers_deployments:helpers_deployments.py:337 


01:38:12 -- Waiting for model...
[32mINFO    [0m integration.helpers_deployments:helpers_deployments.py:277 	App: opensearch - Units - conditions unmet.
[32mINFO    [0m integration.helpers_deployments:helpers_deployments.py:278 
	app: opensearch active -- message: None
		opensearch-0.9e7  -- (10.67.66.129) -- [idle (since: 01:37:18)] active: 
		opensearch-1.9e7* -- (10.67.66.230) -- [idle (since: 01:36:00)] active: 

[32mINFO    [0m integration.helpers_deployments:helpers_deployments.py:337 


01:38:24 -- Waiting for model...
[32mINFO    [0m integration.helpers_deployments:helpers_deployments.py:277 	App: opensearch - Units - conditions unmet.
[32mINFO    [0m integration.helpers_deployments:helpers_deployments.py:278 
	app: opensearch active -- message: None
		opensearch-0.9e7  -- (10.67.66.129) -- [idle (since: 01:37:18)] active: 
		opensearch-1.9e7* -- (10.67.66.230) -- [idle (since: 01:36:00)] active: 

[32mINFO    [0m integration.helpers_deployments:helpers_deployments.py:337 


01:38:35 -- Waiting for model...
[32mINFO    [0m integration.helpers_deployments:helpers_deployments.py:261 	App: second-opensearch - conditions unmet.
[32mINFO    [0m integration.helpers_deployments:helpers_deployments.py:262 
	app: second waiting -- message: agent initialising
		second-opensearch-0.41b* -- (10.67.66.57) -- [allocating (since: 01:37:28)] waiting: agent initialising

[32mINFO    [0m integration.helpers_deployments:helpers_deployments.py:337 


01:38:47 -- Waiting for model...
[32mINFO    [0m integration.helpers_deployments:helpers_deployments.py:261 	App: second-opensearch - conditions unmet.
[32mINFO    [0m integration.helpers_deployments:helpers_deployments.py:262 
	app: second maintenance -- message: Installing OpenSearch...
		second-opensearch-0.41b* -- (10.67.66.57) -- [executing (since: 01:38:41)] maintenance: Installing OpenSearch...

[32mINFO    [0m integration.helpers_deployments:helpers_deployments.py:337 


01:38:59 -- Waiting for model...
[32mINFO    [0m integration.helpers_deployments:helpers_deployments.py:261 	App: second-opensearch - conditions unmet.
[32mINFO    [0m integration.helpers_deployments:helpers_deployments.py:262 
	app: second maintenance -- message: Installing OpenSearch...
		second-opensearch-0.41b* -- (10.67.66.57) -- [executing (since: 01:38:41)] maintenance: Installing OpenSearch...

[32mINFO    [0m integration.helpers_deployments:helpers_deployments.py:337 


01:39:11 -- Waiting for model...
[32mINFO    [0m integration.helpers_deployments:helpers_deployments.py:261 	App: second-opensearch - conditions unmet.
[32mINFO    [0m integration.helpers_deployments:helpers_deployments.py:262 
	app: second maintenance -- message: Installing OpenSearch...
		second-opensearch-0.41b* -- (10.67.66.57) -- [executing (since: 01:38:41)] maintenance: Installing OpenSearch...

[32mINFO    [0m integration.helpers_deployments:helpers_deployments.py:337 


01:39:22 -- Waiting for model...
[32mINFO    [0m integration.helpers_deployments:helpers_deployments.py:277 	App: second-opensearch - Units - conditions unmet.
[32mINFO    [0m integration.helpers_deployments:helpers_deployments.py:278 
	app: second active -- message: None
		second-opensearch-0.41b* -- (10.67.66.57) -- [executing (since: 01:39:24)] active: 

[32mINFO    [0m integration.helpers_deployments:helpers_deployments.py:337 


01:39:34 -- Waiting for model...
[32mINFO    [0m integration.helpers_deployments:helpers_deployments.py:277 	App: opensearch - Units - conditions unmet.
[32mINFO    [0m integration.helpers_deployments:helpers_deployments.py:278 
	app: opensearch active -- message: None
		opensearch-0.9e7  -- (10.67.66.129) -- [idle (since: 01:39:32)] active: 
		opensearch-1.9e7* -- (10.67.66.230) -- [idle (since: 01:39:32)] active: 

[32mINFO    [0m integration.helpers_deployments:helpers_deployments.py:337 


01:39:46 -- Waiting for model...
[32mINFO    [0m integration.helpers_deployments:helpers_deployments.py:277 	App: opensearch - Units - conditions unmet.
[32mINFO    [0m integration.helpers_deployments:helpers_deployments.py:278 
	app: opensearch active -- message: None
		opensearch-0.9e7  -- (10.67.66.129) -- [idle (since: 01:39:32)] active: 
		opensearch-1.9e7* -- (10.67.66.230) -- [idle (since: 01:39:32)] active: 

[32mINFO    [0m integration.helpers_deployments:helpers_deployments.py:337 


01:39:57 -- Waiting for model...
[32mINFO    [0m integration.helpers_deployments:helpers_deployments.py:277 	App: opensearch - Units - conditions unmet.
[32mINFO    [0m integration.helpers_deployments:helpers_deployments.py:278 
	app: opensearch active -- message: None
		opensearch-0.9e7  -- (10.67.66.129) -- [idle (since: 01:39:32)] active: 
		opensearch-1.9e7* -- (10.67.66.230) -- [idle (since: 01:39:32)] active: 

[32mINFO    [0m integration.helpers_deployments:helpers_deployments.py:337 


01:40:08 -- Waiting for model...
[32mINFO    [0m integration.helpers_deployments:helpers_deployments.py:277 	App: opensearch - Units - conditions unmet.
[32mINFO    [0m integration.helpers_deployments:helpers_deployments.py:278 
	app: opensearch active -- message: None
		opensearch-0.9e7  -- (10.67.66.129) -- [idle (since: 01:39:32)] active: 
		opensearch-1.9e7* -- (10.67.66.230) -- [idle (since: 01:39:32)] active: 

[32mINFO    [0m integration.helpers_deployments:helpers_deployments.py:337 


01:40:19 -- Waiting for model...
[32mINFO    [0m integration.helpers_deployments:helpers_deployments.py:277 	App: opensearch - Units - conditions unmet.
[32mINFO    [0m integration.helpers_deployments:helpers_deployments.py:278 
	app: opensearch active -- message: None
		opensearch-0.9e7  -- (10.67.66.129) -- [idle (since: 01:39:32)] active: 
		opensearch-1.9e7* -- (10.67.66.230) -- [idle (since: 01:39:32)] active: 

[32mINFO    [0m integration.helpers_deployments:helpers_deployments.py:337 


01:40:30 -- Waiting for model...
[32mINFO    [0m integration.helpers_deployments:helpers_deployments.py:277 	App: opensearch - Units - conditions unmet.
[32mINFO    [0m integration.helpers_deployments:helpers_deployments.py:278 
	app: opensearch active -- message: None
		opensearch-0.9e7  -- (10.67.66.129) -- [idle (since: 01:39:32)] active: 
		opensearch-1.9e7* -- (10.67.66.230) -- [idle (since: 01:39:32)] active: 

[32mINFO    [0m integration.helpers_deployments:helpers_deployments.py:337 


01:40:41 -- Waiting for model...
[32mINFO    [0m integration.helpers_deployments:helpers_deployments.py:277 	App: opensearch - Units - conditions unmet.
[32mINFO    [0m integration.helpers_deployments:helpers_deployments.py:278 
	app: opensearch active -- message: None
		opensearch-0.9e7  -- (10.67.66.129) -- [idle (since: 01:39:32)] active: 
		opensearch-1.9e7* -- (10.67.66.230) -- [idle (since: 01:39:32)] active: 

[32mINFO    [0m integration.helpers_deployments:helpers_deployments.py:337 


01:40:52 -- Waiting for model...
[32mINFO    [0m integration.helpers_deployments:helpers_deployments.py:277 	App: second-opensearch - Units - conditions unmet.
[32mINFO    [0m integration.helpers_deployments:helpers_deployments.py:278 
	app: second active -- message: None
		second-opensearch-0.41b* -- (10.67.66.57) -- [idle (since: 01:40:02)] active: 

[32mINFO    [0m integration.helpers_deployments:helpers_deployments.py:337 


01:41:04 -- Waiting for model...
[32mINFO    [0m integration.helpers_deployments:helpers_deployments.py:277 	App: second-opensearch - Units - conditions unmet.
[32mINFO    [0m integration.helpers_deployments:helpers_deployments.py:278 
	app: second active -- message: None
		second-opensearch-0.41b* -- (10.67.66.57) -- [idle (since: 01:40:02)] active: 

[32mINFO    [0m integration.helpers_deployments:helpers_deployments.py:337 


01:41:16 -- Waiting for model...
[32mINFO    [0m integration.helpers_deployments:helpers_deployments.py:348 01:41:18 -- Waiting for model: complete.



[32mINFO    [0m integration.helpers:helpers.py:347 Calling: PUT -- https://10.67.66.230:9200/test_index_unique_cluster_dbs/_doc/1
[32mINFO    [0m integration.helpers:helpers.py:347 Calling: POST -- https://10.67.66.230:9200/test_index_unique_cluster_dbs/_refresh
[32mINFO    [0m integration.helpers:helpers.py:347 Calling: PUT -- https://10.67.66.57:9200/test_index_unique_cluster_dbs/_doc/2
[32mINFO    [0m integration.helpers:helpers.py:347 Calling: POST -- https://10.67.66.57:9200/test_index_unique_cluster_dbs/_refresh
[32mINFO    [0m integration.helpers:helpers.py:347 Calling: GET -- https://10.67.66.230:9200/test_index_unique_cluster_dbs/_search
[32mINFO    [0m integration.helpers:helpers.py:347 Calling: GET -- https://10.67.66.57:9200/test_index_unique_cluster_dbs/_search
[32mINFO    [0m integration.helpers:helpers.py:347 Calling: DELETE -- https://10.67.66.230:9200/test_index_unique_cluster_dbs/
[32mINFO    [0m integration.ha.helpers:helpers.py:247 Continuous writes result: namespace(max_stored_id=348, count=349, last_expected_id=348)
[32mINFO    [0m integration.helpers:helpers.py:347 Calling: GET -- https://10.67.66.230:9200/series_index/_search_shards
[32mINFO    [0m integration.ha.conftest:conftest.py:39 



The writes have been cleared.




[32mINFO    [0m pytest_operator.plugin:plugin.py:862 Model status:

Model  Controller           Cloud/Region         Version  SLA          Timestamp
test   localhost-localhost  localhost/localhost  3.5.3    unsupported  01:41:53Z

App                       Version  Status   Scale  Charm                     Channel        Rev  Exposed  Message
opensearch                         active       2  opensearch                                 0  no       
second-opensearch                  blocked      1  opensearch                                 0  no       1 or more 'replica' shards are not assigned, please scale your application up.
self-signed-certificates           active       1  self-signed-certificates  latest/stable  155  no       

Unit                         Workload  Agent  Machine  Public address  Ports     Message
opensearch/0                 active    idle   1        10.67.66.129    9200/tcp  
opensearch/1*                active    idle   2        10.67.66.230    9200/tcp  
second-opensearch/0*         error     idle   3        10.67.66.57     9200/tcp  hook failed: "storage-detaching"
self-signed-certificates/0*  active    idle   0        10.67.66.50               

Machine  State    Address       Inst id        Base          AZ  Message
0        started  10.67.66.50   juju-7ccfa2-0  ubuntu@22.04      Running
1        started  10.67.66.129  juju-7ccfa2-1  ubuntu@22.04      Running
2        started  10.67.66.230  juju-7ccfa2-2  ubuntu@22.04      Running
3        started  10.67.66.57   juju-7ccfa2-3  ubuntu@22.04      Running

[32mINFO    [0m pytest_operator.plugin:plugin.py:868 Juju error logs:

machine-0: 01:33:30 ERROR juju.worker.dependency "lxd-container-provisioner" manifold worker returned unexpected error: container types not yet available
machine-0: 01:33:30 ERROR juju.worker.dependency "kvm-container-provisioner" manifold worker returned unexpected error: container types not yet available
unit-self-signed-certificates-0: 01:33:31 ERROR juju.worker.meterstatus error running "meter-status-changed": charm missing from disk
machine-2: 01:33:40 ERROR juju.worker.dependency "kvm-container-provisioner" manifold worker returned unexpected error: container types not yet available
machine-2: 01:33:40 ERROR juju.worker.dependency "lxd-container-provisioner" manifold worker returned unexpected error: container types not yet available
unit-opensearch-1: 01:33:40 ERROR juju.worker.meterstatus error running "meter-status-changed": charm missing from disk
machine-1: 01:33:42 ERROR juju.worker.dependency "lxd-container-provisioner" manifold worker returned unexpected error: container types not yet available
machine-1: 01:33:42 ERROR juju.worker.dependency "kvm-container-provisioner" manifold worker returned unexpected error: container types not yet available
unit-opensearch-0: 01:33:42 ERROR juju.worker.meterstatus error running "meter-status-changed": charm missing from disk
unit-opensearch-1: 01:35:09 ERROR unit.opensearch/1.juju-log upgrade-version-a:2: Cannot connect to the OpenSearch server...
unit-opensearch-1: 01:35:10 ERROR unit.opensearch/1.juju-log Cannot connect to the OpenSearch server...
unit-opensearch-1: 01:35:10 ERROR unit.opensearch/1.juju-log Cannot connect to the OpenSearch server...
unit-opensearch-1: 01:35:10 ERROR unit.opensearch/1.juju-log Cannot connect to the OpenSearch server...
unit-opensearch-1: 01:35:13 ERROR unit.opensearch/1.juju-log Cannot connect to the OpenSearch server...
unit-opensearch-0: 01:35:14 ERROR unit.opensearch/0.juju-log certificates:3: Cannot connect to the OpenSearch server...
unit-opensearch-0: 01:35:15 ERROR unit.opensearch/0.juju-log Cannot connect to the OpenSearch server...
unit-opensearch-0: 01:35:16 ERROR unit.opensearch/0.juju-log Cannot connect to the OpenSearch server...
unit-opensearch-1: 01:35:16 ERROR unit.opensearch/1.juju-log Cannot connect to the OpenSearch server...
unit-opensearch-0: 01:35:17 ERROR unit.opensearch/0.juju-log certificates:3: Cannot connect to the OpenSearch server...
unit-opensearch-0: 01:35:18 ERROR unit.opensearch/0.juju-log Cannot connect to the OpenSearch server...
unit-opensearch-0: 01:35:19 ERROR unit.opensearch/0.juju-log Cannot connect to the OpenSearch server...
unit-opensearch-1: 01:35:19 ERROR unit.opensearch/1.juju-log Cannot connect to the OpenSearch server...
unit-opensearch-0: 01:35:20 ERROR unit.opensearch/0.juju-log node-lock-fallback:1: Cannot connect to the OpenSearch server...
unit-opensearch-0: 01:35:21 ERROR unit.opensearch/0.juju-log Cannot connect to the OpenSearch server...
unit-opensearch-0: 01:35:22 ERROR unit.opensearch/0.juju-log Cannot connect to the OpenSearch server...
unit-opensearch-0: 01:35:22 ERROR unit.opensearch/0.juju-log node-lock-fallback:1: Cannot connect to the OpenSearch server...
unit-opensearch-0: 01:35:23 ERROR unit.opensearch/0.juju-log node-lock-fallback:1: Cannot connect to the OpenSearch server...
unit-opensearch-0: 01:35:24 ERROR unit.opensearch/0.juju-log node-lock-fallback:1: Cannot connect to the OpenSearch server...
unit-opensearch-0: 01:35:25 ERROR unit.opensearch/0.juju-log opensearch-peers:0: Cannot connect to the OpenSearch server...
unit-opensearch-0: 01:35:27 ERROR unit.opensearch/0.juju-log opensearch-peers:0: Cannot connect to the OpenSearch server...
unit-opensearch-0: 01:35:28 ERROR unit.opensearch/0.juju-log opensearch-peers:0: Cannot connect to the OpenSearch server...
unit-opensearch-0: 01:35:29 ERROR unit.opensearch/0.juju-log node-lock-fallback:1: Cannot connect to the OpenSearch server...
unit-opensearch-0: 01:35:31 ERROR unit.opensearch/0.juju-log Cannot connect to the OpenSearch server...
unit-opensearch-0: 01:35:39 ERROR unit.opensearch/0.juju-log opensearch-peers:0: Cannot connect to the OpenSearch server...
unit-opensearch-0: 01:35:40 ERROR unit.opensearch/0.juju-log opensearch-peers:0: Cannot connect to the OpenSearch server...
machine-3: 01:38:33 ERROR juju.worker.dependency "kvm-container-provisioner" manifold worker returned unexpected error: container types not yet available
machine-3: 01:38:33 ERROR juju.worker.dependency "lxd-container-provisioner" manifold worker returned unexpected error: container types not yet available
unit-second-opensearch-0: 01:38:33 ERROR juju.worker.meterstatus error running "meter-status-changed": charm missing from disk
unit-second-opensearch-0: 01:39:37 ERROR unit.second-opensearch/0.juju-log certificates:7: Cannot connect to the OpenSearch server...
unit-second-opensearch-0: 01:39:38 ERROR unit.second-opensearch/0.juju-log certificates:7: Cannot connect to the OpenSearch server...
unit-second-opensearch-0: 01:39:38 ERROR unit.second-opensearch/0.juju-log certificates:7: Cannot connect to the OpenSearch server...
unit-second-opensearch-0: 01:39:41 ERROR unit.second-opensearch/0.juju-log certificates:7: Cannot connect to the OpenSearch server...
unit-second-opensearch-0: 01:39:44 ERROR unit.second-opensearch/0.juju-log certificates:7: Cannot connect to the OpenSearch server...
unit-second-opensearch-0: 01:39:47 ERROR unit.second-opensearch/0.juju-log certificates:7: Cannot connect to the OpenSearch server...
unit-second-opensearch-0: 01:41:34 ERROR juju.worker.uniter resolver loop error: preparing operation "run relation-departed (7; unit: self-signed-certificates/0, departee: second-opensearch/0) hook" for second-opensearch/0: secret "secret:crn27lcp2lai17i4qs90" not found (not found)
unit-second-opensearch-0: 01:41:34 ERROR juju.worker.dependency "uniter" manifold worker returned unexpected error: preparing operation "run relation-departed (7; unit: self-signed-certificates/0, departee: second-opensearch/0) hook" for second-opensearch/0: secret "secret:crn27lcp2lai17i4qs90" not found (not found)
unit-second-opensearch-0: 01:41:37 ERROR unit.second-opensearch/0.juju-log Uncaught exception while in charm code:
Traceback (most recent call last):
  File "/var/lib/juju/agents/unit-second-opensearch-0/charm/./src/charm.py", line 213, in <module>
    main(OpenSearchOperatorCharm)
  File "/var/lib/juju/agents/unit-second-opensearch-0/charm/venv/ops/main.py", line 551, in main
    manager.run()
  File "/var/lib/juju/agents/unit-second-opensearch-0/charm/venv/ops/main.py", line 530, in run
    self._emit()
  File "/var/lib/juju/agents/unit-second-opensearch-0/charm/venv/ops/main.py", line 519, in _emit
    _emit_charm_event(self.charm, self.dispatcher.event_name)
  File "/var/lib/juju/agents/unit-second-opensearch-0/charm/venv/ops/main.py", line 147, in _emit_charm_event
    event_to_emit.emit(*args, **kwargs)
  File "/var/lib/juju/agents/unit-second-opensearch-0/charm/venv/ops/framework.py", line 348, in emit
    framework._emit(event)
  File "/var/lib/juju/agents/unit-second-opensearch-0/charm/venv/ops/framework.py", line 860, in _emit
    self._reemit(event_path)
  File "/var/lib/juju/agents/unit-second-opensearch-0/charm/venv/ops/framework.py", line 950, in _reemit
    custom_handler(event)
  File "/var/lib/juju/agents/unit-second-opensearch-0/charm/lib/charms/opensearch/v0/opensearch_base_charm.py", line 561, in _on_opensearch_data_storage_detaching
    self._stop_opensearch()
  File "/var/lib/juju/agents/unit-second-opensearch-0/charm/lib/charms/opensearch/v0/opensearch_base_charm.py", line 1099, in _stop_opensearch
    nodes = self._get_nodes(True)
  File "/var/lib/juju/agents/unit-second-opensearch-0/charm/lib/charms/opensearch/v0/opensearch_base_charm.py", line 1330, in _get_nodes
    if self.opensearch_peer_cm.deployment_desc().start == StartMode.WITH_PROVIDED_ROLES:
AttributeError: 'NoneType' object has no attribute 'start'
unit-second-opensearch-0: 01:41:38 ERROR juju.worker.uniter.operation hook "opensearch-data-storage-detaching" (via hook dispatching script: dispatch) failed: exit status 1
unit-second-opensearch-0: 01:41:43 ERROR unit.second-opensearch/0.juju-log Uncaught exception while in charm code:
Traceback (most recent call last):
  File "/var/lib/juju/agents/unit-second-opensearch-0/charm/./src/charm.py", line 213, in <module>
    main(OpenSearchOperatorCharm)
  File "/var/lib/juju/agents/unit-second-opensearch-0/charm/venv/ops/main.py", line 551, in main
    manager.run()
  File "/var/lib/juju/agents/unit-second-opensearch-0/charm/venv/ops/main.py", line 530, in run
    self._emit()
  File "/var/lib/juju/agents/unit-second-opensearch-0/charm/venv/ops/main.py", line 519, in _emit
    _emit_charm_event(self.charm, self.dispatcher.event_name)
  File "/var/lib/juju/agents/unit-second-opensearch-0/charm/venv/ops/main.py", line 147, in _emit_charm_event
    event_to_emit.emit(*args, **kwargs)
  File "/var/lib/juju/agents/unit-second-opensearch-0/charm/venv/ops/framework.py", line 348, in emit
    framework._emit(event)
  File "/var/lib/juju/agents/unit-second-opensearch-0/charm/venv/ops/framework.py", line 860, in _emit
    self._reemit(event_path)
  File "/var/lib/juju/agents/unit-second-opensearch-0/charm/venv/ops/framework.py", line 950, in _reemit
    custom_handler(event)
  File "/var/lib/juju/agents/unit-second-opensearch-0/charm/lib/charms/opensearch/v0/opensearch_base_charm.py", line 561, in _on_opensearch_data_storage_detaching
    self._stop_opensearch()
  File "/var/lib/juju/agents/unit-second-opensearch-0/charm/lib/charms/opensearch/v0/opensearch_base_charm.py", line 1099, in _stop_opensearch
    nodes = self._get_nodes(True)
  File "/var/lib/juju/agents/unit-second-opensearch-0/charm/lib/charms/opensearch/v0/opensearch_base_charm.py", line 1330, in _get_nodes
    if self.opensearch_peer_cm.deployment_desc().start == StartMode.WITH_PROVIDED_ROLES:
AttributeError: 'NoneType' object has no attribute 'start'
unit-second-opensearch-0: 01:41:43 ERROR juju.worker.uniter.operation hook "opensearch-data-storage-detaching" (via hook dispatching script: dispatch) failed: exit status 1

[32mINFO    [0m pytest_operator.plugin:plugin.py:947 Forgetting model main...