[32mINFO    [0m pytest_operator.plugin:plugin.py:734 Connecting to existing model localhost-localhost:test on unspecified cloud
[32mINFO    [0m juju.model:model.py:2097 Deploying local:jammy/opensearch-0
[32mINFO    [0m juju.model:model.py:2097 Deploying ch:amd64/jammy/manual-tls-certificates-108
[32mINFO    [0m integration.helpers_deployments:helpers_deployments.py:329 



[32mINFO    [0m integration.helpers_deployments:helpers_deployments.py:330 Model  Controller           Cloud/Region         Version  SLA          Timestamp
test   localhost-localhost  localhost/localhost  3.5.3    unsupported  02:15:44Z

App                      Version  Status   Scale  Charm                    Channel        Rev  Exposed  Message
manual-tls-certificates           waiting    0/1  manual-tls-certificates  latest/stable  108  no       waiting for machine
opensearch                        waiting    0/3  opensearch                                0  no       waiting for machine

Unit                       Workload  Agent       Machine  Public address  Ports  Message
manual-tls-certificates/0  waiting   allocating  3                               waiting for machine
opensearch/0               waiting   allocating  0                               waiting for machine
opensearch/1               waiting   allocating  1                               waiting for machine
opensearch/2               waiting   allocating  2                               waiting for machine

Machine  State    Address  Inst id  Base          AZ  Message
0        pending           pending  ubuntu@22.04      Creating container
1        pending           pending  ubuntu@22.04      Creating container
2        pending           pending  ubuntu@22.04      Creating container
3        pending           pending  ubuntu@22.04      Creating container

[32mINFO    [0m integration.helpers_deployments:helpers_deployments.py:337 


02:15:44 -- Waiting for model...
[32mINFO    [0m integration.helpers_deployments:helpers_deployments.py:261 	App: manual-tls-certificates - conditions unmet.
[32mINFO    [0m integration.helpers_deployments:helpers_deployments.py:262 
[32mINFO    [0m integration.helpers_deployments:helpers_deployments.py:337 


02:15:55 -- Waiting for model...
[32mINFO    [0m integration.helpers_deployments:helpers_deployments.py:261 	App: manual-tls-certificates - conditions unmet.
[32mINFO    [0m integration.helpers_deployments:helpers_deployments.py:262 
[32mINFO    [0m integration.helpers_deployments:helpers_deployments.py:337 


02:16:05 -- Waiting for model...
[32mINFO    [0m integration.helpers_deployments:helpers_deployments.py:348 02:18:10 -- Waiting for model: complete.



[32mINFO    [0m integration.tls.test_manual_tls:test_manual_tls.py:44 Deployed manual-tls-certificates application
[32mINFO    [0m integration.tls.test_manual_tls:test_manual_tls.py:48 Integrated opensearch with manual-tls-certificates
[32mINFO    [0m integration.tls.test_manual_tls:test_manual_tls.py:54 Waiting for CSRs to be created
[32mINFO    [0m root:helpers_manual_tls.py:93 Getting outstanding certificate requests
[32mINFO    [0m root:helpers_manual_tls.py:93 Getting outstanding certificate requests
[32mINFO    [0m root:helpers_manual_tls.py:93 Getting outstanding certificate requests
[32mINFO    [0m root:helpers_manual_tls.py:93 Getting outstanding certificate requests
[32mINFO    [0m root:helpers_manual_tls.py:93 Getting outstanding certificate requests
[32mINFO    [0m root:helpers_manual_tls.py:93 Getting outstanding certificate requests
[32mINFO    [0m root:helpers_manual_tls.py:93 Getting outstanding certificate requests
[32mINFO    [0m root:helpers_manual_tls.py:93 Getting outstanding certificate requests
[32mINFO    [0m root:helpers_manual_tls.py:93 Getting outstanding certificate requests
[32mINFO    [0m root:helpers_manual_tls.py:93 Getting outstanding certificate requests
[32mINFO    [0m integration.tls.test_manual_tls:test_manual_tls.py:58 Signing CSRs
[32mINFO    [0m integration.tls.helpers_manual_tls:helpers_manual_tls.py:147 Generated certificate for opensearch/1
[32mINFO    [0m integration.tls.helpers_manual_tls:helpers_manual_tls.py:165 Provided certificate to opensearch/1
[32mINFO    [0m integration.tls.helpers_manual_tls:helpers_manual_tls.py:147 Generated certificate for opensearch/1
[32mINFO    [0m integration.tls.helpers_manual_tls:helpers_manual_tls.py:165 Provided certificate to opensearch/1
[32mINFO    [0m integration.tls.helpers_manual_tls:helpers_manual_tls.py:147 Generated certificate for opensearch/2
[32mINFO    [0m integration.tls.helpers_manual_tls:helpers_manual_tls.py:165 Provided certificate to opensearch/2
[32mINFO    [0m integration.tls.helpers_manual_tls:helpers_manual_tls.py:147 Generated certificate for opensearch/2
[32mINFO    [0m integration.tls.helpers_manual_tls:helpers_manual_tls.py:165 Provided certificate to opensearch/2
[32mINFO    [0m integration.tls.helpers_manual_tls:helpers_manual_tls.py:147 Generated certificate for opensearch/0
[32mINFO    [0m integration.tls.helpers_manual_tls:helpers_manual_tls.py:165 Provided certificate to opensearch/0
[32mINFO    [0m integration.tls.helpers_manual_tls:helpers_manual_tls.py:147 Generated certificate for opensearch/0
[32mINFO    [0m integration.tls.helpers_manual_tls:helpers_manual_tls.py:165 Provided certificate to opensearch/0
[32mINFO    [0m integration.tls.helpers_manual_tls:helpers_manual_tls.py:147 Generated certificate for opensearch/0
[32mINFO    [0m integration.tls.helpers_manual_tls:helpers_manual_tls.py:165 Provided certificate to opensearch/0
[32mINFO    [0m integration.helpers_deployments:helpers_deployments.py:329 



[32mINFO    [0m integration.helpers_deployments:helpers_deployments.py:330 Model  Controller           Cloud/Region         Version  SLA          Timestamp
test   localhost-localhost  localhost/localhost  3.5.3    unsupported  02:20:29Z

App                      Version  Status       Scale  Charm                    Channel        Rev  Exposed  Message
manual-tls-certificates           active           1  manual-tls-certificates  latest/stable  108  no       No outstanding requests.
opensearch                        maintenance      3  opensearch                                0  no       Waiting for TLS to be fully configured...

Unit                        Workload     Agent      Machine  Public address  Ports  Message
manual-tls-certificates/0*  active       idle       3        10.63.132.59           No outstanding requests.
opensearch/0*               maintenance  executing  0        10.63.132.109          Waiting for TLS to be fully configured...
opensearch/1                maintenance  executing  1        10.63.132.239          Waiting for TLS to be fully configured...
opensearch/2                maintenance  executing  2        10.63.132.40           Waiting for TLS to be fully configured...

Machine  State    Address        Inst id        Base          AZ  Message
0        started  10.63.132.109  juju-6b6b4b-0  ubuntu@22.04      Running
1        started  10.63.132.239  juju-6b6b4b-1  ubuntu@22.04      Running
2        started  10.63.132.40   juju-6b6b4b-2  ubuntu@22.04      Running
3        started  10.63.132.59   juju-6b6b4b-3  ubuntu@22.04      Running

[32mINFO    [0m integration.helpers_deployments:helpers_deployments.py:337 


02:20:29 -- Waiting for model...
[32mINFO    [0m integration.helpers_deployments:helpers_deployments.py:261 	App: opensearch - conditions unmet.
[32mINFO    [0m integration.helpers_deployments:helpers_deployments.py:262 
	app: opensearch maintenance -- message: Waiting for TLS to be fully configured...
		opensearch-0.a1d* -- (10.63.132.109) -- [executing (since: 02:20:26)] maintenance: Waiting for TLS to be fully configured...
		opensearch-1.a1d  -- (10.63.132.239) -- [executing (since: 02:20:25)] maintenance: Waiting for TLS to be fully configured...
		opensearch-2.a1d  -- (10.63.132.40) -- [executing (since: 02:20:27)] maintenance: Waiting for TLS to be fully configured...

[32mINFO    [0m integration.helpers_deployments:helpers_deployments.py:337 


02:20:41 -- Waiting for model...
[32mINFO    [0m integration.helpers_deployments:helpers_deployments.py:261 	App: opensearch - conditions unmet.
[32mINFO    [0m integration.helpers_deployments:helpers_deployments.py:262 
	app: opensearch maintenance -- message: Waiting for TLS to be fully configured...
		opensearch-0.a1d* -- (10.63.132.109) -- [executing (since: 02:20:37)] waiting: Waiting for OpenSearch to start...
		opensearch-1.a1d  -- (10.63.132.239) -- [executing (since: 02:20:41)] maintenance: Waiting for TLS to be fully configured...
		opensearch-2.a1d  -- (10.63.132.40) -- [executing (since: 02:20:41)] maintenance: Waiting for TLS to be fully configured...

[32mINFO    [0m integration.helpers_deployments:helpers_deployments.py:337 


02:20:53 -- Waiting for model...
[32mINFO    [0m integration.helpers_deployments:helpers_deployments.py:261 	App: opensearch - conditions unmet.
[32mINFO    [0m integration.helpers_deployments:helpers_deployments.py:262 
	app: opensearch waiting -- message: Waiting for OpenSearch to start...
		opensearch-0.a1d* -- (10.63.132.109) -- [executing (since: 02:20:37)] waiting: Waiting for OpenSearch to start...
		opensearch-1.a1d  -- (10.63.132.239) -- [executing (since: 02:20:52)] waiting: Requesting lock on operation: start
		opensearch-2.a1d  -- (10.63.132.40) -- [executing (since: 02:20:53)] waiting: Requesting lock on operation: start

[32mINFO    [0m integration.helpers_deployments:helpers_deployments.py:337 


02:21:05 -- Waiting for model...
[32mINFO    [0m integration.helpers_deployments:helpers_deployments.py:261 	App: opensearch - conditions unmet.
[32mINFO    [0m integration.helpers_deployments:helpers_deployments.py:262 
	app: opensearch waiting -- message: Requesting lock on operation: start
		opensearch-0.a1d* -- (10.63.132.109) -- [executing (since: 02:21:05)] active: 
		opensearch-1.a1d  -- (10.63.132.239) -- [idle (since: 02:21:05)] waiting: Requesting lock on operation: start
		opensearch-2.a1d  -- (10.63.132.40) -- [executing (since: 02:21:04)] waiting: Requesting lock on operation: start

[32mINFO    [0m integration.helpers_deployments:helpers_deployments.py:337 


02:21:16 -- Waiting for model...
[32mINFO    [0m integration.helpers_deployments:helpers_deployments.py:261 	App: opensearch - conditions unmet.
[32mINFO    [0m integration.helpers_deployments:helpers_deployments.py:262 
	app: opensearch waiting -- message: Waiting for OpenSearch to start...
		opensearch-0.a1d* -- (10.63.132.109) -- [idle (since: 02:21:11)] active: 
		opensearch-1.a1d  -- (10.63.132.239) -- [executing (since: 02:21:07)] waiting: Waiting for OpenSearch to start...
		opensearch-2.a1d  -- (10.63.132.40) -- [executing (since: 02:21:04)] waiting: Waiting for OpenSearch to start...

[32mINFO    [0m integration.helpers_deployments:helpers_deployments.py:337 


02:21:28 -- Waiting for model...
[32mINFO    [0m integration.helpers_deployments:helpers_deployments.py:261 	App: opensearch - conditions unmet.
[32mINFO    [0m integration.helpers_deployments:helpers_deployments.py:262 
	app: opensearch maintenance -- message: Some shards are still initializing / relocating.
		opensearch-0.a1d* -- (10.63.132.109) -- [executing (since: 02:21:26)] active: 
		opensearch-1.a1d  -- (10.63.132.239) -- [executing (since: 02:21:25)] active: 
		opensearch-2.a1d  -- (10.63.132.40) -- [executing (since: 02:21:28)] active: 

[32mINFO    [0m integration.helpers_deployments:helpers_deployments.py:337 


02:21:40 -- Waiting for model...
[32mINFO    [0m integration.helpers_deployments:helpers_deployments.py:277 	App: opensearch - Units - conditions unmet.
[32mINFO    [0m integration.helpers_deployments:helpers_deployments.py:278 
	app: opensearch active -- message: None
		opensearch-0.a1d* -- (10.63.132.109) -- [executing (since: 02:21:39)] active: 
		opensearch-1.a1d  -- (10.63.132.239) -- [idle (since: 02:21:37)] active: 
		opensearch-2.a1d  -- (10.63.132.40) -- [idle (since: 02:21:37)] active: 

[32mINFO    [0m integration.helpers_deployments:helpers_deployments.py:337 


02:21:52 -- Waiting for model...
[32mINFO    [0m integration.helpers_deployments:helpers_deployments.py:277 	App: opensearch - Units - conditions unmet.
[32mINFO    [0m integration.helpers_deployments:helpers_deployments.py:278 
	app: opensearch active -- message: None
		opensearch-0.a1d* -- (10.63.132.109) -- [idle (since: 02:21:42)] active: 
		opensearch-1.a1d  -- (10.63.132.239) -- [idle (since: 02:21:37)] active: 
		opensearch-2.a1d  -- (10.63.132.40) -- [idle (since: 02:21:37)] active: 

[32mINFO    [0m integration.helpers_deployments:helpers_deployments.py:337 


02:22:03 -- Waiting for model...
[32mINFO    [0m integration.helpers_deployments:helpers_deployments.py:277 	App: opensearch - Units - conditions unmet.
[32mINFO    [0m integration.helpers_deployments:helpers_deployments.py:278 
	app: opensearch active -- message: None
		opensearch-0.a1d* -- (10.63.132.109) -- [idle (since: 02:21:42)] active: 
		opensearch-1.a1d  -- (10.63.132.239) -- [idle (since: 02:21:37)] active: 
		opensearch-2.a1d  -- (10.63.132.40) -- [idle (since: 02:21:37)] active: 

[32mINFO    [0m integration.helpers_deployments:helpers_deployments.py:337 


02:22:15 -- Waiting for model...
[32mINFO    [0m integration.helpers_deployments:helpers_deployments.py:348 02:22:16 -- Waiting for model: complete.



[32mINFO    [0m integration.tls.test_manual_tls:test_manual_tls.py:72 Scaling up the application by adding a new unit
[32mINFO    [0m integration.tls.test_manual_tls:test_manual_tls.py:76 Waiting for the new unit to be in maintenance waiting for certificates
[32mINFO    [0m integration.helpers_deployments:helpers_deployments.py:329 



[32mINFO    [0m integration.helpers_deployments:helpers_deployments.py:330 Model  Controller           Cloud/Region         Version  SLA          Timestamp
test   localhost-localhost  localhost/localhost  3.5.3    unsupported  02:22:17Z

App                      Version  Status  Scale  Charm                    Channel        Rev  Exposed  Message
manual-tls-certificates           active      1  manual-tls-certificates  latest/stable  108  no       No outstanding requests.
opensearch                        active    3/4  opensearch                                0  no       

Unit                        Workload  Agent       Machine  Public address  Ports     Message
manual-tls-certificates/0*  active    idle        3        10.63.132.59              No outstanding requests.
opensearch/0*               active    idle        0        10.63.132.109   9200/tcp  
opensearch/1                active    idle        1        10.63.132.239   9200/tcp  
opensearch/2                active    idle        2        10.63.132.40    9200/tcp  
opensearch/3                waiting   allocating  4                                  waiting for machine

Machine  State    Address        Inst id        Base          AZ  Message
0        started  10.63.132.109  juju-6b6b4b-0  ubuntu@22.04      Running
1        started  10.63.132.239  juju-6b6b4b-1  ubuntu@22.04      Running
2        started  10.63.132.40   juju-6b6b4b-2  ubuntu@22.04      Running
3        started  10.63.132.59   juju-6b6b4b-3  ubuntu@22.04      Running
4        pending                 pending        ubuntu@22.04      

[32mINFO    [0m integration.helpers_deployments:helpers_deployments.py:337 


02:22:17 -- Waiting for model...
[32mINFO    [0m integration.helpers_deployments:helpers_deployments.py:251 opensearch -- expected units: 4 -- current: 3
[32mINFO    [0m integration.helpers_deployments:helpers_deployments.py:337 


02:22:28 -- Waiting for model...
[32mINFO    [0m integration.helpers_deployments:helpers_deployments.py:277 	App: opensearch - Units - conditions unmet.
[32mINFO    [0m integration.helpers_deployments:helpers_deployments.py:278 
	app: opensearch active -- message: None
		opensearch-0.a1d* -- (10.63.132.109) -- [idle (since: 02:21:42)] active: 
		opensearch-1.a1d  -- (10.63.132.239) -- [idle (since: 02:21:37)] active: 
		opensearch-2.a1d  -- (10.63.132.40) -- [idle (since: 02:21:37)] active: 
		opensearch-3.a1d  -- (10.63.132.29) -- [allocating (since: 02:22:16)] waiting: waiting for machine

[32mINFO    [0m integration.helpers_deployments:helpers_deployments.py:337 


02:23:44 -- Waiting for model...
[32mINFO    [0m integration.helpers_deployments:helpers_deployments.py:277 	App: opensearch - Units - conditions unmet.
[32mINFO    [0m integration.helpers_deployments:helpers_deployments.py:278 
	app: opensearch active -- message: None
		opensearch-0.a1d* -- (10.63.132.109) -- [idle (since: 02:21:42)] active: 
		opensearch-1.a1d  -- (10.63.132.239) -- [idle (since: 02:21:37)] active: 
		opensearch-2.a1d  -- (10.63.132.40) -- [idle (since: 02:21:37)] active: 
		opensearch-3.a1d  -- (10.63.132.29) -- [executing (since: 02:23:41)] maintenance: Installing OpenSearch...

[32mINFO    [0m integration.helpers_deployments:helpers_deployments.py:337 


02:23:57 -- Waiting for model...
[32mINFO    [0m integration.helpers_deployments:helpers_deployments.py:277 	App: opensearch - Units - conditions unmet.
[32mINFO    [0m integration.helpers_deployments:helpers_deployments.py:278 
	app: opensearch active -- message: None
		opensearch-0.a1d* -- (10.63.132.109) -- [idle (since: 02:21:42)] active: 
		opensearch-1.a1d  -- (10.63.132.239) -- [idle (since: 02:21:37)] active: 
		opensearch-2.a1d  -- (10.63.132.40) -- [idle (since: 02:21:37)] active: 
		opensearch-3.a1d  -- (10.63.132.29) -- [executing (since: 02:23:41)] maintenance: Installing OpenSearch...

[32mINFO    [0m integration.helpers_deployments:helpers_deployments.py:337 


02:24:09 -- Waiting for model...
[32mINFO    [0m integration.helpers_deployments:helpers_deployments.py:277 	App: opensearch - Units - conditions unmet.
[32mINFO    [0m integration.helpers_deployments:helpers_deployments.py:278 
	app: opensearch active -- message: None
		opensearch-0.a1d* -- (10.63.132.109) -- [idle (since: 02:21:42)] active: 
		opensearch-1.a1d  -- (10.63.132.239) -- [idle (since: 02:21:37)] active: 
		opensearch-2.a1d  -- (10.63.132.40) -- [idle (since: 02:21:37)] active: 
		opensearch-3.a1d  -- (10.63.132.29) -- [executing (since: 02:23:41)] maintenance: Installing OpenSearch...

[32mINFO    [0m integration.helpers_deployments:helpers_deployments.py:337 


02:24:21 -- Waiting for model...
[32mINFO    [0m integration.helpers_deployments:helpers_deployments.py:277 	App: opensearch - Units - conditions unmet.
[32mINFO    [0m integration.helpers_deployments:helpers_deployments.py:278 
	app: opensearch active -- message: None
		opensearch-0.a1d* -- (10.63.132.109) -- [idle (since: 02:21:42)] active: 
		opensearch-1.a1d  -- (10.63.132.239) -- [idle (since: 02:21:37)] active: 
		opensearch-2.a1d  -- (10.63.132.40) -- [idle (since: 02:21:37)] active: 
		opensearch-3.a1d  -- (10.63.132.29) -- [executing (since: 02:23:41)] maintenance: Installing OpenSearch...

[32mINFO    [0m integration.helpers_deployments:helpers_deployments.py:337 


02:24:33 -- Waiting for model...
[32mINFO    [0m integration.helpers_deployments:helpers_deployments.py:277 	App: opensearch - Units - conditions unmet.
[32mINFO    [0m integration.helpers_deployments:helpers_deployments.py:278 
	app: opensearch active -- message: None
		opensearch-0.a1d* -- (10.63.132.109) -- [idle (since: 02:21:42)] active: 
		opensearch-1.a1d  -- (10.63.132.239) -- [idle (since: 02:21:37)] active: 
		opensearch-2.a1d  -- (10.63.132.40) -- [idle (since: 02:21:37)] active: 
		opensearch-3.a1d  -- (10.63.132.29) -- [executing (since: 02:23:41)] maintenance: Installing OpenSearch...

[32mINFO    [0m integration.helpers_deployments:helpers_deployments.py:337 


02:24:46 -- Waiting for model...
[32mINFO    [0m integration.helpers_deployments:helpers_deployments.py:277 	App: opensearch - Units - conditions unmet.
[32mINFO    [0m integration.helpers_deployments:helpers_deployments.py:278 
	app: opensearch active -- message: None
		opensearch-0.a1d* -- (10.63.132.109) -- [idle (since: 02:21:42)] active: 
		opensearch-1.a1d  -- (10.63.132.239) -- [idle (since: 02:21:37)] active: 
		opensearch-2.a1d  -- (10.63.132.40) -- [idle (since: 02:21:37)] active: 
		opensearch-3.a1d  -- (10.63.132.29) -- [executing (since: 02:23:41)] maintenance: Installing OpenSearch...

[32mINFO    [0m integration.helpers_deployments:helpers_deployments.py:337 


02:24:58 -- Waiting for model...
[32mINFO    [0m integration.helpers_deployments:helpers_deployments.py:277 	App: opensearch - Units - conditions unmet.
[32mINFO    [0m integration.helpers_deployments:helpers_deployments.py:278 
	app: opensearch active -- message: None
		opensearch-0.a1d* -- (10.63.132.109) -- [idle (since: 02:24:58)] active: 
		opensearch-1.a1d  -- (10.63.132.239) -- [executing (since: 02:24:55)] active: 
		opensearch-2.a1d  -- (10.63.132.40) -- [executing (since: 02:24:58)] active: 
		opensearch-3.a1d  -- (10.63.132.29) -- [executing (since: 02:24:58)] active: 

[32mINFO    [0m integration.helpers_deployments:helpers_deployments.py:337 


02:25:10 -- Waiting for model...
[32mINFO    [0m integration.helpers_deployments:helpers_deployments.py:277 	App: opensearch - Units - conditions unmet.
[32mINFO    [0m integration.helpers_deployments:helpers_deployments.py:278 
	app: opensearch active -- message: None
		opensearch-0.a1d* -- (10.63.132.109) -- [idle (since: 02:24:58)] active: 
		opensearch-1.a1d  -- (10.63.132.239) -- [idle (since: 02:24:59)] active: 
		opensearch-2.a1d  -- (10.63.132.40) -- [idle (since: 02:24:59)] active: 
		opensearch-3.a1d  -- (10.63.132.29) -- [executing (since: 02:25:10)] maintenance: Waiting for TLS to be fully configured...

[32mINFO    [0m integration.helpers_deployments:helpers_deployments.py:337 


02:25:22 -- Waiting for model...
[32mINFO    [0m integration.helpers_deployments:helpers_deployments.py:277 	App: opensearch - Units - conditions unmet.
[32mINFO    [0m integration.helpers_deployments:helpers_deployments.py:278 
	app: opensearch active -- message: None
		opensearch-0.a1d* -- (10.63.132.109) -- [idle (since: 02:24:58)] active: 
		opensearch-1.a1d  -- (10.63.132.239) -- [idle (since: 02:24:59)] active: 
		opensearch-2.a1d  -- (10.63.132.40) -- [idle (since: 02:24:59)] active: 
		opensearch-3.a1d  -- (10.63.132.29) -- [idle (since: 02:25:21)] maintenance: Waiting for TLS to be fully configured...

[32mINFO    [0m integration.helpers_deployments:helpers_deployments.py:337 


02:25:34 -- Waiting for model...
[32mINFO    [0m integration.helpers_deployments:helpers_deployments.py:277 	App: opensearch - Units - conditions unmet.
[32mINFO    [0m integration.helpers_deployments:helpers_deployments.py:278 
	app: opensearch active -- message: None
		opensearch-0.a1d* -- (10.63.132.109) -- [idle (since: 02:24:58)] active: 
		opensearch-1.a1d  -- (10.63.132.239) -- [idle (since: 02:24:59)] active: 
		opensearch-2.a1d  -- (10.63.132.40) -- [idle (since: 02:24:59)] active: 
		opensearch-3.a1d  -- (10.63.132.29) -- [idle (since: 02:25:21)] maintenance: Waiting for TLS to be fully configured...

[32mINFO    [0m integration.helpers_deployments:helpers_deployments.py:337 


02:25:46 -- Waiting for model...
[32mINFO    [0m integration.helpers_deployments:helpers_deployments.py:277 	App: opensearch - Units - conditions unmet.
[32mINFO    [0m integration.helpers_deployments:helpers_deployments.py:278 
	app: opensearch active -- message: None
		opensearch-0.a1d* -- (10.63.132.109) -- [idle (since: 02:24:58)] active: 
		opensearch-1.a1d  -- (10.63.132.239) -- [idle (since: 02:24:59)] active: 
		opensearch-2.a1d  -- (10.63.132.40) -- [idle (since: 02:24:59)] active: 
		opensearch-3.a1d  -- (10.63.132.29) -- [idle (since: 02:25:21)] maintenance: Waiting for TLS to be fully configured...

[32mINFO    [0m integration.helpers_deployments:helpers_deployments.py:337 


02:25:59 -- Waiting for model...
[32mINFO    [0m integration.helpers_deployments:helpers_deployments.py:348 02:26:01 -- Waiting for model: complete.



[32mINFO    [0m integration.tls.test_manual_tls:test_manual_tls.py:85 Waiting for the new unit to request certificates
[32mINFO    [0m root:helpers_manual_tls.py:93 Getting outstanding certificate requests
[32mINFO    [0m integration.tls.test_manual_tls:test_manual_tls.py:89 Signing CSRs
[32mINFO    [0m integration.tls.helpers_manual_tls:helpers_manual_tls.py:147 Generated certificate for opensearch/3
[32mINFO    [0m integration.tls.helpers_manual_tls:helpers_manual_tls.py:165 Provided certificate to opensearch/3
[32mINFO    [0m integration.tls.helpers_manual_tls:helpers_manual_tls.py:147 Generated certificate for opensearch/3
[32mINFO    [0m integration.tls.helpers_manual_tls:helpers_manual_tls.py:165 Provided certificate to opensearch/3
[32mINFO    [0m integration.tls.test_manual_tls:test_manual_tls.py:93 Waiting for the new unit to be active
[32mINFO    [0m integration.helpers_deployments:helpers_deployments.py:329 



[32mINFO    [0m integration.helpers_deployments:helpers_deployments.py:330 Model  Controller           Cloud/Region         Version  SLA          Timestamp
test   localhost-localhost  localhost/localhost  3.5.3    unsupported  02:26:05Z

App                      Version  Status  Scale  Charm                    Channel        Rev  Exposed  Message
manual-tls-certificates           active      1  manual-tls-certificates  latest/stable  108  no       No outstanding requests.
opensearch                        active      4  opensearch                                0  no       

Unit                        Workload     Agent      Machine  Public address  Ports     Message
manual-tls-certificates/0*  active       idle       3        10.63.132.59              No outstanding requests.
opensearch/0*               active       executing  0        10.63.132.109   9200/tcp  
opensearch/1                active       executing  1        10.63.132.239   9200/tcp  
opensearch/2                active       executing  2        10.63.132.40    9200/tcp  
opensearch/3                maintenance  executing  4        10.63.132.29              Waiting for TLS to be fully configured...

Machine  State    Address        Inst id        Base          AZ  Message
0        started  10.63.132.109  juju-6b6b4b-0  ubuntu@22.04      Running
1        started  10.63.132.239  juju-6b6b4b-1  ubuntu@22.04      Running
2        started  10.63.132.40   juju-6b6b4b-2  ubuntu@22.04      Running
3        started  10.63.132.59   juju-6b6b4b-3  ubuntu@22.04      Running
4        started  10.63.132.29   juju-6b6b4b-4  ubuntu@22.04      Running

[32mINFO    [0m integration.helpers_deployments:helpers_deployments.py:337 


02:26:05 -- Waiting for model...
[32mINFO    [0m integration.helpers_deployments:helpers_deployments.py:277 	App: opensearch - Units - conditions unmet.
[32mINFO    [0m integration.helpers_deployments:helpers_deployments.py:278 
	app: opensearch active -- message: None
		opensearch-0.a1d* -- (10.63.132.109) -- [executing (since: 02:26:03)] active: 
		opensearch-1.a1d  -- (10.63.132.239) -- [executing (since: 02:26:03)] active: 
		opensearch-2.a1d  -- (10.63.132.40) -- [executing (since: 02:26:03)] active: 
		opensearch-3.a1d  -- (10.63.132.29) -- [executing (since: 02:26:03)] maintenance: Waiting for TLS to be fully configured...

[32mINFO    [0m integration.helpers_deployments:helpers_deployments.py:337 


02:26:17 -- Waiting for model...
[32mINFO    [0m integration.helpers_deployments:helpers_deployments.py:277 	App: opensearch - Units - conditions unmet.
[32mINFO    [0m integration.helpers_deployments:helpers_deployments.py:278 
	app: opensearch active -- message: None
		opensearch-0.a1d* -- (10.63.132.109) -- [executing (since: 02:26:16)] active: 
		opensearch-1.a1d  -- (10.63.132.239) -- [idle (since: 02:26:14)] active: 
		opensearch-2.a1d  -- (10.63.132.40) -- [idle (since: 02:26:16)] active: 
		opensearch-3.a1d  -- (10.63.132.29) -- [executing (since: 02:26:14)] waiting: Requesting lock on operation: start

[32mINFO    [0m integration.helpers_deployments:helpers_deployments.py:337 


02:26:29 -- Waiting for model...
[32mINFO    [0m integration.helpers_deployments:helpers_deployments.py:277 	App: opensearch - Units - conditions unmet.
[32mINFO    [0m integration.helpers_deployments:helpers_deployments.py:278 
	app: opensearch active -- message: None
		opensearch-0.a1d* -- (10.63.132.109) -- [idle (since: 02:26:19)] active: 
		opensearch-1.a1d  -- (10.63.132.239) -- [idle (since: 02:26:14)] active: 
		opensearch-2.a1d  -- (10.63.132.40) -- [idle (since: 02:26:16)] active: 
		opensearch-3.a1d  -- (10.63.132.29) -- [executing (since: 02:26:14)] waiting: Waiting for OpenSearch to start...

[32mINFO    [0m integration.helpers_deployments:helpers_deployments.py:337 


02:26:41 -- Waiting for model...
[32mINFO    [0m integration.helpers_deployments:helpers_deployments.py:277 	App: opensearch - Units - conditions unmet.
[32mINFO    [0m integration.helpers_deployments:helpers_deployments.py:278 
	app: opensearch active -- message: None
		opensearch-0.a1d* -- (10.63.132.109) -- [executing (since: 02:26:39)] active: 
		opensearch-1.a1d  -- (10.63.132.239) -- [executing (since: 02:26:40)] active: 
		opensearch-2.a1d  -- (10.63.132.40) -- [executing (since: 02:26:39)] active: 
		opensearch-3.a1d  -- (10.63.132.29) -- [idle (since: 02:26:39)] active: 

[32mINFO    [0m integration.helpers_deployments:helpers_deployments.py:337 


02:26:53 -- Waiting for model...
[32mINFO    [0m integration.helpers_deployments:helpers_deployments.py:277 	App: opensearch - Units - conditions unmet.
[32mINFO    [0m integration.helpers_deployments:helpers_deployments.py:278 
	app: opensearch active -- message: None
		opensearch-0.a1d* -- (10.63.132.109) -- [idle (since: 02:26:44)] active: 
		opensearch-1.a1d  -- (10.63.132.239) -- [idle (since: 02:26:43)] active: 
		opensearch-2.a1d  -- (10.63.132.40) -- [idle (since: 02:26:43)] active: 
		opensearch-3.a1d  -- (10.63.132.29) -- [idle (since: 02:26:43)] active: 

[32mINFO    [0m integration.helpers_deployments:helpers_deployments.py:337 


02:27:06 -- Waiting for model...
[32mINFO    [0m integration.helpers_deployments:helpers_deployments.py:277 	App: opensearch - Units - conditions unmet.
[32mINFO    [0m integration.helpers_deployments:helpers_deployments.py:278 
	app: opensearch active -- message: None
		opensearch-0.a1d* -- (10.63.132.109) -- [idle (since: 02:26:44)] active: 
		opensearch-1.a1d  -- (10.63.132.239) -- [idle (since: 02:26:43)] active: 
		opensearch-2.a1d  -- (10.63.132.40) -- [idle (since: 02:26:43)] active: 
		opensearch-3.a1d  -- (10.63.132.29) -- [idle (since: 02:26:43)] active: 

[32mINFO    [0m integration.helpers_deployments:helpers_deployments.py:337 


02:27:18 -- Waiting for model...
[32mINFO    [0m integration.helpers_deployments:helpers_deployments.py:277 	App: opensearch - Units - conditions unmet.
[32mINFO    [0m integration.helpers_deployments:helpers_deployments.py:278 
	app: opensearch active -- message: None
		opensearch-0.a1d* -- (10.63.132.109) -- [idle (since: 02:27:13)] active: 
		opensearch-1.a1d  -- (10.63.132.239) -- [idle (since: 02:27:12)] active: 
		opensearch-2.a1d  -- (10.63.132.40) -- [idle (since: 02:27:12)] active: 
		opensearch-3.a1d  -- (10.63.132.29) -- [idle (since: 02:27:12)] active: 

[32mINFO    [0m integration.helpers_deployments:helpers_deployments.py:337 


02:27:30 -- Waiting for model...
[32mINFO    [0m integration.helpers_deployments:helpers_deployments.py:277 	App: opensearch - Units - conditions unmet.
[32mINFO    [0m integration.helpers_deployments:helpers_deployments.py:278 
	app: opensearch active -- message: None
		opensearch-0.a1d* -- (10.63.132.109) -- [idle (since: 02:27:13)] active: 
		opensearch-1.a1d  -- (10.63.132.239) -- [idle (since: 02:27:12)] active: 
		opensearch-2.a1d  -- (10.63.132.40) -- [idle (since: 02:27:12)] active: 
		opensearch-3.a1d  -- (10.63.132.29) -- [idle (since: 02:27:12)] active: 

[32mINFO    [0m integration.helpers_deployments:helpers_deployments.py:337 


02:27:42 -- Waiting for model...
[32mINFO    [0m integration.helpers_deployments:helpers_deployments.py:348 02:27:44 -- Waiting for model: complete.
[32mINFO    [0m pytest_operator.plugin:plugin.py:862 Model status:

Model  Controller           Cloud/Region         Version  SLA          Timestamp
test   localhost-localhost  localhost/localhost  3.5.3    unsupported  02:27:44Z

App                      Version  Status  Scale  Charm                    Channel        Rev  Exposed  Message
manual-tls-certificates           active      1  manual-tls-certificates  latest/stable  108  no       No outstanding requests.
opensearch                        active      4  opensearch                                0  no       

Unit                        Workload  Agent  Machine  Public address  Ports     Message
manual-tls-certificates/0*  active    idle   3        10.63.132.59              No outstanding requests.
opensearch/0*               active    idle   0        10.63.132.109   9200/tcp  
opensearch/1                active    idle   1        10.63.132.239   9200/tcp  
opensearch/2                active    idle   2        10.63.132.40    9200/tcp  
opensearch/3                active    idle   4        10.63.132.29    9200/tcp  

Machine  State    Address        Inst id        Base          AZ  Message
0        started  10.63.132.109  juju-6b6b4b-0  ubuntu@22.04      Running
1        started  10.63.132.239  juju-6b6b4b-1  ubuntu@22.04      Running
2        started  10.63.132.40   juju-6b6b4b-2  ubuntu@22.04      Running
3        started  10.63.132.59   juju-6b6b4b-3  ubuntu@22.04      Running
4        started  10.63.132.29   juju-6b6b4b-4  ubuntu@22.04      Running

[32mINFO    [0m pytest_operator.plugin:plugin.py:868 Juju error logs:

machine-0: 02:17:10 ERROR juju.worker.dependency "kvm-container-provisioner" manifold worker returned unexpected error: container types not yet available
machine-0: 02:17:10 ERROR juju.worker.dependency "lxd-container-provisioner" manifold worker returned unexpected error: container types not yet available
unit-opensearch-0: 02:17:10 ERROR juju.worker.meterstatus error running "meter-status-changed": charm missing from disk
machine-2: 02:17:11 ERROR juju.worker.dependency "lxd-container-provisioner" manifold worker returned unexpected error: container types not yet available
machine-2: 02:17:11 ERROR juju.worker.dependency "kvm-container-provisioner" manifold worker returned unexpected error: container types not yet available
unit-opensearch-2: 02:17:12 ERROR juju.worker.meterstatus error running "meter-status-changed": charm missing from disk
machine-1: 02:17:14 ERROR juju.worker.dependency "kvm-container-provisioner" manifold worker returned unexpected error: container types not yet available
machine-1: 02:17:14 ERROR juju.worker.dependency "lxd-container-provisioner" manifold worker returned unexpected error: container types not yet available
unit-opensearch-1: 02:17:14 ERROR juju.worker.meterstatus error running "meter-status-changed": charm missing from disk
machine-3: 02:17:15 ERROR juju.worker.dependency "lxd-container-provisioner" manifold worker returned unexpected error: container types not yet available
machine-3: 02:17:15 ERROR juju.worker.dependency "kvm-container-provisioner" manifold worker returned unexpected error: container types not yet available
unit-manual-tls-certificates-0: 02:17:16 ERROR juju.worker.meterstatus error running "meter-status-changed": charm missing from disk
unit-opensearch-1: 02:20:24 ERROR unit.opensearch/1.juju-log certificates:3: err:  / out: keytool error: java.lang.Exception: Keystore file does not exist: /var/snap/opensearch/current/etc/opensearch/certificates/ca.p12

unit-opensearch-2: 02:20:26 ERROR unit.opensearch/2.juju-log certificates:3: err:  / out: keytool error: java.lang.Exception: Keystore file does not exist: /var/snap/opensearch/current/etc/opensearch/certificates/ca.p12

unit-opensearch-0: 02:20:28 ERROR unit.opensearch/0.juju-log certificates:3: err:  / out: keytool error: java.lang.Exception: Keystore file does not exist: /var/snap/opensearch/current/etc/opensearch/certificates/ca.p12

unit-opensearch-0: 02:20:37 ERROR unit.opensearch/0.juju-log Cannot connect to the OpenSearch server...
unit-opensearch-0: 02:20:37 ERROR unit.opensearch/0.juju-log Cannot connect to the OpenSearch server...
unit-opensearch-0: 02:20:38 ERROR unit.opensearch/0.juju-log Cannot connect to the OpenSearch server...
unit-opensearch-0: 02:20:38 ERROR unit.opensearch/0.juju-log Cannot connect to the OpenSearch server...
unit-opensearch-0: 02:20:41 ERROR unit.opensearch/0.juju-log Cannot connect to the OpenSearch server...
unit-opensearch-0: 02:20:44 ERROR unit.opensearch/0.juju-log Cannot connect to the OpenSearch server...
unit-opensearch-0: 02:20:47 ERROR unit.opensearch/0.juju-log Cannot connect to the OpenSearch server...
unit-opensearch-2: 02:20:50 ERROR unit.opensearch/2.juju-log Cannot connect to the OpenSearch server...
unit-opensearch-1: 02:20:50 ERROR unit.opensearch/1.juju-log node-lock-fallback:2: Cannot connect to the OpenSearch server...
unit-opensearch-0: 02:20:50 ERROR unit.opensearch/0.juju-log Cannot connect to the OpenSearch server...
unit-opensearch-2: 02:20:51 ERROR unit.opensearch/2.juju-log Cannot connect to the OpenSearch server...
unit-opensearch-1: 02:20:51 ERROR unit.opensearch/1.juju-log Cannot connect to the OpenSearch server...
unit-opensearch-2: 02:20:52 ERROR unit.opensearch/2.juju-log Cannot connect to the OpenSearch server...
unit-opensearch-1: 02:20:52 ERROR unit.opensearch/1.juju-log Cannot connect to the OpenSearch server...
unit-opensearch-2: 02:20:53 ERROR unit.opensearch/2.juju-log node-lock-fallback:2: Cannot connect to the OpenSearch server...
unit-opensearch-1: 02:20:53 ERROR unit.opensearch/1.juju-log opensearch-peers:1: Cannot connect to the OpenSearch server...
unit-opensearch-2: 02:20:54 ERROR unit.opensearch/2.juju-log node-lock-fallback:2: Cannot connect to the OpenSearch server...
unit-opensearch-1: 02:20:54 ERROR unit.opensearch/1.juju-log node-lock-fallback:2: Cannot connect to the OpenSearch server...
unit-opensearch-2: 02:20:55 ERROR unit.opensearch/2.juju-log node-lock-fallback:2: Cannot connect to the OpenSearch server...
unit-opensearch-1: 02:20:55 ERROR unit.opensearch/1.juju-log node-lock-fallback:2: Cannot connect to the OpenSearch server...
unit-opensearch-2: 02:20:56 ERROR unit.opensearch/2.juju-log node-lock-fallback:2: Cannot connect to the OpenSearch server...
unit-opensearch-1: 02:20:56 ERROR unit.opensearch/1.juju-log node-lock-fallback:2: Cannot connect to the OpenSearch server...
unit-opensearch-2: 02:20:56 ERROR unit.opensearch/2.juju-log opensearch-peers:1: Cannot connect to the OpenSearch server...
unit-opensearch-1: 02:20:57 ERROR unit.opensearch/1.juju-log opensearch-peers:1: Cannot connect to the OpenSearch server...
unit-opensearch-2: 02:20:57 ERROR unit.opensearch/2.juju-log opensearch-peers:1: Cannot connect to the OpenSearch server...
unit-opensearch-1: 02:20:58 ERROR unit.opensearch/1.juju-log opensearch-peers:1: Cannot connect to the OpenSearch server...
unit-opensearch-2: 02:20:58 ERROR unit.opensearch/2.juju-log opensearch-peers:1: Cannot connect to the OpenSearch server...
unit-opensearch-1: 02:20:58 ERROR unit.opensearch/1.juju-log opensearch-peers:1: Cannot connect to the OpenSearch server...
unit-opensearch-2: 02:20:59 ERROR unit.opensearch/2.juju-log opensearch-peers:1: Cannot connect to the OpenSearch server...
unit-opensearch-1: 02:20:59 ERROR unit.opensearch/1.juju-log node-lock-fallback:2: Cannot connect to the OpenSearch server...
unit-opensearch-1: 02:21:00 ERROR unit.opensearch/1.juju-log node-lock-fallback:2: Cannot connect to the OpenSearch server...
unit-opensearch-2: 02:21:00 ERROR unit.opensearch/2.juju-log node-lock-fallback:2: Cannot connect to the OpenSearch server...
unit-opensearch-2: 02:21:01 ERROR unit.opensearch/2.juju-log node-lock-fallback:2: Cannot connect to the OpenSearch server...
unit-opensearch-1: 02:21:03 ERROR unit.opensearch/1.juju-log node-lock-fallback:2: Cannot connect to the OpenSearch server...
unit-opensearch-2: 02:21:03 ERROR unit.opensearch/2.juju-log node-lock-fallback:2: Cannot connect to the OpenSearch server...
unit-opensearch-2: 02:21:04 ERROR unit.opensearch/2.juju-log node-lock-fallback:2: Cannot connect to the OpenSearch server...
unit-opensearch-1: 02:21:04 ERROR unit.opensearch/1.juju-log node-lock-fallback:2: Cannot connect to the OpenSearch server...
unit-opensearch-2: 02:21:04 ERROR unit.opensearch/2.juju-log node-lock-fallback:2: Cannot connect to the OpenSearch server...
unit-opensearch-2: 02:21:05 ERROR unit.opensearch/2.juju-log node-lock-fallback:2: Cannot connect to the OpenSearch server...
unit-opensearch-1: 02:21:08 ERROR unit.opensearch/1.juju-log opensearch-peers:1: Cannot connect to the OpenSearch server...
unit-opensearch-1: 02:21:09 ERROR unit.opensearch/1.juju-log opensearch-peers:1: Cannot connect to the OpenSearch server...
machine-4: 02:23:32 ERROR juju.worker.dependency "kvm-container-provisioner" manifold worker returned unexpected error: container types not yet available
machine-4: 02:23:32 ERROR juju.worker.dependency "lxd-container-provisioner" manifold worker returned unexpected error: container types not yet available
unit-opensearch-3: 02:23:32 ERROR juju.worker.meterstatus error running "meter-status-changed": charm missing from disk
unit-opensearch-3: 02:26:05 ERROR unit.opensearch/3.juju-log certificates:3: err:  / out: keytool error: java.lang.Exception: Keystore file does not exist: /var/snap/opensearch/current/etc/opensearch/certificates/ca.p12

unit-opensearch-3: 02:26:16 ERROR unit.opensearch/3.juju-log Cannot connect to the OpenSearch server...
unit-opensearch-3: 02:26:18 ERROR unit.opensearch/3.juju-log Cannot connect to the OpenSearch server...

[32mINFO    [0m pytest_operator.plugin:plugin.py:947 Forgetting model main...