[32mINFO    [0m pytest_operator.plugin:plugin.py:862 Model status:

Model  Controller           Cloud/Region         Version  SLA          Timestamp
test   localhost-localhost  localhost/localhost  3.5.3    unsupported  02:31:30Z

App                       Version  Status       Scale  Charm                     Channel        Rev  Exposed  Message
failover                           active           2  opensearch                                 2  no       
grafana-agent                      maintenance      4  grafana-agent             latest/edge    282  no       Installing grafana-agent snap
main                               active           1  opensearch                                 1  no       
opensearch                         active           1  opensearch                                 0  no       
self-signed-certificates           active           1  self-signed-certificates  latest/stable  155  no       

Unit                         Workload     Agent      Machine  Public address  Ports     Message
failover/0                   active       idle       1        10.212.129.213  9200/tcp  
  grafana-agent/0*           maintenance  executing           10.212.129.213            (install) Installing grafana-agent snap
failover/1*                  active       idle       2        10.212.129.4    9200/tcp  
  grafana-agent/2            maintenance  executing           10.212.129.4              (install) Installing grafana-agent snap
main/0*                      active       idle       3        10.212.129.166  9200/tcp  
  grafana-agent/3            maintenance  executing           10.212.129.166            (install) Installing grafana-agent snap
opensearch/0*                active       idle       4        10.212.129.117  9200/tcp  
  grafana-agent/4            maintenance  executing           10.212.129.117            (install) Installing grafana-agent snap
self-signed-certificates/0*  active       idle       0        10.212.129.85             

Machine  State    Address         Inst id        Base          AZ  Message
0        started  10.212.129.85   juju-1baefe-0  ubuntu@22.04      Running
1        started  10.212.129.213  juju-1baefe-1  ubuntu@22.04      Running
2        started  10.212.129.4    juju-1baefe-2  ubuntu@22.04      Running
3        started  10.212.129.166  juju-1baefe-3  ubuntu@22.04      Running
4        started  10.212.129.117  juju-1baefe-4  ubuntu@22.04      Running

[32mINFO    [0m pytest_operator.plugin:plugin.py:868 Juju error logs:

machine-0: 02:18:10 ERROR juju.worker.dependency "lxd-container-provisioner" manifold worker returned unexpected error: container types not yet available
machine-0: 02:18:10 ERROR juju.worker.dependency "kvm-container-provisioner" manifold worker returned unexpected error: container types not yet available
unit-self-signed-certificates-0: 02:18:10 ERROR juju.worker.meterstatus error running "meter-status-changed": charm missing from disk
machine-3: 02:18:47 ERROR juju.worker.dependency "kvm-container-provisioner" manifold worker returned unexpected error: container types not yet available
machine-3: 02:18:47 ERROR juju.worker.dependency "lxd-container-provisioner" manifold worker returned unexpected error: container types not yet available
unit-main-0: 02:18:47 ERROR juju.worker.meterstatus error running "meter-status-changed": charm missing from disk
machine-4: 02:19:00 ERROR juju.worker.dependency "lxd-container-provisioner" manifold worker returned unexpected error: container types not yet available
machine-4: 02:19:00 ERROR juju.worker.dependency "kvm-container-provisioner" manifold worker returned unexpected error: container types not yet available
unit-opensearch-0: 02:19:00 ERROR juju.worker.meterstatus error running "meter-status-changed": charm missing from disk
machine-2: 02:19:01 ERROR juju.worker.dependency "kvm-container-provisioner" manifold worker returned unexpected error: container types not yet available
machine-2: 02:19:01 ERROR juju.worker.dependency "lxd-container-provisioner" manifold worker returned unexpected error: container types not yet available
unit-failover-1: 02:19:01 ERROR juju.worker.meterstatus error running "meter-status-changed": charm missing from disk
machine-1: 02:20:13 ERROR juju.worker.dependency "lxd-container-provisioner" manifold worker returned unexpected error: container types not yet available
machine-1: 02:20:13 ERROR juju.worker.dependency "kvm-container-provisioner" manifold worker returned unexpected error: container types not yet available
unit-failover-0: 02:20:13 ERROR juju.worker.meterstatus error running "meter-status-changed": charm missing from disk
unit-main-0: 02:21:03 ERROR unit.main/0.juju-log certificates:12: err:  / out: keytool error: java.lang.Exception: Keystore file does not exist: /var/snap/opensearch/current/etc/opensearch/certificates/ca.p12

unit-main-0: 02:21:09 ERROR unit.main/0.juju-log Cannot connect to the OpenSearch server...
unit-main-0: 02:21:10 ERROR unit.main/0.juju-log Cannot connect to the OpenSearch server...
unit-main-0: 02:21:10 ERROR unit.main/0.juju-log Cannot connect to the OpenSearch server...
unit-main-0: 02:21:13 ERROR unit.main/0.juju-log Cannot connect to the OpenSearch server...
unit-main-0: 02:21:16 ERROR unit.main/0.juju-log Cannot connect to the OpenSearch server...
unit-main-0: 02:21:19 ERROR unit.main/0.juju-log Cannot connect to the OpenSearch server...
unit-main-0: 02:21:22 ERROR unit.main/0.juju-log Cannot connect to the OpenSearch server...
unit-main-0: 02:21:25 ERROR unit.main/0.juju-log Cannot connect to the OpenSearch server...
unit-opensearch-0: 02:22:39 ERROR unit.opensearch/0.juju-log certificates:14: err:  / out: keytool error: java.lang.Exception: Keystore file does not exist: /var/snap/opensearch/current/etc/opensearch/certificates/ca.p12

unit-opensearch-0: 02:22:44 ERROR unit.opensearch/0.juju-log Cannot connect to the OpenSearch server...
unit-opensearch-0: 02:22:46 ERROR unit.opensearch/0.juju-log Cannot connect to the OpenSearch server...
unit-failover-0: 02:27:24 ERROR unit.failover/0.juju-log certificates:13: err:  / out: keytool error: java.lang.Exception: Keystore file does not exist: /var/snap/opensearch/current/etc/opensearch/certificates/ca.p12

unit-failover-1: 02:27:28 ERROR unit.failover/1.juju-log certificates:13: err:  / out: keytool error: java.lang.Exception: Keystore file does not exist: /var/snap/opensearch/current/etc/opensearch/certificates/ca.p12

unit-failover-0: 02:27:30 ERROR unit.failover/0.juju-log Cannot connect to the OpenSearch server...
unit-failover-0: 02:27:32 ERROR unit.failover/0.juju-log Cannot connect to the OpenSearch server...
unit-failover-1: 02:27:34 ERROR unit.failover/1.juju-log Cannot connect to the OpenSearch server...
unit-failover-1: 02:27:35 ERROR unit.failover/1.juju-log Cannot connect to the OpenSearch server...
unit-failover-1: 02:27:37 ERROR unit.failover/1.juju-log opensearch-peers:1: Cannot connect to the OpenSearch server...
unit-failover-1: 02:27:39 ERROR unit.failover/1.juju-log opensearch-peers:1: Cannot connect to the OpenSearch server...
unit-failover-1: 02:27:40 ERROR unit.failover/1.juju-log opensearch-peers:1: Cannot connect to the OpenSearch server...
unit-failover-1: 02:27:43 ERROR unit.failover/1.juju-log peer-cluster:9: Cannot connect to the OpenSearch server...
unit-failover-1: 02:27:45 ERROR unit.failover/1.juju-log peer-cluster:9: Cannot connect to the OpenSearch server...
unit-failover-1: 02:27:48 ERROR unit.failover/1.juju-log opensearch-peers:1: Cannot connect to the OpenSearch server...
unit-failover-1: 02:27:51 ERROR unit.failover/1.juju-log opensearch-peers:1: Cannot connect to the OpenSearch server...
unit-failover-1: 02:27:55 ERROR unit.failover/1.juju-log opensearch-peers:1: Cannot connect to the OpenSearch server...
unit-grafana-agent-2: 02:30:05 ERROR juju.worker.dependency "uniter" manifold worker returned unexpected error: preparing operation "install ch:amd64/jammy/grafana-agent-282" for grafana-agent/2: failed to download charm "ch:amd64/jammy/grafana-agent-282" from API server: download request with archiveSha256 length 0 not valid
unit-grafana-agent-0: 02:30:05 ERROR juju.worker.dependency "uniter" manifold worker returned unexpected error: preparing operation "install ch:amd64/jammy/grafana-agent-282" for grafana-agent/0: failed to download charm "ch:amd64/jammy/grafana-agent-282" from API server: download request with archiveSha256 length 0 not valid
unit-grafana-agent-3: 02:30:05 ERROR juju.worker.dependency "uniter" manifold worker returned unexpected error: preparing operation "install ch:amd64/jammy/grafana-agent-282" for grafana-agent/3: failed to download charm "ch:amd64/jammy/grafana-agent-282" from API server: download request with archiveSha256 length 0 not valid
unit-grafana-agent-4: 02:30:05 ERROR juju.worker.dependency "uniter" manifold worker returned unexpected error: preparing operation "install ch:amd64/jammy/grafana-agent-282" for grafana-agent/4: failed to download charm "ch:amd64/jammy/grafana-agent-282" from API server: download request with archiveSha256 length 0 not valid
unit-grafana-agent-0: 02:30:06 ERROR juju.worker.meterstatus error running "meter-status-changed": charm missing from disk
unit-grafana-agent-2: 02:30:06 ERROR juju.worker.meterstatus error running "meter-status-changed": charm missing from disk
unit-grafana-agent-3: 02:30:06 ERROR juju.worker.meterstatus error running "meter-status-changed": charm missing from disk
unit-grafana-agent-4: 02:30:06 ERROR juju.worker.meterstatus error running "meter-status-changed": charm missing from disk
unit-grafana-agent-4: 02:30:09 ERROR juju.worker.dependency "uniter" manifold worker returned unexpected error: preparing operation "install ch:amd64/jammy/grafana-agent-282" for grafana-agent/4: failed to download charm "ch:amd64/jammy/grafana-agent-282" from API server: download request with archiveSha256 length 0 not valid
unit-grafana-agent-2: 02:30:09 ERROR juju.worker.dependency "uniter" manifold worker returned unexpected error: preparing operation "install ch:amd64/jammy/grafana-agent-282" for grafana-agent/2: failed to download charm "ch:amd64/jammy/grafana-agent-282" from API server: download request with archiveSha256 length 0 not valid
unit-grafana-agent-3: 02:30:09 ERROR juju.worker.dependency "uniter" manifold worker returned unexpected error: preparing operation "install ch:amd64/jammy/grafana-agent-282" for grafana-agent/3: failed to download charm "ch:amd64/jammy/grafana-agent-282" from API server: download request with archiveSha256 length 0 not valid
unit-grafana-agent-0: 02:30:09 ERROR juju.worker.dependency "uniter" manifold worker returned unexpected error: preparing operation "install ch:amd64/jammy/grafana-agent-282" for grafana-agent/0: failed to download charm "ch:amd64/jammy/grafana-agent-282" from API server: download request with archiveSha256 length 0 not valid

[32mINFO    [0m pytest_operator.plugin:plugin.py:947 Forgetting model main...