[32mINFO    [0m pytest_operator.plugin:plugin.py:862 Model status:

Model  Controller           Cloud/Region         Version  SLA          Timestamp
test   localhost-localhost  localhost/localhost  3.4.4    unsupported  02:01:58Z

App                       Version  Status   Scale  Charm                     Channel        Rev  Exposed  Message
opensearch                         error        3  opensearch                                 0  no       hook failed: "certificates-relation-changed"
s3-integrator                      blocked      1  s3-integrator             latest/edge     37  no       Missing parameters: ['access-key', 'secret-key']
self-signed-certificates           active       1  self-signed-certificates  latest/stable  155  no       

Unit                         Workload     Agent      Machine  Public address  Ports  Message
opensearch/0*                maintenance  executing  2        10.147.225.63          Waiting for TLS to be fully configured...
opensearch/1                 error        idle       3        10.147.225.42          hook failed: "certificates-relation-changed"
opensearch/2                 maintenance  executing  4        10.147.225.215         (install) Installing OpenSearch...
s3-integrator/0*             blocked      idle       1        10.147.225.216         Missing parameters: ['access-key', 'secret-key']
self-signed-certificates/0*  active       executing  0        10.147.225.2           

Machine  State    Address         Inst id        Base          AZ  Message
0        started  10.147.225.2    juju-2b885d-0  ubuntu@22.04      Running
1        started  10.147.225.216  juju-2b885d-1  ubuntu@22.04      Running
2        started  10.147.225.63   juju-2b885d-2  ubuntu@22.04      Running
3        started  10.147.225.42   juju-2b885d-3  ubuntu@22.04      Running
4        started  10.147.225.215  juju-2b885d-4  ubuntu@22.04      Running

[32mINFO    [0m pytest_operator.plugin:plugin.py:868 Juju error logs:

machine-1: 01:59:07 ERROR juju.worker.dependency "kvm-container-provisioner" manifold worker returned unexpected error: container types not yet available
machine-1: 01:59:07 ERROR juju.worker.dependency "lxd-container-provisioner" manifold worker returned unexpected error: container types not yet available
unit-s3-integrator-0: 01:59:07 ERROR juju.worker.meterstatus error running "meter-status-changed": charm missing from disk
machine-0: 01:59:31 ERROR juju.worker.dependency "kvm-container-provisioner" manifold worker returned unexpected error: container types not yet available
machine-0: 01:59:31 ERROR juju.worker.dependency "lxd-container-provisioner" manifold worker returned unexpected error: container types not yet available
unit-self-signed-certificates-0: 01:59:31 ERROR juju.worker.meterstatus error running "meter-status-changed": charm missing from disk
machine-2: 01:59:33 ERROR juju.worker.dependency "lxd-container-provisioner" manifold worker returned unexpected error: container types not yet available
machine-2: 01:59:33 ERROR juju.worker.dependency "kvm-container-provisioner" manifold worker returned unexpected error: container types not yet available
unit-opensearch-0: 01:59:33 ERROR juju.worker.meterstatus error running "meter-status-changed": charm missing from disk
machine-4: 01:59:39 ERROR juju.worker.dependency "lxd-container-provisioner" manifold worker returned unexpected error: container types not yet available
machine-4: 01:59:39 ERROR juju.worker.dependency "kvm-container-provisioner" manifold worker returned unexpected error: container types not yet available
unit-opensearch-2: 01:59:39 ERROR juju.worker.meterstatus error running "meter-status-changed": charm missing from disk
machine-3: 01:59:42 ERROR juju.worker.dependency "kvm-container-provisioner" manifold worker returned unexpected error: container types not yet available
machine-3: 01:59:42 ERROR juju.worker.dependency "lxd-container-provisioner" manifold worker returned unexpected error: container types not yet available
unit-opensearch-1: 01:59:42 ERROR juju.worker.meterstatus error running "meter-status-changed": charm missing from disk
unit-opensearch-1: 02:00:57 ERROR unit.opensearch/1.juju-log [Errno 111] Connection refused
unit-opensearch-1: 02:00:58 ERROR unit.opensearch/1.juju-log certificates:4: [Errno 111] Connection refused
unit-opensearch-1: 02:00:59 ERROR unit.opensearch/1.juju-log certificates:4: [Errno 111] Connection refused
unit-opensearch-1: 02:01:00 ERROR unit.opensearch/1.juju-log certificates:4: [Errno 111] Connection refused
unit-opensearch-1: 02:01:49 ERROR unit.opensearch/1.juju-log upgrade-version-a:1: [Errno 111] Connection refused
unit-opensearch-1: 02:01:49 ERROR unit.opensearch/1.juju-log node-lock-fallback:3: [Errno 111] Connection refused
unit-opensearch-1: 02:01:50 ERROR unit.opensearch/1.juju-log node-lock-fallback:3: [Errno 111] Connection refused
unit-opensearch-1: 02:01:51 ERROR unit.opensearch/1.juju-log opensearch-peers:2: [Errno 111] Connection refused
unit-opensearch-1: 02:01:52 ERROR unit.opensearch/1.juju-log opensearch-peers:2: [Errno 111] Connection refused
unit-opensearch-1: 02:01:52 ERROR unit.opensearch/1.juju-log opensearch-peers:2: [Errno 111] Connection refused
unit-opensearch-1: 02:01:52 ERROR unit.opensearch/1.juju-log opensearch-peers:2: [Errno 111] Connection refused
unit-opensearch-1: 02:01:52 ERROR unit.opensearch/1.juju-log opensearch-peers:2: [Errno 111] Connection refused
unit-opensearch-1: 02:01:52 ERROR unit.opensearch/1.juju-log opensearch-peers:2: [Errno 111] Connection refused
unit-opensearch-1: 02:01:52 ERROR unit.opensearch/1.juju-log opensearch-peers:2: [Errno 111] Connection refused
unit-opensearch-1: 02:01:52 ERROR unit.opensearch/1.juju-log opensearch-peers:2: [Errno 111] Connection refused
unit-opensearch-1: 02:01:53 ERROR unit.opensearch/1.juju-log upgrade-version-a:1: [Errno 111] Connection refused
unit-opensearch-1: 02:01:55 ERROR unit.opensearch/1.juju-log opensearch-peers:2: [Errno 111] Connection refused
unit-opensearch-1: 02:01:55 ERROR unit.opensearch/1.juju-log opensearch-peers:2: [Errno 111] Connection refused
unit-opensearch-1: 02:01:55 ERROR unit.opensearch/1.juju-log opensearch-peers:2: [Errno 111] Connection refused
unit-opensearch-1: 02:01:55 ERROR unit.opensearch/1.juju-log opensearch-peers:2: [Errno 111] Connection refused
unit-opensearch-1: 02:01:55 ERROR unit.opensearch/1.juju-log upgrade-version-a:1: [Errno 111] Connection refused
unit-opensearch-1: 02:01:56 ERROR unit.opensearch/1.juju-log upgrade-version-a:1: [Errno 111] Connection refused
unit-opensearch-0: 02:01:56 ERROR unit.opensearch/0.juju-log [Errno 111] Connection refused
unit-opensearch-1: 02:01:56 ERROR unit.opensearch/1.juju-log certificates:4: [Errno 111] Connection refused
unit-opensearch-1: 02:01:56 ERROR unit.opensearch/1.juju-log certificates:4: [Errno 111] Connection refused
unit-opensearch-1: 02:01:57 ERROR unit.opensearch/1.juju-log certificates:4: Uncaught exception while in charm code:
Traceback (most recent call last):
  File "/var/lib/juju/agents/unit-opensearch-1/charm/venv/ops/model.py", line 3187, in _run
    result = subprocess.run(args, **kwargs)  # type: ignore
  File "/usr/lib/python3.10/subprocess.py", line 526, in run
    raise CalledProcessError(retcode, process.args,
subprocess.CalledProcessError: Command '('/var/lib/juju/tools/unit-opensearch-1/secret-get', '--label', 'opensearch:app:app-admin', '--format=json')' returned non-zero exit status 1.

The above exception was the direct cause of the following exception:

Traceback (most recent call last):
  File "/var/lib/juju/agents/unit-opensearch-1/charm/./src/charm.py", line 213, in <module>
    main(OpenSearchOperatorCharm)
  File "/var/lib/juju/agents/unit-opensearch-1/charm/venv/ops/main.py", line 551, in main
    manager.run()
  File "/var/lib/juju/agents/unit-opensearch-1/charm/venv/ops/main.py", line 530, in run
    self._emit()
  File "/var/lib/juju/agents/unit-opensearch-1/charm/venv/ops/main.py", line 519, in _emit
    _emit_charm_event(self.charm, self.dispatcher.event_name)
  File "/var/lib/juju/agents/unit-opensearch-1/charm/venv/ops/main.py", line 147, in _emit_charm_event
    event_to_emit.emit(*args, **kwargs)
  File "/var/lib/juju/agents/unit-opensearch-1/charm/venv/ops/framework.py", line 348, in emit
    framework._emit(event)
  File "/var/lib/juju/agents/unit-opensearch-1/charm/venv/ops/framework.py", line 860, in _emit
    self._reemit(event_path)
  File "/var/lib/juju/agents/unit-opensearch-1/charm/venv/ops/framework.py", line 950, in _reemit
    custom_handler(event)
  File "/var/lib/juju/agents/unit-opensearch-1/charm/lib/charms/tls_certificates_interface/v3/tls_certificates.py", line 1911, in _on_relation_changed
    self.on.certificate_available.emit(
  File "/var/lib/juju/agents/unit-opensearch-1/charm/venv/ops/framework.py", line 348, in emit
    framework._emit(event)
  File "/var/lib/juju/agents/unit-opensearch-1/charm/venv/ops/framework.py", line 860, in _emit
    self._reemit(event_path)
  File "/var/lib/juju/agents/unit-opensearch-1/charm/venv/ops/framework.py", line 950, in _reemit
    custom_handler(event)
  File "/var/lib/juju/agents/unit-opensearch-1/charm/lib/charms/opensearch/v0/opensearch_tls.py", line 210, in _on_certificate_available
    if self._read_stored_ca() is None:
  File "/var/lib/juju/agents/unit-opensearch-1/charm/lib/charms/opensearch/v0/opensearch_tls.py", line 485, in _read_stored_ca
    secrets = self.charm.secrets.get_object(Scope.APP, CertType.APP_ADMIN.val)
  File "/var/lib/juju/agents/unit-opensearch-1/charm/lib/charms/opensearch/v0/opensearch_secrets.py", line 336, in get_object
    return self._get_juju_secret_content(scope, key)
  File "/var/lib/juju/agents/unit-opensearch-1/charm/lib/charms/opensearch/v0/opensearch_secrets.py", line 215, in _get_juju_secret_content
    secret = self._get_juju_secret(scope, key)
  File "/var/lib/juju/agents/unit-opensearch-1/charm/lib/charms/opensearch/v0/opensearch_secrets.py", line 203, in _get_juju_secret
    secret = self._charm.model.get_secret(label=label)
  File "/var/lib/juju/agents/unit-opensearch-1/charm/venv/ops/model.py", line 291, in get_secret
    content = self._backend.secret_get(id=id, label=label)
  File "/var/lib/juju/agents/unit-opensearch-1/charm/venv/ops/model.py", line 3552, in secret_get
    result = self._run('secret-get', *args, return_output=True, use_json=True)
  File "/var/lib/juju/agents/unit-opensearch-1/charm/venv/ops/model.py", line 3189, in _run
    raise ModelError(e.stderr) from e
ops.model.ModelError: ERROR permission denied

unit-opensearch-1: 02:01:57 ERROR juju.worker.uniter.operation hook "certificates-relation-changed" (via hook dispatching script: dispatch) failed: exit status 1

[32mINFO    [0m pytest_operator.plugin:plugin.py:947 Forgetting model main...
[32mINFO    [0m integration.ha.test_backups:test_backups.py:173 Cleaning backups from cloud buckets