[32mINFO    [0m pytest_operator.plugin:plugin.py:862 Model status:

Model  Controller           Cloud/Region         Version  SLA          Timestamp
test   localhost-localhost  localhost/localhost  3.5.3    unsupported  01:37:09Z

App                       Version  Status   Scale  Charm                     Channel        Rev  Exposed  Message
opensearch                         error        3  opensearch                                 0  no       hook failed: "secret-changed"
s3-integrator                      blocked      1  s3-integrator             latest/edge     41  no       Missing parameters: ['access-key', 'secret-key']
self-signed-certificates           active       1  self-signed-certificates  latest/stable  155  no       

Unit                         Workload     Agent      Machine  Public address  Ports  Message
opensearch/0                 error        idle       2        10.29.243.17           hook failed: "secret-changed"
opensearch/1                 maintenance  executing  3        10.29.243.58           Waiting for the admin user to be fully configured...
opensearch/2*                maintenance  executing  4        10.29.243.239          Waiting for TLS to be fully configured...
s3-integrator/0*             blocked      idle       0        10.29.243.23           Missing parameters: ['access-key', 'secret-key']
self-signed-certificates/0*  active       executing  1        10.29.243.61           

Machine  State    Address        Inst id        Base          AZ  Message
0        started  10.29.243.23   juju-193938-0  ubuntu@22.04      Running
1        started  10.29.243.61   juju-193938-1  ubuntu@22.04      Running
2        started  10.29.243.17   juju-193938-2  ubuntu@22.04      Running
3        started  10.29.243.58   juju-193938-3  ubuntu@22.04      Running
4        started  10.29.243.239  juju-193938-4  ubuntu@22.04      Running

[32mINFO    [0m pytest_operator.plugin:plugin.py:868 Juju error logs:

machine-1: 01:34:58 ERROR juju.worker.dependency "kvm-container-provisioner" manifold worker returned unexpected error: container types not yet available
machine-1: 01:34:58 ERROR juju.worker.dependency "lxd-container-provisioner" manifold worker returned unexpected error: container types not yet available
unit-self-signed-certificates-0: 01:34:58 ERROR juju.worker.meterstatus error running "meter-status-changed": charm missing from disk
machine-0: 01:34:59 ERROR juju.worker.dependency "kvm-container-provisioner" manifold worker returned unexpected error: container types not yet available
machine-0: 01:34:59 ERROR juju.worker.dependency "lxd-container-provisioner" manifold worker returned unexpected error: container types not yet available
unit-s3-integrator-0: 01:34:59 ERROR juju.worker.meterstatus error running "meter-status-changed": charm missing from disk
machine-4: 01:35:15 ERROR juju.worker.dependency "lxd-container-provisioner" manifold worker returned unexpected error: container types not yet available
machine-4: 01:35:15 ERROR juju.worker.dependency "kvm-container-provisioner" manifold worker returned unexpected error: container types not yet available
unit-opensearch-2: 01:35:15 ERROR juju.worker.meterstatus error running "meter-status-changed": charm missing from disk
machine-2: 01:35:15 ERROR juju.worker.dependency "lxd-container-provisioner" manifold worker returned unexpected error: container types not yet available
machine-2: 01:35:15 ERROR juju.worker.dependency "kvm-container-provisioner" manifold worker returned unexpected error: container types not yet available
unit-opensearch-0: 01:35:15 ERROR juju.worker.meterstatus error running "meter-status-changed": charm missing from disk
machine-3: 01:35:17 ERROR juju.worker.dependency "lxd-container-provisioner" manifold worker returned unexpected error: container types not yet available
machine-3: 01:35:17 ERROR juju.worker.dependency "kvm-container-provisioner" manifold worker returned unexpected error: container types not yet available
unit-opensearch-1: 01:35:18 ERROR juju.worker.meterstatus error running "meter-status-changed": charm missing from disk
unit-opensearch-1: 01:36:30 ERROR unit.opensearch/1.juju-log [Errno 111] Connection refused
unit-opensearch-1: 01:36:31 ERROR unit.opensearch/1.juju-log opensearch-peers:3: [Errno 111] Connection refused
unit-opensearch-1: 01:36:32 ERROR unit.opensearch/1.juju-log opensearch-peers:3: [Errno 111] Connection refused
unit-opensearch-1: 01:36:32 ERROR unit.opensearch/1.juju-log opensearch-peers:3: [Errno 111] Connection refused
unit-opensearch-1: 01:36:32 ERROR unit.opensearch/1.juju-log opensearch-peers:3: [Errno 111] Connection refused
unit-opensearch-1: 01:36:32 ERROR unit.opensearch/1.juju-log opensearch-peers:3: [Errno 111] Connection refused
unit-opensearch-1: 01:36:32 ERROR unit.opensearch/1.juju-log opensearch-peers:3: [Errno 111] Connection refused
unit-opensearch-1: 01:36:32 ERROR unit.opensearch/1.juju-log opensearch-peers:3: [Errno 111] Connection refused
unit-opensearch-1: 01:36:32 ERROR unit.opensearch/1.juju-log opensearch-peers:3: [Errno 111] Connection refused
unit-opensearch-0: 01:36:32 ERROR unit.opensearch/0.juju-log [Errno 111] Connection refused
unit-opensearch-1: 01:36:32 ERROR unit.opensearch/1.juju-log certificates:4: [Errno 111] Connection refused
unit-opensearch-0: 01:36:33 ERROR unit.opensearch/0.juju-log certificates:4: [Errno 111] Connection refused
unit-opensearch-1: 01:36:33 ERROR unit.opensearch/1.juju-log node-lock-fallback:1: [Errno 111] Connection refused
unit-opensearch-0: 01:36:34 ERROR unit.opensearch/0.juju-log certificates:4: [Errno 111] Connection refused
unit-opensearch-1: 01:36:34 ERROR unit.opensearch/1.juju-log upgrade-version-a:2: [Errno 111] Connection refused
unit-opensearch-0: 01:36:34 ERROR unit.opensearch/0.juju-log certificates:4: [Errno 111] Connection refused
unit-opensearch-1: 01:36:35 ERROR unit.opensearch/1.juju-log upgrade-version-a:2: [Errno 111] Connection refused
unit-opensearch-0: 01:36:35 ERROR unit.opensearch/0.juju-log upgrade-version-a:2: [Errno 111] Connection refused
unit-opensearch-1: 01:36:36 ERROR unit.opensearch/1.juju-log node-lock-fallback:1: [Errno 111] Connection refused
unit-opensearch-0: 01:36:36 ERROR unit.opensearch/0.juju-log opensearch-peers:3: [Errno 111] Connection refused
unit-opensearch-1: 01:36:36 ERROR unit.opensearch/1.juju-log certificates:4: [Errno 111] Connection refused
unit-opensearch-0: 01:36:37 ERROR unit.opensearch/0.juju-log node-lock-fallback:1: [Errno 111] Connection refused
unit-opensearch-1: 01:36:37 ERROR unit.opensearch/1.juju-log certificates:4: [Errno 111] Connection refused
unit-opensearch-0: 01:36:38 ERROR unit.opensearch/0.juju-log node-lock-fallback:1: [Errno 111] Connection refused
unit-opensearch-0: 01:36:38 ERROR unit.opensearch/0.juju-log opensearch-peers:3: [Errno 111] Connection refused
unit-opensearch-0: 01:36:38 ERROR unit.opensearch/0.juju-log opensearch-peers:3: [Errno 111] Connection refused
unit-opensearch-0: 01:36:39 ERROR unit.opensearch/0.juju-log opensearch-peers:3: [Errno 111] Connection refused
unit-opensearch-0: 01:36:39 ERROR unit.opensearch/0.juju-log opensearch-peers:3: [Errno 111] Connection refused
unit-opensearch-0: 01:36:39 ERROR unit.opensearch/0.juju-log opensearch-peers:3: [Errno 111] Connection refused
unit-opensearch-0: 01:36:39 ERROR unit.opensearch/0.juju-log opensearch-peers:3: [Errno 111] Connection refused
unit-opensearch-0: 01:36:39 ERROR unit.opensearch/0.juju-log opensearch-peers:3: [Errno 111] Connection refused
unit-opensearch-0: 01:36:39 ERROR unit.opensearch/0.juju-log upgrade-version-a:2: [Errno 111] Connection refused
unit-opensearch-1: 01:36:50 ERROR unit.opensearch/1.juju-log opensearch-peers:3: [Errno 111] Connection refused
unit-opensearch-0: 01:36:50 ERROR unit.opensearch/0.juju-log opensearch-peers:3: [Errno 111] Connection refused
unit-opensearch-1: 01:36:51 ERROR unit.opensearch/1.juju-log node-lock-fallback:1: [Errno 111] Connection refused
unit-opensearch-0: 01:36:51 ERROR unit.opensearch/0.juju-log node-lock-fallback:1: [Errno 111] Connection refused
unit-opensearch-0: 01:36:52 ERROR unit.opensearch/0.juju-log node-lock-fallback:1: [Errno 111] Connection refused
unit-opensearch-1: 01:36:52 ERROR unit.opensearch/1.juju-log node-lock-fallback:1: [Errno 111] Connection refused
unit-opensearch-0: 01:36:53 ERROR unit.opensearch/0.juju-log upgrade-version-a:2: [Errno 111] Connection refused
unit-opensearch-1: 01:36:53 ERROR unit.opensearch/1.juju-log opensearch-peers:3: [Errno 111] Connection refused
unit-opensearch-1: 01:36:53 ERROR unit.opensearch/1.juju-log opensearch-peers:3: [Errno 111] Connection refused
unit-opensearch-1: 01:36:53 ERROR unit.opensearch/1.juju-log opensearch-peers:3: [Errno 111] Connection refused
unit-opensearch-1: 01:36:53 ERROR unit.opensearch/1.juju-log opensearch-peers:3: [Errno 111] Connection refused
unit-opensearch-1: 01:36:53 ERROR unit.opensearch/1.juju-log opensearch-peers:3: [Errno 111] Connection refused
unit-opensearch-1: 01:36:53 ERROR unit.opensearch/1.juju-log opensearch-peers:3: [Errno 111] Connection refused
unit-opensearch-1: 01:36:53 ERROR unit.opensearch/1.juju-log opensearch-peers:3: [Errno 111] Connection refused
unit-opensearch-1: 01:36:53 ERROR unit.opensearch/1.juju-log opensearch-peers:3: [Errno 111] Connection refused
unit-opensearch-1: 01:36:53 ERROR unit.opensearch/1.juju-log opensearch-peers:3: [Errno 111] Connection refused
unit-opensearch-1: 01:36:53 ERROR unit.opensearch/1.juju-log opensearch-peers:3: [Errno 111] Connection refused
unit-opensearch-0: 01:36:54 ERROR unit.opensearch/0.juju-log opensearch-peers:3: [Errno 111] Connection refused
unit-opensearch-0: 01:36:54 ERROR unit.opensearch/0.juju-log opensearch-peers:3: [Errno 111] Connection refused
unit-opensearch-0: 01:36:54 ERROR unit.opensearch/0.juju-log opensearch-peers:3: [Errno 111] Connection refused
unit-opensearch-0: 01:36:54 ERROR unit.opensearch/0.juju-log opensearch-peers:3: [Errno 111] Connection refused
unit-opensearch-0: 01:36:54 ERROR unit.opensearch/0.juju-log opensearch-peers:3: [Errno 111] Connection refused
unit-opensearch-0: 01:36:54 ERROR unit.opensearch/0.juju-log opensearch-peers:3: [Errno 111] Connection refused
unit-opensearch-0: 01:36:54 ERROR unit.opensearch/0.juju-log opensearch-peers:3: [Errno 111] Connection refused
unit-opensearch-0: 01:36:54 ERROR unit.opensearch/0.juju-log opensearch-peers:3: [Errno 111] Connection refused
unit-opensearch-0: 01:36:54 ERROR unit.opensearch/0.juju-log opensearch-peers:3: [Errno 111] Connection refused
unit-opensearch-0: 01:36:54 ERROR unit.opensearch/0.juju-log opensearch-peers:3: [Errno 111] Connection refused
unit-opensearch-1: 01:36:54 ERROR unit.opensearch/1.juju-log upgrade-version-a:2: [Errno 111] Connection refused
unit-opensearch-1: 01:36:55 ERROR unit.opensearch/1.juju-log upgrade-version-a:2: [Errno 111] Connection refused
unit-opensearch-0: 01:36:55 ERROR unit.opensearch/0.juju-log upgrade-version-a:2: [Errno 111] Connection refused
unit-opensearch-1: 01:37:01 ERROR unit.opensearch/1.juju-log upgrade-version-a:2: [Errno 111] Connection refused
unit-opensearch-1: 01:37:01 ERROR unit.opensearch/1.juju-log upgrade-version-a:2: [Errno 111] Connection refused
unit-opensearch-1: 01:37:01 ERROR unit.opensearch/1.juju-log upgrade-version-a:2: [Errno 111] Connection refused
unit-opensearch-0: 01:37:01 ERROR unit.opensearch/0.juju-log upgrade-version-a:2: [Errno 111] Connection refused
unit-opensearch-0: 01:37:01 ERROR unit.opensearch/0.juju-log upgrade-version-a:2: [Errno 111] Connection refused
unit-opensearch-0: 01:37:01 ERROR unit.opensearch/0.juju-log upgrade-version-a:2: [Errno 111] Connection refused
unit-opensearch-1: 01:37:02 ERROR unit.opensearch/1.juju-log opensearch-peers:3: [Errno 111] Connection refused
unit-opensearch-1: 01:37:02 ERROR unit.opensearch/1.juju-log opensearch-peers:3: [Errno 111] Connection refused
unit-opensearch-1: 01:37:02 ERROR unit.opensearch/1.juju-log opensearch-peers:3: [Errno 111] Connection refused
unit-opensearch-1: 01:37:02 ERROR unit.opensearch/1.juju-log opensearch-peers:3: [Errno 111] Connection refused
unit-opensearch-1: 01:37:02 ERROR unit.opensearch/1.juju-log opensearch-peers:3: [Errno 111] Connection refused
unit-opensearch-1: 01:37:02 ERROR unit.opensearch/1.juju-log opensearch-peers:3: [Errno 111] Connection refused
unit-opensearch-0: 01:37:02 ERROR unit.opensearch/0.juju-log opensearch-peers:3: [Errno 111] Connection refused
unit-opensearch-0: 01:37:02 ERROR unit.opensearch/0.juju-log opensearch-peers:3: [Errno 111] Connection refused
unit-opensearch-0: 01:37:02 ERROR unit.opensearch/0.juju-log opensearch-peers:3: [Errno 111] Connection refused
unit-opensearch-0: 01:37:02 ERROR unit.opensearch/0.juju-log opensearch-peers:3: [Errno 111] Connection refused
unit-opensearch-0: 01:37:02 ERROR unit.opensearch/0.juju-log opensearch-peers:3: [Errno 111] Connection refused
unit-opensearch-0: 01:37:02 ERROR unit.opensearch/0.juju-log opensearch-peers:3: [Errno 111] Connection refused
unit-opensearch-1: 01:37:03 ERROR unit.opensearch/1.juju-log opensearch-peers:3: [Errno 111] Connection refused
unit-opensearch-1: 01:37:03 ERROR unit.opensearch/1.juju-log opensearch-peers:3: [Errno 111] Connection refused
unit-opensearch-1: 01:37:03 ERROR unit.opensearch/1.juju-log opensearch-peers:3: [Errno 111] Connection refused
unit-opensearch-1: 01:37:03 ERROR unit.opensearch/1.juju-log opensearch-peers:3: [Errno 111] Connection refused
unit-opensearch-1: 01:37:03 ERROR unit.opensearch/1.juju-log opensearch-peers:3: [Errno 111] Connection refused
unit-opensearch-1: 01:37:03 ERROR unit.opensearch/1.juju-log opensearch-peers:3: [Errno 111] Connection refused
unit-opensearch-1: 01:37:03 ERROR unit.opensearch/1.juju-log opensearch-peers:3: [Errno 111] Connection refused
unit-opensearch-1: 01:37:03 ERROR unit.opensearch/1.juju-log opensearch-peers:3: [Errno 111] Connection refused
unit-opensearch-1: 01:37:03 ERROR unit.opensearch/1.juju-log opensearch-peers:3: [Errno 111] Connection refused
unit-opensearch-1: 01:37:03 ERROR unit.opensearch/1.juju-log opensearch-peers:3: [Errno 111] Connection refused
unit-opensearch-1: 01:37:03 ERROR unit.opensearch/1.juju-log opensearch-peers:3: [Errno 111] Connection refused
unit-opensearch-1: 01:37:03 ERROR unit.opensearch/1.juju-log opensearch-peers:3: [Errno 111] Connection refused
unit-opensearch-0: 01:37:03 ERROR unit.opensearch/0.juju-log opensearch-peers:3: [Errno 111] Connection refused
unit-opensearch-0: 01:37:03 ERROR unit.opensearch/0.juju-log opensearch-peers:3: [Errno 111] Connection refused
unit-opensearch-0: 01:37:03 ERROR unit.opensearch/0.juju-log opensearch-peers:3: [Errno 111] Connection refused
unit-opensearch-0: 01:37:03 ERROR unit.opensearch/0.juju-log opensearch-peers:3: [Errno 111] Connection refused
unit-opensearch-0: 01:37:03 ERROR unit.opensearch/0.juju-log opensearch-peers:3: [Errno 111] Connection refused
unit-opensearch-0: 01:37:03 ERROR unit.opensearch/0.juju-log opensearch-peers:3: [Errno 111] Connection refused
unit-opensearch-0: 01:37:03 ERROR unit.opensearch/0.juju-log opensearch-peers:3: [Errno 111] Connection refused
unit-opensearch-0: 01:37:03 ERROR unit.opensearch/0.juju-log opensearch-peers:3: [Errno 111] Connection refused
unit-opensearch-0: 01:37:03 ERROR unit.opensearch/0.juju-log opensearch-peers:3: [Errno 111] Connection refused
unit-opensearch-0: 01:37:03 ERROR unit.opensearch/0.juju-log opensearch-peers:3: [Errno 111] Connection refused
unit-opensearch-0: 01:37:03 ERROR unit.opensearch/0.juju-log opensearch-peers:3: [Errno 111] Connection refused
unit-opensearch-0: 01:37:03 ERROR unit.opensearch/0.juju-log opensearch-peers:3: [Errno 111] Connection refused
unit-opensearch-1: 01:37:03 ERROR unit.opensearch/1.juju-log certificates:4: [Errno 111] Connection refused
unit-opensearch-1: 01:37:03 ERROR unit.opensearch/1.juju-log certificates:4: [Errno 111] Connection refused
unit-opensearch-1: 01:37:03 ERROR unit.opensearch/1.juju-log certificates:4: [Errno 111] Connection refused
unit-opensearch-1: 01:37:04 ERROR unit.opensearch/1.juju-log certificates:4: CA cert not found, quitting.
unit-opensearch-0: 01:37:04 ERROR unit.opensearch/0.juju-log certificates:4: [Errno 111] Connection refused
unit-opensearch-0: 01:37:04 ERROR unit.opensearch/0.juju-log certificates:4: [Errno 111] Connection refused
unit-opensearch-0: 01:37:04 ERROR unit.opensearch/0.juju-log certificates:4: [Errno 111] Connection refused
unit-opensearch-1: 01:37:04 ERROR unit.opensearch/1.juju-log certificates:4: CA cert not found, quitting.
unit-opensearch-0: 01:37:04 ERROR unit.opensearch/0.juju-log certificates:4: CA cert not found, quitting.
unit-opensearch-0: 01:37:04 ERROR unit.opensearch/0.juju-log certificates:4: CA cert not found, quitting.
unit-opensearch-1: 01:37:05 ERROR unit.opensearch/1.juju-log [Errno 111] Connection refused
unit-opensearch-1: 01:37:05 ERROR unit.opensearch/1.juju-log [Errno 111] Connection refused
unit-opensearch-1: 01:37:05 ERROR unit.opensearch/1.juju-log [Errno 111] Connection refused
unit-opensearch-1: 01:37:05 ERROR unit.opensearch/1.juju-log CA cert not found, quitting.
unit-opensearch-1: 01:37:05 ERROR unit.opensearch/1.juju-log CA cert not found, quitting.
unit-opensearch-0: 01:37:05 ERROR unit.opensearch/0.juju-log [Errno 111] Connection refused
unit-opensearch-0: 01:37:05 ERROR unit.opensearch/0.juju-log [Errno 111] Connection refused
unit-opensearch-0: 01:37:05 ERROR unit.opensearch/0.juju-log [Errno 111] Connection refused
unit-opensearch-0: 01:37:05 ERROR unit.opensearch/0.juju-log CA cert not found, quitting.
unit-opensearch-0: 01:37:05 ERROR unit.opensearch/0.juju-log CA cert not found, quitting.
unit-opensearch-1: 01:37:06 ERROR unit.opensearch/1.juju-log [Errno 111] Connection refused
unit-opensearch-1: 01:37:06 ERROR unit.opensearch/1.juju-log [Errno 111] Connection refused
unit-opensearch-1: 01:37:06 ERROR unit.opensearch/1.juju-log [Errno 111] Connection refused
unit-opensearch-1: 01:37:06 ERROR unit.opensearch/1.juju-log CA cert not found, quitting.
unit-opensearch-0: 01:37:06 ERROR unit.opensearch/0.juju-log [Errno 111] Connection refused
unit-opensearch-0: 01:37:06 ERROR unit.opensearch/0.juju-log [Errno 111] Connection refused
unit-opensearch-0: 01:37:06 ERROR unit.opensearch/0.juju-log [Errno 111] Connection refused
unit-opensearch-1: 01:37:06 ERROR unit.opensearch/1.juju-log CA cert not found, quitting.
unit-opensearch-0: 01:37:06 ERROR unit.opensearch/0.juju-log CA cert not found, quitting.
unit-opensearch-0: 01:37:06 ERROR unit.opensearch/0.juju-log CA cert not found, quitting.
unit-opensearch-1: 01:37:07 ERROR unit.opensearch/1.juju-log [Errno 111] Connection refused
unit-opensearch-1: 01:37:07 ERROR unit.opensearch/1.juju-log [Errno 111] Connection refused
unit-opensearch-1: 01:37:07 ERROR unit.opensearch/1.juju-log [Errno 111] Connection refused
unit-opensearch-1: 01:37:07 ERROR unit.opensearch/1.juju-log CA cert not found, quitting.
unit-opensearch-1: 01:37:07 ERROR unit.opensearch/1.juju-log CA cert not found, quitting.
unit-opensearch-0: 01:37:07 ERROR unit.opensearch/0.juju-log [Errno 111] Connection refused
unit-opensearch-0: 01:37:07 ERROR unit.opensearch/0.juju-log [Errno 111] Connection refused
unit-opensearch-0: 01:37:07 ERROR unit.opensearch/0.juju-log [Errno 111] Connection refused
unit-opensearch-0: 01:37:07 ERROR unit.opensearch/0.juju-log CA cert not found, quitting.
unit-opensearch-0: 01:37:07 ERROR unit.opensearch/0.juju-log CA cert not found, quitting.
unit-opensearch-2: 01:37:08 ERROR unit.opensearch/2.juju-log [Errno 111] Connection refused
unit-opensearch-1: 01:37:08 ERROR unit.opensearch/1.juju-log [Errno 111] Connection refused
unit-opensearch-1: 01:37:08 ERROR unit.opensearch/1.juju-log [Errno 111] Connection refused
unit-opensearch-1: 01:37:08 ERROR unit.opensearch/1.juju-log [Errno 111] Connection refused
unit-opensearch-1: 01:37:08 ERROR unit.opensearch/1.juju-log CA cert not found, quitting.
unit-opensearch-1: 01:37:08 ERROR unit.opensearch/1.juju-log CA cert not found, quitting.
unit-opensearch-0: 01:37:08 ERROR unit.opensearch/0.juju-log [Errno 111] Connection refused
unit-opensearch-0: 01:37:08 ERROR unit.opensearch/0.juju-log [Errno 111] Connection refused
unit-opensearch-0: 01:37:08 ERROR unit.opensearch/0.juju-log [Errno 111] Connection refused
unit-opensearch-0: 01:37:08 ERROR unit.opensearch/0.juju-log Uncaught exception while in charm code:
Traceback (most recent call last):
  File "/var/lib/juju/agents/unit-opensearch-0/charm/venv/ops/model.py", line 3187, in _run
    result = subprocess.run(args, **kwargs)  # type: ignore
  File "/usr/lib/python3.10/subprocess.py", line 526, in run
    raise CalledProcessError(retcode, process.args,
subprocess.CalledProcessError: Command '('/var/lib/juju/tools/unit-opensearch-0/secret-get', '--label', 'opensearch:app:app-admin', '--format=json')' returned non-zero exit status 1.

The above exception was the direct cause of the following exception:

Traceback (most recent call last):
  File "/var/lib/juju/agents/unit-opensearch-0/charm/./src/charm.py", line 213, in <module>
    main(OpenSearchOperatorCharm)
  File "/var/lib/juju/agents/unit-opensearch-0/charm/venv/ops/main.py", line 551, in main
    manager.run()
  File "/var/lib/juju/agents/unit-opensearch-0/charm/venv/ops/main.py", line 530, in run
    self._emit()
  File "/var/lib/juju/agents/unit-opensearch-0/charm/venv/ops/main.py", line 516, in _emit
    self.framework.reemit()
  File "/var/lib/juju/agents/unit-opensearch-0/charm/venv/ops/framework.py", line 870, in reemit
    self._reemit()
  File "/var/lib/juju/agents/unit-opensearch-0/charm/venv/ops/framework.py", line 950, in _reemit
    custom_handler(event)
  File "/var/lib/juju/agents/unit-opensearch-0/charm/lib/charms/opensearch/v0/opensearch_tls.py", line 200, in _on_certificate_available
    scope, cert_type, secrets = self._find_secret(event.certificate_signing_request, "csr")
  File "/var/lib/juju/agents/unit-opensearch-0/charm/lib/charms/opensearch/v0/opensearch_tls.py", line 410, in _find_secret
    app_secrets = self.charm.secrets.get_object(Scope.APP, CertType.APP_ADMIN.val)
  File "/var/lib/juju/agents/unit-opensearch-0/charm/lib/charms/opensearch/v0/opensearch_secrets.py", line 336, in get_object
    return self._get_juju_secret_content(scope, key)
  File "/var/lib/juju/agents/unit-opensearch-0/charm/lib/charms/opensearch/v0/opensearch_secrets.py", line 215, in _get_juju_secret_content
    secret = self._get_juju_secret(scope, key)
  File "/var/lib/juju/agents/unit-opensearch-0/charm/lib/charms/opensearch/v0/opensearch_secrets.py", line 203, in _get_juju_secret
    secret = self._charm.model.get_secret(label=label)
  File "/var/lib/juju/agents/unit-opensearch-0/charm/venv/ops/model.py", line 291, in get_secret
    content = self._backend.secret_get(id=id, label=label)
  File "/var/lib/juju/agents/unit-opensearch-0/charm/venv/ops/model.py", line 3552, in secret_get
    result = self._run('secret-get', *args, return_output=True, use_json=True)
  File "/var/lib/juju/agents/unit-opensearch-0/charm/venv/ops/model.py", line 3189, in _run
    raise ModelError(e.stderr) from e
ops.model.ModelError: ERROR permission denied

unit-opensearch-0: 01:37:08 ERROR juju.worker.uniter.operation hook "secret-changed" (via hook dispatching script: dispatch) failed: exit status 1
unit-opensearch-2: 01:37:09 ERROR unit.opensearch/2.juju-log certificates:4: [Errno 111] Connection refused

[32mINFO    [0m pytest_operator.plugin:plugin.py:947 Forgetting model main...
[32mINFO    [0m integration.ha.test_backups:test_backups.py:173 Cleaning backups from cloud buckets