[32mINFO    [0m root:test_backups.py:561 Destroying the application
[32mINFO    [0m root:test_backups.py:569 Deploying a new cluster
[32mINFO    [0m juju.model:model.py:2098 Deploying ch:amd64/jammy/s3-integrator-31
[32mINFO    [0m juju.model:model.py:2098 Deploying ch:amd64/jammy/self-signed-certificates-155
[32mINFO    [0m juju.model:model.py:2098 Deploying local:jammy/opensearch-1
[32mINFO    [0m juju.model:model.py:2958 Waiting for model:
  self-signed-certificates/1 [allocating] waiting: waiting for machine
  opensearch/3 [allocating] waiting: waiting for machine
  opensearch/4 [allocating] waiting: waiting for machine
  opensearch/5 [allocating] waiting: waiting for machine
[32mINFO    [0m juju.model:model.py:2958 Waiting for model:
  self-signed-certificates/1 [allocating] waiting: waiting for machine
  opensearch/3 [allocating] waiting: waiting for machine
  opensearch/4 [allocating] waiting: waiting for machine
  opensearch/5 [allocating] waiting: waiting for machine
[32mINFO    [0m juju.model:model.py:2958 Waiting for model:
  self-signed-certificates/1 [allocating] waiting: waiting for machine
  opensearch/3 [allocating] waiting: waiting for machine
  opensearch/4 [allocating] waiting: waiting for machine
  opensearch/5 [allocating] waiting: waiting for machine
[32mINFO    [0m juju.model:model.py:2958 Waiting for model:
  self-signed-certificates/1 [allocating] waiting: waiting for machine
  opensearch/3 [allocating] waiting: waiting for machine
  opensearch/4 [allocating] waiting: waiting for machine
  opensearch/5 [allocating] waiting: waiting for machine
[32mINFO    [0m juju.model:model.py:2958 Waiting for model:
  self-signed-certificates/1 [allocating] waiting: agent initialising
  opensearch/3 [allocating] waiting: waiting for machine
  opensearch/4 [allocating] waiting: waiting for machine
  opensearch/5 [allocating] waiting: waiting for machine
[32mINFO    [0m juju.model:model.py:2958 Waiting for model:
  self-signed-certificates/1 [idle] active: 
  opensearch/3 [allocating] waiting: agent initialising
  opensearch/4 [allocating] waiting: agent initialising
  opensearch/5 [allocating] waiting: agent initialising
[32mINFO    [0m juju.model:model.py:2958 Waiting for model:
  self-signed-certificates/1 [idle] active: 
  opensearch/3 [executing] maintenance: Installing OpenSearch...
  opensearch/4 [executing] maintenance: Installing OpenSearch...
  opensearch/5 [executing] maintenance: Installing OpenSearch...
[32mINFO    [0m juju.model:model.py:2958 Waiting for model:
  opensearch/3 [executing] maintenance: Installing OpenSearch...
  opensearch/4 [executing] maintenance: Installing OpenSearch...
  opensearch/5 [executing] maintenance: Installing OpenSearch...
[32mINFO    [0m juju.model:model.py:2958 Waiting for model:
  opensearch/3 [executing] maintenance: Installing OpenSearch...
  opensearch/4 [executing] maintenance: Installing OpenSearch...
  opensearch/5 [executing] maintenance: Installing OpenSearch...
[32mINFO    [0m juju.model:model.py:2958 Waiting for model:
  opensearch/3 [executing] maintenance: Installing OpenSearch...
  opensearch/4 [executing] maintenance: Installing OpenSearch...
  opensearch/5 [executing] maintenance: Installing OpenSearch...
[32mINFO    [0m juju.model:model.py:2958 Waiting for model:
  self-signed-certificates/1 [idle] active: 
  opensearch/3 [executing] maintenance: Waiting for TLS to be fully configured...
  opensearch/4 [executing] maintenance: Waiting for TLS to be fully configured...
  opensearch/5 [executing] maintenance: Waiting for TLS to be fully configured...
[32mINFO    [0m juju.model:model.py:2958 Waiting for model:
  self-signed-certificates/1 [idle] active: 
  opensearch/3 [executing] waiting: Requesting lock on operation: start
  opensearch/4 [executing] waiting: Waiting for OpenSearch to start...
  opensearch/5 [executing] waiting: Requesting lock on operation: start
[32mINFO    [0m juju.model:model.py:2958 Waiting for model:
  self-signed-certificates/1 [idle] active: 
  opensearch/3 [executing] waiting: Waiting for OpenSearch to start...
  opensearch/4 [executing] active: 
  opensearch/5 [idle] waiting: Requesting lock on operation: start
[32mINFO    [0m juju.model:model.py:2958 Waiting for model:
  opensearch/3 [idle] active: 
  opensearch/4 [idle] active: 
  opensearch/5 [executing] waiting: Waiting for OpenSearch to start...
[32mINFO    [0m juju.model:model.py:2958 Waiting for model:
  opensearch/3 [idle] active: 
  opensearch/4 [idle] active: 
  opensearch/5 [idle] active: 
[32mINFO    [0m juju.model:model.py:2958 Waiting for model:
  opensearch/3 [idle] active: 
  opensearch/4 [idle] active: 
  opensearch/5 [idle] active: 
[32mINFO    [0m juju.model:model.py:2958 Waiting for model:
  opensearch/3 [idle] active: 
  opensearch/4 [idle] active: 
  opensearch/5 [idle] active: 
[32mINFO    [0m integration.ha.test_backups:test_backups.py:597 Syncing credentials for aws
[32mINFO    [0m juju.model:model.py:2958 Waiting for model:
  opensearch/3 [executing] active: 
  opensearch/4 [executing] active: 
  opensearch/5 [executing] active: 
  s3-integrator/1 [idle] active: 
[32mINFO    [0m integration.helpers:helpers.py:347 Calling: GET -- https://10.215.67.82:9200/_recovery?human
[32mINFO    [0m integration.helpers:helpers.py:347 Calling: POST -- https://10.215.67.82:9200/series_index/_refresh
[32mINFO    [0m integration.helpers:helpers.py:347 Calling: GET -- https://10.215.67.82:9200/series_index/_count
[32mINFO    [0m integration.helpers:helpers.py:347 Calling: POST -- https://10.215.67.82:9200/series_index/_refresh
[32mINFO    [0m integration.helpers:helpers.py:347 Calling: GET -- https://10.215.67.82:9200/series_index/_count
[32mINFO    [0m integration.ha.helpers:helpers.py:533 Index series_index has 137 documents, starting there
[32mINFO    [0m integration.ha.helpers:helpers.py:247 Continuous writes result: namespace(max_stored_id=275, count=276, last_expected_id=275)
[32mINFO    [0m integration.helpers:helpers.py:347 Calling: GET -- https://10.215.67.82:9200/series_index/_search_shards
[32mINFO    [0m integration.helpers:helpers.py:347 Calling: GET -- https://10.215.67.82:9200/_recovery?human
[32mINFO    [0m integration.helpers:helpers.py:347 Calling: POST -- https://10.215.67.82:9200/series_index/_refresh
[32mINFO    [0m integration.helpers:helpers.py:347 Calling: GET -- https://10.215.67.82:9200/series_index/_count
[32mINFO    [0m integration.helpers:helpers.py:347 Calling: POST -- https://10.215.67.82:9200/series_index/_refresh
[32mINFO    [0m integration.helpers:helpers.py:347 Calling: GET -- https://10.215.67.82:9200/series_index/_count
[32mINFO    [0m integration.ha.helpers:helpers.py:533 Index series_index has 302 documents, starting there
[32mINFO    [0m integration.ha.helpers:helpers.py:247 Continuous writes result: namespace(max_stored_id=440, count=441, last_expected_id=440)
[32mINFO    [0m integration.helpers:helpers.py:347 Calling: GET -- https://10.215.67.82:9200/series_index/_search_shards
[32mINFO    [0m integration.ha.test_backups:test_backups.py:617 Final stage of DR test: try a backup & restore with continuous writes
[32mINFO    [0m integration.helpers:helpers.py:347 Calling: GET -- https://10.215.67.82:9200/_recovery?human
[32mINFO    [0m integration.ha.helpers:helpers.py:247 Continuous writes result: namespace(max_stored_id=147, count=148, last_expected_id=147)
[32mINFO    [0m integration.helpers:helpers.py:347 Calling: GET -- https://10.215.67.82:9200/series_index/_search_shards
[32mINFO    [0m integration.helpers:helpers.py:347 Calling: POST -- https://10.215.67.82:9200/series_index/_refresh
[32mINFO    [0m integration.helpers:helpers.py:347 Calling: GET -- https://10.215.67.82:9200/series_index/_count
[32mINFO    [0m integration.helpers:helpers.py:347 Calling: GET -- https://10.215.67.82:9200/_recovery?human
[32mINFO    [0m integration.helpers:helpers.py:347 Calling: POST -- https://10.215.67.82:9200/series_index/_refresh
[32mINFO    [0m integration.helpers:helpers.py:347 Calling: GET -- https://10.215.67.82:9200/series_index/_count
[32mINFO    [0m integration.ha.helpers:helpers.py:591 Testing restore for series_index - original count pre-restore: 148, and now, new count: 114
[32mINFO    [0m pytest_operator.plugin:plugin.py:862 Model status:

Model  Controller           Cloud/Region         Version  SLA          Timestamp
test   localhost-localhost  localhost/localhost  3.4.4    unsupported  03:08:53Z

App                       Version  Status  Scale  Charm                     Channel        Rev  Exposed  Message
opensearch                         active      3  opensearch                                 1  no       
s3-integrator                      active      1  s3-integrator             latest/edge     31  no       
self-signed-certificates           active      1  self-signed-certificates  latest/stable  155  no       

Unit                         Workload  Agent  Machine  Public address  Ports     Message
opensearch/3                 active    idle   7        10.215.67.35    9200/tcp  
opensearch/4*                active    idle   8        10.215.67.82    9200/tcp  
opensearch/5                 active    idle   9        10.215.67.157   9200/tcp  
s3-integrator/1*             active    idle   5        10.215.67.22              
self-signed-certificates/1*  active    idle   6        10.215.67.61              

Machine  State    Address        Inst id        Base          AZ  Message
5        started  10.215.67.22   juju-971e16-5  ubuntu@22.04      Running
6        started  10.215.67.61   juju-971e16-6  ubuntu@22.04      Running
7        started  10.215.67.35   juju-971e16-7  ubuntu@22.04      Running
8        started  10.215.67.82   juju-971e16-8  ubuntu@22.04      Running
9        started  10.215.67.157  juju-971e16-9  ubuntu@22.04      Running

[32mINFO    [0m pytest_operator.plugin:plugin.py:868 Juju error logs:

machine-0: 02:35:58 ERROR juju.worker.dependency "kvm-container-provisioner" manifold worker returned unexpected error: container types not yet available
machine-0: 02:35:58 ERROR juju.worker.dependency "lxd-container-provisioner" manifold worker returned unexpected error: container types not yet available
unit-self-signed-certificates-0: 02:35:58 ERROR juju.worker.meterstatus error running "meter-status-changed": charm missing from disk
machine-1: 02:35:58 ERROR juju.worker.dependency "kvm-container-provisioner" manifold worker returned unexpected error: container types not yet available
machine-1: 02:35:58 ERROR juju.worker.dependency "lxd-container-provisioner" manifold worker returned unexpected error: container types not yet available
unit-s3-integrator-0: 02:35:59 ERROR juju.worker.meterstatus error running "meter-status-changed": charm missing from disk
machine-3: 02:36:17 ERROR juju.worker.dependency "lxd-container-provisioner" manifold worker returned unexpected error: container types not yet available
machine-3: 02:36:17 ERROR juju.worker.dependency "kvm-container-provisioner" manifold worker returned unexpected error: container types not yet available
unit-opensearch-1: 02:36:17 ERROR juju.worker.meterstatus error running "meter-status-changed": charm missing from disk
machine-4: 02:36:24 ERROR juju.worker.dependency "kvm-container-provisioner" manifold worker returned unexpected error: container types not yet available
machine-4: 02:36:24 ERROR juju.worker.dependency "lxd-container-provisioner" manifold worker returned unexpected error: container types not yet available
unit-opensearch-2: 02:36:25 ERROR juju.worker.meterstatus error running "meter-status-changed": charm missing from disk
machine-2: 02:36:25 ERROR juju.worker.dependency "kvm-container-provisioner" manifold worker returned unexpected error: container types not yet available
machine-2: 02:36:25 ERROR juju.worker.dependency "lxd-container-provisioner" manifold worker returned unexpected error: container types not yet available
unit-opensearch-0: 02:36:25 ERROR juju.worker.meterstatus error running "meter-status-changed": charm missing from disk
unit-opensearch-1: 02:39:54 ERROR unit.opensearch/1.juju-log [Errno 111] Connection refused
unit-opensearch-1: 02:39:55 ERROR unit.opensearch/1.juju-log certificates:4: [Errno 111] Connection refused
unit-opensearch-0: 02:39:56 ERROR unit.opensearch/0.juju-log [Errno 111] Connection refused
unit-opensearch-1: 02:39:57 ERROR unit.opensearch/1.juju-log node-lock-fallback:2: [Errno 111] Connection refused
unit-opensearch-0: 02:39:57 ERROR unit.opensearch/0.juju-log certificates:4: [Errno 111] Connection refused
unit-opensearch-2: 02:39:57 ERROR unit.opensearch/2.juju-log [Errno 111] Connection refused
unit-opensearch-1: 02:39:58 ERROR unit.opensearch/1.juju-log upgrade-version-a:3: [Errno 111] Connection refused
unit-opensearch-2: 02:39:58 ERROR unit.opensearch/2.juju-log node-lock-fallback:2: [Errno 111] Connection refused
unit-opensearch-1: 02:39:59 ERROR unit.opensearch/1.juju-log upgrade-version-a:3: [Errno 111] Connection refused
unit-opensearch-2: 02:39:59 ERROR unit.opensearch/2.juju-log node-lock-fallback:2: [Errno 111] Connection refused
unit-opensearch-1: 02:40:00 ERROR unit.opensearch/1.juju-log opensearch-peers:1: [Errno 111] Connection refused
unit-opensearch-1: 02:40:00 ERROR unit.opensearch/1.juju-log opensearch-peers:1: [Errno 111] Connection refused
unit-opensearch-1: 02:40:00 ERROR unit.opensearch/1.juju-log opensearch-peers:1: [Errno 111] Connection refused
unit-opensearch-1: 02:40:00 ERROR unit.opensearch/1.juju-log opensearch-peers:1: [Errno 111] Connection refused
unit-opensearch-2: 02:40:00 ERROR unit.opensearch/2.juju-log opensearch-peers:1: [Errno 111] Connection refused
unit-opensearch-2: 02:40:01 ERROR unit.opensearch/2.juju-log opensearch-peers:1: [Errno 111] Connection refused
unit-opensearch-1: 02:40:01 ERROR unit.opensearch/1.juju-log certificates:4: [Errno 111] Connection refused
unit-opensearch-0: 02:40:01 ERROR unit.opensearch/0.juju-log [Errno 111] Connection refused
unit-opensearch-2: 02:40:01 ERROR unit.opensearch/2.juju-log node-lock-fallback:2: [Errno 111] Connection refused
unit-opensearch-0: 02:40:02 ERROR unit.opensearch/0.juju-log [Errno 111] Connection refused
unit-opensearch-2: 02:40:03 ERROR unit.opensearch/2.juju-log certificates:4: [Errno 111] Connection refused
unit-opensearch-0: 02:40:04 ERROR unit.opensearch/0.juju-log [Errno 111] Connection refused
unit-opensearch-0: 02:40:05 ERROR unit.opensearch/0.juju-log [Errno 111] Connection refused
unit-opensearch-1: 02:40:06 ERROR unit.opensearch/1.juju-log [Errno 111] Connection refused
unit-opensearch-0: 02:40:06 ERROR unit.opensearch/0.juju-log [Errno 111] Connection refused
unit-opensearch-1: 02:40:07 ERROR unit.opensearch/1.juju-log [Errno 111] Connection refused
unit-opensearch-2: 02:40:07 ERROR unit.opensearch/2.juju-log [Errno 111] Connection refused
unit-opensearch-0: 02:40:07 ERROR unit.opensearch/0.juju-log node-lock-fallback:2: [Errno 111] Connection refused
unit-opensearch-0: 02:40:08 ERROR unit.opensearch/0.juju-log node-lock-fallback:2: [Errno 111] Connection refused
unit-opensearch-0: 02:40:08 ERROR unit.opensearch/0.juju-log node-lock-fallback:2: Cannot connect to the OpenSearch server...
unit-opensearch-0: 02:40:08 ERROR unit.opensearch/0.juju-log node-lock-fallback:2: [Errno 111] Connection refused
unit-opensearch-1: 02:40:08 ERROR unit.opensearch/1.juju-log [Errno 111] Connection refused
unit-opensearch-2: 02:40:08 ERROR unit.opensearch/2.juju-log [Errno 111] Connection refused
unit-opensearch-0: 02:40:09 ERROR unit.opensearch/0.juju-log certificates:4: [Errno 111] Connection refused
unit-opensearch-0: 02:40:09 ERROR unit.opensearch/0.juju-log certificates:4: Cannot connect to the OpenSearch server...
unit-opensearch-0: 02:40:09 ERROR unit.opensearch/0.juju-log certificates:4: [Errno 111] Connection refused
unit-opensearch-1: 02:40:09 ERROR unit.opensearch/1.juju-log [Errno 111] Connection refused
unit-opensearch-2: 02:40:09 ERROR unit.opensearch/2.juju-log [Errno 111] Connection refused
unit-opensearch-1: 02:40:09 ERROR unit.opensearch/1.juju-log [Errno 111] Connection refused
unit-opensearch-1: 02:40:09 ERROR unit.opensearch/1.juju-log Cannot connect to the OpenSearch server...
unit-opensearch-1: 02:40:09 ERROR unit.opensearch/1.juju-log [Errno 111] Connection refused
unit-opensearch-2: 02:40:10 ERROR unit.opensearch/2.juju-log [Errno 111] Connection refused
unit-opensearch-1: 02:40:10 ERROR unit.opensearch/1.juju-log [Errno 111] Connection refused
unit-opensearch-1: 02:40:10 ERROR unit.opensearch/1.juju-log Cannot connect to the OpenSearch server...
unit-opensearch-1: 02:40:10 ERROR unit.opensearch/1.juju-log [Errno 111] Connection refused
unit-opensearch-0: 02:40:10 ERROR unit.opensearch/0.juju-log [Errno 111] Connection refused
unit-opensearch-0: 02:40:10 ERROR unit.opensearch/0.juju-log Cannot connect to the OpenSearch server...
unit-opensearch-0: 02:40:10 ERROR unit.opensearch/0.juju-log [Errno 111] Connection refused
unit-opensearch-2: 02:40:10 ERROR unit.opensearch/2.juju-log [Errno 111] Connection refused
unit-opensearch-2: 02:40:10 ERROR unit.opensearch/2.juju-log Cannot connect to the OpenSearch server...
unit-opensearch-2: 02:40:10 ERROR unit.opensearch/2.juju-log [Errno 111] Connection refused
unit-opensearch-1: 02:40:11 ERROR unit.opensearch/1.juju-log [Errno 111] Connection refused
unit-opensearch-1: 02:40:11 ERROR unit.opensearch/1.juju-log Cannot connect to the OpenSearch server...
unit-opensearch-1: 02:40:11 ERROR unit.opensearch/1.juju-log [Errno 111] Connection refused
unit-opensearch-1: 02:40:11 ERROR unit.opensearch/1.juju-log Cannot connect to the OpenSearch server...
unit-opensearch-0: 02:40:12 ERROR unit.opensearch/0.juju-log [Errno 111] Connection refused
unit-opensearch-0: 02:40:12 ERROR unit.opensearch/0.juju-log Cannot connect to the OpenSearch server...
unit-opensearch-2: 02:40:12 ERROR unit.opensearch/2.juju-log [Errno 111] Connection refused
unit-opensearch-2: 02:40:12 ERROR unit.opensearch/2.juju-log Cannot connect to the OpenSearch server...
unit-opensearch-0: 02:40:12 ERROR unit.opensearch/0.juju-log [Errno 111] Connection refused
unit-opensearch-2: 02:40:12 ERROR unit.opensearch/2.juju-log [Errno 111] Connection refused
unit-opensearch-1: 02:40:14 ERROR unit.opensearch/1.juju-log [Errno 111] Connection refused
unit-opensearch-1: 02:40:14 ERROR unit.opensearch/1.juju-log Cannot connect to the OpenSearch server...
unit-opensearch-1: 02:40:18 ERROR unit.opensearch/1.juju-log [Errno 111] Connection refused
unit-opensearch-1: 02:40:18 ERROR unit.opensearch/1.juju-log Cannot connect to the OpenSearch server...
unit-opensearch-0: 02:40:20 ERROR unit.opensearch/0.juju-log [Errno 111] Connection refused
unit-opensearch-2: 02:40:20 ERROR unit.opensearch/2.juju-log upgrade-version-a:3: [Errno 111] Connection refused
unit-opensearch-0: 02:40:20 ERROR unit.opensearch/0.juju-log Cannot connect to the OpenSearch server...
unit-opensearch-2: 02:40:20 ERROR unit.opensearch/2.juju-log upgrade-version-a:3: Cannot connect to the OpenSearch server...
unit-opensearch-0: 02:40:20 ERROR unit.opensearch/0.juju-log [Errno 111] Connection refused
unit-opensearch-2: 02:40:20 ERROR unit.opensearch/2.juju-log upgrade-version-a:3: [Errno 111] Connection refused
unit-opensearch-1: 02:40:21 ERROR unit.opensearch/1.juju-log [Errno 111] Connection refused
unit-opensearch-1: 02:40:21 ERROR unit.opensearch/1.juju-log Cannot connect to the OpenSearch server...
unit-opensearch-1: 02:40:24 ERROR unit.opensearch/1.juju-log [Errno 111] Connection refused
unit-opensearch-1: 02:40:24 ERROR unit.opensearch/1.juju-log Cannot connect to the OpenSearch server...
unit-opensearch-0: 02:40:27 ERROR unit.opensearch/0.juju-log [Errno 111] Connection refused
unit-opensearch-1: 02:40:28 ERROR unit.opensearch/1.juju-log [Errno 111] Connection refused
unit-opensearch-0: 02:40:28 ERROR unit.opensearch/0.juju-log Cannot connect to the OpenSearch server...
unit-opensearch-1: 02:40:28 ERROR unit.opensearch/1.juju-log Cannot connect to the OpenSearch server...
unit-opensearch-0: 02:40:28 ERROR unit.opensearch/0.juju-log [Errno 111] Connection refused
unit-opensearch-2: 02:40:28 ERROR unit.opensearch/2.juju-log opensearch-peers:1: [Errno 111] Connection refused
unit-opensearch-2: 02:40:28 ERROR unit.opensearch/2.juju-log opensearch-peers:1: Cannot connect to the OpenSearch server...
unit-opensearch-2: 02:40:28 ERROR unit.opensearch/2.juju-log opensearch-peers:1: [Errno 111] Connection refused
unit-opensearch-2: 02:40:28 ERROR unit.opensearch/2.juju-log opensearch-peers:1: [Errno 111] Connection refused
unit-opensearch-0: 02:40:30 ERROR unit.opensearch/0.juju-log opensearch-peers:1: [Errno 111] Connection refused
unit-opensearch-0: 02:40:30 ERROR unit.opensearch/0.juju-log opensearch-peers:1: Cannot connect to the OpenSearch server...
unit-opensearch-0: 02:40:30 ERROR unit.opensearch/0.juju-log opensearch-peers:1: [Errno 111] Connection refused
unit-opensearch-2: 02:40:30 ERROR unit.opensearch/2.juju-log node-lock-fallback:2: [Errno 111] Connection refused
unit-opensearch-2: 02:40:30 ERROR unit.opensearch/2.juju-log node-lock-fallback:2: Cannot connect to the OpenSearch server...
unit-opensearch-2: 02:40:30 ERROR unit.opensearch/2.juju-log node-lock-fallback:2: [Errno 111] Connection refused
unit-opensearch-2: 02:40:30 ERROR unit.opensearch/2.juju-log node-lock-fallback:2: [Errno 111] Connection refused
unit-opensearch-0: 02:40:30 ERROR unit.opensearch/0.juju-log opensearch-peers:1: [Errno 111] Connection refused
unit-opensearch-1: 02:40:31 ERROR unit.opensearch/1.juju-log [Errno 111] Connection refused
unit-opensearch-1: 02:40:31 ERROR unit.opensearch/1.juju-log Cannot connect to the OpenSearch server...
unit-opensearch-2: 02:40:31 ERROR unit.opensearch/2.juju-log certificates:4: [Errno 111] Connection refused
unit-opensearch-2: 02:40:31 ERROR unit.opensearch/2.juju-log certificates:4: Cannot connect to the OpenSearch server...
unit-opensearch-2: 02:40:31 ERROR unit.opensearch/2.juju-log certificates:4: [Errno 111] Connection refused
unit-opensearch-2: 02:40:31 ERROR unit.opensearch/2.juju-log certificates:4: [Errno 111] Connection refused
unit-opensearch-0: 02:40:31 ERROR unit.opensearch/0.juju-log certificates:4: [Errno 111] Connection refused
unit-opensearch-0: 02:40:31 ERROR unit.opensearch/0.juju-log certificates:4: Cannot connect to the OpenSearch server...
unit-opensearch-0: 02:40:32 ERROR unit.opensearch/0.juju-log certificates:4: [Errno 111] Connection refused
unit-opensearch-2: 02:40:33 ERROR unit.opensearch/2.juju-log opensearch-peers:1: [Errno 111] Connection refused
unit-opensearch-2: 02:40:33 ERROR unit.opensearch/2.juju-log opensearch-peers:1: Cannot connect to the OpenSearch server...
unit-opensearch-2: 02:40:33 ERROR unit.opensearch/2.juju-log opensearch-peers:1: [Errno 111] Connection refused
unit-opensearch-2: 02:40:33 ERROR unit.opensearch/2.juju-log opensearch-peers:1: [Errno 111] Connection refused
unit-opensearch-0: 02:40:33 ERROR unit.opensearch/0.juju-log upgrade-version-a:3: [Errno 111] Connection refused
unit-opensearch-0: 02:40:33 ERROR unit.opensearch/0.juju-log upgrade-version-a:3: Cannot connect to the OpenSearch server...
unit-opensearch-0: 02:40:33 ERROR unit.opensearch/0.juju-log upgrade-version-a:3: [Errno 111] Connection refused
unit-opensearch-2: 02:40:33 ERROR unit.opensearch/2.juju-log opensearch-peers:1: [Errno 111] Connection refused
unit-opensearch-2: 02:40:33 ERROR unit.opensearch/2.juju-log opensearch-peers:1: [Errno 111] Connection refused
unit-opensearch-2: 02:40:33 ERROR unit.opensearch/2.juju-log opensearch-peers:1: [Errno 111] Connection refused
unit-opensearch-2: 02:40:33 ERROR unit.opensearch/2.juju-log opensearch-peers:1: [Errno 111] Connection refused
unit-opensearch-2: 02:40:33 ERROR unit.opensearch/2.juju-log opensearch-peers:1: [Errno 111] Connection refused
unit-opensearch-2: 02:40:33 ERROR unit.opensearch/2.juju-log opensearch-peers:1: [Errno 111] Connection refused
unit-opensearch-1: 02:40:34 ERROR unit.opensearch/1.juju-log [Errno 111] Connection refused
unit-opensearch-1: 02:40:34 ERROR unit.opensearch/1.juju-log Cannot connect to the OpenSearch server...
unit-opensearch-0: 02:40:34 ERROR unit.opensearch/0.juju-log upgrade-version-a:3: [Errno 111] Connection refused
unit-opensearch-0: 02:40:34 ERROR unit.opensearch/0.juju-log upgrade-version-a:3: Cannot connect to the OpenSearch server...
unit-opensearch-0: 02:40:34 ERROR unit.opensearch/0.juju-log upgrade-version-a:3: [Errno 111] Connection refused
unit-opensearch-2: 02:40:35 ERROR unit.opensearch/2.juju-log node-lock-fallback:2: [Errno 111] Connection refused
unit-opensearch-2: 02:40:35 ERROR unit.opensearch/2.juju-log node-lock-fallback:2: Cannot connect to the OpenSearch server...
unit-opensearch-2: 02:40:35 ERROR unit.opensearch/2.juju-log node-lock-fallback:2: [Errno 111] Connection refused
unit-opensearch-2: 02:40:35 ERROR unit.opensearch/2.juju-log node-lock-fallback:2: [Errno 111] Connection refused
unit-opensearch-0: 02:40:35 ERROR unit.opensearch/0.juju-log opensearch-peers:1: [Errno 111] Connection refused
unit-opensearch-0: 02:40:35 ERROR unit.opensearch/0.juju-log opensearch-peers:1: Cannot connect to the OpenSearch server...
unit-opensearch-0: 02:40:35 ERROR unit.opensearch/0.juju-log opensearch-peers:1: [Errno 111] Connection refused
unit-opensearch-0: 02:40:35 ERROR unit.opensearch/0.juju-log opensearch-peers:1: [Errno 111] Connection refused
unit-opensearch-2: 02:40:36 ERROR unit.opensearch/2.juju-log node-lock-fallback:2: [Errno 111] Connection refused
unit-opensearch-2: 02:40:36 ERROR unit.opensearch/2.juju-log node-lock-fallback:2: Cannot connect to the OpenSearch server...
unit-opensearch-2: 02:40:36 ERROR unit.opensearch/2.juju-log node-lock-fallback:2: [Errno 111] Connection refused
unit-opensearch-2: 02:40:36 ERROR unit.opensearch/2.juju-log node-lock-fallback:2: [Errno 111] Connection refused
unit-opensearch-1: 02:40:37 ERROR unit.opensearch/1.juju-log [Errno 111] Connection refused
unit-opensearch-1: 02:40:37 ERROR unit.opensearch/1.juju-log Cannot connect to the OpenSearch server...
unit-opensearch-0: 02:40:37 ERROR unit.opensearch/0.juju-log certificates:4: [Errno 111] Connection refused
unit-opensearch-0: 02:40:37 ERROR unit.opensearch/0.juju-log certificates:4: Cannot connect to the OpenSearch server...
unit-opensearch-0: 02:40:37 ERROR unit.opensearch/0.juju-log certificates:4: [Errno 111] Connection refused
unit-opensearch-0: 02:40:37 ERROR unit.opensearch/0.juju-log certificates:4: [Errno 111] Connection refused
unit-opensearch-2: 02:40:37 ERROR unit.opensearch/2.juju-log certificates:4: [Errno 111] Connection refused
unit-opensearch-2: 02:40:37 ERROR unit.opensearch/2.juju-log certificates:4: Cannot connect to the OpenSearch server...
unit-opensearch-2: 02:40:37 ERROR unit.opensearch/2.juju-log certificates:4: [Errno 111] Connection refused
unit-opensearch-2: 02:40:37 ERROR unit.opensearch/2.juju-log certificates:4: [Errno 111] Connection refused
unit-opensearch-1: 02:40:40 ERROR unit.opensearch/1.juju-log [Errno 111] Connection refused
unit-opensearch-1: 02:40:40 ERROR unit.opensearch/1.juju-log Cannot connect to the OpenSearch server...
unit-opensearch-0: 02:40:40 ERROR unit.opensearch/0.juju-log [Errno 111] Connection refused
unit-opensearch-0: 02:40:40 ERROR unit.opensearch/0.juju-log Cannot connect to the OpenSearch server...
unit-opensearch-0: 02:40:40 ERROR unit.opensearch/0.juju-log [Errno 111] Connection refused
unit-opensearch-2: 02:40:40 ERROR unit.opensearch/2.juju-log [Errno 111] Connection refused
unit-opensearch-2: 02:40:40 ERROR unit.opensearch/2.juju-log Cannot connect to the OpenSearch server...
unit-opensearch-0: 02:40:40 ERROR unit.opensearch/0.juju-log [Errno 111] Connection refused
unit-opensearch-2: 02:40:40 ERROR unit.opensearch/2.juju-log [Errno 111] Connection refused
unit-opensearch-2: 02:40:40 ERROR unit.opensearch/2.juju-log [Errno 111] Connection refused
unit-opensearch-2: 02:40:42 ERROR unit.opensearch/2.juju-log [Errno 111] Connection refused
unit-opensearch-2: 02:40:42 ERROR unit.opensearch/2.juju-log Cannot connect to the OpenSearch server...
unit-opensearch-2: 02:40:42 ERROR unit.opensearch/2.juju-log [Errno 111] Connection refused
unit-opensearch-2: 02:40:42 ERROR unit.opensearch/2.juju-log [Errno 111] Connection refused
unit-opensearch-0: 02:40:42 ERROR unit.opensearch/0.juju-log [Errno 111] Connection refused
unit-opensearch-0: 02:40:42 ERROR unit.opensearch/0.juju-log Cannot connect to the OpenSearch server...
unit-opensearch-0: 02:40:42 ERROR unit.opensearch/0.juju-log [Errno 111] Connection refused
unit-opensearch-0: 02:40:42 ERROR unit.opensearch/0.juju-log [Errno 111] Connection refused
unit-opensearch-1: 02:40:43 ERROR unit.opensearch/1.juju-log [Errno 111] Connection refused
unit-opensearch-1: 02:40:43 ERROR unit.opensearch/1.juju-log Cannot connect to the OpenSearch server...
unit-opensearch-2: 02:40:44 ERROR unit.opensearch/2.juju-log [Errno 111] Connection refused
unit-opensearch-2: 02:40:44 ERROR unit.opensearch/2.juju-log Cannot connect to the OpenSearch server...
unit-opensearch-2: 02:40:44 ERROR unit.opensearch/2.juju-log [Errno 111] Connection refused
unit-opensearch-2: 02:40:44 ERROR unit.opensearch/2.juju-log [Errno 111] Connection refused
unit-opensearch-0: 02:40:44 ERROR unit.opensearch/0.juju-log [Errno 111] Connection refused
unit-opensearch-0: 02:40:44 ERROR unit.opensearch/0.juju-log Cannot connect to the OpenSearch server...
unit-opensearch-0: 02:40:44 ERROR unit.opensearch/0.juju-log [Errno 111] Connection refused
unit-opensearch-0: 02:40:44 ERROR unit.opensearch/0.juju-log [Errno 111] Connection refused
unit-opensearch-2: 02:40:45 ERROR unit.opensearch/2.juju-log [Errno 111] Connection refused
unit-opensearch-2: 02:40:45 ERROR unit.opensearch/2.juju-log Cannot connect to the OpenSearch server...
unit-opensearch-2: 02:40:45 ERROR unit.opensearch/2.juju-log [Errno 111] Connection refused
unit-opensearch-0: 02:40:45 ERROR unit.opensearch/0.juju-log [Errno 111] Connection refused
unit-opensearch-2: 02:40:45 ERROR unit.opensearch/2.juju-log [Errno 111] Connection refused
unit-opensearch-0: 02:40:45 ERROR unit.opensearch/0.juju-log Cannot connect to the OpenSearch server...
unit-opensearch-0: 02:40:45 ERROR unit.opensearch/0.juju-log [Errno 111] Connection refused
unit-opensearch-2: 02:40:46 ERROR unit.opensearch/2.juju-log opensearch-peers:1: [Errno 111] Connection refused
unit-opensearch-2: 02:40:46 ERROR unit.opensearch/2.juju-log opensearch-peers:1: Cannot connect to the OpenSearch server...
unit-opensearch-2: 02:40:47 ERROR unit.opensearch/2.juju-log opensearch-peers:1: [Errno 111] Connection refused
unit-opensearch-2: 02:40:47 ERROR unit.opensearch/2.juju-log opensearch-peers:1: [Errno 111] Connection refused
unit-opensearch-0: 02:40:47 ERROR unit.opensearch/0.juju-log upgrade-version-a:3: [Errno 111] Connection refused
unit-opensearch-0: 02:40:47 ERROR unit.opensearch/0.juju-log upgrade-version-a:3: Cannot connect to the OpenSearch server...
unit-opensearch-0: 02:40:47 ERROR unit.opensearch/0.juju-log upgrade-version-a:3: [Errno 111] Connection refused
unit-opensearch-2: 02:40:50 ERROR unit.opensearch/2.juju-log opensearch-peers:1: [Errno 111] Connection refused
unit-opensearch-2: 02:40:50 ERROR unit.opensearch/2.juju-log opensearch-peers:1: Cannot connect to the OpenSearch server...
unit-opensearch-2: 02:40:50 ERROR unit.opensearch/2.juju-log opensearch-peers:1: [Errno 111] Connection refused
unit-opensearch-0: 02:40:50 ERROR unit.opensearch/0.juju-log node-lock-fallback:2: [Errno 111] Connection refused
unit-opensearch-2: 02:40:50 ERROR unit.opensearch/2.juju-log opensearch-peers:1: [Errno 111] Connection refused
unit-opensearch-0: 02:40:51 ERROR unit.opensearch/0.juju-log node-lock-fallback:2: Cannot connect to the OpenSearch server...
unit-opensearch-0: 02:40:51 ERROR unit.opensearch/0.juju-log node-lock-fallback:2: [Errno 111] Connection refused
unit-opensearch-2: 02:40:52 ERROR unit.opensearch/2.juju-log opensearch-peers:1: [Errno 111] Connection refused
unit-opensearch-2: 02:40:52 ERROR unit.opensearch/2.juju-log opensearch-peers:1: [Errno 111] Connection refused
unit-opensearch-2: 02:40:52 ERROR unit.opensearch/2.juju-log opensearch-peers:1: [Errno 111] Connection refused
unit-opensearch-2: 02:40:52 ERROR unit.opensearch/2.juju-log opensearch-peers:1: [Errno 111] Connection refused
unit-opensearch-2: 02:40:52 ERROR unit.opensearch/2.juju-log opensearch-peers:1: [Errno 111] Connection refused
unit-opensearch-2: 02:40:52 ERROR unit.opensearch/2.juju-log opensearch-peers:1: [Errno 111] Connection refused
unit-opensearch-0: 02:40:53 ERROR unit.opensearch/0.juju-log opensearch-peers:1: [Errno 111] Connection refused
unit-opensearch-0: 02:40:53 ERROR unit.opensearch/0.juju-log opensearch-peers:1: Cannot connect to the OpenSearch server...
unit-opensearch-0: 02:40:53 ERROR unit.opensearch/0.juju-log opensearch-peers:1: [Errno 111] Connection refused
unit-opensearch-2: 02:40:53 ERROR unit.opensearch/2.juju-log node-lock-fallback:2: [Errno 111] Connection refused
unit-opensearch-2: 02:40:53 ERROR unit.opensearch/2.juju-log node-lock-fallback:2: Cannot connect to the OpenSearch server...
unit-opensearch-2: 02:40:53 ERROR unit.opensearch/2.juju-log node-lock-fallback:2: [Errno 111] Connection refused
unit-opensearch-2: 02:40:53 ERROR unit.opensearch/2.juju-log node-lock-fallback:2: [Errno 111] Connection refused
unit-opensearch-0: 02:40:54 ERROR unit.opensearch/0.juju-log opensearch-peers:1: [Errno 111] Connection refused
unit-opensearch-0: 02:40:54 ERROR unit.opensearch/0.juju-log opensearch-peers:1: [Errno 111] Connection refused
unit-opensearch-0: 02:40:54 ERROR unit.opensearch/0.juju-log opensearch-peers:1: [Errno 111] Connection refused
unit-opensearch-2: 02:40:55 ERROR unit.opensearch/2.juju-log opensearch-peers:1: [Errno 111] Connection refused
unit-opensearch-2: 02:40:55 ERROR unit.opensearch/2.juju-log opensearch-peers:1: Cannot connect to the OpenSearch server...
unit-opensearch-2: 02:40:55 ERROR unit.opensearch/2.juju-log opensearch-peers:1: [Errno 111] Connection refused
unit-opensearch-2: 02:40:55 ERROR unit.opensearch/2.juju-log opensearch-peers:1: [Errno 111] Connection refused
unit-opensearch-0: 02:40:55 ERROR unit.opensearch/0.juju-log opensearch-peers:1: [Errno 111] Connection refused
unit-opensearch-0: 02:40:55 ERROR unit.opensearch/0.juju-log opensearch-peers:1: Cannot connect to the OpenSearch server...
unit-opensearch-0: 02:40:55 ERROR unit.opensearch/0.juju-log opensearch-peers:1: [Errno 111] Connection refused
unit-opensearch-2: 02:40:55 ERROR unit.opensearch/2.juju-log opensearch-peers:1: [Errno 111] Connection refused
unit-opensearch-2: 02:40:55 ERROR unit.opensearch/2.juju-log opensearch-peers:1: [Errno 111] Connection refused
unit-opensearch-0: 02:40:55 ERROR unit.opensearch/0.juju-log opensearch-peers:1: [Errno 111] Connection refused
unit-opensearch-2: 02:40:56 ERROR unit.opensearch/2.juju-log upgrade-version-a:3: [Errno 111] Connection refused
unit-opensearch-2: 02:40:56 ERROR unit.opensearch/2.juju-log upgrade-version-a:3: Cannot connect to the OpenSearch server...
unit-opensearch-2: 02:40:56 ERROR unit.opensearch/2.juju-log upgrade-version-a:3: [Errno 111] Connection refused
unit-opensearch-2: 02:40:56 ERROR unit.opensearch/2.juju-log upgrade-version-a:3: [Errno 111] Connection refused
unit-opensearch-0: 02:40:56 ERROR unit.opensearch/0.juju-log node-lock-fallback:2: [Errno 111] Connection refused
unit-opensearch-0: 02:40:56 ERROR unit.opensearch/0.juju-log node-lock-fallback:2: Cannot connect to the OpenSearch server...
unit-opensearch-0: 02:40:56 ERROR unit.opensearch/0.juju-log node-lock-fallback:2: [Errno 111] Connection refused
unit-opensearch-2: 02:40:57 ERROR unit.opensearch/2.juju-log opensearch-peers:1: [Errno 111] Connection refused
unit-opensearch-2: 02:40:57 ERROR unit.opensearch/2.juju-log opensearch-peers:1: Cannot connect to the OpenSearch server...
unit-opensearch-2: 02:40:57 ERROR unit.opensearch/2.juju-log opensearch-peers:1: [Errno 111] Connection refused
unit-opensearch-2: 02:40:57 ERROR unit.opensearch/2.juju-log opensearch-peers:1: [Errno 111] Connection refused
unit-opensearch-0: 02:40:57 ERROR unit.opensearch/0.juju-log opensearch-peers:1: [Errno 111] Connection refused
unit-opensearch-0: 02:40:57 ERROR unit.opensearch/0.juju-log opensearch-peers:1: Cannot connect to the OpenSearch server...
unit-opensearch-0: 02:40:57 ERROR unit.opensearch/0.juju-log opensearch-peers:1: [Errno 111] Connection refused
unit-opensearch-2: 02:40:57 ERROR unit.opensearch/2.juju-log opensearch-peers:1: [Errno 111] Connection refused
unit-opensearch-2: 02:40:57 ERROR unit.opensearch/2.juju-log opensearch-peers:1: [Errno 111] Connection refused
unit-opensearch-0: 02:40:57 ERROR unit.opensearch/0.juju-log opensearch-peers:1: [Errno 111] Connection refused
unit-opensearch-2: 02:40:58 ERROR unit.opensearch/2.juju-log node-lock-fallback:2: [Errno 111] Connection refused
unit-opensearch-2: 02:40:58 ERROR unit.opensearch/2.juju-log node-lock-fallback:2: Cannot connect to the OpenSearch server...
unit-opensearch-2: 02:40:58 ERROR unit.opensearch/2.juju-log node-lock-fallback:2: [Errno 111] Connection refused
unit-opensearch-2: 02:40:58 ERROR unit.opensearch/2.juju-log node-lock-fallback:2: [Errno 111] Connection refused
unit-opensearch-0: 02:40:58 ERROR unit.opensearch/0.juju-log node-lock-fallback:2: [Errno 111] Connection refused
unit-opensearch-0: 02:40:58 ERROR unit.opensearch/0.juju-log node-lock-fallback:2: Cannot connect to the OpenSearch server...
unit-opensearch-0: 02:40:58 ERROR unit.opensearch/0.juju-log node-lock-fallback:2: [Errno 111] Connection refused
unit-opensearch-0: 02:40:59 ERROR unit.opensearch/0.juju-log node-lock-fallback:2: [Errno 111] Connection refused
unit-opensearch-0: 02:40:59 ERROR unit.opensearch/0.juju-log node-lock-fallback:2: Cannot connect to the OpenSearch server...
unit-opensearch-0: 02:40:59 ERROR unit.opensearch/0.juju-log node-lock-fallback:2: [Errno 111] Connection refused
unit-opensearch-2: 02:40:59 ERROR unit.opensearch/2.juju-log upgrade-version-a:3: [Errno 111] Connection refused
unit-opensearch-2: 02:40:59 ERROR unit.opensearch/2.juju-log upgrade-version-a:3: Cannot connect to the OpenSearch server...
unit-opensearch-2: 02:40:59 ERROR unit.opensearch/2.juju-log upgrade-version-a:3: [Errno 111] Connection refused
unit-opensearch-2: 02:40:59 ERROR unit.opensearch/2.juju-log upgrade-version-a:3: [Errno 111] Connection refused
unit-opensearch-2: 02:40:59 ERROR unit.opensearch/2.juju-log upgrade-version-a:3: [Errno 111] Connection refused
unit-opensearch-0: 02:40:59 ERROR unit.opensearch/0.juju-log node-lock-fallback:2: [Errno 111] Connection refused
unit-opensearch-2: 02:40:59 ERROR unit.opensearch/2.juju-log upgrade-version-a:3: [Errno 111] Connection refused
unit-opensearch-0: 02:41:00 ERROR unit.opensearch/0.juju-log node-lock-fallback:2: [Errno 111] Connection refused
unit-opensearch-2: 02:41:00 ERROR unit.opensearch/2.juju-log upgrade-version-a:3: [Errno 111] Connection refused
unit-opensearch-0: 02:41:00 ERROR unit.opensearch/0.juju-log node-lock-fallback:2: [Errno 111] Connection refused
unit-opensearch-2: 02:41:00 ERROR unit.opensearch/2.juju-log upgrade-version-a:3: [Errno 111] Connection refused
unit-opensearch-0: 02:41:00 ERROR unit.opensearch/0.juju-log node-lock-fallback:2: [Errno 111] Connection refused
unit-opensearch-2: 02:41:00 ERROR unit.opensearch/2.juju-log upgrade-version-a:3: [Errno 111] Connection refused
unit-opensearch-2: 02:41:00 ERROR unit.opensearch/2.juju-log upgrade-version-a:3: [Errno 111] Connection refused
unit-opensearch-0: 02:41:00 ERROR unit.opensearch/0.juju-log node-lock-fallback:2: [Errno 111] Connection refused
unit-opensearch-0: 02:41:01 ERROR unit.opensearch/0.juju-log node-lock-fallback:2: [Errno 111] Connection refused
unit-opensearch-0: 02:41:01 ERROR unit.opensearch/0.juju-log node-lock-fallback:2: Cannot connect to the OpenSearch server...
unit-opensearch-0: 02:41:01 ERROR unit.opensearch/0.juju-log node-lock-fallback:2: [Errno 111] Connection refused
unit-opensearch-2: 02:41:01 ERROR unit.opensearch/2.juju-log upgrade-version-a:3: [Errno 111] Connection refused
unit-opensearch-2: 02:41:01 ERROR unit.opensearch/2.juju-log upgrade-version-a:3: Cannot connect to the OpenSearch server...
unit-opensearch-2: 02:41:01 ERROR unit.opensearch/2.juju-log upgrade-version-a:3: [Errno 111] Connection refused
unit-opensearch-2: 02:41:01 ERROR unit.opensearch/2.juju-log upgrade-version-a:3: [Errno 111] Connection refused
unit-opensearch-2: 02:41:01 ERROR unit.opensearch/2.juju-log upgrade-version-a:3: [Errno 111] Connection refused
unit-opensearch-2: 02:41:01 ERROR unit.opensearch/2.juju-log upgrade-version-a:3: [Errno 111] Connection refused
unit-opensearch-2: 02:41:01 ERROR unit.opensearch/2.juju-log upgrade-version-a:3: [Errno 111] Connection refused
unit-opensearch-2: 02:41:02 ERROR unit.opensearch/2.juju-log upgrade-version-a:3: [Errno 111] Connection refused
unit-opensearch-2: 02:41:02 ERROR unit.opensearch/2.juju-log upgrade-version-a:3: [Errno 111] Connection refused
unit-opensearch-2: 02:41:03 ERROR unit.opensearch/2.juju-log upgrade-version-a:3: [Errno 111] Connection refused
unit-opensearch-2: 02:41:04 ERROR unit.opensearch/2.juju-log upgrade-version-a:3: [Errno 111] Connection refused
unit-opensearch-0: 02:41:04 ERROR unit.opensearch/0.juju-log node-lock-fallback:2: [Errno 111] Connection refused
unit-opensearch-0: 02:41:08 ERROR unit.opensearch/0.juju-log node-lock-fallback:2: [Errno 111] Connection refused
unit-opensearch-2: 02:41:09 ERROR unit.opensearch/2.juju-log upgrade-version-a:3: [Errno 111] Connection refused
unit-opensearch-2: 02:41:10 ERROR unit.opensearch/2.juju-log upgrade-version-a:3: [Errno 111] Connection refused
unit-opensearch-2: 02:41:10 ERROR unit.opensearch/2.juju-log upgrade-version-a:3: [Errno 111] Connection refused
unit-opensearch-0: 02:41:11 ERROR unit.opensearch/0.juju-log node-lock-fallback:2: [Errno 111] Connection refused
unit-opensearch-2: 02:41:14 ERROR unit.opensearch/2.juju-log upgrade-version-a:3: [Errno 111] Connection refused
unit-opensearch-0: 02:41:14 ERROR unit.opensearch/0.juju-log node-lock-fallback:2: [Errno 111] Connection refused
unit-opensearch-2: 02:41:17 ERROR unit.opensearch/2.juju-log upgrade-version-a:3: [Errno 111] Connection refused
unit-opensearch-2: 02:41:17 ERROR unit.opensearch/2.juju-log upgrade-version-a:3: Cannot connect to the OpenSearch server...
unit-opensearch-0: 02:41:17 ERROR unit.opensearch/0.juju-log node-lock-fallback:2: [Errno 111] Connection refused
unit-opensearch-2: 02:41:19 ERROR unit.opensearch/2.juju-log upgrade-version-a:3: [Errno 111] Connection refused
unit-opensearch-0: 02:41:20 ERROR unit.opensearch/0.juju-log node-lock-fallback:2: [Errno 111] Connection refused
unit-opensearch-2: 02:41:23 ERROR unit.opensearch/2.juju-log upgrade-version-a:3: [Errno 111] Connection refused
unit-opensearch-0: 02:41:23 ERROR unit.opensearch/0.juju-log node-lock-fallback:2: [Errno 111] Connection refused
unit-opensearch-2: 02:41:26 ERROR unit.opensearch/2.juju-log upgrade-version-a:3: [Errno 111] Connection refused
unit-opensearch-0: 02:41:27 ERROR unit.opensearch/0.juju-log node-lock-fallback:2: [Errno 111] Connection refused
unit-opensearch-2: 02:41:29 ERROR unit.opensearch/2.juju-log upgrade-version-a:3: [Errno 111] Connection refused
unit-opensearch-0: 02:41:30 ERROR unit.opensearch/0.juju-log node-lock-fallback:2: [Errno 111] Connection refused
unit-opensearch-2: 02:41:32 ERROR unit.opensearch/2.juju-log upgrade-version-a:3: [Errno 111] Connection refused
unit-opensearch-0: 02:41:33 ERROR unit.opensearch/0.juju-log node-lock-fallback:2: [Errno 111] Connection refused
unit-opensearch-2: 02:41:36 ERROR unit.opensearch/2.juju-log upgrade-version-a:3: [Errno 111] Connection refused
unit-opensearch-0: 02:41:36 ERROR unit.opensearch/0.juju-log node-lock-fallback:2: [Errno 111] Connection refused
unit-opensearch-2: 02:41:39 ERROR unit.opensearch/2.juju-log upgrade-version-a:3: [Errno 111] Connection refused
unit-opensearch-0: 02:41:40 ERROR unit.opensearch/0.juju-log node-lock-fallback:2: [Errno 111] Connection refused
unit-opensearch-2: 02:41:42 ERROR unit.opensearch/2.juju-log upgrade-version-a:3: [Errno 111] Connection refused
unit-opensearch-0: 02:41:43 ERROR unit.opensearch/0.juju-log node-lock-fallback:2: [Errno 111] Connection refused
unit-opensearch-2: 02:41:45 ERROR unit.opensearch/2.juju-log upgrade-version-a:3: [Errno 111] Connection refused
unit-opensearch-0: 02:41:46 ERROR unit.opensearch/0.juju-log node-lock-fallback:2: [Errno 111] Connection refused
unit-opensearch-2: 02:41:48 ERROR unit.opensearch/2.juju-log upgrade-version-a:3: [Errno 111] Connection refused
unit-opensearch-0: 02:41:49 ERROR unit.opensearch/0.juju-log node-lock-fallback:2: [Errno 111] Connection refused
unit-opensearch-2: 02:41:51 ERROR unit.opensearch/2.juju-log upgrade-version-a:3: [Errno 111] Connection refused
unit-opensearch-0: 02:41:52 ERROR unit.opensearch/0.juju-log node-lock-fallback:2: [Errno 111] Connection refused
unit-opensearch-2: 02:41:54 ERROR unit.opensearch/2.juju-log upgrade-version-a:3: [Errno 111] Connection refused
unit-opensearch-0: 02:41:55 ERROR unit.opensearch/0.juju-log node-lock-fallback:2: [Errno 111] Connection refused
unit-opensearch-2: 02:41:57 ERROR unit.opensearch/2.juju-log upgrade-version-a:3: [Errno 111] Connection refused
unit-opensearch-0: 02:41:58 ERROR unit.opensearch/0.juju-log node-lock-fallback:2: [Errno 111] Connection refused
unit-opensearch-2: 02:42:00 ERROR unit.opensearch/2.juju-log upgrade-version-a:3: [Errno 111] Connection refused
unit-opensearch-2: 02:42:03 ERROR unit.opensearch/2.juju-log upgrade-version-a:3: [Errno 111] Connection refused
unit-opensearch-2: 02:42:06 ERROR unit.opensearch/2.juju-log upgrade-version-a:3: [Errno 111] Connection refused
unit-opensearch-0: 02:51:19 ERROR unit.opensearch/0.juju-log Uncaught exception while in charm code:
Traceback (most recent call last):
  File "/var/lib/juju/agents/unit-opensearch-0/charm/./src/charm.py", line 213, in <module>
    main(OpenSearchOperatorCharm)
  File "/var/lib/juju/agents/unit-opensearch-0/charm/venv/ops/main.py", line 551, in main
    manager.run()
  File "/var/lib/juju/agents/unit-opensearch-0/charm/venv/ops/main.py", line 530, in run
    self._emit()
  File "/var/lib/juju/agents/unit-opensearch-0/charm/venv/ops/main.py", line 519, in _emit
    _emit_charm_event(self.charm, self.dispatcher.event_name)
  File "/var/lib/juju/agents/unit-opensearch-0/charm/venv/ops/main.py", line 147, in _emit_charm_event
    event_to_emit.emit(*args, **kwargs)
  File "/var/lib/juju/agents/unit-opensearch-0/charm/venv/ops/framework.py", line 348, in emit
    framework._emit(event)
  File "/var/lib/juju/agents/unit-opensearch-0/charm/venv/ops/framework.py", line 860, in _emit
    self._reemit(event_path)
  File "/var/lib/juju/agents/unit-opensearch-0/charm/venv/ops/framework.py", line 950, in _reemit
    custom_handler(event)
  File "/var/lib/juju/agents/unit-opensearch-0/charm/lib/charms/opensearch/v0/opensearch_base_charm.py", line 477, in _on_opensearch_data_storage_detaching
    raise Exception("Unable to acquire lock: Another unit is starting or stopping.")
Exception: Unable to acquire lock: Another unit is starting or stopping.
unit-opensearch-2: 02:51:19 ERROR unit.opensearch/2.juju-log Uncaught exception while in charm code:
Traceback (most recent call last):
  File "/var/lib/juju/agents/unit-opensearch-2/charm/./src/charm.py", line 213, in <module>
    main(OpenSearchOperatorCharm)
  File "/var/lib/juju/agents/unit-opensearch-2/charm/venv/ops/main.py", line 551, in main
    manager.run()
  File "/var/lib/juju/agents/unit-opensearch-2/charm/venv/ops/main.py", line 530, in run
    self._emit()
  File "/var/lib/juju/agents/unit-opensearch-2/charm/venv/ops/main.py", line 519, in _emit
    _emit_charm_event(self.charm, self.dispatcher.event_name)
  File "/var/lib/juju/agents/unit-opensearch-2/charm/venv/ops/main.py", line 147, in _emit_charm_event
    event_to_emit.emit(*args, **kwargs)
  File "/var/lib/juju/agents/unit-opensearch-2/charm/venv/ops/framework.py", line 348, in emit
    framework._emit(event)
  File "/var/lib/juju/agents/unit-opensearch-2/charm/venv/ops/framework.py", line 860, in _emit
    self._reemit(event_path)
  File "/var/lib/juju/agents/unit-opensearch-2/charm/venv/ops/framework.py", line 950, in _reemit
    custom_handler(event)
  File "/var/lib/juju/agents/unit-opensearch-2/charm/lib/charms/opensearch/v0/opensearch_base_charm.py", line 477, in _on_opensearch_data_storage_detaching
    raise Exception("Unable to acquire lock: Another unit is starting or stopping.")
Exception: Unable to acquire lock: Another unit is starting or stopping.
unit-opensearch-0: 02:51:19 ERROR juju.worker.uniter.operation hook "opensearch-data-storage-detaching" (via hook dispatching script: dispatch) failed: exit status 1
unit-opensearch-2: 02:51:19 ERROR juju.worker.uniter.operation hook "opensearch-data-storage-detaching" (via hook dispatching script: dispatch) failed: exit status 1
unit-opensearch-1: 02:51:22 ERROR unit.opensearch/1.juju-log [Errno 111] Connection refused
unit-opensearch-1: 02:51:22 ERROR unit.opensearch/1.juju-log Cannot connect to the OpenSearch server...
unit-opensearch-1: 02:51:22 ERROR unit.opensearch/1.juju-log [Errno 111] Connection refused
unit-opensearch-1: 02:51:23 ERROR unit.opensearch/1.juju-log [Errno 111] Connection refused
unit-opensearch-1: 02:51:23 ERROR unit.opensearch/1.juju-log [Errno 111] Connection refused
unit-opensearch-1: 02:51:23 ERROR unit.opensearch/1.juju-log [Errno 111] Connection refused
unit-opensearch-1: 02:51:23 ERROR unit.opensearch/1.juju-log [Errno 111] Connection refused
unit-opensearch-1: 02:51:24 ERROR unit.opensearch/1.juju-log [Errno 111] Connection refused
unit-opensearch-0: 02:51:25 ERROR unit.opensearch/0.juju-log [Errno 111] Connection refused
unit-opensearch-0: 02:51:25 ERROR unit.opensearch/0.juju-log [Errno 111] Connection refused
unit-opensearch-2: 02:51:25 ERROR unit.opensearch/2.juju-log [Errno 111] Connection refused
unit-opensearch-2: 02:51:26 ERROR unit.opensearch/2.juju-log [Errno 111] Connection refused
unit-opensearch-0: 02:51:26 ERROR unit.opensearch/0.juju-log [Errno 111] Connection refused
unit-opensearch-2: 02:51:26 ERROR unit.opensearch/2.juju-log [Errno 111] Connection refused
unit-opensearch-1: 02:51:27 ERROR unit.opensearch/1.juju-log opensearch-peers:1: [Errno 111] Connection refused
unit-opensearch-0: 02:51:31 ERROR unit.opensearch/0.juju-log Error creating OpenSearch lock document
Traceback (most recent call last):
  File "/var/lib/juju/agents/unit-opensearch-0/charm/venv/urllib3/connectionpool.py", line 536, in _make_request
    response = conn.getresponse()
  File "/var/lib/juju/agents/unit-opensearch-0/charm/venv/urllib3/connection.py", line 464, in getresponse
    httplib_response = super().getresponse()
  File "/usr/lib/python3.10/http/client.py", line 1375, in getresponse
    response.begin()
  File "/usr/lib/python3.10/http/client.py", line 318, in begin
    version, status, reason = self._read_status()
  File "/usr/lib/python3.10/http/client.py", line 279, in _read_status
    line = str(self.fp.readline(_MAXLINE + 1), "iso-8859-1")
  File "/usr/lib/python3.10/socket.py", line 705, in readinto
    return self._sock.recv_into(b)
  File "/usr/lib/python3.10/ssl.py", line 1303, in recv_into
    return self.read(nbytes, buffer)
  File "/usr/lib/python3.10/ssl.py", line 1159, in read
    return self._sslobj.read(len, buffer)
TimeoutError: The read operation timed out

The above exception was the direct cause of the following exception:

Traceback (most recent call last):
  File "/var/lib/juju/agents/unit-opensearch-0/charm/venv/requests/adapters.py", line 667, in send
    resp = conn.urlopen(
  File "/var/lib/juju/agents/unit-opensearch-0/charm/venv/urllib3/connectionpool.py", line 843, in urlopen
    retries = retries.increment(
  File "/var/lib/juju/agents/unit-opensearch-0/charm/venv/urllib3/util/retry.py", line 474, in increment
    raise reraise(type(error), error, _stacktrace)
  File "/var/lib/juju/agents/unit-opensearch-0/charm/venv/urllib3/util/util.py", line 39, in reraise
    raise value
  File "/var/lib/juju/agents/unit-opensearch-0/charm/venv/urllib3/connectionpool.py", line 789, in urlopen
    response = self._make_request(
  File "/var/lib/juju/agents/unit-opensearch-0/charm/venv/urllib3/connectionpool.py", line 538, in _make_request
    self._raise_timeout(err=e, url=url, timeout_value=read_timeout)
  File "/var/lib/juju/agents/unit-opensearch-0/charm/venv/urllib3/connectionpool.py", line 369, in _raise_timeout
    raise ReadTimeoutError(
urllib3.exceptions.ReadTimeoutError: HTTPSConnectionPool(host='10.215.67.98', port=9200): Read timed out. (read timeout=5)

During handling of the above exception, another exception occurred:

Traceback (most recent call last):
  File "/var/lib/juju/agents/unit-opensearch-0/charm/lib/charms/opensearch/v0/opensearch_distro.py", line 295, in request
    resp = call(urls[0])
  File "/var/lib/juju/agents/unit-opensearch-0/charm/lib/charms/opensearch/v0/opensearch_distro.py", line 234, in call
    for attempt in Retrying(
  File "/var/lib/juju/agents/unit-opensearch-0/charm/venv/tenacity/__init__.py", line 443, in __iter__
    do = self.iter(retry_state=retry_state)
  File "/var/lib/juju/agents/unit-opensearch-0/charm/venv/tenacity/__init__.py", line 376, in iter
    result = action(retry_state)
  File "/var/lib/juju/agents/unit-opensearch-0/charm/venv/tenacity/__init__.py", line 418, in exc_check
    raise retry_exc.reraise()
  File "/var/lib/juju/agents/unit-opensearch-0/charm/venv/tenacity/__init__.py", line 185, in reraise
    raise self.last_attempt.result()
  File "/usr/lib/python3.10/concurrent/futures/_base.py", line 451, in result
    return self.__get_result()
  File "/usr/lib/python3.10/concurrent/futures/_base.py", line 403, in __get_result
    raise self._exception
  File "/var/lib/juju/agents/unit-opensearch-0/charm/lib/charms/opensearch/v0/opensearch_distro.py", line 264, in call
    response = s.request(**request_kwargs)
  File "/var/lib/juju/agents/unit-opensearch-0/charm/venv/requests/sessions.py", line 589, in request
    resp = self.send(prep, **send_kwargs)
  File "/var/lib/juju/agents/unit-opensearch-0/charm/venv/requests/sessions.py", line 703, in send
    r = adapter.send(request, **kwargs)
  File "/var/lib/juju/agents/unit-opensearch-0/charm/venv/requests/adapters.py", line 713, in send
    raise ReadTimeout(e, request=request)
requests.exceptions.ReadTimeout: HTTPSConnectionPool(host='10.215.67.98', port=9200): Read timed out. (read timeout=5)

During handling of the above exception, another exception occurred:

Traceback (most recent call last):
  File "/var/lib/juju/agents/unit-opensearch-0/charm/lib/charms/opensearch/v0/opensearch_locking.py", line 287, in acquired
    response = self._opensearch.request(
  File "/var/lib/juju/agents/unit-opensearch-0/charm/lib/charms/opensearch/v0/opensearch_distro.py", line 306, in request
    raise OpenSearchHttpError(response_text=str(e))
charms.opensearch.v0.opensearch_exceptions.OpenSearchHttpError: HTTP error self.response_code=None
self.response_text="HTTPSConnectionPool(host='10.215.67.98', port=9200): Read timed out. (read timeout=5)"
unit-opensearch-0: 02:51:31 ERROR unit.opensearch/0.juju-log Uncaught exception while in charm code:
Traceback (most recent call last):
  File "/var/lib/juju/agents/unit-opensearch-0/charm/./src/charm.py", line 213, in <module>
    main(OpenSearchOperatorCharm)
  File "/var/lib/juju/agents/unit-opensearch-0/charm/venv/ops/main.py", line 551, in main
    manager.run()
  File "/var/lib/juju/agents/unit-opensearch-0/charm/venv/ops/main.py", line 530, in run
    self._emit()
  File "/var/lib/juju/agents/unit-opensearch-0/charm/venv/ops/main.py", line 519, in _emit
    _emit_charm_event(self.charm, self.dispatcher.event_name)
  File "/var/lib/juju/agents/unit-opensearch-0/charm/venv/ops/main.py", line 147, in _emit_charm_event
    event_to_emit.emit(*args, **kwargs)
  File "/var/lib/juju/agents/unit-opensearch-0/charm/venv/ops/framework.py", line 348, in emit
    framework._emit(event)
  File "/var/lib/juju/agents/unit-opensearch-0/charm/venv/ops/framework.py", line 860, in _emit
    self._reemit(event_path)
  File "/var/lib/juju/agents/unit-opensearch-0/charm/venv/ops/framework.py", line 950, in _reemit
    custom_handler(event)
  File "/var/lib/juju/agents/unit-opensearch-0/charm/lib/charms/opensearch/v0/opensearch_base_charm.py", line 477, in _on_opensearch_data_storage_detaching
    raise Exception("Unable to acquire lock: Another unit is starting or stopping.")
Exception: Unable to acquire lock: Another unit is starting or stopping.
unit-opensearch-2: 02:51:31 ERROR unit.opensearch/2.juju-log Error creating OpenSearch lock document
Traceback (most recent call last):
  File "/var/lib/juju/agents/unit-opensearch-2/charm/venv/urllib3/connectionpool.py", line 536, in _make_request
    response = conn.getresponse()
  File "/var/lib/juju/agents/unit-opensearch-2/charm/venv/urllib3/connection.py", line 464, in getresponse
    httplib_response = super().getresponse()
  File "/usr/lib/python3.10/http/client.py", line 1375, in getresponse
    response.begin()
  File "/usr/lib/python3.10/http/client.py", line 318, in begin
    version, status, reason = self._read_status()
  File "/usr/lib/python3.10/http/client.py", line 279, in _read_status
    line = str(self.fp.readline(_MAXLINE + 1), "iso-8859-1")
  File "/usr/lib/python3.10/socket.py", line 705, in readinto
    return self._sock.recv_into(b)
  File "/usr/lib/python3.10/ssl.py", line 1303, in recv_into
    return self.read(nbytes, buffer)
  File "/usr/lib/python3.10/ssl.py", line 1159, in read
    return self._sslobj.read(len, buffer)
TimeoutError: The read operation timed out

The above exception was the direct cause of the following exception:

Traceback (most recent call last):
  File "/var/lib/juju/agents/unit-opensearch-2/charm/venv/requests/adapters.py", line 667, in send
    resp = conn.urlopen(
  File "/var/lib/juju/agents/unit-opensearch-2/charm/venv/urllib3/connectionpool.py", line 843, in urlopen
    retries = retries.increment(
  File "/var/lib/juju/agents/unit-opensearch-2/charm/venv/urllib3/util/retry.py", line 474, in increment
    raise reraise(type(error), error, _stacktrace)
  File "/var/lib/juju/agents/unit-opensearch-2/charm/venv/urllib3/util/util.py", line 39, in reraise
    raise value
  File "/var/lib/juju/agents/unit-opensearch-2/charm/venv/urllib3/connectionpool.py", line 789, in urlopen
    response = self._make_request(
  File "/var/lib/juju/agents/unit-opensearch-2/charm/venv/urllib3/connectionpool.py", line 538, in _make_request
    self._raise_timeout(err=e, url=url, timeout_value=read_timeout)
  File "/var/lib/juju/agents/unit-opensearch-2/charm/venv/urllib3/connectionpool.py", line 369, in _raise_timeout
    raise ReadTimeoutError(
urllib3.exceptions.ReadTimeoutError: HTTPSConnectionPool(host='10.215.67.71', port=9200): Read timed out. (read timeout=5)

During handling of the above exception, another exception occurred:

Traceback (most recent call last):
  File "/var/lib/juju/agents/unit-opensearch-2/charm/lib/charms/opensearch/v0/opensearch_distro.py", line 295, in request
    resp = call(urls[0])
  File "/var/lib/juju/agents/unit-opensearch-2/charm/lib/charms/opensearch/v0/opensearch_distro.py", line 234, in call
    for attempt in Retrying(
  File "/var/lib/juju/agents/unit-opensearch-2/charm/venv/tenacity/__init__.py", line 443, in __iter__
    do = self.iter(retry_state=retry_state)
  File "/var/lib/juju/agents/unit-opensearch-2/charm/venv/tenacity/__init__.py", line 376, in iter
    result = action(retry_state)
  File "/var/lib/juju/agents/unit-opensearch-2/charm/venv/tenacity/__init__.py", line 418, in exc_check
    raise retry_exc.reraise()
  File "/var/lib/juju/agents/unit-opensearch-2/charm/venv/tenacity/__init__.py", line 185, in reraise
    raise self.last_attempt.result()
  File "/usr/lib/python3.10/concurrent/futures/_base.py", line 451, in result
    return self.__get_result()
  File "/usr/lib/python3.10/concurrent/futures/_base.py", line 403, in __get_result
    raise self._exception
  File "/var/lib/juju/agents/unit-opensearch-2/charm/lib/charms/opensearch/v0/opensearch_distro.py", line 264, in call
    response = s.request(**request_kwargs)
  File "/var/lib/juju/agents/unit-opensearch-2/charm/venv/requests/sessions.py", line 589, in request
    resp = self.send(prep, **send_kwargs)
  File "/var/lib/juju/agents/unit-opensearch-2/charm/venv/requests/sessions.py", line 703, in send
    r = adapter.send(request, **kwargs)
  File "/var/lib/juju/agents/unit-opensearch-2/charm/venv/requests/adapters.py", line 713, in send
    raise ReadTimeout(e, request=request)
requests.exceptions.ReadTimeout: HTTPSConnectionPool(host='10.215.67.71', port=9200): Read timed out. (read timeout=5)

During handling of the above exception, another exception occurred:

Traceback (most recent call last):
  File "/var/lib/juju/agents/unit-opensearch-2/charm/lib/charms/opensearch/v0/opensearch_locking.py", line 287, in acquired
    response = self._opensearch.request(
  File "/var/lib/juju/agents/unit-opensearch-2/charm/lib/charms/opensearch/v0/opensearch_distro.py", line 306, in request
    raise OpenSearchHttpError(response_text=str(e))
charms.opensearch.v0.opensearch_exceptions.OpenSearchHttpError: HTTP error self.response_code=None
self.response_text="HTTPSConnectionPool(host='10.215.67.71', port=9200): Read timed out. (read timeout=5)"
unit-opensearch-2: 02:51:31 ERROR unit.opensearch/2.juju-log Uncaught exception while in charm code:
Traceback (most recent call last):
  File "/var/lib/juju/agents/unit-opensearch-2/charm/./src/charm.py", line 213, in <module>
    main(OpenSearchOperatorCharm)
  File "/var/lib/juju/agents/unit-opensearch-2/charm/venv/ops/main.py", line 551, in main
    manager.run()
  File "/var/lib/juju/agents/unit-opensearch-2/charm/venv/ops/main.py", line 530, in run
    self._emit()
  File "/var/lib/juju/agents/unit-opensearch-2/charm/venv/ops/main.py", line 519, in _emit
    _emit_charm_event(self.charm, self.dispatcher.event_name)
  File "/var/lib/juju/agents/unit-opensearch-2/charm/venv/ops/main.py", line 147, in _emit_charm_event
    event_to_emit.emit(*args, **kwargs)
  File "/var/lib/juju/agents/unit-opensearch-2/charm/venv/ops/framework.py", line 348, in emit
    framework._emit(event)
  File "/var/lib/juju/agents/unit-opensearch-2/charm/venv/ops/framework.py", line 860, in _emit
    self._reemit(event_path)
  File "/var/lib/juju/agents/unit-opensearch-2/charm/venv/ops/framework.py", line 950, in _reemit
    custom_handler(event)
  File "/var/lib/juju/agents/unit-opensearch-2/charm/lib/charms/opensearch/v0/opensearch_base_charm.py", line 477, in _on_opensearch_data_storage_detaching
    raise Exception("Unable to acquire lock: Another unit is starting or stopping.")
Exception: Unable to acquire lock: Another unit is starting or stopping.
unit-opensearch-0: 02:51:31 ERROR juju.worker.uniter.operation hook "opensearch-data-storage-detaching" (via hook dispatching script: dispatch) failed: exit status 1
unit-opensearch-2: 02:51:31 ERROR juju.worker.uniter.operation hook "opensearch-data-storage-detaching" (via hook dispatching script: dispatch) failed: exit status 1
unit-opensearch-1: 02:51:32 ERROR unit.opensearch/1.juju-log opensearch-peers:1: [Errno 111] Connection refused
unit-opensearch-1: 02:51:33 ERROR unit.opensearch/1.juju-log s3-credentials:6: [Errno 111] Connection refused
unit-opensearch-1: 02:51:33 ERROR unit.opensearch/1.juju-log s3-credentials:6: [Errno 111] Connection refused
unit-opensearch-1: 02:51:33 ERROR unit.opensearch/1.juju-log s3-credentials:6: failed to get root endpoint, implying that this node is offline. Retry once node is online.
unit-opensearch-1: 02:51:34 ERROR unit.opensearch/1.juju-log [Errno 111] Connection refused
unit-opensearch-1: 02:51:34 ERROR unit.opensearch/1.juju-log [Errno 111] Connection refused
unit-opensearch-1: 02:51:34 ERROR unit.opensearch/1.juju-log failed to get root endpoint, implying that this node is offline. Retry once node is online.
unit-opensearch-1: 02:51:35 ERROR unit.opensearch/1.juju-log [Errno 111] Connection refused
unit-opensearch-1: 02:51:35 ERROR unit.opensearch/1.juju-log [Errno 111] Connection refused
unit-opensearch-1: 02:51:35 ERROR unit.opensearch/1.juju-log failed to get root endpoint, implying that this node is offline. Retry once node is online.
unit-opensearch-0: 02:51:47 ERROR unit.opensearch/0.juju-log timed out
unit-opensearch-2: 02:51:48 ERROR unit.opensearch/2.juju-log timed out
unit-opensearch-0: 02:51:52 ERROR unit.opensearch/0.juju-log timed out
unit-opensearch-2: 02:51:53 ERROR unit.opensearch/2.juju-log timed out
unit-opensearch-0: 02:51:57 ERROR unit.opensearch/0.juju-log timed out
unit-opensearch-2: 02:51:58 ERROR unit.opensearch/2.juju-log timed out
unit-opensearch-0: 02:52:02 ERROR unit.opensearch/0.juju-log Error creating OpenSearch lock document
Traceback (most recent call last):
  File "/var/lib/juju/agents/unit-opensearch-0/charm/venv/urllib3/connectionpool.py", line 536, in _make_request
    response = conn.getresponse()
  File "/var/lib/juju/agents/unit-opensearch-0/charm/venv/urllib3/connection.py", line 464, in getresponse
    httplib_response = super().getresponse()
  File "/usr/lib/python3.10/http/client.py", line 1375, in getresponse
    response.begin()
  File "/usr/lib/python3.10/http/client.py", line 318, in begin
    version, status, reason = self._read_status()
  File "/usr/lib/python3.10/http/client.py", line 279, in _read_status
    line = str(self.fp.readline(_MAXLINE + 1), "iso-8859-1")
  File "/usr/lib/python3.10/socket.py", line 705, in readinto
    return self._sock.recv_into(b)
  File "/usr/lib/python3.10/ssl.py", line 1303, in recv_into
    return self.read(nbytes, buffer)
  File "/usr/lib/python3.10/ssl.py", line 1159, in read
    return self._sslobj.read(len, buffer)
TimeoutError: The read operation timed out

The above exception was the direct cause of the following exception:

Traceback (most recent call last):
  File "/var/lib/juju/agents/unit-opensearch-0/charm/venv/requests/adapters.py", line 667, in send
    resp = conn.urlopen(
  File "/var/lib/juju/agents/unit-opensearch-0/charm/venv/urllib3/connectionpool.py", line 843, in urlopen
    retries = retries.increment(
  File "/var/lib/juju/agents/unit-opensearch-0/charm/venv/urllib3/util/retry.py", line 474, in increment
    raise reraise(type(error), error, _stacktrace)
  File "/var/lib/juju/agents/unit-opensearch-0/charm/venv/urllib3/util/util.py", line 39, in reraise
    raise value
  File "/var/lib/juju/agents/unit-opensearch-0/charm/venv/urllib3/connectionpool.py", line 789, in urlopen
    response = self._make_request(
  File "/var/lib/juju/agents/unit-opensearch-0/charm/venv/urllib3/connectionpool.py", line 538, in _make_request
    self._raise_timeout(err=e, url=url, timeout_value=read_timeout)
  File "/var/lib/juju/agents/unit-opensearch-0/charm/venv/urllib3/connectionpool.py", line 369, in _raise_timeout
    raise ReadTimeoutError(
urllib3.exceptions.ReadTimeoutError: HTTPSConnectionPool(host='10.215.67.98', port=9200): Read timed out. (read timeout=5)

During handling of the above exception, another exception occurred:

Traceback (most recent call last):
  File "/var/lib/juju/agents/unit-opensearch-0/charm/lib/charms/opensearch/v0/opensearch_distro.py", line 295, in request
    resp = call(urls[0])
  File "/var/lib/juju/agents/unit-opensearch-0/charm/lib/charms/opensearch/v0/opensearch_distro.py", line 234, in call
    for attempt in Retrying(
  File "/var/lib/juju/agents/unit-opensearch-0/charm/venv/tenacity/__init__.py", line 443, in __iter__
    do = self.iter(retry_state=retry_state)
  File "/var/lib/juju/agents/unit-opensearch-0/charm/venv/tenacity/__init__.py", line 376, in iter
    result = action(retry_state)
  File "/var/lib/juju/agents/unit-opensearch-0/charm/venv/tenacity/__init__.py", line 418, in exc_check
    raise retry_exc.reraise()
  File "/var/lib/juju/agents/unit-opensearch-0/charm/venv/tenacity/__init__.py", line 185, in reraise
    raise self.last_attempt.result()
  File "/usr/lib/python3.10/concurrent/futures/_base.py", line 451, in result
    return self.__get_result()
  File "/usr/lib/python3.10/concurrent/futures/_base.py", line 403, in __get_result
    raise self._exception
  File "/var/lib/juju/agents/unit-opensearch-0/charm/lib/charms/opensearch/v0/opensearch_distro.py", line 264, in call
    response = s.request(**request_kwargs)
  File "/var/lib/juju/agents/unit-opensearch-0/charm/venv/requests/sessions.py", line 589, in request
    resp = self.send(prep, **send_kwargs)
  File "/var/lib/juju/agents/unit-opensearch-0/charm/venv/requests/sessions.py", line 703, in send
    r = adapter.send(request, **kwargs)
  File "/var/lib/juju/agents/unit-opensearch-0/charm/venv/requests/adapters.py", line 713, in send
    raise ReadTimeout(e, request=request)
requests.exceptions.ReadTimeout: HTTPSConnectionPool(host='10.215.67.98', port=9200): Read timed out. (read timeout=5)

During handling of the above exception, another exception occurred:

Traceback (most recent call last):
  File "/var/lib/juju/agents/unit-opensearch-0/charm/lib/charms/opensearch/v0/opensearch_locking.py", line 287, in acquired
    response = self._opensearch.request(
  File "/var/lib/juju/agents/unit-opensearch-0/charm/lib/charms/opensearch/v0/opensearch_distro.py", line 306, in request
    raise OpenSearchHttpError(response_text=str(e))
charms.opensearch.v0.opensearch_exceptions.OpenSearchHttpError: HTTP error self.response_code=None
self.response_text="HTTPSConnectionPool(host='10.215.67.98', port=9200): Read timed out. (read timeout=5)"
unit-opensearch-0: 02:52:03 ERROR unit.opensearch/0.juju-log Uncaught exception while in charm code:
Traceback (most recent call last):
  File "/var/lib/juju/agents/unit-opensearch-0/charm/./src/charm.py", line 213, in <module>
    main(OpenSearchOperatorCharm)
  File "/var/lib/juju/agents/unit-opensearch-0/charm/venv/ops/main.py", line 551, in main
    manager.run()
  File "/var/lib/juju/agents/unit-opensearch-0/charm/venv/ops/main.py", line 530, in run
    self._emit()
  File "/var/lib/juju/agents/unit-opensearch-0/charm/venv/ops/main.py", line 519, in _emit
    _emit_charm_event(self.charm, self.dispatcher.event_name)
  File "/var/lib/juju/agents/unit-opensearch-0/charm/venv/ops/main.py", line 147, in _emit_charm_event
    event_to_emit.emit(*args, **kwargs)
  File "/var/lib/juju/agents/unit-opensearch-0/charm/venv/ops/framework.py", line 348, in emit
    framework._emit(event)
  File "/var/lib/juju/agents/unit-opensearch-0/charm/venv/ops/framework.py", line 860, in _emit
    self._reemit(event_path)
  File "/var/lib/juju/agents/unit-opensearch-0/charm/venv/ops/framework.py", line 950, in _reemit
    custom_handler(event)
  File "/var/lib/juju/agents/unit-opensearch-0/charm/lib/charms/opensearch/v0/opensearch_base_charm.py", line 477, in _on_opensearch_data_storage_detaching
    raise Exception("Unable to acquire lock: Another unit is starting or stopping.")
Exception: Unable to acquire lock: Another unit is starting or stopping.
unit-opensearch-0: 02:52:03 ERROR juju.worker.uniter.operation hook "opensearch-data-storage-detaching" (via hook dispatching script: dispatch) failed: exit status 1
unit-opensearch-2: 02:52:03 ERROR unit.opensearch/2.juju-log Error creating OpenSearch lock document
Traceback (most recent call last):
  File "/var/lib/juju/agents/unit-opensearch-2/charm/venv/urllib3/connectionpool.py", line 536, in _make_request
    response = conn.getresponse()
  File "/var/lib/juju/agents/unit-opensearch-2/charm/venv/urllib3/connection.py", line 464, in getresponse
    httplib_response = super().getresponse()
  File "/usr/lib/python3.10/http/client.py", line 1375, in getresponse
    response.begin()
  File "/usr/lib/python3.10/http/client.py", line 318, in begin
    version, status, reason = self._read_status()
  File "/usr/lib/python3.10/http/client.py", line 279, in _read_status
    line = str(self.fp.readline(_MAXLINE + 1), "iso-8859-1")
  File "/usr/lib/python3.10/socket.py", line 705, in readinto
    return self._sock.recv_into(b)
  File "/usr/lib/python3.10/ssl.py", line 1303, in recv_into
    return self.read(nbytes, buffer)
  File "/usr/lib/python3.10/ssl.py", line 1159, in read
    return self._sslobj.read(len, buffer)
TimeoutError: The read operation timed out

The above exception was the direct cause of the following exception:

Traceback (most recent call last):
  File "/var/lib/juju/agents/unit-opensearch-2/charm/venv/requests/adapters.py", line 667, in send
    resp = conn.urlopen(
  File "/var/lib/juju/agents/unit-opensearch-2/charm/venv/urllib3/connectionpool.py", line 843, in urlopen
    retries = retries.increment(
  File "/var/lib/juju/agents/unit-opensearch-2/charm/venv/urllib3/util/retry.py", line 474, in increment
    raise reraise(type(error), error, _stacktrace)
  File "/var/lib/juju/agents/unit-opensearch-2/charm/venv/urllib3/util/util.py", line 39, in reraise
    raise value
  File "/var/lib/juju/agents/unit-opensearch-2/charm/venv/urllib3/connectionpool.py", line 789, in urlopen
    response = self._make_request(
  File "/var/lib/juju/agents/unit-opensearch-2/charm/venv/urllib3/connectionpool.py", line 538, in _make_request
    self._raise_timeout(err=e, url=url, timeout_value=read_timeout)
  File "/var/lib/juju/agents/unit-opensearch-2/charm/venv/urllib3/connectionpool.py", line 369, in _raise_timeout
    raise ReadTimeoutError(
urllib3.exceptions.ReadTimeoutError: HTTPSConnectionPool(host='10.215.67.71', port=9200): Read timed out. (read timeout=5)

During handling of the above exception, another exception occurred:

Traceback (most recent call last):
  File "/var/lib/juju/agents/unit-opensearch-2/charm/lib/charms/opensearch/v0/opensearch_distro.py", line 295, in request
    resp = call(urls[0])
  File "/var/lib/juju/agents/unit-opensearch-2/charm/lib/charms/opensearch/v0/opensearch_distro.py", line 234, in call
    for attempt in Retrying(
  File "/var/lib/juju/agents/unit-opensearch-2/charm/venv/tenacity/__init__.py", line 443, in __iter__
    do = self.iter(retry_state=retry_state)
  File "/var/lib/juju/agents/unit-opensearch-2/charm/venv/tenacity/__init__.py", line 376, in iter
    result = action(retry_state)
  File "/var/lib/juju/agents/unit-opensearch-2/charm/venv/tenacity/__init__.py", line 418, in exc_check
    raise retry_exc.reraise()
  File "/var/lib/juju/agents/unit-opensearch-2/charm/venv/tenacity/__init__.py", line 185, in reraise
    raise self.last_attempt.result()
  File "/usr/lib/python3.10/concurrent/futures/_base.py", line 451, in result
    return self.__get_result()
  File "/usr/lib/python3.10/concurrent/futures/_base.py", line 403, in __get_result
    raise self._exception
  File "/var/lib/juju/agents/unit-opensearch-2/charm/lib/charms/opensearch/v0/opensearch_distro.py", line 264, in call
    response = s.request(**request_kwargs)
  File "/var/lib/juju/agents/unit-opensearch-2/charm/venv/requests/sessions.py", line 589, in request
    resp = self.send(prep, **send_kwargs)
  File "/var/lib/juju/agents/unit-opensearch-2/charm/venv/requests/sessions.py", line 703, in send
    r = adapter.send(request, **kwargs)
  File "/var/lib/juju/agents/unit-opensearch-2/charm/venv/requests/adapters.py", line 713, in send
    raise ReadTimeout(e, request=request)
requests.exceptions.ReadTimeout: HTTPSConnectionPool(host='10.215.67.71', port=9200): Read timed out. (read timeout=5)

During handling of the above exception, another exception occurred:

Traceback (most recent call last):
  File "/var/lib/juju/agents/unit-opensearch-2/charm/lib/charms/opensearch/v0/opensearch_locking.py", line 287, in acquired
    response = self._opensearch.request(
  File "/var/lib/juju/agents/unit-opensearch-2/charm/lib/charms/opensearch/v0/opensearch_distro.py", line 306, in request
    raise OpenSearchHttpError(response_text=str(e))
charms.opensearch.v0.opensearch_exceptions.OpenSearchHttpError: HTTP error self.response_code=None
self.response_text="HTTPSConnectionPool(host='10.215.67.71', port=9200): Read timed out. (read timeout=5)"
unit-opensearch-2: 02:52:08 ERROR unit.opensearch/2.juju-log timed out
unit-opensearch-2: 02:52:14 ERROR unit.opensearch/2.juju-log timed out
unit-opensearch-2: 02:52:15 ERROR unit.opensearch/2.juju-log [Errno 113] No route to host
unit-opensearch-2: 02:52:18 ERROR unit.opensearch/2.juju-log [Errno 113] No route to host
unit-opensearch-2: 02:52:21 ERROR unit.opensearch/2.juju-log [Errno 113] No route to host
unit-opensearch-2: 02:52:24 ERROR unit.opensearch/2.juju-log [Errno 113] No route to host
unit-opensearch-2: 02:52:25 ERROR unit.opensearch/2.juju-log [Errno 111] Connection refused
unit-opensearch-2: 02:52:25 ERROR unit.opensearch/2.juju-log Cannot connect to the OpenSearch server...
unit-opensearch-2: 02:52:27 ERROR unit.opensearch/2.juju-log [Errno 113] No route to host
unit-opensearch-2: 02:52:27 ERROR unit.opensearch/2.juju-log [Errno 111] Connection refused
unit-opensearch-0: 02:52:28 ERROR unit.opensearch/0.juju-log timed out
unit-opensearch-0: 02:52:28 ERROR unit.opensearch/0.juju-log [Errno 111] Connection refused
unit-opensearch-0: 02:52:28 ERROR unit.opensearch/0.juju-log [Errno 111] Connection refused
unit-opensearch-2: 02:52:30 ERROR unit.opensearch/2.juju-log [Errno 113] No route to host
unit-opensearch-2: 02:52:30 ERROR unit.opensearch/2.juju-log [Errno 111] Connection refused
unit-opensearch-0: 02:52:33 ERROR unit.opensearch/0.juju-log timed out
unit-opensearch-0: 02:52:33 ERROR unit.opensearch/0.juju-log Uncaught exception while in charm code:
Traceback (most recent call last):
  File "/var/lib/juju/agents/unit-opensearch-0/charm/./src/charm.py", line 213, in <module>
    main(OpenSearchOperatorCharm)
  File "/var/lib/juju/agents/unit-opensearch-0/charm/venv/ops/main.py", line 551, in main
    manager.run()
  File "/var/lib/juju/agents/unit-opensearch-0/charm/venv/ops/main.py", line 530, in run
    self._emit()
  File "/var/lib/juju/agents/unit-opensearch-0/charm/venv/ops/main.py", line 519, in _emit
    _emit_charm_event(self.charm, self.dispatcher.event_name)
  File "/var/lib/juju/agents/unit-opensearch-0/charm/venv/ops/main.py", line 147, in _emit_charm_event
    event_to_emit.emit(*args, **kwargs)
  File "/var/lib/juju/agents/unit-opensearch-0/charm/venv/ops/framework.py", line 348, in emit
    framework._emit(event)
  File "/var/lib/juju/agents/unit-opensearch-0/charm/venv/ops/framework.py", line 860, in _emit
    self._reemit(event_path)
  File "/var/lib/juju/agents/unit-opensearch-0/charm/venv/ops/framework.py", line 950, in _reemit
    custom_handler(event)
  File "/var/lib/juju/agents/unit-opensearch-0/charm/lib/charms/opensearch/v0/opensearch_base_charm.py", line 477, in _on_opensearch_data_storage_detaching
    raise Exception("Unable to acquire lock: Another unit is starting or stopping.")
Exception: Unable to acquire lock: Another unit is starting or stopping.
unit-opensearch-2: 02:52:33 ERROR unit.opensearch/2.juju-log [Errno 113] No route to host
unit-opensearch-2: 02:52:33 ERROR unit.opensearch/2.juju-log [Errno 111] Connection refused
unit-opensearch-0: 02:52:33 ERROR juju.worker.uniter.operation hook "opensearch-data-storage-detaching" (via hook dispatching script: dispatch) failed: exit status 1
unit-opensearch-2: 02:52:33 ERROR unit.opensearch/2.juju-log [Errno 111] Connection refused
unit-opensearch-2: 02:52:36 ERROR unit.opensearch/2.juju-log [Errno 113] No route to host
unit-opensearch-2: 02:52:39 ERROR unit.opensearch/2.juju-log [Errno 113] No route to host
unit-opensearch-2: 02:52:39 ERROR unit.opensearch/2.juju-log [Errno 111] Connection refused
unit-opensearch-2: 02:52:39 ERROR unit.opensearch/2.juju-log [Errno 111] Connection refused
unit-opensearch-2: 02:52:46 ERROR unit.opensearch/2.juju-log opensearch-peers:1: [Errno 111] Connection refused
unit-opensearch-2: 02:52:47 ERROR unit.opensearch/2.juju-log opensearch-peers:1: [Errno 111] Connection refused
unit-opensearch-2: 02:52:48 ERROR unit.opensearch/2.juju-log s3-credentials:6: [Errno 111] Connection refused
unit-opensearch-2: 02:52:48 ERROR unit.opensearch/2.juju-log s3-credentials:6: [Errno 111] Connection refused
unit-opensearch-2: 02:52:48 ERROR unit.opensearch/2.juju-log s3-credentials:6: failed to get root endpoint, implying that this node is offline. Retry once node is online.
unit-opensearch-2: 02:52:49 ERROR unit.opensearch/2.juju-log [Errno 111] Connection refused
unit-opensearch-2: 02:52:49 ERROR unit.opensearch/2.juju-log [Errno 111] Connection refused
unit-opensearch-2: 02:52:49 ERROR unit.opensearch/2.juju-log failed to get root endpoint, implying that this node is offline. Retry once node is online.
unit-opensearch-2: 02:52:50 ERROR unit.opensearch/2.juju-log [Errno 111] Connection refused
unit-opensearch-2: 02:52:50 ERROR unit.opensearch/2.juju-log [Errno 111] Connection refused
unit-opensearch-2: 02:52:50 ERROR unit.opensearch/2.juju-log failed to get root endpoint, implying that this node is offline. Retry once node is online.
unit-opensearch-0: 02:53:15 ERROR unit.opensearch/0.juju-log [Errno 113] No route to host
unit-opensearch-0: 02:53:20 ERROR unit.opensearch/0.juju-log timed out
unit-opensearch-0: 02:53:25 ERROR unit.opensearch/0.juju-log timed out
unit-opensearch-0: 02:53:28 ERROR unit.opensearch/0.juju-log [Errno 113] No route to host
unit-opensearch-0: 02:53:32 ERROR unit.opensearch/0.juju-log [Errno 113] No route to host
unit-opensearch-0: 02:53:35 ERROR unit.opensearch/0.juju-log [Errno 113] No route to host
unit-opensearch-0: 02:53:38 ERROR unit.opensearch/0.juju-log [Errno 113] No route to host
unit-opensearch-0: 02:53:41 ERROR unit.opensearch/0.juju-log [Errno 113] No route to host
unit-opensearch-0: 02:53:44 ERROR unit.opensearch/0.juju-log [Errno 113] No route to host
unit-opensearch-0: 02:53:48 ERROR unit.opensearch/0.juju-log [Errno 113] No route to host
unit-opensearch-0: 02:53:48 ERROR unit.opensearch/0.juju-log [Errno 111] Connection refused
unit-opensearch-0: 02:53:48 ERROR unit.opensearch/0.juju-log Cannot connect to the OpenSearch server...
unit-opensearch-0: 02:53:48 ERROR unit.opensearch/0.juju-log [Errno 111] Connection refused
unit-opensearch-0: 02:53:51 ERROR unit.opensearch/0.juju-log [Errno 113] No route to host
unit-opensearch-0: 02:53:54 ERROR unit.opensearch/0.juju-log [Errno 113] No route to host
unit-opensearch-0: 02:53:54 ERROR unit.opensearch/0.juju-log [Errno 111] Connection refused
unit-opensearch-0: 02:53:57 ERROR unit.opensearch/0.juju-log [Errno 113] No route to host
unit-opensearch-0: 02:54:00 ERROR unit.opensearch/0.juju-log [Errno 113] No route to host
unit-opensearch-0: 02:54:00 ERROR unit.opensearch/0.juju-log [Errno 111] Connection refused
unit-opensearch-0: 02:54:03 ERROR unit.opensearch/0.juju-log [Errno 113] No route to host
unit-opensearch-0: 02:54:07 ERROR unit.opensearch/0.juju-log [Errno 113] No route to host
unit-opensearch-0: 02:54:07 ERROR unit.opensearch/0.juju-log [Errno 111] Connection refused
unit-opensearch-0: 02:54:07 ERROR unit.opensearch/0.juju-log [Errno 111] Connection refused
unit-opensearch-0: 02:54:10 ERROR unit.opensearch/0.juju-log [Errno 113] No route to host
unit-opensearch-0: 02:54:13 ERROR unit.opensearch/0.juju-log [Errno 113] No route to host
unit-opensearch-0: 02:54:14 ERROR unit.opensearch/0.juju-log opensearch-peers:1: [Errno 111] Connection refused
unit-opensearch-0: 02:54:17 ERROR unit.opensearch/0.juju-log opensearch-peers:1: [Errno 111] Connection refused
unit-opensearch-0: 02:54:20 ERROR unit.opensearch/0.juju-log s3-credentials:6: [Errno 111] Connection refused
unit-opensearch-0: 02:54:20 ERROR unit.opensearch/0.juju-log s3-credentials:6: [Errno 111] Connection refused
unit-opensearch-0: 02:54:20 ERROR unit.opensearch/0.juju-log s3-credentials:6: failed to get root endpoint, implying that this node is offline. Retry once node is online.
unit-opensearch-0: 02:54:21 ERROR unit.opensearch/0.juju-log node-lock-fallback:2: [Errno 111] Connection refused
unit-opensearch-0: 02:54:21 ERROR unit.opensearch/0.juju-log node-lock-fallback:2: [Errno 111] Connection refused
unit-opensearch-0: 02:54:21 ERROR unit.opensearch/0.juju-log node-lock-fallback:2: failed to get root endpoint, implying that this node is offline. Retry once node is online.
unit-opensearch-0: 02:54:22 ERROR unit.opensearch/0.juju-log [Errno 111] Connection refused
unit-opensearch-0: 02:54:22 ERROR unit.opensearch/0.juju-log [Errno 111] Connection refused
unit-opensearch-0: 02:54:22 ERROR unit.opensearch/0.juju-log failed to get root endpoint, implying that this node is offline. Retry once node is online.
unit-opensearch-0: 02:54:23 ERROR unit.opensearch/0.juju-log [Errno 111] Connection refused
unit-opensearch-0: 02:54:23 ERROR unit.opensearch/0.juju-log [Errno 111] Connection refused
unit-opensearch-0: 02:54:23 ERROR unit.opensearch/0.juju-log failed to get root endpoint, implying that this node is offline. Retry once node is online.
machine-5: 02:56:45 ERROR juju.worker.dependency "lxd-container-provisioner" manifold worker returned unexpected error: container types not yet available
machine-5: 02:56:45 ERROR juju.worker.dependency "kvm-container-provisioner" manifold worker returned unexpected error: container types not yet available
machine-6: 02:56:45 ERROR juju.worker.dependency "kvm-container-provisioner" manifold worker returned unexpected error: container types not yet available
machine-6: 02:56:45 ERROR juju.worker.dependency "lxd-container-provisioner" manifold worker returned unexpected error: container types not yet available
unit-self-signed-certificates-1: 02:56:46 ERROR juju.worker.meterstatus error running "meter-status-changed": charm missing from disk
unit-s3-integrator-1: 02:56:46 ERROR juju.worker.meterstatus error running "meter-status-changed": charm missing from disk
machine-8: 02:57:05 ERROR juju.worker.dependency "kvm-container-provisioner" manifold worker returned unexpected error: container types not yet available
machine-8: 02:57:05 ERROR juju.worker.dependency "lxd-container-provisioner" manifold worker returned unexpected error: container types not yet available
unit-opensearch-4: 02:57:05 ERROR juju.worker.meterstatus error running "meter-status-changed": charm missing from disk
machine-7: 02:57:05 ERROR juju.worker.dependency "lxd-container-provisioner" manifold worker returned unexpected error: container types not yet available
machine-7: 02:57:05 ERROR juju.worker.dependency "kvm-container-provisioner" manifold worker returned unexpected error: container types not yet available
unit-opensearch-3: 02:57:05 ERROR juju.worker.meterstatus error running "meter-status-changed": charm missing from disk
machine-9: 02:57:06 ERROR juju.worker.dependency "kvm-container-provisioner" manifold worker returned unexpected error: container types not yet available
machine-9: 02:57:06 ERROR juju.worker.dependency "lxd-container-provisioner" manifold worker returned unexpected error: container types not yet available
unit-opensearch-5: 02:57:06 ERROR juju.worker.meterstatus error running "meter-status-changed": charm missing from disk
unit-opensearch-5: 02:59:43 ERROR unit.opensearch/5.juju-log [Errno 111] Connection refused
unit-opensearch-3: 02:59:44 ERROR unit.opensearch/3.juju-log [Errno 111] Connection refused
unit-opensearch-5: 02:59:44 ERROR unit.opensearch/5.juju-log opensearch-peers:10: [Errno 111] Connection refused
unit-opensearch-5: 02:59:44 ERROR unit.opensearch/5.juju-log opensearch-peers:10: [Errno 111] Connection refused
unit-opensearch-4: 02:59:45 ERROR unit.opensearch/4.juju-log [Errno 111] Connection refused
unit-opensearch-3: 02:59:45 ERROR unit.opensearch/3.juju-log opensearch-peers:10: [Errno 111] Connection refused
unit-opensearch-5: 02:59:45 ERROR unit.opensearch/5.juju-log certificates:11: [Errno 111] Connection refused
unit-opensearch-3: 02:59:45 ERROR unit.opensearch/3.juju-log opensearch-peers:10: [Errno 111] Connection refused
unit-opensearch-4: 02:59:46 ERROR unit.opensearch/4.juju-log opensearch-peers:10: [Errno 111] Connection refused
unit-opensearch-4: 02:59:46 ERROR unit.opensearch/4.juju-log opensearch-peers:10: [Errno 111] Connection refused
unit-opensearch-4: 02:59:46 ERROR unit.opensearch/4.juju-log opensearch-peers:10: [Errno 111] Connection refused
unit-opensearch-4: 02:59:46 ERROR unit.opensearch/4.juju-log opensearch-peers:10: [Errno 111] Connection refused
unit-opensearch-3: 02:59:46 ERROR unit.opensearch/3.juju-log node-lock-fallback:8: [Errno 111] Connection refused
unit-opensearch-4: 02:59:47 ERROR unit.opensearch/4.juju-log opensearch-peers:10: [Errno 111] Connection refused
unit-opensearch-3: 02:59:47 ERROR unit.opensearch/3.juju-log certificates:11: [Errno 111] Connection refused
unit-opensearch-4: 02:59:48 ERROR unit.opensearch/4.juju-log upgrade-version-a:9: [Errno 111] Connection refused
unit-opensearch-5: 02:59:49 ERROR unit.opensearch/5.juju-log [Errno 111] Connection refused
unit-opensearch-4: 02:59:49 ERROR unit.opensearch/4.juju-log opensearch-peers:10: [Errno 111] Connection refused
unit-opensearch-4: 02:59:49 ERROR unit.opensearch/4.juju-log opensearch-peers:10: [Errno 111] Connection refused
unit-opensearch-4: 02:59:49 ERROR unit.opensearch/4.juju-log opensearch-peers:10: [Errno 111] Connection refused
unit-opensearch-4: 02:59:49 ERROR unit.opensearch/4.juju-log opensearch-peers:10: [Errno 111] Connection refused
unit-opensearch-4: 02:59:49 ERROR unit.opensearch/4.juju-log opensearch-peers:10: [Errno 111] Connection refused
unit-opensearch-4: 02:59:49 ERROR unit.opensearch/4.juju-log opensearch-peers:10: [Errno 111] Connection refused
unit-opensearch-4: 02:59:49 ERROR unit.opensearch/4.juju-log opensearch-peers:10: [Errno 111] Connection refused
unit-opensearch-4: 02:59:49 ERROR unit.opensearch/4.juju-log opensearch-peers:10: [Errno 111] Connection refused
unit-opensearch-4: 02:59:49 ERROR unit.opensearch/4.juju-log opensearch-peers:10: [Errno 111] Connection refused
unit-opensearch-5: 02:59:50 ERROR unit.opensearch/5.juju-log [Errno 111] Connection refused
unit-opensearch-4: 02:59:50 ERROR unit.opensearch/4.juju-log upgrade-version-a:9: [Errno 111] Connection refused
unit-opensearch-5: 02:59:51 ERROR unit.opensearch/5.juju-log [Errno 111] Connection refused
unit-opensearch-3: 02:59:51 ERROR unit.opensearch/3.juju-log [Errno 111] Connection refused
unit-opensearch-4: 02:59:51 ERROR unit.opensearch/4.juju-log node-lock-fallback:8: [Errno 111] Connection refused
unit-opensearch-5: 02:59:52 ERROR unit.opensearch/5.juju-log node-lock-fallback:8: [Errno 111] Connection refused
unit-opensearch-3: 02:59:52 ERROR unit.opensearch/3.juju-log [Errno 111] Connection refused
unit-opensearch-4: 02:59:52 ERROR unit.opensearch/4.juju-log opensearch-peers:10: [Errno 111] Connection refused
unit-opensearch-5: 02:59:53 ERROR unit.opensearch/5.juju-log [Errno 111] Connection refused
unit-opensearch-3: 02:59:53 ERROR unit.opensearch/3.juju-log [Errno 111] Connection refused
unit-opensearch-4: 02:59:53 ERROR unit.opensearch/4.juju-log certificates:11: [Errno 111] Connection refused
unit-opensearch-5: 02:59:54 ERROR unit.opensearch/5.juju-log certificates:11: [Errno 111] Connection refused
unit-opensearch-3: 02:59:54 ERROR unit.opensearch/3.juju-log [Errno 111] Connection refused
unit-opensearch-3: 02:59:55 ERROR unit.opensearch/3.juju-log node-lock-fallback:8: [Errno 111] Connection refused
unit-opensearch-5: 02:59:56 ERROR unit.opensearch/5.juju-log [Errno 111] Connection refused
unit-opensearch-3: 02:59:56 ERROR unit.opensearch/3.juju-log node-lock-fallback:8: [Errno 111] Connection refused
unit-opensearch-5: 02:59:57 ERROR unit.opensearch/5.juju-log [Errno 111] Connection refused
unit-opensearch-4: 02:59:57 ERROR unit.opensearch/4.juju-log [Errno 111] Connection refused
unit-opensearch-3: 02:59:57 ERROR unit.opensearch/3.juju-log [Errno 111] Connection refused
unit-opensearch-5: 02:59:58 ERROR unit.opensearch/5.juju-log [Errno 111] Connection refused
unit-opensearch-4: 02:59:58 ERROR unit.opensearch/4.juju-log [Errno 111] Connection refused
unit-opensearch-3: 02:59:58 ERROR unit.opensearch/3.juju-log certificates:11: [Errno 111] Connection refused
unit-opensearch-5: 02:59:59 ERROR unit.opensearch/5.juju-log [Errno 111] Connection refused
unit-opensearch-3: 02:59:59 ERROR unit.opensearch/3.juju-log certificates:11: [Errno 111] Connection refused
unit-opensearch-3: 02:59:59 ERROR unit.opensearch/3.juju-log certificates:11: Cannot connect to the OpenSearch server...
unit-opensearch-3: 02:59:59 ERROR unit.opensearch/3.juju-log certificates:11: [Errno 111] Connection refused
unit-opensearch-5: 02:59:59 ERROR unit.opensearch/5.juju-log [Errno 111] Connection refused
unit-opensearch-5: 02:59:59 ERROR unit.opensearch/5.juju-log Cannot connect to the OpenSearch server...
unit-opensearch-5: 02:59:59 ERROR unit.opensearch/5.juju-log [Errno 111] Connection refused
unit-opensearch-4: 02:59:59 ERROR unit.opensearch/4.juju-log [Errno 111] Connection refused
unit-opensearch-5: 03:00:00 ERROR unit.opensearch/5.juju-log [Errno 111] Connection refused
unit-opensearch-5: 03:00:00 ERROR unit.opensearch/5.juju-log Cannot connect to the OpenSearch server...
unit-opensearch-5: 03:00:00 ERROR unit.opensearch/5.juju-log [Errno 111] Connection refused
unit-opensearch-4: 03:00:00 ERROR unit.opensearch/4.juju-log [Errno 111] Connection refused
unit-opensearch-4: 03:00:01 ERROR unit.opensearch/4.juju-log [Errno 111] Connection refused
unit-opensearch-4: 03:00:01 ERROR unit.opensearch/4.juju-log Cannot connect to the OpenSearch server...
unit-opensearch-4: 03:00:01 ERROR unit.opensearch/4.juju-log [Errno 111] Connection refused
unit-opensearch-4: 03:00:01 ERROR unit.opensearch/4.juju-log [Errno 111] Connection refused
unit-opensearch-4: 03:00:01 ERROR unit.opensearch/4.juju-log [Errno 111] Connection refused
unit-opensearch-3: 03:00:01 ERROR unit.opensearch/3.juju-log [Errno 111] Connection refused
unit-opensearch-3: 03:00:01 ERROR unit.opensearch/3.juju-log Cannot connect to the OpenSearch server...
unit-opensearch-3: 03:00:01 ERROR unit.opensearch/3.juju-log [Errno 111] Connection refused
unit-opensearch-5: 03:00:01 ERROR unit.opensearch/5.juju-log node-lock-fallback:8: [Errno 111] Connection refused
unit-opensearch-5: 03:00:01 ERROR unit.opensearch/5.juju-log node-lock-fallback:8: Cannot connect to the OpenSearch server...
unit-opensearch-5: 03:00:01 ERROR unit.opensearch/5.juju-log node-lock-fallback:8: [Errno 111] Connection refused
unit-opensearch-4: 03:00:02 ERROR unit.opensearch/4.juju-log [Errno 111] Connection refused
unit-opensearch-4: 03:00:02 ERROR unit.opensearch/4.juju-log Cannot connect to the OpenSearch server...
unit-opensearch-4: 03:00:02 ERROR unit.opensearch/4.juju-log [Errno 111] Connection refused
unit-opensearch-4: 03:00:02 ERROR unit.opensearch/4.juju-log [Errno 111] Connection refused
unit-opensearch-4: 03:00:02 ERROR unit.opensearch/4.juju-log [Errno 111] Connection refused
unit-opensearch-3: 03:00:02 ERROR unit.opensearch/3.juju-log [Errno 111] Connection refused
unit-opensearch-3: 03:00:02 ERROR unit.opensearch/3.juju-log Cannot connect to the OpenSearch server...
unit-opensearch-3: 03:00:02 ERROR unit.opensearch/3.juju-log [Errno 111] Connection refused
unit-opensearch-5: 03:00:02 ERROR unit.opensearch/5.juju-log opensearch-peers:10: [Errno 111] Connection refused
unit-opensearch-5: 03:00:02 ERROR unit.opensearch/5.juju-log opensearch-peers:10: Cannot connect to the OpenSearch server...
unit-opensearch-5: 03:00:02 ERROR unit.opensearch/5.juju-log opensearch-peers:10: [Errno 111] Connection refused
unit-opensearch-4: 03:00:02 ERROR unit.opensearch/4.juju-log [Errno 111] Connection refused
unit-opensearch-4: 03:00:02 ERROR unit.opensearch/4.juju-log Cannot connect to the OpenSearch server...
unit-opensearch-5: 03:00:03 ERROR unit.opensearch/5.juju-log opensearch-peers:10: [Errno 111] Connection refused
unit-opensearch-4: 03:00:03 ERROR unit.opensearch/4.juju-log [Errno 111] Connection refused
unit-opensearch-4: 03:00:03 ERROR unit.opensearch/4.juju-log Cannot connect to the OpenSearch server...
unit-opensearch-3: 03:00:03 ERROR unit.opensearch/3.juju-log [Errno 111] Connection refused
unit-opensearch-3: 03:00:03 ERROR unit.opensearch/3.juju-log Cannot connect to the OpenSearch server...
unit-opensearch-3: 03:00:03 ERROR unit.opensearch/3.juju-log [Errno 111] Connection refused
unit-opensearch-5: 03:00:04 ERROR unit.opensearch/5.juju-log upgrade-version-a:9: [Errno 111] Connection refused
unit-opensearch-5: 03:00:04 ERROR unit.opensearch/5.juju-log upgrade-version-a:9: Cannot connect to the OpenSearch server...
unit-opensearch-5: 03:00:04 ERROR unit.opensearch/5.juju-log upgrade-version-a:9: [Errno 111] Connection refused
unit-opensearch-3: 03:00:05 ERROR unit.opensearch/3.juju-log [Errno 111] Connection refused
unit-opensearch-3: 03:00:05 ERROR unit.opensearch/3.juju-log Cannot connect to the OpenSearch server...
unit-opensearch-3: 03:00:06 ERROR unit.opensearch/3.juju-log [Errno 111] Connection refused
unit-opensearch-4: 03:00:06 ERROR unit.opensearch/4.juju-log [Errno 111] Connection refused
unit-opensearch-4: 03:00:06 ERROR unit.opensearch/4.juju-log Cannot connect to the OpenSearch server...
unit-opensearch-5: 03:00:07 ERROR unit.opensearch/5.juju-log certificates:11: [Errno 111] Connection refused
unit-opensearch-5: 03:00:07 ERROR unit.opensearch/5.juju-log certificates:11: Cannot connect to the OpenSearch server...
unit-opensearch-5: 03:00:07 ERROR unit.opensearch/5.juju-log certificates:11: [Errno 111] Connection refused
unit-opensearch-3: 03:00:08 ERROR unit.opensearch/3.juju-log upgrade-version-a:9: [Errno 111] Connection refused
unit-opensearch-3: 03:00:08 ERROR unit.opensearch/3.juju-log upgrade-version-a:9: Cannot connect to the OpenSearch server...
unit-opensearch-3: 03:00:08 ERROR unit.opensearch/3.juju-log upgrade-version-a:9: [Errno 111] Connection refused
unit-opensearch-5: 03:00:08 ERROR unit.opensearch/5.juju-log certificates:11: [Errno 111] Connection refused
unit-opensearch-5: 03:00:08 ERROR unit.opensearch/5.juju-log certificates:11: Cannot connect to the OpenSearch server...
unit-opensearch-5: 03:00:08 ERROR unit.opensearch/5.juju-log certificates:11: [Errno 111] Connection refused
unit-opensearch-4: 03:00:09 ERROR unit.opensearch/4.juju-log [Errno 111] Connection refused
unit-opensearch-4: 03:00:09 ERROR unit.opensearch/4.juju-log Cannot connect to the OpenSearch server...
unit-opensearch-3: 03:00:09 ERROR unit.opensearch/3.juju-log node-lock-fallback:8: [Errno 111] Connection refused
unit-opensearch-3: 03:00:09 ERROR unit.opensearch/3.juju-log node-lock-fallback:8: Cannot connect to the OpenSearch server...
unit-opensearch-3: 03:00:09 ERROR unit.opensearch/3.juju-log node-lock-fallback:8: [Errno 111] Connection refused
unit-opensearch-3: 03:00:10 ERROR unit.opensearch/3.juju-log node-lock-fallback:8: [Errno 111] Connection refused
unit-opensearch-3: 03:00:10 ERROR unit.opensearch/3.juju-log node-lock-fallback:8: Cannot connect to the OpenSearch server...
unit-opensearch-3: 03:00:10 ERROR unit.opensearch/3.juju-log node-lock-fallback:8: [Errno 111] Connection refused
unit-opensearch-5: 03:00:10 ERROR unit.opensearch/5.juju-log [Errno 111] Connection refused
unit-opensearch-5: 03:00:10 ERROR unit.opensearch/5.juju-log Cannot connect to the OpenSearch server...
unit-opensearch-5: 03:00:10 ERROR unit.opensearch/5.juju-log [Errno 111] Connection refused
unit-opensearch-3: 03:00:11 ERROR unit.opensearch/3.juju-log certificates:11: [Errno 111] Connection refused
unit-opensearch-3: 03:00:11 ERROR unit.opensearch/3.juju-log certificates:11: Cannot connect to the OpenSearch server...
unit-opensearch-3: 03:00:11 ERROR unit.opensearch/3.juju-log certificates:11: [Errno 111] Connection refused
unit-opensearch-5: 03:00:11 ERROR unit.opensearch/5.juju-log [Errno 111] Connection refused
unit-opensearch-5: 03:00:11 ERROR unit.opensearch/5.juju-log Cannot connect to the OpenSearch server...
unit-opensearch-5: 03:00:11 ERROR unit.opensearch/5.juju-log [Errno 111] Connection refused
unit-opensearch-4: 03:00:12 ERROR unit.opensearch/4.juju-log [Errno 111] Connection refused
unit-opensearch-4: 03:00:12 ERROR unit.opensearch/4.juju-log Cannot connect to the OpenSearch server...
unit-opensearch-3: 03:00:12 ERROR unit.opensearch/3.juju-log certificates:11: [Errno 111] Connection refused
unit-opensearch-3: 03:00:12 ERROR unit.opensearch/3.juju-log certificates:11: Cannot connect to the OpenSearch server...
unit-opensearch-3: 03:00:12 ERROR unit.opensearch/3.juju-log certificates:11: [Errno 111] Connection refused
unit-opensearch-5: 03:00:13 ERROR unit.opensearch/5.juju-log [Errno 111] Connection refused
unit-opensearch-5: 03:00:13 ERROR unit.opensearch/5.juju-log Cannot connect to the OpenSearch server...
unit-opensearch-5: 03:00:13 ERROR unit.opensearch/5.juju-log [Errno 111] Connection refused
unit-opensearch-5: 03:00:14 ERROR unit.opensearch/5.juju-log [Errno 111] Connection refused
unit-opensearch-5: 03:00:14 ERROR unit.opensearch/5.juju-log Cannot connect to the OpenSearch server...
unit-opensearch-5: 03:00:14 ERROR unit.opensearch/5.juju-log [Errno 111] Connection refused
unit-opensearch-3: 03:00:14 ERROR unit.opensearch/3.juju-log [Errno 111] Connection refused
unit-opensearch-3: 03:00:14 ERROR unit.opensearch/3.juju-log Cannot connect to the OpenSearch server...
unit-opensearch-3: 03:00:14 ERROR unit.opensearch/3.juju-log [Errno 111] Connection refused
unit-opensearch-5: 03:00:15 ERROR unit.opensearch/5.juju-log upgrade-version-a:9: [Errno 111] Connection refused
unit-opensearch-5: 03:00:15 ERROR unit.opensearch/5.juju-log upgrade-version-a:9: Cannot connect to the OpenSearch server...
unit-opensearch-5: 03:00:15 ERROR unit.opensearch/5.juju-log upgrade-version-a:9: [Errno 111] Connection refused
unit-opensearch-4: 03:00:15 ERROR unit.opensearch/4.juju-log [Errno 111] Connection refused
unit-opensearch-4: 03:00:15 ERROR unit.opensearch/4.juju-log Cannot connect to the OpenSearch server...
unit-opensearch-3: 03:00:15 ERROR unit.opensearch/3.juju-log [Errno 111] Connection refused
unit-opensearch-3: 03:00:15 ERROR unit.opensearch/3.juju-log Cannot connect to the OpenSearch server...
unit-opensearch-3: 03:00:15 ERROR unit.opensearch/3.juju-log [Errno 111] Connection refused
unit-opensearch-5: 03:00:16 ERROR unit.opensearch/5.juju-log node-lock-fallback:8: [Errno 111] Connection refused
unit-opensearch-5: 03:00:16 ERROR unit.opensearch/5.juju-log node-lock-fallback:8: Cannot connect to the OpenSearch server...
unit-opensearch-5: 03:00:16 ERROR unit.opensearch/5.juju-log node-lock-fallback:8: [Errno 111] Connection refused
unit-opensearch-3: 03:00:16 ERROR unit.opensearch/3.juju-log [Errno 111] Connection refused
unit-opensearch-3: 03:00:16 ERROR unit.opensearch/3.juju-log Cannot connect to the OpenSearch server...
unit-opensearch-3: 03:00:16 ERROR unit.opensearch/3.juju-log [Errno 111] Connection refused
unit-opensearch-5: 03:00:17 ERROR unit.opensearch/5.juju-log node-lock-fallback:8: [Errno 111] Connection refused
unit-opensearch-5: 03:00:17 ERROR unit.opensearch/5.juju-log node-lock-fallback:8: Cannot connect to the OpenSearch server...
unit-opensearch-5: 03:00:17 ERROR unit.opensearch/5.juju-log node-lock-fallback:8: [Errno 111] Connection refused
unit-opensearch-3: 03:00:17 ERROR unit.opensearch/3.juju-log [Errno 111] Connection refused
unit-opensearch-3: 03:00:17 ERROR unit.opensearch/3.juju-log Cannot connect to the OpenSearch server...
unit-opensearch-3: 03:00:17 ERROR unit.opensearch/3.juju-log [Errno 111] Connection refused
unit-opensearch-5: 03:00:18 ERROR unit.opensearch/5.juju-log node-lock-fallback:8: [Errno 111] Connection refused
unit-opensearch-5: 03:00:18 ERROR unit.opensearch/5.juju-log node-lock-fallback:8: Cannot connect to the OpenSearch server...
unit-opensearch-5: 03:00:18 ERROR unit.opensearch/5.juju-log node-lock-fallback:8: [Errno 111] Connection refused
unit-opensearch-4: 03:00:18 ERROR unit.opensearch/4.juju-log [Errno 111] Connection refused
unit-opensearch-4: 03:00:18 ERROR unit.opensearch/4.juju-log Cannot connect to the OpenSearch server...
unit-opensearch-3: 03:00:18 ERROR unit.opensearch/3.juju-log node-lock-fallback:8: [Errno 111] Connection refused
unit-opensearch-3: 03:00:18 ERROR unit.opensearch/3.juju-log node-lock-fallback:8: Cannot connect to the OpenSearch server...
unit-opensearch-3: 03:00:18 ERROR unit.opensearch/3.juju-log node-lock-fallback:8: [Errno 111] Connection refused
unit-opensearch-5: 03:00:19 ERROR unit.opensearch/5.juju-log upgrade-version-a:9: [Errno 111] Connection refused
unit-opensearch-5: 03:00:19 ERROR unit.opensearch/5.juju-log upgrade-version-a:9: Cannot connect to the OpenSearch server...
unit-opensearch-5: 03:00:19 ERROR unit.opensearch/5.juju-log upgrade-version-a:9: [Errno 111] Connection refused
unit-opensearch-3: 03:00:20 ERROR unit.opensearch/3.juju-log upgrade-version-a:9: [Errno 111] Connection refused
unit-opensearch-3: 03:00:20 ERROR unit.opensearch/3.juju-log upgrade-version-a:9: Cannot connect to the OpenSearch server...
unit-opensearch-3: 03:00:20 ERROR unit.opensearch/3.juju-log upgrade-version-a:9: [Errno 111] Connection refused
unit-opensearch-5: 03:00:20 ERROR unit.opensearch/5.juju-log node-lock-fallback:8: [Errno 111] Connection refused
unit-opensearch-5: 03:00:20 ERROR unit.opensearch/5.juju-log node-lock-fallback:8: Cannot connect to the OpenSearch server...
unit-opensearch-5: 03:00:20 ERROR unit.opensearch/5.juju-log node-lock-fallback:8: [Errno 111] Connection refused
unit-opensearch-3: 03:00:20 ERROR unit.opensearch/3.juju-log node-lock-fallback:8: [Errno 111] Connection refused
unit-opensearch-3: 03:00:20 ERROR unit.opensearch/3.juju-log node-lock-fallback:8: Cannot connect to the OpenSearch server...
unit-opensearch-3: 03:00:20 ERROR unit.opensearch/3.juju-log node-lock-fallback:8: [Errno 111] Connection refused
unit-opensearch-4: 03:00:21 ERROR unit.opensearch/4.juju-log [Errno 111] Connection refused
unit-opensearch-4: 03:00:21 ERROR unit.opensearch/4.juju-log Cannot connect to the OpenSearch server...
unit-opensearch-5: 03:00:21 ERROR unit.opensearch/5.juju-log opensearch-peers:10: [Errno 111] Connection refused
unit-opensearch-5: 03:00:21 ERROR unit.opensearch/5.juju-log opensearch-peers:10: Cannot connect to the OpenSearch server...
unit-opensearch-5: 03:00:21 ERROR unit.opensearch/5.juju-log opensearch-peers:10: [Errno 111] Connection refused
unit-opensearch-5: 03:00:21 ERROR unit.opensearch/5.juju-log opensearch-peers:10: [Errno 111] Connection refused
unit-opensearch-3: 03:00:22 ERROR unit.opensearch/3.juju-log opensearch-peers:10: [Errno 111] Connection refused
unit-opensearch-3: 03:00:22 ERROR unit.opensearch/3.juju-log opensearch-peers:10: Cannot connect to the OpenSearch server...
unit-opensearch-3: 03:00:22 ERROR unit.opensearch/3.juju-log opensearch-peers:10: [Errno 111] Connection refused
unit-opensearch-3: 03:00:22 ERROR unit.opensearch/3.juju-log opensearch-peers:10: [Errno 111] Connection refused
unit-opensearch-5: 03:00:22 ERROR unit.opensearch/5.juju-log node-lock-fallback:8: [Errno 111] Connection refused
unit-opensearch-5: 03:00:22 ERROR unit.opensearch/5.juju-log node-lock-fallback:8: Cannot connect to the OpenSearch server...
unit-opensearch-5: 03:00:22 ERROR unit.opensearch/5.juju-log node-lock-fallback:8: [Errno 111] Connection refused
unit-opensearch-5: 03:00:22 ERROR unit.opensearch/5.juju-log node-lock-fallback:8: [Errno 111] Connection refused
unit-opensearch-3: 03:00:23 ERROR unit.opensearch/3.juju-log node-lock-fallback:8: [Errno 111] Connection refused
unit-opensearch-3: 03:00:23 ERROR unit.opensearch/3.juju-log node-lock-fallback:8: Cannot connect to the OpenSearch server...
unit-opensearch-3: 03:00:23 ERROR unit.opensearch/3.juju-log node-lock-fallback:8: [Errno 111] Connection refused
unit-opensearch-5: 03:00:23 ERROR unit.opensearch/5.juju-log upgrade-version-a:9: [Errno 111] Connection refused
unit-opensearch-5: 03:00:23 ERROR unit.opensearch/5.juju-log upgrade-version-a:9: Cannot connect to the OpenSearch server...
unit-opensearch-5: 03:00:23 ERROR unit.opensearch/5.juju-log upgrade-version-a:9: [Errno 111] Connection refused
unit-opensearch-5: 03:00:23 ERROR unit.opensearch/5.juju-log upgrade-version-a:9: [Errno 111] Connection refused
unit-opensearch-3: 03:00:24 ERROR unit.opensearch/3.juju-log node-lock-fallback:8: [Errno 111] Connection refused
unit-opensearch-3: 03:00:24 ERROR unit.opensearch/3.juju-log node-lock-fallback:8: Cannot connect to the OpenSearch server...
unit-opensearch-3: 03:00:24 ERROR unit.opensearch/3.juju-log node-lock-fallback:8: [Errno 111] Connection refused
unit-opensearch-5: 03:00:24 ERROR unit.opensearch/5.juju-log node-lock-fallback:8: [Errno 111] Connection refused
unit-opensearch-5: 03:00:24 ERROR unit.opensearch/5.juju-log node-lock-fallback:8: Cannot connect to the OpenSearch server...
unit-opensearch-5: 03:00:24 ERROR unit.opensearch/5.juju-log node-lock-fallback:8: [Errno 111] Connection refused
unit-opensearch-5: 03:00:24 ERROR unit.opensearch/5.juju-log node-lock-fallback:8: [Errno 111] Connection refused
unit-opensearch-3: 03:00:25 ERROR unit.opensearch/3.juju-log opensearch-peers:10: [Errno 111] Connection refused
unit-opensearch-3: 03:00:25 ERROR unit.opensearch/3.juju-log opensearch-peers:10: Cannot connect to the OpenSearch server...
unit-opensearch-3: 03:00:25 ERROR unit.opensearch/3.juju-log opensearch-peers:10: [Errno 111] Connection refused
unit-opensearch-5: 03:00:25 ERROR unit.opensearch/5.juju-log node-lock-fallback:8: [Errno 111] Connection refused
unit-opensearch-5: 03:00:25 ERROR unit.opensearch/5.juju-log node-lock-fallback:8: Cannot connect to the OpenSearch server...
unit-opensearch-5: 03:00:25 ERROR unit.opensearch/5.juju-log node-lock-fallback:8: [Errno 111] Connection refused
unit-opensearch-5: 03:00:25 ERROR unit.opensearch/5.juju-log node-lock-fallback:8: [Errno 111] Connection refused
unit-opensearch-3: 03:00:26 ERROR unit.opensearch/3.juju-log node-lock-fallback:8: [Errno 111] Connection refused
unit-opensearch-3: 03:00:26 ERROR unit.opensearch/3.juju-log node-lock-fallback:8: Cannot connect to the OpenSearch server...
unit-opensearch-3: 03:00:26 ERROR unit.opensearch/3.juju-log node-lock-fallback:8: [Errno 111] Connection refused
unit-opensearch-5: 03:00:26 ERROR unit.opensearch/5.juju-log opensearch-peers:10: [Errno 111] Connection refused
unit-opensearch-5: 03:00:26 ERROR unit.opensearch/5.juju-log opensearch-peers:10: Cannot connect to the OpenSearch server...
unit-opensearch-5: 03:00:26 ERROR unit.opensearch/5.juju-log opensearch-peers:10: [Errno 111] Connection refused
unit-opensearch-5: 03:00:27 ERROR unit.opensearch/5.juju-log opensearch-peers:10: [Errno 111] Connection refused
unit-opensearch-5: 03:00:27 ERROR unit.opensearch/5.juju-log opensearch-peers:10: [Errno 111] Connection refused
unit-opensearch-5: 03:00:27 ERROR unit.opensearch/5.juju-log opensearch-peers:10: [Errno 111] Connection refused
unit-opensearch-5: 03:00:27 ERROR unit.opensearch/5.juju-log opensearch-peers:10: [Errno 111] Connection refused
unit-opensearch-5: 03:00:27 ERROR unit.opensearch/5.juju-log opensearch-peers:10: [Errno 111] Connection refused
unit-opensearch-5: 03:00:27 ERROR unit.opensearch/5.juju-log opensearch-peers:10: [Errno 111] Connection refused
unit-opensearch-5: 03:00:27 ERROR unit.opensearch/5.juju-log opensearch-peers:10: [Errno 111] Connection refused
unit-opensearch-3: 03:00:27 ERROR unit.opensearch/3.juju-log upgrade-version-a:9: [Errno 111] Connection refused
unit-opensearch-3: 03:00:27 ERROR unit.opensearch/3.juju-log upgrade-version-a:9: Cannot connect to the OpenSearch server...
unit-opensearch-3: 03:00:27 ERROR unit.opensearch/3.juju-log upgrade-version-a:9: [Errno 111] Connection refused
unit-opensearch-5: 03:00:28 ERROR unit.opensearch/5.juju-log node-lock-fallback:8: [Errno 111] Connection refused
unit-opensearch-5: 03:00:28 ERROR unit.opensearch/5.juju-log node-lock-fallback:8: Cannot connect to the OpenSearch server...
unit-opensearch-5: 03:00:28 ERROR unit.opensearch/5.juju-log node-lock-fallback:8: [Errno 111] Connection refused
unit-opensearch-5: 03:00:28 ERROR unit.opensearch/5.juju-log node-lock-fallback:8: [Errno 111] Connection refused
unit-opensearch-3: 03:00:28 ERROR unit.opensearch/3.juju-log opensearch-peers:10: [Errno 111] Connection refused
unit-opensearch-3: 03:00:28 ERROR unit.opensearch/3.juju-log opensearch-peers:10: Cannot connect to the OpenSearch server...
unit-opensearch-3: 03:00:28 ERROR unit.opensearch/3.juju-log opensearch-peers:10: [Errno 111] Connection refused
unit-opensearch-3: 03:00:28 ERROR unit.opensearch/3.juju-log opensearch-peers:10: [Errno 111] Connection refused
unit-opensearch-3: 03:00:29 ERROR unit.opensearch/3.juju-log opensearch-peers:10: [Errno 111] Connection refused
unit-opensearch-3: 03:00:29 ERROR unit.opensearch/3.juju-log opensearch-peers:10: [Errno 111] Connection refused
unit-opensearch-5: 03:00:29 ERROR unit.opensearch/5.juju-log upgrade-version-a:9: [Errno 111] Connection refused
unit-opensearch-5: 03:00:29 ERROR unit.opensearch/5.juju-log upgrade-version-a:9: Cannot connect to the OpenSearch server...
unit-opensearch-5: 03:00:29 ERROR unit.opensearch/5.juju-log upgrade-version-a:9: [Errno 111] Connection refused
unit-opensearch-5: 03:00:29 ERROR unit.opensearch/5.juju-log upgrade-version-a:9: [Errno 111] Connection refused
unit-opensearch-3: 03:00:30 ERROR unit.opensearch/3.juju-log opensearch-peers:10: [Errno 111] Connection refused
unit-opensearch-3: 03:00:30 ERROR unit.opensearch/3.juju-log opensearch-peers:10: Cannot connect to the OpenSearch server...
unit-opensearch-3: 03:00:30 ERROR unit.opensearch/3.juju-log opensearch-peers:10: [Errno 111] Connection refused
unit-opensearch-3: 03:00:30 ERROR unit.opensearch/3.juju-log opensearch-peers:10: [Errno 111] Connection refused
unit-opensearch-5: 03:00:30 ERROR unit.opensearch/5.juju-log opensearch-peers:10: [Errno 111] Connection refused
unit-opensearch-5: 03:00:30 ERROR unit.opensearch/5.juju-log opensearch-peers:10: Cannot connect to the OpenSearch server...
unit-opensearch-5: 03:00:30 ERROR unit.opensearch/5.juju-log opensearch-peers:10: [Errno 111] Connection refused
unit-opensearch-5: 03:00:30 ERROR unit.opensearch/5.juju-log opensearch-peers:10: [Errno 111] Connection refused
unit-opensearch-5: 03:00:30 ERROR unit.opensearch/5.juju-log opensearch-peers:10: [Errno 111] Connection refused
unit-opensearch-5: 03:00:30 ERROR unit.opensearch/5.juju-log opensearch-peers:10: [Errno 111] Connection refused
unit-opensearch-3: 03:00:31 ERROR unit.opensearch/3.juju-log upgrade-version-a:9: [Errno 111] Connection refused
unit-opensearch-3: 03:00:31 ERROR unit.opensearch/3.juju-log upgrade-version-a:9: Cannot connect to the OpenSearch server...
unit-opensearch-3: 03:00:31 ERROR unit.opensearch/3.juju-log upgrade-version-a:9: [Errno 111] Connection refused
unit-opensearch-5: 03:00:31 ERROR unit.opensearch/5.juju-log opensearch-peers:10: [Errno 111] Connection refused
unit-opensearch-5: 03:00:31 ERROR unit.opensearch/5.juju-log opensearch-peers:10: Cannot connect to the OpenSearch server...
unit-opensearch-5: 03:00:31 ERROR unit.opensearch/5.juju-log opensearch-peers:10: [Errno 111] Connection refused
unit-opensearch-5: 03:00:31 ERROR unit.opensearch/5.juju-log opensearch-peers:10: [Errno 111] Connection refused
unit-opensearch-3: 03:00:32 ERROR unit.opensearch/3.juju-log upgrade-version-a:9: [Errno 111] Connection refused
unit-opensearch-3: 03:00:32 ERROR unit.opensearch/3.juju-log upgrade-version-a:9: Cannot connect to the OpenSearch server...
unit-opensearch-3: 03:00:32 ERROR unit.opensearch/3.juju-log upgrade-version-a:9: [Errno 111] Connection refused
unit-opensearch-5: 03:00:32 ERROR unit.opensearch/5.juju-log opensearch-peers:10: [Errno 111] Connection refused
unit-opensearch-5: 03:00:32 ERROR unit.opensearch/5.juju-log opensearch-peers:10: Cannot connect to the OpenSearch server...
unit-opensearch-5: 03:00:32 ERROR unit.opensearch/5.juju-log opensearch-peers:10: [Errno 111] Connection refused
unit-opensearch-5: 03:00:32 ERROR unit.opensearch/5.juju-log opensearch-peers:10: [Errno 111] Connection refused
unit-opensearch-5: 03:00:32 ERROR unit.opensearch/5.juju-log opensearch-peers:10: [Errno 111] Connection refused
unit-opensearch-5: 03:00:32 ERROR unit.opensearch/5.juju-log opensearch-peers:10: [Errno 111] Connection refused
unit-opensearch-5: 03:00:32 ERROR unit.opensearch/5.juju-log opensearch-peers:10: [Errno 111] Connection refused
unit-opensearch-5: 03:00:32 ERROR unit.opensearch/5.juju-log opensearch-peers:10: [Errno 111] Connection refused
unit-opensearch-5: 03:00:32 ERROR unit.opensearch/5.juju-log opensearch-peers:10: [Errno 111] Connection refused
unit-opensearch-5: 03:00:32 ERROR unit.opensearch/5.juju-log opensearch-peers:10: [Errno 111] Connection refused
unit-opensearch-3: 03:00:33 ERROR unit.opensearch/3.juju-log node-lock-fallback:8: [Errno 111] Connection refused
unit-opensearch-3: 03:00:33 ERROR unit.opensearch/3.juju-log node-lock-fallback:8: Cannot connect to the OpenSearch server...
unit-opensearch-3: 03:00:33 ERROR unit.opensearch/3.juju-log node-lock-fallback:8: [Errno 111] Connection refused
unit-opensearch-5: 03:00:34 ERROR unit.opensearch/5.juju-log [Errno 111] Connection refused
unit-opensearch-5: 03:00:34 ERROR unit.opensearch/5.juju-log Cannot connect to the OpenSearch server...
unit-opensearch-5: 03:00:34 ERROR unit.opensearch/5.juju-log [Errno 111] Connection refused
unit-opensearch-5: 03:00:34 ERROR unit.opensearch/5.juju-log [Errno 111] Connection refused
unit-opensearch-3: 03:00:34 ERROR unit.opensearch/3.juju-log [Errno 111] Connection refused
unit-opensearch-3: 03:00:34 ERROR unit.opensearch/3.juju-log Cannot connect to the OpenSearch server...
unit-opensearch-3: 03:00:34 ERROR unit.opensearch/3.juju-log [Errno 111] Connection refused
unit-opensearch-5: 03:00:35 ERROR unit.opensearch/5.juju-log node-lock-fallback:8: [Errno 111] Connection refused
unit-opensearch-5: 03:00:35 ERROR unit.opensearch/5.juju-log node-lock-fallback:8: Cannot connect to the OpenSearch server...
unit-opensearch-5: 03:00:35 ERROR unit.opensearch/5.juju-log node-lock-fallback:8: [Errno 111] Connection refused
unit-opensearch-5: 03:00:35 ERROR unit.opensearch/5.juju-log node-lock-fallback:8: [Errno 111] Connection refused
unit-opensearch-3: 03:00:35 ERROR unit.opensearch/3.juju-log opensearch-peers:10: [Errno 111] Connection refused
unit-opensearch-3: 03:00:35 ERROR unit.opensearch/3.juju-log opensearch-peers:10: Cannot connect to the OpenSearch server...
unit-opensearch-3: 03:00:35 ERROR unit.opensearch/3.juju-log opensearch-peers:10: [Errno 111] Connection refused
unit-opensearch-3: 03:00:35 ERROR unit.opensearch/3.juju-log opensearch-peers:10: [Errno 111] Connection refused
unit-opensearch-4: 03:00:36 ERROR unit.opensearch/4.juju-log [Errno 111] Connection refused
unit-opensearch-4: 03:00:36 ERROR unit.opensearch/4.juju-log [Errno 111] Connection refused
unit-opensearch-4: 03:00:36 ERROR unit.opensearch/4.juju-log [Errno 111] Connection refused
unit-opensearch-4: 03:00:36 ERROR unit.opensearch/4.juju-log [Errno 111] Connection refused
unit-opensearch-3: 03:00:36 ERROR unit.opensearch/3.juju-log node-lock-fallback:8: [Errno 111] Connection refused
unit-opensearch-3: 03:00:36 ERROR unit.opensearch/3.juju-log node-lock-fallback:8: Cannot connect to the OpenSearch server...
unit-opensearch-3: 03:00:36 ERROR unit.opensearch/3.juju-log node-lock-fallback:8: [Errno 111] Connection refused
unit-opensearch-4: 03:00:36 ERROR unit.opensearch/4.juju-log [Errno 111] Connection refused
unit-opensearch-4: 03:00:36 ERROR unit.opensearch/4.juju-log [Errno 111] Connection refused
unit-opensearch-3: 03:00:36 ERROR unit.opensearch/3.juju-log node-lock-fallback:8: [Errno 111] Connection refused
unit-opensearch-4: 03:00:36 ERROR unit.opensearch/4.juju-log [Errno 111] Connection refused
unit-opensearch-4: 03:00:36 ERROR unit.opensearch/4.juju-log [Errno 111] Connection refused
unit-opensearch-4: 03:00:36 ERROR unit.opensearch/4.juju-log [Errno 111] Connection refused
unit-opensearch-4: 03:00:36 ERROR unit.opensearch/4.juju-log [Errno 111] Connection refused
unit-opensearch-3: 03:00:36 ERROR unit.opensearch/3.juju-log node-lock-fallback:8: [Errno 111] Connection refused
unit-opensearch-3: 03:00:36 ERROR unit.opensearch/3.juju-log node-lock-fallback:8: [Errno 111] Connection refused
unit-opensearch-3: 03:00:36 ERROR unit.opensearch/3.juju-log node-lock-fallback:8: [Errno 111] Connection refused
unit-opensearch-4: 03:00:36 ERROR unit.opensearch/4.juju-log [Errno 111] Connection refused
unit-opensearch-4: 03:00:36 ERROR unit.opensearch/4.juju-log [Errno 111] Connection refused
unit-opensearch-4: 03:00:36 ERROR unit.opensearch/4.juju-log [Errno 111] Connection refused
unit-opensearch-4: 03:00:36 ERROR unit.opensearch/4.juju-log [Errno 111] Connection refused
unit-opensearch-3: 03:00:36 ERROR unit.opensearch/3.juju-log node-lock-fallback:8: [Errno 111] Connection refused
unit-opensearch-3: 03:00:37 ERROR unit.opensearch/3.juju-log node-lock-fallback:8: [Errno 111] Connection refused
unit-opensearch-3: 03:00:37 ERROR unit.opensearch/3.juju-log node-lock-fallback:8: [Errno 111] Connection refused
unit-opensearch-4: 03:00:37 ERROR unit.opensearch/4.juju-log [Errno 111] Connection refused
unit-opensearch-4: 03:00:37 ERROR unit.opensearch/4.juju-log [Errno 111] Connection refused
unit-opensearch-3: 03:00:37 ERROR unit.opensearch/3.juju-log node-lock-fallback:8: [Errno 111] Connection refused
unit-opensearch-3: 03:00:37 ERROR unit.opensearch/3.juju-log node-lock-fallback:8: [Errno 111] Connection refused
unit-opensearch-3: 03:00:37 ERROR unit.opensearch/3.juju-log node-lock-fallback:8: [Errno 111] Connection refused
unit-opensearch-3: 03:00:37 ERROR unit.opensearch/3.juju-log node-lock-fallback:8: [Errno 111] Connection refused
unit-opensearch-3: 03:00:37 ERROR unit.opensearch/3.juju-log node-lock-fallback:8: [Errno 111] Connection refused
unit-opensearch-3: 03:00:37 ERROR unit.opensearch/3.juju-log node-lock-fallback:8: Cannot connect to the OpenSearch server...
unit-opensearch-3: 03:00:38 ERROR unit.opensearch/3.juju-log node-lock-fallback:8: [Errno 111] Connection refused
unit-opensearch-5: 03:00:39 ERROR unit.opensearch/5.juju-log node-lock-fallback:8: [Errno 111] Connection refused
unit-opensearch-5: 03:00:39 ERROR unit.opensearch/5.juju-log node-lock-fallback:8: Cannot connect to the OpenSearch server...
unit-opensearch-5: 03:00:39 ERROR unit.opensearch/5.juju-log node-lock-fallback:8: [Errno 111] Connection refused
unit-opensearch-5: 03:00:40 ERROR unit.opensearch/5.juju-log node-lock-fallback:8: [Errno 111] Connection refused
unit-opensearch-3: 03:00:41 ERROR unit.opensearch/3.juju-log node-lock-fallback:8: [Errno 111] Connection refused
unit-opensearch-5: 03:00:43 ERROR unit.opensearch/5.juju-log node-lock-fallback:8: [Errno 111] Connection refused
unit-opensearch-5: 03:00:43 ERROR unit.opensearch/5.juju-log node-lock-fallback:8: [Errno 111] Connection refused
unit-opensearch-5: 03:00:44 ERROR unit.opensearch/5.juju-log node-lock-fallback:8: [Errno 111] Connection refused
unit-opensearch-5: 03:00:44 ERROR unit.opensearch/5.juju-log node-lock-fallback:8: Cannot connect to the OpenSearch server...
unit-opensearch-5: 03:00:44 ERROR unit.opensearch/5.juju-log node-lock-fallback:8: [Errno 111] Connection refused
unit-opensearch-5: 03:00:44 ERROR unit.opensearch/5.juju-log node-lock-fallback:8: [Errno 111] Connection refused
unit-opensearch-5: 03:00:44 ERROR unit.opensearch/5.juju-log node-lock-fallback:8: [Errno 111] Connection refused
unit-opensearch-5: 03:00:44 ERROR unit.opensearch/5.juju-log node-lock-fallback:8: [Errno 111] Connection refused
unit-opensearch-3: 03:00:44 ERROR unit.opensearch/3.juju-log node-lock-fallback:8: [Errno 111] Connection refused
unit-opensearch-5: 03:00:45 ERROR unit.opensearch/5.juju-log opensearch-peers:10: [Errno 111] Connection refused
unit-opensearch-5: 03:00:45 ERROR unit.opensearch/5.juju-log opensearch-peers:10: Cannot connect to the OpenSearch server...
unit-opensearch-5: 03:00:45 ERROR unit.opensearch/5.juju-log opensearch-peers:10: [Errno 111] Connection refused
unit-opensearch-5: 03:00:45 ERROR unit.opensearch/5.juju-log opensearch-peers:10: [Errno 111] Connection refused
unit-opensearch-5: 03:00:45 ERROR unit.opensearch/5.juju-log opensearch-peers:10: [Errno 111] Connection refused
unit-opensearch-5: 03:00:45 ERROR unit.opensearch/5.juju-log opensearch-peers:10: [Errno 111] Connection refused
unit-opensearch-5: 03:00:46 ERROR unit.opensearch/5.juju-log opensearch-peers:10: [Errno 111] Connection refused
unit-opensearch-5: 03:00:46 ERROR unit.opensearch/5.juju-log opensearch-peers:10: [Errno 111] Connection refused
unit-opensearch-5: 03:00:47 ERROR unit.opensearch/5.juju-log opensearch-peers:10: [Errno 111] Connection refused
unit-opensearch-5: 03:00:47 ERROR unit.opensearch/5.juju-log opensearch-peers:10: Cannot connect to the OpenSearch server...
unit-opensearch-5: 03:00:47 ERROR unit.opensearch/5.juju-log opensearch-peers:10: [Errno 111] Connection refused
unit-opensearch-5: 03:00:47 ERROR unit.opensearch/5.juju-log opensearch-peers:10: [Errno 111] Connection refused
unit-opensearch-5: 03:00:47 ERROR unit.opensearch/5.juju-log opensearch-peers:10: [Errno 111] Connection refused
unit-opensearch-5: 03:00:47 ERROR unit.opensearch/5.juju-log opensearch-peers:10: [Errno 111] Connection refused
unit-opensearch-5: 03:00:47 ERROR unit.opensearch/5.juju-log opensearch-peers:10: [Errno 111] Connection refused
unit-opensearch-5: 03:00:47 ERROR unit.opensearch/5.juju-log opensearch-peers:10: [Errno 111] Connection refused
unit-opensearch-3: 03:00:47 ERROR unit.opensearch/3.juju-log node-lock-fallback:8: [Errno 111] Connection refused
unit-opensearch-5: 03:00:47 ERROR unit.opensearch/5.juju-log opensearch-peers:10: [Errno 111] Connection refused
unit-opensearch-5: 03:00:47 ERROR unit.opensearch/5.juju-log opensearch-peers:10: [Errno 111] Connection refused
unit-opensearch-5: 03:00:47 ERROR unit.opensearch/5.juju-log opensearch-peers:10: [Errno 111] Connection refused
unit-opensearch-5: 03:00:48 ERROR unit.opensearch/5.juju-log opensearch-peers:10: [Errno 111] Connection refused
unit-opensearch-5: 03:00:48 ERROR unit.opensearch/5.juju-log upgrade-version-a:9: [Errno 111] Connection refused
unit-opensearch-5: 03:00:48 ERROR unit.opensearch/5.juju-log upgrade-version-a:9: Cannot connect to the OpenSearch server...
unit-opensearch-5: 03:00:48 ERROR unit.opensearch/5.juju-log upgrade-version-a:9: [Errno 111] Connection refused
unit-opensearch-5: 03:00:49 ERROR unit.opensearch/5.juju-log upgrade-version-a:9: [Errno 111] Connection refused
unit-opensearch-5: 03:00:49 ERROR unit.opensearch/5.juju-log upgrade-version-a:9: [Errno 111] Connection refused
unit-opensearch-5: 03:00:49 ERROR unit.opensearch/5.juju-log upgrade-version-a:9: [Errno 111] Connection refused
unit-opensearch-4: 03:00:50 ERROR unit.opensearch/4.juju-log opensearch-peers:10: [Errno 111] Connection refused
unit-opensearch-4: 03:00:50 ERROR unit.opensearch/4.juju-log opensearch-peers:10: [Errno 111] Connection refused
unit-opensearch-4: 03:00:50 ERROR unit.opensearch/4.juju-log opensearch-peers:10: [Errno 111] Connection refused
unit-opensearch-4: 03:00:50 ERROR unit.opensearch/4.juju-log opensearch-peers:10: [Errno 111] Connection refused
unit-opensearch-4: 03:00:50 ERROR unit.opensearch/4.juju-log opensearch-peers:10: [Errno 111] Connection refused
unit-opensearch-4: 03:00:50 ERROR unit.opensearch/4.juju-log opensearch-peers:10: [Errno 111] Connection refused
unit-opensearch-4: 03:00:50 ERROR unit.opensearch/4.juju-log opensearch-peers:10: [Errno 111] Connection refused
unit-opensearch-4: 03:00:50 ERROR unit.opensearch/4.juju-log opensearch-peers:10: [Errno 111] Connection refused
unit-opensearch-4: 03:00:50 ERROR unit.opensearch/4.juju-log opensearch-peers:10: [Errno 111] Connection refused
unit-opensearch-4: 03:00:50 ERROR unit.opensearch/4.juju-log opensearch-peers:10: [Errno 111] Connection refused
unit-opensearch-3: 03:00:50 ERROR unit.opensearch/3.juju-log node-lock-fallback:8: [Errno 111] Connection refused
unit-opensearch-4: 03:00:52 ERROR unit.opensearch/4.juju-log opensearch-peers:10: [Errno 111] Connection refused
unit-opensearch-4: 03:00:52 ERROR unit.opensearch/4.juju-log opensearch-peers:10: [Errno 111] Connection refused
unit-opensearch-4: 03:00:52 ERROR unit.opensearch/4.juju-log opensearch-peers:10: [Errno 111] Connection refused
unit-opensearch-4: 03:00:52 ERROR unit.opensearch/4.juju-log opensearch-peers:10: [Errno 111] Connection refused
unit-opensearch-4: 03:00:52 ERROR unit.opensearch/4.juju-log opensearch-peers:10: [Errno 111] Connection refused
unit-opensearch-4: 03:00:52 ERROR unit.opensearch/4.juju-log opensearch-peers:10: [Errno 111] Connection refused
unit-opensearch-3: 03:00:53 ERROR unit.opensearch/3.juju-log node-lock-fallback:8: [Errno 111] Connection refused
unit-opensearch-4: 03:00:54 ERROR unit.opensearch/4.juju-log opensearch-peers:10: [Errno 111] Connection refused
unit-opensearch-4: 03:00:54 ERROR unit.opensearch/4.juju-log opensearch-peers:10: [Errno 111] Connection refused
unit-opensearch-4: 03:00:54 ERROR unit.opensearch/4.juju-log opensearch-peers:10: [Errno 111] Connection refused
unit-opensearch-4: 03:00:54 ERROR unit.opensearch/4.juju-log opensearch-peers:10: [Errno 111] Connection refused
unit-opensearch-4: 03:00:54 ERROR unit.opensearch/4.juju-log opensearch-peers:10: [Errno 111] Connection refused
unit-opensearch-4: 03:00:54 ERROR unit.opensearch/4.juju-log opensearch-peers:10: [Errno 111] Connection refused
unit-opensearch-4: 03:00:54 ERROR unit.opensearch/4.juju-log opensearch-peers:10: [Errno 111] Connection refused
unit-opensearch-4: 03:00:54 ERROR unit.opensearch/4.juju-log opensearch-peers:10: [Errno 111] Connection refused
unit-opensearch-4: 03:00:54 ERROR unit.opensearch/4.juju-log opensearch-peers:10: [Errno 111] Connection refused
unit-opensearch-4: 03:00:54 ERROR unit.opensearch/4.juju-log opensearch-peers:10: [Errno 111] Connection refused
unit-opensearch-3: 03:00:56 ERROR unit.opensearch/3.juju-log node-lock-fallback:8: [Errno 111] Connection refused
unit-opensearch-5: 03:01:01 ERROR unit.opensearch/5.juju-log node-lock-fallback:8: [Errno 111] Connection refused
unit-opensearch-5: 03:01:01 ERROR unit.opensearch/5.juju-log node-lock-fallback:8: Cannot connect to the OpenSearch server...
unit-opensearch-5: 03:01:01 ERROR unit.opensearch/5.juju-log node-lock-fallback:8: [Errno 111] Connection refused
unit-opensearch-3: 03:01:01 ERROR unit.opensearch/3.juju-log upgrade-version-a:9: [Errno 111] Connection refused
unit-opensearch-5: 03:01:01 ERROR unit.opensearch/5.juju-log node-lock-fallback:8: [Errno 111] Connection refused
unit-opensearch-3: 03:01:01 ERROR unit.opensearch/3.juju-log upgrade-version-a:9: [Errno 111] Connection refused
unit-opensearch-3: 03:01:01 ERROR unit.opensearch/3.juju-log upgrade-version-a:9: [Errno 111] Connection refused
unit-opensearch-3: 03:01:02 ERROR unit.opensearch/3.juju-log upgrade-version-a:9: [Errno 111] Connection refused
unit-opensearch-3: 03:01:02 ERROR unit.opensearch/3.juju-log upgrade-version-a:9: [Errno 111] Connection refused
unit-opensearch-3: 03:01:02 ERROR unit.opensearch/3.juju-log upgrade-version-a:9: [Errno 111] Connection refused
unit-opensearch-3: 03:01:02 ERROR unit.opensearch/3.juju-log upgrade-version-a:9: [Errno 111] Connection refused
unit-opensearch-5: 03:01:02 ERROR unit.opensearch/5.juju-log node-lock-fallback:8: [Errno 111] Connection refused
unit-opensearch-5: 03:01:02 ERROR unit.opensearch/5.juju-log node-lock-fallback:8: Cannot connect to the OpenSearch server...
unit-opensearch-5: 03:01:02 ERROR unit.opensearch/5.juju-log node-lock-fallback:8: [Errno 111] Connection refused
unit-opensearch-5: 03:01:03 ERROR unit.opensearch/5.juju-log node-lock-fallback:8: [Errno 111] Connection refused
unit-opensearch-5: 03:01:03 ERROR unit.opensearch/5.juju-log node-lock-fallback:8: [Errno 111] Connection refused
unit-opensearch-3: 03:01:03 ERROR unit.opensearch/3.juju-log upgrade-version-a:9: [Errno 111] Connection refused
unit-opensearch-5: 03:01:03 ERROR unit.opensearch/5.juju-log node-lock-fallback:8: [Errno 111] Connection refused
unit-opensearch-5: 03:01:03 ERROR unit.opensearch/5.juju-log node-lock-fallback:8: [Errno 111] Connection refused
unit-opensearch-4: 03:01:03 ERROR unit.opensearch/4.juju-log opensearch-peers:10: [Errno 111] Connection refused
unit-opensearch-5: 03:01:03 ERROR unit.opensearch/5.juju-log node-lock-fallback:8: [Errno 111] Connection refused
unit-opensearch-4: 03:01:03 ERROR unit.opensearch/4.juju-log opensearch-peers:10: [Errno 111] Connection refused
unit-opensearch-4: 03:01:04 ERROR unit.opensearch/4.juju-log opensearch-peers:10: [Errno 111] Connection refused
unit-opensearch-5: 03:01:04 ERROR unit.opensearch/5.juju-log node-lock-fallback:8: [Errno 111] Connection refused
unit-opensearch-4: 03:01:04 ERROR unit.opensearch/4.juju-log opensearch-peers:10: [Errno 111] Connection refused
unit-opensearch-4: 03:01:04 ERROR unit.opensearch/4.juju-log opensearch-peers:10: [Errno 111] Connection refused
unit-opensearch-3: 03:01:04 ERROR unit.opensearch/3.juju-log opensearch-peers:10: [Errno 111] Connection refused
unit-opensearch-5: 03:01:04 ERROR unit.opensearch/5.juju-log node-lock-fallback:8: [Errno 111] Connection refused
unit-opensearch-5: 03:01:04 ERROR unit.opensearch/5.juju-log node-lock-fallback:8: Cannot connect to the OpenSearch server...
unit-opensearch-3: 03:01:04 ERROR unit.opensearch/3.juju-log opensearch-peers:10: [Errno 111] Connection refused
unit-opensearch-5: 03:01:05 ERROR unit.opensearch/5.juju-log node-lock-fallback:8: [Errno 111] Connection refused
unit-opensearch-3: 03:01:05 ERROR unit.opensearch/3.juju-log opensearch-peers:10: [Errno 111] Connection refused
unit-opensearch-4: 03:01:05 ERROR unit.opensearch/4.juju-log opensearch-peers:10: [Errno 111] Connection refused
unit-opensearch-4: 03:01:05 ERROR unit.opensearch/4.juju-log opensearch-peers:10: [Errno 111] Connection refused
unit-opensearch-4: 03:01:05 ERROR unit.opensearch/4.juju-log opensearch-peers:10: [Errno 111] Connection refused
unit-opensearch-5: 03:01:08 ERROR unit.opensearch/5.juju-log node-lock-fallback:8: [Errno 111] Connection refused
unit-opensearch-3: 03:01:10 ERROR unit.opensearch/3.juju-log opensearch-peers:10: [Errno 111] Connection refused
unit-opensearch-4: 03:01:11 ERROR unit.opensearch/4.juju-log opensearch-peers:10: [Errno 111] Connection refused
unit-opensearch-5: 03:01:11 ERROR unit.opensearch/5.juju-log node-lock-fallback:8: [Errno 111] Connection refused
unit-opensearch-4: 03:01:11 ERROR unit.opensearch/4.juju-log opensearch-peers:10: [Errno 111] Connection refused
unit-opensearch-4: 03:01:11 ERROR unit.opensearch/4.juju-log opensearch-peers:10: [Errno 111] Connection refused
unit-opensearch-4: 03:01:11 ERROR unit.opensearch/4.juju-log opensearch-peers:10: [Errno 111] Connection refused
unit-opensearch-4: 03:01:11 ERROR unit.opensearch/4.juju-log opensearch-peers:10: [Errno 111] Connection refused
unit-opensearch-3: 03:01:11 ERROR unit.opensearch/3.juju-log opensearch-peers:10: [Errno 111] Connection refused
unit-opensearch-3: 03:01:11 ERROR unit.opensearch/3.juju-log opensearch-peers:10: [Errno 111] Connection refused
unit-opensearch-3: 03:01:12 ERROR unit.opensearch/3.juju-log opensearch-peers:10: [Errno 111] Connection refused
unit-opensearch-5: 03:01:14 ERROR unit.opensearch/5.juju-log node-lock-fallback:8: [Errno 111] Connection refused
unit-opensearch-5: 03:01:17 ERROR unit.opensearch/5.juju-log node-lock-fallback:8: [Errno 111] Connection refused
unit-opensearch-5: 03:01:20 ERROR unit.opensearch/5.juju-log node-lock-fallback:8: [Errno 111] Connection refused

[32mINFO    [0m pytest_operator.plugin:plugin.py:947 Forgetting model main...
[32mINFO    [0m integration.ha.test_backups:test_backups.py:173 Cleaning backups from cloud buckets