{"uid":"cb750d595d2161c3","name":"test_build_and_deploy_active","fullName":"tests.integration.tls.test_tls#test_build_and_deploy_active","historyId":"a3032df9b0629f513047c2c2a36aa730","time":{"start":1727919560808,"stop":1727921051355,"duration":1490547},"description":"Build and deploy one unit of OpenSearch.","descriptionHtml":"<p>Build and deploy one unit of OpenSearch.</p>\n","status":"broken","statusMessage":"tenacity.RetryError: RetryError[<Future at 0x735d81fac2e0 state=finished raised Exception>]","statusTrace":"Traceback (most recent call last):\n  File \"/home/ubuntu/actions-runner/_work/opensearch-operator/opensearch-operator/tests/integration/helpers_deployments.py\", line 350, in wait_until\n    raise Exception\nException\n\nThe above exception was the direct cause of the following exception:\n\nTraceback (most recent call last):\n  File \"/home/ubuntu/actions-runner/_work/opensearch-operator/opensearch-operator/.tox/integration/lib/python3.10/site-packages/_pytest/runner.py\", line 341, in from_call\n    result: TResult | None = func()\n  File \"/home/ubuntu/actions-runner/_work/opensearch-operator/opensearch-operator/.tox/integration/lib/python3.10/site-packages/_pytest/runner.py\", line 242, in <lambda>\n    lambda: runtest_hook(item=item, **kwds), when=when, reraise=reraise\n  File \"/home/ubuntu/actions-runner/_work/opensearch-operator/opensearch-operator/.tox/integration/lib/python3.10/site-packages/pluggy/_hooks.py\", line 513, in __call__\n    return self._hookexec(self.name, self._hookimpls.copy(), kwargs, firstresult)\n  File \"/home/ubuntu/actions-runner/_work/opensearch-operator/opensearch-operator/.tox/integration/lib/python3.10/site-packages/pluggy/_manager.py\", line 120, in _hookexec\n    return self._inner_hookexec(hook_name, methods, kwargs, firstresult)\n  File \"/home/ubuntu/actions-runner/_work/opensearch-operator/opensearch-operator/.tox/integration/lib/python3.10/site-packages/pluggy/_callers.py\", line 182, in _multicall\n    return outcome.get_result()\n  File \"/home/ubuntu/actions-runner/_work/opensearch-operator/opensearch-operator/.tox/integration/lib/python3.10/site-packages/pluggy/_result.py\", line 100, in get_result\n    raise exc.with_traceback(exc.__traceback__)\n  File \"/home/ubuntu/actions-runner/_work/opensearch-operator/opensearch-operator/.tox/integration/lib/python3.10/site-packages/pluggy/_callers.py\", line 167, in _multicall\n    teardown.throw(outcome._exception)\n  File \"/home/ubuntu/actions-runner/_work/opensearch-operator/opensearch-operator/.tox/integration/lib/python3.10/site-packages/_pytest/threadexception.py\", line 92, in pytest_runtest_call\n    yield from thread_exception_runtest_hook()\n  File \"/home/ubuntu/actions-runner/_work/opensearch-operator/opensearch-operator/.tox/integration/lib/python3.10/site-packages/_pytest/threadexception.py\", line 68, in thread_exception_runtest_hook\n    yield\n  File \"/home/ubuntu/actions-runner/_work/opensearch-operator/opensearch-operator/.tox/integration/lib/python3.10/site-packages/pluggy/_callers.py\", line 167, in _multicall\n    teardown.throw(outcome._exception)\n  File \"/home/ubuntu/actions-runner/_work/opensearch-operator/opensearch-operator/.tox/integration/lib/python3.10/site-packages/_pytest/unraisableexception.py\", line 95, in pytest_runtest_call\n    yield from unraisable_exception_runtest_hook()\n  File \"/home/ubuntu/actions-runner/_work/opensearch-operator/opensearch-operator/.tox/integration/lib/python3.10/site-packages/_pytest/unraisableexception.py\", line 70, in unraisable_exception_runtest_hook\n    yield\n  File \"/home/ubuntu/actions-runner/_work/opensearch-operator/opensearch-operator/.tox/integration/lib/python3.10/site-packages/pluggy/_callers.py\", line 167, in _multicall\n    teardown.throw(outcome._exception)\n  File \"/home/ubuntu/actions-runner/_work/opensearch-operator/opensearch-operator/.tox/integration/lib/python3.10/site-packages/_pytest/logging.py\", line 848, in pytest_runtest_call\n    yield from self._runtest_for(item, \"call\")\n  File \"/home/ubuntu/actions-runner/_work/opensearch-operator/opensearch-operator/.tox/integration/lib/python3.10/site-packages/_pytest/logging.py\", line 831, in _runtest_for\n    yield\n  File \"/home/ubuntu/actions-runner/_work/opensearch-operator/opensearch-operator/.tox/integration/lib/python3.10/site-packages/pluggy/_callers.py\", line 167, in _multicall\n    teardown.throw(outcome._exception)\n  File \"/home/ubuntu/actions-runner/_work/opensearch-operator/opensearch-operator/.tox/integration/lib/python3.10/site-packages/_pytest/capture.py\", line 879, in pytest_runtest_call\n    return (yield)\n  File \"/home/ubuntu/actions-runner/_work/opensearch-operator/opensearch-operator/.tox/integration/lib/python3.10/site-packages/pluggy/_callers.py\", line 167, in _multicall\n    teardown.throw(outcome._exception)\n  File \"/home/ubuntu/actions-runner/_work/opensearch-operator/opensearch-operator/.tox/integration/lib/python3.10/site-packages/_pytest/skipping.py\", line 257, in pytest_runtest_call\n    return (yield)\n  File \"/home/ubuntu/actions-runner/_work/opensearch-operator/opensearch-operator/.tox/integration/lib/python3.10/site-packages/pluggy/_callers.py\", line 103, in _multicall\n    res = hook_impl.function(*args)\n  File \"/home/ubuntu/actions-runner/_work/opensearch-operator/opensearch-operator/.tox/integration/lib/python3.10/site-packages/_pytest/runner.py\", line 174, in pytest_runtest_call\n    item.runtest()\n  File \"/home/ubuntu/actions-runner/_work/opensearch-operator/opensearch-operator/.tox/integration/lib/python3.10/site-packages/_pytest/python.py\", line 1627, in runtest\n    self.ihook.pytest_pyfunc_call(pyfuncitem=self)\n  File \"/home/ubuntu/actions-runner/_work/opensearch-operator/opensearch-operator/.tox/integration/lib/python3.10/site-packages/pluggy/_hooks.py\", line 513, in __call__\n    return self._hookexec(self.name, self._hookimpls.copy(), kwargs, firstresult)\n  File \"/home/ubuntu/actions-runner/_work/opensearch-operator/opensearch-operator/.tox/integration/lib/python3.10/site-packages/pluggy/_manager.py\", line 120, in _hookexec\n    return self._inner_hookexec(hook_name, methods, kwargs, firstresult)\n  File \"/home/ubuntu/actions-runner/_work/opensearch-operator/opensearch-operator/.tox/integration/lib/python3.10/site-packages/pluggy/_callers.py\", line 182, in _multicall\n    return outcome.get_result()\n  File \"/home/ubuntu/actions-runner/_work/opensearch-operator/opensearch-operator/.tox/integration/lib/python3.10/site-packages/pluggy/_result.py\", line 100, in get_result\n    raise exc.with_traceback(exc.__traceback__)\n  File \"/home/ubuntu/actions-runner/_work/opensearch-operator/opensearch-operator/.tox/integration/lib/python3.10/site-packages/pluggy/_callers.py\", line 103, in _multicall\n    res = hook_impl.function(*args)\n  File \"/home/ubuntu/actions-runner/_work/opensearch-operator/opensearch-operator/.tox/integration/lib/python3.10/site-packages/_pytest/python.py\", line 159, in pytest_pyfunc_call\n    result = testfunction(**testargs)\n  File \"/home/ubuntu/actions-runner/_work/opensearch-operator/opensearch-operator/.tox/integration/lib/python3.10/site-packages/pytest_asyncio/plugin.py\", line 529, in inner\n    _loop.run_until_complete(task)\n  File \"/usr/lib/python3.10/asyncio/base_events.py\", line 649, in run_until_complete\n    return future.result()\n  File \"/home/ubuntu/actions-runner/_work/opensearch-operator/opensearch-operator/tests/integration/tls/test_tls.py\", line 66, in test_build_and_deploy_active\n    await wait_until(\n  File \"/home/ubuntu/actions-runner/_work/opensearch-operator/opensearch-operator/tests/integration/helpers_deployments.py\", line 335, in wait_until\n    for attempt in Retrying(stop=stop_after_delay(timeout), wait=wait_fixed(10)):\n  File \"/home/ubuntu/actions-runner/_work/opensearch-operator/opensearch-operator/.tox/integration/lib/python3.10/site-packages/tenacity/__init__.py\", line 443, in __iter__\n    do = self.iter(retry_state=retry_state)\n  File \"/home/ubuntu/actions-runner/_work/opensearch-operator/opensearch-operator/.tox/integration/lib/python3.10/site-packages/tenacity/__init__.py\", line 376, in iter\n    result = action(retry_state)\n  File \"/home/ubuntu/actions-runner/_work/opensearch-operator/opensearch-operator/.tox/integration/lib/python3.10/site-packages/tenacity/__init__.py\", line 419, in exc_check\n    raise retry_exc from fut.exception()\ntenacity.RetryError: RetryError[<Future at 0x735d81fac2e0 state=finished raised Exception>]","flaky":false,"newFailed":false,"newBroken":true,"newPassed":false,"retriesCount":1,"retriesStatusChange":true,"beforeStages":[{"name":"event_loop","time":{"start":1727919560658,"stop":1727919560659,"duration":1},"status":"passed","steps":[],"attachments":[],"parameters":[],"stepsCount":0,"shouldDisplayMessage":false,"attachmentsCount":0,"hasContent":false,"attachmentStep":false},{"name":"ops_test","time":{"start":1727919560659,"stop":1727919560807,"duration":148},"status":"passed","steps":[],"attachments":[],"parameters":[],"stepsCount":0,"shouldDisplayMessage":false,"attachmentsCount":0,"hasContent":false,"attachmentStep":false},{"name":"tmp_path_factory","time":{"start":1727919560659,"stop":1727919560659,"duration":0},"status":"passed","steps":[],"attachments":[],"parameters":[],"stepsCount":0,"shouldDisplayMessage":false,"attachmentsCount":0,"hasContent":false,"attachmentStep":false},{"name":"abort_on_fail","time":{"start":1727919560807,"stop":1727919560807,"duration":0},"status":"passed","steps":[],"attachments":[],"parameters":[],"stepsCount":0,"shouldDisplayMessage":false,"attachmentsCount":0,"hasContent":false,"attachmentStep":false}],"testStage":{"description":"Build and deploy one unit of OpenSearch.","status":"broken","statusMessage":"tenacity.RetryError: RetryError[<Future at 0x735d81fac2e0 state=finished raised Exception>]","statusTrace":"Traceback (most recent call last):\n  File \"/home/ubuntu/actions-runner/_work/opensearch-operator/opensearch-operator/tests/integration/helpers_deployments.py\", line 350, in wait_until\n    raise Exception\nException\n\nThe above exception was the direct cause of the following exception:\n\nTraceback (most recent call last):\n  File \"/home/ubuntu/actions-runner/_work/opensearch-operator/opensearch-operator/.tox/integration/lib/python3.10/site-packages/_pytest/runner.py\", line 341, in from_call\n    result: TResult | None = func()\n  File \"/home/ubuntu/actions-runner/_work/opensearch-operator/opensearch-operator/.tox/integration/lib/python3.10/site-packages/_pytest/runner.py\", line 242, in <lambda>\n    lambda: runtest_hook(item=item, **kwds), when=when, reraise=reraise\n  File \"/home/ubuntu/actions-runner/_work/opensearch-operator/opensearch-operator/.tox/integration/lib/python3.10/site-packages/pluggy/_hooks.py\", line 513, in __call__\n    return self._hookexec(self.name, self._hookimpls.copy(), kwargs, firstresult)\n  File \"/home/ubuntu/actions-runner/_work/opensearch-operator/opensearch-operator/.tox/integration/lib/python3.10/site-packages/pluggy/_manager.py\", line 120, in _hookexec\n    return self._inner_hookexec(hook_name, methods, kwargs, firstresult)\n  File \"/home/ubuntu/actions-runner/_work/opensearch-operator/opensearch-operator/.tox/integration/lib/python3.10/site-packages/pluggy/_callers.py\", line 182, in _multicall\n    return outcome.get_result()\n  File \"/home/ubuntu/actions-runner/_work/opensearch-operator/opensearch-operator/.tox/integration/lib/python3.10/site-packages/pluggy/_result.py\", line 100, in get_result\n    raise exc.with_traceback(exc.__traceback__)\n  File \"/home/ubuntu/actions-runner/_work/opensearch-operator/opensearch-operator/.tox/integration/lib/python3.10/site-packages/pluggy/_callers.py\", line 167, in _multicall\n    teardown.throw(outcome._exception)\n  File \"/home/ubuntu/actions-runner/_work/opensearch-operator/opensearch-operator/.tox/integration/lib/python3.10/site-packages/_pytest/threadexception.py\", line 92, in pytest_runtest_call\n    yield from thread_exception_runtest_hook()\n  File \"/home/ubuntu/actions-runner/_work/opensearch-operator/opensearch-operator/.tox/integration/lib/python3.10/site-packages/_pytest/threadexception.py\", line 68, in thread_exception_runtest_hook\n    yield\n  File \"/home/ubuntu/actions-runner/_work/opensearch-operator/opensearch-operator/.tox/integration/lib/python3.10/site-packages/pluggy/_callers.py\", line 167, in _multicall\n    teardown.throw(outcome._exception)\n  File \"/home/ubuntu/actions-runner/_work/opensearch-operator/opensearch-operator/.tox/integration/lib/python3.10/site-packages/_pytest/unraisableexception.py\", line 95, in pytest_runtest_call\n    yield from unraisable_exception_runtest_hook()\n  File \"/home/ubuntu/actions-runner/_work/opensearch-operator/opensearch-operator/.tox/integration/lib/python3.10/site-packages/_pytest/unraisableexception.py\", line 70, in unraisable_exception_runtest_hook\n    yield\n  File \"/home/ubuntu/actions-runner/_work/opensearch-operator/opensearch-operator/.tox/integration/lib/python3.10/site-packages/pluggy/_callers.py\", line 167, in _multicall\n    teardown.throw(outcome._exception)\n  File \"/home/ubuntu/actions-runner/_work/opensearch-operator/opensearch-operator/.tox/integration/lib/python3.10/site-packages/_pytest/logging.py\", line 848, in pytest_runtest_call\n    yield from self._runtest_for(item, \"call\")\n  File \"/home/ubuntu/actions-runner/_work/opensearch-operator/opensearch-operator/.tox/integration/lib/python3.10/site-packages/_pytest/logging.py\", line 831, in _runtest_for\n    yield\n  File \"/home/ubuntu/actions-runner/_work/opensearch-operator/opensearch-operator/.tox/integration/lib/python3.10/site-packages/pluggy/_callers.py\", line 167, in _multicall\n    teardown.throw(outcome._exception)\n  File \"/home/ubuntu/actions-runner/_work/opensearch-operator/opensearch-operator/.tox/integration/lib/python3.10/site-packages/_pytest/capture.py\", line 879, in pytest_runtest_call\n    return (yield)\n  File \"/home/ubuntu/actions-runner/_work/opensearch-operator/opensearch-operator/.tox/integration/lib/python3.10/site-packages/pluggy/_callers.py\", line 167, in _multicall\n    teardown.throw(outcome._exception)\n  File \"/home/ubuntu/actions-runner/_work/opensearch-operator/opensearch-operator/.tox/integration/lib/python3.10/site-packages/_pytest/skipping.py\", line 257, in pytest_runtest_call\n    return (yield)\n  File \"/home/ubuntu/actions-runner/_work/opensearch-operator/opensearch-operator/.tox/integration/lib/python3.10/site-packages/pluggy/_callers.py\", line 103, in _multicall\n    res = hook_impl.function(*args)\n  File \"/home/ubuntu/actions-runner/_work/opensearch-operator/opensearch-operator/.tox/integration/lib/python3.10/site-packages/_pytest/runner.py\", line 174, in pytest_runtest_call\n    item.runtest()\n  File \"/home/ubuntu/actions-runner/_work/opensearch-operator/opensearch-operator/.tox/integration/lib/python3.10/site-packages/_pytest/python.py\", line 1627, in runtest\n    self.ihook.pytest_pyfunc_call(pyfuncitem=self)\n  File \"/home/ubuntu/actions-runner/_work/opensearch-operator/opensearch-operator/.tox/integration/lib/python3.10/site-packages/pluggy/_hooks.py\", line 513, in __call__\n    return self._hookexec(self.name, self._hookimpls.copy(), kwargs, firstresult)\n  File \"/home/ubuntu/actions-runner/_work/opensearch-operator/opensearch-operator/.tox/integration/lib/python3.10/site-packages/pluggy/_manager.py\", line 120, in _hookexec\n    return self._inner_hookexec(hook_name, methods, kwargs, firstresult)\n  File \"/home/ubuntu/actions-runner/_work/opensearch-operator/opensearch-operator/.tox/integration/lib/python3.10/site-packages/pluggy/_callers.py\", line 182, in _multicall\n    return outcome.get_result()\n  File \"/home/ubuntu/actions-runner/_work/opensearch-operator/opensearch-operator/.tox/integration/lib/python3.10/site-packages/pluggy/_result.py\", line 100, in get_result\n    raise exc.with_traceback(exc.__traceback__)\n  File \"/home/ubuntu/actions-runner/_work/opensearch-operator/opensearch-operator/.tox/integration/lib/python3.10/site-packages/pluggy/_callers.py\", line 103, in _multicall\n    res = hook_impl.function(*args)\n  File \"/home/ubuntu/actions-runner/_work/opensearch-operator/opensearch-operator/.tox/integration/lib/python3.10/site-packages/_pytest/python.py\", line 159, in pytest_pyfunc_call\n    result = testfunction(**testargs)\n  File \"/home/ubuntu/actions-runner/_work/opensearch-operator/opensearch-operator/.tox/integration/lib/python3.10/site-packages/pytest_asyncio/plugin.py\", line 529, in inner\n    _loop.run_until_complete(task)\n  File \"/usr/lib/python3.10/asyncio/base_events.py\", line 649, in run_until_complete\n    return future.result()\n  File \"/home/ubuntu/actions-runner/_work/opensearch-operator/opensearch-operator/tests/integration/tls/test_tls.py\", line 66, in test_build_and_deploy_active\n    await wait_until(\n  File \"/home/ubuntu/actions-runner/_work/opensearch-operator/opensearch-operator/tests/integration/helpers_deployments.py\", line 335, in wait_until\n    for attempt in Retrying(stop=stop_after_delay(timeout), wait=wait_fixed(10)):\n  File \"/home/ubuntu/actions-runner/_work/opensearch-operator/opensearch-operator/.tox/integration/lib/python3.10/site-packages/tenacity/__init__.py\", line 443, in __iter__\n    do = self.iter(retry_state=retry_state)\n  File \"/home/ubuntu/actions-runner/_work/opensearch-operator/opensearch-operator/.tox/integration/lib/python3.10/site-packages/tenacity/__init__.py\", line 376, in iter\n    result = action(retry_state)\n  File \"/home/ubuntu/actions-runner/_work/opensearch-operator/opensearch-operator/.tox/integration/lib/python3.10/site-packages/tenacity/__init__.py\", line 419, in exc_check\n    raise retry_exc from fut.exception()\ntenacity.RetryError: RetryError[<Future at 0x735d81fac2e0 state=finished raised Exception>]","steps":[],"attachments":[{"uid":"3e397009721df9f7","name":"log","source":"3e397009721df9f7.txt","type":"text/plain","size":399348}],"parameters":[],"stepsCount":0,"shouldDisplayMessage":true,"attachmentsCount":1,"hasContent":true,"attachmentStep":false},"afterStages":[{"name":"abort_on_fail::0","time":{"start":1727921051361,"stop":1727921051361,"duration":0},"status":"passed","steps":[],"attachments":[],"parameters":[],"stepsCount":0,"shouldDisplayMessage":false,"attachmentsCount":0,"hasContent":false,"attachmentStep":false},{"name":"ops_test::finalizer","time":{"start":1727921051381,"stop":1727921051739,"duration":358},"status":"passed","steps":[],"attachments":[],"parameters":[],"stepsCount":0,"shouldDisplayMessage":false,"attachmentsCount":0,"hasContent":false,"attachmentStep":false},{"name":"event_loop::2","time":{"start":1727921051740,"stop":1727921051740,"duration":0},"status":"passed","steps":[],"attachments":[],"parameters":[],"stepsCount":0,"shouldDisplayMessage":false,"attachmentsCount":0,"hasContent":false,"attachmentStep":false},{"name":"event_loop::_close_event_loop","time":{"start":1727921051740,"stop":1727921051740,"duration":0},"status":"passed","steps":[],"attachments":[],"parameters":[],"stepsCount":0,"shouldDisplayMessage":false,"attachmentsCount":0,"hasContent":false,"attachmentStep":false},{"name":"event_loop::_provide_clean_event_loop","time":{"start":1727921051740,"stop":1727921051740,"duration":0},"status":"passed","steps":[],"attachments":[],"parameters":[],"stepsCount":0,"shouldDisplayMessage":false,"attachmentsCount":0,"hasContent":false,"attachmentStep":false}],"labels":[{"name":"tag","value":"skip_if_deployed"},{"name":"tag","value":"abort_on_fail"},{"name":"tag","value":"group(1)"},{"name":"tag","value":"runner(['self-hosted', 'linux', 'X64', 'jammy', 'large'])"},{"name":"tag","value":"asyncio"},{"name":"parentSuite","value":"tests.integration.tls"},{"name":"suite","value":"test_tls"},{"name":"host","value":"github-runner"},{"name":"thread","value":"22217-MainThread"},{"name":"framework","value":"pytest"},{"name":"language","value":"cpython3"},{"name":"package","value":"tests.integration.tls.test_tls"},{"name":"resultFormat","value":"allure2"}],"parameters":[],"links":[],"hidden":false,"retry":false,"extra":{"severity":"normal","retries":[{"uid":"26a38f4a92fadf50","status":"unknown","time":{}}],"categories":[{"name":"Test defects","matchedStatuses":[],"flaky":false}],"history":{"statistic":{"failed":0,"broken":8,"skipped":0,"passed":58,"unknown":0,"total":66},"items":[{"uid":"48979507e3c691f7","reportUrl":"../2904//#testresult/48979507e3c691f7","status":"passed","time":{"start":1727835621477,"stop":1727836434579,"duration":813102}},{"uid":"1923d502127a5340","reportUrl":"../2901//#testresult/1923d502127a5340","status":"passed","time":{"start":1727749420033,"stop":1727749905747,"duration":485714}},{"uid":"fd8027d3778cd566","reportUrl":"../2897//#testresult/fd8027d3778cd566","status":"broken","statusDetails":"tenacity.RetryError: RetryError[<Future at 0x72ed720059f0 state=finished raised Exception>]","time":{"start":1727662681266,"stop":1727664124822,"duration":1443556}},{"uid":"9b343dd9bb59f994","reportUrl":"../2896//#testresult/9b343dd9bb59f994","status":"passed","time":{"start":1727573704935,"stop":1727574148514,"duration":443579}},{"uid":"aa629419db94c327","reportUrl":"../2895//#testresult/aa629419db94c327","status":"passed","time":{"start":1727488928174,"stop":1727489259387,"duration":331213}},{"uid":"92617917ee7af34c","reportUrl":"../2890//#testresult/92617917ee7af34c","status":"passed","time":{"start":1727402569626,"stop":1727402844097,"duration":274471}},{"uid":"a6c67ed849b7fe76","reportUrl":"../2877//#testresult/a6c67ed849b7fe76","status":"passed","time":{"start":1727316848113,"stop":1727317122208,"duration":274095}},{"uid":"a20a495ff41bda86","reportUrl":"../2876//#testresult/a20a495ff41bda86","status":"passed","time":{"start":1727227933752,"stop":1727228277054,"duration":343302}},{"uid":"6a8a6b1f7561aeb1","reportUrl":"../2870//#testresult/6a8a6b1f7561aeb1","status":"passed","time":{"start":1727141559707,"stop":1727141991779,"duration":432072}},{"uid":"70f2acc38014e9fa","reportUrl":"../2845//#testresult/70f2acc38014e9fa","status":"broken","statusDetails":"tenacity.RetryError: RetryError[<Future at 0x719ed9b88790 state=finished raised Exception>]","time":{"start":1727055377199,"stop":1727056763967,"duration":1386768}},{"uid":"96a60f6e18b33bbf","reportUrl":"../2836//#testresult/96a60f6e18b33bbf","status":"passed","time":{"start":1726968755088,"stop":1726969111408,"duration":356320}},{"uid":"7e193835964019ac","reportUrl":"../2835//#testresult/7e193835964019ac","status":"passed","time":{"start":1726882333508,"stop":1726882751462,"duration":417954}},{"uid":"dfb4859a215ed512","reportUrl":"../2826//#testresult/dfb4859a215ed512","status":"passed","time":{"start":1726795939913,"stop":1726796270283,"duration":330370}},{"uid":"3ad20cd89c3fa9c","reportUrl":"../2813//#testresult/3ad20cd89c3fa9c","status":"passed","time":{"start":1726709583428,"stop":1726709871768,"duration":288340}},{"uid":"c1b458a26eca495f","reportUrl":"../2811//#testresult/c1b458a26eca495f","status":"passed","time":{"start":1726623125612,"stop":1726623435079,"duration":309467}},{"uid":"21ab3c0168b77be9","reportUrl":"../2802//#testresult/21ab3c0168b77be9","status":"passed","time":{"start":1726536636687,"stop":1726536987620,"duration":350933}},{"uid":"cd2756ed4e886ca4","reportUrl":"../2792//#testresult/cd2756ed4e886ca4","status":"passed","time":{"start":1726450305607,"stop":1726450602051,"duration":296444}},{"uid":"5250ab86bbd941bb","reportUrl":"../2790//#testresult/5250ab86bbd941bb","status":"passed","time":{"start":1726363957029,"stop":1726364245294,"duration":288265}},{"uid":"506081c3f5193203","reportUrl":"../2788//#testresult/506081c3f5193203","status":"passed","time":{"start":1726277644284,"stop":1726278134357,"duration":490073}},{"uid":"55b18f7e5d16b52e","reportUrl":"../2773//#testresult/55b18f7e5d16b52e","status":"passed","time":{"start":1726191104526,"stop":1726191428500,"duration":323974}}]},"tags":["skip_if_deployed","runner(['self-hosted', 'linux', 'X64', 'jammy', 'large'])","asyncio","abort_on_fail","group(1)"]},"source":"cb750d595d2161c3.json","parameterValues":[]}