[32mINFO    [0m pytest_operator.plugin:plugin.py:862 Model status:

Model  Controller           Cloud/Region         Version  SLA          Timestamp
test   localhost-localhost  localhost/localhost  3.5.3    unsupported  02:26:03Z

App                       Version  Status   Scale  Charm                     Channel        Rev  Exposed  Message
failover                           active       2  opensearch                                 1  no       
grafana-agent                      blocked      4  grafana-agent             latest/edge    286  no       Missing ['grafana-cloud-config']|['grafana-dashboards-provider']|['logging-consumer']|['send-remote-write'] for cos-a...
main                               active       1  opensearch                                 0  no       
opensearch                         active       1  opensearch                                 2  no       
self-signed-certificates           active       1  self-signed-certificates  latest/stable  155  no       

Unit                         Workload     Agent      Machine  Public address  Ports     Message
failover/0*                  active       idle       1        10.190.11.139   9200/tcp  
  grafana-agent/0*           blocked      idle                10.190.11.139             Missing ['grafana-cloud-config']|['grafana-dashboards-provider']|['logging-consumer']|['send-remote-write'] for cos-a...
failover/1                   active       idle       2        10.190.11.163   9200/tcp  
  grafana-agent/1            blocked      idle                10.190.11.163             Missing ['grafana-cloud-config']|['grafana-dashboards-provider']|['logging-consumer']|['send-remote-write'] for cos-a...
main/0*                      active       idle       3        10.190.11.23    9200/tcp  
  grafana-agent/2            maintenance  executing           10.190.11.23              (install) Installing grafana-agent snap
opensearch/0*                active       idle       4        10.190.11.189   9200/tcp  
  grafana-agent/3            maintenance  executing           10.190.11.189             (install) Installing grafana-agent snap
self-signed-certificates/0*  active       idle       0        10.190.11.162             

Machine  State    Address        Inst id        Base          AZ  Message
0        started  10.190.11.162  juju-d05c27-0  ubuntu@22.04      Running
1        started  10.190.11.139  juju-d05c27-1  ubuntu@22.04      Running
2        started  10.190.11.163  juju-d05c27-2  ubuntu@22.04      Running
3        started  10.190.11.23   juju-d05c27-3  ubuntu@22.04      Running
4        started  10.190.11.189  juju-d05c27-4  ubuntu@22.04      Running

[32mINFO    [0m pytest_operator.plugin:plugin.py:868 Juju error logs:

machine-1: 02:00:52 ERROR juju.worker.dependency "lxd-container-provisioner" manifold worker returned unexpected error: container types not yet available
machine-1: 02:00:52 ERROR juju.worker.dependency "kvm-container-provisioner" manifold worker returned unexpected error: container types not yet available
unit-failover-0: 02:00:52 ERROR juju.worker.meterstatus error running "meter-status-changed": charm missing from disk
machine-3: 02:01:42 ERROR juju.worker.dependency "lxd-container-provisioner" manifold worker returned unexpected error: container types not yet available
machine-3: 02:01:42 ERROR juju.worker.dependency "kvm-container-provisioner" manifold worker returned unexpected error: container types not yet available
unit-main-0: 02:01:42 ERROR juju.worker.meterstatus error running "meter-status-changed": charm missing from disk
machine-4: 02:02:43 ERROR juju.worker.dependency "lxd-container-provisioner" manifold worker returned unexpected error: container types not yet available
machine-4: 02:02:43 ERROR juju.worker.dependency "kvm-container-provisioner" manifold worker returned unexpected error: container types not yet available
unit-opensearch-0: 02:02:43 ERROR juju.worker.meterstatus error running "meter-status-changed": charm missing from disk
machine-0: 02:03:33 ERROR juju.worker.dependency "kvm-container-provisioner" manifold worker returned unexpected error: container types not yet available
machine-0: 02:03:33 ERROR juju.worker.dependency "lxd-container-provisioner" manifold worker returned unexpected error: container types not yet available
unit-self-signed-certificates-0: 02:03:33 ERROR juju.worker.meterstatus error running "meter-status-changed": charm missing from disk
machine-2: 02:04:04 ERROR juju.worker.dependency "kvm-container-provisioner" manifold worker returned unexpected error: container types not yet available
machine-2: 02:04:04 ERROR juju.worker.dependency "lxd-container-provisioner" manifold worker returned unexpected error: container types not yet available
unit-failover-1: 02:04:04 ERROR juju.worker.meterstatus error running "meter-status-changed": charm missing from disk
unit-main-0: 02:08:21 ERROR unit.main/0.juju-log certificates:12: err:  / out: keytool error: java.lang.Exception: Keystore file does not exist: /var/snap/opensearch/current/etc/opensearch/certificates/ca.p12

unit-main-0: 02:08:27 ERROR unit.main/0.juju-log peer-cluster-orchestrator:9: Cannot connect to the OpenSearch server...
unit-main-0: 02:08:27 ERROR unit.main/0.juju-log peer-cluster-orchestrator:9: Cannot connect to the OpenSearch server...
unit-main-0: 02:08:27 ERROR unit.main/0.juju-log peer-cluster-orchestrator:9: Cannot connect to the OpenSearch server...
unit-main-0: 02:08:30 ERROR unit.main/0.juju-log peer-cluster-orchestrator:9: Cannot connect to the OpenSearch server...
unit-main-0: 02:08:33 ERROR unit.main/0.juju-log peer-cluster-orchestrator:9: Cannot connect to the OpenSearch server...
unit-main-0: 02:08:37 ERROR unit.main/0.juju-log peer-cluster-orchestrator:9: Cannot connect to the OpenSearch server...
unit-main-0: 02:08:40 ERROR unit.main/0.juju-log peer-cluster-orchestrator:9: Cannot connect to the OpenSearch server...
unit-failover-0: 02:09:44 ERROR unit.failover/0.juju-log certificates:13: err:  / out: keytool error: java.lang.Exception: Keystore file does not exist: /var/snap/opensearch/current/etc/opensearch/certificates/ca.p12

unit-failover-0: 02:09:49 ERROR unit.failover/0.juju-log Cannot connect to the OpenSearch server...
unit-failover-0: 02:09:51 ERROR unit.failover/0.juju-log Cannot connect to the OpenSearch server...
unit-opensearch-0: 02:10:01 ERROR unit.opensearch/0.juju-log certificates:14: err:  / out: keytool error: java.lang.Exception: Keystore file does not exist: /var/snap/opensearch/current/etc/opensearch/certificates/ca.p12

unit-opensearch-0: 02:10:07 ERROR unit.opensearch/0.juju-log Cannot connect to the OpenSearch server...
unit-opensearch-0: 02:10:08 ERROR unit.opensearch/0.juju-log Cannot connect to the OpenSearch server...
unit-opensearch-0: 02:10:10 ERROR unit.opensearch/0.juju-log Cannot connect to the OpenSearch server...
unit-failover-1: 02:20:50 ERROR unit.failover/1.juju-log certificates:13: err:  / out: keytool error: java.lang.Exception: Keystore file does not exist: /var/snap/opensearch/current/etc/opensearch/certificates/ca.p12

unit-failover-1: 02:20:56 ERROR unit.failover/1.juju-log Cannot connect to the OpenSearch server...
unit-failover-1: 02:20:58 ERROR unit.failover/1.juju-log Cannot connect to the OpenSearch server...
unit-grafana-agent-0: 02:23:11 ERROR juju.worker.dependency "uniter" manifold worker returned unexpected error: preparing operation "install ch:amd64/jammy/grafana-agent-286" for grafana-agent/0: failed to download charm "ch:amd64/jammy/grafana-agent-286" from API server: download request with archiveSha256 length 0 not valid
unit-grafana-agent-1: 02:23:11 ERROR juju.worker.dependency "uniter" manifold worker returned unexpected error: preparing operation "install ch:amd64/jammy/grafana-agent-286" for grafana-agent/1: failed to download charm "ch:amd64/jammy/grafana-agent-286" from API server: download request with archiveSha256 length 0 not valid
unit-grafana-agent-2: 02:23:11 ERROR juju.worker.dependency "uniter" manifold worker returned unexpected error: preparing operation "install ch:amd64/jammy/grafana-agent-286" for grafana-agent/2: failed to download charm "ch:amd64/jammy/grafana-agent-286" from API server: download request with archiveSha256 length 0 not valid
unit-grafana-agent-3: 02:23:11 ERROR juju.worker.dependency "uniter" manifold worker returned unexpected error: preparing operation "install ch:amd64/jammy/grafana-agent-286" for grafana-agent/3: failed to download charm "ch:amd64/jammy/grafana-agent-286" from API server: download request with archiveSha256 length 0 not valid
unit-grafana-agent-0: 02:23:12 ERROR juju.worker.meterstatus error running "meter-status-changed": charm missing from disk
unit-grafana-agent-1: 02:23:12 ERROR juju.worker.meterstatus error running "meter-status-changed": charm missing from disk
unit-grafana-agent-3: 02:23:12 ERROR juju.worker.meterstatus error running "meter-status-changed": charm missing from disk
unit-grafana-agent-2: 02:23:12 ERROR juju.worker.meterstatus error running "meter-status-changed": charm missing from disk
unit-grafana-agent-1: 02:23:15 ERROR juju.worker.dependency "uniter" manifold worker returned unexpected error: preparing operation "install ch:amd64/jammy/grafana-agent-286" for grafana-agent/1: failed to download charm "ch:amd64/jammy/grafana-agent-286" from API server: download request with archiveSha256 length 0 not valid
unit-grafana-agent-0: 02:23:15 ERROR juju.worker.dependency "uniter" manifold worker returned unexpected error: preparing operation "install ch:amd64/jammy/grafana-agent-286" for grafana-agent/0: failed to download charm "ch:amd64/jammy/grafana-agent-286" from API server: download request with archiveSha256 length 0 not valid
unit-grafana-agent-3: 02:23:15 ERROR juju.worker.dependency "uniter" manifold worker returned unexpected error: preparing operation "install ch:amd64/jammy/grafana-agent-286" for grafana-agent/3: failed to download charm "ch:amd64/jammy/grafana-agent-286" from API server: download request with archiveSha256 length 0 not valid
unit-grafana-agent-2: 02:23:15 ERROR juju.worker.dependency "uniter" manifold worker returned unexpected error: preparing operation "install ch:amd64/jammy/grafana-agent-286" for grafana-agent/2: failed to download charm "ch:amd64/jammy/grafana-agent-286" from API server: download request with archiveSha256 length 0 not valid

[32mINFO    [0m pytest_operator.plugin:plugin.py:947 Forgetting model main...