[32mINFO    [0m pytest_operator.plugin:plugin.py:862 Model status:

Model  Controller           Cloud/Region         Version  SLA          Timestamp
test   localhost-localhost  localhost/localhost  3.5.3    unsupported  03:41:20Z

App                       Version  Status   Scale  Charm                     Channel        Rev  Exposed  Message
failover                           active       2  opensearch                                 1  no       
grafana-agent                      blocked      4  grafana-agent             latest/edge    286  no       Missing ['grafana-cloud-config']|['grafana-dashboards-provider']|['logging-consumer']|['send-remote-write'] for cos-a...
main                               active       1  opensearch                                 0  no       
opensearch                         active       1  opensearch                                 2  no       
self-signed-certificates           active       1  self-signed-certificates  latest/stable  155  no       

Unit                         Workload     Agent      Machine  Public address  Ports     Message
failover/0*                  active       idle       1        10.178.74.233   9200/tcp  
  grafana-agent/1            blocked      idle                10.178.74.233             Missing ['grafana-cloud-config']|['grafana-dashboards-provider']|['logging-consumer']|['send-remote-write'] for cos-a...
failover/1                   active       idle       2        10.178.74.173   9200/tcp  
  grafana-agent/0*           blocked      idle                10.178.74.173             Missing ['grafana-cloud-config']|['grafana-dashboards-provider']|['logging-consumer']|['send-remote-write'] for cos-a...
main/0*                      active       idle       3        10.178.74.108   9200/tcp  
  grafana-agent/2            maintenance  executing           10.178.74.108             (install) Installing grafana-agent snap
opensearch/0*                active       idle       4        10.178.74.195   9200/tcp  
  grafana-agent/3            maintenance  executing           10.178.74.195             (install) Installing grafana-agent snap
self-signed-certificates/0*  active       idle       0        10.178.74.179             

Machine  State    Address        Inst id        Base          AZ  Message
0        started  10.178.74.179  juju-f38433-0  ubuntu@22.04      Running
1        started  10.178.74.233  juju-f38433-1  ubuntu@22.04      Running
2        started  10.178.74.173  juju-f38433-2  ubuntu@22.04      Running
3        started  10.178.74.108  juju-f38433-3  ubuntu@22.04      Running
4        started  10.178.74.195  juju-f38433-4  ubuntu@22.04      Running

[32mINFO    [0m pytest_operator.plugin:plugin.py:868 Juju error logs:

machine-4: 03:32:16 ERROR juju.worker.dependency "lxd-container-provisioner" manifold worker returned unexpected error: container types not yet available
machine-4: 03:32:16 ERROR juju.worker.dependency "kvm-container-provisioner" manifold worker returned unexpected error: container types not yet available
unit-opensearch-0: 03:32:17 ERROR juju.worker.meterstatus error running "meter-status-changed": charm missing from disk
machine-3: 03:32:17 ERROR juju.worker.dependency "lxd-container-provisioner" manifold worker returned unexpected error: container types not yet available
machine-3: 03:32:17 ERROR juju.worker.dependency "kvm-container-provisioner" manifold worker returned unexpected error: container types not yet available
unit-main-0: 03:32:17 ERROR juju.worker.meterstatus error running "meter-status-changed": charm missing from disk
machine-1: 03:32:34 ERROR juju.worker.dependency "kvm-container-provisioner" manifold worker returned unexpected error: container types not yet available
machine-1: 03:32:34 ERROR juju.worker.dependency "lxd-container-provisioner" manifold worker returned unexpected error: container types not yet available
unit-failover-0: 03:32:34 ERROR juju.worker.meterstatus error running "meter-status-changed": charm missing from disk
machine-0: 03:33:29 ERROR juju.worker.dependency "kvm-container-provisioner" manifold worker returned unexpected error: container types not yet available
machine-0: 03:33:29 ERROR juju.worker.dependency "lxd-container-provisioner" manifold worker returned unexpected error: container types not yet available
unit-self-signed-certificates-0: 03:33:29 ERROR juju.worker.meterstatus error running "meter-status-changed": charm missing from disk
machine-2: 03:33:45 ERROR juju.worker.dependency "lxd-container-provisioner" manifold worker returned unexpected error: container types not yet available
machine-2: 03:33:45 ERROR juju.worker.dependency "kvm-container-provisioner" manifold worker returned unexpected error: container types not yet available
unit-failover-1: 03:33:45 ERROR juju.worker.meterstatus error running "meter-status-changed": charm missing from disk
unit-main-0: 03:34:38 ERROR unit.main/0.juju-log certificates:12: err:  / out: keytool error: java.lang.Exception: Keystore file does not exist: /var/snap/opensearch/current/etc/opensearch/certificates/ca.p12

unit-main-0: 03:34:44 ERROR unit.main/0.juju-log Cannot connect to the OpenSearch server...
unit-main-0: 03:34:44 ERROR unit.main/0.juju-log Cannot connect to the OpenSearch server...
unit-main-0: 03:34:45 ERROR unit.main/0.juju-log Cannot connect to the OpenSearch server...
unit-main-0: 03:34:48 ERROR unit.main/0.juju-log Cannot connect to the OpenSearch server...
unit-main-0: 03:34:51 ERROR unit.main/0.juju-log Cannot connect to the OpenSearch server...
unit-main-0: 03:34:54 ERROR unit.main/0.juju-log Cannot connect to the OpenSearch server...
unit-main-0: 03:34:57 ERROR unit.main/0.juju-log Cannot connect to the OpenSearch server...
unit-failover-0: 03:35:50 ERROR unit.failover/0.juju-log certificates:13: err:  / out: keytool error: java.lang.Exception: Keystore file does not exist: /var/snap/opensearch/current/etc/opensearch/certificates/ca.p12

unit-opensearch-0: 03:35:50 ERROR unit.opensearch/0.juju-log certificates:14: err:  / out: keytool error: java.lang.Exception: Keystore file does not exist: /var/snap/opensearch/current/etc/opensearch/certificates/ca.p12

unit-opensearch-0: 03:35:55 ERROR unit.opensearch/0.juju-log peer-cluster:10: Cannot connect to the OpenSearch server...
unit-opensearch-0: 03:35:56 ERROR unit.opensearch/0.juju-log peer-cluster:10: Cannot connect to the OpenSearch server...
unit-failover-0: 03:35:56 ERROR unit.failover/0.juju-log Cannot connect to the OpenSearch server...
unit-opensearch-0: 03:35:56 ERROR unit.opensearch/0.juju-log peer-cluster:10: Cannot connect to the OpenSearch server...
unit-failover-0: 03:35:57 ERROR unit.failover/0.juju-log Cannot connect to the OpenSearch server...
unit-opensearch-0: 03:35:59 ERROR unit.opensearch/0.juju-log peer-cluster:10: Cannot connect to the OpenSearch server...
unit-opensearch-0: 03:36:02 ERROR unit.opensearch/0.juju-log peer-cluster:10: Cannot connect to the OpenSearch server...
unit-opensearch-0: 03:36:05 ERROR unit.opensearch/0.juju-log peer-cluster:10: Cannot connect to the OpenSearch server...
unit-failover-1: 03:36:06 ERROR unit.failover/1.juju-log certificates:13: err:  / out: keytool error: java.lang.Exception: Keystore file does not exist: /var/snap/opensearch/current/etc/opensearch/certificates/ca.p12

unit-opensearch-0: 03:36:08 ERROR unit.opensearch/0.juju-log peer-cluster:10: Cannot connect to the OpenSearch server...
unit-opensearch-0: 03:36:11 ERROR unit.opensearch/0.juju-log peer-cluster:10: Cannot connect to the OpenSearch server...
unit-failover-1: 03:36:12 ERROR unit.failover/1.juju-log Cannot connect to the OpenSearch server...
unit-failover-1: 03:36:13 ERROR unit.failover/1.juju-log Cannot connect to the OpenSearch server...
unit-failover-1: 03:36:14 ERROR unit.failover/1.juju-log peer-cluster-orchestrator:11: Cannot connect to the OpenSearch server...
unit-failover-1: 03:36:16 ERROR unit.failover/1.juju-log upgrade-version-a:0: Cannot connect to the OpenSearch server...
unit-failover-1: 03:36:19 ERROR unit.failover/1.juju-log upgrade-version-a:0: Cannot connect to the OpenSearch server...
unit-grafana-agent-0: 03:39:04 ERROR juju.worker.dependency "uniter" manifold worker returned unexpected error: preparing operation "install ch:amd64/jammy/grafana-agent-286" for grafana-agent/0: failed to download charm "ch:amd64/jammy/grafana-agent-286" from API server: download request with archiveSha256 length 0 not valid
unit-grafana-agent-1: 03:39:04 ERROR juju.worker.dependency "uniter" manifold worker returned unexpected error: preparing operation "install ch:amd64/jammy/grafana-agent-286" for grafana-agent/1: failed to download charm "ch:amd64/jammy/grafana-agent-286" from API server: download request with archiveSha256 length 0 not valid
unit-grafana-agent-2: 03:39:04 ERROR juju.worker.dependency "uniter" manifold worker returned unexpected error: preparing operation "install ch:amd64/jammy/grafana-agent-286" for grafana-agent/2: failed to download charm "ch:amd64/jammy/grafana-agent-286" from API server: download request with archiveSha256 length 0 not valid
unit-grafana-agent-3: 03:39:04 ERROR juju.worker.dependency "uniter" manifold worker returned unexpected error: preparing operation "install ch:amd64/jammy/grafana-agent-286" for grafana-agent/3: failed to download charm "ch:amd64/jammy/grafana-agent-286" from API server: download request with archiveSha256 length 0 not valid
unit-grafana-agent-0: 03:39:04 ERROR juju.worker.meterstatus error running "meter-status-changed": charm missing from disk
unit-grafana-agent-1: 03:39:04 ERROR juju.worker.meterstatus error running "meter-status-changed": charm missing from disk
unit-grafana-agent-2: 03:39:04 ERROR juju.worker.meterstatus error running "meter-status-changed": charm missing from disk
unit-grafana-agent-3: 03:39:04 ERROR juju.worker.meterstatus error running "meter-status-changed": charm missing from disk

[32mINFO    [0m pytest_operator.plugin:plugin.py:947 Forgetting model main...