[32mINFO    [0m pytest_operator.plugin:plugin.py:862 Model status:

Model  Controller           Cloud/Region         Version  SLA          Timestamp
test   localhost-localhost  localhost/localhost  3.4.4    unsupported  03:20:22Z

App                       Version  Status  Scale  Charm                     Channel        Rev  Exposed  Message
opensearch                         active      3  opensearch                                 0  no       
self-signed-certificates           active      1  self-signed-certificates  latest/stable  155  no       

Unit                         Workload  Agent  Machine  Public address  Ports     Message
opensearch/0                 error     idle   0        10.220.247.31   9200/tcp  hook failed: "upgrade-charm"
opensearch/1*                error     idle   1        10.220.247.188  9200/tcp  hook failed: "upgrade-charm"
opensearch/2                 error     idle   2        10.220.247.212  9200/tcp  hook failed: "upgrade-charm"
self-signed-certificates/0*  active    idle   3        10.220.247.190            

Machine  State    Address         Inst id        Base          AZ  Message
0        started  10.220.247.31   juju-a6a70b-0  ubuntu@22.04      Running
1        started  10.220.247.188  juju-a6a70b-1  ubuntu@22.04      Running
2        started  10.220.247.212  juju-a6a70b-2  ubuntu@22.04      Running
3        started  10.220.247.190  juju-a6a70b-3  ubuntu@22.04      Running

[32mINFO    [0m pytest_operator.plugin:plugin.py:868 Juju error logs:

machine-1: 02:15:34 ERROR juju.worker.dependency "lxd-container-provisioner" manifold worker returned unexpected error: container types not yet available
machine-1: 02:15:34 ERROR juju.worker.dependency "kvm-container-provisioner" manifold worker returned unexpected error: container types not yet available
unit-opensearch-1: 02:15:34 ERROR juju.worker.meterstatus error running "meter-status-changed": charm missing from disk
machine-0: 02:15:35 ERROR juju.worker.dependency "kvm-container-provisioner" manifold worker returned unexpected error: container types not yet available
machine-0: 02:15:35 ERROR juju.worker.dependency "lxd-container-provisioner" manifold worker returned unexpected error: container types not yet available
unit-opensearch-0: 02:15:36 ERROR juju.worker.meterstatus error running "meter-status-changed": charm missing from disk
machine-2: 02:15:36 ERROR juju.worker.dependency "kvm-container-provisioner" manifold worker returned unexpected error: container types not yet available
machine-2: 02:15:36 ERROR juju.worker.dependency "lxd-container-provisioner" manifold worker returned unexpected error: container types not yet available
machine-3: 02:15:36 ERROR juju.worker.dependency "kvm-container-provisioner" manifold worker returned unexpected error: container types not yet available
machine-3: 02:15:36 ERROR juju.worker.dependency "lxd-container-provisioner" manifold worker returned unexpected error: container types not yet available
unit-opensearch-2: 02:15:36 ERROR juju.worker.meterstatus error running "meter-status-changed": charm missing from disk
unit-self-signed-certificates-0: 02:15:37 ERROR juju.worker.meterstatus error running "meter-status-changed": charm missing from disk
unit-opensearch-2: 02:16:48 ERROR unit.opensearch/2.juju-log [Errno 111] Connection refused
unit-opensearch-2: 02:16:49 ERROR unit.opensearch/2.juju-log certificates:3: [Errno 111] Connection refused
unit-opensearch-2: 02:16:50 ERROR unit.opensearch/2.juju-log certificates:3: [Errno 111] Connection refused
unit-opensearch-2: 02:16:51 ERROR unit.opensearch/2.juju-log certificates:3: [Errno 111] Connection refused
unit-opensearch-2: 02:16:59 ERROR unit.opensearch/2.juju-log node-lock-fallback:0: [Errno 111] Connection refused
unit-opensearch-2: 02:17:00 ERROR unit.opensearch/2.juju-log upgrade-version-a:2: [Errno 111] Connection refused
unit-opensearch-2: 02:17:00 ERROR unit.opensearch/2.juju-log node-lock-fallback:0: [Errno 111] Connection refused
unit-opensearch-2: 02:17:01 ERROR unit.opensearch/2.juju-log opensearch-peers:1: [Errno 111] Connection refused
unit-opensearch-2: 02:17:02 ERROR unit.opensearch/2.juju-log upgrade-version-a:2: [Errno 111] Connection refused
unit-opensearch-2: 02:17:03 ERROR unit.opensearch/2.juju-log opensearch-peers:1: [Errno 111] Connection refused
unit-opensearch-2: 02:17:03 ERROR unit.opensearch/2.juju-log opensearch-peers:1: [Errno 111] Connection refused
unit-opensearch-2: 02:17:03 ERROR unit.opensearch/2.juju-log opensearch-peers:1: [Errno 111] Connection refused
unit-opensearch-2: 02:17:05 ERROR unit.opensearch/2.juju-log opensearch-peers:1: [Errno 111] Connection refused
unit-opensearch-2: 02:17:05 ERROR unit.opensearch/2.juju-log opensearch-peers:1: [Errno 111] Connection refused
unit-opensearch-2: 02:17:05 ERROR unit.opensearch/2.juju-log opensearch-peers:1: [Errno 111] Connection refused
unit-opensearch-2: 02:17:05 ERROR unit.opensearch/2.juju-log opensearch-peers:1: [Errno 111] Connection refused
unit-opensearch-2: 02:17:06 ERROR unit.opensearch/2.juju-log upgrade-version-a:2: [Errno 111] Connection refused
unit-opensearch-2: 02:17:06 ERROR unit.opensearch/2.juju-log upgrade-version-a:2: [Errno 111] Connection refused
unit-opensearch-2: 02:17:07 ERROR unit.opensearch/2.juju-log certificates:3: [Errno 111] Connection refused
unit-opensearch-2: 02:17:07 ERROR unit.opensearch/2.juju-log certificates:3: [Errno 111] Connection refused
unit-opensearch-2: 02:17:07 ERROR unit.opensearch/2.juju-log [Errno 111] Connection refused
unit-opensearch-2: 02:17:07 ERROR unit.opensearch/2.juju-log [Errno 111] Connection refused
unit-opensearch-2: 02:17:08 ERROR unit.opensearch/2.juju-log [Errno 111] Connection refused
unit-opensearch-2: 02:17:08 ERROR unit.opensearch/2.juju-log [Errno 111] Connection refused
unit-opensearch-2: 02:17:10 ERROR unit.opensearch/2.juju-log [Errno 111] Connection refused
unit-opensearch-2: 02:17:10 ERROR unit.opensearch/2.juju-log [Errno 111] Connection refused
unit-opensearch-1: 02:17:11 ERROR unit.opensearch/1.juju-log [Errno 111] Connection refused
unit-opensearch-2: 02:17:11 ERROR unit.opensearch/2.juju-log [Errno 111] Connection refused
unit-opensearch-2: 02:17:11 ERROR unit.opensearch/2.juju-log [Errno 111] Connection refused
unit-opensearch-1: 02:17:11 ERROR unit.opensearch/1.juju-log upgrade-version-a:2: [Errno 111] Connection refused
unit-opensearch-2: 02:17:12 ERROR unit.opensearch/2.juju-log opensearch-peers:1: [Errno 111] Connection refused
unit-opensearch-2: 02:17:12 ERROR unit.opensearch/2.juju-log opensearch-peers:1: [Errno 111] Connection refused
unit-opensearch-2: 02:17:12 ERROR unit.opensearch/2.juju-log opensearch-peers:1: [Errno 111] Connection refused
unit-opensearch-2: 02:17:12 ERROR unit.opensearch/2.juju-log opensearch-peers:1: [Errno 111] Connection refused
unit-opensearch-1: 02:17:12 ERROR unit.opensearch/1.juju-log opensearch-peers:1: [Errno 111] Connection refused
unit-opensearch-1: 02:17:12 ERROR unit.opensearch/1.juju-log opensearch-peers:1: [Errno 111] Connection refused
unit-opensearch-1: 02:17:12 ERROR unit.opensearch/1.juju-log opensearch-peers:1: [Errno 111] Connection refused
unit-opensearch-1: 02:17:12 ERROR unit.opensearch/1.juju-log opensearch-peers:1: [Errno 111] Connection refused
unit-opensearch-2: 02:17:13 ERROR unit.opensearch/2.juju-log opensearch-peers:1: [Errno 111] Connection refused
unit-opensearch-2: 02:17:13 ERROR unit.opensearch/2.juju-log opensearch-peers:1: [Errno 111] Connection refused
unit-opensearch-2: 02:17:13 ERROR unit.opensearch/2.juju-log opensearch-peers:1: [Errno 111] Connection refused
unit-opensearch-2: 02:17:13 ERROR unit.opensearch/2.juju-log opensearch-peers:1: [Errno 111] Connection refused
unit-opensearch-1: 02:17:13 ERROR unit.opensearch/1.juju-log opensearch-peers:1: [Errno 111] Connection refused
unit-opensearch-1: 02:17:13 ERROR unit.opensearch/1.juju-log opensearch-peers:1: [Errno 111] Connection refused
unit-opensearch-1: 02:17:13 ERROR unit.opensearch/1.juju-log opensearch-peers:1: [Errno 111] Connection refused
unit-opensearch-1: 02:17:13 ERROR unit.opensearch/1.juju-log opensearch-peers:1: [Errno 111] Connection refused
unit-opensearch-1: 02:17:13 ERROR unit.opensearch/1.juju-log opensearch-peers:1: [Errno 111] Connection refused
unit-opensearch-2: 02:17:13 ERROR unit.opensearch/2.juju-log certificates:3: [Errno 111] Connection refused
unit-opensearch-2: 02:17:13 ERROR unit.opensearch/2.juju-log certificates:3: [Errno 111] Connection refused
unit-opensearch-1: 02:17:14 ERROR unit.opensearch/1.juju-log certificates:3: [Errno 111] Connection refused
unit-opensearch-1: 02:17:14 ERROR unit.opensearch/1.juju-log certificates:3: [Errno 111] Connection refused
unit-opensearch-1: 02:17:14 ERROR unit.opensearch/1.juju-log certificates:3: [Errno 111] Connection refused
unit-opensearch-1: 02:17:14 ERROR unit.opensearch/1.juju-log certificates:3: [Errno 111] Connection refused
unit-opensearch-1: 02:17:14 ERROR unit.opensearch/1.juju-log certificates:3: [Errno 111] Connection refused
unit-opensearch-2: 02:17:15 ERROR unit.opensearch/2.juju-log [Errno 111] Connection refused
unit-opensearch-2: 02:17:15 ERROR unit.opensearch/2.juju-log [Errno 111] Connection refused
unit-opensearch-1: 02:17:15 ERROR unit.opensearch/1.juju-log [Errno 111] Connection refused
unit-opensearch-1: 02:17:15 ERROR unit.opensearch/1.juju-log [Errno 111] Connection refused
unit-opensearch-1: 02:17:15 ERROR unit.opensearch/1.juju-log [Errno 111] Connection refused
unit-opensearch-1: 02:17:15 ERROR unit.opensearch/1.juju-log [Errno 111] Connection refused
unit-opensearch-1: 02:17:15 ERROR unit.opensearch/1.juju-log [Errno 111] Connection refused
unit-opensearch-2: 02:17:15 ERROR unit.opensearch/2.juju-log [Errno 111] Connection refused
unit-opensearch-2: 02:17:15 ERROR unit.opensearch/2.juju-log [Errno 111] Connection refused
unit-opensearch-1: 02:17:16 ERROR unit.opensearch/1.juju-log [Errno 111] Connection refused
unit-opensearch-1: 02:17:16 ERROR unit.opensearch/1.juju-log [Errno 111] Connection refused
unit-opensearch-1: 02:17:16 ERROR unit.opensearch/1.juju-log [Errno 111] Connection refused
unit-opensearch-1: 02:17:16 ERROR unit.opensearch/1.juju-log [Errno 111] Connection refused
unit-opensearch-1: 02:17:16 ERROR unit.opensearch/1.juju-log [Errno 111] Connection refused
unit-opensearch-2: 02:17:16 ERROR unit.opensearch/2.juju-log [Errno 111] Connection refused
unit-opensearch-2: 02:17:16 ERROR unit.opensearch/2.juju-log [Errno 111] Connection refused
unit-opensearch-1: 02:17:17 ERROR unit.opensearch/1.juju-log [Errno 111] Connection refused
unit-opensearch-1: 02:17:17 ERROR unit.opensearch/1.juju-log [Errno 111] Connection refused
unit-opensearch-1: 02:17:17 ERROR unit.opensearch/1.juju-log [Errno 111] Connection refused
unit-opensearch-1: 02:17:17 ERROR unit.opensearch/1.juju-log [Errno 111] Connection refused
unit-opensearch-1: 02:17:17 ERROR unit.opensearch/1.juju-log [Errno 111] Connection refused
unit-opensearch-2: 02:17:17 ERROR unit.opensearch/2.juju-log [Errno 111] Connection refused
unit-opensearch-2: 02:17:17 ERROR unit.opensearch/2.juju-log [Errno 111] Connection refused
unit-opensearch-2: 02:17:18 ERROR unit.opensearch/2.juju-log [Errno 111] Connection refused
unit-opensearch-2: 02:17:18 ERROR unit.opensearch/2.juju-log Cannot connect to the OpenSearch server...
unit-opensearch-2: 02:17:18 ERROR unit.opensearch/2.juju-log [Errno 111] Connection refused
unit-opensearch-2: 02:17:18 ERROR unit.opensearch/2.juju-log [Errno 111] Connection refused
unit-opensearch-1: 02:17:18 ERROR unit.opensearch/1.juju-log certificates:3: [Errno 111] Connection refused
unit-opensearch-1: 02:17:18 ERROR unit.opensearch/1.juju-log certificates:3: [Errno 111] Connection refused
unit-opensearch-1: 02:17:18 ERROR unit.opensearch/1.juju-log certificates:3: Cannot connect to the OpenSearch server...
unit-opensearch-1: 02:17:18 ERROR unit.opensearch/1.juju-log certificates:3: [Errno 111] Connection refused
unit-opensearch-1: 02:17:18 ERROR unit.opensearch/1.juju-log certificates:3: [Errno 111] Connection refused
unit-opensearch-2: 02:17:18 ERROR unit.opensearch/2.juju-log [Errno 111] Connection refused
unit-opensearch-2: 02:17:18 ERROR unit.opensearch/2.juju-log Cannot connect to the OpenSearch server...
unit-opensearch-2: 02:17:18 ERROR unit.opensearch/2.juju-log [Errno 111] Connection refused
unit-opensearch-2: 02:17:18 ERROR unit.opensearch/2.juju-log [Errno 111] Connection refused
unit-opensearch-1: 02:17:19 ERROR unit.opensearch/1.juju-log certificates:3: [Errno 111] Connection refused
unit-opensearch-1: 02:17:19 ERROR unit.opensearch/1.juju-log certificates:3: [Errno 111] Connection refused
unit-opensearch-1: 02:17:19 ERROR unit.opensearch/1.juju-log certificates:3: [Errno 111] Connection refused
unit-opensearch-1: 02:17:19 ERROR unit.opensearch/1.juju-log certificates:3: [Errno 111] Connection refused
unit-opensearch-1: 02:17:19 ERROR unit.opensearch/1.juju-log certificates:3: [Errno 111] Connection refused
unit-opensearch-1: 02:17:19 ERROR unit.opensearch/1.juju-log certificates:3: Cannot connect to the OpenSearch server...
unit-opensearch-1: 02:17:19 ERROR unit.opensearch/1.juju-log certificates:3: [Errno 111] Connection refused
unit-opensearch-1: 02:17:19 ERROR unit.opensearch/1.juju-log certificates:3: [Errno 111] Connection refused
unit-opensearch-2: 02:17:19 ERROR unit.opensearch/2.juju-log opensearch-peers:1: [Errno 111] Connection refused
unit-opensearch-1: 02:17:19 ERROR unit.opensearch/1.juju-log [Errno 111] Connection refused
unit-opensearch-2: 02:17:19 ERROR unit.opensearch/2.juju-log opensearch-peers:1: Cannot connect to the OpenSearch server...
unit-opensearch-1: 02:17:19 ERROR unit.opensearch/1.juju-log [Errno 111] Connection refused
unit-opensearch-1: 02:17:20 ERROR unit.opensearch/1.juju-log [Errno 111] Connection refused
unit-opensearch-2: 02:17:20 ERROR unit.opensearch/2.juju-log opensearch-peers:1: [Errno 111] Connection refused
unit-opensearch-1: 02:17:20 ERROR unit.opensearch/1.juju-log [Errno 111] Connection refused
unit-opensearch-2: 02:17:20 ERROR unit.opensearch/2.juju-log opensearch-peers:1: [Errno 111] Connection refused
unit-opensearch-1: 02:17:20 ERROR unit.opensearch/1.juju-log [Errno 111] Connection refused
unit-opensearch-1: 02:17:20 ERROR unit.opensearch/1.juju-log Cannot connect to the OpenSearch server...
unit-opensearch-1: 02:17:20 ERROR unit.opensearch/1.juju-log [Errno 111] Connection refused
unit-opensearch-1: 02:17:20 ERROR unit.opensearch/1.juju-log [Errno 111] Connection refused
unit-opensearch-2: 02:17:20 ERROR unit.opensearch/2.juju-log opensearch-peers:1: [Errno 111] Connection refused
unit-opensearch-2: 02:17:20 ERROR unit.opensearch/2.juju-log opensearch-peers:1: [Errno 111] Connection refused
unit-opensearch-1: 02:17:20 ERROR unit.opensearch/1.juju-log [Errno 111] Connection refused
unit-opensearch-1: 02:17:20 ERROR unit.opensearch/1.juju-log Cannot connect to the OpenSearch server...
unit-opensearch-1: 02:17:20 ERROR unit.opensearch/1.juju-log [Errno 111] Connection refused
unit-opensearch-1: 02:17:20 ERROR unit.opensearch/1.juju-log Cannot connect to the OpenSearch server...
unit-opensearch-2: 02:17:20 ERROR unit.opensearch/2.juju-log node-lock-fallback:0: [Errno 111] Connection refused
unit-opensearch-2: 02:17:20 ERROR unit.opensearch/2.juju-log node-lock-fallback:0: Cannot connect to the OpenSearch server...
unit-opensearch-2: 02:17:20 ERROR unit.opensearch/2.juju-log node-lock-fallback:0: [Errno 111] Connection refused
unit-opensearch-2: 02:17:20 ERROR unit.opensearch/2.juju-log node-lock-fallback:0: [Errno 111] Connection refused
unit-opensearch-2: 02:17:21 ERROR unit.opensearch/2.juju-log node-lock-fallback:0: [Errno 111] Connection refused
unit-opensearch-2: 02:17:21 ERROR unit.opensearch/2.juju-log node-lock-fallback:0: Cannot connect to the OpenSearch server...
unit-opensearch-2: 02:17:21 ERROR unit.opensearch/2.juju-log node-lock-fallback:0: [Errno 111] Connection refused
unit-opensearch-2: 02:17:21 ERROR unit.opensearch/2.juju-log node-lock-fallback:0: [Errno 111] Connection refused
unit-opensearch-1: 02:17:23 ERROR unit.opensearch/1.juju-log [Errno 111] Connection refused
unit-opensearch-1: 02:17:23 ERROR unit.opensearch/1.juju-log Cannot connect to the OpenSearch server...
unit-opensearch-1: 02:17:26 ERROR unit.opensearch/1.juju-log [Errno 111] Connection refused
unit-opensearch-1: 02:17:26 ERROR unit.opensearch/1.juju-log Cannot connect to the OpenSearch server...
unit-opensearch-1: 02:17:29 ERROR unit.opensearch/1.juju-log [Errno 111] Connection refused
unit-opensearch-1: 02:17:29 ERROR unit.opensearch/1.juju-log Cannot connect to the OpenSearch server...
unit-opensearch-1: 02:17:32 ERROR unit.opensearch/1.juju-log [Errno 111] Connection refused
unit-opensearch-1: 02:17:32 ERROR unit.opensearch/1.juju-log Cannot connect to the OpenSearch server...
unit-opensearch-2: 02:17:36 ERROR unit.opensearch/2.juju-log opensearch-peers:1: [Errno 111] Connection refused
unit-opensearch-2: 02:17:36 ERROR unit.opensearch/2.juju-log opensearch-peers:1: Cannot connect to the OpenSearch server...
unit-opensearch-2: 02:17:36 ERROR unit.opensearch/2.juju-log opensearch-peers:1: [Errno 111] Connection refused
unit-opensearch-2: 02:17:36 ERROR unit.opensearch/2.juju-log opensearch-peers:1: [Errno 111] Connection refused
unit-opensearch-1: 02:17:36 ERROR unit.opensearch/1.juju-log [Errno 111] Connection refused
unit-opensearch-2: 02:17:37 ERROR unit.opensearch/2.juju-log opensearch-peers:1: [Errno 111] Connection refused
unit-opensearch-2: 02:17:37 ERROR unit.opensearch/2.juju-log opensearch-peers:1: Cannot connect to the OpenSearch server...
unit-opensearch-2: 02:17:37 ERROR unit.opensearch/2.juju-log opensearch-peers:1: [Errno 111] Connection refused
unit-opensearch-2: 02:17:37 ERROR unit.opensearch/2.juju-log opensearch-peers:1: [Errno 111] Connection refused
unit-opensearch-2: 02:17:41 ERROR unit.opensearch/2.juju-log opensearch-peers:1: [Errno 111] Connection refused
unit-opensearch-2: 02:17:41 ERROR unit.opensearch/2.juju-log opensearch-peers:1: Cannot connect to the OpenSearch server...
unit-opensearch-2: 02:17:41 ERROR unit.opensearch/2.juju-log opensearch-peers:1: [Errno 111] Connection refused
unit-opensearch-2: 02:17:41 ERROR unit.opensearch/2.juju-log opensearch-peers:1: [Errno 111] Connection refused
unit-opensearch-1: 02:17:41 ERROR unit.opensearch/1.juju-log [Errno 111] Connection refused
unit-opensearch-1: 02:17:41 ERROR unit.opensearch/1.juju-log [Errno 111] Connection refused
unit-opensearch-1: 02:17:42 ERROR unit.opensearch/1.juju-log upgrade-version-a:2: [Errno 111] Connection refused
unit-opensearch-1: 02:17:42 ERROR unit.opensearch/1.juju-log upgrade-version-a:2: [Errno 111] Connection refused
unit-opensearch-1: 02:17:43 ERROR unit.opensearch/1.juju-log node-lock-fallback:0: [Errno 111] Connection refused
unit-opensearch-1: 02:17:43 ERROR unit.opensearch/1.juju-log node-lock-fallback:0: [Errno 111] Connection refused
unit-opensearch-1: 02:17:44 ERROR unit.opensearch/1.juju-log node-lock-fallback:0: [Errno 111] Connection refused
unit-opensearch-1: 02:17:44 ERROR unit.opensearch/1.juju-log node-lock-fallback:0: [Errno 111] Connection refused
unit-opensearch-1: 02:17:45 ERROR unit.opensearch/1.juju-log certificates:3: [Errno 111] Connection refused
unit-opensearch-1: 02:17:45 ERROR unit.opensearch/1.juju-log certificates:3: [Errno 111] Connection refused
unit-opensearch-2: 02:17:46 ERROR unit.opensearch/2.juju-log [Errno 111] Connection refused
unit-opensearch-2: 02:17:46 ERROR unit.opensearch/2.juju-log Cannot connect to the OpenSearch server...
unit-opensearch-2: 02:17:46 ERROR unit.opensearch/2.juju-log [Errno 111] Connection refused
unit-opensearch-1: 02:17:46 ERROR unit.opensearch/1.juju-log [Errno 111] Connection refused
unit-opensearch-1: 02:17:46 ERROR unit.opensearch/1.juju-log [Errno 111] Connection refused
unit-opensearch-1: 02:17:47 ERROR unit.opensearch/1.juju-log [Errno 111] Connection refused
unit-opensearch-1: 02:17:47 ERROR unit.opensearch/1.juju-log [Errno 111] Connection refused
unit-opensearch-1: 02:17:48 ERROR unit.opensearch/1.juju-log [Errno 111] Connection refused
unit-opensearch-1: 02:17:48 ERROR unit.opensearch/1.juju-log [Errno 111] Connection refused
unit-opensearch-1: 02:17:50 ERROR unit.opensearch/1.juju-log node-lock-fallback:0: [Errno 111] Connection refused
unit-opensearch-1: 02:17:50 ERROR unit.opensearch/1.juju-log node-lock-fallback:0: [Errno 111] Connection refused
unit-opensearch-1: 02:17:50 ERROR unit.opensearch/1.juju-log node-lock-fallback:0: [Errno 111] Connection refused
unit-opensearch-1: 02:17:50 ERROR unit.opensearch/1.juju-log node-lock-fallback:0: [Errno 111] Connection refused
unit-opensearch-1: 02:17:50 ERROR unit.opensearch/1.juju-log node-lock-fallback:0: [Errno 111] Connection refused
unit-opensearch-1: 02:17:50 ERROR unit.opensearch/1.juju-log node-lock-fallback:0: [Errno 111] Connection refused
unit-opensearch-1: 02:17:50 ERROR unit.opensearch/1.juju-log node-lock-fallback:0: [Errno 111] Connection refused
unit-opensearch-1: 02:17:50 ERROR unit.opensearch/1.juju-log node-lock-fallback:0: [Errno 111] Connection refused
unit-opensearch-1: 02:17:50 ERROR unit.opensearch/1.juju-log node-lock-fallback:0: [Errno 111] Connection refused
unit-opensearch-1: 02:17:51 ERROR unit.opensearch/1.juju-log node-lock-fallback:0: [Errno 111] Connection refused
unit-opensearch-1: 02:17:51 ERROR unit.opensearch/1.juju-log node-lock-fallback:0: [Errno 111] Connection refused
unit-opensearch-1: 02:17:51 ERROR unit.opensearch/1.juju-log node-lock-fallback:0: Request GET to https://10.220.247.188:9200/.charm_node_lock/_source/0 with payload: None failed.(Attempts left: 2)
	Error: 404 Client Error: Not Found for url: https://10.220.247.188:9200/.charm_node_lock/_source/0
unit-opensearch-1: 02:17:52 ERROR unit.opensearch/1.juju-log node-lock-fallback:0: Request GET to https://10.220.247.188:9200/.charm_node_lock/_source/0 with payload: None failed.(Attempts left: 1)
	Error: 404 Client Error: Not Found for url: https://10.220.247.188:9200/.charm_node_lock/_source/0
unit-opensearch-1: 02:17:53 ERROR unit.opensearch/1.juju-log node-lock-fallback:0: [Errno 111] Connection refused
unit-opensearch-1: 02:17:54 ERROR unit.opensearch/1.juju-log node-lock-fallback:0: [Errno 111] Connection refused
unit-opensearch-2: 02:17:55 ERROR unit.opensearch/2.juju-log node-lock-fallback:0: [Errno 111] Connection refused
unit-opensearch-2: 02:17:55 ERROR unit.opensearch/2.juju-log node-lock-fallback:0: Cannot connect to the OpenSearch server...
unit-opensearch-2: 02:17:55 ERROR unit.opensearch/2.juju-log node-lock-fallback:0: [Errno 111] Connection refused
unit-opensearch-1: 02:17:55 ERROR unit.opensearch/1.juju-log [Errno 111] Connection refused
unit-opensearch-2: 02:17:55 ERROR unit.opensearch/2.juju-log node-lock-fallback:0: [Errno 111] Connection refused
unit-opensearch-2: 02:17:56 ERROR unit.opensearch/2.juju-log node-lock-fallback:0: Request GET to https://10.220.247.188:9200/.charm_node_lock/_source/0 with payload: None failed.(Attempts left: 2)
	Error: 404 Client Error: Not Found for url: https://10.220.247.188:9200/.charm_node_lock/_source/0
unit-opensearch-1: 02:17:56 ERROR unit.opensearch/1.juju-log [Errno 111] Connection refused
unit-opensearch-1: 02:17:56 ERROR unit.opensearch/1.juju-log [Errno 111] Connection refused
unit-opensearch-2: 02:17:57 ERROR unit.opensearch/2.juju-log node-lock-fallback:0: Request GET to https://10.220.247.188:9200/.charm_node_lock/_source/0 with payload: None failed.(Attempts left: 1)
	Error: 404 Client Error: Not Found for url: https://10.220.247.188:9200/.charm_node_lock/_source/0
unit-opensearch-1: 02:17:57 ERROR unit.opensearch/1.juju-log [Errno 111] Connection refused
unit-opensearch-1: 02:17:57 ERROR unit.opensearch/1.juju-log [Errno 111] Connection refused
unit-opensearch-1: 02:17:57 ERROR unit.opensearch/1.juju-log [Errno 111] Connection refused
unit-opensearch-2: 02:17:58 ERROR unit.opensearch/2.juju-log node-lock-fallback:0: [Errno 111] Connection refused
unit-opensearch-1: 02:17:58 ERROR unit.opensearch/1.juju-log [Errno 111] Connection refused
unit-opensearch-2: 02:17:58 ERROR unit.opensearch/2.juju-log node-lock-fallback:0: [Errno 111] Connection refused
unit-opensearch-1: 02:17:58 ERROR unit.opensearch/1.juju-log [Errno 111] Connection refused
unit-opensearch-1: 02:17:58 ERROR unit.opensearch/1.juju-log [Errno 111] Connection refused
unit-opensearch-2: 02:17:58 ERROR unit.opensearch/2.juju-log node-lock-fallback:0: [Errno 111] Connection refused
unit-opensearch-2: 02:17:58 ERROR unit.opensearch/2.juju-log node-lock-fallback:0: [Errno 111] Connection refused
unit-opensearch-2: 02:17:59 ERROR unit.opensearch/2.juju-log node-lock-fallback:0: [Errno 111] Connection refused
unit-opensearch-2: 02:17:59 ERROR unit.opensearch/2.juju-log node-lock-fallback:0: Cannot connect to the OpenSearch server...
unit-opensearch-2: 02:17:59 ERROR unit.opensearch/2.juju-log node-lock-fallback:0: [Errno 111] Connection refused
unit-opensearch-1: 02:17:59 ERROR unit.opensearch/1.juju-log node-lock-fallback:0: [Errno 111] Connection refused
unit-opensearch-1: 02:17:59 ERROR unit.opensearch/1.juju-log node-lock-fallback:0: [Errno 111] Connection refused
unit-opensearch-1: 02:17:59 ERROR unit.opensearch/1.juju-log node-lock-fallback:0: [Errno 111] Connection refused
unit-opensearch-1: 02:18:00 ERROR unit.opensearch/1.juju-log node-lock-fallback:0: [Errno 111] Connection refused
unit-opensearch-1: 02:18:00 ERROR unit.opensearch/1.juju-log node-lock-fallback:0: [Errno 111] Connection refused
unit-opensearch-1: 02:18:01 ERROR unit.opensearch/1.juju-log node-lock-fallback:0: [Errno 111] Connection refused
unit-opensearch-2: 02:18:02 ERROR unit.opensearch/2.juju-log node-lock-fallback:0: [Errno 111] Connection refused
unit-opensearch-1: 02:18:02 ERROR unit.opensearch/1.juju-log opensearch-peers:1: [Errno 111] Connection refused
unit-opensearch-1: 02:18:02 ERROR unit.opensearch/1.juju-log opensearch-peers:1: [Errno 111] Connection refused
unit-opensearch-1: 02:18:02 ERROR unit.opensearch/1.juju-log opensearch-peers:1: [Errno 111] Connection refused
unit-opensearch-1: 02:18:02 ERROR unit.opensearch/1.juju-log opensearch-peers:1: [Errno 111] Connection refused
unit-opensearch-1: 02:18:02 ERROR unit.opensearch/1.juju-log opensearch-peers:1: [Errno 111] Connection refused
unit-opensearch-1: 02:18:02 ERROR unit.opensearch/1.juju-log opensearch-peers:1: [Errno 111] Connection refused
unit-opensearch-1: 02:18:03 ERROR unit.opensearch/1.juju-log certificates:3: [Errno 111] Connection refused
unit-opensearch-1: 02:18:04 ERROR unit.opensearch/1.juju-log certificates:3: [Errno 111] Connection refused
unit-opensearch-1: 02:18:04 ERROR unit.opensearch/1.juju-log certificates:3: [Errno 111] Connection refused
unit-opensearch-0: 02:18:04 ERROR unit.opensearch/0.juju-log [Errno 111] Connection refused
unit-opensearch-2: 02:18:05 ERROR unit.opensearch/2.juju-log node-lock-fallback:0: [Errno 111] Connection refused
unit-opensearch-0: 02:18:06 ERROR unit.opensearch/0.juju-log [Errno 111] Connection refused
unit-opensearch-1: 02:18:06 ERROR unit.opensearch/1.juju-log [Errno 111] Connection refused
unit-opensearch-1: 02:18:06 ERROR unit.opensearch/1.juju-log [Errno 111] Connection refused
unit-opensearch-1: 02:18:06 ERROR unit.opensearch/1.juju-log [Errno 111] Connection refused
unit-opensearch-0: 02:18:06 ERROR unit.opensearch/0.juju-log [Errno 111] Connection refused
unit-opensearch-1: 02:18:07 ERROR unit.opensearch/1.juju-log [Errno 111] Connection refused
unit-opensearch-1: 02:18:07 ERROR unit.opensearch/1.juju-log [Errno 111] Connection refused
unit-opensearch-1: 02:18:08 ERROR unit.opensearch/1.juju-log [Errno 111] Connection refused
unit-opensearch-0: 02:18:08 ERROR unit.opensearch/0.juju-log opensearch-peers:1: [Errno 111] Connection refused
unit-opensearch-2: 02:18:08 ERROR unit.opensearch/2.juju-log node-lock-fallback:0: [Errno 111] Connection refused
unit-opensearch-0: 02:18:08 ERROR unit.opensearch/0.juju-log opensearch-peers:1: [Errno 111] Connection refused
unit-opensearch-1: 02:18:09 ERROR unit.opensearch/1.juju-log [Errno 111] Connection refused
unit-opensearch-0: 02:18:09 ERROR unit.opensearch/0.juju-log upgrade-version-a:2: [Errno 111] Connection refused
unit-opensearch-1: 02:18:09 ERROR unit.opensearch/1.juju-log [Errno 111] Connection refused
unit-opensearch-1: 02:18:09 ERROR unit.opensearch/1.juju-log [Errno 111] Connection refused
unit-opensearch-0: 02:18:10 ERROR unit.opensearch/0.juju-log upgrade-version-a:2: [Errno 111] Connection refused
unit-opensearch-1: 02:18:10 ERROR unit.opensearch/1.juju-log [Errno 111] Connection refused
unit-opensearch-1: 02:18:10 ERROR unit.opensearch/1.juju-log [Errno 111] Connection refused
unit-opensearch-1: 02:18:10 ERROR unit.opensearch/1.juju-log [Errno 111] Connection refused
unit-opensearch-0: 02:18:11 ERROR unit.opensearch/0.juju-log certificates:3: [Errno 111] Connection refused
unit-opensearch-2: 02:18:11 ERROR unit.opensearch/2.juju-log node-lock-fallback:0: [Errno 111] Connection refused
unit-opensearch-1: 02:18:11 ERROR unit.opensearch/1.juju-log [Errno 111] Connection refused
unit-opensearch-1: 02:18:11 ERROR unit.opensearch/1.juju-log [Errno 111] Connection refused
unit-opensearch-1: 02:18:12 ERROR unit.opensearch/1.juju-log [Errno 111] Connection refused
unit-opensearch-0: 02:18:12 ERROR unit.opensearch/0.juju-log [Errno 111] Connection refused
unit-opensearch-1: 02:18:13 ERROR unit.opensearch/1.juju-log node-lock-fallback:0: [Errno 111] Connection refused
unit-opensearch-1: 02:18:13 ERROR unit.opensearch/1.juju-log node-lock-fallback:0: [Errno 111] Connection refused
unit-opensearch-1: 02:18:13 ERROR unit.opensearch/1.juju-log node-lock-fallback:0: [Errno 111] Connection refused
unit-opensearch-0: 02:18:13 ERROR unit.opensearch/0.juju-log [Errno 111] Connection refused
unit-opensearch-2: 02:18:14 ERROR unit.opensearch/2.juju-log node-lock-fallback:0: [Errno 111] Connection refused
unit-opensearch-1: 02:18:14 ERROR unit.opensearch/1.juju-log upgrade-version-a:2: [Errno 111] Connection refused
unit-opensearch-0: 02:18:14 ERROR unit.opensearch/0.juju-log certificates:3: [Errno 111] Connection refused
unit-opensearch-1: 02:18:14 ERROR unit.opensearch/1.juju-log upgrade-version-a:2: [Errno 111] Connection refused
unit-opensearch-1: 02:18:14 ERROR unit.opensearch/1.juju-log upgrade-version-a:2: [Errno 111] Connection refused
unit-opensearch-0: 02:18:15 ERROR unit.opensearch/0.juju-log certificates:3: [Errno 111] Connection refused
unit-opensearch-0: 02:18:15 ERROR unit.opensearch/0.juju-log certificates:3: Cannot connect to the OpenSearch server...
unit-opensearch-0: 02:18:15 ERROR unit.opensearch/0.juju-log certificates:3: [Errno 111] Connection refused
unit-opensearch-1: 02:18:16 ERROR unit.opensearch/1.juju-log opensearch-peers:1: [Errno 111] Connection refused
unit-opensearch-0: 02:18:16 ERROR unit.opensearch/0.juju-log [Errno 111] Connection refused
unit-opensearch-0: 02:18:16 ERROR unit.opensearch/0.juju-log Cannot connect to the OpenSearch server...
unit-opensearch-0: 02:18:16 ERROR unit.opensearch/0.juju-log [Errno 111] Connection refused
unit-opensearch-1: 02:18:16 ERROR unit.opensearch/1.juju-log opensearch-peers:1: [Errno 111] Connection refused
unit-opensearch-1: 02:18:16 ERROR unit.opensearch/1.juju-log opensearch-peers:1: [Errno 111] Connection refused
unit-opensearch-1: 02:18:16 ERROR unit.opensearch/1.juju-log opensearch-peers:1: [Errno 111] Connection refused
unit-opensearch-1: 02:18:16 ERROR unit.opensearch/1.juju-log opensearch-peers:1: [Errno 111] Connection refused
unit-opensearch-1: 02:18:16 ERROR unit.opensearch/1.juju-log opensearch-peers:1: [Errno 111] Connection refused
unit-opensearch-0: 02:18:17 ERROR unit.opensearch/0.juju-log [Errno 111] Connection refused
unit-opensearch-0: 02:18:17 ERROR unit.opensearch/0.juju-log Cannot connect to the OpenSearch server...
unit-opensearch-0: 02:18:17 ERROR unit.opensearch/0.juju-log [Errno 111] Connection refused
unit-opensearch-2: 02:18:17 ERROR unit.opensearch/2.juju-log node-lock-fallback:0: [Errno 111] Connection refused
unit-opensearch-0: 02:18:18 ERROR unit.opensearch/0.juju-log node-lock-fallback:0: [Errno 111] Connection refused
unit-opensearch-0: 02:18:18 ERROR unit.opensearch/0.juju-log node-lock-fallback:0: Cannot connect to the OpenSearch server...
unit-opensearch-0: 02:18:18 ERROR unit.opensearch/0.juju-log node-lock-fallback:0: [Errno 111] Connection refused
unit-opensearch-0: 02:18:19 ERROR unit.opensearch/0.juju-log certificates:3: [Errno 111] Connection refused
unit-opensearch-0: 02:18:19 ERROR unit.opensearch/0.juju-log certificates:3: Cannot connect to the OpenSearch server...
unit-opensearch-0: 02:18:19 ERROR unit.opensearch/0.juju-log certificates:3: [Errno 111] Connection refused
unit-opensearch-0: 02:18:20 ERROR unit.opensearch/0.juju-log [Errno 111] Connection refused
unit-opensearch-0: 02:18:20 ERROR unit.opensearch/0.juju-log Cannot connect to the OpenSearch server...
unit-opensearch-0: 02:18:20 ERROR unit.opensearch/0.juju-log [Errno 111] Connection refused
unit-opensearch-0: 02:18:21 ERROR unit.opensearch/0.juju-log [Errno 111] Connection refused
unit-opensearch-0: 02:18:21 ERROR unit.opensearch/0.juju-log Cannot connect to the OpenSearch server...
unit-opensearch-0: 02:18:21 ERROR unit.opensearch/0.juju-log [Errno 111] Connection refused
unit-opensearch-0: 02:18:22 ERROR unit.opensearch/0.juju-log [Errno 111] Connection refused
unit-opensearch-0: 02:18:22 ERROR unit.opensearch/0.juju-log Cannot connect to the OpenSearch server...
unit-opensearch-0: 02:18:22 ERROR unit.opensearch/0.juju-log [Errno 111] Connection refused
unit-opensearch-1: 02:18:23 ERROR unit.opensearch/1.juju-log opensearch-peers:1: [Errno 111] Connection refused
unit-opensearch-1: 02:18:23 ERROR unit.opensearch/1.juju-log opensearch-peers:1: [Errno 111] Connection refused
unit-opensearch-1: 02:18:23 ERROR unit.opensearch/1.juju-log opensearch-peers:1: [Errno 111] Connection refused
unit-opensearch-0: 02:18:23 ERROR unit.opensearch/0.juju-log [Errno 111] Connection refused
unit-opensearch-0: 02:18:23 ERROR unit.opensearch/0.juju-log Cannot connect to the OpenSearch server...
unit-opensearch-0: 02:18:23 ERROR unit.opensearch/0.juju-log [Errno 111] Connection refused
unit-opensearch-1: 02:18:23 ERROR unit.opensearch/1.juju-log opensearch-peers:1: [Errno 111] Connection refused
unit-opensearch-0: 02:18:24 ERROR unit.opensearch/0.juju-log node-lock-fallback:0: [Errno 111] Connection refused
unit-opensearch-0: 02:18:24 ERROR unit.opensearch/0.juju-log node-lock-fallback:0: Cannot connect to the OpenSearch server...
unit-opensearch-0: 02:18:24 ERROR unit.opensearch/0.juju-log node-lock-fallback:0: [Errno 111] Connection refused
unit-opensearch-1: 02:18:24 ERROR unit.opensearch/1.juju-log upgrade-version-a:2: [Errno 111] Connection refused
unit-opensearch-1: 02:18:24 ERROR unit.opensearch/1.juju-log upgrade-version-a:2: [Errno 111] Connection refused
unit-opensearch-1: 02:18:25 ERROR unit.opensearch/1.juju-log upgrade-version-a:2: [Errno 111] Connection refused
unit-opensearch-1: 02:18:25 ERROR unit.opensearch/1.juju-log upgrade-version-a:2: [Errno 111] Connection refused
unit-opensearch-0: 02:18:25 ERROR unit.opensearch/0.juju-log node-lock-fallback:0: [Errno 111] Connection refused
unit-opensearch-0: 02:18:25 ERROR unit.opensearch/0.juju-log node-lock-fallback:0: Cannot connect to the OpenSearch server...
unit-opensearch-0: 02:18:25 ERROR unit.opensearch/0.juju-log node-lock-fallback:0: [Errno 111] Connection refused
unit-opensearch-1: 02:18:26 ERROR unit.opensearch/1.juju-log [Errno 111] Connection refused
unit-opensearch-1: 02:18:26 ERROR unit.opensearch/1.juju-log [Errno 111] Connection refused
unit-opensearch-0: 02:18:26 ERROR unit.opensearch/0.juju-log node-lock-fallback:0: [Errno 111] Connection refused
unit-opensearch-0: 02:18:26 ERROR unit.opensearch/0.juju-log node-lock-fallback:0: Cannot connect to the OpenSearch server...
unit-opensearch-0: 02:18:26 ERROR unit.opensearch/0.juju-log node-lock-fallback:0: [Errno 111] Connection refused
unit-opensearch-1: 02:18:26 ERROR unit.opensearch/1.juju-log [Errno 111] Connection refused
unit-opensearch-1: 02:18:26 ERROR unit.opensearch/1.juju-log [Errno 111] Connection refused
unit-opensearch-0: 02:18:27 ERROR unit.opensearch/0.juju-log upgrade-version-a:2: [Errno 111] Connection refused
unit-opensearch-0: 02:18:27 ERROR unit.opensearch/0.juju-log upgrade-version-a:2: Cannot connect to the OpenSearch server...
unit-opensearch-0: 02:18:27 ERROR unit.opensearch/0.juju-log upgrade-version-a:2: [Errno 111] Connection refused
unit-opensearch-1: 02:18:27 ERROR unit.opensearch/1.juju-log node-lock-fallback:0: [Errno 111] Connection refused
unit-opensearch-1: 02:18:27 ERROR unit.opensearch/1.juju-log node-lock-fallback:0: [Errno 111] Connection refused
unit-opensearch-1: 02:18:28 ERROR unit.opensearch/1.juju-log node-lock-fallback:0: [Errno 111] Connection refused
unit-opensearch-1: 02:18:28 ERROR unit.opensearch/1.juju-log node-lock-fallback:0: [Errno 111] Connection refused
unit-opensearch-0: 02:18:28 ERROR unit.opensearch/0.juju-log node-lock-fallback:0: [Errno 111] Connection refused
unit-opensearch-0: 02:18:28 ERROR unit.opensearch/0.juju-log node-lock-fallback:0: Cannot connect to the OpenSearch server...
unit-opensearch-0: 02:18:28 ERROR unit.opensearch/0.juju-log node-lock-fallback:0: [Errno 111] Connection refused
unit-opensearch-1: 02:18:29 ERROR unit.opensearch/1.juju-log node-lock-fallback:0: [Errno 111] Connection refused
unit-opensearch-1: 02:18:29 ERROR unit.opensearch/1.juju-log node-lock-fallback:0: [Errno 111] Connection refused
unit-opensearch-0: 02:18:29 ERROR unit.opensearch/0.juju-log opensearch-peers:1: [Errno 111] Connection refused
unit-opensearch-1: 02:18:29 ERROR unit.opensearch/1.juju-log node-lock-fallback:0: [Errno 111] Connection refused
unit-opensearch-0: 02:18:29 ERROR unit.opensearch/0.juju-log opensearch-peers:1: Cannot connect to the OpenSearch server...
unit-opensearch-0: 02:18:29 ERROR unit.opensearch/0.juju-log opensearch-peers:1: [Errno 111] Connection refused
unit-opensearch-0: 02:18:29 ERROR unit.opensearch/0.juju-log opensearch-peers:1: [Errno 111] Connection refused
unit-opensearch-1: 02:18:29 ERROR unit.opensearch/1.juju-log node-lock-fallback:0: [Errno 111] Connection refused
unit-opensearch-0: 02:18:29 ERROR unit.opensearch/0.juju-log opensearch-peers:1: Request GET to https://10.220.247.188:9200/.charm_node_lock/_source/0 with payload: None failed.(Attempts left: 2)
	Error: 404 Client Error: Not Found for url: https://10.220.247.188:9200/.charm_node_lock/_source/0
unit-opensearch-1: 02:18:30 ERROR unit.opensearch/1.juju-log node-lock-fallback:0: [Errno 111] Connection refused
unit-opensearch-0: 02:18:30 ERROR unit.opensearch/0.juju-log opensearch-peers:1: Request GET to https://10.220.247.188:9200/.charm_node_lock/_source/0 with payload: None failed.(Attempts left: 1)
	Error: 404 Client Error: Not Found for url: https://10.220.247.188:9200/.charm_node_lock/_source/0
unit-opensearch-1: 02:18:30 ERROR unit.opensearch/1.juju-log node-lock-fallback:0: [Errno 111] Connection refused
unit-opensearch-1: 02:18:30 ERROR unit.opensearch/1.juju-log node-lock-fallback:0: [Errno 111] Connection refused
unit-opensearch-1: 02:18:31 ERROR unit.opensearch/1.juju-log node-lock-fallback:0: [Errno 111] Connection refused
unit-opensearch-0: 02:18:31 ERROR unit.opensearch/0.juju-log opensearch-peers:1: [Errno 111] Connection refused
unit-opensearch-0: 02:18:31 ERROR unit.opensearch/0.juju-log opensearch-peers:1: [Errno 111] Connection refused
unit-opensearch-0: 02:18:31 ERROR unit.opensearch/0.juju-log opensearch-peers:1: [Errno 111] Connection refused
unit-opensearch-0: 02:18:31 ERROR unit.opensearch/0.juju-log opensearch-peers:1: Request PUT to https://10.220.247.188:9200/.charm_node_lock?wait_for_active_shards=all with payload: {'settings': {'index': {'auto_expand_replicas': '0-all'}}} failed.(Attempts left: 2)
	Error: 400 Client Error: Bad Request for url: https://10.220.247.188:9200/.charm_node_lock?wait_for_active_shards=all
unit-opensearch-1: 02:18:32 ERROR unit.opensearch/1.juju-log node-lock-fallback:0: [Errno 111] Connection refused
unit-opensearch-1: 02:18:32 ERROR unit.opensearch/1.juju-log node-lock-fallback:0: [Errno 111] Connection refused
unit-opensearch-1: 02:18:32 ERROR unit.opensearch/1.juju-log node-lock-fallback:0: [Errno 111] Connection refused
unit-opensearch-1: 02:18:32 ERROR unit.opensearch/1.juju-log node-lock-fallback:0: [Errno 111] Connection refused
unit-opensearch-0: 02:18:32 ERROR unit.opensearch/0.juju-log opensearch-peers:1: Request PUT to https://10.220.247.188:9200/.charm_node_lock?wait_for_active_shards=all with payload: {'settings': {'index': {'auto_expand_replicas': '0-all'}}} failed.(Attempts left: 1)
	Error: 400 Client Error: Bad Request for url: https://10.220.247.188:9200/.charm_node_lock?wait_for_active_shards=all
unit-opensearch-1: 02:18:33 ERROR unit.opensearch/1.juju-log node-lock-fallback:0: [Errno 111] Connection refused
unit-opensearch-1: 02:18:33 ERROR unit.opensearch/1.juju-log node-lock-fallback:0: [Errno 111] Connection refused
unit-opensearch-2: 02:18:33 ERROR unit.opensearch/2.juju-log opensearch-peers:1: [Errno 111] Connection refused
unit-opensearch-1: 02:18:33 ERROR unit.opensearch/1.juju-log node-lock-fallback:0: [Errno 111] Connection refused
unit-opensearch-0: 02:18:34 ERROR unit.opensearch/0.juju-log opensearch-peers:1: [Errno 111] Connection refused
unit-opensearch-1: 02:18:34 ERROR unit.opensearch/1.juju-log node-lock-fallback:0: [Errno 111] Connection refused
unit-opensearch-0: 02:18:34 ERROR unit.opensearch/0.juju-log opensearch-peers:1: [Errno 111] Connection refused
unit-opensearch-0: 02:18:34 ERROR unit.opensearch/0.juju-log opensearch-peers:1: [Errno 111] Connection refused
unit-opensearch-0: 02:18:34 ERROR unit.opensearch/0.juju-log opensearch-peers:1: Cannot connect to the OpenSearch server...
unit-opensearch-0: 02:18:34 ERROR unit.opensearch/0.juju-log opensearch-peers:1: [Errno 111] Connection refused
unit-opensearch-1: 02:18:34 ERROR unit.opensearch/1.juju-log opensearch-peers:1: [Errno 111] Connection refused
unit-opensearch-1: 02:18:35 ERROR unit.opensearch/1.juju-log opensearch-peers:1: [Errno 111] Connection refused
unit-opensearch-1: 02:18:35 ERROR unit.opensearch/1.juju-log opensearch-peers:1: [Errno 111] Connection refused
unit-opensearch-1: 02:18:35 ERROR unit.opensearch/1.juju-log opensearch-peers:1: [Errno 111] Connection refused
unit-opensearch-1: 02:18:35 ERROR unit.opensearch/1.juju-log opensearch-peers:1: [Errno 111] Connection refused
unit-opensearch-1: 02:18:35 ERROR unit.opensearch/1.juju-log opensearch-peers:1: [Errno 111] Connection refused
unit-opensearch-1: 02:18:35 ERROR unit.opensearch/1.juju-log opensearch-peers:1: [Errno 111] Connection refused
unit-opensearch-2: 02:18:36 ERROR unit.opensearch/2.juju-log opensearch-peers:1: [Errno 111] Connection refused
unit-opensearch-1: 02:18:36 ERROR unit.opensearch/1.juju-log node-lock-fallback:0: [Errno 111] Connection refused
unit-opensearch-1: 02:18:37 ERROR unit.opensearch/1.juju-log node-lock-fallback:0: [Errno 111] Connection refused
unit-opensearch-1: 02:18:37 ERROR unit.opensearch/1.juju-log node-lock-fallback:0: [Errno 111] Connection refused
unit-opensearch-1: 02:18:37 ERROR unit.opensearch/1.juju-log node-lock-fallback:0: [Errno 111] Connection refused
unit-opensearch-0: 02:18:37 ERROR unit.opensearch/0.juju-log opensearch-peers:1: [Errno 111] Connection refused
unit-opensearch-1: 02:18:38 ERROR unit.opensearch/1.juju-log opensearch-peers:1: [Errno 111] Connection refused
unit-opensearch-1: 02:18:38 ERROR unit.opensearch/1.juju-log opensearch-peers:1: [Errno 111] Connection refused
unit-opensearch-1: 02:18:38 ERROR unit.opensearch/1.juju-log opensearch-peers:1: [Errno 111] Connection refused
unit-opensearch-1: 02:18:38 ERROR unit.opensearch/1.juju-log opensearch-peers:1: [Errno 111] Connection refused
unit-opensearch-1: 02:18:39 ERROR unit.opensearch/1.juju-log opensearch-peers:1: [Errno 111] Connection refused
unit-opensearch-1: 02:18:39 ERROR unit.opensearch/1.juju-log opensearch-peers:1: [Errno 111] Connection refused
unit-opensearch-1: 02:18:39 ERROR unit.opensearch/1.juju-log opensearch-peers:1: [Errno 111] Connection refused
unit-opensearch-1: 02:18:40 ERROR unit.opensearch/1.juju-log upgrade-version-a:2: [Errno 111] Connection refused
unit-opensearch-1: 02:18:40 ERROR unit.opensearch/1.juju-log upgrade-version-a:2: [Errno 111] Connection refused
unit-opensearch-0: 02:18:40 ERROR unit.opensearch/0.juju-log opensearch-peers:1: [Errno 111] Connection refused
unit-opensearch-1: 02:18:40 ERROR unit.opensearch/1.juju-log upgrade-version-a:2: [Errno 111] Connection refused
unit-opensearch-1: 02:18:41 ERROR unit.opensearch/1.juju-log upgrade-version-a:2: [Errno 111] Connection refused
unit-opensearch-0: 02:18:43 ERROR unit.opensearch/0.juju-log opensearch-peers:1: [Errno 111] Connection refused
unit-opensearch-0: 02:18:46 ERROR unit.opensearch/0.juju-log opensearch-peers:1: [Errno 111] Connection refused
unit-opensearch-1: 02:20:04 ERROR unit.opensearch/1.juju-log Request GET to https://10.220.247.188:9200/_snapshot/s3-repository with payload: None failed.(Attempts left: 5)
	Error: 404 Client Error: Not Found for url: https://10.220.247.188:9200/_snapshot/s3-repository
unit-opensearch-1: 02:20:05 ERROR unit.opensearch/1.juju-log Request GET to https://10.220.247.188:9200/_snapshot/s3-repository with payload: None failed.(Attempts left: 4)
	Error: 404 Client Error: Not Found for url: https://10.220.247.188:9200/_snapshot/s3-repository
unit-opensearch-1: 02:20:06 ERROR unit.opensearch/1.juju-log Request GET to https://10.220.247.188:9200/_snapshot/s3-repository with payload: None failed.(Attempts left: 3)
	Error: 404 Client Error: Not Found for url: https://10.220.247.188:9200/_snapshot/s3-repository
unit-opensearch-1: 02:20:07 ERROR unit.opensearch/1.juju-log Request GET to https://10.220.247.188:9200/_snapshot/s3-repository with payload: None failed.(Attempts left: 2)
	Error: 404 Client Error: Not Found for url: https://10.220.247.188:9200/_snapshot/s3-repository
unit-opensearch-1: 02:20:08 ERROR unit.opensearch/1.juju-log Request GET to https://10.220.247.188:9200/_snapshot/s3-repository with payload: None failed.(Attempts left: 1)
	Error: 404 Client Error: Not Found for url: https://10.220.247.188:9200/_snapshot/s3-repository
unit-opensearch-0: 02:20:35 ERROR unit.opensearch/0.juju-log Uncaught exception while in charm code:
Traceback (most recent call last):
  File "/var/lib/juju/agents/unit-opensearch-0/charm/./src/charm.py", line 213, in <module>
    main(OpenSearchOperatorCharm)
  File "/var/lib/juju/agents/unit-opensearch-0/charm/venv/ops/main.py", line 549, in main
    manager = _Manager(charm_class, use_juju_for_storage=use_juju_for_storage)
  File "/var/lib/juju/agents/unit-opensearch-0/charm/venv/ops/main.py", line 432, in __init__
    self.charm = self._make_charm(self.framework, self.dispatcher)
  File "/var/lib/juju/agents/unit-opensearch-0/charm/venv/ops/main.py", line 435, in _make_charm
    charm = self._charm_class(framework)
  File "/var/lib/juju/agents/unit-opensearch-0/charm/./src/charm.py", line 29, in __init__
    super().__init__(*args, distro=OpenSearchSnap)  # OpenSearchTarball
  File "/var/lib/juju/agents/unit-opensearch-0/charm/lib/charms/opensearch/v0/opensearch_base_charm.py", line 197, in __init__
    self.backup = backup(self)
  File "/var/lib/juju/agents/unit-opensearch-0/charm/lib/charms/opensearch/v0/opensearch_backups.py", line 1080, in backup
    if not charm.opensearch_peer_cm.deployment_desc():
  File "/var/lib/juju/agents/unit-opensearch-0/charm/lib/charms/opensearch/v0/opensearch_peer_clusters.py", line 358, in deployment_desc
    return DeploymentDescription.from_dict(current_deployment_desc)
  File "/var/lib/juju/agents/unit-opensearch-0/charm/lib/charms/opensearch/v0/models.py", line 47, in from_dict
    return cls(**input_dict)
  File "/var/lib/juju/agents/unit-opensearch-0/charm/lib/charms/opensearch/v0/models.py", line 32, in __init__
    super().__init__(**data)
  File "/var/lib/juju/agents/unit-opensearch-0/charm/venv/pydantic/main.py", line 341, in __init__
    raise validation_error
pydantic.error_wrappers.ValidationError: 1 validation error for DeploymentDescription
app
  value is not a valid dict (type=type_error.dict)
unit-opensearch-2: 02:20:36 ERROR unit.opensearch/2.juju-log Uncaught exception while in charm code:
Traceback (most recent call last):
  File "/var/lib/juju/agents/unit-opensearch-2/charm/./src/charm.py", line 213, in <module>
    main(OpenSearchOperatorCharm)
  File "/var/lib/juju/agents/unit-opensearch-2/charm/venv/ops/main.py", line 549, in main
    manager = _Manager(charm_class, use_juju_for_storage=use_juju_for_storage)
  File "/var/lib/juju/agents/unit-opensearch-2/charm/venv/ops/main.py", line 432, in __init__
    self.charm = self._make_charm(self.framework, self.dispatcher)
  File "/var/lib/juju/agents/unit-opensearch-2/charm/venv/ops/main.py", line 435, in _make_charm
    charm = self._charm_class(framework)
  File "/var/lib/juju/agents/unit-opensearch-2/charm/./src/charm.py", line 29, in __init__
    super().__init__(*args, distro=OpenSearchSnap)  # OpenSearchTarball
  File "/var/lib/juju/agents/unit-opensearch-2/charm/lib/charms/opensearch/v0/opensearch_base_charm.py", line 197, in __init__
    self.backup = backup(self)
  File "/var/lib/juju/agents/unit-opensearch-2/charm/lib/charms/opensearch/v0/opensearch_backups.py", line 1080, in backup
    if not charm.opensearch_peer_cm.deployment_desc():
  File "/var/lib/juju/agents/unit-opensearch-2/charm/lib/charms/opensearch/v0/opensearch_peer_clusters.py", line 358, in deployment_desc
    return DeploymentDescription.from_dict(current_deployment_desc)
  File "/var/lib/juju/agents/unit-opensearch-2/charm/lib/charms/opensearch/v0/models.py", line 47, in from_dict
    return cls(**input_dict)
  File "/var/lib/juju/agents/unit-opensearch-2/charm/lib/charms/opensearch/v0/models.py", line 32, in __init__
    super().__init__(**data)
  File "/var/lib/juju/agents/unit-opensearch-2/charm/venv/pydantic/main.py", line 341, in __init__
    raise validation_error
pydantic.error_wrappers.ValidationError: 1 validation error for DeploymentDescription
app
  value is not a valid dict (type=type_error.dict)
unit-opensearch-1: 02:20:36 ERROR unit.opensearch/1.juju-log Uncaught exception while in charm code:
Traceback (most recent call last):
  File "/var/lib/juju/agents/unit-opensearch-1/charm/./src/charm.py", line 213, in <module>
    main(OpenSearchOperatorCharm)
  File "/var/lib/juju/agents/unit-opensearch-1/charm/venv/ops/main.py", line 549, in main
    manager = _Manager(charm_class, use_juju_for_storage=use_juju_for_storage)
  File "/var/lib/juju/agents/unit-opensearch-1/charm/venv/ops/main.py", line 432, in __init__
    self.charm = self._make_charm(self.framework, self.dispatcher)
  File "/var/lib/juju/agents/unit-opensearch-1/charm/venv/ops/main.py", line 435, in _make_charm
    charm = self._charm_class(framework)
  File "/var/lib/juju/agents/unit-opensearch-1/charm/./src/charm.py", line 29, in __init__
    super().__init__(*args, distro=OpenSearchSnap)  # OpenSearchTarball
  File "/var/lib/juju/agents/unit-opensearch-1/charm/lib/charms/opensearch/v0/opensearch_base_charm.py", line 197, in __init__
    self.backup = backup(self)
  File "/var/lib/juju/agents/unit-opensearch-1/charm/lib/charms/opensearch/v0/opensearch_backups.py", line 1080, in backup
    if not charm.opensearch_peer_cm.deployment_desc():
  File "/var/lib/juju/agents/unit-opensearch-1/charm/lib/charms/opensearch/v0/opensearch_peer_clusters.py", line 358, in deployment_desc
    return DeploymentDescription.from_dict(current_deployment_desc)
  File "/var/lib/juju/agents/unit-opensearch-1/charm/lib/charms/opensearch/v0/models.py", line 47, in from_dict
    return cls(**input_dict)
  File "/var/lib/juju/agents/unit-opensearch-1/charm/lib/charms/opensearch/v0/models.py", line 32, in __init__
    super().__init__(**data)
  File "/var/lib/juju/agents/unit-opensearch-1/charm/venv/pydantic/main.py", line 341, in __init__
    raise validation_error
pydantic.error_wrappers.ValidationError: 1 validation error for DeploymentDescription
app
  value is not a valid dict (type=type_error.dict)
unit-opensearch-0: 02:20:36 ERROR juju.worker.uniter.operation hook "upgrade-charm" (via hook dispatching script: dispatch) failed: exit status 1
unit-opensearch-2: 02:20:36 ERROR juju.worker.uniter.operation hook "upgrade-charm" (via hook dispatching script: dispatch) failed: exit status 1
unit-opensearch-1: 02:20:36 ERROR juju.worker.uniter.operation hook "upgrade-charm" (via hook dispatching script: dispatch) failed: exit status 1
unit-opensearch-0: 02:20:42 ERROR unit.opensearch/0.juju-log Uncaught exception while in charm code:
Traceback (most recent call last):
  File "/var/lib/juju/agents/unit-opensearch-0/charm/./src/charm.py", line 213, in <module>
    main(OpenSearchOperatorCharm)
  File "/var/lib/juju/agents/unit-opensearch-0/charm/venv/ops/main.py", line 549, in main
    manager = _Manager(charm_class, use_juju_for_storage=use_juju_for_storage)
  File "/var/lib/juju/agents/unit-opensearch-0/charm/venv/ops/main.py", line 432, in __init__
    self.charm = self._make_charm(self.framework, self.dispatcher)
  File "/var/lib/juju/agents/unit-opensearch-0/charm/venv/ops/main.py", line 435, in _make_charm
    charm = self._charm_class(framework)
  File "/var/lib/juju/agents/unit-opensearch-0/charm/./src/charm.py", line 29, in __init__
    super().__init__(*args, distro=OpenSearchSnap)  # OpenSearchTarball
  File "/var/lib/juju/agents/unit-opensearch-0/charm/lib/charms/opensearch/v0/opensearch_base_charm.py", line 197, in __init__
    self.backup = backup(self)
  File "/var/lib/juju/agents/unit-opensearch-0/charm/lib/charms/opensearch/v0/opensearch_backups.py", line 1080, in backup
    if not charm.opensearch_peer_cm.deployment_desc():
  File "/var/lib/juju/agents/unit-opensearch-0/charm/lib/charms/opensearch/v0/opensearch_peer_clusters.py", line 358, in deployment_desc
    return DeploymentDescription.from_dict(current_deployment_desc)
  File "/var/lib/juju/agents/unit-opensearch-0/charm/lib/charms/opensearch/v0/models.py", line 47, in from_dict
    return cls(**input_dict)
  File "/var/lib/juju/agents/unit-opensearch-0/charm/lib/charms/opensearch/v0/models.py", line 32, in __init__
    super().__init__(**data)
  File "/var/lib/juju/agents/unit-opensearch-0/charm/venv/pydantic/main.py", line 341, in __init__
    raise validation_error
pydantic.error_wrappers.ValidationError: 1 validation error for DeploymentDescription
app
  value is not a valid dict (type=type_error.dict)
unit-opensearch-2: 02:20:42 ERROR unit.opensearch/2.juju-log Uncaught exception while in charm code:
Traceback (most recent call last):
  File "/var/lib/juju/agents/unit-opensearch-2/charm/./src/charm.py", line 213, in <module>
    main(OpenSearchOperatorCharm)
  File "/var/lib/juju/agents/unit-opensearch-2/charm/venv/ops/main.py", line 549, in main
    manager = _Manager(charm_class, use_juju_for_storage=use_juju_for_storage)
  File "/var/lib/juju/agents/unit-opensearch-2/charm/venv/ops/main.py", line 432, in __init__
    self.charm = self._make_charm(self.framework, self.dispatcher)
  File "/var/lib/juju/agents/unit-opensearch-2/charm/venv/ops/main.py", line 435, in _make_charm
    charm = self._charm_class(framework)
  File "/var/lib/juju/agents/unit-opensearch-2/charm/./src/charm.py", line 29, in __init__
    super().__init__(*args, distro=OpenSearchSnap)  # OpenSearchTarball
  File "/var/lib/juju/agents/unit-opensearch-2/charm/lib/charms/opensearch/v0/opensearch_base_charm.py", line 197, in __init__
    self.backup = backup(self)
  File "/var/lib/juju/agents/unit-opensearch-2/charm/lib/charms/opensearch/v0/opensearch_backups.py", line 1080, in backup
    if not charm.opensearch_peer_cm.deployment_desc():
  File "/var/lib/juju/agents/unit-opensearch-2/charm/lib/charms/opensearch/v0/opensearch_peer_clusters.py", line 358, in deployment_desc
    return DeploymentDescription.from_dict(current_deployment_desc)
  File "/var/lib/juju/agents/unit-opensearch-2/charm/lib/charms/opensearch/v0/models.py", line 47, in from_dict
    return cls(**input_dict)
  File "/var/lib/juju/agents/unit-opensearch-2/charm/lib/charms/opensearch/v0/models.py", line 32, in __init__
    super().__init__(**data)
  File "/var/lib/juju/agents/unit-opensearch-2/charm/venv/pydantic/main.py", line 341, in __init__
    raise validation_error
pydantic.error_wrappers.ValidationError: 1 validation error for DeploymentDescription
app
  value is not a valid dict (type=type_error.dict)
unit-opensearch-1: 02:20:42 ERROR unit.opensearch/1.juju-log Uncaught exception while in charm code:
Traceback (most recent call last):
  File "/var/lib/juju/agents/unit-opensearch-1/charm/./src/charm.py", line 213, in <module>
    main(OpenSearchOperatorCharm)
  File "/var/lib/juju/agents/unit-opensearch-1/charm/venv/ops/main.py", line 549, in main
    manager = _Manager(charm_class, use_juju_for_storage=use_juju_for_storage)
  File "/var/lib/juju/agents/unit-opensearch-1/charm/venv/ops/main.py", line 432, in __init__
    self.charm = self._make_charm(self.framework, self.dispatcher)
  File "/var/lib/juju/agents/unit-opensearch-1/charm/venv/ops/main.py", line 435, in _make_charm
    charm = self._charm_class(framework)
  File "/var/lib/juju/agents/unit-opensearch-1/charm/./src/charm.py", line 29, in __init__
    super().__init__(*args, distro=OpenSearchSnap)  # OpenSearchTarball
  File "/var/lib/juju/agents/unit-opensearch-1/charm/lib/charms/opensearch/v0/opensearch_base_charm.py", line 197, in __init__
    self.backup = backup(self)
  File "/var/lib/juju/agents/unit-opensearch-1/charm/lib/charms/opensearch/v0/opensearch_backups.py", line 1080, in backup
    if not charm.opensearch_peer_cm.deployment_desc():
  File "/var/lib/juju/agents/unit-opensearch-1/charm/lib/charms/opensearch/v0/opensearch_peer_clusters.py", line 358, in deployment_desc
    return DeploymentDescription.from_dict(current_deployment_desc)
  File "/var/lib/juju/agents/unit-opensearch-1/charm/lib/charms/opensearch/v0/models.py", line 47, in from_dict
    return cls(**input_dict)
  File "/var/lib/juju/agents/unit-opensearch-1/charm/lib/charms/opensearch/v0/models.py", line 32, in __init__
    super().__init__(**data)
  File "/var/lib/juju/agents/unit-opensearch-1/charm/venv/pydantic/main.py", line 341, in __init__
    raise validation_error
pydantic.error_wrappers.ValidationError: 1 validation error for DeploymentDescription
app
  value is not a valid dict (type=type_error.dict)
unit-opensearch-0: 02:20:42 ERROR juju.worker.uniter.operation hook "upgrade-charm" (via hook dispatching script: dispatch) failed: exit status 1
unit-opensearch-2: 02:20:42 ERROR juju.worker.uniter.operation hook "upgrade-charm" (via hook dispatching script: dispatch) failed: exit status 1
unit-opensearch-1: 02:20:42 ERROR juju.worker.uniter.operation hook "upgrade-charm" (via hook dispatching script: dispatch) failed: exit status 1
unit-opensearch-1: 02:20:53 ERROR unit.opensearch/1.juju-log Uncaught exception while in charm code:
Traceback (most recent call last):
  File "/var/lib/juju/agents/unit-opensearch-1/charm/./src/charm.py", line 213, in <module>
    main(OpenSearchOperatorCharm)
  File "/var/lib/juju/agents/unit-opensearch-1/charm/venv/ops/main.py", line 549, in main
    manager = _Manager(charm_class, use_juju_for_storage=use_juju_for_storage)
  File "/var/lib/juju/agents/unit-opensearch-1/charm/venv/ops/main.py", line 432, in __init__
    self.charm = self._make_charm(self.framework, self.dispatcher)
  File "/var/lib/juju/agents/unit-opensearch-1/charm/venv/ops/main.py", line 435, in _make_charm
    charm = self._charm_class(framework)
  File "/var/lib/juju/agents/unit-opensearch-1/charm/./src/charm.py", line 29, in __init__
    super().__init__(*args, distro=OpenSearchSnap)  # OpenSearchTarball
  File "/var/lib/juju/agents/unit-opensearch-1/charm/lib/charms/opensearch/v0/opensearch_base_charm.py", line 197, in __init__
    self.backup = backup(self)
  File "/var/lib/juju/agents/unit-opensearch-1/charm/lib/charms/opensearch/v0/opensearch_backups.py", line 1080, in backup
    if not charm.opensearch_peer_cm.deployment_desc():
  File "/var/lib/juju/agents/unit-opensearch-1/charm/lib/charms/opensearch/v0/opensearch_peer_clusters.py", line 358, in deployment_desc
    return DeploymentDescription.from_dict(current_deployment_desc)
  File "/var/lib/juju/agents/unit-opensearch-1/charm/lib/charms/opensearch/v0/models.py", line 47, in from_dict
    return cls(**input_dict)
  File "/var/lib/juju/agents/unit-opensearch-1/charm/lib/charms/opensearch/v0/models.py", line 32, in __init__
    super().__init__(**data)
  File "/var/lib/juju/agents/unit-opensearch-1/charm/venv/pydantic/main.py", line 341, in __init__
    raise validation_error
pydantic.error_wrappers.ValidationError: 1 validation error for DeploymentDescription
app
  value is not a valid dict (type=type_error.dict)
unit-opensearch-1: 02:20:53 ERROR juju.worker.uniter.operation hook "upgrade-charm" (via hook dispatching script: dispatch) failed: exit status 1
unit-opensearch-2: 02:20:53 ERROR unit.opensearch/2.juju-log Uncaught exception while in charm code:
Traceback (most recent call last):
  File "/var/lib/juju/agents/unit-opensearch-2/charm/./src/charm.py", line 213, in <module>
    main(OpenSearchOperatorCharm)
  File "/var/lib/juju/agents/unit-opensearch-2/charm/venv/ops/main.py", line 549, in main
    manager = _Manager(charm_class, use_juju_for_storage=use_juju_for_storage)
  File "/var/lib/juju/agents/unit-opensearch-2/charm/venv/ops/main.py", line 432, in __init__
    self.charm = self._make_charm(self.framework, self.dispatcher)
  File "/var/lib/juju/agents/unit-opensearch-2/charm/venv/ops/main.py", line 435, in _make_charm
    charm = self._charm_class(framework)
  File "/var/lib/juju/agents/unit-opensearch-2/charm/./src/charm.py", line 29, in __init__
    super().__init__(*args, distro=OpenSearchSnap)  # OpenSearchTarball
  File "/var/lib/juju/agents/unit-opensearch-2/charm/lib/charms/opensearch/v0/opensearch_base_charm.py", line 197, in __init__
    self.backup = backup(self)
  File "/var/lib/juju/agents/unit-opensearch-2/charm/lib/charms/opensearch/v0/opensearch_backups.py", line 1080, in backup
    if not charm.opensearch_peer_cm.deployment_desc():
  File "/var/lib/juju/agents/unit-opensearch-2/charm/lib/charms/opensearch/v0/opensearch_peer_clusters.py", line 358, in deployment_desc
    return DeploymentDescription.from_dict(current_deployment_desc)
  File "/var/lib/juju/agents/unit-opensearch-2/charm/lib/charms/opensearch/v0/models.py", line 47, in from_dict
    return cls(**input_dict)
  File "/var/lib/juju/agents/unit-opensearch-2/charm/lib/charms/opensearch/v0/models.py", line 32, in __init__
    super().__init__(**data)
  File "/var/lib/juju/agents/unit-opensearch-2/charm/venv/pydantic/main.py", line 341, in __init__
    raise validation_error
pydantic.error_wrappers.ValidationError: 1 validation error for DeploymentDescription
app
  value is not a valid dict (type=type_error.dict)
unit-opensearch-0: 02:20:53 ERROR unit.opensearch/0.juju-log Uncaught exception while in charm code:
Traceback (most recent call last):
  File "/var/lib/juju/agents/unit-opensearch-0/charm/./src/charm.py", line 213, in <module>
    main(OpenSearchOperatorCharm)
  File "/var/lib/juju/agents/unit-opensearch-0/charm/venv/ops/main.py", line 549, in main
    manager = _Manager(charm_class, use_juju_for_storage=use_juju_for_storage)
  File "/var/lib/juju/agents/unit-opensearch-0/charm/venv/ops/main.py", line 432, in __init__
    self.charm = self._make_charm(self.framework, self.dispatcher)
  File "/var/lib/juju/agents/unit-opensearch-0/charm/venv/ops/main.py", line 435, in _make_charm
    charm = self._charm_class(framework)
  File "/var/lib/juju/agents/unit-opensearch-0/charm/./src/charm.py", line 29, in __init__
    super().__init__(*args, distro=OpenSearchSnap)  # OpenSearchTarball
  File "/var/lib/juju/agents/unit-opensearch-0/charm/lib/charms/opensearch/v0/opensearch_base_charm.py", line 197, in __init__
    self.backup = backup(self)
  File "/var/lib/juju/agents/unit-opensearch-0/charm/lib/charms/opensearch/v0/opensearch_backups.py", line 1080, in backup
    if not charm.opensearch_peer_cm.deployment_desc():
  File "/var/lib/juju/agents/unit-opensearch-0/charm/lib/charms/opensearch/v0/opensearch_peer_clusters.py", line 358, in deployment_desc
    return DeploymentDescription.from_dict(current_deployment_desc)
  File "/var/lib/juju/agents/unit-opensearch-0/charm/lib/charms/opensearch/v0/models.py", line 47, in from_dict
    return cls(**input_dict)
  File "/var/lib/juju/agents/unit-opensearch-0/charm/lib/charms/opensearch/v0/models.py", line 32, in __init__
    super().__init__(**data)
  File "/var/lib/juju/agents/unit-opensearch-0/charm/venv/pydantic/main.py", line 341, in __init__
    raise validation_error
pydantic.error_wrappers.ValidationError: 1 validation error for DeploymentDescription
app
  value is not a valid dict (type=type_error.dict)
unit-opensearch-2: 02:20:53 ERROR juju.worker.uniter.operation hook "upgrade-charm" (via hook dispatching script: dispatch) failed: exit status 1
unit-opensearch-0: 02:20:53 ERROR juju.worker.uniter.operation hook "upgrade-charm" (via hook dispatching script: dispatch) failed: exit status 1
unit-opensearch-1: 02:21:13 ERROR unit.opensearch/1.juju-log Uncaught exception while in charm code:
Traceback (most recent call last):
  File "/var/lib/juju/agents/unit-opensearch-1/charm/./src/charm.py", line 213, in <module>
    main(OpenSearchOperatorCharm)
  File "/var/lib/juju/agents/unit-opensearch-1/charm/venv/ops/main.py", line 549, in main
    manager = _Manager(charm_class, use_juju_for_storage=use_juju_for_storage)
  File "/var/lib/juju/agents/unit-opensearch-1/charm/venv/ops/main.py", line 432, in __init__
    self.charm = self._make_charm(self.framework, self.dispatcher)
  File "/var/lib/juju/agents/unit-opensearch-1/charm/venv/ops/main.py", line 435, in _make_charm
    charm = self._charm_class(framework)
  File "/var/lib/juju/agents/unit-opensearch-1/charm/./src/charm.py", line 29, in __init__
    super().__init__(*args, distro=OpenSearchSnap)  # OpenSearchTarball
  File "/var/lib/juju/agents/unit-opensearch-1/charm/lib/charms/opensearch/v0/opensearch_base_charm.py", line 197, in __init__
    self.backup = backup(self)
  File "/var/lib/juju/agents/unit-opensearch-1/charm/lib/charms/opensearch/v0/opensearch_backups.py", line 1080, in backup
    if not charm.opensearch_peer_cm.deployment_desc():
  File "/var/lib/juju/agents/unit-opensearch-1/charm/lib/charms/opensearch/v0/opensearch_peer_clusters.py", line 358, in deployment_desc
    return DeploymentDescription.from_dict(current_deployment_desc)
  File "/var/lib/juju/agents/unit-opensearch-1/charm/lib/charms/opensearch/v0/models.py", line 47, in from_dict
    return cls(**input_dict)
  File "/var/lib/juju/agents/unit-opensearch-1/charm/lib/charms/opensearch/v0/models.py", line 32, in __init__
    super().__init__(**data)
  File "/var/lib/juju/agents/unit-opensearch-1/charm/venv/pydantic/main.py", line 341, in __init__
    raise validation_error
pydantic.error_wrappers.ValidationError: 1 validation error for DeploymentDescription
app
  value is not a valid dict (type=type_error.dict)
unit-opensearch-1: 02:21:13 ERROR juju.worker.uniter.operation hook "upgrade-charm" (via hook dispatching script: dispatch) failed: exit status 1
unit-opensearch-2: 02:21:15 ERROR unit.opensearch/2.juju-log Uncaught exception while in charm code:
Traceback (most recent call last):
  File "/var/lib/juju/agents/unit-opensearch-2/charm/./src/charm.py", line 213, in <module>
    main(OpenSearchOperatorCharm)
  File "/var/lib/juju/agents/unit-opensearch-2/charm/venv/ops/main.py", line 549, in main
    manager = _Manager(charm_class, use_juju_for_storage=use_juju_for_storage)
  File "/var/lib/juju/agents/unit-opensearch-2/charm/venv/ops/main.py", line 432, in __init__
    self.charm = self._make_charm(self.framework, self.dispatcher)
  File "/var/lib/juju/agents/unit-opensearch-2/charm/venv/ops/main.py", line 435, in _make_charm
    charm = self._charm_class(framework)
  File "/var/lib/juju/agents/unit-opensearch-2/charm/./src/charm.py", line 29, in __init__
    super().__init__(*args, distro=OpenSearchSnap)  # OpenSearchTarball
  File "/var/lib/juju/agents/unit-opensearch-2/charm/lib/charms/opensearch/v0/opensearch_base_charm.py", line 197, in __init__
    self.backup = backup(self)
  File "/var/lib/juju/agents/unit-opensearch-2/charm/lib/charms/opensearch/v0/opensearch_backups.py", line 1080, in backup
    if not charm.opensearch_peer_cm.deployment_desc():
  File "/var/lib/juju/agents/unit-opensearch-2/charm/lib/charms/opensearch/v0/opensearch_peer_clusters.py", line 358, in deployment_desc
    return DeploymentDescription.from_dict(current_deployment_desc)
  File "/var/lib/juju/agents/unit-opensearch-2/charm/lib/charms/opensearch/v0/models.py", line 47, in from_dict
    return cls(**input_dict)
  File "/var/lib/juju/agents/unit-opensearch-2/charm/lib/charms/opensearch/v0/models.py", line 32, in __init__
    super().__init__(**data)
  File "/var/lib/juju/agents/unit-opensearch-2/charm/venv/pydantic/main.py", line 341, in __init__
    raise validation_error
pydantic.error_wrappers.ValidationError: 1 validation error for DeploymentDescription
app
  value is not a valid dict (type=type_error.dict)
unit-opensearch-0: 02:21:15 ERROR unit.opensearch/0.juju-log Uncaught exception while in charm code:
Traceback (most recent call last):
  File "/var/lib/juju/agents/unit-opensearch-0/charm/./src/charm.py", line 213, in <module>
    main(OpenSearchOperatorCharm)
  File "/var/lib/juju/agents/unit-opensearch-0/charm/venv/ops/main.py", line 549, in main
    manager = _Manager(charm_class, use_juju_for_storage=use_juju_for_storage)
  File "/var/lib/juju/agents/unit-opensearch-0/charm/venv/ops/main.py", line 432, in __init__
    self.charm = self._make_charm(self.framework, self.dispatcher)
  File "/var/lib/juju/agents/unit-opensearch-0/charm/venv/ops/main.py", line 435, in _make_charm
    charm = self._charm_class(framework)
  File "/var/lib/juju/agents/unit-opensearch-0/charm/./src/charm.py", line 29, in __init__
    super().__init__(*args, distro=OpenSearchSnap)  # OpenSearchTarball
  File "/var/lib/juju/agents/unit-opensearch-0/charm/lib/charms/opensearch/v0/opensearch_base_charm.py", line 197, in __init__
    self.backup = backup(self)
  File "/var/lib/juju/agents/unit-opensearch-0/charm/lib/charms/opensearch/v0/opensearch_backups.py", line 1080, in backup
    if not charm.opensearch_peer_cm.deployment_desc():
  File "/var/lib/juju/agents/unit-opensearch-0/charm/lib/charms/opensearch/v0/opensearch_peer_clusters.py", line 358, in deployment_desc
    return DeploymentDescription.from_dict(current_deployment_desc)
  File "/var/lib/juju/agents/unit-opensearch-0/charm/lib/charms/opensearch/v0/models.py", line 47, in from_dict
    return cls(**input_dict)
  File "/var/lib/juju/agents/unit-opensearch-0/charm/lib/charms/opensearch/v0/models.py", line 32, in __init__
    super().__init__(**data)
  File "/var/lib/juju/agents/unit-opensearch-0/charm/venv/pydantic/main.py", line 341, in __init__
    raise validation_error
pydantic.error_wrappers.ValidationError: 1 validation error for DeploymentDescription
app
  value is not a valid dict (type=type_error.dict)
unit-opensearch-2: 02:21:15 ERROR juju.worker.uniter.operation hook "upgrade-charm" (via hook dispatching script: dispatch) failed: exit status 1
unit-opensearch-0: 02:21:15 ERROR juju.worker.uniter.operation hook "upgrade-charm" (via hook dispatching script: dispatch) failed: exit status 1
unit-opensearch-1: 02:21:53 ERROR unit.opensearch/1.juju-log Uncaught exception while in charm code:
Traceback (most recent call last):
  File "/var/lib/juju/agents/unit-opensearch-1/charm/./src/charm.py", line 213, in <module>
    main(OpenSearchOperatorCharm)
  File "/var/lib/juju/agents/unit-opensearch-1/charm/venv/ops/main.py", line 549, in main
    manager = _Manager(charm_class, use_juju_for_storage=use_juju_for_storage)
  File "/var/lib/juju/agents/unit-opensearch-1/charm/venv/ops/main.py", line 432, in __init__
    self.charm = self._make_charm(self.framework, self.dispatcher)
  File "/var/lib/juju/agents/unit-opensearch-1/charm/venv/ops/main.py", line 435, in _make_charm
    charm = self._charm_class(framework)
  File "/var/lib/juju/agents/unit-opensearch-1/charm/./src/charm.py", line 29, in __init__
    super().__init__(*args, distro=OpenSearchSnap)  # OpenSearchTarball
  File "/var/lib/juju/agents/unit-opensearch-1/charm/lib/charms/opensearch/v0/opensearch_base_charm.py", line 197, in __init__
    self.backup = backup(self)
  File "/var/lib/juju/agents/unit-opensearch-1/charm/lib/charms/opensearch/v0/opensearch_backups.py", line 1080, in backup
    if not charm.opensearch_peer_cm.deployment_desc():
  File "/var/lib/juju/agents/unit-opensearch-1/charm/lib/charms/opensearch/v0/opensearch_peer_clusters.py", line 358, in deployment_desc
    return DeploymentDescription.from_dict(current_deployment_desc)
  File "/var/lib/juju/agents/unit-opensearch-1/charm/lib/charms/opensearch/v0/models.py", line 47, in from_dict
    return cls(**input_dict)
  File "/var/lib/juju/agents/unit-opensearch-1/charm/lib/charms/opensearch/v0/models.py", line 32, in __init__
    super().__init__(**data)
  File "/var/lib/juju/agents/unit-opensearch-1/charm/venv/pydantic/main.py", line 341, in __init__
    raise validation_error
pydantic.error_wrappers.ValidationError: 1 validation error for DeploymentDescription
app
  value is not a valid dict (type=type_error.dict)
unit-opensearch-1: 02:21:53 ERROR juju.worker.uniter.operation hook "upgrade-charm" (via hook dispatching script: dispatch) failed: exit status 1
unit-opensearch-2: 02:21:57 ERROR unit.opensearch/2.juju-log Uncaught exception while in charm code:
Traceback (most recent call last):
  File "/var/lib/juju/agents/unit-opensearch-2/charm/./src/charm.py", line 213, in <module>
    main(OpenSearchOperatorCharm)
  File "/var/lib/juju/agents/unit-opensearch-2/charm/venv/ops/main.py", line 549, in main
    manager = _Manager(charm_class, use_juju_for_storage=use_juju_for_storage)
  File "/var/lib/juju/agents/unit-opensearch-2/charm/venv/ops/main.py", line 432, in __init__
    self.charm = self._make_charm(self.framework, self.dispatcher)
  File "/var/lib/juju/agents/unit-opensearch-2/charm/venv/ops/main.py", line 435, in _make_charm
    charm = self._charm_class(framework)
  File "/var/lib/juju/agents/unit-opensearch-2/charm/./src/charm.py", line 29, in __init__
    super().__init__(*args, distro=OpenSearchSnap)  # OpenSearchTarball
  File "/var/lib/juju/agents/unit-opensearch-2/charm/lib/charms/opensearch/v0/opensearch_base_charm.py", line 197, in __init__
    self.backup = backup(self)
  File "/var/lib/juju/agents/unit-opensearch-2/charm/lib/charms/opensearch/v0/opensearch_backups.py", line 1080, in backup
    if not charm.opensearch_peer_cm.deployment_desc():
  File "/var/lib/juju/agents/unit-opensearch-2/charm/lib/charms/opensearch/v0/opensearch_peer_clusters.py", line 358, in deployment_desc
    return DeploymentDescription.from_dict(current_deployment_desc)
  File "/var/lib/juju/agents/unit-opensearch-2/charm/lib/charms/opensearch/v0/models.py", line 47, in from_dict
    return cls(**input_dict)
  File "/var/lib/juju/agents/unit-opensearch-2/charm/lib/charms/opensearch/v0/models.py", line 32, in __init__
    super().__init__(**data)
  File "/var/lib/juju/agents/unit-opensearch-2/charm/venv/pydantic/main.py", line 341, in __init__
    raise validation_error
pydantic.error_wrappers.ValidationError: 1 validation error for DeploymentDescription
app
  value is not a valid dict (type=type_error.dict)
unit-opensearch-0: 02:21:57 ERROR unit.opensearch/0.juju-log Uncaught exception while in charm code:
Traceback (most recent call last):
  File "/var/lib/juju/agents/unit-opensearch-0/charm/./src/charm.py", line 213, in <module>
    main(OpenSearchOperatorCharm)
  File "/var/lib/juju/agents/unit-opensearch-0/charm/venv/ops/main.py", line 549, in main
    manager = _Manager(charm_class, use_juju_for_storage=use_juju_for_storage)
  File "/var/lib/juju/agents/unit-opensearch-0/charm/venv/ops/main.py", line 432, in __init__
    self.charm = self._make_charm(self.framework, self.dispatcher)
  File "/var/lib/juju/agents/unit-opensearch-0/charm/venv/ops/main.py", line 435, in _make_charm
    charm = self._charm_class(framework)
  File "/var/lib/juju/agents/unit-opensearch-0/charm/./src/charm.py", line 29, in __init__
    super().__init__(*args, distro=OpenSearchSnap)  # OpenSearchTarball
  File "/var/lib/juju/agents/unit-opensearch-0/charm/lib/charms/opensearch/v0/opensearch_base_charm.py", line 197, in __init__
    self.backup = backup(self)
  File "/var/lib/juju/agents/unit-opensearch-0/charm/lib/charms/opensearch/v0/opensearch_backups.py", line 1080, in backup
    if not charm.opensearch_peer_cm.deployment_desc():
  File "/var/lib/juju/agents/unit-opensearch-0/charm/lib/charms/opensearch/v0/opensearch_peer_clusters.py", line 358, in deployment_desc
    return DeploymentDescription.from_dict(current_deployment_desc)
  File "/var/lib/juju/agents/unit-opensearch-0/charm/lib/charms/opensearch/v0/models.py", line 47, in from_dict
    return cls(**input_dict)
  File "/var/lib/juju/agents/unit-opensearch-0/charm/lib/charms/opensearch/v0/models.py", line 32, in __init__
    super().__init__(**data)
  File "/var/lib/juju/agents/unit-opensearch-0/charm/venv/pydantic/main.py", line 341, in __init__
    raise validation_error
pydantic.error_wrappers.ValidationError: 1 validation error for DeploymentDescription
app
  value is not a valid dict (type=type_error.dict)
unit-opensearch-2: 02:21:58 ERROR juju.worker.uniter.operation hook "upgrade-charm" (via hook dispatching script: dispatch) failed: exit status 1
unit-opensearch-0: 02:21:58 ERROR juju.worker.uniter.operation hook "upgrade-charm" (via hook dispatching script: dispatch) failed: exit status 1
unit-opensearch-1: 02:23:12 ERROR unit.opensearch/1.juju-log Uncaught exception while in charm code:
Traceback (most recent call last):
  File "/var/lib/juju/agents/unit-opensearch-1/charm/./src/charm.py", line 213, in <module>
    main(OpenSearchOperatorCharm)
  File "/var/lib/juju/agents/unit-opensearch-1/charm/venv/ops/main.py", line 549, in main
    manager = _Manager(charm_class, use_juju_for_storage=use_juju_for_storage)
  File "/var/lib/juju/agents/unit-opensearch-1/charm/venv/ops/main.py", line 432, in __init__
    self.charm = self._make_charm(self.framework, self.dispatcher)
  File "/var/lib/juju/agents/unit-opensearch-1/charm/venv/ops/main.py", line 435, in _make_charm
    charm = self._charm_class(framework)
  File "/var/lib/juju/agents/unit-opensearch-1/charm/./src/charm.py", line 29, in __init__
    super().__init__(*args, distro=OpenSearchSnap)  # OpenSearchTarball
  File "/var/lib/juju/agents/unit-opensearch-1/charm/lib/charms/opensearch/v0/opensearch_base_charm.py", line 197, in __init__
    self.backup = backup(self)
  File "/var/lib/juju/agents/unit-opensearch-1/charm/lib/charms/opensearch/v0/opensearch_backups.py", line 1080, in backup
    if not charm.opensearch_peer_cm.deployment_desc():
  File "/var/lib/juju/agents/unit-opensearch-1/charm/lib/charms/opensearch/v0/opensearch_peer_clusters.py", line 358, in deployment_desc
    return DeploymentDescription.from_dict(current_deployment_desc)
  File "/var/lib/juju/agents/unit-opensearch-1/charm/lib/charms/opensearch/v0/models.py", line 47, in from_dict
    return cls(**input_dict)
  File "/var/lib/juju/agents/unit-opensearch-1/charm/lib/charms/opensearch/v0/models.py", line 32, in __init__
    super().__init__(**data)
  File "/var/lib/juju/agents/unit-opensearch-1/charm/venv/pydantic/main.py", line 341, in __init__
    raise validation_error
pydantic.error_wrappers.ValidationError: 1 validation error for DeploymentDescription
app
  value is not a valid dict (type=type_error.dict)
unit-opensearch-1: 02:23:13 ERROR juju.worker.uniter.operation hook "upgrade-charm" (via hook dispatching script: dispatch) failed: exit status 1
unit-opensearch-0: 02:23:19 ERROR unit.opensearch/0.juju-log Uncaught exception while in charm code:
Traceback (most recent call last):
  File "/var/lib/juju/agents/unit-opensearch-0/charm/./src/charm.py", line 213, in <module>
    main(OpenSearchOperatorCharm)
  File "/var/lib/juju/agents/unit-opensearch-0/charm/venv/ops/main.py", line 549, in main
    manager = _Manager(charm_class, use_juju_for_storage=use_juju_for_storage)
  File "/var/lib/juju/agents/unit-opensearch-0/charm/venv/ops/main.py", line 432, in __init__
    self.charm = self._make_charm(self.framework, self.dispatcher)
  File "/var/lib/juju/agents/unit-opensearch-0/charm/venv/ops/main.py", line 435, in _make_charm
    charm = self._charm_class(framework)
  File "/var/lib/juju/agents/unit-opensearch-0/charm/./src/charm.py", line 29, in __init__
    super().__init__(*args, distro=OpenSearchSnap)  # OpenSearchTarball
  File "/var/lib/juju/agents/unit-opensearch-0/charm/lib/charms/opensearch/v0/opensearch_base_charm.py", line 197, in __init__
    self.backup = backup(self)
  File "/var/lib/juju/agents/unit-opensearch-0/charm/lib/charms/opensearch/v0/opensearch_backups.py", line 1080, in backup
    if not charm.opensearch_peer_cm.deployment_desc():
  File "/var/lib/juju/agents/unit-opensearch-0/charm/lib/charms/opensearch/v0/opensearch_peer_clusters.py", line 358, in deployment_desc
    return DeploymentDescription.from_dict(current_deployment_desc)
  File "/var/lib/juju/agents/unit-opensearch-0/charm/lib/charms/opensearch/v0/models.py", line 47, in from_dict
    return cls(**input_dict)
  File "/var/lib/juju/agents/unit-opensearch-0/charm/lib/charms/opensearch/v0/models.py", line 32, in __init__
    super().__init__(**data)
  File "/var/lib/juju/agents/unit-opensearch-0/charm/venv/pydantic/main.py", line 341, in __init__
    raise validation_error
pydantic.error_wrappers.ValidationError: 1 validation error for DeploymentDescription
app
  value is not a valid dict (type=type_error.dict)
unit-opensearch-0: 02:23:19 ERROR juju.worker.uniter.operation hook "upgrade-charm" (via hook dispatching script: dispatch) failed: exit status 1
unit-opensearch-2: 02:23:22 ERROR unit.opensearch/2.juju-log Uncaught exception while in charm code:
Traceback (most recent call last):
  File "/var/lib/juju/agents/unit-opensearch-2/charm/./src/charm.py", line 213, in <module>
    main(OpenSearchOperatorCharm)
  File "/var/lib/juju/agents/unit-opensearch-2/charm/venv/ops/main.py", line 549, in main
    manager = _Manager(charm_class, use_juju_for_storage=use_juju_for_storage)
  File "/var/lib/juju/agents/unit-opensearch-2/charm/venv/ops/main.py", line 432, in __init__
    self.charm = self._make_charm(self.framework, self.dispatcher)
  File "/var/lib/juju/agents/unit-opensearch-2/charm/venv/ops/main.py", line 435, in _make_charm
    charm = self._charm_class(framework)
  File "/var/lib/juju/agents/unit-opensearch-2/charm/./src/charm.py", line 29, in __init__
    super().__init__(*args, distro=OpenSearchSnap)  # OpenSearchTarball
  File "/var/lib/juju/agents/unit-opensearch-2/charm/lib/charms/opensearch/v0/opensearch_base_charm.py", line 197, in __init__
    self.backup = backup(self)
  File "/var/lib/juju/agents/unit-opensearch-2/charm/lib/charms/opensearch/v0/opensearch_backups.py", line 1080, in backup
    if not charm.opensearch_peer_cm.deployment_desc():
  File "/var/lib/juju/agents/unit-opensearch-2/charm/lib/charms/opensearch/v0/opensearch_peer_clusters.py", line 358, in deployment_desc
    return DeploymentDescription.from_dict(current_deployment_desc)
  File "/var/lib/juju/agents/unit-opensearch-2/charm/lib/charms/opensearch/v0/models.py", line 47, in from_dict
    return cls(**input_dict)
  File "/var/lib/juju/agents/unit-opensearch-2/charm/lib/charms/opensearch/v0/models.py", line 32, in __init__
    super().__init__(**data)
  File "/var/lib/juju/agents/unit-opensearch-2/charm/venv/pydantic/main.py", line 341, in __init__
    raise validation_error
pydantic.error_wrappers.ValidationError: 1 validation error for DeploymentDescription
app
  value is not a valid dict (type=type_error.dict)
unit-opensearch-2: 02:23:23 ERROR juju.worker.uniter.operation hook "upgrade-charm" (via hook dispatching script: dispatch) failed: exit status 1
unit-opensearch-1: 02:25:46 ERROR unit.opensearch/1.juju-log Uncaught exception while in charm code:
Traceback (most recent call last):
  File "/var/lib/juju/agents/unit-opensearch-1/charm/./src/charm.py", line 213, in <module>
    main(OpenSearchOperatorCharm)
  File "/var/lib/juju/agents/unit-opensearch-1/charm/venv/ops/main.py", line 549, in main
    manager = _Manager(charm_class, use_juju_for_storage=use_juju_for_storage)
  File "/var/lib/juju/agents/unit-opensearch-1/charm/venv/ops/main.py", line 432, in __init__
    self.charm = self._make_charm(self.framework, self.dispatcher)
  File "/var/lib/juju/agents/unit-opensearch-1/charm/venv/ops/main.py", line 435, in _make_charm
    charm = self._charm_class(framework)
  File "/var/lib/juju/agents/unit-opensearch-1/charm/./src/charm.py", line 29, in __init__
    super().__init__(*args, distro=OpenSearchSnap)  # OpenSearchTarball
  File "/var/lib/juju/agents/unit-opensearch-1/charm/lib/charms/opensearch/v0/opensearch_base_charm.py", line 197, in __init__
    self.backup = backup(self)
  File "/var/lib/juju/agents/unit-opensearch-1/charm/lib/charms/opensearch/v0/opensearch_backups.py", line 1080, in backup
    if not charm.opensearch_peer_cm.deployment_desc():
  File "/var/lib/juju/agents/unit-opensearch-1/charm/lib/charms/opensearch/v0/opensearch_peer_clusters.py", line 358, in deployment_desc
    return DeploymentDescription.from_dict(current_deployment_desc)
  File "/var/lib/juju/agents/unit-opensearch-1/charm/lib/charms/opensearch/v0/models.py", line 47, in from_dict
    return cls(**input_dict)
  File "/var/lib/juju/agents/unit-opensearch-1/charm/lib/charms/opensearch/v0/models.py", line 32, in __init__
    super().__init__(**data)
  File "/var/lib/juju/agents/unit-opensearch-1/charm/venv/pydantic/main.py", line 341, in __init__
    raise validation_error
pydantic.error_wrappers.ValidationError: 1 validation error for DeploymentDescription
app
  value is not a valid dict (type=type_error.dict)
unit-opensearch-1: 02:25:46 ERROR juju.worker.uniter.operation hook "upgrade-charm" (via hook dispatching script: dispatch) failed: exit status 1
unit-opensearch-0: 02:25:57 ERROR unit.opensearch/0.juju-log Uncaught exception while in charm code:
Traceback (most recent call last):
  File "/var/lib/juju/agents/unit-opensearch-0/charm/./src/charm.py", line 213, in <module>
    main(OpenSearchOperatorCharm)
  File "/var/lib/juju/agents/unit-opensearch-0/charm/venv/ops/main.py", line 549, in main
    manager = _Manager(charm_class, use_juju_for_storage=use_juju_for_storage)
  File "/var/lib/juju/agents/unit-opensearch-0/charm/venv/ops/main.py", line 432, in __init__
    self.charm = self._make_charm(self.framework, self.dispatcher)
  File "/var/lib/juju/agents/unit-opensearch-0/charm/venv/ops/main.py", line 435, in _make_charm
    charm = self._charm_class(framework)
  File "/var/lib/juju/agents/unit-opensearch-0/charm/./src/charm.py", line 29, in __init__
    super().__init__(*args, distro=OpenSearchSnap)  # OpenSearchTarball
  File "/var/lib/juju/agents/unit-opensearch-0/charm/lib/charms/opensearch/v0/opensearch_base_charm.py", line 197, in __init__
    self.backup = backup(self)
  File "/var/lib/juju/agents/unit-opensearch-0/charm/lib/charms/opensearch/v0/opensearch_backups.py", line 1080, in backup
    if not charm.opensearch_peer_cm.deployment_desc():
  File "/var/lib/juju/agents/unit-opensearch-0/charm/lib/charms/opensearch/v0/opensearch_peer_clusters.py", line 358, in deployment_desc
    return DeploymentDescription.from_dict(current_deployment_desc)
  File "/var/lib/juju/agents/unit-opensearch-0/charm/lib/charms/opensearch/v0/models.py", line 47, in from_dict
    return cls(**input_dict)
  File "/var/lib/juju/agents/unit-opensearch-0/charm/lib/charms/opensearch/v0/models.py", line 32, in __init__
    super().__init__(**data)
  File "/var/lib/juju/agents/unit-opensearch-0/charm/venv/pydantic/main.py", line 341, in __init__
    raise validation_error
pydantic.error_wrappers.ValidationError: 1 validation error for DeploymentDescription
app
  value is not a valid dict (type=type_error.dict)
unit-opensearch-0: 02:25:57 ERROR juju.worker.uniter.operation hook "upgrade-charm" (via hook dispatching script: dispatch) failed: exit status 1
unit-opensearch-2: 02:26:08 ERROR unit.opensearch/2.juju-log Uncaught exception while in charm code:
Traceback (most recent call last):
  File "/var/lib/juju/agents/unit-opensearch-2/charm/./src/charm.py", line 213, in <module>
    main(OpenSearchOperatorCharm)
  File "/var/lib/juju/agents/unit-opensearch-2/charm/venv/ops/main.py", line 549, in main
    manager = _Manager(charm_class, use_juju_for_storage=use_juju_for_storage)
  File "/var/lib/juju/agents/unit-opensearch-2/charm/venv/ops/main.py", line 432, in __init__
    self.charm = self._make_charm(self.framework, self.dispatcher)
  File "/var/lib/juju/agents/unit-opensearch-2/charm/venv/ops/main.py", line 435, in _make_charm
    charm = self._charm_class(framework)
  File "/var/lib/juju/agents/unit-opensearch-2/charm/./src/charm.py", line 29, in __init__
    super().__init__(*args, distro=OpenSearchSnap)  # OpenSearchTarball
  File "/var/lib/juju/agents/unit-opensearch-2/charm/lib/charms/opensearch/v0/opensearch_base_charm.py", line 197, in __init__
    self.backup = backup(self)
  File "/var/lib/juju/agents/unit-opensearch-2/charm/lib/charms/opensearch/v0/opensearch_backups.py", line 1080, in backup
    if not charm.opensearch_peer_cm.deployment_desc():
  File "/var/lib/juju/agents/unit-opensearch-2/charm/lib/charms/opensearch/v0/opensearch_peer_clusters.py", line 358, in deployment_desc
    return DeploymentDescription.from_dict(current_deployment_desc)
  File "/var/lib/juju/agents/unit-opensearch-2/charm/lib/charms/opensearch/v0/models.py", line 47, in from_dict
    return cls(**input_dict)
  File "/var/lib/juju/agents/unit-opensearch-2/charm/lib/charms/opensearch/v0/models.py", line 32, in __init__
    super().__init__(**data)
  File "/var/lib/juju/agents/unit-opensearch-2/charm/venv/pydantic/main.py", line 341, in __init__
    raise validation_error
pydantic.error_wrappers.ValidationError: 1 validation error for DeploymentDescription
app
  value is not a valid dict (type=type_error.dict)
unit-opensearch-2: 02:26:08 ERROR juju.worker.uniter.operation hook "upgrade-charm" (via hook dispatching script: dispatch) failed: exit status 1
unit-opensearch-1: 02:30:43 ERROR unit.opensearch/1.juju-log Uncaught exception while in charm code:
Traceback (most recent call last):
  File "/var/lib/juju/agents/unit-opensearch-1/charm/./src/charm.py", line 213, in <module>
    main(OpenSearchOperatorCharm)
  File "/var/lib/juju/agents/unit-opensearch-1/charm/venv/ops/main.py", line 549, in main
    manager = _Manager(charm_class, use_juju_for_storage=use_juju_for_storage)
  File "/var/lib/juju/agents/unit-opensearch-1/charm/venv/ops/main.py", line 432, in __init__
    self.charm = self._make_charm(self.framework, self.dispatcher)
  File "/var/lib/juju/agents/unit-opensearch-1/charm/venv/ops/main.py", line 435, in _make_charm
    charm = self._charm_class(framework)
  File "/var/lib/juju/agents/unit-opensearch-1/charm/./src/charm.py", line 29, in __init__
    super().__init__(*args, distro=OpenSearchSnap)  # OpenSearchTarball
  File "/var/lib/juju/agents/unit-opensearch-1/charm/lib/charms/opensearch/v0/opensearch_base_charm.py", line 197, in __init__
    self.backup = backup(self)
  File "/var/lib/juju/agents/unit-opensearch-1/charm/lib/charms/opensearch/v0/opensearch_backups.py", line 1080, in backup
    if not charm.opensearch_peer_cm.deployment_desc():
  File "/var/lib/juju/agents/unit-opensearch-1/charm/lib/charms/opensearch/v0/opensearch_peer_clusters.py", line 358, in deployment_desc
    return DeploymentDescription.from_dict(current_deployment_desc)
  File "/var/lib/juju/agents/unit-opensearch-1/charm/lib/charms/opensearch/v0/models.py", line 47, in from_dict
    return cls(**input_dict)
  File "/var/lib/juju/agents/unit-opensearch-1/charm/lib/charms/opensearch/v0/models.py", line 32, in __init__
    super().__init__(**data)
  File "/var/lib/juju/agents/unit-opensearch-1/charm/venv/pydantic/main.py", line 341, in __init__
    raise validation_error
pydantic.error_wrappers.ValidationError: 1 validation error for DeploymentDescription
app
  value is not a valid dict (type=type_error.dict)
unit-opensearch-1: 02:30:44 ERROR juju.worker.uniter.operation hook "upgrade-charm" (via hook dispatching script: dispatch) failed: exit status 1
unit-opensearch-0: 02:30:58 ERROR unit.opensearch/0.juju-log Uncaught exception while in charm code:
Traceback (most recent call last):
  File "/var/lib/juju/agents/unit-opensearch-0/charm/./src/charm.py", line 213, in <module>
    main(OpenSearchOperatorCharm)
  File "/var/lib/juju/agents/unit-opensearch-0/charm/venv/ops/main.py", line 549, in main
    manager = _Manager(charm_class, use_juju_for_storage=use_juju_for_storage)
  File "/var/lib/juju/agents/unit-opensearch-0/charm/venv/ops/main.py", line 432, in __init__
    self.charm = self._make_charm(self.framework, self.dispatcher)
  File "/var/lib/juju/agents/unit-opensearch-0/charm/venv/ops/main.py", line 435, in _make_charm
    charm = self._charm_class(framework)
  File "/var/lib/juju/agents/unit-opensearch-0/charm/./src/charm.py", line 29, in __init__
    super().__init__(*args, distro=OpenSearchSnap)  # OpenSearchTarball
  File "/var/lib/juju/agents/unit-opensearch-0/charm/lib/charms/opensearch/v0/opensearch_base_charm.py", line 197, in __init__
    self.backup = backup(self)
  File "/var/lib/juju/agents/unit-opensearch-0/charm/lib/charms/opensearch/v0/opensearch_backups.py", line 1080, in backup
    if not charm.opensearch_peer_cm.deployment_desc():
  File "/var/lib/juju/agents/unit-opensearch-0/charm/lib/charms/opensearch/v0/opensearch_peer_clusters.py", line 358, in deployment_desc
    return DeploymentDescription.from_dict(current_deployment_desc)
  File "/var/lib/juju/agents/unit-opensearch-0/charm/lib/charms/opensearch/v0/models.py", line 47, in from_dict
    return cls(**input_dict)
  File "/var/lib/juju/agents/unit-opensearch-0/charm/lib/charms/opensearch/v0/models.py", line 32, in __init__
    super().__init__(**data)
  File "/var/lib/juju/agents/unit-opensearch-0/charm/venv/pydantic/main.py", line 341, in __init__
    raise validation_error
pydantic.error_wrappers.ValidationError: 1 validation error for DeploymentDescription
app
  value is not a valid dict (type=type_error.dict)
unit-opensearch-0: 02:30:59 ERROR juju.worker.uniter.operation hook "upgrade-charm" (via hook dispatching script: dispatch) failed: exit status 1
unit-opensearch-2: 02:31:09 ERROR unit.opensearch/2.juju-log Uncaught exception while in charm code:
Traceback (most recent call last):
  File "/var/lib/juju/agents/unit-opensearch-2/charm/./src/charm.py", line 213, in <module>
    main(OpenSearchOperatorCharm)
  File "/var/lib/juju/agents/unit-opensearch-2/charm/venv/ops/main.py", line 549, in main
    manager = _Manager(charm_class, use_juju_for_storage=use_juju_for_storage)
  File "/var/lib/juju/agents/unit-opensearch-2/charm/venv/ops/main.py", line 432, in __init__
    self.charm = self._make_charm(self.framework, self.dispatcher)
  File "/var/lib/juju/agents/unit-opensearch-2/charm/venv/ops/main.py", line 435, in _make_charm
    charm = self._charm_class(framework)
  File "/var/lib/juju/agents/unit-opensearch-2/charm/./src/charm.py", line 29, in __init__
    super().__init__(*args, distro=OpenSearchSnap)  # OpenSearchTarball
  File "/var/lib/juju/agents/unit-opensearch-2/charm/lib/charms/opensearch/v0/opensearch_base_charm.py", line 197, in __init__
    self.backup = backup(self)
  File "/var/lib/juju/agents/unit-opensearch-2/charm/lib/charms/opensearch/v0/opensearch_backups.py", line 1080, in backup
    if not charm.opensearch_peer_cm.deployment_desc():
  File "/var/lib/juju/agents/unit-opensearch-2/charm/lib/charms/opensearch/v0/opensearch_peer_clusters.py", line 358, in deployment_desc
    return DeploymentDescription.from_dict(current_deployment_desc)
  File "/var/lib/juju/agents/unit-opensearch-2/charm/lib/charms/opensearch/v0/models.py", line 47, in from_dict
    return cls(**input_dict)
  File "/var/lib/juju/agents/unit-opensearch-2/charm/lib/charms/opensearch/v0/models.py", line 32, in __init__
    super().__init__(**data)
  File "/var/lib/juju/agents/unit-opensearch-2/charm/venv/pydantic/main.py", line 341, in __init__
    raise validation_error
pydantic.error_wrappers.ValidationError: 1 validation error for DeploymentDescription
app
  value is not a valid dict (type=type_error.dict)
unit-opensearch-2: 02:31:09 ERROR juju.worker.uniter.operation hook "upgrade-charm" (via hook dispatching script: dispatch) failed: exit status 1
unit-opensearch-1: 02:35:45 ERROR unit.opensearch/1.juju-log Uncaught exception while in charm code:
Traceback (most recent call last):
  File "/var/lib/juju/agents/unit-opensearch-1/charm/./src/charm.py", line 213, in <module>
    main(OpenSearchOperatorCharm)
  File "/var/lib/juju/agents/unit-opensearch-1/charm/venv/ops/main.py", line 549, in main
    manager = _Manager(charm_class, use_juju_for_storage=use_juju_for_storage)
  File "/var/lib/juju/agents/unit-opensearch-1/charm/venv/ops/main.py", line 432, in __init__
    self.charm = self._make_charm(self.framework, self.dispatcher)
  File "/var/lib/juju/agents/unit-opensearch-1/charm/venv/ops/main.py", line 435, in _make_charm
    charm = self._charm_class(framework)
  File "/var/lib/juju/agents/unit-opensearch-1/charm/./src/charm.py", line 29, in __init__
    super().__init__(*args, distro=OpenSearchSnap)  # OpenSearchTarball
  File "/var/lib/juju/agents/unit-opensearch-1/charm/lib/charms/opensearch/v0/opensearch_base_charm.py", line 197, in __init__
    self.backup = backup(self)
  File "/var/lib/juju/agents/unit-opensearch-1/charm/lib/charms/opensearch/v0/opensearch_backups.py", line 1080, in backup
    if not charm.opensearch_peer_cm.deployment_desc():
  File "/var/lib/juju/agents/unit-opensearch-1/charm/lib/charms/opensearch/v0/opensearch_peer_clusters.py", line 358, in deployment_desc
    return DeploymentDescription.from_dict(current_deployment_desc)
  File "/var/lib/juju/agents/unit-opensearch-1/charm/lib/charms/opensearch/v0/models.py", line 47, in from_dict
    return cls(**input_dict)
  File "/var/lib/juju/agents/unit-opensearch-1/charm/lib/charms/opensearch/v0/models.py", line 32, in __init__
    super().__init__(**data)
  File "/var/lib/juju/agents/unit-opensearch-1/charm/venv/pydantic/main.py", line 341, in __init__
    raise validation_error
pydantic.error_wrappers.ValidationError: 1 validation error for DeploymentDescription
app
  value is not a valid dict (type=type_error.dict)
unit-opensearch-1: 02:35:45 ERROR juju.worker.uniter.operation hook "upgrade-charm" (via hook dispatching script: dispatch) failed: exit status 1
unit-opensearch-0: 02:36:00 ERROR unit.opensearch/0.juju-log Uncaught exception while in charm code:
Traceback (most recent call last):
  File "/var/lib/juju/agents/unit-opensearch-0/charm/./src/charm.py", line 213, in <module>
    main(OpenSearchOperatorCharm)
  File "/var/lib/juju/agents/unit-opensearch-0/charm/venv/ops/main.py", line 549, in main
    manager = _Manager(charm_class, use_juju_for_storage=use_juju_for_storage)
  File "/var/lib/juju/agents/unit-opensearch-0/charm/venv/ops/main.py", line 432, in __init__
    self.charm = self._make_charm(self.framework, self.dispatcher)
  File "/var/lib/juju/agents/unit-opensearch-0/charm/venv/ops/main.py", line 435, in _make_charm
    charm = self._charm_class(framework)
  File "/var/lib/juju/agents/unit-opensearch-0/charm/./src/charm.py", line 29, in __init__
    super().__init__(*args, distro=OpenSearchSnap)  # OpenSearchTarball
  File "/var/lib/juju/agents/unit-opensearch-0/charm/lib/charms/opensearch/v0/opensearch_base_charm.py", line 197, in __init__
    self.backup = backup(self)
  File "/var/lib/juju/agents/unit-opensearch-0/charm/lib/charms/opensearch/v0/opensearch_backups.py", line 1080, in backup
    if not charm.opensearch_peer_cm.deployment_desc():
  File "/var/lib/juju/agents/unit-opensearch-0/charm/lib/charms/opensearch/v0/opensearch_peer_clusters.py", line 358, in deployment_desc
    return DeploymentDescription.from_dict(current_deployment_desc)
  File "/var/lib/juju/agents/unit-opensearch-0/charm/lib/charms/opensearch/v0/models.py", line 47, in from_dict
    return cls(**input_dict)
  File "/var/lib/juju/agents/unit-opensearch-0/charm/lib/charms/opensearch/v0/models.py", line 32, in __init__
    super().__init__(**data)
  File "/var/lib/juju/agents/unit-opensearch-0/charm/venv/pydantic/main.py", line 341, in __init__
    raise validation_error
pydantic.error_wrappers.ValidationError: 1 validation error for DeploymentDescription
app
  value is not a valid dict (type=type_error.dict)
unit-opensearch-0: 02:36:00 ERROR juju.worker.uniter.operation hook "upgrade-charm" (via hook dispatching script: dispatch) failed: exit status 1
unit-opensearch-2: 02:36:10 ERROR unit.opensearch/2.juju-log Uncaught exception while in charm code:
Traceback (most recent call last):
  File "/var/lib/juju/agents/unit-opensearch-2/charm/./src/charm.py", line 213, in <module>
    main(OpenSearchOperatorCharm)
  File "/var/lib/juju/agents/unit-opensearch-2/charm/venv/ops/main.py", line 549, in main
    manager = _Manager(charm_class, use_juju_for_storage=use_juju_for_storage)
  File "/var/lib/juju/agents/unit-opensearch-2/charm/venv/ops/main.py", line 432, in __init__
    self.charm = self._make_charm(self.framework, self.dispatcher)
  File "/var/lib/juju/agents/unit-opensearch-2/charm/venv/ops/main.py", line 435, in _make_charm
    charm = self._charm_class(framework)
  File "/var/lib/juju/agents/unit-opensearch-2/charm/./src/charm.py", line 29, in __init__
    super().__init__(*args, distro=OpenSearchSnap)  # OpenSearchTarball
  File "/var/lib/juju/agents/unit-opensearch-2/charm/lib/charms/opensearch/v0/opensearch_base_charm.py", line 197, in __init__
    self.backup = backup(self)
  File "/var/lib/juju/agents/unit-opensearch-2/charm/lib/charms/opensearch/v0/opensearch_backups.py", line 1080, in backup
    if not charm.opensearch_peer_cm.deployment_desc():
  File "/var/lib/juju/agents/unit-opensearch-2/charm/lib/charms/opensearch/v0/opensearch_peer_clusters.py", line 358, in deployment_desc
    return DeploymentDescription.from_dict(current_deployment_desc)
  File "/var/lib/juju/agents/unit-opensearch-2/charm/lib/charms/opensearch/v0/models.py", line 47, in from_dict
    return cls(**input_dict)
  File "/var/lib/juju/agents/unit-opensearch-2/charm/lib/charms/opensearch/v0/models.py", line 32, in __init__
    super().__init__(**data)
  File "/var/lib/juju/agents/unit-opensearch-2/charm/venv/pydantic/main.py", line 341, in __init__
    raise validation_error
pydantic.error_wrappers.ValidationError: 1 validation error for DeploymentDescription
app
  value is not a valid dict (type=type_error.dict)
unit-opensearch-2: 02:36:11 ERROR juju.worker.uniter.operation hook "upgrade-charm" (via hook dispatching script: dispatch) failed: exit status 1
unit-opensearch-1: 02:40:46 ERROR unit.opensearch/1.juju-log Uncaught exception while in charm code:
Traceback (most recent call last):
  File "/var/lib/juju/agents/unit-opensearch-1/charm/./src/charm.py", line 213, in <module>
    main(OpenSearchOperatorCharm)
  File "/var/lib/juju/agents/unit-opensearch-1/charm/venv/ops/main.py", line 549, in main
    manager = _Manager(charm_class, use_juju_for_storage=use_juju_for_storage)
  File "/var/lib/juju/agents/unit-opensearch-1/charm/venv/ops/main.py", line 432, in __init__
    self.charm = self._make_charm(self.framework, self.dispatcher)
  File "/var/lib/juju/agents/unit-opensearch-1/charm/venv/ops/main.py", line 435, in _make_charm
    charm = self._charm_class(framework)
  File "/var/lib/juju/agents/unit-opensearch-1/charm/./src/charm.py", line 29, in __init__
    super().__init__(*args, distro=OpenSearchSnap)  # OpenSearchTarball
  File "/var/lib/juju/agents/unit-opensearch-1/charm/lib/charms/opensearch/v0/opensearch_base_charm.py", line 197, in __init__
    self.backup = backup(self)
  File "/var/lib/juju/agents/unit-opensearch-1/charm/lib/charms/opensearch/v0/opensearch_backups.py", line 1080, in backup
    if not charm.opensearch_peer_cm.deployment_desc():
  File "/var/lib/juju/agents/unit-opensearch-1/charm/lib/charms/opensearch/v0/opensearch_peer_clusters.py", line 358, in deployment_desc
    return DeploymentDescription.from_dict(current_deployment_desc)
  File "/var/lib/juju/agents/unit-opensearch-1/charm/lib/charms/opensearch/v0/models.py", line 47, in from_dict
    return cls(**input_dict)
  File "/var/lib/juju/agents/unit-opensearch-1/charm/lib/charms/opensearch/v0/models.py", line 32, in __init__
    super().__init__(**data)
  File "/var/lib/juju/agents/unit-opensearch-1/charm/venv/pydantic/main.py", line 341, in __init__
    raise validation_error
pydantic.error_wrappers.ValidationError: 1 validation error for DeploymentDescription
app
  value is not a valid dict (type=type_error.dict)
unit-opensearch-1: 02:40:46 ERROR juju.worker.uniter.operation hook "upgrade-charm" (via hook dispatching script: dispatch) failed: exit status 1
unit-opensearch-0: 02:41:01 ERROR unit.opensearch/0.juju-log Uncaught exception while in charm code:
Traceback (most recent call last):
  File "/var/lib/juju/agents/unit-opensearch-0/charm/./src/charm.py", line 213, in <module>
    main(OpenSearchOperatorCharm)
  File "/var/lib/juju/agents/unit-opensearch-0/charm/venv/ops/main.py", line 549, in main
    manager = _Manager(charm_class, use_juju_for_storage=use_juju_for_storage)
  File "/var/lib/juju/agents/unit-opensearch-0/charm/venv/ops/main.py", line 432, in __init__
    self.charm = self._make_charm(self.framework, self.dispatcher)
  File "/var/lib/juju/agents/unit-opensearch-0/charm/venv/ops/main.py", line 435, in _make_charm
    charm = self._charm_class(framework)
  File "/var/lib/juju/agents/unit-opensearch-0/charm/./src/charm.py", line 29, in __init__
    super().__init__(*args, distro=OpenSearchSnap)  # OpenSearchTarball
  File "/var/lib/juju/agents/unit-opensearch-0/charm/lib/charms/opensearch/v0/opensearch_base_charm.py", line 197, in __init__
    self.backup = backup(self)
  File "/var/lib/juju/agents/unit-opensearch-0/charm/lib/charms/opensearch/v0/opensearch_backups.py", line 1080, in backup
    if not charm.opensearch_peer_cm.deployment_desc():
  File "/var/lib/juju/agents/unit-opensearch-0/charm/lib/charms/opensearch/v0/opensearch_peer_clusters.py", line 358, in deployment_desc
    return DeploymentDescription.from_dict(current_deployment_desc)
  File "/var/lib/juju/agents/unit-opensearch-0/charm/lib/charms/opensearch/v0/models.py", line 47, in from_dict
    return cls(**input_dict)
  File "/var/lib/juju/agents/unit-opensearch-0/charm/lib/charms/opensearch/v0/models.py", line 32, in __init__
    super().__init__(**data)
  File "/var/lib/juju/agents/unit-opensearch-0/charm/venv/pydantic/main.py", line 341, in __init__
    raise validation_error
pydantic.error_wrappers.ValidationError: 1 validation error for DeploymentDescription
app
  value is not a valid dict (type=type_error.dict)
unit-opensearch-0: 02:41:01 ERROR juju.worker.uniter.operation hook "upgrade-charm" (via hook dispatching script: dispatch) failed: exit status 1
unit-opensearch-2: 02:41:12 ERROR unit.opensearch/2.juju-log Uncaught exception while in charm code:
Traceback (most recent call last):
  File "/var/lib/juju/agents/unit-opensearch-2/charm/./src/charm.py", line 213, in <module>
    main(OpenSearchOperatorCharm)
  File "/var/lib/juju/agents/unit-opensearch-2/charm/venv/ops/main.py", line 549, in main
    manager = _Manager(charm_class, use_juju_for_storage=use_juju_for_storage)
  File "/var/lib/juju/agents/unit-opensearch-2/charm/venv/ops/main.py", line 432, in __init__
    self.charm = self._make_charm(self.framework, self.dispatcher)
  File "/var/lib/juju/agents/unit-opensearch-2/charm/venv/ops/main.py", line 435, in _make_charm
    charm = self._charm_class(framework)
  File "/var/lib/juju/agents/unit-opensearch-2/charm/./src/charm.py", line 29, in __init__
    super().__init__(*args, distro=OpenSearchSnap)  # OpenSearchTarball
  File "/var/lib/juju/agents/unit-opensearch-2/charm/lib/charms/opensearch/v0/opensearch_base_charm.py", line 197, in __init__
    self.backup = backup(self)
  File "/var/lib/juju/agents/unit-opensearch-2/charm/lib/charms/opensearch/v0/opensearch_backups.py", line 1080, in backup
    if not charm.opensearch_peer_cm.deployment_desc():
  File "/var/lib/juju/agents/unit-opensearch-2/charm/lib/charms/opensearch/v0/opensearch_peer_clusters.py", line 358, in deployment_desc
    return DeploymentDescription.from_dict(current_deployment_desc)
  File "/var/lib/juju/agents/unit-opensearch-2/charm/lib/charms/opensearch/v0/models.py", line 47, in from_dict
    return cls(**input_dict)
  File "/var/lib/juju/agents/unit-opensearch-2/charm/lib/charms/opensearch/v0/models.py", line 32, in __init__
    super().__init__(**data)
  File "/var/lib/juju/agents/unit-opensearch-2/charm/venv/pydantic/main.py", line 341, in __init__
    raise validation_error
pydantic.error_wrappers.ValidationError: 1 validation error for DeploymentDescription
app
  value is not a valid dict (type=type_error.dict)
unit-opensearch-2: 02:41:12 ERROR juju.worker.uniter.operation hook "upgrade-charm" (via hook dispatching script: dispatch) failed: exit status 1
unit-opensearch-1: 02:45:47 ERROR unit.opensearch/1.juju-log Uncaught exception while in charm code:
Traceback (most recent call last):
  File "/var/lib/juju/agents/unit-opensearch-1/charm/./src/charm.py", line 213, in <module>
    main(OpenSearchOperatorCharm)
  File "/var/lib/juju/agents/unit-opensearch-1/charm/venv/ops/main.py", line 549, in main
    manager = _Manager(charm_class, use_juju_for_storage=use_juju_for_storage)
  File "/var/lib/juju/agents/unit-opensearch-1/charm/venv/ops/main.py", line 432, in __init__
    self.charm = self._make_charm(self.framework, self.dispatcher)
  File "/var/lib/juju/agents/unit-opensearch-1/charm/venv/ops/main.py", line 435, in _make_charm
    charm = self._charm_class(framework)
  File "/var/lib/juju/agents/unit-opensearch-1/charm/./src/charm.py", line 29, in __init__
    super().__init__(*args, distro=OpenSearchSnap)  # OpenSearchTarball
  File "/var/lib/juju/agents/unit-opensearch-1/charm/lib/charms/opensearch/v0/opensearch_base_charm.py", line 197, in __init__
    self.backup = backup(self)
  File "/var/lib/juju/agents/unit-opensearch-1/charm/lib/charms/opensearch/v0/opensearch_backups.py", line 1080, in backup
    if not charm.opensearch_peer_cm.deployment_desc():
  File "/var/lib/juju/agents/unit-opensearch-1/charm/lib/charms/opensearch/v0/opensearch_peer_clusters.py", line 358, in deployment_desc
    return DeploymentDescription.from_dict(current_deployment_desc)
  File "/var/lib/juju/agents/unit-opensearch-1/charm/lib/charms/opensearch/v0/models.py", line 47, in from_dict
    return cls(**input_dict)
  File "/var/lib/juju/agents/unit-opensearch-1/charm/lib/charms/opensearch/v0/models.py", line 32, in __init__
    super().__init__(**data)
  File "/var/lib/juju/agents/unit-opensearch-1/charm/venv/pydantic/main.py", line 341, in __init__
    raise validation_error
pydantic.error_wrappers.ValidationError: 1 validation error for DeploymentDescription
app
  value is not a valid dict (type=type_error.dict)
unit-opensearch-1: 02:45:47 ERROR juju.worker.uniter.operation hook "upgrade-charm" (via hook dispatching script: dispatch) failed: exit status 1
unit-opensearch-0: 02:46:02 ERROR unit.opensearch/0.juju-log Uncaught exception while in charm code:
Traceback (most recent call last):
  File "/var/lib/juju/agents/unit-opensearch-0/charm/./src/charm.py", line 213, in <module>
    main(OpenSearchOperatorCharm)
  File "/var/lib/juju/agents/unit-opensearch-0/charm/venv/ops/main.py", line 549, in main
    manager = _Manager(charm_class, use_juju_for_storage=use_juju_for_storage)
  File "/var/lib/juju/agents/unit-opensearch-0/charm/venv/ops/main.py", line 432, in __init__
    self.charm = self._make_charm(self.framework, self.dispatcher)
  File "/var/lib/juju/agents/unit-opensearch-0/charm/venv/ops/main.py", line 435, in _make_charm
    charm = self._charm_class(framework)
  File "/var/lib/juju/agents/unit-opensearch-0/charm/./src/charm.py", line 29, in __init__
    super().__init__(*args, distro=OpenSearchSnap)  # OpenSearchTarball
  File "/var/lib/juju/agents/unit-opensearch-0/charm/lib/charms/opensearch/v0/opensearch_base_charm.py", line 197, in __init__
    self.backup = backup(self)
  File "/var/lib/juju/agents/unit-opensearch-0/charm/lib/charms/opensearch/v0/opensearch_backups.py", line 1080, in backup
    if not charm.opensearch_peer_cm.deployment_desc():
  File "/var/lib/juju/agents/unit-opensearch-0/charm/lib/charms/opensearch/v0/opensearch_peer_clusters.py", line 358, in deployment_desc
    return DeploymentDescription.from_dict(current_deployment_desc)
  File "/var/lib/juju/agents/unit-opensearch-0/charm/lib/charms/opensearch/v0/models.py", line 47, in from_dict
    return cls(**input_dict)
  File "/var/lib/juju/agents/unit-opensearch-0/charm/lib/charms/opensearch/v0/models.py", line 32, in __init__
    super().__init__(**data)
  File "/var/lib/juju/agents/unit-opensearch-0/charm/venv/pydantic/main.py", line 341, in __init__
    raise validation_error
pydantic.error_wrappers.ValidationError: 1 validation error for DeploymentDescription
app
  value is not a valid dict (type=type_error.dict)
unit-opensearch-0: 02:46:02 ERROR juju.worker.uniter.operation hook "upgrade-charm" (via hook dispatching script: dispatch) failed: exit status 1
unit-opensearch-2: 02:46:13 ERROR unit.opensearch/2.juju-log Uncaught exception while in charm code:
Traceback (most recent call last):
  File "/var/lib/juju/agents/unit-opensearch-2/charm/./src/charm.py", line 213, in <module>
    main(OpenSearchOperatorCharm)
  File "/var/lib/juju/agents/unit-opensearch-2/charm/venv/ops/main.py", line 549, in main
    manager = _Manager(charm_class, use_juju_for_storage=use_juju_for_storage)
  File "/var/lib/juju/agents/unit-opensearch-2/charm/venv/ops/main.py", line 432, in __init__
    self.charm = self._make_charm(self.framework, self.dispatcher)
  File "/var/lib/juju/agents/unit-opensearch-2/charm/venv/ops/main.py", line 435, in _make_charm
    charm = self._charm_class(framework)
  File "/var/lib/juju/agents/unit-opensearch-2/charm/./src/charm.py", line 29, in __init__
    super().__init__(*args, distro=OpenSearchSnap)  # OpenSearchTarball
  File "/var/lib/juju/agents/unit-opensearch-2/charm/lib/charms/opensearch/v0/opensearch_base_charm.py", line 197, in __init__
    self.backup = backup(self)
  File "/var/lib/juju/agents/unit-opensearch-2/charm/lib/charms/opensearch/v0/opensearch_backups.py", line 1080, in backup
    if not charm.opensearch_peer_cm.deployment_desc():
  File "/var/lib/juju/agents/unit-opensearch-2/charm/lib/charms/opensearch/v0/opensearch_peer_clusters.py", line 358, in deployment_desc
    return DeploymentDescription.from_dict(current_deployment_desc)
  File "/var/lib/juju/agents/unit-opensearch-2/charm/lib/charms/opensearch/v0/models.py", line 47, in from_dict
    return cls(**input_dict)
  File "/var/lib/juju/agents/unit-opensearch-2/charm/lib/charms/opensearch/v0/models.py", line 32, in __init__
    super().__init__(**data)
  File "/var/lib/juju/agents/unit-opensearch-2/charm/venv/pydantic/main.py", line 341, in __init__
    raise validation_error
pydantic.error_wrappers.ValidationError: 1 validation error for DeploymentDescription
app
  value is not a valid dict (type=type_error.dict)
unit-opensearch-2: 02:46:13 ERROR juju.worker.uniter.operation hook "upgrade-charm" (via hook dispatching script: dispatch) failed: exit status 1
unit-opensearch-1: 02:50:48 ERROR unit.opensearch/1.juju-log Uncaught exception while in charm code:
Traceback (most recent call last):
  File "/var/lib/juju/agents/unit-opensearch-1/charm/./src/charm.py", line 213, in <module>
    main(OpenSearchOperatorCharm)
  File "/var/lib/juju/agents/unit-opensearch-1/charm/venv/ops/main.py", line 549, in main
    manager = _Manager(charm_class, use_juju_for_storage=use_juju_for_storage)
  File "/var/lib/juju/agents/unit-opensearch-1/charm/venv/ops/main.py", line 432, in __init__
    self.charm = self._make_charm(self.framework, self.dispatcher)
  File "/var/lib/juju/agents/unit-opensearch-1/charm/venv/ops/main.py", line 435, in _make_charm
    charm = self._charm_class(framework)
  File "/var/lib/juju/agents/unit-opensearch-1/charm/./src/charm.py", line 29, in __init__
    super().__init__(*args, distro=OpenSearchSnap)  # OpenSearchTarball
  File "/var/lib/juju/agents/unit-opensearch-1/charm/lib/charms/opensearch/v0/opensearch_base_charm.py", line 197, in __init__
    self.backup = backup(self)
  File "/var/lib/juju/agents/unit-opensearch-1/charm/lib/charms/opensearch/v0/opensearch_backups.py", line 1080, in backup
    if not charm.opensearch_peer_cm.deployment_desc():
  File "/var/lib/juju/agents/unit-opensearch-1/charm/lib/charms/opensearch/v0/opensearch_peer_clusters.py", line 358, in deployment_desc
    return DeploymentDescription.from_dict(current_deployment_desc)
  File "/var/lib/juju/agents/unit-opensearch-1/charm/lib/charms/opensearch/v0/models.py", line 47, in from_dict
    return cls(**input_dict)
  File "/var/lib/juju/agents/unit-opensearch-1/charm/lib/charms/opensearch/v0/models.py", line 32, in __init__
    super().__init__(**data)
  File "/var/lib/juju/agents/unit-opensearch-1/charm/venv/pydantic/main.py", line 341, in __init__
    raise validation_error
pydantic.error_wrappers.ValidationError: 1 validation error for DeploymentDescription
app
  value is not a valid dict (type=type_error.dict)
unit-opensearch-1: 02:50:48 ERROR juju.worker.uniter.operation hook "upgrade-charm" (via hook dispatching script: dispatch) failed: exit status 1
unit-opensearch-0: 02:51:03 ERROR unit.opensearch/0.juju-log Uncaught exception while in charm code:
Traceback (most recent call last):
  File "/var/lib/juju/agents/unit-opensearch-0/charm/./src/charm.py", line 213, in <module>
    main(OpenSearchOperatorCharm)
  File "/var/lib/juju/agents/unit-opensearch-0/charm/venv/ops/main.py", line 549, in main
    manager = _Manager(charm_class, use_juju_for_storage=use_juju_for_storage)
  File "/var/lib/juju/agents/unit-opensearch-0/charm/venv/ops/main.py", line 432, in __init__
    self.charm = self._make_charm(self.framework, self.dispatcher)
  File "/var/lib/juju/agents/unit-opensearch-0/charm/venv/ops/main.py", line 435, in _make_charm
    charm = self._charm_class(framework)
  File "/var/lib/juju/agents/unit-opensearch-0/charm/./src/charm.py", line 29, in __init__
    super().__init__(*args, distro=OpenSearchSnap)  # OpenSearchTarball
  File "/var/lib/juju/agents/unit-opensearch-0/charm/lib/charms/opensearch/v0/opensearch_base_charm.py", line 197, in __init__
    self.backup = backup(self)
  File "/var/lib/juju/agents/unit-opensearch-0/charm/lib/charms/opensearch/v0/opensearch_backups.py", line 1080, in backup
    if not charm.opensearch_peer_cm.deployment_desc():
  File "/var/lib/juju/agents/unit-opensearch-0/charm/lib/charms/opensearch/v0/opensearch_peer_clusters.py", line 358, in deployment_desc
    return DeploymentDescription.from_dict(current_deployment_desc)
  File "/var/lib/juju/agents/unit-opensearch-0/charm/lib/charms/opensearch/v0/models.py", line 47, in from_dict
    return cls(**input_dict)
  File "/var/lib/juju/agents/unit-opensearch-0/charm/lib/charms/opensearch/v0/models.py", line 32, in __init__
    super().__init__(**data)
  File "/var/lib/juju/agents/unit-opensearch-0/charm/venv/pydantic/main.py", line 341, in __init__
    raise validation_error
pydantic.error_wrappers.ValidationError: 1 validation error for DeploymentDescription
app
  value is not a valid dict (type=type_error.dict)
unit-opensearch-0: 02:51:03 ERROR juju.worker.uniter.operation hook "upgrade-charm" (via hook dispatching script: dispatch) failed: exit status 1
unit-opensearch-2: 02:51:14 ERROR unit.opensearch/2.juju-log Uncaught exception while in charm code:
Traceback (most recent call last):
  File "/var/lib/juju/agents/unit-opensearch-2/charm/./src/charm.py", line 213, in <module>
    main(OpenSearchOperatorCharm)
  File "/var/lib/juju/agents/unit-opensearch-2/charm/venv/ops/main.py", line 549, in main
    manager = _Manager(charm_class, use_juju_for_storage=use_juju_for_storage)
  File "/var/lib/juju/agents/unit-opensearch-2/charm/venv/ops/main.py", line 432, in __init__
    self.charm = self._make_charm(self.framework, self.dispatcher)
  File "/var/lib/juju/agents/unit-opensearch-2/charm/venv/ops/main.py", line 435, in _make_charm
    charm = self._charm_class(framework)
  File "/var/lib/juju/agents/unit-opensearch-2/charm/./src/charm.py", line 29, in __init__
    super().__init__(*args, distro=OpenSearchSnap)  # OpenSearchTarball
  File "/var/lib/juju/agents/unit-opensearch-2/charm/lib/charms/opensearch/v0/opensearch_base_charm.py", line 197, in __init__
    self.backup = backup(self)
  File "/var/lib/juju/agents/unit-opensearch-2/charm/lib/charms/opensearch/v0/opensearch_backups.py", line 1080, in backup
    if not charm.opensearch_peer_cm.deployment_desc():
  File "/var/lib/juju/agents/unit-opensearch-2/charm/lib/charms/opensearch/v0/opensearch_peer_clusters.py", line 358, in deployment_desc
    return DeploymentDescription.from_dict(current_deployment_desc)
  File "/var/lib/juju/agents/unit-opensearch-2/charm/lib/charms/opensearch/v0/models.py", line 47, in from_dict
    return cls(**input_dict)
  File "/var/lib/juju/agents/unit-opensearch-2/charm/lib/charms/opensearch/v0/models.py", line 32, in __init__
    super().__init__(**data)
  File "/var/lib/juju/agents/unit-opensearch-2/charm/venv/pydantic/main.py", line 341, in __init__
    raise validation_error
pydantic.error_wrappers.ValidationError: 1 validation error for DeploymentDescription
app
  value is not a valid dict (type=type_error.dict)
unit-opensearch-2: 02:51:14 ERROR juju.worker.uniter.operation hook "upgrade-charm" (via hook dispatching script: dispatch) failed: exit status 1
unit-opensearch-1: 02:55:49 ERROR unit.opensearch/1.juju-log Uncaught exception while in charm code:
Traceback (most recent call last):
  File "/var/lib/juju/agents/unit-opensearch-1/charm/./src/charm.py", line 213, in <module>
    main(OpenSearchOperatorCharm)
  File "/var/lib/juju/agents/unit-opensearch-1/charm/venv/ops/main.py", line 549, in main
    manager = _Manager(charm_class, use_juju_for_storage=use_juju_for_storage)
  File "/var/lib/juju/agents/unit-opensearch-1/charm/venv/ops/main.py", line 432, in __init__
    self.charm = self._make_charm(self.framework, self.dispatcher)
  File "/var/lib/juju/agents/unit-opensearch-1/charm/venv/ops/main.py", line 435, in _make_charm
    charm = self._charm_class(framework)
  File "/var/lib/juju/agents/unit-opensearch-1/charm/./src/charm.py", line 29, in __init__
    super().__init__(*args, distro=OpenSearchSnap)  # OpenSearchTarball
  File "/var/lib/juju/agents/unit-opensearch-1/charm/lib/charms/opensearch/v0/opensearch_base_charm.py", line 197, in __init__
    self.backup = backup(self)
  File "/var/lib/juju/agents/unit-opensearch-1/charm/lib/charms/opensearch/v0/opensearch_backups.py", line 1080, in backup
    if not charm.opensearch_peer_cm.deployment_desc():
  File "/var/lib/juju/agents/unit-opensearch-1/charm/lib/charms/opensearch/v0/opensearch_peer_clusters.py", line 358, in deployment_desc
    return DeploymentDescription.from_dict(current_deployment_desc)
  File "/var/lib/juju/agents/unit-opensearch-1/charm/lib/charms/opensearch/v0/models.py", line 47, in from_dict
    return cls(**input_dict)
  File "/var/lib/juju/agents/unit-opensearch-1/charm/lib/charms/opensearch/v0/models.py", line 32, in __init__
    super().__init__(**data)
  File "/var/lib/juju/agents/unit-opensearch-1/charm/venv/pydantic/main.py", line 341, in __init__
    raise validation_error
pydantic.error_wrappers.ValidationError: 1 validation error for DeploymentDescription
app
  value is not a valid dict (type=type_error.dict)
unit-opensearch-1: 02:55:49 ERROR juju.worker.uniter.operation hook "upgrade-charm" (via hook dispatching script: dispatch) failed: exit status 1
unit-opensearch-0: 02:56:04 ERROR unit.opensearch/0.juju-log Uncaught exception while in charm code:
Traceback (most recent call last):
  File "/var/lib/juju/agents/unit-opensearch-0/charm/./src/charm.py", line 213, in <module>
    main(OpenSearchOperatorCharm)
  File "/var/lib/juju/agents/unit-opensearch-0/charm/venv/ops/main.py", line 549, in main
    manager = _Manager(charm_class, use_juju_for_storage=use_juju_for_storage)
  File "/var/lib/juju/agents/unit-opensearch-0/charm/venv/ops/main.py", line 432, in __init__
    self.charm = self._make_charm(self.framework, self.dispatcher)
  File "/var/lib/juju/agents/unit-opensearch-0/charm/venv/ops/main.py", line 435, in _make_charm
    charm = self._charm_class(framework)
  File "/var/lib/juju/agents/unit-opensearch-0/charm/./src/charm.py", line 29, in __init__
    super().__init__(*args, distro=OpenSearchSnap)  # OpenSearchTarball
  File "/var/lib/juju/agents/unit-opensearch-0/charm/lib/charms/opensearch/v0/opensearch_base_charm.py", line 197, in __init__
    self.backup = backup(self)
  File "/var/lib/juju/agents/unit-opensearch-0/charm/lib/charms/opensearch/v0/opensearch_backups.py", line 1080, in backup
    if not charm.opensearch_peer_cm.deployment_desc():
  File "/var/lib/juju/agents/unit-opensearch-0/charm/lib/charms/opensearch/v0/opensearch_peer_clusters.py", line 358, in deployment_desc
    return DeploymentDescription.from_dict(current_deployment_desc)
  File "/var/lib/juju/agents/unit-opensearch-0/charm/lib/charms/opensearch/v0/models.py", line 47, in from_dict
    return cls(**input_dict)
  File "/var/lib/juju/agents/unit-opensearch-0/charm/lib/charms/opensearch/v0/models.py", line 32, in __init__
    super().__init__(**data)
  File "/var/lib/juju/agents/unit-opensearch-0/charm/venv/pydantic/main.py", line 341, in __init__
    raise validation_error
pydantic.error_wrappers.ValidationError: 1 validation error for DeploymentDescription
app
  value is not a valid dict (type=type_error.dict)
unit-opensearch-0: 02:56:05 ERROR juju.worker.uniter.operation hook "upgrade-charm" (via hook dispatching script: dispatch) failed: exit status 1
unit-opensearch-2: 02:56:15 ERROR unit.opensearch/2.juju-log Uncaught exception while in charm code:
Traceback (most recent call last):
  File "/var/lib/juju/agents/unit-opensearch-2/charm/./src/charm.py", line 213, in <module>
    main(OpenSearchOperatorCharm)
  File "/var/lib/juju/agents/unit-opensearch-2/charm/venv/ops/main.py", line 549, in main
    manager = _Manager(charm_class, use_juju_for_storage=use_juju_for_storage)
  File "/var/lib/juju/agents/unit-opensearch-2/charm/venv/ops/main.py", line 432, in __init__
    self.charm = self._make_charm(self.framework, self.dispatcher)
  File "/var/lib/juju/agents/unit-opensearch-2/charm/venv/ops/main.py", line 435, in _make_charm
    charm = self._charm_class(framework)
  File "/var/lib/juju/agents/unit-opensearch-2/charm/./src/charm.py", line 29, in __init__
    super().__init__(*args, distro=OpenSearchSnap)  # OpenSearchTarball
  File "/var/lib/juju/agents/unit-opensearch-2/charm/lib/charms/opensearch/v0/opensearch_base_charm.py", line 197, in __init__
    self.backup = backup(self)
  File "/var/lib/juju/agents/unit-opensearch-2/charm/lib/charms/opensearch/v0/opensearch_backups.py", line 1080, in backup
    if not charm.opensearch_peer_cm.deployment_desc():
  File "/var/lib/juju/agents/unit-opensearch-2/charm/lib/charms/opensearch/v0/opensearch_peer_clusters.py", line 358, in deployment_desc
    return DeploymentDescription.from_dict(current_deployment_desc)
  File "/var/lib/juju/agents/unit-opensearch-2/charm/lib/charms/opensearch/v0/models.py", line 47, in from_dict
    return cls(**input_dict)
  File "/var/lib/juju/agents/unit-opensearch-2/charm/lib/charms/opensearch/v0/models.py", line 32, in __init__
    super().__init__(**data)
  File "/var/lib/juju/agents/unit-opensearch-2/charm/venv/pydantic/main.py", line 341, in __init__
    raise validation_error
pydantic.error_wrappers.ValidationError: 1 validation error for DeploymentDescription
app
  value is not a valid dict (type=type_error.dict)
unit-opensearch-2: 02:56:15 ERROR juju.worker.uniter.operation hook "upgrade-charm" (via hook dispatching script: dispatch) failed: exit status 1
unit-opensearch-1: 03:00:50 ERROR unit.opensearch/1.juju-log Uncaught exception while in charm code:
Traceback (most recent call last):
  File "/var/lib/juju/agents/unit-opensearch-1/charm/./src/charm.py", line 213, in <module>
    main(OpenSearchOperatorCharm)
  File "/var/lib/juju/agents/unit-opensearch-1/charm/venv/ops/main.py", line 549, in main
    manager = _Manager(charm_class, use_juju_for_storage=use_juju_for_storage)
  File "/var/lib/juju/agents/unit-opensearch-1/charm/venv/ops/main.py", line 432, in __init__
    self.charm = self._make_charm(self.framework, self.dispatcher)
  File "/var/lib/juju/agents/unit-opensearch-1/charm/venv/ops/main.py", line 435, in _make_charm
    charm = self._charm_class(framework)
  File "/var/lib/juju/agents/unit-opensearch-1/charm/./src/charm.py", line 29, in __init__
    super().__init__(*args, distro=OpenSearchSnap)  # OpenSearchTarball
  File "/var/lib/juju/agents/unit-opensearch-1/charm/lib/charms/opensearch/v0/opensearch_base_charm.py", line 197, in __init__
    self.backup = backup(self)
  File "/var/lib/juju/agents/unit-opensearch-1/charm/lib/charms/opensearch/v0/opensearch_backups.py", line 1080, in backup
    if not charm.opensearch_peer_cm.deployment_desc():
  File "/var/lib/juju/agents/unit-opensearch-1/charm/lib/charms/opensearch/v0/opensearch_peer_clusters.py", line 358, in deployment_desc
    return DeploymentDescription.from_dict(current_deployment_desc)
  File "/var/lib/juju/agents/unit-opensearch-1/charm/lib/charms/opensearch/v0/models.py", line 47, in from_dict
    return cls(**input_dict)
  File "/var/lib/juju/agents/unit-opensearch-1/charm/lib/charms/opensearch/v0/models.py", line 32, in __init__
    super().__init__(**data)
  File "/var/lib/juju/agents/unit-opensearch-1/charm/venv/pydantic/main.py", line 341, in __init__
    raise validation_error
pydantic.error_wrappers.ValidationError: 1 validation error for DeploymentDescription
app
  value is not a valid dict (type=type_error.dict)
unit-opensearch-1: 03:00:51 ERROR juju.worker.uniter.operation hook "upgrade-charm" (via hook dispatching script: dispatch) failed: exit status 1
unit-opensearch-0: 03:01:05 ERROR unit.opensearch/0.juju-log Uncaught exception while in charm code:
Traceback (most recent call last):
  File "/var/lib/juju/agents/unit-opensearch-0/charm/./src/charm.py", line 213, in <module>
    main(OpenSearchOperatorCharm)
  File "/var/lib/juju/agents/unit-opensearch-0/charm/venv/ops/main.py", line 549, in main
    manager = _Manager(charm_class, use_juju_for_storage=use_juju_for_storage)
  File "/var/lib/juju/agents/unit-opensearch-0/charm/venv/ops/main.py", line 432, in __init__
    self.charm = self._make_charm(self.framework, self.dispatcher)
  File "/var/lib/juju/agents/unit-opensearch-0/charm/venv/ops/main.py", line 435, in _make_charm
    charm = self._charm_class(framework)
  File "/var/lib/juju/agents/unit-opensearch-0/charm/./src/charm.py", line 29, in __init__
    super().__init__(*args, distro=OpenSearchSnap)  # OpenSearchTarball
  File "/var/lib/juju/agents/unit-opensearch-0/charm/lib/charms/opensearch/v0/opensearch_base_charm.py", line 197, in __init__
    self.backup = backup(self)
  File "/var/lib/juju/agents/unit-opensearch-0/charm/lib/charms/opensearch/v0/opensearch_backups.py", line 1080, in backup
    if not charm.opensearch_peer_cm.deployment_desc():
  File "/var/lib/juju/agents/unit-opensearch-0/charm/lib/charms/opensearch/v0/opensearch_peer_clusters.py", line 358, in deployment_desc
    return DeploymentDescription.from_dict(current_deployment_desc)
  File "/var/lib/juju/agents/unit-opensearch-0/charm/lib/charms/opensearch/v0/models.py", line 47, in from_dict
    return cls(**input_dict)
  File "/var/lib/juju/agents/unit-opensearch-0/charm/lib/charms/opensearch/v0/models.py", line 32, in __init__
    super().__init__(**data)
  File "/var/lib/juju/agents/unit-opensearch-0/charm/venv/pydantic/main.py", line 341, in __init__
    raise validation_error
pydantic.error_wrappers.ValidationError: 1 validation error for DeploymentDescription
app
  value is not a valid dict (type=type_error.dict)
unit-opensearch-0: 03:01:06 ERROR juju.worker.uniter.operation hook "upgrade-charm" (via hook dispatching script: dispatch) failed: exit status 1
unit-opensearch-2: 03:01:16 ERROR unit.opensearch/2.juju-log Uncaught exception while in charm code:
Traceback (most recent call last):
  File "/var/lib/juju/agents/unit-opensearch-2/charm/./src/charm.py", line 213, in <module>
    main(OpenSearchOperatorCharm)
  File "/var/lib/juju/agents/unit-opensearch-2/charm/venv/ops/main.py", line 549, in main
    manager = _Manager(charm_class, use_juju_for_storage=use_juju_for_storage)
  File "/var/lib/juju/agents/unit-opensearch-2/charm/venv/ops/main.py", line 432, in __init__
    self.charm = self._make_charm(self.framework, self.dispatcher)
  File "/var/lib/juju/agents/unit-opensearch-2/charm/venv/ops/main.py", line 435, in _make_charm
    charm = self._charm_class(framework)
  File "/var/lib/juju/agents/unit-opensearch-2/charm/./src/charm.py", line 29, in __init__
    super().__init__(*args, distro=OpenSearchSnap)  # OpenSearchTarball
  File "/var/lib/juju/agents/unit-opensearch-2/charm/lib/charms/opensearch/v0/opensearch_base_charm.py", line 197, in __init__
    self.backup = backup(self)
  File "/var/lib/juju/agents/unit-opensearch-2/charm/lib/charms/opensearch/v0/opensearch_backups.py", line 1080, in backup
    if not charm.opensearch_peer_cm.deployment_desc():
  File "/var/lib/juju/agents/unit-opensearch-2/charm/lib/charms/opensearch/v0/opensearch_peer_clusters.py", line 358, in deployment_desc
    return DeploymentDescription.from_dict(current_deployment_desc)
  File "/var/lib/juju/agents/unit-opensearch-2/charm/lib/charms/opensearch/v0/models.py", line 47, in from_dict
    return cls(**input_dict)
  File "/var/lib/juju/agents/unit-opensearch-2/charm/lib/charms/opensearch/v0/models.py", line 32, in __init__
    super().__init__(**data)
  File "/var/lib/juju/agents/unit-opensearch-2/charm/venv/pydantic/main.py", line 341, in __init__
    raise validation_error
pydantic.error_wrappers.ValidationError: 1 validation error for DeploymentDescription
app
  value is not a valid dict (type=type_error.dict)
unit-opensearch-2: 03:01:16 ERROR juju.worker.uniter.operation hook "upgrade-charm" (via hook dispatching script: dispatch) failed: exit status 1
unit-opensearch-1: 03:05:52 ERROR unit.opensearch/1.juju-log Uncaught exception while in charm code:
Traceback (most recent call last):
  File "/var/lib/juju/agents/unit-opensearch-1/charm/./src/charm.py", line 213, in <module>
    main(OpenSearchOperatorCharm)
  File "/var/lib/juju/agents/unit-opensearch-1/charm/venv/ops/main.py", line 549, in main
    manager = _Manager(charm_class, use_juju_for_storage=use_juju_for_storage)
  File "/var/lib/juju/agents/unit-opensearch-1/charm/venv/ops/main.py", line 432, in __init__
    self.charm = self._make_charm(self.framework, self.dispatcher)
  File "/var/lib/juju/agents/unit-opensearch-1/charm/venv/ops/main.py", line 435, in _make_charm
    charm = self._charm_class(framework)
  File "/var/lib/juju/agents/unit-opensearch-1/charm/./src/charm.py", line 29, in __init__
    super().__init__(*args, distro=OpenSearchSnap)  # OpenSearchTarball
  File "/var/lib/juju/agents/unit-opensearch-1/charm/lib/charms/opensearch/v0/opensearch_base_charm.py", line 197, in __init__
    self.backup = backup(self)
  File "/var/lib/juju/agents/unit-opensearch-1/charm/lib/charms/opensearch/v0/opensearch_backups.py", line 1080, in backup
    if not charm.opensearch_peer_cm.deployment_desc():
  File "/var/lib/juju/agents/unit-opensearch-1/charm/lib/charms/opensearch/v0/opensearch_peer_clusters.py", line 358, in deployment_desc
    return DeploymentDescription.from_dict(current_deployment_desc)
  File "/var/lib/juju/agents/unit-opensearch-1/charm/lib/charms/opensearch/v0/models.py", line 47, in from_dict
    return cls(**input_dict)
  File "/var/lib/juju/agents/unit-opensearch-1/charm/lib/charms/opensearch/v0/models.py", line 32, in __init__
    super().__init__(**data)
  File "/var/lib/juju/agents/unit-opensearch-1/charm/venv/pydantic/main.py", line 341, in __init__
    raise validation_error
pydantic.error_wrappers.ValidationError: 1 validation error for DeploymentDescription
app
  value is not a valid dict (type=type_error.dict)
unit-opensearch-1: 03:05:52 ERROR juju.worker.uniter.operation hook "upgrade-charm" (via hook dispatching script: dispatch) failed: exit status 1
unit-opensearch-0: 03:06:07 ERROR unit.opensearch/0.juju-log Uncaught exception while in charm code:
Traceback (most recent call last):
  File "/var/lib/juju/agents/unit-opensearch-0/charm/./src/charm.py", line 213, in <module>
    main(OpenSearchOperatorCharm)
  File "/var/lib/juju/agents/unit-opensearch-0/charm/venv/ops/main.py", line 549, in main
    manager = _Manager(charm_class, use_juju_for_storage=use_juju_for_storage)
  File "/var/lib/juju/agents/unit-opensearch-0/charm/venv/ops/main.py", line 432, in __init__
    self.charm = self._make_charm(self.framework, self.dispatcher)
  File "/var/lib/juju/agents/unit-opensearch-0/charm/venv/ops/main.py", line 435, in _make_charm
    charm = self._charm_class(framework)
  File "/var/lib/juju/agents/unit-opensearch-0/charm/./src/charm.py", line 29, in __init__
    super().__init__(*args, distro=OpenSearchSnap)  # OpenSearchTarball
  File "/var/lib/juju/agents/unit-opensearch-0/charm/lib/charms/opensearch/v0/opensearch_base_charm.py", line 197, in __init__
    self.backup = backup(self)
  File "/var/lib/juju/agents/unit-opensearch-0/charm/lib/charms/opensearch/v0/opensearch_backups.py", line 1080, in backup
    if not charm.opensearch_peer_cm.deployment_desc():
  File "/var/lib/juju/agents/unit-opensearch-0/charm/lib/charms/opensearch/v0/opensearch_peer_clusters.py", line 358, in deployment_desc
    return DeploymentDescription.from_dict(current_deployment_desc)
  File "/var/lib/juju/agents/unit-opensearch-0/charm/lib/charms/opensearch/v0/models.py", line 47, in from_dict
    return cls(**input_dict)
  File "/var/lib/juju/agents/unit-opensearch-0/charm/lib/charms/opensearch/v0/models.py", line 32, in __init__
    super().__init__(**data)
  File "/var/lib/juju/agents/unit-opensearch-0/charm/venv/pydantic/main.py", line 341, in __init__
    raise validation_error
pydantic.error_wrappers.ValidationError: 1 validation error for DeploymentDescription
app
  value is not a valid dict (type=type_error.dict)
unit-opensearch-0: 03:06:07 ERROR juju.worker.uniter.operation hook "upgrade-charm" (via hook dispatching script: dispatch) failed: exit status 1
unit-opensearch-2: 03:06:17 ERROR unit.opensearch/2.juju-log Uncaught exception while in charm code:
Traceback (most recent call last):
  File "/var/lib/juju/agents/unit-opensearch-2/charm/./src/charm.py", line 213, in <module>
    main(OpenSearchOperatorCharm)
  File "/var/lib/juju/agents/unit-opensearch-2/charm/venv/ops/main.py", line 549, in main
    manager = _Manager(charm_class, use_juju_for_storage=use_juju_for_storage)
  File "/var/lib/juju/agents/unit-opensearch-2/charm/venv/ops/main.py", line 432, in __init__
    self.charm = self._make_charm(self.framework, self.dispatcher)
  File "/var/lib/juju/agents/unit-opensearch-2/charm/venv/ops/main.py", line 435, in _make_charm
    charm = self._charm_class(framework)
  File "/var/lib/juju/agents/unit-opensearch-2/charm/./src/charm.py", line 29, in __init__
    super().__init__(*args, distro=OpenSearchSnap)  # OpenSearchTarball
  File "/var/lib/juju/agents/unit-opensearch-2/charm/lib/charms/opensearch/v0/opensearch_base_charm.py", line 197, in __init__
    self.backup = backup(self)
  File "/var/lib/juju/agents/unit-opensearch-2/charm/lib/charms/opensearch/v0/opensearch_backups.py", line 1080, in backup
    if not charm.opensearch_peer_cm.deployment_desc():
  File "/var/lib/juju/agents/unit-opensearch-2/charm/lib/charms/opensearch/v0/opensearch_peer_clusters.py", line 358, in deployment_desc
    return DeploymentDescription.from_dict(current_deployment_desc)
  File "/var/lib/juju/agents/unit-opensearch-2/charm/lib/charms/opensearch/v0/models.py", line 47, in from_dict
    return cls(**input_dict)
  File "/var/lib/juju/agents/unit-opensearch-2/charm/lib/charms/opensearch/v0/models.py", line 32, in __init__
    super().__init__(**data)
  File "/var/lib/juju/agents/unit-opensearch-2/charm/venv/pydantic/main.py", line 341, in __init__
    raise validation_error
pydantic.error_wrappers.ValidationError: 1 validation error for DeploymentDescription
app
  value is not a valid dict (type=type_error.dict)
unit-opensearch-2: 03:06:17 ERROR juju.worker.uniter.operation hook "upgrade-charm" (via hook dispatching script: dispatch) failed: exit status 1
unit-opensearch-1: 03:10:53 ERROR unit.opensearch/1.juju-log Uncaught exception while in charm code:
Traceback (most recent call last):
  File "/var/lib/juju/agents/unit-opensearch-1/charm/./src/charm.py", line 213, in <module>
    main(OpenSearchOperatorCharm)
  File "/var/lib/juju/agents/unit-opensearch-1/charm/venv/ops/main.py", line 549, in main
    manager = _Manager(charm_class, use_juju_for_storage=use_juju_for_storage)
  File "/var/lib/juju/agents/unit-opensearch-1/charm/venv/ops/main.py", line 432, in __init__
    self.charm = self._make_charm(self.framework, self.dispatcher)
  File "/var/lib/juju/agents/unit-opensearch-1/charm/venv/ops/main.py", line 435, in _make_charm
    charm = self._charm_class(framework)
  File "/var/lib/juju/agents/unit-opensearch-1/charm/./src/charm.py", line 29, in __init__
    super().__init__(*args, distro=OpenSearchSnap)  # OpenSearchTarball
  File "/var/lib/juju/agents/unit-opensearch-1/charm/lib/charms/opensearch/v0/opensearch_base_charm.py", line 197, in __init__
    self.backup = backup(self)
  File "/var/lib/juju/agents/unit-opensearch-1/charm/lib/charms/opensearch/v0/opensearch_backups.py", line 1080, in backup
    if not charm.opensearch_peer_cm.deployment_desc():
  File "/var/lib/juju/agents/unit-opensearch-1/charm/lib/charms/opensearch/v0/opensearch_peer_clusters.py", line 358, in deployment_desc
    return DeploymentDescription.from_dict(current_deployment_desc)
  File "/var/lib/juju/agents/unit-opensearch-1/charm/lib/charms/opensearch/v0/models.py", line 47, in from_dict
    return cls(**input_dict)
  File "/var/lib/juju/agents/unit-opensearch-1/charm/lib/charms/opensearch/v0/models.py", line 32, in __init__
    super().__init__(**data)
  File "/var/lib/juju/agents/unit-opensearch-1/charm/venv/pydantic/main.py", line 341, in __init__
    raise validation_error
pydantic.error_wrappers.ValidationError: 1 validation error for DeploymentDescription
app
  value is not a valid dict (type=type_error.dict)
unit-opensearch-1: 03:10:53 ERROR juju.worker.uniter.operation hook "upgrade-charm" (via hook dispatching script: dispatch) failed: exit status 1
unit-opensearch-0: 03:11:08 ERROR unit.opensearch/0.juju-log Uncaught exception while in charm code:
Traceback (most recent call last):
  File "/var/lib/juju/agents/unit-opensearch-0/charm/./src/charm.py", line 213, in <module>
    main(OpenSearchOperatorCharm)
  File "/var/lib/juju/agents/unit-opensearch-0/charm/venv/ops/main.py", line 549, in main
    manager = _Manager(charm_class, use_juju_for_storage=use_juju_for_storage)
  File "/var/lib/juju/agents/unit-opensearch-0/charm/venv/ops/main.py", line 432, in __init__
    self.charm = self._make_charm(self.framework, self.dispatcher)
  File "/var/lib/juju/agents/unit-opensearch-0/charm/venv/ops/main.py", line 435, in _make_charm
    charm = self._charm_class(framework)
  File "/var/lib/juju/agents/unit-opensearch-0/charm/./src/charm.py", line 29, in __init__
    super().__init__(*args, distro=OpenSearchSnap)  # OpenSearchTarball
  File "/var/lib/juju/agents/unit-opensearch-0/charm/lib/charms/opensearch/v0/opensearch_base_charm.py", line 197, in __init__
    self.backup = backup(self)
  File "/var/lib/juju/agents/unit-opensearch-0/charm/lib/charms/opensearch/v0/opensearch_backups.py", line 1080, in backup
    if not charm.opensearch_peer_cm.deployment_desc():
  File "/var/lib/juju/agents/unit-opensearch-0/charm/lib/charms/opensearch/v0/opensearch_peer_clusters.py", line 358, in deployment_desc
    return DeploymentDescription.from_dict(current_deployment_desc)
  File "/var/lib/juju/agents/unit-opensearch-0/charm/lib/charms/opensearch/v0/models.py", line 47, in from_dict
    return cls(**input_dict)
  File "/var/lib/juju/agents/unit-opensearch-0/charm/lib/charms/opensearch/v0/models.py", line 32, in __init__
    super().__init__(**data)
  File "/var/lib/juju/agents/unit-opensearch-0/charm/venv/pydantic/main.py", line 341, in __init__
    raise validation_error
pydantic.error_wrappers.ValidationError: 1 validation error for DeploymentDescription
app
  value is not a valid dict (type=type_error.dict)
unit-opensearch-0: 03:11:08 ERROR juju.worker.uniter.operation hook "upgrade-charm" (via hook dispatching script: dispatch) failed: exit status 1
unit-opensearch-2: 03:11:18 ERROR unit.opensearch/2.juju-log Uncaught exception while in charm code:
Traceback (most recent call last):
  File "/var/lib/juju/agents/unit-opensearch-2/charm/./src/charm.py", line 213, in <module>
    main(OpenSearchOperatorCharm)
  File "/var/lib/juju/agents/unit-opensearch-2/charm/venv/ops/main.py", line 549, in main
    manager = _Manager(charm_class, use_juju_for_storage=use_juju_for_storage)
  File "/var/lib/juju/agents/unit-opensearch-2/charm/venv/ops/main.py", line 432, in __init__
    self.charm = self._make_charm(self.framework, self.dispatcher)
  File "/var/lib/juju/agents/unit-opensearch-2/charm/venv/ops/main.py", line 435, in _make_charm
    charm = self._charm_class(framework)
  File "/var/lib/juju/agents/unit-opensearch-2/charm/./src/charm.py", line 29, in __init__
    super().__init__(*args, distro=OpenSearchSnap)  # OpenSearchTarball
  File "/var/lib/juju/agents/unit-opensearch-2/charm/lib/charms/opensearch/v0/opensearch_base_charm.py", line 197, in __init__
    self.backup = backup(self)
  File "/var/lib/juju/agents/unit-opensearch-2/charm/lib/charms/opensearch/v0/opensearch_backups.py", line 1080, in backup
    if not charm.opensearch_peer_cm.deployment_desc():
  File "/var/lib/juju/agents/unit-opensearch-2/charm/lib/charms/opensearch/v0/opensearch_peer_clusters.py", line 358, in deployment_desc
    return DeploymentDescription.from_dict(current_deployment_desc)
  File "/var/lib/juju/agents/unit-opensearch-2/charm/lib/charms/opensearch/v0/models.py", line 47, in from_dict
    return cls(**input_dict)
  File "/var/lib/juju/agents/unit-opensearch-2/charm/lib/charms/opensearch/v0/models.py", line 32, in __init__
    super().__init__(**data)
  File "/var/lib/juju/agents/unit-opensearch-2/charm/venv/pydantic/main.py", line 341, in __init__
    raise validation_error
pydantic.error_wrappers.ValidationError: 1 validation error for DeploymentDescription
app
  value is not a valid dict (type=type_error.dict)
unit-opensearch-2: 03:11:18 ERROR juju.worker.uniter.operation hook "upgrade-charm" (via hook dispatching script: dispatch) failed: exit status 1
unit-opensearch-1: 03:15:54 ERROR unit.opensearch/1.juju-log Uncaught exception while in charm code:
Traceback (most recent call last):
  File "/var/lib/juju/agents/unit-opensearch-1/charm/./src/charm.py", line 213, in <module>
    main(OpenSearchOperatorCharm)
  File "/var/lib/juju/agents/unit-opensearch-1/charm/venv/ops/main.py", line 549, in main
    manager = _Manager(charm_class, use_juju_for_storage=use_juju_for_storage)
  File "/var/lib/juju/agents/unit-opensearch-1/charm/venv/ops/main.py", line 432, in __init__
    self.charm = self._make_charm(self.framework, self.dispatcher)
  File "/var/lib/juju/agents/unit-opensearch-1/charm/venv/ops/main.py", line 435, in _make_charm
    charm = self._charm_class(framework)
  File "/var/lib/juju/agents/unit-opensearch-1/charm/./src/charm.py", line 29, in __init__
    super().__init__(*args, distro=OpenSearchSnap)  # OpenSearchTarball
  File "/var/lib/juju/agents/unit-opensearch-1/charm/lib/charms/opensearch/v0/opensearch_base_charm.py", line 197, in __init__
    self.backup = backup(self)
  File "/var/lib/juju/agents/unit-opensearch-1/charm/lib/charms/opensearch/v0/opensearch_backups.py", line 1080, in backup
    if not charm.opensearch_peer_cm.deployment_desc():
  File "/var/lib/juju/agents/unit-opensearch-1/charm/lib/charms/opensearch/v0/opensearch_peer_clusters.py", line 358, in deployment_desc
    return DeploymentDescription.from_dict(current_deployment_desc)
  File "/var/lib/juju/agents/unit-opensearch-1/charm/lib/charms/opensearch/v0/models.py", line 47, in from_dict
    return cls(**input_dict)
  File "/var/lib/juju/agents/unit-opensearch-1/charm/lib/charms/opensearch/v0/models.py", line 32, in __init__
    super().__init__(**data)
  File "/var/lib/juju/agents/unit-opensearch-1/charm/venv/pydantic/main.py", line 341, in __init__
    raise validation_error
pydantic.error_wrappers.ValidationError: 1 validation error for DeploymentDescription
app
  value is not a valid dict (type=type_error.dict)
unit-opensearch-1: 03:15:54 ERROR juju.worker.uniter.operation hook "upgrade-charm" (via hook dispatching script: dispatch) failed: exit status 1
unit-opensearch-0: 03:16:09 ERROR unit.opensearch/0.juju-log Uncaught exception while in charm code:
Traceback (most recent call last):
  File "/var/lib/juju/agents/unit-opensearch-0/charm/./src/charm.py", line 213, in <module>
    main(OpenSearchOperatorCharm)
  File "/var/lib/juju/agents/unit-opensearch-0/charm/venv/ops/main.py", line 549, in main
    manager = _Manager(charm_class, use_juju_for_storage=use_juju_for_storage)
  File "/var/lib/juju/agents/unit-opensearch-0/charm/venv/ops/main.py", line 432, in __init__
    self.charm = self._make_charm(self.framework, self.dispatcher)
  File "/var/lib/juju/agents/unit-opensearch-0/charm/venv/ops/main.py", line 435, in _make_charm
    charm = self._charm_class(framework)
  File "/var/lib/juju/agents/unit-opensearch-0/charm/./src/charm.py", line 29, in __init__
    super().__init__(*args, distro=OpenSearchSnap)  # OpenSearchTarball
  File "/var/lib/juju/agents/unit-opensearch-0/charm/lib/charms/opensearch/v0/opensearch_base_charm.py", line 197, in __init__
    self.backup = backup(self)
  File "/var/lib/juju/agents/unit-opensearch-0/charm/lib/charms/opensearch/v0/opensearch_backups.py", line 1080, in backup
    if not charm.opensearch_peer_cm.deployment_desc():
  File "/var/lib/juju/agents/unit-opensearch-0/charm/lib/charms/opensearch/v0/opensearch_peer_clusters.py", line 358, in deployment_desc
    return DeploymentDescription.from_dict(current_deployment_desc)
  File "/var/lib/juju/agents/unit-opensearch-0/charm/lib/charms/opensearch/v0/models.py", line 47, in from_dict
    return cls(**input_dict)
  File "/var/lib/juju/agents/unit-opensearch-0/charm/lib/charms/opensearch/v0/models.py", line 32, in __init__
    super().__init__(**data)
  File "/var/lib/juju/agents/unit-opensearch-0/charm/venv/pydantic/main.py", line 341, in __init__
    raise validation_error
pydantic.error_wrappers.ValidationError: 1 validation error for DeploymentDescription
app
  value is not a valid dict (type=type_error.dict)
unit-opensearch-0: 03:16:09 ERROR juju.worker.uniter.operation hook "upgrade-charm" (via hook dispatching script: dispatch) failed: exit status 1
unit-opensearch-2: 03:16:19 ERROR unit.opensearch/2.juju-log Uncaught exception while in charm code:
Traceback (most recent call last):
  File "/var/lib/juju/agents/unit-opensearch-2/charm/./src/charm.py", line 213, in <module>
    main(OpenSearchOperatorCharm)
  File "/var/lib/juju/agents/unit-opensearch-2/charm/venv/ops/main.py", line 549, in main
    manager = _Manager(charm_class, use_juju_for_storage=use_juju_for_storage)
  File "/var/lib/juju/agents/unit-opensearch-2/charm/venv/ops/main.py", line 432, in __init__
    self.charm = self._make_charm(self.framework, self.dispatcher)
  File "/var/lib/juju/agents/unit-opensearch-2/charm/venv/ops/main.py", line 435, in _make_charm
    charm = self._charm_class(framework)
  File "/var/lib/juju/agents/unit-opensearch-2/charm/./src/charm.py", line 29, in __init__
    super().__init__(*args, distro=OpenSearchSnap)  # OpenSearchTarball
  File "/var/lib/juju/agents/unit-opensearch-2/charm/lib/charms/opensearch/v0/opensearch_base_charm.py", line 197, in __init__
    self.backup = backup(self)
  File "/var/lib/juju/agents/unit-opensearch-2/charm/lib/charms/opensearch/v0/opensearch_backups.py", line 1080, in backup
    if not charm.opensearch_peer_cm.deployment_desc():
  File "/var/lib/juju/agents/unit-opensearch-2/charm/lib/charms/opensearch/v0/opensearch_peer_clusters.py", line 358, in deployment_desc
    return DeploymentDescription.from_dict(current_deployment_desc)
  File "/var/lib/juju/agents/unit-opensearch-2/charm/lib/charms/opensearch/v0/models.py", line 47, in from_dict
    return cls(**input_dict)
  File "/var/lib/juju/agents/unit-opensearch-2/charm/lib/charms/opensearch/v0/models.py", line 32, in __init__
    super().__init__(**data)
  File "/var/lib/juju/agents/unit-opensearch-2/charm/venv/pydantic/main.py", line 341, in __init__
    raise validation_error
pydantic.error_wrappers.ValidationError: 1 validation error for DeploymentDescription
app
  value is not a valid dict (type=type_error.dict)
unit-opensearch-2: 03:16:20 ERROR juju.worker.uniter.operation hook "upgrade-charm" (via hook dispatching script: dispatch) failed: exit status 1

[32mINFO    [0m pytest_operator.plugin:plugin.py:947 Forgetting model main...